{"uid":"149e7cf2807c951","name":"Forgot Password with invalid email test","fullName":"tests.test_forgot_password.TestForgotPassword#test_invalid_email","historyId":"3743e16c5d15da2a1434ee4e2dd39a43","time":{"start":1699232791823,"stop":1699232802171,"duration":10348},"description":"Forgot Password with invalid email address","descriptionHtml":"<p>Forgot Password with invalid email address</p>\n","status":"broken","statusMessage":"selenium.common.exceptions.TimeoutException: Message: \nStacktrace:\n#0 0x562366df5fb3 <unknown>\n#1 0x562366ac94a7 <unknown>\n#2 0x562366b10dd6 <unknown>\n#3 0x562366b10ec1 <unknown>\n#4 0x562366b4e354 <unknown>\n#5 0x562366b3296d <unknown>\n#6 0x562366b4bc02 <unknown>\n#7 0x562366b32713 <unknown>\n#8 0x562366b0518b <unknown>\n#9 0x562366b05f7e <unknown>\n#10 0x562366dbb8d8 <unknown>\n#11 0x562366dbf800 <unknown>\n#12 0x562366dc9cfc <unknown>\n#13 0x562366dc0418 <unknown>\n#14 0x562366d8d42f <unknown>\n#15 0x562366de44e8 <unknown>\n#16 0x562366de46b4 <unknown>\n#17 0x562366df5143 <unknown>\n#18 0x7f8ef3c94ac3 <unknown>","statusTrace":"self = <tests.test_forgot_password.TestForgotPassword object at 0x7f928b977cd0>\nexcel_reader = <utils.excel_parser.ExcelParser object at 0x7f9289a06e90>\njson_data = {'forgot_password': {'error_message': \"We can't find a user with that e-mail address.\", 'success_message': 'A reset li...you page', 'name': 'test', 'new_name': 'another test', 'no_project_found_msg': 'No project matches the criteria', ...}}\n\n    @allure.description(\"Forgot Password with invalid email address\")\n    @allure.title(\"Forgot Password with invalid email test\")\n    def test_invalid_email(self, excel_reader, json_data: dict):\n        emails = excel_reader.read_from_excel(\"Emails\")\n>       self.about_page.click_login_link()\n\ntests/test_forgot_password.py:31: \n_ _ _ _ _ _ _ _ _ _ _ _ _ _ _ _ _ _ _ _ _ _ _ _ _ _ _ _ _ _ _ _ _ _ _ _ _ _ _ _ \npages/about_page.py:20: in click_login_link\n    self.click(self.LOGIN_LINK)\npages/base_page.py:38: in click\n    el: WebElement = self.wait.until(\n_ _ _ _ _ _ _ _ _ _ _ _ _ _ _ _ _ _ _ _ _ _ _ _ _ _ _ _ _ _ _ _ _ _ _ _ _ _ _ _ \n\nself = <selenium.webdriver.support.wait.WebDriverWait (session=\"0884b6947ad4553aa55c29d310cede8d\")>\nmethod = <function element_to_be_clickable.<locals>._predicate at 0x7f9289a55440>\nmessage = ''\n\n    def until(self, method, message: str = \"\"):\n        \"\"\"Calls the method provided with the driver as an argument until the \\\n        return value does not evaluate to ``False``.\n    \n        :param method: callable(WebDriver)\n        :param message: optional message for :exc:`TimeoutException`\n        :returns: the result of the last call to `method`\n        :raises: :exc:`selenium.common.exceptions.TimeoutException` if timeout occurs\n        \"\"\"\n        screen = None\n        stacktrace = None\n    \n        end_time = time.monotonic() + self._timeout\n        while True:\n            try:\n                value = method(self._driver)\n                if value:\n                    return value\n            except self._ignored_exceptions as exc:\n                screen = getattr(exc, \"screen\", None)\n                stacktrace = getattr(exc, \"stacktrace\", None)\n            time.sleep(self._poll)\n            if time.monotonic() > end_time:\n                break\n>       raise TimeoutException(message, screen, stacktrace)\nE       selenium.common.exceptions.TimeoutException: Message: \nE       Stacktrace:\nE       #0 0x562366df5fb3 <unknown>\nE       #1 0x562366ac94a7 <unknown>\nE       #2 0x562366b10dd6 <unknown>\nE       #3 0x562366b10ec1 <unknown>\nE       #4 0x562366b4e354 <unknown>\nE       #5 0x562366b3296d <unknown>\nE       #6 0x562366b4bc02 <unknown>\nE       #7 0x562366b32713 <unknown>\nE       #8 0x562366b0518b <unknown>\nE       #9 0x562366b05f7e <unknown>\nE       #10 0x562366dbb8d8 <unknown>\nE       #11 0x562366dbf800 <unknown>\nE       #12 0x562366dc9cfc <unknown>\nE       #13 0x562366dc0418 <unknown>\nE       #14 0x562366d8d42f <unknown>\nE       #15 0x562366de44e8 <unknown>\nE       #16 0x562366de46b4 <unknown>\nE       #17 0x562366df5143 <unknown>\nE       #18 0x7f8ef3c94ac3 <unknown>\n\n.venv/lib/python3.11/site-packages/selenium/webdriver/support/wait.py:95: TimeoutException","flaky":false,"newFailed":false,"newBroken":false,"newPassed":false,"retriesCount":0,"retriesStatusChange":false,"beforeStages":[{"name":"_verify_url","time":{"start":1699232613683,"stop":1699232613683,"duration":0},"status":"passed","steps":[],"attachments":[],"parameters":[],"shouldDisplayMessage":false,"stepsCount":0,"attachmentsCount":0,"hasContent":false},{"name":"base_url","time":{"start":1699232613683,"stop":1699232613683,"duration":0},"status":"passed","steps":[],"attachments":[],"parameters":[],"shouldDisplayMessage":false,"stepsCount":0,"attachmentsCount":0,"hasContent":false},{"name":"json_data","time":{"start":1699232613684,"stop":1699232613684,"duration":0},"status":"passed","steps":[],"attachments":[],"parameters":[],"shouldDisplayMessage":false,"stepsCount":0,"attachmentsCount":0,"hasContent":false},{"name":"excel_reader","time":{"start":1699232791823,"stop":1699232791823,"duration":0},"status":"passed","steps":[],"attachments":[],"parameters":[],"shouldDisplayMessage":false,"stepsCount":0,"attachmentsCount":0,"hasContent":false}],"testStage":{"description":"Forgot Password with invalid email address","status":"broken","statusMessage":"selenium.common.exceptions.TimeoutException: Message: \nStacktrace:\n#0 0x562366df5fb3 <unknown>\n#1 0x562366ac94a7 <unknown>\n#2 0x562366b10dd6 <unknown>\n#3 0x562366b10ec1 <unknown>\n#4 0x562366b4e354 <unknown>\n#5 0x562366b3296d <unknown>\n#6 0x562366b4bc02 <unknown>\n#7 0x562366b32713 <unknown>\n#8 0x562366b0518b <unknown>\n#9 0x562366b05f7e <unknown>\n#10 0x562366dbb8d8 <unknown>\n#11 0x562366dbf800 <unknown>\n#12 0x562366dc9cfc <unknown>\n#13 0x562366dc0418 <unknown>\n#14 0x562366d8d42f <unknown>\n#15 0x562366de44e8 <unknown>\n#16 0x562366de46b4 <unknown>\n#17 0x562366df5143 <unknown>\n#18 0x7f8ef3c94ac3 <unknown>","statusTrace":"self = <tests.test_forgot_password.TestForgotPassword object at 0x7f928b977cd0>\nexcel_reader = <utils.excel_parser.ExcelParser object at 0x7f9289a06e90>\njson_data = {'forgot_password': {'error_message': \"We can't find a user with that e-mail address.\", 'success_message': 'A reset li...you page', 'name': 'test', 'new_name': 'another test', 'no_project_found_msg': 'No project matches the criteria', ...}}\n\n    @allure.description(\"Forgot Password with invalid email address\")\n    @allure.title(\"Forgot Password with invalid email test\")\n    def test_invalid_email(self, excel_reader, json_data: dict):\n        emails = excel_reader.read_from_excel(\"Emails\")\n>       self.about_page.click_login_link()\n\ntests/test_forgot_password.py:31: \n_ _ _ _ _ _ _ _ _ _ _ _ _ _ _ _ _ _ _ _ _ _ _ _ _ _ _ _ _ _ _ _ _ _ _ _ _ _ _ _ \npages/about_page.py:20: in click_login_link\n    self.click(self.LOGIN_LINK)\npages/base_page.py:38: in click\n    el: WebElement = self.wait.until(\n_ _ _ _ _ _ _ _ _ _ _ _ _ _ _ _ _ _ _ _ _ _ _ _ _ _ _ _ _ _ _ _ _ _ _ _ _ _ _ _ \n\nself = <selenium.webdriver.support.wait.WebDriverWait (session=\"0884b6947ad4553aa55c29d310cede8d\")>\nmethod = <function element_to_be_clickable.<locals>._predicate at 0x7f9289a55440>\nmessage = ''\n\n    def until(self, method, message: str = \"\"):\n        \"\"\"Calls the method provided with the driver as an argument until the \\\n        return value does not evaluate to ``False``.\n    \n        :param method: callable(WebDriver)\n        :param message: optional message for :exc:`TimeoutException`\n        :returns: the result of the last call to `method`\n        :raises: :exc:`selenium.common.exceptions.TimeoutException` if timeout occurs\n        \"\"\"\n        screen = None\n        stacktrace = None\n    \n        end_time = time.monotonic() + self._timeout\n        while True:\n            try:\n                value = method(self._driver)\n                if value:\n                    return value\n            except self._ignored_exceptions as exc:\n                screen = getattr(exc, \"screen\", None)\n                stacktrace = getattr(exc, \"stacktrace\", None)\n            time.sleep(self._poll)\n            if time.monotonic() > end_time:\n                break\n>       raise TimeoutException(message, screen, stacktrace)\nE       selenium.common.exceptions.TimeoutException: Message: \nE       Stacktrace:\nE       #0 0x562366df5fb3 <unknown>\nE       #1 0x562366ac94a7 <unknown>\nE       #2 0x562366b10dd6 <unknown>\nE       #3 0x562366b10ec1 <unknown>\nE       #4 0x562366b4e354 <unknown>\nE       #5 0x562366b3296d <unknown>\nE       #6 0x562366b4bc02 <unknown>\nE       #7 0x562366b32713 <unknown>\nE       #8 0x562366b0518b <unknown>\nE       #9 0x562366b05f7e <unknown>\nE       #10 0x562366dbb8d8 <unknown>\nE       #11 0x562366dbf800 <unknown>\nE       #12 0x562366dc9cfc <unknown>\nE       #13 0x562366dc0418 <unknown>\nE       #14 0x562366d8d42f <unknown>\nE       #15 0x562366de44e8 <unknown>\nE       #16 0x562366de46b4 <unknown>\nE       #17 0x562366df5143 <unknown>\nE       #18 0x7f8ef3c94ac3 <unknown>\n\n.venv/lib/python3.11/site-packages/selenium/webdriver/support/wait.py:95: TimeoutException","steps":[{"name":"Click Login link","time":{"start":1699232791827,"stop":1699232802170,"duration":10343},"status":"broken","statusMessage":"selenium.common.exceptions.TimeoutException: Message: \nStacktrace:\n#0 0x562366df5fb3 <unknown>\n#1 0x562366ac94a7 <unknown>\n#2 0x562366b10dd6 <unknown>\n#3 0x562366b10ec1 <unknown>\n#4 0x562366b4e354 <unknown>\n#5 0x562366b3296d <unknown>\n#6 0x562366b4bc02 <unknown>\n#7 0x562366b32713 <unknown>\n#8 0x562366b0518b <unknown>\n#9 0x562366b05f7e <unknown>\n#10 0x562366dbb8d8 <unknown>\n#11 0x562366dbf800 <unknown>\n#12 0x562366dc9cfc <unknown>\n#13 0x562366dc0418 <unknown>\n#14 0x562366d8d42f <unknown>\n#15 0x562366de44e8 <unknown>\n#16 0x562366de46b4 <unknown>\n#17 0x562366df5143 <unknown>\n#18 0x7f8ef3c94ac3 <unknown>\n\n","statusTrace":"  File \"/home/runner/work/kisangateway-test/kisangateway-test/.venv/lib/python3.11/site-packages/allure_commons/_allure.py\", line 192, in impl\n    return func(*a, **kw)\n           ^^^^^^^^^^^^^^\n  File \"/home/runner/work/kisangateway-test/kisangateway-test/pages/about_page.py\", line 20, in click_login_link\n    self.click(self.LOGIN_LINK)\n  File \"/home/runner/work/kisangateway-test/kisangateway-test/pages/base_page.py\", line 38, in click\n    el: WebElement = self.wait.until(\n                     ^^^^^^^^^^^^^^^^\n  File \"/home/runner/work/kisangateway-test/kisangateway-test/.venv/lib/python3.11/site-packages/selenium/webdriver/support/wait.py\", line 95, in until\n    raise TimeoutException(message, screen, stacktrace)\n","steps":[],"attachments":[],"parameters":[],"shouldDisplayMessage":true,"stepsCount":0,"attachmentsCount":0,"hasContent":true}],"attachments":[{"uid":"2bd771b5a1332e6e","name":"public ip address","source":"2bd771b5a1332e6e.txt","type":"text/plain","size":13},{"uid":"3c71f4c5b6cf8b09","name":"Cookies","source":"3c71f4c5b6cf8b09.json","type":"application/json","size":2},{"uid":"dd2ca549db9bd860","name":"Session Storage","source":"dd2ca549db9bd860.json","type":"application/json","size":2},{"uid":"ad3b9ca63ce8ad24","name":"Local Storage","source":"ad3b9ca63ce8ad24.json","type":"application/json","size":2},{"uid":"452a80c22e673814","name":"Console Logs","source":"452a80c22e673814.json","type":"application/json","size":2},{"uid":"7a5ca805b4495c69","name":"Full Page Screenshot","source":"7a5ca805b4495c69.png","type":"image/png","size":1496512},{"uid":"6b8567fec1a70e2d","name":"URL","source":"6b8567fec1a70e2d.uri","type":"text/uri-list","size":25},{"uid":"2c5ce82bc777795d","name":"Network Logs","source":"2c5ce82bc777795d.json","type":"application/json","size":13999}],"parameters":[],"shouldDisplayMessage":true,"stepsCount":1,"attachmentsCount":8,"hasContent":true},"afterStages":[],"labels":[{"name":"subSuite","value":"Custom sub suite"},{"name":"severity","value":"critical"},{"name":"suite","value":"Custom suite"},{"name":"epic","value":"Security"},{"name":"story","value":"Forgot Password Feature's Functionality"},{"name":"parentSuite","value":"Custom parent suite"},{"name":"tag","value":"security"},{"name":"host","value":"fv-az735-748"},{"name":"thread","value":"2185-MainThread"},{"name":"framework","value":"pytest"},{"name":"language","value":"cpython3"},{"name":"package","value":"tests.test_forgot_password"},{"name":"resultFormat","value":"allure2"}],"parameters":[],"links":[],"hidden":false,"retry":false,"extra":{"severity":"critical","retries":[],"categories":[{"name":"Test defects","matchedStatuses":[],"flaky":false}],"tags":["security"]},"source":"149e7cf2807c951.json","parameterValues":[]}