{"uid":"8fe3a4d676fa4db8","name":"Delete existing project","fullName":"tests.test_workspaces.TestWorkspaces#test_delete_project","historyId":"ec4959b9902b11e4378ec1736393f0f6","time":{"start":1699232765060,"stop":1699232765060,"duration":0},"description":"Deleting an existing project from workspace","descriptionHtml":"<p>Deleting an existing project from workspace</p>\n","status":"broken","statusMessage":"selenium.common.exceptions.TimeoutException: Message: \nStacktrace:\n#0 0x5566fc53afb3 <unknown>\n#1 0x5566fc20e4a7 <unknown>\n#2 0x5566fc255dd6 <unknown>\n#3 0x5566fc255ec1 <unknown>\n#4 0x5566fc293354 <unknown>\n#5 0x5566fc27796d <unknown>\n#6 0x5566fc290c02 <unknown>\n#7 0x5566fc277713 <unknown>\n#8 0x5566fc24a18b <unknown>\n#9 0x5566fc24af7e <unknown>\n#10 0x5566fc5008d8 <unknown>\n#11 0x5566fc504800 <unknown>\n#12 0x5566fc50ecfc <unknown>\n#13 0x5566fc505418 <unknown>\n#14 0x5566fc4d242f <unknown>\n#15 0x5566fc5294e8 <unknown>\n#16 0x5566fc5296b4 <unknown>\n#17 0x5566fc53a143 <unknown>\n#18 0x7fa001694ac3 <unknown>","statusTrace":"self = <tests.test_workspaces.TestWorkspaces object at 0x7f9289d3ce50>\nsecret_data = {'email': '', 'password': ''}\n\n    @pytest.fixture(autouse=True)\n    def setup_method_fixture(self, secret_data: dict):\n>       login(secret_data, self.about_page, self.login_page)\n\ntests/test_workspaces.py:23: \n_ _ _ _ _ _ _ _ _ _ _ _ _ _ _ _ _ _ _ _ _ _ _ _ _ _ _ _ _ _ _ _ _ _ _ _ _ _ _ _ \ntests/test_workspaces.py:13: in login\n    about_page.click_login_link()\npages/about_page.py:20: in click_login_link\n    self.click(self.LOGIN_LINK)\npages/base_page.py:38: in click\n    el: WebElement = self.wait.until(\n_ _ _ _ _ _ _ _ _ _ _ _ _ _ _ _ _ _ _ _ _ _ _ _ _ _ _ _ _ _ _ _ _ _ _ _ _ _ _ _ \n\nself = <selenium.webdriver.support.wait.WebDriverWait (session=\"dfe9c3eef1f210e4171dfa2ada5e61b5\")>\nmethod = <function element_to_be_clickable.<locals>._predicate at 0x7f92899a67a0>\nmessage = ''\n\n    def until(self, method, message: str = \"\"):\n        \"\"\"Calls the method provided with the driver as an argument until the \\\n        return value does not evaluate to ``False``.\n    \n        :param method: callable(WebDriver)\n        :param message: optional message for :exc:`TimeoutException`\n        :returns: the result of the last call to `method`\n        :raises: :exc:`selenium.common.exceptions.TimeoutException` if timeout occurs\n        \"\"\"\n        screen = None\n        stacktrace = None\n    \n        end_time = time.monotonic() + self._timeout\n        while True:\n            try:\n                value = method(self._driver)\n                if value:\n                    return value\n            except self._ignored_exceptions as exc:\n                screen = getattr(exc, \"screen\", None)\n                stacktrace = getattr(exc, \"stacktrace\", None)\n            time.sleep(self._poll)\n            if time.monotonic() > end_time:\n                break\n>       raise TimeoutException(message, screen, stacktrace)\nE       selenium.common.exceptions.TimeoutException: Message: \nE       Stacktrace:\nE       #0 0x5566fc53afb3 <unknown>\nE       #1 0x5566fc20e4a7 <unknown>\nE       #2 0x5566fc255dd6 <unknown>\nE       #3 0x5566fc255ec1 <unknown>\nE       #4 0x5566fc293354 <unknown>\nE       #5 0x5566fc27796d <unknown>\nE       #6 0x5566fc290c02 <unknown>\nE       #7 0x5566fc277713 <unknown>\nE       #8 0x5566fc24a18b <unknown>\nE       #9 0x5566fc24af7e <unknown>\nE       #10 0x5566fc5008d8 <unknown>\nE       #11 0x5566fc504800 <unknown>\nE       #12 0x5566fc50ecfc <unknown>\nE       #13 0x5566fc505418 <unknown>\nE       #14 0x5566fc4d242f <unknown>\nE       #15 0x5566fc5294e8 <unknown>\nE       #16 0x5566fc5296b4 <unknown>\nE       #17 0x5566fc53a143 <unknown>\nE       #18 0x7fa001694ac3 <unknown>\n\n.venv/lib/python3.11/site-packages/selenium/webdriver/support/wait.py:95: TimeoutException","flaky":false,"newFailed":false,"newBroken":false,"newPassed":false,"retriesCount":0,"retriesStatusChange":false,"beforeStages":[{"name":"_verify_url","time":{"start":1699232613683,"stop":1699232613683,"duration":0},"status":"passed","steps":[],"attachments":[],"parameters":[],"shouldDisplayMessage":false,"stepsCount":0,"attachmentsCount":0,"hasContent":false},{"name":"secret_data","time":{"start":1699232613683,"stop":1699232613684,"duration":1},"status":"passed","steps":[],"attachments":[],"parameters":[],"shouldDisplayMessage":false,"stepsCount":0,"attachmentsCount":0,"hasContent":false},{"name":"base_url","time":{"start":1699232613683,"stop":1699232613683,"duration":0},"status":"passed","steps":[],"attachments":[],"parameters":[],"shouldDisplayMessage":false,"stepsCount":0,"attachmentsCount":0,"hasContent":false},{"name":"json_data","time":{"start":1699232613684,"stop":1699232613684,"duration":0},"status":"passed","steps":[],"attachments":[],"parameters":[],"shouldDisplayMessage":false,"stepsCount":0,"attachmentsCount":0,"hasContent":false},{"name":"setup_method_fixture","time":{"start":1699232766345,"stop":1699232776675,"duration":10330},"status":"broken","statusMessage":"selenium.common.exceptions.TimeoutException: Message: \nStacktrace:\n#0 0x5566fc53afb3 <unknown>\n#1 0x5566fc20e4a7 <unknown>\n#2 0x5566fc255dd6 <unknown>\n#3 0x5566fc255ec1 <unknown>\n#4 0x5566fc293354 <unknown>\n#5 0x5566fc27796d <unknown>\n#6 0x5566fc290c02 <unknown>\n#7 0x5566fc277713 <unknown>\n#8 0x5566fc24a18b <unknown>\n#9 0x5566fc24af7e <unknown>\n#10 0x5566fc5008d8 <unknown>\n#11 0x5566fc504800 <unknown>\n#12 0x5566fc50ecfc <unknown>\n#13 0x5566fc505418 <unknown>\n#14 0x5566fc4d242f <unknown>\n#15 0x5566fc5294e8 <unknown>\n#16 0x5566fc5296b4 <unknown>\n#17 0x5566fc53a143 <unknown>\n#18 0x7fa001694ac3 <unknown>\n\n","statusTrace":"  File \"/home/runner/work/kisangateway-test/kisangateway-test/.venv/lib/python3.11/site-packages/pluggy/_callers.py\", line 80, in _multicall\n    res = hook_impl.function(*args)\n          ^^^^^^^^^^^^^^^^^^^^^^^^^\n  File \"/home/runner/work/kisangateway-test/kisangateway-test/.venv/lib/python3.11/site-packages/_pytest/fixtures.py\", line 1123, in pytest_fixture_setup\n    result = call_fixture_func(fixturefunc, request, kwargs)\n             ^^^^^^^^^^^^^^^^^^^^^^^^^^^^^^^^^^^^^^^^^^^^^^^\n  File \"/home/runner/work/kisangateway-test/kisangateway-test/.venv/lib/python3.11/site-packages/_pytest/fixtures.py\", line 902, in call_fixture_func\n    fixture_result = fixturefunc(**kwargs)\n                     ^^^^^^^^^^^^^^^^^^^^^\n  File \"/home/runner/work/kisangateway-test/kisangateway-test/tests/test_workspaces.py\", line 23, in setup_method_fixture\n    login(secret_data, self.about_page, self.login_page)\n  File \"/home/runner/work/kisangateway-test/kisangateway-test/tests/test_workspaces.py\", line 13, in login\n    about_page.click_login_link()\n  File \"/home/runner/work/kisangateway-test/kisangateway-test/.venv/lib/python3.11/site-packages/allure_commons/_allure.py\", line 192, in impl\n    return func(*a, **kw)\n           ^^^^^^^^^^^^^^\n  File \"/home/runner/work/kisangateway-test/kisangateway-test/pages/about_page.py\", line 20, in click_login_link\n    self.click(self.LOGIN_LINK)\n  File \"/home/runner/work/kisangateway-test/kisangateway-test/pages/base_page.py\", line 38, in click\n    el: WebElement = self.wait.until(\n                     ^^^^^^^^^^^^^^^^\n  File \"/home/runner/work/kisangateway-test/kisangateway-test/.venv/lib/python3.11/site-packages/selenium/webdriver/support/wait.py\", line 95, in until\n    raise TimeoutException(message, screen, stacktrace)\n","steps":[{"name":"Click Login link","time":{"start":1699232766346,"stop":1699232776674,"duration":10328},"status":"broken","statusMessage":"selenium.common.exceptions.TimeoutException: Message: \nStacktrace:\n#0 0x5566fc53afb3 <unknown>\n#1 0x5566fc20e4a7 <unknown>\n#2 0x5566fc255dd6 <unknown>\n#3 0x5566fc255ec1 <unknown>\n#4 0x5566fc293354 <unknown>\n#5 0x5566fc27796d <unknown>\n#6 0x5566fc290c02 <unknown>\n#7 0x5566fc277713 <unknown>\n#8 0x5566fc24a18b <unknown>\n#9 0x5566fc24af7e <unknown>\n#10 0x5566fc5008d8 <unknown>\n#11 0x5566fc504800 <unknown>\n#12 0x5566fc50ecfc <unknown>\n#13 0x5566fc505418 <unknown>\n#14 0x5566fc4d242f <unknown>\n#15 0x5566fc5294e8 <unknown>\n#16 0x5566fc5296b4 <unknown>\n#17 0x5566fc53a143 <unknown>\n#18 0x7fa001694ac3 <unknown>\n\n","statusTrace":"  File \"/home/runner/work/kisangateway-test/kisangateway-test/.venv/lib/python3.11/site-packages/allure_commons/_allure.py\", line 192, in impl\n    return func(*a, **kw)\n           ^^^^^^^^^^^^^^\n  File \"/home/runner/work/kisangateway-test/kisangateway-test/pages/about_page.py\", line 20, in click_login_link\n    self.click(self.LOGIN_LINK)\n  File \"/home/runner/work/kisangateway-test/kisangateway-test/pages/base_page.py\", line 38, in click\n    el: WebElement = self.wait.until(\n                     ^^^^^^^^^^^^^^^^\n  File \"/home/runner/work/kisangateway-test/kisangateway-test/.venv/lib/python3.11/site-packages/selenium/webdriver/support/wait.py\", line 95, in until\n    raise TimeoutException(message, screen, stacktrace)\n","steps":[],"attachments":[],"parameters":[],"shouldDisplayMessage":true,"stepsCount":0,"attachmentsCount":0,"hasContent":true}],"attachments":[],"parameters":[],"shouldDisplayMessage":false,"stepsCount":1,"attachmentsCount":0,"hasContent":true}],"testStage":{"description":"Deleting an existing project from workspace","status":"broken","statusMessage":"selenium.common.exceptions.TimeoutException: Message: \nStacktrace:\n#0 0x5566fc53afb3 <unknown>\n#1 0x5566fc20e4a7 <unknown>\n#2 0x5566fc255dd6 <unknown>\n#3 0x5566fc255ec1 <unknown>\n#4 0x5566fc293354 <unknown>\n#5 0x5566fc27796d <unknown>\n#6 0x5566fc290c02 <unknown>\n#7 0x5566fc277713 <unknown>\n#8 0x5566fc24a18b <unknown>\n#9 0x5566fc24af7e <unknown>\n#10 0x5566fc5008d8 <unknown>\n#11 0x5566fc504800 <unknown>\n#12 0x5566fc50ecfc <unknown>\n#13 0x5566fc505418 <unknown>\n#14 0x5566fc4d242f <unknown>\n#15 0x5566fc5294e8 <unknown>\n#16 0x5566fc5296b4 <unknown>\n#17 0x5566fc53a143 <unknown>\n#18 0x7fa001694ac3 <unknown>","statusTrace":"self = <tests.test_workspaces.TestWorkspaces object at 0x7f9289d3ce50>\nsecret_data = {'email': '', 'password': ''}\n\n    @pytest.fixture(autouse=True)\n    def setup_method_fixture(self, secret_data: dict):\n>       login(secret_data, self.about_page, self.login_page)\n\ntests/test_workspaces.py:23: \n_ _ _ _ _ _ _ _ _ _ _ _ _ _ _ _ _ _ _ _ _ _ _ _ _ _ _ _ _ _ _ _ _ _ _ _ _ _ _ _ \ntests/test_workspaces.py:13: in login\n    about_page.click_login_link()\npages/about_page.py:20: in click_login_link\n    self.click(self.LOGIN_LINK)\npages/base_page.py:38: in click\n    el: WebElement = self.wait.until(\n_ _ _ _ _ _ _ _ _ _ _ _ _ _ _ _ _ _ _ _ _ _ _ _ _ _ _ _ _ _ _ _ _ _ _ _ _ _ _ _ \n\nself = <selenium.webdriver.support.wait.WebDriverWait (session=\"dfe9c3eef1f210e4171dfa2ada5e61b5\")>\nmethod = <function element_to_be_clickable.<locals>._predicate at 0x7f92899a67a0>\nmessage = ''\n\n    def until(self, method, message: str = \"\"):\n        \"\"\"Calls the method provided with the driver as an argument until the \\\n        return value does not evaluate to ``False``.\n    \n        :param method: callable(WebDriver)\n        :param message: optional message for :exc:`TimeoutException`\n        :returns: the result of the last call to `method`\n        :raises: :exc:`selenium.common.exceptions.TimeoutException` if timeout occurs\n        \"\"\"\n        screen = None\n        stacktrace = None\n    \n        end_time = time.monotonic() + self._timeout\n        while True:\n            try:\n                value = method(self._driver)\n                if value:\n                    return value\n            except self._ignored_exceptions as exc:\n                screen = getattr(exc, \"screen\", None)\n                stacktrace = getattr(exc, \"stacktrace\", None)\n            time.sleep(self._poll)\n            if time.monotonic() > end_time:\n                break\n>       raise TimeoutException(message, screen, stacktrace)\nE       selenium.common.exceptions.TimeoutException: Message: \nE       Stacktrace:\nE       #0 0x5566fc53afb3 <unknown>\nE       #1 0x5566fc20e4a7 <unknown>\nE       #2 0x5566fc255dd6 <unknown>\nE       #3 0x5566fc255ec1 <unknown>\nE       #4 0x5566fc293354 <unknown>\nE       #5 0x5566fc27796d <unknown>\nE       #6 0x5566fc290c02 <unknown>\nE       #7 0x5566fc277713 <unknown>\nE       #8 0x5566fc24a18b <unknown>\nE       #9 0x5566fc24af7e <unknown>\nE       #10 0x5566fc5008d8 <unknown>\nE       #11 0x5566fc504800 <unknown>\nE       #12 0x5566fc50ecfc <unknown>\nE       #13 0x5566fc505418 <unknown>\nE       #14 0x5566fc4d242f <unknown>\nE       #15 0x5566fc5294e8 <unknown>\nE       #16 0x5566fc5296b4 <unknown>\nE       #17 0x5566fc53a143 <unknown>\nE       #18 0x7fa001694ac3 <unknown>\n\n.venv/lib/python3.11/site-packages/selenium/webdriver/support/wait.py:95: TimeoutException","steps":[],"attachments":[{"uid":"b5383990ecb00595","name":"public ip address","source":"b5383990ecb00595.txt","type":"text/plain","size":13},{"uid":"b7c546b8c6fc3f33","name":"Cookies","source":"b7c546b8c6fc3f33.json","type":"application/json","size":2},{"uid":"887af89cdbc4d6a5","name":"Session Storage","source":"887af89cdbc4d6a5.json","type":"application/json","size":2},{"uid":"e6b3c53ba7ba21fd","name":"Local Storage","source":"e6b3c53ba7ba21fd.json","type":"application/json","size":2},{"uid":"f75c7fb44406fad9","name":"Console Logs","source":"f75c7fb44406fad9.json","type":"application/json","size":2},{"uid":"bb6ef04ab9a35c3c","name":"Full Page Screenshot","source":"bb6ef04ab9a35c3c.png","type":"image/png","size":1496512},{"uid":"9cb0402839eb3951","name":"URL","source":"9cb0402839eb3951.uri","type":"text/uri-list","size":25},{"uid":"396d8b0529203d2c","name":"Network Logs","source":"396d8b0529203d2c.json","type":"application/json","size":13953}],"parameters":[],"shouldDisplayMessage":true,"stepsCount":0,"attachmentsCount":8,"hasContent":true},"afterStages":[],"labels":[{"name":"severity","value":"normal"},{"name":"story","value":"WorkSpaces Creation and Editing Functionality"},{"name":"epic","value":"Workspaces"},{"name":"tag","value":"run(order=9)"},{"name":"parentSuite","value":"tests"},{"name":"suite","value":"test_workspaces"},{"name":"subSuite","value":"TestWorkspaces"},{"name":"host","value":"fv-az735-748"},{"name":"thread","value":"2185-MainThread"},{"name":"framework","value":"pytest"},{"name":"language","value":"cpython3"},{"name":"package","value":"tests.test_workspaces"},{"name":"resultFormat","value":"allure2"}],"parameters":[],"links":[],"hidden":false,"retry":false,"extra":{"severity":"normal","retries":[],"categories":[{"name":"Test defects","matchedStatuses":[],"flaky":false}],"tags":["run(order=9)"]},"source":"8fe3a4d676fa4db8.json","parameterValues":[]}