{"uid":"88db4c53ffa1a09c","name":"Login with invalid credentials test","fullName":"tests.test_login.TestLogin#test_invalid_login","historyId":"ebd85894ef649ef37954355e1db2cb03","time":{"start":1710291754445,"stop":1710291764760,"duration":10315},"description":"invalid login","descriptionHtml":"<p>invalid login</p>\n","status":"broken","statusMessage":"selenium.common.exceptions.TimeoutException: Message: \nStacktrace:\n#0 0x5635e4714e93 <unknown>\n#1 0x5635e440cce6 <unknown>\n#2 0x5635e4457e48 <unknown>\n#3 0x5635e4457f01 <unknown>\n#4 0x5635e449b3f4 <unknown>\n#5 0x5635e4479edd <unknown>\n#6 0x5635e4498899 <unknown>\n#7 0x5635e4479c53 <unknown>\n#8 0x5635e444adb3 <unknown>\n#9 0x5635e444b77e <unknown>\n#10 0x5635e46da7cb <unknown>\n#11 0x5635e46de7e5 <unknown>\n#12 0x5635e46c80e1 <unknown>\n#13 0x5635e46df372 <unknown>\n#14 0x5635e46ac1bf <unknown>\n#15 0x5635e4703488 <unknown>\n#16 0x5635e4703683 <unknown>\n#17 0x5635e4714044 <unknown>\n#18 0x7efeabe94ac3 <unknown>","statusTrace":"self = <tests.test_login.TestLogin object at 0x7f1ffefc9ad0>\nemail = 'elias@gmail.com', password = '12345Tr'\njson_data = {'forgot_password': {'error_message': \"We can't find a user with that e-mail address.\", 'success_message': 'A reset li...you page', 'name': 'test', 'new_name': 'another test', 'no_project_found_msg': 'No project matches the criteria', ...}}\n\n    @allure.description(\"invalid login\")\n    @allure.title(\"Login with invalid credentials test\")\n    @pytest.mark.parametrize(\"email, password\", users)\n    @pytest.mark.run(order=3)\n    def test_invalid_login(self, email: str, password: str, json_data: dict):\n>       self.about_page.click_login_link()\n\ntests/test_login.py:22: \n_ _ _ _ _ _ _ _ _ _ _ _ _ _ _ _ _ _ _ _ _ _ _ _ _ _ _ _ _ _ _ _ _ _ _ _ _ _ _ _ \npages/about_page.py:20: in click_login_link\n    self.click(self.LOGIN_LINK)\npages/base_page.py:38: in click\n    el: WebElement = self.wait.until(\n_ _ _ _ _ _ _ _ _ _ _ _ _ _ _ _ _ _ _ _ _ _ _ _ _ _ _ _ _ _ _ _ _ _ _ _ _ _ _ _ \n\nself = <selenium.webdriver.support.wait.WebDriverWait (session=\"8c84b6ed2d09fa9b45d89765a907e8d5\")>\nmethod = <function element_to_be_clickable.<locals>._predicate at 0x7f1ffef96fc0>\nmessage = ''\n\n    def until(self, method, message: str = \"\"):\n        \"\"\"Calls the method provided with the driver as an argument until the \\\n        return value does not evaluate to ``False``.\n    \n        :param method: callable(WebDriver)\n        :param message: optional message for :exc:`TimeoutException`\n        :returns: the result of the last call to `method`\n        :raises: :exc:`selenium.common.exceptions.TimeoutException` if timeout occurs\n        \"\"\"\n        screen = None\n        stacktrace = None\n    \n        end_time = time.monotonic() + self._timeout\n        while True:\n            try:\n                value = method(self._driver)\n                if value:\n                    return value\n            except self._ignored_exceptions as exc:\n                screen = getattr(exc, \"screen\", None)\n                stacktrace = getattr(exc, \"stacktrace\", None)\n            time.sleep(self._poll)\n            if time.monotonic() > end_time:\n                break\n>       raise TimeoutException(message, screen, stacktrace)\nE       selenium.common.exceptions.TimeoutException: Message: \nE       Stacktrace:\nE       #0 0x5635e4714e93 <unknown>\nE       #1 0x5635e440cce6 <unknown>\nE       #2 0x5635e4457e48 <unknown>\nE       #3 0x5635e4457f01 <unknown>\nE       #4 0x5635e449b3f4 <unknown>\nE       #5 0x5635e4479edd <unknown>\nE       #6 0x5635e4498899 <unknown>\nE       #7 0x5635e4479c53 <unknown>\nE       #8 0x5635e444adb3 <unknown>\nE       #9 0x5635e444b77e <unknown>\nE       #10 0x5635e46da7cb <unknown>\nE       #11 0x5635e46de7e5 <unknown>\nE       #12 0x5635e46c80e1 <unknown>\nE       #13 0x5635e46df372 <unknown>\nE       #14 0x5635e46ac1bf <unknown>\nE       #15 0x5635e4703488 <unknown>\nE       #16 0x5635e4703683 <unknown>\nE       #17 0x5635e4714044 <unknown>\nE       #18 0x7efeabe94ac3 <unknown>\n\n.venv/lib/python3.11/site-packages/selenium/webdriver/support/wait.py:95: TimeoutException","flaky":false,"newFailed":false,"newBroken":false,"newPassed":false,"retriesCount":0,"retriesStatusChange":false,"beforeStages":[{"name":"base_url","time":{"start":1710291688351,"stop":1710291688352,"duration":1},"status":"passed","steps":[],"attachments":[],"parameters":[],"shouldDisplayMessage":false,"stepsCount":0,"attachmentsCount":0,"hasContent":false,"attachmentStep":false},{"name":"json_data","time":{"start":1710291688352,"stop":1710291688352,"duration":0},"status":"passed","steps":[],"attachments":[],"parameters":[],"shouldDisplayMessage":false,"stepsCount":0,"attachmentsCount":0,"hasContent":false,"attachmentStep":false},{"name":"_verify_url","time":{"start":1710291688352,"stop":1710291688352,"duration":0},"status":"passed","steps":[],"attachments":[],"parameters":[],"shouldDisplayMessage":false,"stepsCount":0,"attachmentsCount":0,"hasContent":false,"attachmentStep":false}],"testStage":{"description":"invalid login","status":"broken","statusMessage":"selenium.common.exceptions.TimeoutException: Message: \nStacktrace:\n#0 0x5635e4714e93 <unknown>\n#1 0x5635e440cce6 <unknown>\n#2 0x5635e4457e48 <unknown>\n#3 0x5635e4457f01 <unknown>\n#4 0x5635e449b3f4 <unknown>\n#5 0x5635e4479edd <unknown>\n#6 0x5635e4498899 <unknown>\n#7 0x5635e4479c53 <unknown>\n#8 0x5635e444adb3 <unknown>\n#9 0x5635e444b77e <unknown>\n#10 0x5635e46da7cb <unknown>\n#11 0x5635e46de7e5 <unknown>\n#12 0x5635e46c80e1 <unknown>\n#13 0x5635e46df372 <unknown>\n#14 0x5635e46ac1bf <unknown>\n#15 0x5635e4703488 <unknown>\n#16 0x5635e4703683 <unknown>\n#17 0x5635e4714044 <unknown>\n#18 0x7efeabe94ac3 <unknown>","statusTrace":"self = <tests.test_login.TestLogin object at 0x7f1ffefc9ad0>\nemail = 'elias@gmail.com', password = '12345Tr'\njson_data = {'forgot_password': {'error_message': \"We can't find a user with that e-mail address.\", 'success_message': 'A reset li...you page', 'name': 'test', 'new_name': 'another test', 'no_project_found_msg': 'No project matches the criteria', ...}}\n\n    @allure.description(\"invalid login\")\n    @allure.title(\"Login with invalid credentials test\")\n    @pytest.mark.parametrize(\"email, password\", users)\n    @pytest.mark.run(order=3)\n    def test_invalid_login(self, email: str, password: str, json_data: dict):\n>       self.about_page.click_login_link()\n\ntests/test_login.py:22: \n_ _ _ _ _ _ _ _ _ _ _ _ _ _ _ _ _ _ _ _ _ _ _ _ _ _ _ _ _ _ _ _ _ _ _ _ _ _ _ _ \npages/about_page.py:20: in click_login_link\n    self.click(self.LOGIN_LINK)\npages/base_page.py:38: in click\n    el: WebElement = self.wait.until(\n_ _ _ _ _ _ _ _ _ _ _ _ _ _ _ _ _ _ _ _ _ _ _ _ _ _ _ _ _ _ _ _ _ _ _ _ _ _ _ _ \n\nself = <selenium.webdriver.support.wait.WebDriverWait (session=\"8c84b6ed2d09fa9b45d89765a907e8d5\")>\nmethod = <function element_to_be_clickable.<locals>._predicate at 0x7f1ffef96fc0>\nmessage = ''\n\n    def until(self, method, message: str = \"\"):\n        \"\"\"Calls the method provided with the driver as an argument until the \\\n        return value does not evaluate to ``False``.\n    \n        :param method: callable(WebDriver)\n        :param message: optional message for :exc:`TimeoutException`\n        :returns: the result of the last call to `method`\n        :raises: :exc:`selenium.common.exceptions.TimeoutException` if timeout occurs\n        \"\"\"\n        screen = None\n        stacktrace = None\n    \n        end_time = time.monotonic() + self._timeout\n        while True:\n            try:\n                value = method(self._driver)\n                if value:\n                    return value\n            except self._ignored_exceptions as exc:\n                screen = getattr(exc, \"screen\", None)\n                stacktrace = getattr(exc, \"stacktrace\", None)\n            time.sleep(self._poll)\n            if time.monotonic() > end_time:\n                break\n>       raise TimeoutException(message, screen, stacktrace)\nE       selenium.common.exceptions.TimeoutException: Message: \nE       Stacktrace:\nE       #0 0x5635e4714e93 <unknown>\nE       #1 0x5635e440cce6 <unknown>\nE       #2 0x5635e4457e48 <unknown>\nE       #3 0x5635e4457f01 <unknown>\nE       #4 0x5635e449b3f4 <unknown>\nE       #5 0x5635e4479edd <unknown>\nE       #6 0x5635e4498899 <unknown>\nE       #7 0x5635e4479c53 <unknown>\nE       #8 0x5635e444adb3 <unknown>\nE       #9 0x5635e444b77e <unknown>\nE       #10 0x5635e46da7cb <unknown>\nE       #11 0x5635e46de7e5 <unknown>\nE       #12 0x5635e46c80e1 <unknown>\nE       #13 0x5635e46df372 <unknown>\nE       #14 0x5635e46ac1bf <unknown>\nE       #15 0x5635e4703488 <unknown>\nE       #16 0x5635e4703683 <unknown>\nE       #17 0x5635e4714044 <unknown>\nE       #18 0x7efeabe94ac3 <unknown>\n\n.venv/lib/python3.11/site-packages/selenium/webdriver/support/wait.py:95: TimeoutException","steps":[{"name":"Click Login link","time":{"start":1710291754446,"stop":1710291764760,"duration":10314},"status":"broken","statusMessage":"selenium.common.exceptions.TimeoutException: Message: \nStacktrace:\n#0 0x5635e4714e93 <unknown>\n#1 0x5635e440cce6 <unknown>\n#2 0x5635e4457e48 <unknown>\n#3 0x5635e4457f01 <unknown>\n#4 0x5635e449b3f4 <unknown>\n#5 0x5635e4479edd <unknown>\n#6 0x5635e4498899 <unknown>\n#7 0x5635e4479c53 <unknown>\n#8 0x5635e444adb3 <unknown>\n#9 0x5635e444b77e <unknown>\n#10 0x5635e46da7cb <unknown>\n#11 0x5635e46de7e5 <unknown>\n#12 0x5635e46c80e1 <unknown>\n#13 0x5635e46df372 <unknown>\n#14 0x5635e46ac1bf <unknown>\n#15 0x5635e4703488 <unknown>\n#16 0x5635e4703683 <unknown>\n#17 0x5635e4714044 <unknown>\n#18 0x7efeabe94ac3 <unknown>\n\n","statusTrace":"  File \"/home/runner/work/kisangateway-test/kisangateway-test/.venv/lib/python3.11/site-packages/allure_commons/_allure.py\", line 192, in impl\n    return func(*a, **kw)\n           ^^^^^^^^^^^^^^\n  File \"/home/runner/work/kisangateway-test/kisangateway-test/pages/about_page.py\", line 20, in click_login_link\n    self.click(self.LOGIN_LINK)\n  File \"/home/runner/work/kisangateway-test/kisangateway-test/pages/base_page.py\", line 38, in click\n    el: WebElement = self.wait.until(\n                     ^^^^^^^^^^^^^^^^\n  File \"/home/runner/work/kisangateway-test/kisangateway-test/.venv/lib/python3.11/site-packages/selenium/webdriver/support/wait.py\", line 95, in until\n    raise TimeoutException(message, screen, stacktrace)\n","steps":[],"attachments":[],"parameters":[],"shouldDisplayMessage":true,"stepsCount":0,"attachmentsCount":0,"hasContent":true,"attachmentStep":false}],"attachments":[{"uid":"f40abb18ff55d28c","name":"public ip address","source":"f40abb18ff55d28c.txt","type":"text/plain","size":11},{"uid":"b681d311036bcda8","name":"Cookies","source":"b681d311036bcda8.json","type":"application/json","size":527},{"uid":"7618ce917ab42c21","name":"Session Storage","source":"7618ce917ab42c21.json","type":"application/json","size":2},{"uid":"2ed392b9eece1564","name":"Local Storage","source":"2ed392b9eece1564.json","type":"application/json","size":77},{"uid":"6134547b5b258c4d","name":"Console Logs","source":"6134547b5b258c4d.json","type":"application/json","size":310},{"uid":"2eea686a885b002f","name":"Full Page Screenshot","source":"2eea686a885b002f.png","type":"image/png","size":2477225},{"uid":"d651452c5a4d020c","name":"URL","source":"d651452c5a4d020c.uri","type":"text/uri-list","size":25},{"uid":"df6f7cd455fe20ce","name":"Network Logs","source":"df6f7cd455fe20ce.json","type":"application/json","size":1285604}],"parameters":[],"shouldDisplayMessage":true,"stepsCount":1,"attachmentsCount":8,"hasContent":true,"attachmentStep":false},"afterStages":[],"labels":[{"name":"severity","value":"blocker"},{"name":"feature","value":"Login"},{"name":"epic","value":"Security"},{"name":"tag","value":"run(order=3)"},{"name":"tag","value":"security"},{"name":"parentSuite","value":"tests"},{"name":"suite","value":"test_login"},{"name":"subSuite","value":"TestLogin"},{"name":"host","value":"fv-az1391-248"},{"name":"thread","value":"2368-MainThread"},{"name":"framework","value":"pytest"},{"name":"language","value":"cpython3"},{"name":"package","value":"tests.test_login"},{"name":"resultFormat","value":"allure2"}],"parameters":[{"name":"email","value":"'elias@gmail.com'"},{"name":"password","value":"'12345Tr'"}],"links":[],"hidden":false,"retry":false,"extra":{"severity":"blocker","retries":[],"categories":[{"name":"Test defects","matchedStatuses":[],"flaky":false}],"tags":["run(order=3)","security"]},"source":"88db4c53ffa1a09c.json","parameterValues":["'elias@gmail.com'","'12345Tr'"]}