{"uid":"dba15d50bf1be372","name":"Number of projects displayed in page test","fullName":"tests.test_workspaces.TestWorkspaces#test_number_of_existing_projects","historyId":"ff3981f856ce65274378063348b0abd4","time":{"start":1710291778437,"stop":1710291778437,"duration":0},"description":"Compare between the actual number of projects seen on page and the number shown in workspaces block","descriptionHtml":"<p>Compare between the actual number of projects seen on page and the number shown in workspaces block</p>\n","status":"broken","statusMessage":"selenium.common.exceptions.TimeoutException: Message: \nStacktrace:\n#0 0x56276ed4fe93 <unknown>\n#1 0x56276ea47ce6 <unknown>\n#2 0x56276ea92e48 <unknown>\n#3 0x56276ea92f01 <unknown>\n#4 0x56276ead63f4 <unknown>\n#5 0x56276eab4edd <unknown>\n#6 0x56276ead3899 <unknown>\n#7 0x56276eab4c53 <unknown>\n#8 0x56276ea85db3 <unknown>\n#9 0x56276ea8677e <unknown>\n#10 0x56276ed157cb <unknown>\n#11 0x56276ed197e5 <unknown>\n#12 0x56276ed030e1 <unknown>\n#13 0x56276ed1a372 <unknown>\n#14 0x56276ece71bf <unknown>\n#15 0x56276ed3e488 <unknown>\n#16 0x56276ed3e683 <unknown>\n#17 0x56276ed4f044 <unknown>\n#18 0x7fa129294ac3 <unknown>","statusTrace":"self = <tests.test_workspaces.TestWorkspaces object at 0x7f1fff0b1a90>\nsecret_data = {'email': '', 'password': ''}\n\n    @pytest.fixture(autouse=True)\n    def setup_method_fixture(self, secret_data: dict):\n>       login(secret_data, self.about_page, self.login_page)\n\ntests/test_workspaces.py:23: \n_ _ _ _ _ _ _ _ _ _ _ _ _ _ _ _ _ _ _ _ _ _ _ _ _ _ _ _ _ _ _ _ _ _ _ _ _ _ _ _ \ntests/test_workspaces.py:13: in login\n    about_page.click_login_link()\npages/about_page.py:20: in click_login_link\n    self.click(self.LOGIN_LINK)\npages/base_page.py:38: in click\n    el: WebElement = self.wait.until(\n_ _ _ _ _ _ _ _ _ _ _ _ _ _ _ _ _ _ _ _ _ _ _ _ _ _ _ _ _ _ _ _ _ _ _ _ _ _ _ _ \n\nself = <selenium.webdriver.support.wait.WebDriverWait (session=\"44151c487ac69f2f9fabd604c4e89876\")>\nmethod = <function element_to_be_clickable.<locals>._predicate at 0x7f1ffef95bc0>\nmessage = ''\n\n    def until(self, method, message: str = \"\"):\n        \"\"\"Calls the method provided with the driver as an argument until the \\\n        return value does not evaluate to ``False``.\n    \n        :param method: callable(WebDriver)\n        :param message: optional message for :exc:`TimeoutException`\n        :returns: the result of the last call to `method`\n        :raises: :exc:`selenium.common.exceptions.TimeoutException` if timeout occurs\n        \"\"\"\n        screen = None\n        stacktrace = None\n    \n        end_time = time.monotonic() + self._timeout\n        while True:\n            try:\n                value = method(self._driver)\n                if value:\n                    return value\n            except self._ignored_exceptions as exc:\n                screen = getattr(exc, \"screen\", None)\n                stacktrace = getattr(exc, \"stacktrace\", None)\n            time.sleep(self._poll)\n            if time.monotonic() > end_time:\n                break\n>       raise TimeoutException(message, screen, stacktrace)\nE       selenium.common.exceptions.TimeoutException: Message: \nE       Stacktrace:\nE       #0 0x56276ed4fe93 <unknown>\nE       #1 0x56276ea47ce6 <unknown>\nE       #2 0x56276ea92e48 <unknown>\nE       #3 0x56276ea92f01 <unknown>\nE       #4 0x56276ead63f4 <unknown>\nE       #5 0x56276eab4edd <unknown>\nE       #6 0x56276ead3899 <unknown>\nE       #7 0x56276eab4c53 <unknown>\nE       #8 0x56276ea85db3 <unknown>\nE       #9 0x56276ea8677e <unknown>\nE       #10 0x56276ed157cb <unknown>\nE       #11 0x56276ed197e5 <unknown>\nE       #12 0x56276ed030e1 <unknown>\nE       #13 0x56276ed1a372 <unknown>\nE       #14 0x56276ece71bf <unknown>\nE       #15 0x56276ed3e488 <unknown>\nE       #16 0x56276ed3e683 <unknown>\nE       #17 0x56276ed4f044 <unknown>\nE       #18 0x7fa129294ac3 <unknown>\n\n.venv/lib/python3.11/site-packages/selenium/webdriver/support/wait.py:95: TimeoutException","flaky":false,"newFailed":false,"newBroken":false,"newPassed":false,"retriesCount":0,"retriesStatusChange":false,"beforeStages":[{"name":"base_url","time":{"start":1710291688351,"stop":1710291688352,"duration":1},"status":"passed","steps":[],"attachments":[],"parameters":[],"shouldDisplayMessage":false,"stepsCount":0,"attachmentsCount":0,"hasContent":false,"attachmentStep":false},{"name":"secret_data","time":{"start":1710291688352,"stop":1710291688352,"duration":0},"status":"passed","steps":[],"attachments":[],"parameters":[],"shouldDisplayMessage":false,"stepsCount":0,"attachmentsCount":0,"hasContent":false,"attachmentStep":false},{"name":"_verify_url","time":{"start":1710291688352,"stop":1710291688352,"duration":0},"status":"passed","steps":[],"attachments":[],"parameters":[],"shouldDisplayMessage":false,"stepsCount":0,"attachmentsCount":0,"hasContent":false,"attachmentStep":false},{"name":"setup_method_fixture","time":{"start":1710291779650,"stop":1710291789942,"duration":10292},"status":"broken","statusMessage":"selenium.common.exceptions.TimeoutException: Message: \nStacktrace:\n#0 0x56276ed4fe93 <unknown>\n#1 0x56276ea47ce6 <unknown>\n#2 0x56276ea92e48 <unknown>\n#3 0x56276ea92f01 <unknown>\n#4 0x56276ead63f4 <unknown>\n#5 0x56276eab4edd <unknown>\n#6 0x56276ead3899 <unknown>\n#7 0x56276eab4c53 <unknown>\n#8 0x56276ea85db3 <unknown>\n#9 0x56276ea8677e <unknown>\n#10 0x56276ed157cb <unknown>\n#11 0x56276ed197e5 <unknown>\n#12 0x56276ed030e1 <unknown>\n#13 0x56276ed1a372 <unknown>\n#14 0x56276ece71bf <unknown>\n#15 0x56276ed3e488 <unknown>\n#16 0x56276ed3e683 <unknown>\n#17 0x56276ed4f044 <unknown>\n#18 0x7fa129294ac3 <unknown>\n\n","statusTrace":"  File \"/home/runner/work/kisangateway-test/kisangateway-test/.venv/lib/python3.11/site-packages/pluggy/_callers.py\", line 80, in _multicall\n    res = hook_impl.function(*args)\n          ^^^^^^^^^^^^^^^^^^^^^^^^^\n  File \"/home/runner/work/kisangateway-test/kisangateway-test/.venv/lib/python3.11/site-packages/_pytest/fixtures.py\", line 1123, in pytest_fixture_setup\n    result = call_fixture_func(fixturefunc, request, kwargs)\n             ^^^^^^^^^^^^^^^^^^^^^^^^^^^^^^^^^^^^^^^^^^^^^^^\n  File \"/home/runner/work/kisangateway-test/kisangateway-test/.venv/lib/python3.11/site-packages/_pytest/fixtures.py\", line 902, in call_fixture_func\n    fixture_result = fixturefunc(**kwargs)\n                     ^^^^^^^^^^^^^^^^^^^^^\n  File \"/home/runner/work/kisangateway-test/kisangateway-test/tests/test_workspaces.py\", line 23, in setup_method_fixture\n    login(secret_data, self.about_page, self.login_page)\n  File \"/home/runner/work/kisangateway-test/kisangateway-test/tests/test_workspaces.py\", line 13, in login\n    about_page.click_login_link()\n  File \"/home/runner/work/kisangateway-test/kisangateway-test/.venv/lib/python3.11/site-packages/allure_commons/_allure.py\", line 192, in impl\n    return func(*a, **kw)\n           ^^^^^^^^^^^^^^\n  File \"/home/runner/work/kisangateway-test/kisangateway-test/pages/about_page.py\", line 20, in click_login_link\n    self.click(self.LOGIN_LINK)\n  File \"/home/runner/work/kisangateway-test/kisangateway-test/pages/base_page.py\", line 38, in click\n    el: WebElement = self.wait.until(\n                     ^^^^^^^^^^^^^^^^\n  File \"/home/runner/work/kisangateway-test/kisangateway-test/.venv/lib/python3.11/site-packages/selenium/webdriver/support/wait.py\", line 95, in until\n    raise TimeoutException(message, screen, stacktrace)\n","steps":[{"name":"Click Login link","time":{"start":1710291779650,"stop":1710291789942,"duration":10292},"status":"broken","statusMessage":"selenium.common.exceptions.TimeoutException: Message: \nStacktrace:\n#0 0x56276ed4fe93 <unknown>\n#1 0x56276ea47ce6 <unknown>\n#2 0x56276ea92e48 <unknown>\n#3 0x56276ea92f01 <unknown>\n#4 0x56276ead63f4 <unknown>\n#5 0x56276eab4edd <unknown>\n#6 0x56276ead3899 <unknown>\n#7 0x56276eab4c53 <unknown>\n#8 0x56276ea85db3 <unknown>\n#9 0x56276ea8677e <unknown>\n#10 0x56276ed157cb <unknown>\n#11 0x56276ed197e5 <unknown>\n#12 0x56276ed030e1 <unknown>\n#13 0x56276ed1a372 <unknown>\n#14 0x56276ece71bf <unknown>\n#15 0x56276ed3e488 <unknown>\n#16 0x56276ed3e683 <unknown>\n#17 0x56276ed4f044 <unknown>\n#18 0x7fa129294ac3 <unknown>\n\n","statusTrace":"  File \"/home/runner/work/kisangateway-test/kisangateway-test/.venv/lib/python3.11/site-packages/allure_commons/_allure.py\", line 192, in impl\n    return func(*a, **kw)\n           ^^^^^^^^^^^^^^\n  File \"/home/runner/work/kisangateway-test/kisangateway-test/pages/about_page.py\", line 20, in click_login_link\n    self.click(self.LOGIN_LINK)\n  File \"/home/runner/work/kisangateway-test/kisangateway-test/pages/base_page.py\", line 38, in click\n    el: WebElement = self.wait.until(\n                     ^^^^^^^^^^^^^^^^\n  File \"/home/runner/work/kisangateway-test/kisangateway-test/.venv/lib/python3.11/site-packages/selenium/webdriver/support/wait.py\", line 95, in until\n    raise TimeoutException(message, screen, stacktrace)\n","steps":[],"attachments":[],"parameters":[],"shouldDisplayMessage":true,"stepsCount":0,"attachmentsCount":0,"hasContent":true,"attachmentStep":false}],"attachments":[],"parameters":[],"shouldDisplayMessage":false,"stepsCount":1,"attachmentsCount":0,"hasContent":true,"attachmentStep":false}],"testStage":{"description":"Compare between the actual number of projects seen on page and the number shown in workspaces block","status":"broken","statusMessage":"selenium.common.exceptions.TimeoutException: Message: \nStacktrace:\n#0 0x56276ed4fe93 <unknown>\n#1 0x56276ea47ce6 <unknown>\n#2 0x56276ea92e48 <unknown>\n#3 0x56276ea92f01 <unknown>\n#4 0x56276ead63f4 <unknown>\n#5 0x56276eab4edd <unknown>\n#6 0x56276ead3899 <unknown>\n#7 0x56276eab4c53 <unknown>\n#8 0x56276ea85db3 <unknown>\n#9 0x56276ea8677e <unknown>\n#10 0x56276ed157cb <unknown>\n#11 0x56276ed197e5 <unknown>\n#12 0x56276ed030e1 <unknown>\n#13 0x56276ed1a372 <unknown>\n#14 0x56276ece71bf <unknown>\n#15 0x56276ed3e488 <unknown>\n#16 0x56276ed3e683 <unknown>\n#17 0x56276ed4f044 <unknown>\n#18 0x7fa129294ac3 <unknown>","statusTrace":"self = <tests.test_workspaces.TestWorkspaces object at 0x7f1fff0b1a90>\nsecret_data = {'email': '', 'password': ''}\n\n    @pytest.fixture(autouse=True)\n    def setup_method_fixture(self, secret_data: dict):\n>       login(secret_data, self.about_page, self.login_page)\n\ntests/test_workspaces.py:23: \n_ _ _ _ _ _ _ _ _ _ _ _ _ _ _ _ _ _ _ _ _ _ _ _ _ _ _ _ _ _ _ _ _ _ _ _ _ _ _ _ \ntests/test_workspaces.py:13: in login\n    about_page.click_login_link()\npages/about_page.py:20: in click_login_link\n    self.click(self.LOGIN_LINK)\npages/base_page.py:38: in click\n    el: WebElement = self.wait.until(\n_ _ _ _ _ _ _ _ _ _ _ _ _ _ _ _ _ _ _ _ _ _ _ _ _ _ _ _ _ _ _ _ _ _ _ _ _ _ _ _ \n\nself = <selenium.webdriver.support.wait.WebDriverWait (session=\"44151c487ac69f2f9fabd604c4e89876\")>\nmethod = <function element_to_be_clickable.<locals>._predicate at 0x7f1ffef95bc0>\nmessage = ''\n\n    def until(self, method, message: str = \"\"):\n        \"\"\"Calls the method provided with the driver as an argument until the \\\n        return value does not evaluate to ``False``.\n    \n        :param method: callable(WebDriver)\n        :param message: optional message for :exc:`TimeoutException`\n        :returns: the result of the last call to `method`\n        :raises: :exc:`selenium.common.exceptions.TimeoutException` if timeout occurs\n        \"\"\"\n        screen = None\n        stacktrace = None\n    \n        end_time = time.monotonic() + self._timeout\n        while True:\n            try:\n                value = method(self._driver)\n                if value:\n                    return value\n            except self._ignored_exceptions as exc:\n                screen = getattr(exc, \"screen\", None)\n                stacktrace = getattr(exc, \"stacktrace\", None)\n            time.sleep(self._poll)\n            if time.monotonic() > end_time:\n                break\n>       raise TimeoutException(message, screen, stacktrace)\nE       selenium.common.exceptions.TimeoutException: Message: \nE       Stacktrace:\nE       #0 0x56276ed4fe93 <unknown>\nE       #1 0x56276ea47ce6 <unknown>\nE       #2 0x56276ea92e48 <unknown>\nE       #3 0x56276ea92f01 <unknown>\nE       #4 0x56276ead63f4 <unknown>\nE       #5 0x56276eab4edd <unknown>\nE       #6 0x56276ead3899 <unknown>\nE       #7 0x56276eab4c53 <unknown>\nE       #8 0x56276ea85db3 <unknown>\nE       #9 0x56276ea8677e <unknown>\nE       #10 0x56276ed157cb <unknown>\nE       #11 0x56276ed197e5 <unknown>\nE       #12 0x56276ed030e1 <unknown>\nE       #13 0x56276ed1a372 <unknown>\nE       #14 0x56276ece71bf <unknown>\nE       #15 0x56276ed3e488 <unknown>\nE       #16 0x56276ed3e683 <unknown>\nE       #17 0x56276ed4f044 <unknown>\nE       #18 0x7fa129294ac3 <unknown>\n\n.venv/lib/python3.11/site-packages/selenium/webdriver/support/wait.py:95: TimeoutException","steps":[],"attachments":[{"uid":"ba8cab38ca339627","name":"public ip address","source":"ba8cab38ca339627.txt","type":"text/plain","size":11},{"uid":"8b9aa1056be59534","name":"Cookies","source":"8b9aa1056be59534.json","type":"application/json","size":526},{"uid":"adcc6ce070e55782","name":"Session Storage","source":"adcc6ce070e55782.json","type":"application/json","size":2},{"uid":"9e8d6ed924202a51","name":"Local Storage","source":"9e8d6ed924202a51.json","type":"application/json","size":77},{"uid":"9bcfd502ecc5d595","name":"Console Logs","source":"9bcfd502ecc5d595.json","type":"application/json","size":310},{"uid":"38c8f3e7bfe7bd8c","name":"Full Page Screenshot","source":"38c8f3e7bfe7bd8c.png","type":"image/png","size":2477225},{"uid":"b9434a06569bd921","name":"URL","source":"b9434a06569bd921.uri","type":"text/uri-list","size":25},{"uid":"7ee6b1a4389f3c1a","name":"Network Logs","source":"7ee6b1a4389f3c1a.json","type":"application/json","size":1285600}],"parameters":[],"shouldDisplayMessage":true,"stepsCount":0,"attachmentsCount":8,"hasContent":true,"attachmentStep":false},"afterStages":[],"labels":[{"name":"story","value":"WorkSpaces Creation and Editing Functionality"},{"name":"epic","value":"Workspaces"},{"name":"severity","value":"normal"},{"name":"tag","value":"run(order=4)"},{"name":"parentSuite","value":"tests"},{"name":"suite","value":"test_workspaces"},{"name":"subSuite","value":"TestWorkspaces"},{"name":"host","value":"fv-az1391-248"},{"name":"thread","value":"2368-MainThread"},{"name":"framework","value":"pytest"},{"name":"language","value":"cpython3"},{"name":"package","value":"tests.test_workspaces"},{"name":"resultFormat","value":"allure2"}],"parameters":[],"links":[],"hidden":false,"retry":false,"extra":{"severity":"normal","retries":[],"categories":[{"name":"Test defects","matchedStatuses":[],"flaky":false}],"tags":["run(order=4)"]},"source":"dba15d50bf1be372.json","parameterValues":[]}