{"uid":"17be28fa4acb8d29","name":"Delete existing workspace","fullName":"tests.test_workspaces.TestWorkspaces#test_delete_workspace","historyId":"426122535a758ca0ac1fcc53a87d9a4f","time":{"start":1706403986945,"stop":1706403986945,"duration":0},"description":"Delete an existing workspace","descriptionHtml":"<p>Delete an existing workspace</p>\n","status":"broken","statusMessage":"selenium.common.exceptions.TimeoutException: Message: \nStacktrace:\n#0 0x55bc6ab62f83 <unknown>\n#1 0x55bc6a81bcf7 <unknown>\n#2 0x55bc6a86b99e <unknown>\n#3 0x55bc6a86baa1 <unknown>\n#4 0x55bc6a8b6d64 <unknown>\n#5 0x55bc6a8950dd <unknown>\n#6 0x55bc6a8b4006 <unknown>\n#7 0x55bc6a894e53 <unknown>\n#8 0x55bc6a85cdd4 <unknown>\n#9 0x55bc6a85e1de <unknown>\n#10 0x55bc6ab27531 <unknown>\n#11 0x55bc6ab2b455 <unknown>\n#12 0x55bc6ab13f55 <unknown>\n#13 0x55bc6ab2c0ef <unknown>\n#14 0x55bc6aaf799f <unknown>\n#15 0x55bc6ab50008 <unknown>\n#16 0x55bc6ab501d7 <unknown>\n#17 0x55bc6ab62124 <unknown>\n#18 0x7fa280694ac3 <unknown>","statusTrace":"self = <tests.test_workspaces.TestWorkspaces object at 0x7fc0cd50c910>\nsecret_data = {'email': '', 'password': ''}\n\n    @pytest.fixture(autouse=True)\n    def setup_method_fixture(self, secret_data: dict):\n>       login(secret_data, self.about_page, self.login_page)\n\ntests/test_workspaces.py:23: \n_ _ _ _ _ _ _ _ _ _ _ _ _ _ _ _ _ _ _ _ _ _ _ _ _ _ _ _ _ _ _ _ _ _ _ _ _ _ _ _ \ntests/test_workspaces.py:13: in login\n    about_page.click_login_link()\npages/about_page.py:20: in click_login_link\n    self.click(self.LOGIN_LINK)\npages/base_page.py:38: in click\n    el: WebElement = self.wait.until(\n_ _ _ _ _ _ _ _ _ _ _ _ _ _ _ _ _ _ _ _ _ _ _ _ _ _ _ _ _ _ _ _ _ _ _ _ _ _ _ _ \n\nself = <selenium.webdriver.support.wait.WebDriverWait (session=\"c29d0173c3e9b50047f134baa4af9151\")>\nmethod = <function element_to_be_clickable.<locals>._predicate at 0x7fc0cd341440>\nmessage = ''\n\n    def until(self, method, message: str = \"\"):\n        \"\"\"Calls the method provided with the driver as an argument until the \\\n        return value does not evaluate to ``False``.\n    \n        :param method: callable(WebDriver)\n        :param message: optional message for :exc:`TimeoutException`\n        :returns: the result of the last call to `method`\n        :raises: :exc:`selenium.common.exceptions.TimeoutException` if timeout occurs\n        \"\"\"\n        screen = None\n        stacktrace = None\n    \n        end_time = time.monotonic() + self._timeout\n        while True:\n            try:\n                value = method(self._driver)\n                if value:\n                    return value\n            except self._ignored_exceptions as exc:\n                screen = getattr(exc, \"screen\", None)\n                stacktrace = getattr(exc, \"stacktrace\", None)\n            time.sleep(self._poll)\n            if time.monotonic() > end_time:\n                break\n>       raise TimeoutException(message, screen, stacktrace)\nE       selenium.common.exceptions.TimeoutException: Message: \nE       Stacktrace:\nE       #0 0x55bc6ab62f83 <unknown>\nE       #1 0x55bc6a81bcf7 <unknown>\nE       #2 0x55bc6a86b99e <unknown>\nE       #3 0x55bc6a86baa1 <unknown>\nE       #4 0x55bc6a8b6d64 <unknown>\nE       #5 0x55bc6a8950dd <unknown>\nE       #6 0x55bc6a8b4006 <unknown>\nE       #7 0x55bc6a894e53 <unknown>\nE       #8 0x55bc6a85cdd4 <unknown>\nE       #9 0x55bc6a85e1de <unknown>\nE       #10 0x55bc6ab27531 <unknown>\nE       #11 0x55bc6ab2b455 <unknown>\nE       #12 0x55bc6ab13f55 <unknown>\nE       #13 0x55bc6ab2c0ef <unknown>\nE       #14 0x55bc6aaf799f <unknown>\nE       #15 0x55bc6ab50008 <unknown>\nE       #16 0x55bc6ab501d7 <unknown>\nE       #17 0x55bc6ab62124 <unknown>\nE       #18 0x7fa280694ac3 <unknown>\n\n.venv/lib/python3.11/site-packages/selenium/webdriver/support/wait.py:95: TimeoutException","flaky":false,"newFailed":false,"newBroken":false,"newPassed":false,"retriesCount":0,"retriesStatusChange":false,"beforeStages":[{"name":"base_url","time":{"start":1706403911294,"stop":1706403911294,"duration":0},"status":"passed","steps":[],"attachments":[],"parameters":[],"shouldDisplayMessage":false,"stepsCount":0,"attachmentsCount":0,"hasContent":false,"attachmentStep":false},{"name":"_verify_url","time":{"start":1706403911294,"stop":1706403911294,"duration":0},"status":"passed","steps":[],"attachments":[],"parameters":[],"shouldDisplayMessage":false,"stepsCount":0,"attachmentsCount":0,"hasContent":false,"attachmentStep":false},{"name":"secret_data","time":{"start":1706403911295,"stop":1706403911295,"duration":0},"status":"passed","steps":[],"attachments":[],"parameters":[],"shouldDisplayMessage":false,"stepsCount":0,"attachmentsCount":0,"hasContent":false,"attachmentStep":false},{"name":"setup_method_fixture","time":{"start":1706403988088,"stop":1706403998282,"duration":10194},"status":"broken","statusMessage":"selenium.common.exceptions.TimeoutException: Message: \nStacktrace:\n#0 0x55bc6ab62f83 <unknown>\n#1 0x55bc6a81bcf7 <unknown>\n#2 0x55bc6a86b99e <unknown>\n#3 0x55bc6a86baa1 <unknown>\n#4 0x55bc6a8b6d64 <unknown>\n#5 0x55bc6a8950dd <unknown>\n#6 0x55bc6a8b4006 <unknown>\n#7 0x55bc6a894e53 <unknown>\n#8 0x55bc6a85cdd4 <unknown>\n#9 0x55bc6a85e1de <unknown>\n#10 0x55bc6ab27531 <unknown>\n#11 0x55bc6ab2b455 <unknown>\n#12 0x55bc6ab13f55 <unknown>\n#13 0x55bc6ab2c0ef <unknown>\n#14 0x55bc6aaf799f <unknown>\n#15 0x55bc6ab50008 <unknown>\n#16 0x55bc6ab501d7 <unknown>\n#17 0x55bc6ab62124 <unknown>\n#18 0x7fa280694ac3 <unknown>\n\n","statusTrace":"  File \"/home/runner/work/kisangateway-test/kisangateway-test/.venv/lib/python3.11/site-packages/pluggy/_callers.py\", line 80, in _multicall\n    res = hook_impl.function(*args)\n          ^^^^^^^^^^^^^^^^^^^^^^^^^\n  File \"/home/runner/work/kisangateway-test/kisangateway-test/.venv/lib/python3.11/site-packages/_pytest/fixtures.py\", line 1123, in pytest_fixture_setup\n    result = call_fixture_func(fixturefunc, request, kwargs)\n             ^^^^^^^^^^^^^^^^^^^^^^^^^^^^^^^^^^^^^^^^^^^^^^^\n  File \"/home/runner/work/kisangateway-test/kisangateway-test/.venv/lib/python3.11/site-packages/_pytest/fixtures.py\", line 902, in call_fixture_func\n    fixture_result = fixturefunc(**kwargs)\n                     ^^^^^^^^^^^^^^^^^^^^^\n  File \"/home/runner/work/kisangateway-test/kisangateway-test/tests/test_workspaces.py\", line 23, in setup_method_fixture\n    login(secret_data, self.about_page, self.login_page)\n  File \"/home/runner/work/kisangateway-test/kisangateway-test/tests/test_workspaces.py\", line 13, in login\n    about_page.click_login_link()\n  File \"/home/runner/work/kisangateway-test/kisangateway-test/.venv/lib/python3.11/site-packages/allure_commons/_allure.py\", line 192, in impl\n    return func(*a, **kw)\n           ^^^^^^^^^^^^^^\n  File \"/home/runner/work/kisangateway-test/kisangateway-test/pages/about_page.py\", line 20, in click_login_link\n    self.click(self.LOGIN_LINK)\n  File \"/home/runner/work/kisangateway-test/kisangateway-test/pages/base_page.py\", line 38, in click\n    el: WebElement = self.wait.until(\n                     ^^^^^^^^^^^^^^^^\n  File \"/home/runner/work/kisangateway-test/kisangateway-test/.venv/lib/python3.11/site-packages/selenium/webdriver/support/wait.py\", line 95, in until\n    raise TimeoutException(message, screen, stacktrace)\n","steps":[{"name":"Click Login link","time":{"start":1706403988088,"stop":1706403998282,"duration":10194},"status":"broken","statusMessage":"selenium.common.exceptions.TimeoutException: Message: \nStacktrace:\n#0 0x55bc6ab62f83 <unknown>\n#1 0x55bc6a81bcf7 <unknown>\n#2 0x55bc6a86b99e <unknown>\n#3 0x55bc6a86baa1 <unknown>\n#4 0x55bc6a8b6d64 <unknown>\n#5 0x55bc6a8950dd <unknown>\n#6 0x55bc6a8b4006 <unknown>\n#7 0x55bc6a894e53 <unknown>\n#8 0x55bc6a85cdd4 <unknown>\n#9 0x55bc6a85e1de <unknown>\n#10 0x55bc6ab27531 <unknown>\n#11 0x55bc6ab2b455 <unknown>\n#12 0x55bc6ab13f55 <unknown>\n#13 0x55bc6ab2c0ef <unknown>\n#14 0x55bc6aaf799f <unknown>\n#15 0x55bc6ab50008 <unknown>\n#16 0x55bc6ab501d7 <unknown>\n#17 0x55bc6ab62124 <unknown>\n#18 0x7fa280694ac3 <unknown>\n\n","statusTrace":"  File \"/home/runner/work/kisangateway-test/kisangateway-test/.venv/lib/python3.11/site-packages/allure_commons/_allure.py\", line 192, in impl\n    return func(*a, **kw)\n           ^^^^^^^^^^^^^^\n  File \"/home/runner/work/kisangateway-test/kisangateway-test/pages/about_page.py\", line 20, in click_login_link\n    self.click(self.LOGIN_LINK)\n  File \"/home/runner/work/kisangateway-test/kisangateway-test/pages/base_page.py\", line 38, in click\n    el: WebElement = self.wait.until(\n                     ^^^^^^^^^^^^^^^^\n  File \"/home/runner/work/kisangateway-test/kisangateway-test/.venv/lib/python3.11/site-packages/selenium/webdriver/support/wait.py\", line 95, in until\n    raise TimeoutException(message, screen, stacktrace)\n","steps":[],"attachments":[],"parameters":[],"shouldDisplayMessage":true,"stepsCount":0,"attachmentsCount":0,"hasContent":true,"attachmentStep":false}],"attachments":[],"parameters":[],"shouldDisplayMessage":false,"stepsCount":1,"attachmentsCount":0,"hasContent":true,"attachmentStep":false}],"testStage":{"description":"Delete an existing workspace","status":"broken","statusMessage":"selenium.common.exceptions.TimeoutException: Message: \nStacktrace:\n#0 0x55bc6ab62f83 <unknown>\n#1 0x55bc6a81bcf7 <unknown>\n#2 0x55bc6a86b99e <unknown>\n#3 0x55bc6a86baa1 <unknown>\n#4 0x55bc6a8b6d64 <unknown>\n#5 0x55bc6a8950dd <unknown>\n#6 0x55bc6a8b4006 <unknown>\n#7 0x55bc6a894e53 <unknown>\n#8 0x55bc6a85cdd4 <unknown>\n#9 0x55bc6a85e1de <unknown>\n#10 0x55bc6ab27531 <unknown>\n#11 0x55bc6ab2b455 <unknown>\n#12 0x55bc6ab13f55 <unknown>\n#13 0x55bc6ab2c0ef <unknown>\n#14 0x55bc6aaf799f <unknown>\n#15 0x55bc6ab50008 <unknown>\n#16 0x55bc6ab501d7 <unknown>\n#17 0x55bc6ab62124 <unknown>\n#18 0x7fa280694ac3 <unknown>","statusTrace":"self = <tests.test_workspaces.TestWorkspaces object at 0x7fc0cd50c910>\nsecret_data = {'email': '', 'password': ''}\n\n    @pytest.fixture(autouse=True)\n    def setup_method_fixture(self, secret_data: dict):\n>       login(secret_data, self.about_page, self.login_page)\n\ntests/test_workspaces.py:23: \n_ _ _ _ _ _ _ _ _ _ _ _ _ _ _ _ _ _ _ _ _ _ _ _ _ _ _ _ _ _ _ _ _ _ _ _ _ _ _ _ \ntests/test_workspaces.py:13: in login\n    about_page.click_login_link()\npages/about_page.py:20: in click_login_link\n    self.click(self.LOGIN_LINK)\npages/base_page.py:38: in click\n    el: WebElement = self.wait.until(\n_ _ _ _ _ _ _ _ _ _ _ _ _ _ _ _ _ _ _ _ _ _ _ _ _ _ _ _ _ _ _ _ _ _ _ _ _ _ _ _ \n\nself = <selenium.webdriver.support.wait.WebDriverWait (session=\"c29d0173c3e9b50047f134baa4af9151\")>\nmethod = <function element_to_be_clickable.<locals>._predicate at 0x7fc0cd341440>\nmessage = ''\n\n    def until(self, method, message: str = \"\"):\n        \"\"\"Calls the method provided with the driver as an argument until the \\\n        return value does not evaluate to ``False``.\n    \n        :param method: callable(WebDriver)\n        :param message: optional message for :exc:`TimeoutException`\n        :returns: the result of the last call to `method`\n        :raises: :exc:`selenium.common.exceptions.TimeoutException` if timeout occurs\n        \"\"\"\n        screen = None\n        stacktrace = None\n    \n        end_time = time.monotonic() + self._timeout\n        while True:\n            try:\n                value = method(self._driver)\n                if value:\n                    return value\n            except self._ignored_exceptions as exc:\n                screen = getattr(exc, \"screen\", None)\n                stacktrace = getattr(exc, \"stacktrace\", None)\n            time.sleep(self._poll)\n            if time.monotonic() > end_time:\n                break\n>       raise TimeoutException(message, screen, stacktrace)\nE       selenium.common.exceptions.TimeoutException: Message: \nE       Stacktrace:\nE       #0 0x55bc6ab62f83 <unknown>\nE       #1 0x55bc6a81bcf7 <unknown>\nE       #2 0x55bc6a86b99e <unknown>\nE       #3 0x55bc6a86baa1 <unknown>\nE       #4 0x55bc6a8b6d64 <unknown>\nE       #5 0x55bc6a8950dd <unknown>\nE       #6 0x55bc6a8b4006 <unknown>\nE       #7 0x55bc6a894e53 <unknown>\nE       #8 0x55bc6a85cdd4 <unknown>\nE       #9 0x55bc6a85e1de <unknown>\nE       #10 0x55bc6ab27531 <unknown>\nE       #11 0x55bc6ab2b455 <unknown>\nE       #12 0x55bc6ab13f55 <unknown>\nE       #13 0x55bc6ab2c0ef <unknown>\nE       #14 0x55bc6aaf799f <unknown>\nE       #15 0x55bc6ab50008 <unknown>\nE       #16 0x55bc6ab501d7 <unknown>\nE       #17 0x55bc6ab62124 <unknown>\nE       #18 0x7fa280694ac3 <unknown>\n\n.venv/lib/python3.11/site-packages/selenium/webdriver/support/wait.py:95: TimeoutException","steps":[],"attachments":[{"uid":"f6fd021258819012","name":"public ip address","source":"f6fd021258819012.txt","type":"text/plain","size":13},{"uid":"dcba8c81107a0988","name":"Cookies","source":"dcba8c81107a0988.json","type":"application/json","size":2},{"uid":"7332da24f19bd1fb","name":"Session Storage","source":"7332da24f19bd1fb.json","type":"application/json","size":2},{"uid":"48fbd012c7386fa1","name":"Local Storage","source":"48fbd012c7386fa1.json","type":"application/json","size":77},{"uid":"bb09828de34582fc","name":"Console Logs","source":"bb09828de34582fc.json","type":"application/json","size":599},{"uid":"a752e70f8abe7c28","name":"Full Page Screenshot","source":"a752e70f8abe7c28.png","type":"image/png","size":2647721},{"uid":"7a25ee462475ac84","name":"URL","source":"7a25ee462475ac84.uri","type":"text/uri-list","size":25},{"uid":"8ae099939dbacdd7","name":"Network Logs","source":"8ae099939dbacdd7.json","type":"application/json","size":1234434}],"parameters":[],"shouldDisplayMessage":true,"stepsCount":0,"attachmentsCount":8,"hasContent":true,"attachmentStep":false},"afterStages":[],"labels":[{"name":"story","value":"WorkSpaces Creation and Editing Functionality"},{"name":"severity","value":"normal"},{"name":"epic","value":"Workspaces"},{"name":"tag","value":"run(order=3)"},{"name":"parentSuite","value":"tests"},{"name":"suite","value":"test_workspaces"},{"name":"subSuite","value":"TestWorkspaces"},{"name":"host","value":"fv-az1567-176"},{"name":"thread","value":"2195-MainThread"},{"name":"framework","value":"pytest"},{"name":"language","value":"cpython3"},{"name":"package","value":"tests.test_workspaces"},{"name":"resultFormat","value":"allure2"}],"parameters":[],"links":[],"hidden":false,"retry":false,"extra":{"severity":"normal","retries":[],"categories":[{"name":"Test defects","matchedStatuses":[],"flaky":false}],"tags":["run(order=3)"]},"source":"17be28fa4acb8d29.json","parameterValues":[]}