{"uid":"ad97903d241c46ed","name":"Delete existing project","fullName":"tests.test_workspaces.TestWorkspaces#test_delete_project","historyId":"ec4959b9902b11e4378ec1736393f0f6","time":{"start":1706404062586,"stop":1706404062586,"duration":0},"description":"Deleting an existing project from workspace","descriptionHtml":"<p>Deleting an existing project from workspace</p>\n","status":"broken","statusMessage":"selenium.common.exceptions.TimeoutException: Message: \nStacktrace:\n#0 0x5561035d1f83 <unknown>\n#1 0x55610328acf7 <unknown>\n#2 0x5561032da99e <unknown>\n#3 0x5561032daaa1 <unknown>\n#4 0x556103325d64 <unknown>\n#5 0x5561033040dd <unknown>\n#6 0x556103323006 <unknown>\n#7 0x556103303e53 <unknown>\n#8 0x5561032cbdd4 <unknown>\n#9 0x5561032cd1de <unknown>\n#10 0x556103596531 <unknown>\n#11 0x55610359a455 <unknown>\n#12 0x556103582f55 <unknown>\n#13 0x55610359b0ef <unknown>\n#14 0x55610356699f <unknown>\n#15 0x5561035bf008 <unknown>\n#16 0x5561035bf1d7 <unknown>\n#17 0x5561035d1124 <unknown>\n#18 0x7f3ab3894ac3 <unknown>","statusTrace":"self = <tests.test_workspaces.TestWorkspaces object at 0x7fc0cd50fc10>\nsecret_data = {'email': '', 'password': ''}\n\n    @pytest.fixture(autouse=True)\n    def setup_method_fixture(self, secret_data: dict):\n>       login(secret_data, self.about_page, self.login_page)\n\ntests/test_workspaces.py:23: \n_ _ _ _ _ _ _ _ _ _ _ _ _ _ _ _ _ _ _ _ _ _ _ _ _ _ _ _ _ _ _ _ _ _ _ _ _ _ _ _ \ntests/test_workspaces.py:13: in login\n    about_page.click_login_link()\npages/about_page.py:20: in click_login_link\n    self.click(self.LOGIN_LINK)\npages/base_page.py:38: in click\n    el: WebElement = self.wait.until(\n_ _ _ _ _ _ _ _ _ _ _ _ _ _ _ _ _ _ _ _ _ _ _ _ _ _ _ _ _ _ _ _ _ _ _ _ _ _ _ _ \n\nself = <selenium.webdriver.support.wait.WebDriverWait (session=\"3e81a70093cad70a034f025592b71b33\")>\nmethod = <function element_to_be_clickable.<locals>._predicate at 0x7fc0cd1ca700>\nmessage = ''\n\n    def until(self, method, message: str = \"\"):\n        \"\"\"Calls the method provided with the driver as an argument until the \\\n        return value does not evaluate to ``False``.\n    \n        :param method: callable(WebDriver)\n        :param message: optional message for :exc:`TimeoutException`\n        :returns: the result of the last call to `method`\n        :raises: :exc:`selenium.common.exceptions.TimeoutException` if timeout occurs\n        \"\"\"\n        screen = None\n        stacktrace = None\n    \n        end_time = time.monotonic() + self._timeout\n        while True:\n            try:\n                value = method(self._driver)\n                if value:\n                    return value\n            except self._ignored_exceptions as exc:\n                screen = getattr(exc, \"screen\", None)\n                stacktrace = getattr(exc, \"stacktrace\", None)\n            time.sleep(self._poll)\n            if time.monotonic() > end_time:\n                break\n>       raise TimeoutException(message, screen, stacktrace)\nE       selenium.common.exceptions.TimeoutException: Message: \nE       Stacktrace:\nE       #0 0x5561035d1f83 <unknown>\nE       #1 0x55610328acf7 <unknown>\nE       #2 0x5561032da99e <unknown>\nE       #3 0x5561032daaa1 <unknown>\nE       #4 0x556103325d64 <unknown>\nE       #5 0x5561033040dd <unknown>\nE       #6 0x556103323006 <unknown>\nE       #7 0x556103303e53 <unknown>\nE       #8 0x5561032cbdd4 <unknown>\nE       #9 0x5561032cd1de <unknown>\nE       #10 0x556103596531 <unknown>\nE       #11 0x55610359a455 <unknown>\nE       #12 0x556103582f55 <unknown>\nE       #13 0x55610359b0ef <unknown>\nE       #14 0x55610356699f <unknown>\nE       #15 0x5561035bf008 <unknown>\nE       #16 0x5561035bf1d7 <unknown>\nE       #17 0x5561035d1124 <unknown>\nE       #18 0x7f3ab3894ac3 <unknown>\n\n.venv/lib/python3.11/site-packages/selenium/webdriver/support/wait.py:95: TimeoutException","flaky":false,"newFailed":false,"newBroken":false,"newPassed":false,"retriesCount":0,"retriesStatusChange":false,"beforeStages":[{"name":"base_url","time":{"start":1706403911294,"stop":1706403911294,"duration":0},"status":"passed","steps":[],"attachments":[],"parameters":[],"shouldDisplayMessage":false,"stepsCount":0,"attachmentsCount":0,"hasContent":false,"attachmentStep":false},{"name":"_verify_url","time":{"start":1706403911294,"stop":1706403911294,"duration":0},"status":"passed","steps":[],"attachments":[],"parameters":[],"shouldDisplayMessage":false,"stepsCount":0,"attachmentsCount":0,"hasContent":false,"attachmentStep":false},{"name":"secret_data","time":{"start":1706403911295,"stop":1706403911295,"duration":0},"status":"passed","steps":[],"attachments":[],"parameters":[],"shouldDisplayMessage":false,"stepsCount":0,"attachmentsCount":0,"hasContent":false,"attachmentStep":false},{"name":"json_data","time":{"start":1706403911295,"stop":1706403911295,"duration":0},"status":"passed","steps":[],"attachments":[],"parameters":[],"shouldDisplayMessage":false,"stepsCount":0,"attachmentsCount":0,"hasContent":false,"attachmentStep":false},{"name":"setup_method_fixture","time":{"start":1706404063768,"stop":1706404073960,"duration":10192},"status":"broken","statusMessage":"selenium.common.exceptions.TimeoutException: Message: \nStacktrace:\n#0 0x5561035d1f83 <unknown>\n#1 0x55610328acf7 <unknown>\n#2 0x5561032da99e <unknown>\n#3 0x5561032daaa1 <unknown>\n#4 0x556103325d64 <unknown>\n#5 0x5561033040dd <unknown>\n#6 0x556103323006 <unknown>\n#7 0x556103303e53 <unknown>\n#8 0x5561032cbdd4 <unknown>\n#9 0x5561032cd1de <unknown>\n#10 0x556103596531 <unknown>\n#11 0x55610359a455 <unknown>\n#12 0x556103582f55 <unknown>\n#13 0x55610359b0ef <unknown>\n#14 0x55610356699f <unknown>\n#15 0x5561035bf008 <unknown>\n#16 0x5561035bf1d7 <unknown>\n#17 0x5561035d1124 <unknown>\n#18 0x7f3ab3894ac3 <unknown>\n\n","statusTrace":"  File \"/home/runner/work/kisangateway-test/kisangateway-test/.venv/lib/python3.11/site-packages/pluggy/_callers.py\", line 80, in _multicall\n    res = hook_impl.function(*args)\n          ^^^^^^^^^^^^^^^^^^^^^^^^^\n  File \"/home/runner/work/kisangateway-test/kisangateway-test/.venv/lib/python3.11/site-packages/_pytest/fixtures.py\", line 1123, in pytest_fixture_setup\n    result = call_fixture_func(fixturefunc, request, kwargs)\n             ^^^^^^^^^^^^^^^^^^^^^^^^^^^^^^^^^^^^^^^^^^^^^^^\n  File \"/home/runner/work/kisangateway-test/kisangateway-test/.venv/lib/python3.11/site-packages/_pytest/fixtures.py\", line 902, in call_fixture_func\n    fixture_result = fixturefunc(**kwargs)\n                     ^^^^^^^^^^^^^^^^^^^^^\n  File \"/home/runner/work/kisangateway-test/kisangateway-test/tests/test_workspaces.py\", line 23, in setup_method_fixture\n    login(secret_data, self.about_page, self.login_page)\n  File \"/home/runner/work/kisangateway-test/kisangateway-test/tests/test_workspaces.py\", line 13, in login\n    about_page.click_login_link()\n  File \"/home/runner/work/kisangateway-test/kisangateway-test/.venv/lib/python3.11/site-packages/allure_commons/_allure.py\", line 192, in impl\n    return func(*a, **kw)\n           ^^^^^^^^^^^^^^\n  File \"/home/runner/work/kisangateway-test/kisangateway-test/pages/about_page.py\", line 20, in click_login_link\n    self.click(self.LOGIN_LINK)\n  File \"/home/runner/work/kisangateway-test/kisangateway-test/pages/base_page.py\", line 38, in click\n    el: WebElement = self.wait.until(\n                     ^^^^^^^^^^^^^^^^\n  File \"/home/runner/work/kisangateway-test/kisangateway-test/.venv/lib/python3.11/site-packages/selenium/webdriver/support/wait.py\", line 95, in until\n    raise TimeoutException(message, screen, stacktrace)\n","steps":[{"name":"Click Login link","time":{"start":1706404063768,"stop":1706404073960,"duration":10192},"status":"broken","statusMessage":"selenium.common.exceptions.TimeoutException: Message: \nStacktrace:\n#0 0x5561035d1f83 <unknown>\n#1 0x55610328acf7 <unknown>\n#2 0x5561032da99e <unknown>\n#3 0x5561032daaa1 <unknown>\n#4 0x556103325d64 <unknown>\n#5 0x5561033040dd <unknown>\n#6 0x556103323006 <unknown>\n#7 0x556103303e53 <unknown>\n#8 0x5561032cbdd4 <unknown>\n#9 0x5561032cd1de <unknown>\n#10 0x556103596531 <unknown>\n#11 0x55610359a455 <unknown>\n#12 0x556103582f55 <unknown>\n#13 0x55610359b0ef <unknown>\n#14 0x55610356699f <unknown>\n#15 0x5561035bf008 <unknown>\n#16 0x5561035bf1d7 <unknown>\n#17 0x5561035d1124 <unknown>\n#18 0x7f3ab3894ac3 <unknown>\n\n","statusTrace":"  File \"/home/runner/work/kisangateway-test/kisangateway-test/.venv/lib/python3.11/site-packages/allure_commons/_allure.py\", line 192, in impl\n    return func(*a, **kw)\n           ^^^^^^^^^^^^^^\n  File \"/home/runner/work/kisangateway-test/kisangateway-test/pages/about_page.py\", line 20, in click_login_link\n    self.click(self.LOGIN_LINK)\n  File \"/home/runner/work/kisangateway-test/kisangateway-test/pages/base_page.py\", line 38, in click\n    el: WebElement = self.wait.until(\n                     ^^^^^^^^^^^^^^^^\n  File \"/home/runner/work/kisangateway-test/kisangateway-test/.venv/lib/python3.11/site-packages/selenium/webdriver/support/wait.py\", line 95, in until\n    raise TimeoutException(message, screen, stacktrace)\n","steps":[],"attachments":[],"parameters":[],"shouldDisplayMessage":true,"stepsCount":0,"attachmentsCount":0,"hasContent":true,"attachmentStep":false}],"attachments":[],"parameters":[],"shouldDisplayMessage":false,"stepsCount":1,"attachmentsCount":0,"hasContent":true,"attachmentStep":false}],"testStage":{"description":"Deleting an existing project from workspace","status":"broken","statusMessage":"selenium.common.exceptions.TimeoutException: Message: \nStacktrace:\n#0 0x5561035d1f83 <unknown>\n#1 0x55610328acf7 <unknown>\n#2 0x5561032da99e <unknown>\n#3 0x5561032daaa1 <unknown>\n#4 0x556103325d64 <unknown>\n#5 0x5561033040dd <unknown>\n#6 0x556103323006 <unknown>\n#7 0x556103303e53 <unknown>\n#8 0x5561032cbdd4 <unknown>\n#9 0x5561032cd1de <unknown>\n#10 0x556103596531 <unknown>\n#11 0x55610359a455 <unknown>\n#12 0x556103582f55 <unknown>\n#13 0x55610359b0ef <unknown>\n#14 0x55610356699f <unknown>\n#15 0x5561035bf008 <unknown>\n#16 0x5561035bf1d7 <unknown>\n#17 0x5561035d1124 <unknown>\n#18 0x7f3ab3894ac3 <unknown>","statusTrace":"self = <tests.test_workspaces.TestWorkspaces object at 0x7fc0cd50fc10>\nsecret_data = {'email': '', 'password': ''}\n\n    @pytest.fixture(autouse=True)\n    def setup_method_fixture(self, secret_data: dict):\n>       login(secret_data, self.about_page, self.login_page)\n\ntests/test_workspaces.py:23: \n_ _ _ _ _ _ _ _ _ _ _ _ _ _ _ _ _ _ _ _ _ _ _ _ _ _ _ _ _ _ _ _ _ _ _ _ _ _ _ _ \ntests/test_workspaces.py:13: in login\n    about_page.click_login_link()\npages/about_page.py:20: in click_login_link\n    self.click(self.LOGIN_LINK)\npages/base_page.py:38: in click\n    el: WebElement = self.wait.until(\n_ _ _ _ _ _ _ _ _ _ _ _ _ _ _ _ _ _ _ _ _ _ _ _ _ _ _ _ _ _ _ _ _ _ _ _ _ _ _ _ \n\nself = <selenium.webdriver.support.wait.WebDriverWait (session=\"3e81a70093cad70a034f025592b71b33\")>\nmethod = <function element_to_be_clickable.<locals>._predicate at 0x7fc0cd1ca700>\nmessage = ''\n\n    def until(self, method, message: str = \"\"):\n        \"\"\"Calls the method provided with the driver as an argument until the \\\n        return value does not evaluate to ``False``.\n    \n        :param method: callable(WebDriver)\n        :param message: optional message for :exc:`TimeoutException`\n        :returns: the result of the last call to `method`\n        :raises: :exc:`selenium.common.exceptions.TimeoutException` if timeout occurs\n        \"\"\"\n        screen = None\n        stacktrace = None\n    \n        end_time = time.monotonic() + self._timeout\n        while True:\n            try:\n                value = method(self._driver)\n                if value:\n                    return value\n            except self._ignored_exceptions as exc:\n                screen = getattr(exc, \"screen\", None)\n                stacktrace = getattr(exc, \"stacktrace\", None)\n            time.sleep(self._poll)\n            if time.monotonic() > end_time:\n                break\n>       raise TimeoutException(message, screen, stacktrace)\nE       selenium.common.exceptions.TimeoutException: Message: \nE       Stacktrace:\nE       #0 0x5561035d1f83 <unknown>\nE       #1 0x55610328acf7 <unknown>\nE       #2 0x5561032da99e <unknown>\nE       #3 0x5561032daaa1 <unknown>\nE       #4 0x556103325d64 <unknown>\nE       #5 0x5561033040dd <unknown>\nE       #6 0x556103323006 <unknown>\nE       #7 0x556103303e53 <unknown>\nE       #8 0x5561032cbdd4 <unknown>\nE       #9 0x5561032cd1de <unknown>\nE       #10 0x556103596531 <unknown>\nE       #11 0x55610359a455 <unknown>\nE       #12 0x556103582f55 <unknown>\nE       #13 0x55610359b0ef <unknown>\nE       #14 0x55610356699f <unknown>\nE       #15 0x5561035bf008 <unknown>\nE       #16 0x5561035bf1d7 <unknown>\nE       #17 0x5561035d1124 <unknown>\nE       #18 0x7f3ab3894ac3 <unknown>\n\n.venv/lib/python3.11/site-packages/selenium/webdriver/support/wait.py:95: TimeoutException","steps":[],"attachments":[{"uid":"af9547e5db823989","name":"public ip address","source":"af9547e5db823989.txt","type":"text/plain","size":13},{"uid":"ee69a56bf048f595","name":"Cookies","source":"ee69a56bf048f595.json","type":"application/json","size":2},{"uid":"c5e4c14bf919e7c2","name":"Session Storage","source":"c5e4c14bf919e7c2.json","type":"application/json","size":2},{"uid":"f1a8cc08804d8244","name":"Local Storage","source":"f1a8cc08804d8244.json","type":"application/json","size":77},{"uid":"3a5035dbd0c02bc1","name":"Console Logs","source":"3a5035dbd0c02bc1.json","type":"application/json","size":599},{"uid":"543423bdcd2ecb04","name":"Full Page Screenshot","source":"543423bdcd2ecb04.png","type":"image/png","size":2647721},{"uid":"41bbeb8828f9ee23","name":"URL","source":"41bbeb8828f9ee23.uri","type":"text/uri-list","size":25},{"uid":"aad8cdac71a8fa4d","name":"Network Logs","source":"aad8cdac71a8fa4d.json","type":"application/json","size":1234479}],"parameters":[],"shouldDisplayMessage":true,"stepsCount":0,"attachmentsCount":8,"hasContent":true,"attachmentStep":false},"afterStages":[],"labels":[{"name":"story","value":"WorkSpaces Creation and Editing Functionality"},{"name":"severity","value":"normal"},{"name":"epic","value":"Workspaces"},{"name":"tag","value":"run(order=9)"},{"name":"parentSuite","value":"tests"},{"name":"suite","value":"test_workspaces"},{"name":"subSuite","value":"TestWorkspaces"},{"name":"host","value":"fv-az1567-176"},{"name":"thread","value":"2195-MainThread"},{"name":"framework","value":"pytest"},{"name":"language","value":"cpython3"},{"name":"package","value":"tests.test_workspaces"},{"name":"resultFormat","value":"allure2"}],"parameters":[],"links":[],"hidden":false,"retry":false,"extra":{"severity":"normal","retries":[],"categories":[{"name":"Test defects","matchedStatuses":[],"flaky":false}],"tags":["run(order=9)"]},"source":"ad97903d241c46ed.json","parameterValues":[]}