{"uid":"e71d39f9162322ee","name":"Exception test","fullName":"tests.test_forgot_password.TestForgotPassword#test_expected_exception_on_page_title","historyId":"cf4fc082d0d58c4cc0a6263c56ab7f00","time":{"start":1701565832621,"stop":1701565842812,"duration":10191},"description":"Exception catching","descriptionHtml":"<p>Exception catching</p>\n","status":"broken","statusMessage":"selenium.common.exceptions.TimeoutException: Message: \nStacktrace:\n#0 0x55ded0c2b5e3 <unknown>\n#1 0x55ded08ee0b7 <unknown>\n#2 0x55ded093bf53 <unknown>\n#3 0x55ded093c051 <unknown>\n#4 0x55ded09819c4 <unknown>\n#5 0x55ded0962f1d <unknown>\n#6 0x55ded097eb3d <unknown>\n#7 0x55ded0962cc3 <unknown>\n#8 0x55ded092e0e4 <unknown>\n#9 0x55ded092f0ae <unknown>\n#10 0x55ded0bf1ce1 <unknown>\n#11 0x55ded0bf5b7e <unknown>\n#12 0x55ded0bdf4b5 <unknown>\n#13 0x55ded0bf67d6 <unknown>\n#14 0x55ded0bc2dbf <unknown>\n#15 0x55ded0c19748 <unknown>\n#16 0x55ded0c19917 <unknown>\n#17 0x55ded0c2a773 <unknown>\n#18 0x7fe60d694ac3 <unknown>","statusTrace":"self = <tests.test_forgot_password.TestForgotPassword object at 0x7f006bead990>\n\n    @allure.description(\"Exception catching\")\n    @allure.title(\"Exception test\")\n    @allure.link(\"https://github.com/allure-examples/\", name=\"Allure Examples\")\n    @allure.issue(\n        \"https://github.com/allure-examples/allure-examples/issues/1\", name=\"ISSUE-1\"\n    )\n    @allure.testcase(\n        \"https://github.com/allure-examples/allure-examples/issues/2\", name=\"TESTCASE-2\"\n    )\n    def test_expected_exception_on_page_title(self):\n>       self.about_page.click_login_link()\n\ntests/test_forgot_password.py:49: \n_ _ _ _ _ _ _ _ _ _ _ _ _ _ _ _ _ _ _ _ _ _ _ _ _ _ _ _ _ _ _ _ _ _ _ _ _ _ _ _ \npages/about_page.py:20: in click_login_link\n    self.click(self.LOGIN_LINK)\npages/base_page.py:38: in click\n    el: WebElement = self.wait.until(\n_ _ _ _ _ _ _ _ _ _ _ _ _ _ _ _ _ _ _ _ _ _ _ _ _ _ _ _ _ _ _ _ _ _ _ _ _ _ _ _ \n\nself = <selenium.webdriver.support.wait.WebDriverWait (session=\"0f72f4365b20063c683aef42e998b5b3\")>\nmethod = <function element_to_be_clickable.<locals>._predicate at 0x7f006ba4d1c0>\nmessage = ''\n\n    def until(self, method, message: str = \"\"):\n        \"\"\"Calls the method provided with the driver as an argument until the \\\n        return value does not evaluate to ``False``.\n    \n        :param method: callable(WebDriver)\n        :param message: optional message for :exc:`TimeoutException`\n        :returns: the result of the last call to `method`\n        :raises: :exc:`selenium.common.exceptions.TimeoutException` if timeout occurs\n        \"\"\"\n        screen = None\n        stacktrace = None\n    \n        end_time = time.monotonic() + self._timeout\n        while True:\n            try:\n                value = method(self._driver)\n                if value:\n                    return value\n            except self._ignored_exceptions as exc:\n                screen = getattr(exc, \"screen\", None)\n                stacktrace = getattr(exc, \"stacktrace\", None)\n            time.sleep(self._poll)\n            if time.monotonic() > end_time:\n                break\n>       raise TimeoutException(message, screen, stacktrace)\nE       selenium.common.exceptions.TimeoutException: Message: \nE       Stacktrace:\nE       #0 0x55ded0c2b5e3 <unknown>\nE       #1 0x55ded08ee0b7 <unknown>\nE       #2 0x55ded093bf53 <unknown>\nE       #3 0x55ded093c051 <unknown>\nE       #4 0x55ded09819c4 <unknown>\nE       #5 0x55ded0962f1d <unknown>\nE       #6 0x55ded097eb3d <unknown>\nE       #7 0x55ded0962cc3 <unknown>\nE       #8 0x55ded092e0e4 <unknown>\nE       #9 0x55ded092f0ae <unknown>\nE       #10 0x55ded0bf1ce1 <unknown>\nE       #11 0x55ded0bf5b7e <unknown>\nE       #12 0x55ded0bdf4b5 <unknown>\nE       #13 0x55ded0bf67d6 <unknown>\nE       #14 0x55ded0bc2dbf <unknown>\nE       #15 0x55ded0c19748 <unknown>\nE       #16 0x55ded0c19917 <unknown>\nE       #17 0x55ded0c2a773 <unknown>\nE       #18 0x7fe60d694ac3 <unknown>\n\n.venv/lib/python3.11/site-packages/selenium/webdriver/support/wait.py:95: TimeoutException","flaky":false,"newFailed":false,"newBroken":false,"newPassed":false,"retriesCount":0,"retriesStatusChange":false,"beforeStages":[{"name":"_verify_url","time":{"start":1701565644070,"stop":1701565644071,"duration":1},"status":"passed","steps":[],"attachments":[],"parameters":[],"shouldDisplayMessage":false,"stepsCount":0,"attachmentsCount":0,"hasContent":false},{"name":"base_url","time":{"start":1701565644070,"stop":1701565644070,"duration":0},"status":"passed","steps":[],"attachments":[],"parameters":[],"shouldDisplayMessage":false,"stepsCount":0,"attachmentsCount":0,"hasContent":false}],"testStage":{"description":"Exception catching","status":"broken","statusMessage":"selenium.common.exceptions.TimeoutException: Message: \nStacktrace:\n#0 0x55ded0c2b5e3 <unknown>\n#1 0x55ded08ee0b7 <unknown>\n#2 0x55ded093bf53 <unknown>\n#3 0x55ded093c051 <unknown>\n#4 0x55ded09819c4 <unknown>\n#5 0x55ded0962f1d <unknown>\n#6 0x55ded097eb3d <unknown>\n#7 0x55ded0962cc3 <unknown>\n#8 0x55ded092e0e4 <unknown>\n#9 0x55ded092f0ae <unknown>\n#10 0x55ded0bf1ce1 <unknown>\n#11 0x55ded0bf5b7e <unknown>\n#12 0x55ded0bdf4b5 <unknown>\n#13 0x55ded0bf67d6 <unknown>\n#14 0x55ded0bc2dbf <unknown>\n#15 0x55ded0c19748 <unknown>\n#16 0x55ded0c19917 <unknown>\n#17 0x55ded0c2a773 <unknown>\n#18 0x7fe60d694ac3 <unknown>","statusTrace":"self = <tests.test_forgot_password.TestForgotPassword object at 0x7f006bead990>\n\n    @allure.description(\"Exception catching\")\n    @allure.title(\"Exception test\")\n    @allure.link(\"https://github.com/allure-examples/\", name=\"Allure Examples\")\n    @allure.issue(\n        \"https://github.com/allure-examples/allure-examples/issues/1\", name=\"ISSUE-1\"\n    )\n    @allure.testcase(\n        \"https://github.com/allure-examples/allure-examples/issues/2\", name=\"TESTCASE-2\"\n    )\n    def test_expected_exception_on_page_title(self):\n>       self.about_page.click_login_link()\n\ntests/test_forgot_password.py:49: \n_ _ _ _ _ _ _ _ _ _ _ _ _ _ _ _ _ _ _ _ _ _ _ _ _ _ _ _ _ _ _ _ _ _ _ _ _ _ _ _ \npages/about_page.py:20: in click_login_link\n    self.click(self.LOGIN_LINK)\npages/base_page.py:38: in click\n    el: WebElement = self.wait.until(\n_ _ _ _ _ _ _ _ _ _ _ _ _ _ _ _ _ _ _ _ _ _ _ _ _ _ _ _ _ _ _ _ _ _ _ _ _ _ _ _ \n\nself = <selenium.webdriver.support.wait.WebDriverWait (session=\"0f72f4365b20063c683aef42e998b5b3\")>\nmethod = <function element_to_be_clickable.<locals>._predicate at 0x7f006ba4d1c0>\nmessage = ''\n\n    def until(self, method, message: str = \"\"):\n        \"\"\"Calls the method provided with the driver as an argument until the \\\n        return value does not evaluate to ``False``.\n    \n        :param method: callable(WebDriver)\n        :param message: optional message for :exc:`TimeoutException`\n        :returns: the result of the last call to `method`\n        :raises: :exc:`selenium.common.exceptions.TimeoutException` if timeout occurs\n        \"\"\"\n        screen = None\n        stacktrace = None\n    \n        end_time = time.monotonic() + self._timeout\n        while True:\n            try:\n                value = method(self._driver)\n                if value:\n                    return value\n            except self._ignored_exceptions as exc:\n                screen = getattr(exc, \"screen\", None)\n                stacktrace = getattr(exc, \"stacktrace\", None)\n            time.sleep(self._poll)\n            if time.monotonic() > end_time:\n                break\n>       raise TimeoutException(message, screen, stacktrace)\nE       selenium.common.exceptions.TimeoutException: Message: \nE       Stacktrace:\nE       #0 0x55ded0c2b5e3 <unknown>\nE       #1 0x55ded08ee0b7 <unknown>\nE       #2 0x55ded093bf53 <unknown>\nE       #3 0x55ded093c051 <unknown>\nE       #4 0x55ded09819c4 <unknown>\nE       #5 0x55ded0962f1d <unknown>\nE       #6 0x55ded097eb3d <unknown>\nE       #7 0x55ded0962cc3 <unknown>\nE       #8 0x55ded092e0e4 <unknown>\nE       #9 0x55ded092f0ae <unknown>\nE       #10 0x55ded0bf1ce1 <unknown>\nE       #11 0x55ded0bf5b7e <unknown>\nE       #12 0x55ded0bdf4b5 <unknown>\nE       #13 0x55ded0bf67d6 <unknown>\nE       #14 0x55ded0bc2dbf <unknown>\nE       #15 0x55ded0c19748 <unknown>\nE       #16 0x55ded0c19917 <unknown>\nE       #17 0x55ded0c2a773 <unknown>\nE       #18 0x7fe60d694ac3 <unknown>\n\n.venv/lib/python3.11/site-packages/selenium/webdriver/support/wait.py:95: TimeoutException","steps":[{"name":"Click Login link","time":{"start":1701565832621,"stop":1701565842812,"duration":10191},"status":"broken","statusMessage":"selenium.common.exceptions.TimeoutException: Message: \nStacktrace:\n#0 0x55ded0c2b5e3 <unknown>\n#1 0x55ded08ee0b7 <unknown>\n#2 0x55ded093bf53 <unknown>\n#3 0x55ded093c051 <unknown>\n#4 0x55ded09819c4 <unknown>\n#5 0x55ded0962f1d <unknown>\n#6 0x55ded097eb3d <unknown>\n#7 0x55ded0962cc3 <unknown>\n#8 0x55ded092e0e4 <unknown>\n#9 0x55ded092f0ae <unknown>\n#10 0x55ded0bf1ce1 <unknown>\n#11 0x55ded0bf5b7e <unknown>\n#12 0x55ded0bdf4b5 <unknown>\n#13 0x55ded0bf67d6 <unknown>\n#14 0x55ded0bc2dbf <unknown>\n#15 0x55ded0c19748 <unknown>\n#16 0x55ded0c19917 <unknown>\n#17 0x55ded0c2a773 <unknown>\n#18 0x7fe60d694ac3 <unknown>\n\n","statusTrace":"  File \"/home/runner/work/kisangateway-test/kisangateway-test/.venv/lib/python3.11/site-packages/allure_commons/_allure.py\", line 192, in impl\n    return func(*a, **kw)\n           ^^^^^^^^^^^^^^\n  File \"/home/runner/work/kisangateway-test/kisangateway-test/pages/about_page.py\", line 20, in click_login_link\n    self.click(self.LOGIN_LINK)\n  File \"/home/runner/work/kisangateway-test/kisangateway-test/pages/base_page.py\", line 38, in click\n    el: WebElement = self.wait.until(\n                     ^^^^^^^^^^^^^^^^\n  File \"/home/runner/work/kisangateway-test/kisangateway-test/.venv/lib/python3.11/site-packages/selenium/webdriver/support/wait.py\", line 95, in until\n    raise TimeoutException(message, screen, stacktrace)\n","steps":[],"attachments":[],"parameters":[],"shouldDisplayMessage":true,"stepsCount":0,"attachmentsCount":0,"hasContent":true}],"attachments":[{"uid":"7a0a771bef1f50ad","name":"public ip address","source":"7a0a771bef1f50ad.txt","type":"text/plain","size":14},{"uid":"51130691bcdc5e7d","name":"Cookies","source":"51130691bcdc5e7d.json","type":"application/json","size":2},{"uid":"ddeddd177658cbc8","name":"Session Storage","source":"ddeddd177658cbc8.json","type":"application/json","size":2},{"uid":"65f9ada28256b56b","name":"Local Storage","source":"65f9ada28256b56b.json","type":"application/json","size":2},{"uid":"6f1efac567617435","name":"Console Logs","source":"6f1efac567617435.json","type":"application/json","size":2},{"uid":"524216b7f1df3e44","name":"Full Page Screenshot","source":"524216b7f1df3e44.png","type":"image/png","size":2669391},{"uid":"ec1fdd66665e5ac","name":"URL","source":"ec1fdd66665e5ac.uri","type":"text/uri-list","size":25},{"uid":"a77990a95834138f","name":"Network Logs","source":"a77990a95834138f.json","type":"application/json","size":13979}],"parameters":[],"shouldDisplayMessage":true,"stepsCount":1,"attachmentsCount":8,"hasContent":true},"afterStages":[],"labels":[{"name":"subSuite","value":"Custom sub suite"},{"name":"story","value":"Forgot Password Feature's Functionality"},{"name":"epic","value":"Security"},{"name":"severity","value":"critical"},{"name":"suite","value":"Custom suite"},{"name":"parentSuite","value":"Custom parent suite"},{"name":"tag","value":"security"},{"name":"host","value":"fv-az837-201"},{"name":"thread","value":"2338-MainThread"},{"name":"framework","value":"pytest"},{"name":"language","value":"cpython3"},{"name":"package","value":"tests.test_forgot_password"},{"name":"resultFormat","value":"allure2"}],"parameters":[],"links":[{"name":"TESTCASE-2","url":"https://github.com/allure-examples/allure-examples/issues/2","type":"tms"},{"name":"ISSUE-1","url":"https://github.com/allure-examples/allure-examples/issues/1","type":"issue"},{"name":"Allure Examples","url":"https://github.com/allure-examples/","type":"link"}],"hidden":false,"retry":false,"extra":{"severity":"critical","retries":[],"categories":[{"name":"Test defects","matchedStatuses":[],"flaky":false}],"tags":["security"]},"source":"e71d39f9162322ee.json","parameterValues":[]}