{"uid":"18f86ac3d91a177c","name":"Forgot Password with valid email test","fullName":"tests.test_forgot_password.TestForgotPassword#test_valid_email","historyId":"7ff7e178fd4f5b4b8deb31c8fc69c6a9","time":{"start":1701738481529,"stop":1701738491814,"duration":10285},"description":"Forgot password with a valid email address","descriptionHtml":"<p>Forgot password with a valid email address</p>\n","status":"broken","statusMessage":"selenium.common.exceptions.TimeoutException: Message: \nStacktrace:\n#0 0x5636a68695e3 <unknown>\n#1 0x5636a652c0b7 <unknown>\n#2 0x5636a6579f53 <unknown>\n#3 0x5636a657a051 <unknown>\n#4 0x5636a65bf9c4 <unknown>\n#5 0x5636a65a0f1d <unknown>\n#6 0x5636a65bcb3d <unknown>\n#7 0x5636a65a0cc3 <unknown>\n#8 0x5636a656c0e4 <unknown>\n#9 0x5636a656d0ae <unknown>\n#10 0x5636a682fce1 <unknown>\n#11 0x5636a6833b7e <unknown>\n#12 0x5636a681d4b5 <unknown>\n#13 0x5636a68347d6 <unknown>\n#14 0x5636a6800dbf <unknown>\n#15 0x5636a6857748 <unknown>\n#16 0x5636a6857917 <unknown>\n#17 0x5636a6868773 <unknown>\n#18 0x7f5af5c94ac3 <unknown>","statusTrace":"self = <tests.test_forgot_password.TestForgotPassword object at 0x7f3e8a13e910>\njson_data = {'forgot_password': {'error_message': \"We can't find a user with that e-mail address.\", 'success_message': 'A reset li...you page', 'name': 'test', 'new_name': 'another test', 'no_project_found_msg': 'No project matches the criteria', ...}}\nsecret_data = {'email': '', 'password': ''}\n\n    @allure.description(\"Forgot password with a valid email address\")\n    @allure.title(\"Forgot Password with valid email test\")\n    def test_valid_email(self, json_data: dict, secret_data: dict):\n>       self.about_page.click_login_link()\n\ntests/test_forgot_password.py:19: \n_ _ _ _ _ _ _ _ _ _ _ _ _ _ _ _ _ _ _ _ _ _ _ _ _ _ _ _ _ _ _ _ _ _ _ _ _ _ _ _ \npages/about_page.py:20: in click_login_link\n    self.click(self.LOGIN_LINK)\npages/base_page.py:38: in click\n    el: WebElement = self.wait.until(\n_ _ _ _ _ _ _ _ _ _ _ _ _ _ _ _ _ _ _ _ _ _ _ _ _ _ _ _ _ _ _ _ _ _ _ _ _ _ _ _ \n\nself = <selenium.webdriver.support.wait.WebDriverWait (session=\"6d70d9f12d977011025fa1d86363d6b3\")>\nmethod = <function element_to_be_clickable.<locals>._predicate at 0x7f3e89d91800>\nmessage = ''\n\n    def until(self, method, message: str = \"\"):\n        \"\"\"Calls the method provided with the driver as an argument until the \\\n        return value does not evaluate to ``False``.\n    \n        :param method: callable(WebDriver)\n        :param message: optional message for :exc:`TimeoutException`\n        :returns: the result of the last call to `method`\n        :raises: :exc:`selenium.common.exceptions.TimeoutException` if timeout occurs\n        \"\"\"\n        screen = None\n        stacktrace = None\n    \n        end_time = time.monotonic() + self._timeout\n        while True:\n            try:\n                value = method(self._driver)\n                if value:\n                    return value\n            except self._ignored_exceptions as exc:\n                screen = getattr(exc, \"screen\", None)\n                stacktrace = getattr(exc, \"stacktrace\", None)\n            time.sleep(self._poll)\n            if time.monotonic() > end_time:\n                break\n>       raise TimeoutException(message, screen, stacktrace)\nE       selenium.common.exceptions.TimeoutException: Message: \nE       Stacktrace:\nE       #0 0x5636a68695e3 <unknown>\nE       #1 0x5636a652c0b7 <unknown>\nE       #2 0x5636a6579f53 <unknown>\nE       #3 0x5636a657a051 <unknown>\nE       #4 0x5636a65bf9c4 <unknown>\nE       #5 0x5636a65a0f1d <unknown>\nE       #6 0x5636a65bcb3d <unknown>\nE       #7 0x5636a65a0cc3 <unknown>\nE       #8 0x5636a656c0e4 <unknown>\nE       #9 0x5636a656d0ae <unknown>\nE       #10 0x5636a682fce1 <unknown>\nE       #11 0x5636a6833b7e <unknown>\nE       #12 0x5636a681d4b5 <unknown>\nE       #13 0x5636a68347d6 <unknown>\nE       #14 0x5636a6800dbf <unknown>\nE       #15 0x5636a6857748 <unknown>\nE       #16 0x5636a6857917 <unknown>\nE       #17 0x5636a6868773 <unknown>\nE       #18 0x7f5af5c94ac3 <unknown>\n\n.venv/lib/python3.11/site-packages/selenium/webdriver/support/wait.py:95: TimeoutException","flaky":false,"newFailed":false,"newBroken":false,"newPassed":false,"retriesCount":0,"retriesStatusChange":false,"beforeStages":[{"name":"secret_data","time":{"start":1701738314882,"stop":1701738314882,"duration":0},"status":"passed","steps":[],"attachments":[],"parameters":[],"shouldDisplayMessage":false,"stepsCount":0,"attachmentsCount":0,"hasContent":false},{"name":"base_url","time":{"start":1701738314882,"stop":1701738314882,"duration":0},"status":"passed","steps":[],"attachments":[],"parameters":[],"shouldDisplayMessage":false,"stepsCount":0,"attachmentsCount":0,"hasContent":false},{"name":"_verify_url","time":{"start":1701738314882,"stop":1701738314882,"duration":0},"status":"passed","steps":[],"attachments":[],"parameters":[],"shouldDisplayMessage":false,"stepsCount":0,"attachmentsCount":0,"hasContent":false},{"name":"json_data","time":{"start":1701738314883,"stop":1701738314883,"duration":0},"status":"passed","steps":[],"attachments":[],"parameters":[],"shouldDisplayMessage":false,"stepsCount":0,"attachmentsCount":0,"hasContent":false}],"testStage":{"description":"Forgot password with a valid email address","status":"broken","statusMessage":"selenium.common.exceptions.TimeoutException: Message: \nStacktrace:\n#0 0x5636a68695e3 <unknown>\n#1 0x5636a652c0b7 <unknown>\n#2 0x5636a6579f53 <unknown>\n#3 0x5636a657a051 <unknown>\n#4 0x5636a65bf9c4 <unknown>\n#5 0x5636a65a0f1d <unknown>\n#6 0x5636a65bcb3d <unknown>\n#7 0x5636a65a0cc3 <unknown>\n#8 0x5636a656c0e4 <unknown>\n#9 0x5636a656d0ae <unknown>\n#10 0x5636a682fce1 <unknown>\n#11 0x5636a6833b7e <unknown>\n#12 0x5636a681d4b5 <unknown>\n#13 0x5636a68347d6 <unknown>\n#14 0x5636a6800dbf <unknown>\n#15 0x5636a6857748 <unknown>\n#16 0x5636a6857917 <unknown>\n#17 0x5636a6868773 <unknown>\n#18 0x7f5af5c94ac3 <unknown>","statusTrace":"self = <tests.test_forgot_password.TestForgotPassword object at 0x7f3e8a13e910>\njson_data = {'forgot_password': {'error_message': \"We can't find a user with that e-mail address.\", 'success_message': 'A reset li...you page', 'name': 'test', 'new_name': 'another test', 'no_project_found_msg': 'No project matches the criteria', ...}}\nsecret_data = {'email': '', 'password': ''}\n\n    @allure.description(\"Forgot password with a valid email address\")\n    @allure.title(\"Forgot Password with valid email test\")\n    def test_valid_email(self, json_data: dict, secret_data: dict):\n>       self.about_page.click_login_link()\n\ntests/test_forgot_password.py:19: \n_ _ _ _ _ _ _ _ _ _ _ _ _ _ _ _ _ _ _ _ _ _ _ _ _ _ _ _ _ _ _ _ _ _ _ _ _ _ _ _ \npages/about_page.py:20: in click_login_link\n    self.click(self.LOGIN_LINK)\npages/base_page.py:38: in click\n    el: WebElement = self.wait.until(\n_ _ _ _ _ _ _ _ _ _ _ _ _ _ _ _ _ _ _ _ _ _ _ _ _ _ _ _ _ _ _ _ _ _ _ _ _ _ _ _ \n\nself = <selenium.webdriver.support.wait.WebDriverWait (session=\"6d70d9f12d977011025fa1d86363d6b3\")>\nmethod = <function element_to_be_clickable.<locals>._predicate at 0x7f3e89d91800>\nmessage = ''\n\n    def until(self, method, message: str = \"\"):\n        \"\"\"Calls the method provided with the driver as an argument until the \\\n        return value does not evaluate to ``False``.\n    \n        :param method: callable(WebDriver)\n        :param message: optional message for :exc:`TimeoutException`\n        :returns: the result of the last call to `method`\n        :raises: :exc:`selenium.common.exceptions.TimeoutException` if timeout occurs\n        \"\"\"\n        screen = None\n        stacktrace = None\n    \n        end_time = time.monotonic() + self._timeout\n        while True:\n            try:\n                value = method(self._driver)\n                if value:\n                    return value\n            except self._ignored_exceptions as exc:\n                screen = getattr(exc, \"screen\", None)\n                stacktrace = getattr(exc, \"stacktrace\", None)\n            time.sleep(self._poll)\n            if time.monotonic() > end_time:\n                break\n>       raise TimeoutException(message, screen, stacktrace)\nE       selenium.common.exceptions.TimeoutException: Message: \nE       Stacktrace:\nE       #0 0x5636a68695e3 <unknown>\nE       #1 0x5636a652c0b7 <unknown>\nE       #2 0x5636a6579f53 <unknown>\nE       #3 0x5636a657a051 <unknown>\nE       #4 0x5636a65bf9c4 <unknown>\nE       #5 0x5636a65a0f1d <unknown>\nE       #6 0x5636a65bcb3d <unknown>\nE       #7 0x5636a65a0cc3 <unknown>\nE       #8 0x5636a656c0e4 <unknown>\nE       #9 0x5636a656d0ae <unknown>\nE       #10 0x5636a682fce1 <unknown>\nE       #11 0x5636a6833b7e <unknown>\nE       #12 0x5636a681d4b5 <unknown>\nE       #13 0x5636a68347d6 <unknown>\nE       #14 0x5636a6800dbf <unknown>\nE       #15 0x5636a6857748 <unknown>\nE       #16 0x5636a6857917 <unknown>\nE       #17 0x5636a6868773 <unknown>\nE       #18 0x7f5af5c94ac3 <unknown>\n\n.venv/lib/python3.11/site-packages/selenium/webdriver/support/wait.py:95: TimeoutException","steps":[{"name":"Click Login link","time":{"start":1701738481529,"stop":1701738491813,"duration":10284},"status":"broken","statusMessage":"selenium.common.exceptions.TimeoutException: Message: \nStacktrace:\n#0 0x5636a68695e3 <unknown>\n#1 0x5636a652c0b7 <unknown>\n#2 0x5636a6579f53 <unknown>\n#3 0x5636a657a051 <unknown>\n#4 0x5636a65bf9c4 <unknown>\n#5 0x5636a65a0f1d <unknown>\n#6 0x5636a65bcb3d <unknown>\n#7 0x5636a65a0cc3 <unknown>\n#8 0x5636a656c0e4 <unknown>\n#9 0x5636a656d0ae <unknown>\n#10 0x5636a682fce1 <unknown>\n#11 0x5636a6833b7e <unknown>\n#12 0x5636a681d4b5 <unknown>\n#13 0x5636a68347d6 <unknown>\n#14 0x5636a6800dbf <unknown>\n#15 0x5636a6857748 <unknown>\n#16 0x5636a6857917 <unknown>\n#17 0x5636a6868773 <unknown>\n#18 0x7f5af5c94ac3 <unknown>\n\n","statusTrace":"  File \"/home/runner/work/kisangateway-test/kisangateway-test/.venv/lib/python3.11/site-packages/allure_commons/_allure.py\", line 192, in impl\n    return func(*a, **kw)\n           ^^^^^^^^^^^^^^\n  File \"/home/runner/work/kisangateway-test/kisangateway-test/pages/about_page.py\", line 20, in click_login_link\n    self.click(self.LOGIN_LINK)\n  File \"/home/runner/work/kisangateway-test/kisangateway-test/pages/base_page.py\", line 38, in click\n    el: WebElement = self.wait.until(\n                     ^^^^^^^^^^^^^^^^\n  File \"/home/runner/work/kisangateway-test/kisangateway-test/.venv/lib/python3.11/site-packages/selenium/webdriver/support/wait.py\", line 95, in until\n    raise TimeoutException(message, screen, stacktrace)\n","steps":[],"attachments":[],"parameters":[],"shouldDisplayMessage":true,"stepsCount":0,"attachmentsCount":0,"hasContent":true}],"attachments":[{"uid":"51a2a69c11cb3a6f","name":"public ip address","source":"51a2a69c11cb3a6f.txt","type":"text/plain","size":12},{"uid":"85b76c395d8bd447","name":"Cookies","source":"85b76c395d8bd447.json","type":"application/json","size":2},{"uid":"601e217a2ee07ac","name":"Session Storage","source":"601e217a2ee07ac.json","type":"application/json","size":2},{"uid":"73114eb365278a2c","name":"Local Storage","source":"73114eb365278a2c.json","type":"application/json","size":2},{"uid":"4c7e0bf42b65fc5a","name":"Console Logs","source":"4c7e0bf42b65fc5a.json","type":"application/json","size":2},{"uid":"fe2f188f76a31fcf","name":"Full Page Screenshot","source":"fe2f188f76a31fcf.png","type":"image/png","size":2669391},{"uid":"1ea5a42621526b33","name":"URL","source":"1ea5a42621526b33.uri","type":"text/uri-list","size":25},{"uid":"e4bcd5281abba538","name":"Network Logs","source":"e4bcd5281abba538.json","type":"application/json","size":13974}],"parameters":[],"shouldDisplayMessage":true,"stepsCount":1,"attachmentsCount":8,"hasContent":true},"afterStages":[],"labels":[{"name":"story","value":"Forgot Password Feature's Functionality"},{"name":"epic","value":"Security"},{"name":"subSuite","value":"Custom sub suite"},{"name":"severity","value":"critical"},{"name":"parentSuite","value":"Custom parent suite"},{"name":"suite","value":"Custom suite"},{"name":"tag","value":"security"},{"name":"host","value":"fv-az1110-511"},{"name":"thread","value":"2279-MainThread"},{"name":"framework","value":"pytest"},{"name":"language","value":"cpython3"},{"name":"package","value":"tests.test_forgot_password"},{"name":"resultFormat","value":"allure2"}],"parameters":[],"links":[],"hidden":false,"retry":false,"extra":{"severity":"critical","retries":[],"categories":[{"name":"Test defects","matchedStatuses":[],"flaky":false}],"tags":["security"]},"source":"18f86ac3d91a177c.json","parameterValues":[]}