{"uid":"e113d78d1112e859","name":"Cancel a project deletion","fullName":"tests.test_workspaces.TestWorkspaces#test_cancel_project_deletion","historyId":"73e48f11612b8be9a40ce0a427a468f9","time":{"start":1701738455066,"stop":1701738455066,"duration":0},"description":"Cancel project deletion","descriptionHtml":"<p>Cancel project deletion</p>\n","status":"broken","statusMessage":"selenium.common.exceptions.TimeoutException: Message: \nStacktrace:\n#0 0x56079a0e35e3 <unknown>\n#1 0x560799da60b7 <unknown>\n#2 0x560799df3f53 <unknown>\n#3 0x560799df4051 <unknown>\n#4 0x560799e399c4 <unknown>\n#5 0x560799e1af1d <unknown>\n#6 0x560799e36b3d <unknown>\n#7 0x560799e1acc3 <unknown>\n#8 0x560799de60e4 <unknown>\n#9 0x560799de70ae <unknown>\n#10 0x56079a0a9ce1 <unknown>\n#11 0x56079a0adb7e <unknown>\n#12 0x56079a0974b5 <unknown>\n#13 0x56079a0ae7d6 <unknown>\n#14 0x56079a07adbf <unknown>\n#15 0x56079a0d1748 <unknown>\n#16 0x56079a0d1917 <unknown>\n#17 0x56079a0e2773 <unknown>\n#18 0x7f988de94ac3 <unknown>","statusTrace":"self = <tests.test_workspaces.TestWorkspaces object at 0x7f3e8a0defd0>\nsecret_data = {'email': '', 'password': ''}\n\n    @pytest.fixture(autouse=True)\n    def setup_method_fixture(self, secret_data: dict):\n>       login(secret_data, self.about_page, self.login_page)\n\ntests/test_workspaces.py:23: \n_ _ _ _ _ _ _ _ _ _ _ _ _ _ _ _ _ _ _ _ _ _ _ _ _ _ _ _ _ _ _ _ _ _ _ _ _ _ _ _ \ntests/test_workspaces.py:13: in login\n    about_page.click_login_link()\npages/about_page.py:20: in click_login_link\n    self.click(self.LOGIN_LINK)\npages/base_page.py:38: in click\n    el: WebElement = self.wait.until(\n_ _ _ _ _ _ _ _ _ _ _ _ _ _ _ _ _ _ _ _ _ _ _ _ _ _ _ _ _ _ _ _ _ _ _ _ _ _ _ _ \n\nself = <selenium.webdriver.support.wait.WebDriverWait (session=\"1b61da244e85a56a5dad2e41b6cd1eee\")>\nmethod = <function element_to_be_clickable.<locals>._predicate at 0x7f3e8a0116c0>\nmessage = ''\n\n    def until(self, method, message: str = \"\"):\n        \"\"\"Calls the method provided with the driver as an argument until the \\\n        return value does not evaluate to ``False``.\n    \n        :param method: callable(WebDriver)\n        :param message: optional message for :exc:`TimeoutException`\n        :returns: the result of the last call to `method`\n        :raises: :exc:`selenium.common.exceptions.TimeoutException` if timeout occurs\n        \"\"\"\n        screen = None\n        stacktrace = None\n    \n        end_time = time.monotonic() + self._timeout\n        while True:\n            try:\n                value = method(self._driver)\n                if value:\n                    return value\n            except self._ignored_exceptions as exc:\n                screen = getattr(exc, \"screen\", None)\n                stacktrace = getattr(exc, \"stacktrace\", None)\n            time.sleep(self._poll)\n            if time.monotonic() > end_time:\n                break\n>       raise TimeoutException(message, screen, stacktrace)\nE       selenium.common.exceptions.TimeoutException: Message: \nE       Stacktrace:\nE       #0 0x56079a0e35e3 <unknown>\nE       #1 0x560799da60b7 <unknown>\nE       #2 0x560799df3f53 <unknown>\nE       #3 0x560799df4051 <unknown>\nE       #4 0x560799e399c4 <unknown>\nE       #5 0x560799e1af1d <unknown>\nE       #6 0x560799e36b3d <unknown>\nE       #7 0x560799e1acc3 <unknown>\nE       #8 0x560799de60e4 <unknown>\nE       #9 0x560799de70ae <unknown>\nE       #10 0x56079a0a9ce1 <unknown>\nE       #11 0x56079a0adb7e <unknown>\nE       #12 0x56079a0974b5 <unknown>\nE       #13 0x56079a0ae7d6 <unknown>\nE       #14 0x56079a07adbf <unknown>\nE       #15 0x56079a0d1748 <unknown>\nE       #16 0x56079a0d1917 <unknown>\nE       #17 0x56079a0e2773 <unknown>\nE       #18 0x7f988de94ac3 <unknown>\n\n.venv/lib/python3.11/site-packages/selenium/webdriver/support/wait.py:95: TimeoutException","flaky":false,"newFailed":false,"newBroken":false,"newPassed":false,"retriesCount":0,"retriesStatusChange":false,"beforeStages":[{"name":"secret_data","time":{"start":1701738314882,"stop":1701738314882,"duration":0},"status":"passed","steps":[],"attachments":[],"parameters":[],"shouldDisplayMessage":false,"stepsCount":0,"attachmentsCount":0,"hasContent":false},{"name":"base_url","time":{"start":1701738314882,"stop":1701738314882,"duration":0},"status":"passed","steps":[],"attachments":[],"parameters":[],"shouldDisplayMessage":false,"stepsCount":0,"attachmentsCount":0,"hasContent":false},{"name":"_verify_url","time":{"start":1701738314882,"stop":1701738314882,"duration":0},"status":"passed","steps":[],"attachments":[],"parameters":[],"shouldDisplayMessage":false,"stepsCount":0,"attachmentsCount":0,"hasContent":false},{"name":"json_data","time":{"start":1701738314883,"stop":1701738314883,"duration":0},"status":"passed","steps":[],"attachments":[],"parameters":[],"shouldDisplayMessage":false,"stepsCount":0,"attachmentsCount":0,"hasContent":false},{"name":"setup_method_fixture","time":{"start":1701738456179,"stop":1701738466486,"duration":10307},"status":"broken","statusMessage":"selenium.common.exceptions.TimeoutException: Message: \nStacktrace:\n#0 0x56079a0e35e3 <unknown>\n#1 0x560799da60b7 <unknown>\n#2 0x560799df3f53 <unknown>\n#3 0x560799df4051 <unknown>\n#4 0x560799e399c4 <unknown>\n#5 0x560799e1af1d <unknown>\n#6 0x560799e36b3d <unknown>\n#7 0x560799e1acc3 <unknown>\n#8 0x560799de60e4 <unknown>\n#9 0x560799de70ae <unknown>\n#10 0x56079a0a9ce1 <unknown>\n#11 0x56079a0adb7e <unknown>\n#12 0x56079a0974b5 <unknown>\n#13 0x56079a0ae7d6 <unknown>\n#14 0x56079a07adbf <unknown>\n#15 0x56079a0d1748 <unknown>\n#16 0x56079a0d1917 <unknown>\n#17 0x56079a0e2773 <unknown>\n#18 0x7f988de94ac3 <unknown>\n\n","statusTrace":"  File \"/home/runner/work/kisangateway-test/kisangateway-test/.venv/lib/python3.11/site-packages/pluggy/_callers.py\", line 80, in _multicall\n    res = hook_impl.function(*args)\n          ^^^^^^^^^^^^^^^^^^^^^^^^^\n  File \"/home/runner/work/kisangateway-test/kisangateway-test/.venv/lib/python3.11/site-packages/_pytest/fixtures.py\", line 1123, in pytest_fixture_setup\n    result = call_fixture_func(fixturefunc, request, kwargs)\n             ^^^^^^^^^^^^^^^^^^^^^^^^^^^^^^^^^^^^^^^^^^^^^^^\n  File \"/home/runner/work/kisangateway-test/kisangateway-test/.venv/lib/python3.11/site-packages/_pytest/fixtures.py\", line 902, in call_fixture_func\n    fixture_result = fixturefunc(**kwargs)\n                     ^^^^^^^^^^^^^^^^^^^^^\n  File \"/home/runner/work/kisangateway-test/kisangateway-test/tests/test_workspaces.py\", line 23, in setup_method_fixture\n    login(secret_data, self.about_page, self.login_page)\n  File \"/home/runner/work/kisangateway-test/kisangateway-test/tests/test_workspaces.py\", line 13, in login\n    about_page.click_login_link()\n  File \"/home/runner/work/kisangateway-test/kisangateway-test/.venv/lib/python3.11/site-packages/allure_commons/_allure.py\", line 192, in impl\n    return func(*a, **kw)\n           ^^^^^^^^^^^^^^\n  File \"/home/runner/work/kisangateway-test/kisangateway-test/pages/about_page.py\", line 20, in click_login_link\n    self.click(self.LOGIN_LINK)\n  File \"/home/runner/work/kisangateway-test/kisangateway-test/pages/base_page.py\", line 38, in click\n    el: WebElement = self.wait.until(\n                     ^^^^^^^^^^^^^^^^\n  File \"/home/runner/work/kisangateway-test/kisangateway-test/.venv/lib/python3.11/site-packages/selenium/webdriver/support/wait.py\", line 95, in until\n    raise TimeoutException(message, screen, stacktrace)\n","steps":[{"name":"Click Login link","time":{"start":1701738456179,"stop":1701738466486,"duration":10307},"status":"broken","statusMessage":"selenium.common.exceptions.TimeoutException: Message: \nStacktrace:\n#0 0x56079a0e35e3 <unknown>\n#1 0x560799da60b7 <unknown>\n#2 0x560799df3f53 <unknown>\n#3 0x560799df4051 <unknown>\n#4 0x560799e399c4 <unknown>\n#5 0x560799e1af1d <unknown>\n#6 0x560799e36b3d <unknown>\n#7 0x560799e1acc3 <unknown>\n#8 0x560799de60e4 <unknown>\n#9 0x560799de70ae <unknown>\n#10 0x56079a0a9ce1 <unknown>\n#11 0x56079a0adb7e <unknown>\n#12 0x56079a0974b5 <unknown>\n#13 0x56079a0ae7d6 <unknown>\n#14 0x56079a07adbf <unknown>\n#15 0x56079a0d1748 <unknown>\n#16 0x56079a0d1917 <unknown>\n#17 0x56079a0e2773 <unknown>\n#18 0x7f988de94ac3 <unknown>\n\n","statusTrace":"  File \"/home/runner/work/kisangateway-test/kisangateway-test/.venv/lib/python3.11/site-packages/allure_commons/_allure.py\", line 192, in impl\n    return func(*a, **kw)\n           ^^^^^^^^^^^^^^\n  File \"/home/runner/work/kisangateway-test/kisangateway-test/pages/about_page.py\", line 20, in click_login_link\n    self.click(self.LOGIN_LINK)\n  File \"/home/runner/work/kisangateway-test/kisangateway-test/pages/base_page.py\", line 38, in click\n    el: WebElement = self.wait.until(\n                     ^^^^^^^^^^^^^^^^\n  File \"/home/runner/work/kisangateway-test/kisangateway-test/.venv/lib/python3.11/site-packages/selenium/webdriver/support/wait.py\", line 95, in until\n    raise TimeoutException(message, screen, stacktrace)\n","steps":[],"attachments":[],"parameters":[],"shouldDisplayMessage":true,"stepsCount":0,"attachmentsCount":0,"hasContent":true}],"attachments":[],"parameters":[],"shouldDisplayMessage":false,"stepsCount":1,"attachmentsCount":0,"hasContent":true}],"testStage":{"description":"Cancel project deletion","status":"broken","statusMessage":"selenium.common.exceptions.TimeoutException: Message: \nStacktrace:\n#0 0x56079a0e35e3 <unknown>\n#1 0x560799da60b7 <unknown>\n#2 0x560799df3f53 <unknown>\n#3 0x560799df4051 <unknown>\n#4 0x560799e399c4 <unknown>\n#5 0x560799e1af1d <unknown>\n#6 0x560799e36b3d <unknown>\n#7 0x560799e1acc3 <unknown>\n#8 0x560799de60e4 <unknown>\n#9 0x560799de70ae <unknown>\n#10 0x56079a0a9ce1 <unknown>\n#11 0x56079a0adb7e <unknown>\n#12 0x56079a0974b5 <unknown>\n#13 0x56079a0ae7d6 <unknown>\n#14 0x56079a07adbf <unknown>\n#15 0x56079a0d1748 <unknown>\n#16 0x56079a0d1917 <unknown>\n#17 0x56079a0e2773 <unknown>\n#18 0x7f988de94ac3 <unknown>","statusTrace":"self = <tests.test_workspaces.TestWorkspaces object at 0x7f3e8a0defd0>\nsecret_data = {'email': '', 'password': ''}\n\n    @pytest.fixture(autouse=True)\n    def setup_method_fixture(self, secret_data: dict):\n>       login(secret_data, self.about_page, self.login_page)\n\ntests/test_workspaces.py:23: \n_ _ _ _ _ _ _ _ _ _ _ _ _ _ _ _ _ _ _ _ _ _ _ _ _ _ _ _ _ _ _ _ _ _ _ _ _ _ _ _ \ntests/test_workspaces.py:13: in login\n    about_page.click_login_link()\npages/about_page.py:20: in click_login_link\n    self.click(self.LOGIN_LINK)\npages/base_page.py:38: in click\n    el: WebElement = self.wait.until(\n_ _ _ _ _ _ _ _ _ _ _ _ _ _ _ _ _ _ _ _ _ _ _ _ _ _ _ _ _ _ _ _ _ _ _ _ _ _ _ _ \n\nself = <selenium.webdriver.support.wait.WebDriverWait (session=\"1b61da244e85a56a5dad2e41b6cd1eee\")>\nmethod = <function element_to_be_clickable.<locals>._predicate at 0x7f3e8a0116c0>\nmessage = ''\n\n    def until(self, method, message: str = \"\"):\n        \"\"\"Calls the method provided with the driver as an argument until the \\\n        return value does not evaluate to ``False``.\n    \n        :param method: callable(WebDriver)\n        :param message: optional message for :exc:`TimeoutException`\n        :returns: the result of the last call to `method`\n        :raises: :exc:`selenium.common.exceptions.TimeoutException` if timeout occurs\n        \"\"\"\n        screen = None\n        stacktrace = None\n    \n        end_time = time.monotonic() + self._timeout\n        while True:\n            try:\n                value = method(self._driver)\n                if value:\n                    return value\n            except self._ignored_exceptions as exc:\n                screen = getattr(exc, \"screen\", None)\n                stacktrace = getattr(exc, \"stacktrace\", None)\n            time.sleep(self._poll)\n            if time.monotonic() > end_time:\n                break\n>       raise TimeoutException(message, screen, stacktrace)\nE       selenium.common.exceptions.TimeoutException: Message: \nE       Stacktrace:\nE       #0 0x56079a0e35e3 <unknown>\nE       #1 0x560799da60b7 <unknown>\nE       #2 0x560799df3f53 <unknown>\nE       #3 0x560799df4051 <unknown>\nE       #4 0x560799e399c4 <unknown>\nE       #5 0x560799e1af1d <unknown>\nE       #6 0x560799e36b3d <unknown>\nE       #7 0x560799e1acc3 <unknown>\nE       #8 0x560799de60e4 <unknown>\nE       #9 0x560799de70ae <unknown>\nE       #10 0x56079a0a9ce1 <unknown>\nE       #11 0x56079a0adb7e <unknown>\nE       #12 0x56079a0974b5 <unknown>\nE       #13 0x56079a0ae7d6 <unknown>\nE       #14 0x56079a07adbf <unknown>\nE       #15 0x56079a0d1748 <unknown>\nE       #16 0x56079a0d1917 <unknown>\nE       #17 0x56079a0e2773 <unknown>\nE       #18 0x7f988de94ac3 <unknown>\n\n.venv/lib/python3.11/site-packages/selenium/webdriver/support/wait.py:95: TimeoutException","steps":[],"attachments":[{"uid":"ae6631ac1a5daa13","name":"public ip address","source":"ae6631ac1a5daa13.txt","type":"text/plain","size":12},{"uid":"b66ab87672870ba2","name":"Cookies","source":"b66ab87672870ba2.json","type":"application/json","size":2},{"uid":"5f5b01773060b9c1","name":"Session Storage","source":"5f5b01773060b9c1.json","type":"application/json","size":2},{"uid":"9af87a630ae1bda3","name":"Local Storage","source":"9af87a630ae1bda3.json","type":"application/json","size":2},{"uid":"3f59f630dfe2f02d","name":"Console Logs","source":"3f59f630dfe2f02d.json","type":"application/json","size":2},{"uid":"37ce26f155083c1","name":"Full Page Screenshot","source":"37ce26f155083c1.png","type":"image/png","size":2669391},{"uid":"fb4712374d73b952","name":"URL","source":"fb4712374d73b952.uri","type":"text/uri-list","size":25},{"uid":"c5d80010bfe2ab74","name":"Network Logs","source":"c5d80010bfe2ab74.json","type":"application/json","size":13973}],"parameters":[],"shouldDisplayMessage":true,"stepsCount":0,"attachmentsCount":8,"hasContent":true},"afterStages":[],"labels":[{"name":"story","value":"WorkSpaces Creation and Editing Functionality"},{"name":"severity","value":"normal"},{"name":"epic","value":"Workspaces"},{"name":"tag","value":"run(order=8)"},{"name":"parentSuite","value":"tests"},{"name":"suite","value":"test_workspaces"},{"name":"subSuite","value":"TestWorkspaces"},{"name":"host","value":"fv-az1110-511"},{"name":"thread","value":"2279-MainThread"},{"name":"framework","value":"pytest"},{"name":"language","value":"cpython3"},{"name":"package","value":"tests.test_workspaces"},{"name":"resultFormat","value":"allure2"}],"parameters":[],"links":[],"hidden":false,"retry":false,"extra":{"severity":"normal","retries":[],"categories":[{"name":"Test defects","matchedStatuses":[],"flaky":false}],"tags":["run(order=8)"]},"source":"e113d78d1112e859.json","parameterValues":[]}