{"uid":"3cb10c7dccfd64a2","name":"Delete existing workspace","fullName":"tests.test_workspaces.TestWorkspaces#test_delete_workspace","historyId":"426122535a758ca0ac1fcc53a87d9a4f","time":{"start":1696640469048,"stop":1696640469048,"duration":0},"description":"Delete an existing workspace","descriptionHtml":"<p>Delete an existing workspace</p>\n","status":"broken","statusMessage":"selenium.common.exceptions.TimeoutException: Message: \nStacktrace:\n#0 0x564a2e3d06b3 <unknown>\n#1 0x564a2e0a61e7 <unknown>\n#2 0x564a2e0ed566 <unknown>\n#3 0x564a2e0ed651 <unknown>\n#4 0x564a2e12aa74 <unknown>\n#5 0x564a2e10f0ed <unknown>\n#6 0x564a2e128322 <unknown>\n#7 0x564a2e10ee93 <unknown>\n#8 0x564a2e0e1934 <unknown>\n#9 0x564a2e0e271e <unknown>\n#10 0x564a2e395cb8 <unknown>\n#11 0x564a2e399bf0 <unknown>\n#12 0x564a2e3a419c <unknown>\n#13 0x564a2e39a808 <unknown>\n#14 0x564a2e36727f <unknown>\n#15 0x564a2e3bee88 <unknown>\n#16 0x564a2e3bf059 <unknown>\n#17 0x564a2e3cf843 <unknown>\n#18 0x7f8e68c94b43 <unknown>","statusTrace":"self = <tests.test_workspaces.TestWorkspaces object at 0x7f0029108f10>\nsecret_data = {'email': '', 'password': ''}\n\n    @pytest.fixture(autouse=True)\n    def setup_method_fixture(self, secret_data: dict):\n>       login(secret_data, self.about_page, self.login_page)\n\ntests/test_workspaces.py:23: \n_ _ _ _ _ _ _ _ _ _ _ _ _ _ _ _ _ _ _ _ _ _ _ _ _ _ _ _ _ _ _ _ _ _ _ _ _ _ _ _ \ntests/test_workspaces.py:13: in login\n    about_page.click_login_link()\npages/about_page.py:20: in click_login_link\n    self.click(self.LOGIN_LINK)\npages/base_page.py:38: in click\n    el: WebElement = self.wait.until(\n_ _ _ _ _ _ _ _ _ _ _ _ _ _ _ _ _ _ _ _ _ _ _ _ _ _ _ _ _ _ _ _ _ _ _ _ _ _ _ _ \n\nself = <selenium.webdriver.support.wait.WebDriverWait (session=\"7a0573c46ff0e5ac2aca734e216ff20f\")>\nmethod = <function element_to_be_clickable.<locals>._predicate at 0x7f0028ec4e00>\nmessage = ''\n\n    def until(self, method, message: str = \"\"):\n        \"\"\"Calls the method provided with the driver as an argument until the \\\n        return value does not evaluate to ``False``.\n    \n        :param method: callable(WebDriver)\n        :param message: optional message for :exc:`TimeoutException`\n        :returns: the result of the last call to `method`\n        :raises: :exc:`selenium.common.exceptions.TimeoutException` if timeout occurs\n        \"\"\"\n        screen = None\n        stacktrace = None\n    \n        end_time = time.monotonic() + self._timeout\n        while True:\n            try:\n                value = method(self._driver)\n                if value:\n                    return value\n            except self._ignored_exceptions as exc:\n                screen = getattr(exc, \"screen\", None)\n                stacktrace = getattr(exc, \"stacktrace\", None)\n            time.sleep(self._poll)\n            if time.monotonic() > end_time:\n                break\n>       raise TimeoutException(message, screen, stacktrace)\nE       selenium.common.exceptions.TimeoutException: Message: \nE       Stacktrace:\nE       #0 0x564a2e3d06b3 <unknown>\nE       #1 0x564a2e0a61e7 <unknown>\nE       #2 0x564a2e0ed566 <unknown>\nE       #3 0x564a2e0ed651 <unknown>\nE       #4 0x564a2e12aa74 <unknown>\nE       #5 0x564a2e10f0ed <unknown>\nE       #6 0x564a2e128322 <unknown>\nE       #7 0x564a2e10ee93 <unknown>\nE       #8 0x564a2e0e1934 <unknown>\nE       #9 0x564a2e0e271e <unknown>\nE       #10 0x564a2e395cb8 <unknown>\nE       #11 0x564a2e399bf0 <unknown>\nE       #12 0x564a2e3a419c <unknown>\nE       #13 0x564a2e39a808 <unknown>\nE       #14 0x564a2e36727f <unknown>\nE       #15 0x564a2e3bee88 <unknown>\nE       #16 0x564a2e3bf059 <unknown>\nE       #17 0x564a2e3cf843 <unknown>\nE       #18 0x7f8e68c94b43 <unknown>\n\n.venv/lib/python3.11/site-packages/selenium/webdriver/support/wait.py:95: TimeoutException","flaky":false,"newFailed":false,"newBroken":false,"newPassed":false,"retriesCount":0,"retriesStatusChange":false,"beforeStages":[{"name":"_verify_url","time":{"start":1696640390481,"stop":1696640390481,"duration":0},"status":"passed","steps":[],"attachments":[],"parameters":[],"shouldDisplayMessage":false,"stepsCount":0,"attachmentsCount":0,"hasContent":false},{"name":"base_url","time":{"start":1696640390481,"stop":1696640390481,"duration":0},"status":"passed","steps":[],"attachments":[],"parameters":[],"shouldDisplayMessage":false,"stepsCount":0,"attachmentsCount":0,"hasContent":false},{"name":"secret_data","time":{"start":1696640390482,"stop":1696640390482,"duration":0},"status":"passed","steps":[],"attachments":[],"parameters":[],"shouldDisplayMessage":false,"stepsCount":0,"attachmentsCount":0,"hasContent":false},{"name":"setup_method_fixture","time":{"start":1696640470585,"stop":1696640480905,"duration":10320},"status":"broken","statusMessage":"selenium.common.exceptions.TimeoutException: Message: \nStacktrace:\n#0 0x564a2e3d06b3 <unknown>\n#1 0x564a2e0a61e7 <unknown>\n#2 0x564a2e0ed566 <unknown>\n#3 0x564a2e0ed651 <unknown>\n#4 0x564a2e12aa74 <unknown>\n#5 0x564a2e10f0ed <unknown>\n#6 0x564a2e128322 <unknown>\n#7 0x564a2e10ee93 <unknown>\n#8 0x564a2e0e1934 <unknown>\n#9 0x564a2e0e271e <unknown>\n#10 0x564a2e395cb8 <unknown>\n#11 0x564a2e399bf0 <unknown>\n#12 0x564a2e3a419c <unknown>\n#13 0x564a2e39a808 <unknown>\n#14 0x564a2e36727f <unknown>\n#15 0x564a2e3bee88 <unknown>\n#16 0x564a2e3bf059 <unknown>\n#17 0x564a2e3cf843 <unknown>\n#18 0x7f8e68c94b43 <unknown>\n\n","statusTrace":"  File \"/home/runner/work/kisangateway-test/kisangateway-test/.venv/lib/python3.11/site-packages/pluggy/_callers.py\", line 80, in _multicall\n    res = hook_impl.function(*args)\n          ^^^^^^^^^^^^^^^^^^^^^^^^^\n  File \"/home/runner/work/kisangateway-test/kisangateway-test/.venv/lib/python3.11/site-packages/_pytest/fixtures.py\", line 1123, in pytest_fixture_setup\n    result = call_fixture_func(fixturefunc, request, kwargs)\n             ^^^^^^^^^^^^^^^^^^^^^^^^^^^^^^^^^^^^^^^^^^^^^^^\n  File \"/home/runner/work/kisangateway-test/kisangateway-test/.venv/lib/python3.11/site-packages/_pytest/fixtures.py\", line 902, in call_fixture_func\n    fixture_result = fixturefunc(**kwargs)\n                     ^^^^^^^^^^^^^^^^^^^^^\n  File \"/home/runner/work/kisangateway-test/kisangateway-test/tests/test_workspaces.py\", line 23, in setup_method_fixture\n    login(secret_data, self.about_page, self.login_page)\n  File \"/home/runner/work/kisangateway-test/kisangateway-test/tests/test_workspaces.py\", line 13, in login\n    about_page.click_login_link()\n  File \"/home/runner/work/kisangateway-test/kisangateway-test/.venv/lib/python3.11/site-packages/allure_commons/_allure.py\", line 192, in impl\n    return func(*a, **kw)\n           ^^^^^^^^^^^^^^\n  File \"/home/runner/work/kisangateway-test/kisangateway-test/pages/about_page.py\", line 20, in click_login_link\n    self.click(self.LOGIN_LINK)\n  File \"/home/runner/work/kisangateway-test/kisangateway-test/pages/base_page.py\", line 38, in click\n    el: WebElement = self.wait.until(\n                     ^^^^^^^^^^^^^^^^\n  File \"/home/runner/work/kisangateway-test/kisangateway-test/.venv/lib/python3.11/site-packages/selenium/webdriver/support/wait.py\", line 95, in until\n    raise TimeoutException(message, screen, stacktrace)\n","steps":[{"name":"Click Login link","time":{"start":1696640470586,"stop":1696640480904,"duration":10318},"status":"broken","statusMessage":"selenium.common.exceptions.TimeoutException: Message: \nStacktrace:\n#0 0x564a2e3d06b3 <unknown>\n#1 0x564a2e0a61e7 <unknown>\n#2 0x564a2e0ed566 <unknown>\n#3 0x564a2e0ed651 <unknown>\n#4 0x564a2e12aa74 <unknown>\n#5 0x564a2e10f0ed <unknown>\n#6 0x564a2e128322 <unknown>\n#7 0x564a2e10ee93 <unknown>\n#8 0x564a2e0e1934 <unknown>\n#9 0x564a2e0e271e <unknown>\n#10 0x564a2e395cb8 <unknown>\n#11 0x564a2e399bf0 <unknown>\n#12 0x564a2e3a419c <unknown>\n#13 0x564a2e39a808 <unknown>\n#14 0x564a2e36727f <unknown>\n#15 0x564a2e3bee88 <unknown>\n#16 0x564a2e3bf059 <unknown>\n#17 0x564a2e3cf843 <unknown>\n#18 0x7f8e68c94b43 <unknown>\n\n","statusTrace":"  File \"/home/runner/work/kisangateway-test/kisangateway-test/.venv/lib/python3.11/site-packages/allure_commons/_allure.py\", line 192, in impl\n    return func(*a, **kw)\n           ^^^^^^^^^^^^^^\n  File \"/home/runner/work/kisangateway-test/kisangateway-test/pages/about_page.py\", line 20, in click_login_link\n    self.click(self.LOGIN_LINK)\n  File \"/home/runner/work/kisangateway-test/kisangateway-test/pages/base_page.py\", line 38, in click\n    el: WebElement = self.wait.until(\n                     ^^^^^^^^^^^^^^^^\n  File \"/home/runner/work/kisangateway-test/kisangateway-test/.venv/lib/python3.11/site-packages/selenium/webdriver/support/wait.py\", line 95, in until\n    raise TimeoutException(message, screen, stacktrace)\n","steps":[],"attachments":[],"parameters":[],"shouldDisplayMessage":true,"stepsCount":0,"attachmentsCount":0,"hasContent":true}],"attachments":[],"parameters":[],"shouldDisplayMessage":false,"stepsCount":1,"attachmentsCount":0,"hasContent":true}],"testStage":{"description":"Delete an existing workspace","status":"broken","statusMessage":"selenium.common.exceptions.TimeoutException: Message: \nStacktrace:\n#0 0x564a2e3d06b3 <unknown>\n#1 0x564a2e0a61e7 <unknown>\n#2 0x564a2e0ed566 <unknown>\n#3 0x564a2e0ed651 <unknown>\n#4 0x564a2e12aa74 <unknown>\n#5 0x564a2e10f0ed <unknown>\n#6 0x564a2e128322 <unknown>\n#7 0x564a2e10ee93 <unknown>\n#8 0x564a2e0e1934 <unknown>\n#9 0x564a2e0e271e <unknown>\n#10 0x564a2e395cb8 <unknown>\n#11 0x564a2e399bf0 <unknown>\n#12 0x564a2e3a419c <unknown>\n#13 0x564a2e39a808 <unknown>\n#14 0x564a2e36727f <unknown>\n#15 0x564a2e3bee88 <unknown>\n#16 0x564a2e3bf059 <unknown>\n#17 0x564a2e3cf843 <unknown>\n#18 0x7f8e68c94b43 <unknown>","statusTrace":"self = <tests.test_workspaces.TestWorkspaces object at 0x7f0029108f10>\nsecret_data = {'email': '', 'password': ''}\n\n    @pytest.fixture(autouse=True)\n    def setup_method_fixture(self, secret_data: dict):\n>       login(secret_data, self.about_page, self.login_page)\n\ntests/test_workspaces.py:23: \n_ _ _ _ _ _ _ _ _ _ _ _ _ _ _ _ _ _ _ _ _ _ _ _ _ _ _ _ _ _ _ _ _ _ _ _ _ _ _ _ \ntests/test_workspaces.py:13: in login\n    about_page.click_login_link()\npages/about_page.py:20: in click_login_link\n    self.click(self.LOGIN_LINK)\npages/base_page.py:38: in click\n    el: WebElement = self.wait.until(\n_ _ _ _ _ _ _ _ _ _ _ _ _ _ _ _ _ _ _ _ _ _ _ _ _ _ _ _ _ _ _ _ _ _ _ _ _ _ _ _ \n\nself = <selenium.webdriver.support.wait.WebDriverWait (session=\"7a0573c46ff0e5ac2aca734e216ff20f\")>\nmethod = <function element_to_be_clickable.<locals>._predicate at 0x7f0028ec4e00>\nmessage = ''\n\n    def until(self, method, message: str = \"\"):\n        \"\"\"Calls the method provided with the driver as an argument until the \\\n        return value does not evaluate to ``False``.\n    \n        :param method: callable(WebDriver)\n        :param message: optional message for :exc:`TimeoutException`\n        :returns: the result of the last call to `method`\n        :raises: :exc:`selenium.common.exceptions.TimeoutException` if timeout occurs\n        \"\"\"\n        screen = None\n        stacktrace = None\n    \n        end_time = time.monotonic() + self._timeout\n        while True:\n            try:\n                value = method(self._driver)\n                if value:\n                    return value\n            except self._ignored_exceptions as exc:\n                screen = getattr(exc, \"screen\", None)\n                stacktrace = getattr(exc, \"stacktrace\", None)\n            time.sleep(self._poll)\n            if time.monotonic() > end_time:\n                break\n>       raise TimeoutException(message, screen, stacktrace)\nE       selenium.common.exceptions.TimeoutException: Message: \nE       Stacktrace:\nE       #0 0x564a2e3d06b3 <unknown>\nE       #1 0x564a2e0a61e7 <unknown>\nE       #2 0x564a2e0ed566 <unknown>\nE       #3 0x564a2e0ed651 <unknown>\nE       #4 0x564a2e12aa74 <unknown>\nE       #5 0x564a2e10f0ed <unknown>\nE       #6 0x564a2e128322 <unknown>\nE       #7 0x564a2e10ee93 <unknown>\nE       #8 0x564a2e0e1934 <unknown>\nE       #9 0x564a2e0e271e <unknown>\nE       #10 0x564a2e395cb8 <unknown>\nE       #11 0x564a2e399bf0 <unknown>\nE       #12 0x564a2e3a419c <unknown>\nE       #13 0x564a2e39a808 <unknown>\nE       #14 0x564a2e36727f <unknown>\nE       #15 0x564a2e3bee88 <unknown>\nE       #16 0x564a2e3bf059 <unknown>\nE       #17 0x564a2e3cf843 <unknown>\nE       #18 0x7f8e68c94b43 <unknown>\n\n.venv/lib/python3.11/site-packages/selenium/webdriver/support/wait.py:95: TimeoutException","steps":[],"attachments":[{"uid":"b4df8e27072a6a39","name":"public ip address","source":"b4df8e27072a6a39.txt","type":"text/plain","size":13},{"uid":"72eea9affe068edb","name":"Cookies","source":"72eea9affe068edb.json","type":"application/json","size":2},{"uid":"5e256021e3ba3c3","name":"Session Storage","source":"5e256021e3ba3c3.json","type":"application/json","size":2},{"uid":"a638075695845d0c","name":"Local Storage","source":"a638075695845d0c.json","type":"application/json","size":2},{"uid":"1d115553811a19c1","name":"Console Logs","source":"1d115553811a19c1.json","type":"application/json","size":2},{"uid":"629e5a77ec662b04","name":"Full Page Screenshot","source":"629e5a77ec662b04.png","type":"image/png","size":1537971},{"uid":"532b0615edf21be2","name":"URL","source":"532b0615edf21be2.uri","type":"text/uri-list","size":25},{"uid":"e15787ae4a498af0","name":"Network Logs","source":"e15787ae4a498af0.json","type":"application/json","size":13994}],"parameters":[],"shouldDisplayMessage":true,"stepsCount":0,"attachmentsCount":8,"hasContent":true},"afterStages":[],"labels":[{"name":"epic","value":"Workspaces"},{"name":"story","value":"WorkSpaces Creation and Editing Functionality"},{"name":"severity","value":"normal"},{"name":"tag","value":"run(order=3)"},{"name":"parentSuite","value":"tests"},{"name":"suite","value":"test_workspaces"},{"name":"subSuite","value":"TestWorkspaces"},{"name":"host","value":"fv-az337-609"},{"name":"thread","value":"2272-MainThread"},{"name":"framework","value":"pytest"},{"name":"language","value":"cpython3"},{"name":"package","value":"tests.test_workspaces"},{"name":"resultFormat","value":"allure2"}],"parameters":[],"links":[],"hidden":false,"retry":false,"extra":{"severity":"normal","retries":[],"categories":[{"name":"Test defects","matchedStatuses":[],"flaky":false}],"tags":["run(order=3)"]},"source":"3cb10c7dccfd64a2.json","parameterValues":[]}