{"uid":"a7caaf57d6ddbc4a","name":"Rename an existing workspace test","fullName":"tests.test_workspaces.TestWorkspaces#test_rename_workspace","historyId":"d49362deb707221678019bdc76bcec08","time":{"start":1703638929618,"stop":1703638929618,"duration":0},"description":"Rename an existing workspace","descriptionHtml":"<p>Rename an existing workspace</p>\n","status":"broken","statusMessage":"selenium.common.exceptions.TimeoutException: Message: \nStacktrace:\n#0 0x55a361bf2d33 <unknown>\n#1 0x55a3618aff87 <unknown>\n#2 0x55a3618ffc0e <unknown>\n#3 0x55a3618ffd11 <unknown>\n#4 0x55a36194b004 <unknown>\n#5 0x55a36192936d <unknown>\n#6 0x55a361948297 <unknown>\n#7 0x55a3619290e3 <unknown>\n#8 0x55a3618f1044 <unknown>\n#9 0x55a3618f244e <unknown>\n#10 0x55a361bb7861 <unknown>\n#11 0x55a361bbb785 <unknown>\n#12 0x55a361ba5285 <unknown>\n#13 0x55a361bbc41f <unknown>\n#14 0x55a361b8920f <unknown>\n#15 0x55a361be0028 <unknown>\n#16 0x55a361be01f7 <unknown>\n#17 0x55a361bf1ed4 <unknown>\n#18 0x7feb08694ac3 <unknown>","statusTrace":"self = <tests.test_workspaces.TestWorkspaces object at 0x7f48c6fd9ed0>\nsecret_data = {'email': '', 'password': ''}\n\n    @pytest.fixture(autouse=True)\n    def setup_method_fixture(self, secret_data: dict):\n>       login(secret_data, self.about_page, self.login_page)\n\ntests/test_workspaces.py:23: \n_ _ _ _ _ _ _ _ _ _ _ _ _ _ _ _ _ _ _ _ _ _ _ _ _ _ _ _ _ _ _ _ _ _ _ _ _ _ _ _ \ntests/test_workspaces.py:13: in login\n    about_page.click_login_link()\npages/about_page.py:20: in click_login_link\n    self.click(self.LOGIN_LINK)\npages/base_page.py:38: in click\n    el: WebElement = self.wait.until(\n_ _ _ _ _ _ _ _ _ _ _ _ _ _ _ _ _ _ _ _ _ _ _ _ _ _ _ _ _ _ _ _ _ _ _ _ _ _ _ _ \n\nself = <selenium.webdriver.support.wait.WebDriverWait (session=\"223d3d5212323791852ede3a0ca32c06\")>\nmethod = <function element_to_be_clickable.<locals>._predicate at 0x7f48c6b54a40>\nmessage = ''\n\n    def until(self, method, message: str = \"\"):\n        \"\"\"Calls the method provided with the driver as an argument until the \\\n        return value does not evaluate to ``False``.\n    \n        :param method: callable(WebDriver)\n        :param message: optional message for :exc:`TimeoutException`\n        :returns: the result of the last call to `method`\n        :raises: :exc:`selenium.common.exceptions.TimeoutException` if timeout occurs\n        \"\"\"\n        screen = None\n        stacktrace = None\n    \n        end_time = time.monotonic() + self._timeout\n        while True:\n            try:\n                value = method(self._driver)\n                if value:\n                    return value\n            except self._ignored_exceptions as exc:\n                screen = getattr(exc, \"screen\", None)\n                stacktrace = getattr(exc, \"stacktrace\", None)\n            time.sleep(self._poll)\n            if time.monotonic() > end_time:\n                break\n>       raise TimeoutException(message, screen, stacktrace)\nE       selenium.common.exceptions.TimeoutException: Message: \nE       Stacktrace:\nE       #0 0x55a361bf2d33 <unknown>\nE       #1 0x55a3618aff87 <unknown>\nE       #2 0x55a3618ffc0e <unknown>\nE       #3 0x55a3618ffd11 <unknown>\nE       #4 0x55a36194b004 <unknown>\nE       #5 0x55a36192936d <unknown>\nE       #6 0x55a361948297 <unknown>\nE       #7 0x55a3619290e3 <unknown>\nE       #8 0x55a3618f1044 <unknown>\nE       #9 0x55a3618f244e <unknown>\nE       #10 0x55a361bb7861 <unknown>\nE       #11 0x55a361bbb785 <unknown>\nE       #12 0x55a361ba5285 <unknown>\nE       #13 0x55a361bbc41f <unknown>\nE       #14 0x55a361b8920f <unknown>\nE       #15 0x55a361be0028 <unknown>\nE       #16 0x55a361be01f7 <unknown>\nE       #17 0x55a361bf1ed4 <unknown>\nE       #18 0x7feb08694ac3 <unknown>\n\n.venv/lib/python3.11/site-packages/selenium/webdriver/support/wait.py:95: TimeoutException","flaky":false,"newFailed":false,"newBroken":false,"newPassed":false,"retriesCount":0,"retriesStatusChange":false,"beforeStages":[{"name":"json_data","time":{"start":1703638893645,"stop":1703638893646,"duration":1},"status":"passed","steps":[],"attachments":[],"parameters":[],"shouldDisplayMessage":false,"stepsCount":0,"attachmentsCount":0,"hasContent":false,"attachmentStep":false},{"name":"base_url","time":{"start":1703638893645,"stop":1703638893645,"duration":0},"status":"passed","steps":[],"attachments":[],"parameters":[],"shouldDisplayMessage":false,"stepsCount":0,"attachmentsCount":0,"hasContent":false,"attachmentStep":false},{"name":"_verify_url","time":{"start":1703638893645,"stop":1703638893645,"duration":0},"status":"passed","steps":[],"attachments":[],"parameters":[],"shouldDisplayMessage":false,"stepsCount":0,"attachmentsCount":0,"hasContent":false,"attachmentStep":false},{"name":"secret_data","time":{"start":1703638893645,"stop":1703638893645,"duration":0},"status":"passed","steps":[],"attachments":[],"parameters":[],"shouldDisplayMessage":false,"stepsCount":0,"attachmentsCount":0,"hasContent":false,"attachmentStep":false},{"name":"setup_method_fixture","time":{"start":1703638930691,"stop":1703638940871,"duration":10180},"status":"broken","statusMessage":"selenium.common.exceptions.TimeoutException: Message: \nStacktrace:\n#0 0x55a361bf2d33 <unknown>\n#1 0x55a3618aff87 <unknown>\n#2 0x55a3618ffc0e <unknown>\n#3 0x55a3618ffd11 <unknown>\n#4 0x55a36194b004 <unknown>\n#5 0x55a36192936d <unknown>\n#6 0x55a361948297 <unknown>\n#7 0x55a3619290e3 <unknown>\n#8 0x55a3618f1044 <unknown>\n#9 0x55a3618f244e <unknown>\n#10 0x55a361bb7861 <unknown>\n#11 0x55a361bbb785 <unknown>\n#12 0x55a361ba5285 <unknown>\n#13 0x55a361bbc41f <unknown>\n#14 0x55a361b8920f <unknown>\n#15 0x55a361be0028 <unknown>\n#16 0x55a361be01f7 <unknown>\n#17 0x55a361bf1ed4 <unknown>\n#18 0x7feb08694ac3 <unknown>\n\n","statusTrace":"  File \"/home/runner/work/kisangateway-test/kisangateway-test/.venv/lib/python3.11/site-packages/pluggy/_callers.py\", line 80, in _multicall\n    res = hook_impl.function(*args)\n          ^^^^^^^^^^^^^^^^^^^^^^^^^\n  File \"/home/runner/work/kisangateway-test/kisangateway-test/.venv/lib/python3.11/site-packages/_pytest/fixtures.py\", line 1123, in pytest_fixture_setup\n    result = call_fixture_func(fixturefunc, request, kwargs)\n             ^^^^^^^^^^^^^^^^^^^^^^^^^^^^^^^^^^^^^^^^^^^^^^^\n  File \"/home/runner/work/kisangateway-test/kisangateway-test/.venv/lib/python3.11/site-packages/_pytest/fixtures.py\", line 902, in call_fixture_func\n    fixture_result = fixturefunc(**kwargs)\n                     ^^^^^^^^^^^^^^^^^^^^^\n  File \"/home/runner/work/kisangateway-test/kisangateway-test/tests/test_workspaces.py\", line 23, in setup_method_fixture\n    login(secret_data, self.about_page, self.login_page)\n  File \"/home/runner/work/kisangateway-test/kisangateway-test/tests/test_workspaces.py\", line 13, in login\n    about_page.click_login_link()\n  File \"/home/runner/work/kisangateway-test/kisangateway-test/.venv/lib/python3.11/site-packages/allure_commons/_allure.py\", line 192, in impl\n    return func(*a, **kw)\n           ^^^^^^^^^^^^^^\n  File \"/home/runner/work/kisangateway-test/kisangateway-test/pages/about_page.py\", line 20, in click_login_link\n    self.click(self.LOGIN_LINK)\n  File \"/home/runner/work/kisangateway-test/kisangateway-test/pages/base_page.py\", line 38, in click\n    el: WebElement = self.wait.until(\n                     ^^^^^^^^^^^^^^^^\n  File \"/home/runner/work/kisangateway-test/kisangateway-test/.venv/lib/python3.11/site-packages/selenium/webdriver/support/wait.py\", line 95, in until\n    raise TimeoutException(message, screen, stacktrace)\n","steps":[{"name":"Click Login link","time":{"start":1703638930691,"stop":1703638940871,"duration":10180},"status":"broken","statusMessage":"selenium.common.exceptions.TimeoutException: Message: \nStacktrace:\n#0 0x55a361bf2d33 <unknown>\n#1 0x55a3618aff87 <unknown>\n#2 0x55a3618ffc0e <unknown>\n#3 0x55a3618ffd11 <unknown>\n#4 0x55a36194b004 <unknown>\n#5 0x55a36192936d <unknown>\n#6 0x55a361948297 <unknown>\n#7 0x55a3619290e3 <unknown>\n#8 0x55a3618f1044 <unknown>\n#9 0x55a3618f244e <unknown>\n#10 0x55a361bb7861 <unknown>\n#11 0x55a361bbb785 <unknown>\n#12 0x55a361ba5285 <unknown>\n#13 0x55a361bbc41f <unknown>\n#14 0x55a361b8920f <unknown>\n#15 0x55a361be0028 <unknown>\n#16 0x55a361be01f7 <unknown>\n#17 0x55a361bf1ed4 <unknown>\n#18 0x7feb08694ac3 <unknown>\n\n","statusTrace":"  File \"/home/runner/work/kisangateway-test/kisangateway-test/.venv/lib/python3.11/site-packages/allure_commons/_allure.py\", line 192, in impl\n    return func(*a, **kw)\n           ^^^^^^^^^^^^^^\n  File \"/home/runner/work/kisangateway-test/kisangateway-test/pages/about_page.py\", line 20, in click_login_link\n    self.click(self.LOGIN_LINK)\n  File \"/home/runner/work/kisangateway-test/kisangateway-test/pages/base_page.py\", line 38, in click\n    el: WebElement = self.wait.until(\n                     ^^^^^^^^^^^^^^^^\n  File \"/home/runner/work/kisangateway-test/kisangateway-test/.venv/lib/python3.11/site-packages/selenium/webdriver/support/wait.py\", line 95, in until\n    raise TimeoutException(message, screen, stacktrace)\n","steps":[],"attachments":[],"parameters":[],"shouldDisplayMessage":true,"stepsCount":0,"attachmentsCount":0,"hasContent":true,"attachmentStep":false}],"attachments":[],"parameters":[],"shouldDisplayMessage":false,"stepsCount":1,"attachmentsCount":0,"hasContent":true,"attachmentStep":false}],"testStage":{"description":"Rename an existing workspace","status":"broken","statusMessage":"selenium.common.exceptions.TimeoutException: Message: \nStacktrace:\n#0 0x55a361bf2d33 <unknown>\n#1 0x55a3618aff87 <unknown>\n#2 0x55a3618ffc0e <unknown>\n#3 0x55a3618ffd11 <unknown>\n#4 0x55a36194b004 <unknown>\n#5 0x55a36192936d <unknown>\n#6 0x55a361948297 <unknown>\n#7 0x55a3619290e3 <unknown>\n#8 0x55a3618f1044 <unknown>\n#9 0x55a3618f244e <unknown>\n#10 0x55a361bb7861 <unknown>\n#11 0x55a361bbb785 <unknown>\n#12 0x55a361ba5285 <unknown>\n#13 0x55a361bbc41f <unknown>\n#14 0x55a361b8920f <unknown>\n#15 0x55a361be0028 <unknown>\n#16 0x55a361be01f7 <unknown>\n#17 0x55a361bf1ed4 <unknown>\n#18 0x7feb08694ac3 <unknown>","statusTrace":"self = <tests.test_workspaces.TestWorkspaces object at 0x7f48c6fd9ed0>\nsecret_data = {'email': '', 'password': ''}\n\n    @pytest.fixture(autouse=True)\n    def setup_method_fixture(self, secret_data: dict):\n>       login(secret_data, self.about_page, self.login_page)\n\ntests/test_workspaces.py:23: \n_ _ _ _ _ _ _ _ _ _ _ _ _ _ _ _ _ _ _ _ _ _ _ _ _ _ _ _ _ _ _ _ _ _ _ _ _ _ _ _ \ntests/test_workspaces.py:13: in login\n    about_page.click_login_link()\npages/about_page.py:20: in click_login_link\n    self.click(self.LOGIN_LINK)\npages/base_page.py:38: in click\n    el: WebElement = self.wait.until(\n_ _ _ _ _ _ _ _ _ _ _ _ _ _ _ _ _ _ _ _ _ _ _ _ _ _ _ _ _ _ _ _ _ _ _ _ _ _ _ _ \n\nself = <selenium.webdriver.support.wait.WebDriverWait (session=\"223d3d5212323791852ede3a0ca32c06\")>\nmethod = <function element_to_be_clickable.<locals>._predicate at 0x7f48c6b54a40>\nmessage = ''\n\n    def until(self, method, message: str = \"\"):\n        \"\"\"Calls the method provided with the driver as an argument until the \\\n        return value does not evaluate to ``False``.\n    \n        :param method: callable(WebDriver)\n        :param message: optional message for :exc:`TimeoutException`\n        :returns: the result of the last call to `method`\n        :raises: :exc:`selenium.common.exceptions.TimeoutException` if timeout occurs\n        \"\"\"\n        screen = None\n        stacktrace = None\n    \n        end_time = time.monotonic() + self._timeout\n        while True:\n            try:\n                value = method(self._driver)\n                if value:\n                    return value\n            except self._ignored_exceptions as exc:\n                screen = getattr(exc, \"screen\", None)\n                stacktrace = getattr(exc, \"stacktrace\", None)\n            time.sleep(self._poll)\n            if time.monotonic() > end_time:\n                break\n>       raise TimeoutException(message, screen, stacktrace)\nE       selenium.common.exceptions.TimeoutException: Message: \nE       Stacktrace:\nE       #0 0x55a361bf2d33 <unknown>\nE       #1 0x55a3618aff87 <unknown>\nE       #2 0x55a3618ffc0e <unknown>\nE       #3 0x55a3618ffd11 <unknown>\nE       #4 0x55a36194b004 <unknown>\nE       #5 0x55a36192936d <unknown>\nE       #6 0x55a361948297 <unknown>\nE       #7 0x55a3619290e3 <unknown>\nE       #8 0x55a3618f1044 <unknown>\nE       #9 0x55a3618f244e <unknown>\nE       #10 0x55a361bb7861 <unknown>\nE       #11 0x55a361bbb785 <unknown>\nE       #12 0x55a361ba5285 <unknown>\nE       #13 0x55a361bbc41f <unknown>\nE       #14 0x55a361b8920f <unknown>\nE       #15 0x55a361be0028 <unknown>\nE       #16 0x55a361be01f7 <unknown>\nE       #17 0x55a361bf1ed4 <unknown>\nE       #18 0x7feb08694ac3 <unknown>\n\n.venv/lib/python3.11/site-packages/selenium/webdriver/support/wait.py:95: TimeoutException","steps":[],"attachments":[{"uid":"7cd36dbcd4789d44","name":"public ip address","source":"7cd36dbcd4789d44.txt","type":"text/plain","size":13},{"uid":"36ad36bf3ba278d2","name":"Cookies","source":"36ad36bf3ba278d2.json","type":"application/json","size":2},{"uid":"37425dc294b1a8e","name":"Session Storage","source":"37425dc294b1a8e.json","type":"application/json","size":2},{"uid":"bc970833e51553e8","name":"Local Storage","source":"bc970833e51553e8.json","type":"application/json","size":2},{"uid":"400486c2a2523d6a","name":"Console Logs","source":"400486c2a2523d6a.json","type":"application/json","size":2},{"uid":"f881c6fca95447bb","name":"Full Page Screenshot","source":"f881c6fca95447bb.png","type":"image/png","size":2655641},{"uid":"50ef315dce0563e4","name":"URL","source":"50ef315dce0563e4.uri","type":"text/uri-list","size":25},{"uid":"aa6d8652f4d5618b","name":"Network Logs","source":"aa6d8652f4d5618b.json","type":"application/json","size":13977}],"parameters":[],"shouldDisplayMessage":true,"stepsCount":0,"attachmentsCount":8,"hasContent":true,"attachmentStep":false},"afterStages":[],"labels":[{"name":"epic","value":"Workspaces"},{"name":"severity","value":"normal"},{"name":"story","value":"WorkSpaces Creation and Editing Functionality"},{"name":"tag","value":"run(order=2)"},{"name":"parentSuite","value":"tests"},{"name":"suite","value":"test_workspaces"},{"name":"subSuite","value":"TestWorkspaces"},{"name":"host","value":"fv-az1116-506"},{"name":"thread","value":"2176-MainThread"},{"name":"framework","value":"pytest"},{"name":"language","value":"cpython3"},{"name":"package","value":"tests.test_workspaces"},{"name":"resultFormat","value":"allure2"}],"parameters":[],"links":[],"hidden":false,"retry":false,"extra":{"severity":"normal","retries":[],"categories":[{"name":"Test defects","matchedStatuses":[],"flaky":false}],"tags":["run(order=2)"]},"source":"a7caaf57d6ddbc4a.json","parameterValues":[]}