{"uid":"b78f7862e886d578","name":"Login with invalid credentials test","fullName":"tests.test_login.TestLogin#test_invalid_login","historyId":"d4a74b5adfb086f235dc50992a7adb79","time":{"start":1697763706444,"stop":1697763716781,"duration":10337},"description":"invalid login","descriptionHtml":"<p>invalid login</p>\n","status":"broken","statusMessage":"selenium.common.exceptions.TimeoutException: Message: \nStacktrace:\n#0 0x555699feafb3 <unknown>\n#1 0x555699cbe4a7 <unknown>\n#2 0x555699d05dd6 <unknown>\n#3 0x555699d05ec1 <unknown>\n#4 0x555699d43354 <unknown>\n#5 0x555699d2796d <unknown>\n#6 0x555699d40c02 <unknown>\n#7 0x555699d27713 <unknown>\n#8 0x555699cfa18b <unknown>\n#9 0x555699cfaf7e <unknown>\n#10 0x555699fb08d8 <unknown>\n#11 0x555699fb4800 <unknown>\n#12 0x555699fbecfc <unknown>\n#13 0x555699fb5418 <unknown>\n#14 0x555699f8242f <unknown>\n#15 0x555699fd94e8 <unknown>\n#16 0x555699fd96b4 <unknown>\n#17 0x555699fea143 <unknown>\n#18 0x7f73d1094ac3 <unknown>","statusTrace":"self = <tests.test_login.TestLogin object at 0x7f768fe515d0>\nemail = 'nirt236@gmail.com', password = '123456'\njson_data = {'forgot_password': {'error_message': \"We can't find a user with that e-mail address.\", 'success_message': 'A reset li...you page', 'name': 'test', 'new_name': 'another test', 'no_project_found_msg': 'No project matches the criteria', ...}}\n\n    @allure.description(\"invalid login\")\n    @allure.title(\"Login with invalid credentials test\")\n    @pytest.mark.parametrize(\"email, password\", users)\n    @pytest.mark.run(order=3)\n    def test_invalid_login(self, email: str, password: str, json_data: dict):\n>       self.about_page.click_login_link()\n\ntests/test_login.py:22: \n_ _ _ _ _ _ _ _ _ _ _ _ _ _ _ _ _ _ _ _ _ _ _ _ _ _ _ _ _ _ _ _ _ _ _ _ _ _ _ _ \npages/about_page.py:20: in click_login_link\n    self.click(self.LOGIN_LINK)\npages/base_page.py:38: in click\n    el: WebElement = self.wait.until(\n_ _ _ _ _ _ _ _ _ _ _ _ _ _ _ _ _ _ _ _ _ _ _ _ _ _ _ _ _ _ _ _ _ _ _ _ _ _ _ _ \n\nself = <selenium.webdriver.support.wait.WebDriverWait (session=\"fce34d926d830dee3b80a80c698a7b49\")>\nmethod = <function element_to_be_clickable.<locals>._predicate at 0x7f768fc84f40>\nmessage = ''\n\n    def until(self, method, message: str = \"\"):\n        \"\"\"Calls the method provided with the driver as an argument until the \\\n        return value does not evaluate to ``False``.\n    \n        :param method: callable(WebDriver)\n        :param message: optional message for :exc:`TimeoutException`\n        :returns: the result of the last call to `method`\n        :raises: :exc:`selenium.common.exceptions.TimeoutException` if timeout occurs\n        \"\"\"\n        screen = None\n        stacktrace = None\n    \n        end_time = time.monotonic() + self._timeout\n        while True:\n            try:\n                value = method(self._driver)\n                if value:\n                    return value\n            except self._ignored_exceptions as exc:\n                screen = getattr(exc, \"screen\", None)\n                stacktrace = getattr(exc, \"stacktrace\", None)\n            time.sleep(self._poll)\n            if time.monotonic() > end_time:\n                break\n>       raise TimeoutException(message, screen, stacktrace)\nE       selenium.common.exceptions.TimeoutException: Message: \nE       Stacktrace:\nE       #0 0x555699feafb3 <unknown>\nE       #1 0x555699cbe4a7 <unknown>\nE       #2 0x555699d05dd6 <unknown>\nE       #3 0x555699d05ec1 <unknown>\nE       #4 0x555699d43354 <unknown>\nE       #5 0x555699d2796d <unknown>\nE       #6 0x555699d40c02 <unknown>\nE       #7 0x555699d27713 <unknown>\nE       #8 0x555699cfa18b <unknown>\nE       #9 0x555699cfaf7e <unknown>\nE       #10 0x555699fb08d8 <unknown>\nE       #11 0x555699fb4800 <unknown>\nE       #12 0x555699fbecfc <unknown>\nE       #13 0x555699fb5418 <unknown>\nE       #14 0x555699f8242f <unknown>\nE       #15 0x555699fd94e8 <unknown>\nE       #16 0x555699fd96b4 <unknown>\nE       #17 0x555699fea143 <unknown>\nE       #18 0x7f73d1094ac3 <unknown>\n\n.venv/lib/python3.11/site-packages/selenium/webdriver/support/wait.py:95: TimeoutException","flaky":false,"newFailed":false,"newBroken":false,"newPassed":false,"retriesCount":0,"retriesStatusChange":false,"beforeStages":[{"name":"_verify_url","time":{"start":1697763651106,"stop":1697763651106,"duration":0},"status":"passed","steps":[],"attachments":[],"parameters":[],"shouldDisplayMessage":false,"stepsCount":0,"attachmentsCount":0,"hasContent":false},{"name":"base_url","time":{"start":1697763651106,"stop":1697763651106,"duration":0},"status":"passed","steps":[],"attachments":[],"parameters":[],"shouldDisplayMessage":false,"stepsCount":0,"attachmentsCount":0,"hasContent":false},{"name":"json_data","time":{"start":1697763651107,"stop":1697763651107,"duration":0},"status":"passed","steps":[],"attachments":[],"parameters":[],"shouldDisplayMessage":false,"stepsCount":0,"attachmentsCount":0,"hasContent":false}],"testStage":{"description":"invalid login","status":"broken","statusMessage":"selenium.common.exceptions.TimeoutException: Message: \nStacktrace:\n#0 0x555699feafb3 <unknown>\n#1 0x555699cbe4a7 <unknown>\n#2 0x555699d05dd6 <unknown>\n#3 0x555699d05ec1 <unknown>\n#4 0x555699d43354 <unknown>\n#5 0x555699d2796d <unknown>\n#6 0x555699d40c02 <unknown>\n#7 0x555699d27713 <unknown>\n#8 0x555699cfa18b <unknown>\n#9 0x555699cfaf7e <unknown>\n#10 0x555699fb08d8 <unknown>\n#11 0x555699fb4800 <unknown>\n#12 0x555699fbecfc <unknown>\n#13 0x555699fb5418 <unknown>\n#14 0x555699f8242f <unknown>\n#15 0x555699fd94e8 <unknown>\n#16 0x555699fd96b4 <unknown>\n#17 0x555699fea143 <unknown>\n#18 0x7f73d1094ac3 <unknown>","statusTrace":"self = <tests.test_login.TestLogin object at 0x7f768fe515d0>\nemail = 'nirt236@gmail.com', password = '123456'\njson_data = {'forgot_password': {'error_message': \"We can't find a user with that e-mail address.\", 'success_message': 'A reset li...you page', 'name': 'test', 'new_name': 'another test', 'no_project_found_msg': 'No project matches the criteria', ...}}\n\n    @allure.description(\"invalid login\")\n    @allure.title(\"Login with invalid credentials test\")\n    @pytest.mark.parametrize(\"email, password\", users)\n    @pytest.mark.run(order=3)\n    def test_invalid_login(self, email: str, password: str, json_data: dict):\n>       self.about_page.click_login_link()\n\ntests/test_login.py:22: \n_ _ _ _ _ _ _ _ _ _ _ _ _ _ _ _ _ _ _ _ _ _ _ _ _ _ _ _ _ _ _ _ _ _ _ _ _ _ _ _ \npages/about_page.py:20: in click_login_link\n    self.click(self.LOGIN_LINK)\npages/base_page.py:38: in click\n    el: WebElement = self.wait.until(\n_ _ _ _ _ _ _ _ _ _ _ _ _ _ _ _ _ _ _ _ _ _ _ _ _ _ _ _ _ _ _ _ _ _ _ _ _ _ _ _ \n\nself = <selenium.webdriver.support.wait.WebDriverWait (session=\"fce34d926d830dee3b80a80c698a7b49\")>\nmethod = <function element_to_be_clickable.<locals>._predicate at 0x7f768fc84f40>\nmessage = ''\n\n    def until(self, method, message: str = \"\"):\n        \"\"\"Calls the method provided with the driver as an argument until the \\\n        return value does not evaluate to ``False``.\n    \n        :param method: callable(WebDriver)\n        :param message: optional message for :exc:`TimeoutException`\n        :returns: the result of the last call to `method`\n        :raises: :exc:`selenium.common.exceptions.TimeoutException` if timeout occurs\n        \"\"\"\n        screen = None\n        stacktrace = None\n    \n        end_time = time.monotonic() + self._timeout\n        while True:\n            try:\n                value = method(self._driver)\n                if value:\n                    return value\n            except self._ignored_exceptions as exc:\n                screen = getattr(exc, \"screen\", None)\n                stacktrace = getattr(exc, \"stacktrace\", None)\n            time.sleep(self._poll)\n            if time.monotonic() > end_time:\n                break\n>       raise TimeoutException(message, screen, stacktrace)\nE       selenium.common.exceptions.TimeoutException: Message: \nE       Stacktrace:\nE       #0 0x555699feafb3 <unknown>\nE       #1 0x555699cbe4a7 <unknown>\nE       #2 0x555699d05dd6 <unknown>\nE       #3 0x555699d05ec1 <unknown>\nE       #4 0x555699d43354 <unknown>\nE       #5 0x555699d2796d <unknown>\nE       #6 0x555699d40c02 <unknown>\nE       #7 0x555699d27713 <unknown>\nE       #8 0x555699cfa18b <unknown>\nE       #9 0x555699cfaf7e <unknown>\nE       #10 0x555699fb08d8 <unknown>\nE       #11 0x555699fb4800 <unknown>\nE       #12 0x555699fbecfc <unknown>\nE       #13 0x555699fb5418 <unknown>\nE       #14 0x555699f8242f <unknown>\nE       #15 0x555699fd94e8 <unknown>\nE       #16 0x555699fd96b4 <unknown>\nE       #17 0x555699fea143 <unknown>\nE       #18 0x7f73d1094ac3 <unknown>\n\n.venv/lib/python3.11/site-packages/selenium/webdriver/support/wait.py:95: TimeoutException","steps":[{"name":"Click Login link","time":{"start":1697763706444,"stop":1697763716780,"duration":10336},"status":"broken","statusMessage":"selenium.common.exceptions.TimeoutException: Message: \nStacktrace:\n#0 0x555699feafb3 <unknown>\n#1 0x555699cbe4a7 <unknown>\n#2 0x555699d05dd6 <unknown>\n#3 0x555699d05ec1 <unknown>\n#4 0x555699d43354 <unknown>\n#5 0x555699d2796d <unknown>\n#6 0x555699d40c02 <unknown>\n#7 0x555699d27713 <unknown>\n#8 0x555699cfa18b <unknown>\n#9 0x555699cfaf7e <unknown>\n#10 0x555699fb08d8 <unknown>\n#11 0x555699fb4800 <unknown>\n#12 0x555699fbecfc <unknown>\n#13 0x555699fb5418 <unknown>\n#14 0x555699f8242f <unknown>\n#15 0x555699fd94e8 <unknown>\n#16 0x555699fd96b4 <unknown>\n#17 0x555699fea143 <unknown>\n#18 0x7f73d1094ac3 <unknown>\n\n","statusTrace":"  File \"/home/runner/work/kisangateway-test/kisangateway-test/.venv/lib/python3.11/site-packages/allure_commons/_allure.py\", line 192, in impl\n    return func(*a, **kw)\n           ^^^^^^^^^^^^^^\n  File \"/home/runner/work/kisangateway-test/kisangateway-test/pages/about_page.py\", line 20, in click_login_link\n    self.click(self.LOGIN_LINK)\n  File \"/home/runner/work/kisangateway-test/kisangateway-test/pages/base_page.py\", line 38, in click\n    el: WebElement = self.wait.until(\n                     ^^^^^^^^^^^^^^^^\n  File \"/home/runner/work/kisangateway-test/kisangateway-test/.venv/lib/python3.11/site-packages/selenium/webdriver/support/wait.py\", line 95, in until\n    raise TimeoutException(message, screen, stacktrace)\n","steps":[],"attachments":[],"parameters":[],"shouldDisplayMessage":true,"stepsCount":0,"attachmentsCount":0,"hasContent":true}],"attachments":[{"uid":"8985d0bb1ce1c197","name":"public ip address","source":"8985d0bb1ce1c197.txt","type":"text/plain","size":12},{"uid":"67478a29a355a991","name":"Cookies","source":"67478a29a355a991.json","type":"application/json","size":2},{"uid":"877eca2bbbe2b6d5","name":"Session Storage","source":"877eca2bbbe2b6d5.json","type":"application/json","size":2},{"uid":"325506066b2b9c7c","name":"Local Storage","source":"325506066b2b9c7c.json","type":"application/json","size":2},{"uid":"e810b7e2923d04fe","name":"Console Logs","source":"e810b7e2923d04fe.json","type":"application/json","size":2},{"uid":"239a63d49c23940e","name":"Full Page Screenshot","source":"239a63d49c23940e.png","type":"image/png","size":1496512},{"uid":"f9a4640c122207ee","name":"URL","source":"f9a4640c122207ee.uri","type":"text/uri-list","size":25},{"uid":"76c21e765284e527","name":"Network Logs","source":"76c21e765284e527.json","type":"application/json","size":14002}],"parameters":[],"shouldDisplayMessage":true,"stepsCount":1,"attachmentsCount":8,"hasContent":true},"afterStages":[],"labels":[{"name":"epic","value":"Security"},{"name":"feature","value":"Login"},{"name":"severity","value":"blocker"},{"name":"tag","value":"run(order=3)"},{"name":"tag","value":"security"},{"name":"parentSuite","value":"tests"},{"name":"suite","value":"test_login"},{"name":"subSuite","value":"TestLogin"},{"name":"host","value":"fv-az175-36"},{"name":"thread","value":"2120-MainThread"},{"name":"framework","value":"pytest"},{"name":"language","value":"cpython3"},{"name":"package","value":"tests.test_login"},{"name":"resultFormat","value":"allure2"}],"parameters":[{"name":"email","value":"'nirt236@gmail.com'"},{"name":"password","value":"'123456'"}],"links":[],"hidden":false,"retry":false,"extra":{"severity":"blocker","retries":[],"categories":[{"name":"Test defects","matchedStatuses":[],"flaky":false}],"tags":["run(order=3)","security"]},"source":"b78f7862e886d578.json","parameterValues":["'nirt236@gmail.com'","'123456'"]}