{"uid":"e2efa58b3f79636","name":"Rename an existing workspace test","fullName":"tests.test_workspaces.TestWorkspaces#test_rename_workspace","historyId":"d49362deb707221678019bdc76bcec08","time":{"start":1697763690597,"stop":1697763690597,"duration":0},"description":"Rename an existing workspace","descriptionHtml":"<p>Rename an existing workspace</p>\n","status":"broken","statusMessage":"selenium.common.exceptions.TimeoutException: Message: \nStacktrace:\n#0 0x556ed1b54fb3 <unknown>\n#1 0x556ed18284a7 <unknown>\n#2 0x556ed186fdd6 <unknown>\n#3 0x556ed186fec1 <unknown>\n#4 0x556ed18ad354 <unknown>\n#5 0x556ed189196d <unknown>\n#6 0x556ed18aac02 <unknown>\n#7 0x556ed1891713 <unknown>\n#8 0x556ed186418b <unknown>\n#9 0x556ed1864f7e <unknown>\n#10 0x556ed1b1a8d8 <unknown>\n#11 0x556ed1b1e800 <unknown>\n#12 0x556ed1b28cfc <unknown>\n#13 0x556ed1b1f418 <unknown>\n#14 0x556ed1aec42f <unknown>\n#15 0x556ed1b434e8 <unknown>\n#16 0x556ed1b436b4 <unknown>\n#17 0x556ed1b54143 <unknown>\n#18 0x7f09f1a94ac3 <unknown>","statusTrace":"self = <tests.test_workspaces.TestWorkspaces object at 0x7f768fe51f50>\nsecret_data = {'email': '', 'password': ''}\n\n    @pytest.fixture(autouse=True)\n    def setup_method_fixture(self, secret_data: dict):\n>       login(secret_data, self.about_page, self.login_page)\n\ntests/test_workspaces.py:23: \n_ _ _ _ _ _ _ _ _ _ _ _ _ _ _ _ _ _ _ _ _ _ _ _ _ _ _ _ _ _ _ _ _ _ _ _ _ _ _ _ \ntests/test_workspaces.py:13: in login\n    about_page.click_login_link()\npages/about_page.py:20: in click_login_link\n    self.click(self.LOGIN_LINK)\npages/base_page.py:38: in click\n    el: WebElement = self.wait.until(\n_ _ _ _ _ _ _ _ _ _ _ _ _ _ _ _ _ _ _ _ _ _ _ _ _ _ _ _ _ _ _ _ _ _ _ _ _ _ _ _ \n\nself = <selenium.webdriver.support.wait.WebDriverWait (session=\"6ec0cf79dccc9e86fa37916d76e2bd24\")>\nmethod = <function element_to_be_clickable.<locals>._predicate at 0x7f768fda5940>\nmessage = ''\n\n    def until(self, method, message: str = \"\"):\n        \"\"\"Calls the method provided with the driver as an argument until the \\\n        return value does not evaluate to ``False``.\n    \n        :param method: callable(WebDriver)\n        :param message: optional message for :exc:`TimeoutException`\n        :returns: the result of the last call to `method`\n        :raises: :exc:`selenium.common.exceptions.TimeoutException` if timeout occurs\n        \"\"\"\n        screen = None\n        stacktrace = None\n    \n        end_time = time.monotonic() + self._timeout\n        while True:\n            try:\n                value = method(self._driver)\n                if value:\n                    return value\n            except self._ignored_exceptions as exc:\n                screen = getattr(exc, \"screen\", None)\n                stacktrace = getattr(exc, \"stacktrace\", None)\n            time.sleep(self._poll)\n            if time.monotonic() > end_time:\n                break\n>       raise TimeoutException(message, screen, stacktrace)\nE       selenium.common.exceptions.TimeoutException: Message: \nE       Stacktrace:\nE       #0 0x556ed1b54fb3 <unknown>\nE       #1 0x556ed18284a7 <unknown>\nE       #2 0x556ed186fdd6 <unknown>\nE       #3 0x556ed186fec1 <unknown>\nE       #4 0x556ed18ad354 <unknown>\nE       #5 0x556ed189196d <unknown>\nE       #6 0x556ed18aac02 <unknown>\nE       #7 0x556ed1891713 <unknown>\nE       #8 0x556ed186418b <unknown>\nE       #9 0x556ed1864f7e <unknown>\nE       #10 0x556ed1b1a8d8 <unknown>\nE       #11 0x556ed1b1e800 <unknown>\nE       #12 0x556ed1b28cfc <unknown>\nE       #13 0x556ed1b1f418 <unknown>\nE       #14 0x556ed1aec42f <unknown>\nE       #15 0x556ed1b434e8 <unknown>\nE       #16 0x556ed1b436b4 <unknown>\nE       #17 0x556ed1b54143 <unknown>\nE       #18 0x7f09f1a94ac3 <unknown>\n\n.venv/lib/python3.11/site-packages/selenium/webdriver/support/wait.py:95: TimeoutException","flaky":false,"newFailed":false,"newBroken":false,"newPassed":false,"retriesCount":0,"retriesStatusChange":false,"beforeStages":[{"name":"_verify_url","time":{"start":1697763651106,"stop":1697763651106,"duration":0},"status":"passed","steps":[],"attachments":[],"parameters":[],"shouldDisplayMessage":false,"stepsCount":0,"attachmentsCount":0,"hasContent":false},{"name":"base_url","time":{"start":1697763651106,"stop":1697763651106,"duration":0},"status":"passed","steps":[],"attachments":[],"parameters":[],"shouldDisplayMessage":false,"stepsCount":0,"attachmentsCount":0,"hasContent":false},{"name":"json_data","time":{"start":1697763651107,"stop":1697763651107,"duration":0},"status":"passed","steps":[],"attachments":[],"parameters":[],"shouldDisplayMessage":false,"stepsCount":0,"attachmentsCount":0,"hasContent":false},{"name":"secret_data","time":{"start":1697763651107,"stop":1697763651107,"duration":0},"status":"passed","steps":[],"attachments":[],"parameters":[],"shouldDisplayMessage":false,"stepsCount":0,"attachmentsCount":0,"hasContent":false},{"name":"setup_method_fixture","time":{"start":1697763692012,"stop":1697763702522,"duration":10510},"status":"broken","statusMessage":"selenium.common.exceptions.TimeoutException: Message: \nStacktrace:\n#0 0x556ed1b54fb3 <unknown>\n#1 0x556ed18284a7 <unknown>\n#2 0x556ed186fdd6 <unknown>\n#3 0x556ed186fec1 <unknown>\n#4 0x556ed18ad354 <unknown>\n#5 0x556ed189196d <unknown>\n#6 0x556ed18aac02 <unknown>\n#7 0x556ed1891713 <unknown>\n#8 0x556ed186418b <unknown>\n#9 0x556ed1864f7e <unknown>\n#10 0x556ed1b1a8d8 <unknown>\n#11 0x556ed1b1e800 <unknown>\n#12 0x556ed1b28cfc <unknown>\n#13 0x556ed1b1f418 <unknown>\n#14 0x556ed1aec42f <unknown>\n#15 0x556ed1b434e8 <unknown>\n#16 0x556ed1b436b4 <unknown>\n#17 0x556ed1b54143 <unknown>\n#18 0x7f09f1a94ac3 <unknown>\n\n","statusTrace":"  File \"/home/runner/work/kisangateway-test/kisangateway-test/.venv/lib/python3.11/site-packages/pluggy/_callers.py\", line 80, in _multicall\n    res = hook_impl.function(*args)\n          ^^^^^^^^^^^^^^^^^^^^^^^^^\n  File \"/home/runner/work/kisangateway-test/kisangateway-test/.venv/lib/python3.11/site-packages/_pytest/fixtures.py\", line 1123, in pytest_fixture_setup\n    result = call_fixture_func(fixturefunc, request, kwargs)\n             ^^^^^^^^^^^^^^^^^^^^^^^^^^^^^^^^^^^^^^^^^^^^^^^\n  File \"/home/runner/work/kisangateway-test/kisangateway-test/.venv/lib/python3.11/site-packages/_pytest/fixtures.py\", line 902, in call_fixture_func\n    fixture_result = fixturefunc(**kwargs)\n                     ^^^^^^^^^^^^^^^^^^^^^\n  File \"/home/runner/work/kisangateway-test/kisangateway-test/tests/test_workspaces.py\", line 23, in setup_method_fixture\n    login(secret_data, self.about_page, self.login_page)\n  File \"/home/runner/work/kisangateway-test/kisangateway-test/tests/test_workspaces.py\", line 13, in login\n    about_page.click_login_link()\n  File \"/home/runner/work/kisangateway-test/kisangateway-test/.venv/lib/python3.11/site-packages/allure_commons/_allure.py\", line 192, in impl\n    return func(*a, **kw)\n           ^^^^^^^^^^^^^^\n  File \"/home/runner/work/kisangateway-test/kisangateway-test/pages/about_page.py\", line 20, in click_login_link\n    self.click(self.LOGIN_LINK)\n  File \"/home/runner/work/kisangateway-test/kisangateway-test/pages/base_page.py\", line 38, in click\n    el: WebElement = self.wait.until(\n                     ^^^^^^^^^^^^^^^^\n  File \"/home/runner/work/kisangateway-test/kisangateway-test/.venv/lib/python3.11/site-packages/selenium/webdriver/support/wait.py\", line 95, in until\n    raise TimeoutException(message, screen, stacktrace)\n","steps":[{"name":"Click Login link","time":{"start":1697763692012,"stop":1697763702522,"duration":10510},"status":"broken","statusMessage":"selenium.common.exceptions.TimeoutException: Message: \nStacktrace:\n#0 0x556ed1b54fb3 <unknown>\n#1 0x556ed18284a7 <unknown>\n#2 0x556ed186fdd6 <unknown>\n#3 0x556ed186fec1 <unknown>\n#4 0x556ed18ad354 <unknown>\n#5 0x556ed189196d <unknown>\n#6 0x556ed18aac02 <unknown>\n#7 0x556ed1891713 <unknown>\n#8 0x556ed186418b <unknown>\n#9 0x556ed1864f7e <unknown>\n#10 0x556ed1b1a8d8 <unknown>\n#11 0x556ed1b1e800 <unknown>\n#12 0x556ed1b28cfc <unknown>\n#13 0x556ed1b1f418 <unknown>\n#14 0x556ed1aec42f <unknown>\n#15 0x556ed1b434e8 <unknown>\n#16 0x556ed1b436b4 <unknown>\n#17 0x556ed1b54143 <unknown>\n#18 0x7f09f1a94ac3 <unknown>\n\n","statusTrace":"  File \"/home/runner/work/kisangateway-test/kisangateway-test/.venv/lib/python3.11/site-packages/allure_commons/_allure.py\", line 192, in impl\n    return func(*a, **kw)\n           ^^^^^^^^^^^^^^\n  File \"/home/runner/work/kisangateway-test/kisangateway-test/pages/about_page.py\", line 20, in click_login_link\n    self.click(self.LOGIN_LINK)\n  File \"/home/runner/work/kisangateway-test/kisangateway-test/pages/base_page.py\", line 38, in click\n    el: WebElement = self.wait.until(\n                     ^^^^^^^^^^^^^^^^\n  File \"/home/runner/work/kisangateway-test/kisangateway-test/.venv/lib/python3.11/site-packages/selenium/webdriver/support/wait.py\", line 95, in until\n    raise TimeoutException(message, screen, stacktrace)\n","steps":[],"attachments":[],"parameters":[],"shouldDisplayMessage":true,"stepsCount":0,"attachmentsCount":0,"hasContent":true}],"attachments":[],"parameters":[],"shouldDisplayMessage":false,"stepsCount":1,"attachmentsCount":0,"hasContent":true}],"testStage":{"description":"Rename an existing workspace","status":"broken","statusMessage":"selenium.common.exceptions.TimeoutException: Message: \nStacktrace:\n#0 0x556ed1b54fb3 <unknown>\n#1 0x556ed18284a7 <unknown>\n#2 0x556ed186fdd6 <unknown>\n#3 0x556ed186fec1 <unknown>\n#4 0x556ed18ad354 <unknown>\n#5 0x556ed189196d <unknown>\n#6 0x556ed18aac02 <unknown>\n#7 0x556ed1891713 <unknown>\n#8 0x556ed186418b <unknown>\n#9 0x556ed1864f7e <unknown>\n#10 0x556ed1b1a8d8 <unknown>\n#11 0x556ed1b1e800 <unknown>\n#12 0x556ed1b28cfc <unknown>\n#13 0x556ed1b1f418 <unknown>\n#14 0x556ed1aec42f <unknown>\n#15 0x556ed1b434e8 <unknown>\n#16 0x556ed1b436b4 <unknown>\n#17 0x556ed1b54143 <unknown>\n#18 0x7f09f1a94ac3 <unknown>","statusTrace":"self = <tests.test_workspaces.TestWorkspaces object at 0x7f768fe51f50>\nsecret_data = {'email': '', 'password': ''}\n\n    @pytest.fixture(autouse=True)\n    def setup_method_fixture(self, secret_data: dict):\n>       login(secret_data, self.about_page, self.login_page)\n\ntests/test_workspaces.py:23: \n_ _ _ _ _ _ _ _ _ _ _ _ _ _ _ _ _ _ _ _ _ _ _ _ _ _ _ _ _ _ _ _ _ _ _ _ _ _ _ _ \ntests/test_workspaces.py:13: in login\n    about_page.click_login_link()\npages/about_page.py:20: in click_login_link\n    self.click(self.LOGIN_LINK)\npages/base_page.py:38: in click\n    el: WebElement = self.wait.until(\n_ _ _ _ _ _ _ _ _ _ _ _ _ _ _ _ _ _ _ _ _ _ _ _ _ _ _ _ _ _ _ _ _ _ _ _ _ _ _ _ \n\nself = <selenium.webdriver.support.wait.WebDriverWait (session=\"6ec0cf79dccc9e86fa37916d76e2bd24\")>\nmethod = <function element_to_be_clickable.<locals>._predicate at 0x7f768fda5940>\nmessage = ''\n\n    def until(self, method, message: str = \"\"):\n        \"\"\"Calls the method provided with the driver as an argument until the \\\n        return value does not evaluate to ``False``.\n    \n        :param method: callable(WebDriver)\n        :param message: optional message for :exc:`TimeoutException`\n        :returns: the result of the last call to `method`\n        :raises: :exc:`selenium.common.exceptions.TimeoutException` if timeout occurs\n        \"\"\"\n        screen = None\n        stacktrace = None\n    \n        end_time = time.monotonic() + self._timeout\n        while True:\n            try:\n                value = method(self._driver)\n                if value:\n                    return value\n            except self._ignored_exceptions as exc:\n                screen = getattr(exc, \"screen\", None)\n                stacktrace = getattr(exc, \"stacktrace\", None)\n            time.sleep(self._poll)\n            if time.monotonic() > end_time:\n                break\n>       raise TimeoutException(message, screen, stacktrace)\nE       selenium.common.exceptions.TimeoutException: Message: \nE       Stacktrace:\nE       #0 0x556ed1b54fb3 <unknown>\nE       #1 0x556ed18284a7 <unknown>\nE       #2 0x556ed186fdd6 <unknown>\nE       #3 0x556ed186fec1 <unknown>\nE       #4 0x556ed18ad354 <unknown>\nE       #5 0x556ed189196d <unknown>\nE       #6 0x556ed18aac02 <unknown>\nE       #7 0x556ed1891713 <unknown>\nE       #8 0x556ed186418b <unknown>\nE       #9 0x556ed1864f7e <unknown>\nE       #10 0x556ed1b1a8d8 <unknown>\nE       #11 0x556ed1b1e800 <unknown>\nE       #12 0x556ed1b28cfc <unknown>\nE       #13 0x556ed1b1f418 <unknown>\nE       #14 0x556ed1aec42f <unknown>\nE       #15 0x556ed1b434e8 <unknown>\nE       #16 0x556ed1b436b4 <unknown>\nE       #17 0x556ed1b54143 <unknown>\nE       #18 0x7f09f1a94ac3 <unknown>\n\n.venv/lib/python3.11/site-packages/selenium/webdriver/support/wait.py:95: TimeoutException","steps":[],"attachments":[{"uid":"792ff0515997744a","name":"public ip address","source":"792ff0515997744a.txt","type":"text/plain","size":12},{"uid":"9db0227c07b24045","name":"Cookies","source":"9db0227c07b24045.json","type":"application/json","size":2},{"uid":"401045cfdba93afa","name":"Session Storage","source":"401045cfdba93afa.json","type":"application/json","size":2},{"uid":"a8813fde02681589","name":"Local Storage","source":"a8813fde02681589.json","type":"application/json","size":2},{"uid":"d865c7c43a99dd85","name":"Console Logs","source":"d865c7c43a99dd85.json","type":"application/json","size":2},{"uid":"868e9b6e89ee5d36","name":"Full Page Screenshot","source":"868e9b6e89ee5d36.png","type":"image/png","size":1496512},{"uid":"d66ce72b36e97dfb","name":"URL","source":"d66ce72b36e97dfb.uri","type":"text/uri-list","size":25},{"uid":"7d0d96650e545922","name":"Network Logs","source":"7d0d96650e545922.json","type":"application/json","size":14002}],"parameters":[],"shouldDisplayMessage":true,"stepsCount":0,"attachmentsCount":8,"hasContent":true},"afterStages":[],"labels":[{"name":"story","value":"WorkSpaces Creation and Editing Functionality"},{"name":"epic","value":"Workspaces"},{"name":"severity","value":"normal"},{"name":"tag","value":"run(order=2)"},{"name":"parentSuite","value":"tests"},{"name":"suite","value":"test_workspaces"},{"name":"subSuite","value":"TestWorkspaces"},{"name":"host","value":"fv-az175-36"},{"name":"thread","value":"2120-MainThread"},{"name":"framework","value":"pytest"},{"name":"language","value":"cpython3"},{"name":"package","value":"tests.test_workspaces"},{"name":"resultFormat","value":"allure2"}],"parameters":[],"links":[],"hidden":false,"retry":false,"extra":{"severity":"normal","retries":[],"categories":[{"name":"Test defects","matchedStatuses":[],"flaky":false}],"tags":["run(order=2)"]},"source":"e2efa58b3f79636.json","parameterValues":[]}