{"uid":"64a356ce12accba6","name":"Forgot Password with valid email test","fullName":"tests.test_forgot_password.TestForgotPassword#test_valid_email","historyId":"7ff7e178fd4f5b4b8deb31c8fc69c6a9","time":{"start":1695690208816,"stop":1695690219080,"duration":10264},"description":"Forgot password with a valid email address","descriptionHtml":"<p>Forgot password with a valid email address</p>\n","status":"broken","statusMessage":"selenium.common.exceptions.TimeoutException: Message: \nStacktrace:\n#0 0x55b4f58236c3 <unknown>\n#1 0x55b4f54f91e7 <unknown>\n#2 0x55b4f5540566 <unknown>\n#3 0x55b4f5540651 <unknown>\n#4 0x55b4f557da74 <unknown>\n#5 0x55b4f55620ed <unknown>\n#6 0x55b4f557b322 <unknown>\n#7 0x55b4f5561e93 <unknown>\n#8 0x55b4f5534934 <unknown>\n#9 0x55b4f553571e <unknown>\n#10 0x55b4f57e8cc8 <unknown>\n#11 0x55b4f57ecc00 <unknown>\n#12 0x55b4f57f71ac <unknown>\n#13 0x55b4f57ed818 <unknown>\n#14 0x55b4f57ba28f <unknown>\n#15 0x55b4f5811e98 <unknown>\n#16 0x55b4f5812069 <unknown>\n#17 0x55b4f5822853 <unknown>\n#18 0x7feafb094b43 <unknown>","statusTrace":"self = <tests.test_forgot_password.TestForgotPassword object at 0x7f55c712d610>\njson_data = {'forgot_password': {'error_message': \"We can't find a user with that e-mail address.\", 'success_message': 'A reset li...you page', 'name': 'test', 'new_name': 'another test', 'no_project_found_msg': 'No project matches the criteria', ...}}\nsecret_data = {'email': '', 'password': ''}\n\n    @allure.description(\"Forgot password with a valid email address\")\n    @allure.title(\"Forgot Password with valid email test\")\n    def test_valid_email(self, json_data: dict, secret_data: dict):\n>       self.about_page.click_login_link()\n\ntests/test_forgot_password.py:19: \n_ _ _ _ _ _ _ _ _ _ _ _ _ _ _ _ _ _ _ _ _ _ _ _ _ _ _ _ _ _ _ _ _ _ _ _ _ _ _ _ \npages/about_page.py:20: in click_login_link\n    self.click(self.LOGIN_LINK)\npages/base_page.py:38: in click\n    el: WebElement = self.wait.until(\n_ _ _ _ _ _ _ _ _ _ _ _ _ _ _ _ _ _ _ _ _ _ _ _ _ _ _ _ _ _ _ _ _ _ _ _ _ _ _ _ \n\nself = <selenium.webdriver.support.wait.WebDriverWait (session=\"a50b2d96249473d13e631e96be4bc9fe\")>\nmethod = <function element_to_be_clickable.<locals>._predicate at 0x7f55c6758040>\nmessage = ''\n\n    def until(self, method, message: str = \"\"):\n        \"\"\"Calls the method provided with the driver as an argument until the \\\n        return value does not evaluate to ``False``.\n    \n        :param method: callable(WebDriver)\n        :param message: optional message for :exc:`TimeoutException`\n        :returns: the result of the last call to `method`\n        :raises: :exc:`selenium.common.exceptions.TimeoutException` if timeout occurs\n        \"\"\"\n        screen = None\n        stacktrace = None\n    \n        end_time = time.monotonic() + self._timeout\n        while True:\n            try:\n                value = method(self._driver)\n                if value:\n                    return value\n            except self._ignored_exceptions as exc:\n                screen = getattr(exc, \"screen\", None)\n                stacktrace = getattr(exc, \"stacktrace\", None)\n            time.sleep(self._poll)\n            if time.monotonic() > end_time:\n                break\n>       raise TimeoutException(message, screen, stacktrace)\nE       selenium.common.exceptions.TimeoutException: Message: \nE       Stacktrace:\nE       #0 0x55b4f58236c3 <unknown>\nE       #1 0x55b4f54f91e7 <unknown>\nE       #2 0x55b4f5540566 <unknown>\nE       #3 0x55b4f5540651 <unknown>\nE       #4 0x55b4f557da74 <unknown>\nE       #5 0x55b4f55620ed <unknown>\nE       #6 0x55b4f557b322 <unknown>\nE       #7 0x55b4f5561e93 <unknown>\nE       #8 0x55b4f5534934 <unknown>\nE       #9 0x55b4f553571e <unknown>\nE       #10 0x55b4f57e8cc8 <unknown>\nE       #11 0x55b4f57ecc00 <unknown>\nE       #12 0x55b4f57f71ac <unknown>\nE       #13 0x55b4f57ed818 <unknown>\nE       #14 0x55b4f57ba28f <unknown>\nE       #15 0x55b4f5811e98 <unknown>\nE       #16 0x55b4f5812069 <unknown>\nE       #17 0x55b4f5822853 <unknown>\nE       #18 0x7feafb094b43 <unknown>\n\n.venv/lib/python3.11/site-packages/selenium/webdriver/support/wait.py:95: TimeoutException","flaky":false,"newFailed":false,"newBroken":false,"newPassed":false,"retriesCount":0,"retriesStatusChange":false,"beforeStages":[{"name":"_verify_url","time":{"start":1695690040183,"stop":1695690040183,"duration":0},"status":"passed","steps":[],"attachments":[],"parameters":[],"shouldDisplayMessage":false,"stepsCount":0,"attachmentsCount":0,"hasContent":false},{"name":"base_url","time":{"start":1695690040183,"stop":1695690040183,"duration":0},"status":"passed","steps":[],"attachments":[],"parameters":[],"shouldDisplayMessage":false,"stepsCount":0,"attachmentsCount":0,"hasContent":false},{"name":"json_data","time":{"start":1695690040184,"stop":1695690040184,"duration":0},"status":"passed","steps":[],"attachments":[],"parameters":[],"shouldDisplayMessage":false,"stepsCount":0,"attachmentsCount":0,"hasContent":false},{"name":"secret_data","time":{"start":1695690040184,"stop":1695690040184,"duration":0},"status":"passed","steps":[],"attachments":[],"parameters":[],"shouldDisplayMessage":false,"stepsCount":0,"attachmentsCount":0,"hasContent":false}],"testStage":{"description":"Forgot password with a valid email address","status":"broken","statusMessage":"selenium.common.exceptions.TimeoutException: Message: \nStacktrace:\n#0 0x55b4f58236c3 <unknown>\n#1 0x55b4f54f91e7 <unknown>\n#2 0x55b4f5540566 <unknown>\n#3 0x55b4f5540651 <unknown>\n#4 0x55b4f557da74 <unknown>\n#5 0x55b4f55620ed <unknown>\n#6 0x55b4f557b322 <unknown>\n#7 0x55b4f5561e93 <unknown>\n#8 0x55b4f5534934 <unknown>\n#9 0x55b4f553571e <unknown>\n#10 0x55b4f57e8cc8 <unknown>\n#11 0x55b4f57ecc00 <unknown>\n#12 0x55b4f57f71ac <unknown>\n#13 0x55b4f57ed818 <unknown>\n#14 0x55b4f57ba28f <unknown>\n#15 0x55b4f5811e98 <unknown>\n#16 0x55b4f5812069 <unknown>\n#17 0x55b4f5822853 <unknown>\n#18 0x7feafb094b43 <unknown>","statusTrace":"self = <tests.test_forgot_password.TestForgotPassword object at 0x7f55c712d610>\njson_data = {'forgot_password': {'error_message': \"We can't find a user with that e-mail address.\", 'success_message': 'A reset li...you page', 'name': 'test', 'new_name': 'another test', 'no_project_found_msg': 'No project matches the criteria', ...}}\nsecret_data = {'email': '', 'password': ''}\n\n    @allure.description(\"Forgot password with a valid email address\")\n    @allure.title(\"Forgot Password with valid email test\")\n    def test_valid_email(self, json_data: dict, secret_data: dict):\n>       self.about_page.click_login_link()\n\ntests/test_forgot_password.py:19: \n_ _ _ _ _ _ _ _ _ _ _ _ _ _ _ _ _ _ _ _ _ _ _ _ _ _ _ _ _ _ _ _ _ _ _ _ _ _ _ _ \npages/about_page.py:20: in click_login_link\n    self.click(self.LOGIN_LINK)\npages/base_page.py:38: in click\n    el: WebElement = self.wait.until(\n_ _ _ _ _ _ _ _ _ _ _ _ _ _ _ _ _ _ _ _ _ _ _ _ _ _ _ _ _ _ _ _ _ _ _ _ _ _ _ _ \n\nself = <selenium.webdriver.support.wait.WebDriverWait (session=\"a50b2d96249473d13e631e96be4bc9fe\")>\nmethod = <function element_to_be_clickable.<locals>._predicate at 0x7f55c6758040>\nmessage = ''\n\n    def until(self, method, message: str = \"\"):\n        \"\"\"Calls the method provided with the driver as an argument until the \\\n        return value does not evaluate to ``False``.\n    \n        :param method: callable(WebDriver)\n        :param message: optional message for :exc:`TimeoutException`\n        :returns: the result of the last call to `method`\n        :raises: :exc:`selenium.common.exceptions.TimeoutException` if timeout occurs\n        \"\"\"\n        screen = None\n        stacktrace = None\n    \n        end_time = time.monotonic() + self._timeout\n        while True:\n            try:\n                value = method(self._driver)\n                if value:\n                    return value\n            except self._ignored_exceptions as exc:\n                screen = getattr(exc, \"screen\", None)\n                stacktrace = getattr(exc, \"stacktrace\", None)\n            time.sleep(self._poll)\n            if time.monotonic() > end_time:\n                break\n>       raise TimeoutException(message, screen, stacktrace)\nE       selenium.common.exceptions.TimeoutException: Message: \nE       Stacktrace:\nE       #0 0x55b4f58236c3 <unknown>\nE       #1 0x55b4f54f91e7 <unknown>\nE       #2 0x55b4f5540566 <unknown>\nE       #3 0x55b4f5540651 <unknown>\nE       #4 0x55b4f557da74 <unknown>\nE       #5 0x55b4f55620ed <unknown>\nE       #6 0x55b4f557b322 <unknown>\nE       #7 0x55b4f5561e93 <unknown>\nE       #8 0x55b4f5534934 <unknown>\nE       #9 0x55b4f553571e <unknown>\nE       #10 0x55b4f57e8cc8 <unknown>\nE       #11 0x55b4f57ecc00 <unknown>\nE       #12 0x55b4f57f71ac <unknown>\nE       #13 0x55b4f57ed818 <unknown>\nE       #14 0x55b4f57ba28f <unknown>\nE       #15 0x55b4f5811e98 <unknown>\nE       #16 0x55b4f5812069 <unknown>\nE       #17 0x55b4f5822853 <unknown>\nE       #18 0x7feafb094b43 <unknown>\n\n.venv/lib/python3.11/site-packages/selenium/webdriver/support/wait.py:95: TimeoutException","steps":[{"name":"Click Login link","time":{"start":1695690208816,"stop":1695690219079,"duration":10263},"status":"broken","statusMessage":"selenium.common.exceptions.TimeoutException: Message: \nStacktrace:\n#0 0x55b4f58236c3 <unknown>\n#1 0x55b4f54f91e7 <unknown>\n#2 0x55b4f5540566 <unknown>\n#3 0x55b4f5540651 <unknown>\n#4 0x55b4f557da74 <unknown>\n#5 0x55b4f55620ed <unknown>\n#6 0x55b4f557b322 <unknown>\n#7 0x55b4f5561e93 <unknown>\n#8 0x55b4f5534934 <unknown>\n#9 0x55b4f553571e <unknown>\n#10 0x55b4f57e8cc8 <unknown>\n#11 0x55b4f57ecc00 <unknown>\n#12 0x55b4f57f71ac <unknown>\n#13 0x55b4f57ed818 <unknown>\n#14 0x55b4f57ba28f <unknown>\n#15 0x55b4f5811e98 <unknown>\n#16 0x55b4f5812069 <unknown>\n#17 0x55b4f5822853 <unknown>\n#18 0x7feafb094b43 <unknown>\n\n","statusTrace":"  File \"/home/runner/work/kisangateway-test/kisangateway-test/.venv/lib/python3.11/site-packages/allure_commons/_allure.py\", line 192, in impl\n    return func(*a, **kw)\n           ^^^^^^^^^^^^^^\n  File \"/home/runner/work/kisangateway-test/kisangateway-test/pages/about_page.py\", line 20, in click_login_link\n    self.click(self.LOGIN_LINK)\n  File \"/home/runner/work/kisangateway-test/kisangateway-test/pages/base_page.py\", line 38, in click\n    el: WebElement = self.wait.until(\n                     ^^^^^^^^^^^^^^^^\n  File \"/home/runner/work/kisangateway-test/kisangateway-test/.venv/lib/python3.11/site-packages/selenium/webdriver/support/wait.py\", line 95, in until\n    raise TimeoutException(message, screen, stacktrace)\n","steps":[],"attachments":[],"parameters":[],"shouldDisplayMessage":true,"stepsCount":0,"attachmentsCount":0,"hasContent":true}],"attachments":[{"uid":"15eb329730f3d084","name":"public ip address","source":"15eb329730f3d084.txt","type":"text/plain","size":14},{"uid":"ad86a296aa98244f","name":"Cookies","source":"ad86a296aa98244f.json","type":"application/json","size":2},{"uid":"42d954a0d7fbbe2a","name":"Session Storage","source":"42d954a0d7fbbe2a.json","type":"application/json","size":2},{"uid":"ab5f99e7644d31d6","name":"Local Storage","source":"ab5f99e7644d31d6.json","type":"application/json","size":2},{"uid":"c4a4c68a718ee8c","name":"Console Logs","source":"c4a4c68a718ee8c.json","type":"application/json","size":2},{"uid":"50275b6bedf7aef2","name":"Full Page Screenshot","source":"50275b6bedf7aef2.png","type":"image/png","size":1543603},{"uid":"d38041a7364f74da","name":"URL","source":"d38041a7364f74da.uri","type":"text/uri-list","size":25},{"uid":"73c6d441fae1e7ad","name":"Network Logs","source":"73c6d441fae1e7ad.json","type":"application/json","size":2}],"parameters":[],"shouldDisplayMessage":true,"stepsCount":1,"attachmentsCount":8,"hasContent":true},"afterStages":[],"labels":[{"name":"parentSuite","value":"Custom parent suite"},{"name":"suite","value":"Custom suite"},{"name":"epic","value":"Security"},{"name":"subSuite","value":"Custom sub suite"},{"name":"story","value":"Forgot Password Feature's Functionality"},{"name":"severity","value":"critical"},{"name":"tag","value":"security"},{"name":"host","value":"fv-az180-267"},{"name":"thread","value":"2105-MainThread"},{"name":"framework","value":"pytest"},{"name":"language","value":"cpython3"},{"name":"package","value":"tests.test_forgot_password"},{"name":"resultFormat","value":"allure2"}],"parameters":[],"links":[],"hidden":false,"retry":false,"extra":{"severity":"critical","retries":[],"categories":[{"name":"Test defects","matchedStatuses":[],"flaky":false}],"tags":["security"]},"source":"64a356ce12accba6.json","parameterValues":[]}