{"uid":"3db0f552c40d82d9","name":"Login with valid credentials test","fullName":"tests.test_login.TestLogin#test_valid_login","historyId":"e7f254b9bfd5f2bc8d4a1ffa6dc7aebb","time":{"start":1695344430300,"stop":1695344440573,"duration":10273},"description":"valid login","descriptionHtml":"<p>valid login</p>\n","status":"broken","statusMessage":"selenium.common.exceptions.TimeoutException: Message: \nStacktrace:\n#0 0x55add841d6c3 <unknown>\n#1 0x55add80f31e7 <unknown>\n#2 0x55add813a566 <unknown>\n#3 0x55add813a651 <unknown>\n#4 0x55add8177a74 <unknown>\n#5 0x55add815c0ed <unknown>\n#6 0x55add8175322 <unknown>\n#7 0x55add815be93 <unknown>\n#8 0x55add812e934 <unknown>\n#9 0x55add812f71e <unknown>\n#10 0x55add83e2cc8 <unknown>\n#11 0x55add83e6c00 <unknown>\n#12 0x55add83f11ac <unknown>\n#13 0x55add83e7818 <unknown>\n#14 0x55add83b428f <unknown>\n#15 0x55add840be98 <unknown>\n#16 0x55add840c069 <unknown>\n#17 0x55add841c853 <unknown>\n#18 0x7fa0bce94b43 <unknown>","statusTrace":"self = <tests.test_login.TestLogin object at 0x7fce3b6d0d90>\nsecret_data = {'email': '', 'password': ''}\njson_data = {'forgot_password': {'error_message': \"We can't find a user with that e-mail address.\", 'success_message': 'A reset li...you page', 'name': 'test', 'new_name': 'another test', 'no_project_found_msg': 'No project matches the criteria', ...}}\n\n    @allure.description(\"valid login\")\n    @allure.title(\"Login with valid credentials test\")\n    @allure.tag(\"Tagged test\")\n    @pytest.mark.run(order=1)\n    def test_valid_login(self, secret_data: dict, json_data: dict):\n>       self.about_page.click_login_link()\n\ntests/test_login.py:39: \n_ _ _ _ _ _ _ _ _ _ _ _ _ _ _ _ _ _ _ _ _ _ _ _ _ _ _ _ _ _ _ _ _ _ _ _ _ _ _ _ \npages/about_page.py:20: in click_login_link\n    self.click(self.LOGIN_LINK)\npages/base_page.py:38: in click\n    el: WebElement = self.wait.until(\n_ _ _ _ _ _ _ _ _ _ _ _ _ _ _ _ _ _ _ _ _ _ _ _ _ _ _ _ _ _ _ _ _ _ _ _ _ _ _ _ \n\nself = <selenium.webdriver.support.wait.WebDriverWait (session=\"53ba6e38833723e1af53349670421c67\")>\nmethod = <function element_to_be_clickable.<locals>._predicate at 0x7fce3b6f9300>\nmessage = ''\n\n    def until(self, method, message: str = \"\"):\n        \"\"\"Calls the method provided with the driver as an argument until the \\\n        return value does not evaluate to ``False``.\n    \n        :param method: callable(WebDriver)\n        :param message: optional message for :exc:`TimeoutException`\n        :returns: the result of the last call to `method`\n        :raises: :exc:`selenium.common.exceptions.TimeoutException` if timeout occurs\n        \"\"\"\n        screen = None\n        stacktrace = None\n    \n        end_time = time.monotonic() + self._timeout\n        while True:\n            try:\n                value = method(self._driver)\n                if value:\n                    return value\n            except self._ignored_exceptions as exc:\n                screen = getattr(exc, \"screen\", None)\n                stacktrace = getattr(exc, \"stacktrace\", None)\n            time.sleep(self._poll)\n            if time.monotonic() > end_time:\n                break\n>       raise TimeoutException(message, screen, stacktrace)\nE       selenium.common.exceptions.TimeoutException: Message: \nE       Stacktrace:\nE       #0 0x55add841d6c3 <unknown>\nE       #1 0x55add80f31e7 <unknown>\nE       #2 0x55add813a566 <unknown>\nE       #3 0x55add813a651 <unknown>\nE       #4 0x55add8177a74 <unknown>\nE       #5 0x55add815c0ed <unknown>\nE       #6 0x55add8175322 <unknown>\nE       #7 0x55add815be93 <unknown>\nE       #8 0x55add812e934 <unknown>\nE       #9 0x55add812f71e <unknown>\nE       #10 0x55add83e2cc8 <unknown>\nE       #11 0x55add83e6c00 <unknown>\nE       #12 0x55add83f11ac <unknown>\nE       #13 0x55add83e7818 <unknown>\nE       #14 0x55add83b428f <unknown>\nE       #15 0x55add840be98 <unknown>\nE       #16 0x55add840c069 <unknown>\nE       #17 0x55add841c853 <unknown>\nE       #18 0x7fa0bce94b43 <unknown>\n\n.venv/lib/python3.11/site-packages/selenium/webdriver/support/wait.py:95: TimeoutException","flaky":false,"newFailed":false,"newBroken":false,"newPassed":false,"retriesCount":0,"retriesStatusChange":false,"beforeStages":[{"name":"_verify_url","time":{"start":1695344430298,"stop":1695344430298,"duration":0},"status":"passed","steps":[],"attachments":[],"parameters":[],"shouldDisplayMessage":false,"stepsCount":0,"attachmentsCount":0,"hasContent":false},{"name":"base_url","time":{"start":1695344430298,"stop":1695344430298,"duration":0},"status":"passed","steps":[],"attachments":[],"parameters":[],"shouldDisplayMessage":false,"stepsCount":0,"attachmentsCount":0,"hasContent":false},{"name":"secret_data","time":{"start":1695344430298,"stop":1695344430299,"duration":1},"status":"passed","steps":[],"attachments":[],"parameters":[],"shouldDisplayMessage":false,"stepsCount":0,"attachmentsCount":0,"hasContent":false},{"name":"json_data","time":{"start":1695344430299,"stop":1695344430299,"duration":0},"status":"passed","steps":[],"attachments":[],"parameters":[],"shouldDisplayMessage":false,"stepsCount":0,"attachmentsCount":0,"hasContent":false}],"testStage":{"description":"valid login","status":"broken","statusMessage":"selenium.common.exceptions.TimeoutException: Message: \nStacktrace:\n#0 0x55add841d6c3 <unknown>\n#1 0x55add80f31e7 <unknown>\n#2 0x55add813a566 <unknown>\n#3 0x55add813a651 <unknown>\n#4 0x55add8177a74 <unknown>\n#5 0x55add815c0ed <unknown>\n#6 0x55add8175322 <unknown>\n#7 0x55add815be93 <unknown>\n#8 0x55add812e934 <unknown>\n#9 0x55add812f71e <unknown>\n#10 0x55add83e2cc8 <unknown>\n#11 0x55add83e6c00 <unknown>\n#12 0x55add83f11ac <unknown>\n#13 0x55add83e7818 <unknown>\n#14 0x55add83b428f <unknown>\n#15 0x55add840be98 <unknown>\n#16 0x55add840c069 <unknown>\n#17 0x55add841c853 <unknown>\n#18 0x7fa0bce94b43 <unknown>","statusTrace":"self = <tests.test_login.TestLogin object at 0x7fce3b6d0d90>\nsecret_data = {'email': '', 'password': ''}\njson_data = {'forgot_password': {'error_message': \"We can't find a user with that e-mail address.\", 'success_message': 'A reset li...you page', 'name': 'test', 'new_name': 'another test', 'no_project_found_msg': 'No project matches the criteria', ...}}\n\n    @allure.description(\"valid login\")\n    @allure.title(\"Login with valid credentials test\")\n    @allure.tag(\"Tagged test\")\n    @pytest.mark.run(order=1)\n    def test_valid_login(self, secret_data: dict, json_data: dict):\n>       self.about_page.click_login_link()\n\ntests/test_login.py:39: \n_ _ _ _ _ _ _ _ _ _ _ _ _ _ _ _ _ _ _ _ _ _ _ _ _ _ _ _ _ _ _ _ _ _ _ _ _ _ _ _ \npages/about_page.py:20: in click_login_link\n    self.click(self.LOGIN_LINK)\npages/base_page.py:38: in click\n    el: WebElement = self.wait.until(\n_ _ _ _ _ _ _ _ _ _ _ _ _ _ _ _ _ _ _ _ _ _ _ _ _ _ _ _ _ _ _ _ _ _ _ _ _ _ _ _ \n\nself = <selenium.webdriver.support.wait.WebDriverWait (session=\"53ba6e38833723e1af53349670421c67\")>\nmethod = <function element_to_be_clickable.<locals>._predicate at 0x7fce3b6f9300>\nmessage = ''\n\n    def until(self, method, message: str = \"\"):\n        \"\"\"Calls the method provided with the driver as an argument until the \\\n        return value does not evaluate to ``False``.\n    \n        :param method: callable(WebDriver)\n        :param message: optional message for :exc:`TimeoutException`\n        :returns: the result of the last call to `method`\n        :raises: :exc:`selenium.common.exceptions.TimeoutException` if timeout occurs\n        \"\"\"\n        screen = None\n        stacktrace = None\n    \n        end_time = time.monotonic() + self._timeout\n        while True:\n            try:\n                value = method(self._driver)\n                if value:\n                    return value\n            except self._ignored_exceptions as exc:\n                screen = getattr(exc, \"screen\", None)\n                stacktrace = getattr(exc, \"stacktrace\", None)\n            time.sleep(self._poll)\n            if time.monotonic() > end_time:\n                break\n>       raise TimeoutException(message, screen, stacktrace)\nE       selenium.common.exceptions.TimeoutException: Message: \nE       Stacktrace:\nE       #0 0x55add841d6c3 <unknown>\nE       #1 0x55add80f31e7 <unknown>\nE       #2 0x55add813a566 <unknown>\nE       #3 0x55add813a651 <unknown>\nE       #4 0x55add8177a74 <unknown>\nE       #5 0x55add815c0ed <unknown>\nE       #6 0x55add8175322 <unknown>\nE       #7 0x55add815be93 <unknown>\nE       #8 0x55add812e934 <unknown>\nE       #9 0x55add812f71e <unknown>\nE       #10 0x55add83e2cc8 <unknown>\nE       #11 0x55add83e6c00 <unknown>\nE       #12 0x55add83f11ac <unknown>\nE       #13 0x55add83e7818 <unknown>\nE       #14 0x55add83b428f <unknown>\nE       #15 0x55add840be98 <unknown>\nE       #16 0x55add840c069 <unknown>\nE       #17 0x55add841c853 <unknown>\nE       #18 0x7fa0bce94b43 <unknown>\n\n.venv/lib/python3.11/site-packages/selenium/webdriver/support/wait.py:95: TimeoutException","steps":[{"name":"Click Login link","time":{"start":1695344430300,"stop":1695344440572,"duration":10272},"status":"broken","statusMessage":"selenium.common.exceptions.TimeoutException: Message: \nStacktrace:\n#0 0x55add841d6c3 <unknown>\n#1 0x55add80f31e7 <unknown>\n#2 0x55add813a566 <unknown>\n#3 0x55add813a651 <unknown>\n#4 0x55add8177a74 <unknown>\n#5 0x55add815c0ed <unknown>\n#6 0x55add8175322 <unknown>\n#7 0x55add815be93 <unknown>\n#8 0x55add812e934 <unknown>\n#9 0x55add812f71e <unknown>\n#10 0x55add83e2cc8 <unknown>\n#11 0x55add83e6c00 <unknown>\n#12 0x55add83f11ac <unknown>\n#13 0x55add83e7818 <unknown>\n#14 0x55add83b428f <unknown>\n#15 0x55add840be98 <unknown>\n#16 0x55add840c069 <unknown>\n#17 0x55add841c853 <unknown>\n#18 0x7fa0bce94b43 <unknown>\n\n","statusTrace":"  File \"/home/runner/work/kisangateway-test/kisangateway-test/.venv/lib/python3.11/site-packages/allure_commons/_allure.py\", line 192, in impl\n    return func(*a, **kw)\n           ^^^^^^^^^^^^^^\n  File \"/home/runner/work/kisangateway-test/kisangateway-test/pages/about_page.py\", line 20, in click_login_link\n    self.click(self.LOGIN_LINK)\n  File \"/home/runner/work/kisangateway-test/kisangateway-test/pages/base_page.py\", line 38, in click\n    el: WebElement = self.wait.until(\n                     ^^^^^^^^^^^^^^^^\n  File \"/home/runner/work/kisangateway-test/kisangateway-test/.venv/lib/python3.11/site-packages/selenium/webdriver/support/wait.py\", line 95, in until\n    raise TimeoutException(message, screen, stacktrace)\n","steps":[],"attachments":[],"parameters":[],"shouldDisplayMessage":true,"stepsCount":0,"attachmentsCount":0,"hasContent":true}],"attachments":[{"uid":"5f869deb7c7e3aaf","name":"public ip address","source":"5f869deb7c7e3aaf.txt","type":"text/plain","size":13},{"uid":"98cff03d8641b286","name":"Cookies","source":"98cff03d8641b286.json","type":"application/json","size":2},{"uid":"bdfbe54e5997f30c","name":"Session Storage","source":"bdfbe54e5997f30c.json","type":"application/json","size":2},{"uid":"47c211266aeaf699","name":"Local Storage","source":"47c211266aeaf699.json","type":"application/json","size":2},{"uid":"fa4b46d7724700e2","name":"Console Logs","source":"fa4b46d7724700e2.json","type":"application/json","size":823},{"uid":"5f7a5e3f72732d86","name":"Full Page Screenshot","source":"5f7a5e3f72732d86.png","type":"image/png","size":1543603},{"uid":"fddca9ac133574a2","name":"URL","source":"fddca9ac133574a2.uri","type":"text/uri-list","size":25},{"uid":"81ea0c6cb4efce50","name":"Network Logs","source":"81ea0c6cb4efce50.json","type":"application/json","size":2}],"parameters":[],"shouldDisplayMessage":true,"stepsCount":1,"attachmentsCount":8,"hasContent":true},"afterStages":[],"labels":[{"name":"feature","value":"Login"},{"name":"severity","value":"blocker"},{"name":"epic","value":"Security"},{"name":"tag","value":"Tagged test"},{"name":"tag","value":"run(order=1)"},{"name":"tag","value":"security"},{"name":"parentSuite","value":"tests"},{"name":"suite","value":"test_login"},{"name":"subSuite","value":"TestLogin"},{"name":"host","value":"fv-az502-760"},{"name":"thread","value":"2099-MainThread"},{"name":"framework","value":"pytest"},{"name":"language","value":"cpython3"},{"name":"package","value":"tests.test_login"},{"name":"resultFormat","value":"allure2"}],"parameters":[],"links":[],"hidden":false,"retry":false,"extra":{"severity":"blocker","retries":[],"categories":[{"name":"Test defects","matchedStatuses":[],"flaky":false}],"tags":["security","Tagged test","run(order=1)"]},"source":"3db0f552c40d82d9.json","parameterValues":[]}