{"uid":"79ad018858717597","name":"Cancel a project deletion","fullName":"tests.test_workspaces.TestWorkspaces#test_cancel_project_deletion","historyId":"73e48f11612b8be9a40ce0a427a468f9","time":{"start":1695344576702,"stop":1695344576702,"duration":0},"description":"Cancel project deletion","descriptionHtml":"<p>Cancel project deletion</p>\n","status":"broken","statusMessage":"selenium.common.exceptions.TimeoutException: Message: \nStacktrace:\n#0 0x55bb37ead6c3 <unknown>\n#1 0x55bb37b831e7 <unknown>\n#2 0x55bb37bca566 <unknown>\n#3 0x55bb37bca651 <unknown>\n#4 0x55bb37c07a74 <unknown>\n#5 0x55bb37bec0ed <unknown>\n#6 0x55bb37c05322 <unknown>\n#7 0x55bb37bebe93 <unknown>\n#8 0x55bb37bbe934 <unknown>\n#9 0x55bb37bbf71e <unknown>\n#10 0x55bb37e72cc8 <unknown>\n#11 0x55bb37e76c00 <unknown>\n#12 0x55bb37e811ac <unknown>\n#13 0x55bb37e77818 <unknown>\n#14 0x55bb37e4428f <unknown>\n#15 0x55bb37e9be98 <unknown>\n#16 0x55bb37e9c069 <unknown>\n#17 0x55bb37eac853 <unknown>\n#18 0x7f8478e94b43 <unknown>","statusTrace":"self = <tests.test_workspaces.TestWorkspaces object at 0x7fce3b6e4650>\nsecret_data = {'email': '', 'password': ''}\n\n    @pytest.fixture(autouse=True)\n    def setup_method_fixture(self, secret_data: dict):\n>       login(secret_data, self.about_page, self.login_page)\n\ntests/test_workspaces.py:23: \n_ _ _ _ _ _ _ _ _ _ _ _ _ _ _ _ _ _ _ _ _ _ _ _ _ _ _ _ _ _ _ _ _ _ _ _ _ _ _ _ \ntests/test_workspaces.py:13: in login\n    about_page.click_login_link()\npages/about_page.py:20: in click_login_link\n    self.click(self.LOGIN_LINK)\npages/base_page.py:38: in click\n    el: WebElement = self.wait.until(\n_ _ _ _ _ _ _ _ _ _ _ _ _ _ _ _ _ _ _ _ _ _ _ _ _ _ _ _ _ _ _ _ _ _ _ _ _ _ _ _ \n\nself = <selenium.webdriver.support.wait.WebDriverWait (session=\"60734a7c2adfa93998709c708a51b431\")>\nmethod = <function element_to_be_clickable.<locals>._predicate at 0x7fce3b499300>\nmessage = ''\n\n    def until(self, method, message: str = \"\"):\n        \"\"\"Calls the method provided with the driver as an argument until the \\\n        return value does not evaluate to ``False``.\n    \n        :param method: callable(WebDriver)\n        :param message: optional message for :exc:`TimeoutException`\n        :returns: the result of the last call to `method`\n        :raises: :exc:`selenium.common.exceptions.TimeoutException` if timeout occurs\n        \"\"\"\n        screen = None\n        stacktrace = None\n    \n        end_time = time.monotonic() + self._timeout\n        while True:\n            try:\n                value = method(self._driver)\n                if value:\n                    return value\n            except self._ignored_exceptions as exc:\n                screen = getattr(exc, \"screen\", None)\n                stacktrace = getattr(exc, \"stacktrace\", None)\n            time.sleep(self._poll)\n            if time.monotonic() > end_time:\n                break\n>       raise TimeoutException(message, screen, stacktrace)\nE       selenium.common.exceptions.TimeoutException: Message: \nE       Stacktrace:\nE       #0 0x55bb37ead6c3 <unknown>\nE       #1 0x55bb37b831e7 <unknown>\nE       #2 0x55bb37bca566 <unknown>\nE       #3 0x55bb37bca651 <unknown>\nE       #4 0x55bb37c07a74 <unknown>\nE       #5 0x55bb37bec0ed <unknown>\nE       #6 0x55bb37c05322 <unknown>\nE       #7 0x55bb37bebe93 <unknown>\nE       #8 0x55bb37bbe934 <unknown>\nE       #9 0x55bb37bbf71e <unknown>\nE       #10 0x55bb37e72cc8 <unknown>\nE       #11 0x55bb37e76c00 <unknown>\nE       #12 0x55bb37e811ac <unknown>\nE       #13 0x55bb37e77818 <unknown>\nE       #14 0x55bb37e4428f <unknown>\nE       #15 0x55bb37e9be98 <unknown>\nE       #16 0x55bb37e9c069 <unknown>\nE       #17 0x55bb37eac853 <unknown>\nE       #18 0x7f8478e94b43 <unknown>\n\n.venv/lib/python3.11/site-packages/selenium/webdriver/support/wait.py:95: TimeoutException","flaky":false,"newFailed":false,"newBroken":false,"newPassed":false,"retriesCount":0,"retriesStatusChange":false,"beforeStages":[{"name":"_verify_url","time":{"start":1695344430298,"stop":1695344430298,"duration":0},"status":"passed","steps":[],"attachments":[],"parameters":[],"shouldDisplayMessage":false,"stepsCount":0,"attachmentsCount":0,"hasContent":false},{"name":"base_url","time":{"start":1695344430298,"stop":1695344430298,"duration":0},"status":"passed","steps":[],"attachments":[],"parameters":[],"shouldDisplayMessage":false,"stepsCount":0,"attachmentsCount":0,"hasContent":false},{"name":"secret_data","time":{"start":1695344430298,"stop":1695344430299,"duration":1},"status":"passed","steps":[],"attachments":[],"parameters":[],"shouldDisplayMessage":false,"stepsCount":0,"attachmentsCount":0,"hasContent":false},{"name":"json_data","time":{"start":1695344430299,"stop":1695344430299,"duration":0},"status":"passed","steps":[],"attachments":[],"parameters":[],"shouldDisplayMessage":false,"stepsCount":0,"attachmentsCount":0,"hasContent":false},{"name":"setup_method_fixture","time":{"start":1695344578238,"stop":1695344588556,"duration":10318},"status":"broken","statusMessage":"selenium.common.exceptions.TimeoutException: Message: \nStacktrace:\n#0 0x55bb37ead6c3 <unknown>\n#1 0x55bb37b831e7 <unknown>\n#2 0x55bb37bca566 <unknown>\n#3 0x55bb37bca651 <unknown>\n#4 0x55bb37c07a74 <unknown>\n#5 0x55bb37bec0ed <unknown>\n#6 0x55bb37c05322 <unknown>\n#7 0x55bb37bebe93 <unknown>\n#8 0x55bb37bbe934 <unknown>\n#9 0x55bb37bbf71e <unknown>\n#10 0x55bb37e72cc8 <unknown>\n#11 0x55bb37e76c00 <unknown>\n#12 0x55bb37e811ac <unknown>\n#13 0x55bb37e77818 <unknown>\n#14 0x55bb37e4428f <unknown>\n#15 0x55bb37e9be98 <unknown>\n#16 0x55bb37e9c069 <unknown>\n#17 0x55bb37eac853 <unknown>\n#18 0x7f8478e94b43 <unknown>\n\n","statusTrace":"  File \"/home/runner/work/kisangateway-test/kisangateway-test/.venv/lib/python3.11/site-packages/pluggy/_callers.py\", line 80, in _multicall\n    res = hook_impl.function(*args)\n          ^^^^^^^^^^^^^^^^^^^^^^^^^\n  File \"/home/runner/work/kisangateway-test/kisangateway-test/.venv/lib/python3.11/site-packages/_pytest/fixtures.py\", line 1123, in pytest_fixture_setup\n    result = call_fixture_func(fixturefunc, request, kwargs)\n             ^^^^^^^^^^^^^^^^^^^^^^^^^^^^^^^^^^^^^^^^^^^^^^^\n  File \"/home/runner/work/kisangateway-test/kisangateway-test/.venv/lib/python3.11/site-packages/_pytest/fixtures.py\", line 902, in call_fixture_func\n    fixture_result = fixturefunc(**kwargs)\n                     ^^^^^^^^^^^^^^^^^^^^^\n  File \"/home/runner/work/kisangateway-test/kisangateway-test/tests/test_workspaces.py\", line 23, in setup_method_fixture\n    login(secret_data, self.about_page, self.login_page)\n  File \"/home/runner/work/kisangateway-test/kisangateway-test/tests/test_workspaces.py\", line 13, in login\n    about_page.click_login_link()\n  File \"/home/runner/work/kisangateway-test/kisangateway-test/.venv/lib/python3.11/site-packages/allure_commons/_allure.py\", line 192, in impl\n    return func(*a, **kw)\n           ^^^^^^^^^^^^^^\n  File \"/home/runner/work/kisangateway-test/kisangateway-test/pages/about_page.py\", line 20, in click_login_link\n    self.click(self.LOGIN_LINK)\n  File \"/home/runner/work/kisangateway-test/kisangateway-test/pages/base_page.py\", line 38, in click\n    el: WebElement = self.wait.until(\n                     ^^^^^^^^^^^^^^^^\n  File \"/home/runner/work/kisangateway-test/kisangateway-test/.venv/lib/python3.11/site-packages/selenium/webdriver/support/wait.py\", line 95, in until\n    raise TimeoutException(message, screen, stacktrace)\n","steps":[{"name":"Click Login link","time":{"start":1695344578238,"stop":1695344588556,"duration":10318},"status":"broken","statusMessage":"selenium.common.exceptions.TimeoutException: Message: \nStacktrace:\n#0 0x55bb37ead6c3 <unknown>\n#1 0x55bb37b831e7 <unknown>\n#2 0x55bb37bca566 <unknown>\n#3 0x55bb37bca651 <unknown>\n#4 0x55bb37c07a74 <unknown>\n#5 0x55bb37bec0ed <unknown>\n#6 0x55bb37c05322 <unknown>\n#7 0x55bb37bebe93 <unknown>\n#8 0x55bb37bbe934 <unknown>\n#9 0x55bb37bbf71e <unknown>\n#10 0x55bb37e72cc8 <unknown>\n#11 0x55bb37e76c00 <unknown>\n#12 0x55bb37e811ac <unknown>\n#13 0x55bb37e77818 <unknown>\n#14 0x55bb37e4428f <unknown>\n#15 0x55bb37e9be98 <unknown>\n#16 0x55bb37e9c069 <unknown>\n#17 0x55bb37eac853 <unknown>\n#18 0x7f8478e94b43 <unknown>\n\n","statusTrace":"  File \"/home/runner/work/kisangateway-test/kisangateway-test/.venv/lib/python3.11/site-packages/allure_commons/_allure.py\", line 192, in impl\n    return func(*a, **kw)\n           ^^^^^^^^^^^^^^\n  File \"/home/runner/work/kisangateway-test/kisangateway-test/pages/about_page.py\", line 20, in click_login_link\n    self.click(self.LOGIN_LINK)\n  File \"/home/runner/work/kisangateway-test/kisangateway-test/pages/base_page.py\", line 38, in click\n    el: WebElement = self.wait.until(\n                     ^^^^^^^^^^^^^^^^\n  File \"/home/runner/work/kisangateway-test/kisangateway-test/.venv/lib/python3.11/site-packages/selenium/webdriver/support/wait.py\", line 95, in until\n    raise TimeoutException(message, screen, stacktrace)\n","steps":[],"attachments":[],"parameters":[],"shouldDisplayMessage":true,"stepsCount":0,"attachmentsCount":0,"hasContent":true}],"attachments":[],"parameters":[],"shouldDisplayMessage":false,"stepsCount":1,"attachmentsCount":0,"hasContent":true}],"testStage":{"description":"Cancel project deletion","status":"broken","statusMessage":"selenium.common.exceptions.TimeoutException: Message: \nStacktrace:\n#0 0x55bb37ead6c3 <unknown>\n#1 0x55bb37b831e7 <unknown>\n#2 0x55bb37bca566 <unknown>\n#3 0x55bb37bca651 <unknown>\n#4 0x55bb37c07a74 <unknown>\n#5 0x55bb37bec0ed <unknown>\n#6 0x55bb37c05322 <unknown>\n#7 0x55bb37bebe93 <unknown>\n#8 0x55bb37bbe934 <unknown>\n#9 0x55bb37bbf71e <unknown>\n#10 0x55bb37e72cc8 <unknown>\n#11 0x55bb37e76c00 <unknown>\n#12 0x55bb37e811ac <unknown>\n#13 0x55bb37e77818 <unknown>\n#14 0x55bb37e4428f <unknown>\n#15 0x55bb37e9be98 <unknown>\n#16 0x55bb37e9c069 <unknown>\n#17 0x55bb37eac853 <unknown>\n#18 0x7f8478e94b43 <unknown>","statusTrace":"self = <tests.test_workspaces.TestWorkspaces object at 0x7fce3b6e4650>\nsecret_data = {'email': '', 'password': ''}\n\n    @pytest.fixture(autouse=True)\n    def setup_method_fixture(self, secret_data: dict):\n>       login(secret_data, self.about_page, self.login_page)\n\ntests/test_workspaces.py:23: \n_ _ _ _ _ _ _ _ _ _ _ _ _ _ _ _ _ _ _ _ _ _ _ _ _ _ _ _ _ _ _ _ _ _ _ _ _ _ _ _ \ntests/test_workspaces.py:13: in login\n    about_page.click_login_link()\npages/about_page.py:20: in click_login_link\n    self.click(self.LOGIN_LINK)\npages/base_page.py:38: in click\n    el: WebElement = self.wait.until(\n_ _ _ _ _ _ _ _ _ _ _ _ _ _ _ _ _ _ _ _ _ _ _ _ _ _ _ _ _ _ _ _ _ _ _ _ _ _ _ _ \n\nself = <selenium.webdriver.support.wait.WebDriverWait (session=\"60734a7c2adfa93998709c708a51b431\")>\nmethod = <function element_to_be_clickable.<locals>._predicate at 0x7fce3b499300>\nmessage = ''\n\n    def until(self, method, message: str = \"\"):\n        \"\"\"Calls the method provided with the driver as an argument until the \\\n        return value does not evaluate to ``False``.\n    \n        :param method: callable(WebDriver)\n        :param message: optional message for :exc:`TimeoutException`\n        :returns: the result of the last call to `method`\n        :raises: :exc:`selenium.common.exceptions.TimeoutException` if timeout occurs\n        \"\"\"\n        screen = None\n        stacktrace = None\n    \n        end_time = time.monotonic() + self._timeout\n        while True:\n            try:\n                value = method(self._driver)\n                if value:\n                    return value\n            except self._ignored_exceptions as exc:\n                screen = getattr(exc, \"screen\", None)\n                stacktrace = getattr(exc, \"stacktrace\", None)\n            time.sleep(self._poll)\n            if time.monotonic() > end_time:\n                break\n>       raise TimeoutException(message, screen, stacktrace)\nE       selenium.common.exceptions.TimeoutException: Message: \nE       Stacktrace:\nE       #0 0x55bb37ead6c3 <unknown>\nE       #1 0x55bb37b831e7 <unknown>\nE       #2 0x55bb37bca566 <unknown>\nE       #3 0x55bb37bca651 <unknown>\nE       #4 0x55bb37c07a74 <unknown>\nE       #5 0x55bb37bec0ed <unknown>\nE       #6 0x55bb37c05322 <unknown>\nE       #7 0x55bb37bebe93 <unknown>\nE       #8 0x55bb37bbe934 <unknown>\nE       #9 0x55bb37bbf71e <unknown>\nE       #10 0x55bb37e72cc8 <unknown>\nE       #11 0x55bb37e76c00 <unknown>\nE       #12 0x55bb37e811ac <unknown>\nE       #13 0x55bb37e77818 <unknown>\nE       #14 0x55bb37e4428f <unknown>\nE       #15 0x55bb37e9be98 <unknown>\nE       #16 0x55bb37e9c069 <unknown>\nE       #17 0x55bb37eac853 <unknown>\nE       #18 0x7f8478e94b43 <unknown>\n\n.venv/lib/python3.11/site-packages/selenium/webdriver/support/wait.py:95: TimeoutException","steps":[],"attachments":[{"uid":"9bbf7e590c9c144f","name":"public ip address","source":"9bbf7e590c9c144f.txt","type":"text/plain","size":13},{"uid":"91acbccfd4df0384","name":"Cookies","source":"91acbccfd4df0384.json","type":"application/json","size":2},{"uid":"af7a86a7bccfb60f","name":"Session Storage","source":"af7a86a7bccfb60f.json","type":"application/json","size":2},{"uid":"c7c87c63a86e86d9","name":"Local Storage","source":"c7c87c63a86e86d9.json","type":"application/json","size":2},{"uid":"f1fcb5bdeb74da97","name":"Console Logs","source":"f1fcb5bdeb74da97.json","type":"application/json","size":2},{"uid":"740d2231d4afc08f","name":"Full Page Screenshot","source":"740d2231d4afc08f.png","type":"image/png","size":1543603},{"uid":"547f893229f3ce7b","name":"URL","source":"547f893229f3ce7b.uri","type":"text/uri-list","size":25},{"uid":"a7ca3e3a09a70ad3","name":"Network Logs","source":"a7ca3e3a09a70ad3.json","type":"application/json","size":2}],"parameters":[],"shouldDisplayMessage":true,"stepsCount":0,"attachmentsCount":8,"hasContent":true},"afterStages":[],"labels":[{"name":"story","value":"WorkSpaces Creation and Editing Functionality"},{"name":"severity","value":"normal"},{"name":"epic","value":"Workspaces"},{"name":"tag","value":"run(order=8)"},{"name":"parentSuite","value":"tests"},{"name":"suite","value":"test_workspaces"},{"name":"subSuite","value":"TestWorkspaces"},{"name":"host","value":"fv-az502-760"},{"name":"thread","value":"2099-MainThread"},{"name":"framework","value":"pytest"},{"name":"language","value":"cpython3"},{"name":"package","value":"tests.test_workspaces"},{"name":"resultFormat","value":"allure2"}],"parameters":[],"links":[],"hidden":false,"retry":false,"extra":{"severity":"normal","retries":[],"categories":[{"name":"Test defects","matchedStatuses":[],"flaky":false}],"tags":["run(order=8)"]},"source":"79ad018858717597.json","parameterValues":[]}