{"uid":"870d30ce26eaa252","name":"Create new workspace test","fullName":"tests.test_workspaces.TestWorkspaces#test_create_new_workspace","historyId":"e6e849a753ae10f50b3b38fac5a7fa8e","time":{"start":1695344441974,"stop":1695344441974,"duration":0},"description":"Create new Workspace","descriptionHtml":"<p>Create new Workspace</p>\n","status":"broken","statusMessage":"selenium.common.exceptions.TimeoutException: Message: \nStacktrace:\n#0 0x555a6f3376c3 <unknown>\n#1 0x555a6f00d1e7 <unknown>\n#2 0x555a6f054566 <unknown>\n#3 0x555a6f054651 <unknown>\n#4 0x555a6f091a74 <unknown>\n#5 0x555a6f0760ed <unknown>\n#6 0x555a6f08f322 <unknown>\n#7 0x555a6f075e93 <unknown>\n#8 0x555a6f048934 <unknown>\n#9 0x555a6f04971e <unknown>\n#10 0x555a6f2fccc8 <unknown>\n#11 0x555a6f300c00 <unknown>\n#12 0x555a6f30b1ac <unknown>\n#13 0x555a6f301818 <unknown>\n#14 0x555a6f2ce28f <unknown>\n#15 0x555a6f325e98 <unknown>\n#16 0x555a6f326069 <unknown>\n#17 0x555a6f336853 <unknown>\n#18 0x7f15cc294b43 <unknown>","statusTrace":"self = <tests.test_workspaces.TestWorkspaces object at 0x7fce3b6e1950>\nsecret_data = {'email': '', 'password': ''}\n\n    @pytest.fixture(autouse=True)\n    def setup_method_fixture(self, secret_data: dict):\n>       login(secret_data, self.about_page, self.login_page)\n\ntests/test_workspaces.py:23: \n_ _ _ _ _ _ _ _ _ _ _ _ _ _ _ _ _ _ _ _ _ _ _ _ _ _ _ _ _ _ _ _ _ _ _ _ _ _ _ _ \ntests/test_workspaces.py:13: in login\n    about_page.click_login_link()\npages/about_page.py:20: in click_login_link\n    self.click(self.LOGIN_LINK)\npages/base_page.py:38: in click\n    el: WebElement = self.wait.until(\n_ _ _ _ _ _ _ _ _ _ _ _ _ _ _ _ _ _ _ _ _ _ _ _ _ _ _ _ _ _ _ _ _ _ _ _ _ _ _ _ \n\nself = <selenium.webdriver.support.wait.WebDriverWait (session=\"9a9cffa2b1ddadb6c689387ea0d34390\")>\nmethod = <function element_to_be_clickable.<locals>._predicate at 0x7fce3b715d00>\nmessage = ''\n\n    def until(self, method, message: str = \"\"):\n        \"\"\"Calls the method provided with the driver as an argument until the \\\n        return value does not evaluate to ``False``.\n    \n        :param method: callable(WebDriver)\n        :param message: optional message for :exc:`TimeoutException`\n        :returns: the result of the last call to `method`\n        :raises: :exc:`selenium.common.exceptions.TimeoutException` if timeout occurs\n        \"\"\"\n        screen = None\n        stacktrace = None\n    \n        end_time = time.monotonic() + self._timeout\n        while True:\n            try:\n                value = method(self._driver)\n                if value:\n                    return value\n            except self._ignored_exceptions as exc:\n                screen = getattr(exc, \"screen\", None)\n                stacktrace = getattr(exc, \"stacktrace\", None)\n            time.sleep(self._poll)\n            if time.monotonic() > end_time:\n                break\n>       raise TimeoutException(message, screen, stacktrace)\nE       selenium.common.exceptions.TimeoutException: Message: \nE       Stacktrace:\nE       #0 0x555a6f3376c3 <unknown>\nE       #1 0x555a6f00d1e7 <unknown>\nE       #2 0x555a6f054566 <unknown>\nE       #3 0x555a6f054651 <unknown>\nE       #4 0x555a6f091a74 <unknown>\nE       #5 0x555a6f0760ed <unknown>\nE       #6 0x555a6f08f322 <unknown>\nE       #7 0x555a6f075e93 <unknown>\nE       #8 0x555a6f048934 <unknown>\nE       #9 0x555a6f04971e <unknown>\nE       #10 0x555a6f2fccc8 <unknown>\nE       #11 0x555a6f300c00 <unknown>\nE       #12 0x555a6f30b1ac <unknown>\nE       #13 0x555a6f301818 <unknown>\nE       #14 0x555a6f2ce28f <unknown>\nE       #15 0x555a6f325e98 <unknown>\nE       #16 0x555a6f326069 <unknown>\nE       #17 0x555a6f336853 <unknown>\nE       #18 0x7f15cc294b43 <unknown>\n\n.venv/lib/python3.11/site-packages/selenium/webdriver/support/wait.py:95: TimeoutException","flaky":false,"newFailed":false,"newBroken":false,"newPassed":false,"retriesCount":0,"retriesStatusChange":false,"beforeStages":[{"name":"_verify_url","time":{"start":1695344430298,"stop":1695344430298,"duration":0},"status":"passed","steps":[],"attachments":[],"parameters":[],"shouldDisplayMessage":false,"stepsCount":0,"attachmentsCount":0,"hasContent":false},{"name":"base_url","time":{"start":1695344430298,"stop":1695344430298,"duration":0},"status":"passed","steps":[],"attachments":[],"parameters":[],"shouldDisplayMessage":false,"stepsCount":0,"attachmentsCount":0,"hasContent":false},{"name":"secret_data","time":{"start":1695344430298,"stop":1695344430299,"duration":1},"status":"passed","steps":[],"attachments":[],"parameters":[],"shouldDisplayMessage":false,"stepsCount":0,"attachmentsCount":0,"hasContent":false},{"name":"json_data","time":{"start":1695344430299,"stop":1695344430299,"duration":0},"status":"passed","steps":[],"attachments":[],"parameters":[],"shouldDisplayMessage":false,"stepsCount":0,"attachmentsCount":0,"hasContent":false},{"name":"setup_method_fixture","time":{"start":1695344443483,"stop":1695344453777,"duration":10294},"status":"broken","statusMessage":"selenium.common.exceptions.TimeoutException: Message: \nStacktrace:\n#0 0x555a6f3376c3 <unknown>\n#1 0x555a6f00d1e7 <unknown>\n#2 0x555a6f054566 <unknown>\n#3 0x555a6f054651 <unknown>\n#4 0x555a6f091a74 <unknown>\n#5 0x555a6f0760ed <unknown>\n#6 0x555a6f08f322 <unknown>\n#7 0x555a6f075e93 <unknown>\n#8 0x555a6f048934 <unknown>\n#9 0x555a6f04971e <unknown>\n#10 0x555a6f2fccc8 <unknown>\n#11 0x555a6f300c00 <unknown>\n#12 0x555a6f30b1ac <unknown>\n#13 0x555a6f301818 <unknown>\n#14 0x555a6f2ce28f <unknown>\n#15 0x555a6f325e98 <unknown>\n#16 0x555a6f326069 <unknown>\n#17 0x555a6f336853 <unknown>\n#18 0x7f15cc294b43 <unknown>\n\n","statusTrace":"  File \"/home/runner/work/kisangateway-test/kisangateway-test/.venv/lib/python3.11/site-packages/pluggy/_callers.py\", line 80, in _multicall\n    res = hook_impl.function(*args)\n          ^^^^^^^^^^^^^^^^^^^^^^^^^\n  File \"/home/runner/work/kisangateway-test/kisangateway-test/.venv/lib/python3.11/site-packages/_pytest/fixtures.py\", line 1123, in pytest_fixture_setup\n    result = call_fixture_func(fixturefunc, request, kwargs)\n             ^^^^^^^^^^^^^^^^^^^^^^^^^^^^^^^^^^^^^^^^^^^^^^^\n  File \"/home/runner/work/kisangateway-test/kisangateway-test/.venv/lib/python3.11/site-packages/_pytest/fixtures.py\", line 902, in call_fixture_func\n    fixture_result = fixturefunc(**kwargs)\n                     ^^^^^^^^^^^^^^^^^^^^^\n  File \"/home/runner/work/kisangateway-test/kisangateway-test/tests/test_workspaces.py\", line 23, in setup_method_fixture\n    login(secret_data, self.about_page, self.login_page)\n  File \"/home/runner/work/kisangateway-test/kisangateway-test/tests/test_workspaces.py\", line 13, in login\n    about_page.click_login_link()\n  File \"/home/runner/work/kisangateway-test/kisangateway-test/.venv/lib/python3.11/site-packages/allure_commons/_allure.py\", line 192, in impl\n    return func(*a, **kw)\n           ^^^^^^^^^^^^^^\n  File \"/home/runner/work/kisangateway-test/kisangateway-test/pages/about_page.py\", line 20, in click_login_link\n    self.click(self.LOGIN_LINK)\n  File \"/home/runner/work/kisangateway-test/kisangateway-test/pages/base_page.py\", line 38, in click\n    el: WebElement = self.wait.until(\n                     ^^^^^^^^^^^^^^^^\n  File \"/home/runner/work/kisangateway-test/kisangateway-test/.venv/lib/python3.11/site-packages/selenium/webdriver/support/wait.py\", line 95, in until\n    raise TimeoutException(message, screen, stacktrace)\n","steps":[{"name":"Click Login link","time":{"start":1695344443483,"stop":1695344453777,"duration":10294},"status":"broken","statusMessage":"selenium.common.exceptions.TimeoutException: Message: \nStacktrace:\n#0 0x555a6f3376c3 <unknown>\n#1 0x555a6f00d1e7 <unknown>\n#2 0x555a6f054566 <unknown>\n#3 0x555a6f054651 <unknown>\n#4 0x555a6f091a74 <unknown>\n#5 0x555a6f0760ed <unknown>\n#6 0x555a6f08f322 <unknown>\n#7 0x555a6f075e93 <unknown>\n#8 0x555a6f048934 <unknown>\n#9 0x555a6f04971e <unknown>\n#10 0x555a6f2fccc8 <unknown>\n#11 0x555a6f300c00 <unknown>\n#12 0x555a6f30b1ac <unknown>\n#13 0x555a6f301818 <unknown>\n#14 0x555a6f2ce28f <unknown>\n#15 0x555a6f325e98 <unknown>\n#16 0x555a6f326069 <unknown>\n#17 0x555a6f336853 <unknown>\n#18 0x7f15cc294b43 <unknown>\n\n","statusTrace":"  File \"/home/runner/work/kisangateway-test/kisangateway-test/.venv/lib/python3.11/site-packages/allure_commons/_allure.py\", line 192, in impl\n    return func(*a, **kw)\n           ^^^^^^^^^^^^^^\n  File \"/home/runner/work/kisangateway-test/kisangateway-test/pages/about_page.py\", line 20, in click_login_link\n    self.click(self.LOGIN_LINK)\n  File \"/home/runner/work/kisangateway-test/kisangateway-test/pages/base_page.py\", line 38, in click\n    el: WebElement = self.wait.until(\n                     ^^^^^^^^^^^^^^^^\n  File \"/home/runner/work/kisangateway-test/kisangateway-test/.venv/lib/python3.11/site-packages/selenium/webdriver/support/wait.py\", line 95, in until\n    raise TimeoutException(message, screen, stacktrace)\n","steps":[],"attachments":[],"parameters":[],"shouldDisplayMessage":true,"stepsCount":0,"attachmentsCount":0,"hasContent":true}],"attachments":[],"parameters":[],"shouldDisplayMessage":false,"stepsCount":1,"attachmentsCount":0,"hasContent":true}],"testStage":{"description":"Create new Workspace","status":"broken","statusMessage":"selenium.common.exceptions.TimeoutException: Message: \nStacktrace:\n#0 0x555a6f3376c3 <unknown>\n#1 0x555a6f00d1e7 <unknown>\n#2 0x555a6f054566 <unknown>\n#3 0x555a6f054651 <unknown>\n#4 0x555a6f091a74 <unknown>\n#5 0x555a6f0760ed <unknown>\n#6 0x555a6f08f322 <unknown>\n#7 0x555a6f075e93 <unknown>\n#8 0x555a6f048934 <unknown>\n#9 0x555a6f04971e <unknown>\n#10 0x555a6f2fccc8 <unknown>\n#11 0x555a6f300c00 <unknown>\n#12 0x555a6f30b1ac <unknown>\n#13 0x555a6f301818 <unknown>\n#14 0x555a6f2ce28f <unknown>\n#15 0x555a6f325e98 <unknown>\n#16 0x555a6f326069 <unknown>\n#17 0x555a6f336853 <unknown>\n#18 0x7f15cc294b43 <unknown>","statusTrace":"self = <tests.test_workspaces.TestWorkspaces object at 0x7fce3b6e1950>\nsecret_data = {'email': '', 'password': ''}\n\n    @pytest.fixture(autouse=True)\n    def setup_method_fixture(self, secret_data: dict):\n>       login(secret_data, self.about_page, self.login_page)\n\ntests/test_workspaces.py:23: \n_ _ _ _ _ _ _ _ _ _ _ _ _ _ _ _ _ _ _ _ _ _ _ _ _ _ _ _ _ _ _ _ _ _ _ _ _ _ _ _ \ntests/test_workspaces.py:13: in login\n    about_page.click_login_link()\npages/about_page.py:20: in click_login_link\n    self.click(self.LOGIN_LINK)\npages/base_page.py:38: in click\n    el: WebElement = self.wait.until(\n_ _ _ _ _ _ _ _ _ _ _ _ _ _ _ _ _ _ _ _ _ _ _ _ _ _ _ _ _ _ _ _ _ _ _ _ _ _ _ _ \n\nself = <selenium.webdriver.support.wait.WebDriverWait (session=\"9a9cffa2b1ddadb6c689387ea0d34390\")>\nmethod = <function element_to_be_clickable.<locals>._predicate at 0x7fce3b715d00>\nmessage = ''\n\n    def until(self, method, message: str = \"\"):\n        \"\"\"Calls the method provided with the driver as an argument until the \\\n        return value does not evaluate to ``False``.\n    \n        :param method: callable(WebDriver)\n        :param message: optional message for :exc:`TimeoutException`\n        :returns: the result of the last call to `method`\n        :raises: :exc:`selenium.common.exceptions.TimeoutException` if timeout occurs\n        \"\"\"\n        screen = None\n        stacktrace = None\n    \n        end_time = time.monotonic() + self._timeout\n        while True:\n            try:\n                value = method(self._driver)\n                if value:\n                    return value\n            except self._ignored_exceptions as exc:\n                screen = getattr(exc, \"screen\", None)\n                stacktrace = getattr(exc, \"stacktrace\", None)\n            time.sleep(self._poll)\n            if time.monotonic() > end_time:\n                break\n>       raise TimeoutException(message, screen, stacktrace)\nE       selenium.common.exceptions.TimeoutException: Message: \nE       Stacktrace:\nE       #0 0x555a6f3376c3 <unknown>\nE       #1 0x555a6f00d1e7 <unknown>\nE       #2 0x555a6f054566 <unknown>\nE       #3 0x555a6f054651 <unknown>\nE       #4 0x555a6f091a74 <unknown>\nE       #5 0x555a6f0760ed <unknown>\nE       #6 0x555a6f08f322 <unknown>\nE       #7 0x555a6f075e93 <unknown>\nE       #8 0x555a6f048934 <unknown>\nE       #9 0x555a6f04971e <unknown>\nE       #10 0x555a6f2fccc8 <unknown>\nE       #11 0x555a6f300c00 <unknown>\nE       #12 0x555a6f30b1ac <unknown>\nE       #13 0x555a6f301818 <unknown>\nE       #14 0x555a6f2ce28f <unknown>\nE       #15 0x555a6f325e98 <unknown>\nE       #16 0x555a6f326069 <unknown>\nE       #17 0x555a6f336853 <unknown>\nE       #18 0x7f15cc294b43 <unknown>\n\n.venv/lib/python3.11/site-packages/selenium/webdriver/support/wait.py:95: TimeoutException","steps":[],"attachments":[{"uid":"e681e2191a9807f","name":"public ip address","source":"e681e2191a9807f.txt","type":"text/plain","size":13},{"uid":"dd5c5639edfd336c","name":"Cookies","source":"dd5c5639edfd336c.json","type":"application/json","size":2},{"uid":"3aa10c76b16820db","name":"Session Storage","source":"3aa10c76b16820db.json","type":"application/json","size":2},{"uid":"b31e15ef7380fd92","name":"Local Storage","source":"b31e15ef7380fd92.json","type":"application/json","size":2},{"uid":"dd4756a9a3e05e21","name":"Console Logs","source":"dd4756a9a3e05e21.json","type":"application/json","size":2},{"uid":"4815911f5f42e622","name":"Full Page Screenshot","source":"4815911f5f42e622.png","type":"image/png","size":1543603},{"uid":"ed6bcb863c9309d2","name":"URL","source":"ed6bcb863c9309d2.uri","type":"text/uri-list","size":25},{"uid":"1a570fd6833671b9","name":"Network Logs","source":"1a570fd6833671b9.json","type":"application/json","size":2}],"parameters":[],"shouldDisplayMessage":true,"stepsCount":0,"attachmentsCount":8,"hasContent":true},"afterStages":[],"labels":[{"name":"story","value":"WorkSpaces Creation and Editing Functionality"},{"name":"severity","value":"normal"},{"name":"epic","value":"Workspaces"},{"name":"tag","value":"run(order=1)"},{"name":"parentSuite","value":"tests"},{"name":"suite","value":"test_workspaces"},{"name":"subSuite","value":"TestWorkspaces"},{"name":"host","value":"fv-az502-760"},{"name":"thread","value":"2099-MainThread"},{"name":"framework","value":"pytest"},{"name":"language","value":"cpython3"},{"name":"package","value":"tests.test_workspaces"},{"name":"resultFormat","value":"allure2"}],"parameters":[],"links":[],"hidden":false,"retry":false,"extra":{"severity":"normal","retries":[],"categories":[{"name":"Test defects","matchedStatuses":[],"flaky":false}],"tags":["run(order=1)"]},"source":"870d30ce26eaa252.json","parameterValues":[]}