{"uid":"a76c1512bcc43921","name":"Add project to workspace test","fullName":"tests.test_workspaces.TestWorkspaces#test_add_project_to_workspace","historyId":"fc6ee288c49142976b6c23b6071583ec","time":{"start":1703552592459,"stop":1703552592459,"duration":0},"description":"Selecting and adding a project to workspace","descriptionHtml":"<p>Selecting and adding a project to workspace</p>\n","status":"broken","statusMessage":"selenium.common.exceptions.TimeoutException: Message: \nStacktrace:\n#0 0x55fa83019d33 <unknown>\n#1 0x55fa82cd6f87 <unknown>\n#2 0x55fa82d26c0e <unknown>\n#3 0x55fa82d26d11 <unknown>\n#4 0x55fa82d72004 <unknown>\n#5 0x55fa82d5036d <unknown>\n#6 0x55fa82d6f297 <unknown>\n#7 0x55fa82d500e3 <unknown>\n#8 0x55fa82d18044 <unknown>\n#9 0x55fa82d1944e <unknown>\n#10 0x55fa82fde861 <unknown>\n#11 0x55fa82fe2785 <unknown>\n#12 0x55fa82fcc285 <unknown>\n#13 0x55fa82fe341f <unknown>\n#14 0x55fa82fb020f <unknown>\n#15 0x55fa83007028 <unknown>\n#16 0x55fa830071f7 <unknown>\n#17 0x55fa83018ed4 <unknown>\n#18 0x7f0c61894ac3 <unknown>","statusTrace":"self = <tests.test_workspaces.TestWorkspaces object at 0x7f620353ed10>\nsecret_data = {'email': '', 'password': ''}\n\n    @pytest.fixture(autouse=True)\n    def setup_method_fixture(self, secret_data: dict):\n>       login(secret_data, self.about_page, self.login_page)\n\ntests/test_workspaces.py:23: \n_ _ _ _ _ _ _ _ _ _ _ _ _ _ _ _ _ _ _ _ _ _ _ _ _ _ _ _ _ _ _ _ _ _ _ _ _ _ _ _ \ntests/test_workspaces.py:13: in login\n    about_page.click_login_link()\npages/about_page.py:20: in click_login_link\n    self.click(self.LOGIN_LINK)\npages/base_page.py:38: in click\n    el: WebElement = self.wait.until(\n_ _ _ _ _ _ _ _ _ _ _ _ _ _ _ _ _ _ _ _ _ _ _ _ _ _ _ _ _ _ _ _ _ _ _ _ _ _ _ _ \n\nself = <selenium.webdriver.support.wait.WebDriverWait (session=\"40dfd0ee52afffdf3dbdbbc6bf45e969\")>\nmethod = <function element_to_be_clickable.<locals>._predicate at 0x7f6203427100>\nmessage = ''\n\n    def until(self, method, message: str = \"\"):\n        \"\"\"Calls the method provided with the driver as an argument until the \\\n        return value does not evaluate to ``False``.\n    \n        :param method: callable(WebDriver)\n        :param message: optional message for :exc:`TimeoutException`\n        :returns: the result of the last call to `method`\n        :raises: :exc:`selenium.common.exceptions.TimeoutException` if timeout occurs\n        \"\"\"\n        screen = None\n        stacktrace = None\n    \n        end_time = time.monotonic() + self._timeout\n        while True:\n            try:\n                value = method(self._driver)\n                if value:\n                    return value\n            except self._ignored_exceptions as exc:\n                screen = getattr(exc, \"screen\", None)\n                stacktrace = getattr(exc, \"stacktrace\", None)\n            time.sleep(self._poll)\n            if time.monotonic() > end_time:\n                break\n>       raise TimeoutException(message, screen, stacktrace)\nE       selenium.common.exceptions.TimeoutException: Message: \nE       Stacktrace:\nE       #0 0x55fa83019d33 <unknown>\nE       #1 0x55fa82cd6f87 <unknown>\nE       #2 0x55fa82d26c0e <unknown>\nE       #3 0x55fa82d26d11 <unknown>\nE       #4 0x55fa82d72004 <unknown>\nE       #5 0x55fa82d5036d <unknown>\nE       #6 0x55fa82d6f297 <unknown>\nE       #7 0x55fa82d500e3 <unknown>\nE       #8 0x55fa82d18044 <unknown>\nE       #9 0x55fa82d1944e <unknown>\nE       #10 0x55fa82fde861 <unknown>\nE       #11 0x55fa82fe2785 <unknown>\nE       #12 0x55fa82fcc285 <unknown>\nE       #13 0x55fa82fe341f <unknown>\nE       #14 0x55fa82fb020f <unknown>\nE       #15 0x55fa83007028 <unknown>\nE       #16 0x55fa830071f7 <unknown>\nE       #17 0x55fa83018ed4 <unknown>\nE       #18 0x7f0c61894ac3 <unknown>\n\n.venv/lib/python3.11/site-packages/selenium/webdriver/support/wait.py:95: TimeoutException","flaky":false,"newFailed":false,"newBroken":false,"newPassed":false,"retriesCount":0,"retriesStatusChange":false,"beforeStages":[{"name":"base_url","time":{"start":1703552493344,"stop":1703552493344,"duration":0},"status":"passed","steps":[],"attachments":[],"parameters":[],"shouldDisplayMessage":false,"stepsCount":0,"attachmentsCount":0,"hasContent":false,"attachmentStep":false},{"name":"secret_data","time":{"start":1703552493345,"stop":1703552493345,"duration":0},"status":"passed","steps":[],"attachments":[],"parameters":[],"shouldDisplayMessage":false,"stepsCount":0,"attachmentsCount":0,"hasContent":false,"attachmentStep":false},{"name":"_verify_url","time":{"start":1703552493345,"stop":1703552493345,"duration":0},"status":"passed","steps":[],"attachments":[],"parameters":[],"shouldDisplayMessage":false,"stepsCount":0,"attachmentsCount":0,"hasContent":false,"attachmentStep":false},{"name":"json_data","time":{"start":1703552493346,"stop":1703552493346,"duration":0},"status":"passed","steps":[],"attachments":[],"parameters":[],"shouldDisplayMessage":false,"stepsCount":0,"attachmentsCount":0,"hasContent":false,"attachmentStep":false},{"name":"setup_method_fixture","time":{"start":1703552593525,"stop":1703552603704,"duration":10179},"status":"broken","statusMessage":"selenium.common.exceptions.TimeoutException: Message: \nStacktrace:\n#0 0x55fa83019d33 <unknown>\n#1 0x55fa82cd6f87 <unknown>\n#2 0x55fa82d26c0e <unknown>\n#3 0x55fa82d26d11 <unknown>\n#4 0x55fa82d72004 <unknown>\n#5 0x55fa82d5036d <unknown>\n#6 0x55fa82d6f297 <unknown>\n#7 0x55fa82d500e3 <unknown>\n#8 0x55fa82d18044 <unknown>\n#9 0x55fa82d1944e <unknown>\n#10 0x55fa82fde861 <unknown>\n#11 0x55fa82fe2785 <unknown>\n#12 0x55fa82fcc285 <unknown>\n#13 0x55fa82fe341f <unknown>\n#14 0x55fa82fb020f <unknown>\n#15 0x55fa83007028 <unknown>\n#16 0x55fa830071f7 <unknown>\n#17 0x55fa83018ed4 <unknown>\n#18 0x7f0c61894ac3 <unknown>\n\n","statusTrace":"  File \"/home/runner/work/kisangateway-test/kisangateway-test/.venv/lib/python3.11/site-packages/pluggy/_callers.py\", line 80, in _multicall\n    res = hook_impl.function(*args)\n          ^^^^^^^^^^^^^^^^^^^^^^^^^\n  File \"/home/runner/work/kisangateway-test/kisangateway-test/.venv/lib/python3.11/site-packages/_pytest/fixtures.py\", line 1123, in pytest_fixture_setup\n    result = call_fixture_func(fixturefunc, request, kwargs)\n             ^^^^^^^^^^^^^^^^^^^^^^^^^^^^^^^^^^^^^^^^^^^^^^^\n  File \"/home/runner/work/kisangateway-test/kisangateway-test/.venv/lib/python3.11/site-packages/_pytest/fixtures.py\", line 902, in call_fixture_func\n    fixture_result = fixturefunc(**kwargs)\n                     ^^^^^^^^^^^^^^^^^^^^^\n  File \"/home/runner/work/kisangateway-test/kisangateway-test/tests/test_workspaces.py\", line 23, in setup_method_fixture\n    login(secret_data, self.about_page, self.login_page)\n  File \"/home/runner/work/kisangateway-test/kisangateway-test/tests/test_workspaces.py\", line 13, in login\n    about_page.click_login_link()\n  File \"/home/runner/work/kisangateway-test/kisangateway-test/.venv/lib/python3.11/site-packages/allure_commons/_allure.py\", line 192, in impl\n    return func(*a, **kw)\n           ^^^^^^^^^^^^^^\n  File \"/home/runner/work/kisangateway-test/kisangateway-test/pages/about_page.py\", line 20, in click_login_link\n    self.click(self.LOGIN_LINK)\n  File \"/home/runner/work/kisangateway-test/kisangateway-test/pages/base_page.py\", line 38, in click\n    el: WebElement = self.wait.until(\n                     ^^^^^^^^^^^^^^^^\n  File \"/home/runner/work/kisangateway-test/kisangateway-test/.venv/lib/python3.11/site-packages/selenium/webdriver/support/wait.py\", line 95, in until\n    raise TimeoutException(message, screen, stacktrace)\n","steps":[{"name":"Click Login link","time":{"start":1703552593526,"stop":1703552603704,"duration":10178},"status":"broken","statusMessage":"selenium.common.exceptions.TimeoutException: Message: \nStacktrace:\n#0 0x55fa83019d33 <unknown>\n#1 0x55fa82cd6f87 <unknown>\n#2 0x55fa82d26c0e <unknown>\n#3 0x55fa82d26d11 <unknown>\n#4 0x55fa82d72004 <unknown>\n#5 0x55fa82d5036d <unknown>\n#6 0x55fa82d6f297 <unknown>\n#7 0x55fa82d500e3 <unknown>\n#8 0x55fa82d18044 <unknown>\n#9 0x55fa82d1944e <unknown>\n#10 0x55fa82fde861 <unknown>\n#11 0x55fa82fe2785 <unknown>\n#12 0x55fa82fcc285 <unknown>\n#13 0x55fa82fe341f <unknown>\n#14 0x55fa82fb020f <unknown>\n#15 0x55fa83007028 <unknown>\n#16 0x55fa830071f7 <unknown>\n#17 0x55fa83018ed4 <unknown>\n#18 0x7f0c61894ac3 <unknown>\n\n","statusTrace":"  File \"/home/runner/work/kisangateway-test/kisangateway-test/.venv/lib/python3.11/site-packages/allure_commons/_allure.py\", line 192, in impl\n    return func(*a, **kw)\n           ^^^^^^^^^^^^^^\n  File \"/home/runner/work/kisangateway-test/kisangateway-test/pages/about_page.py\", line 20, in click_login_link\n    self.click(self.LOGIN_LINK)\n  File \"/home/runner/work/kisangateway-test/kisangateway-test/pages/base_page.py\", line 38, in click\n    el: WebElement = self.wait.until(\n                     ^^^^^^^^^^^^^^^^\n  File \"/home/runner/work/kisangateway-test/kisangateway-test/.venv/lib/python3.11/site-packages/selenium/webdriver/support/wait.py\", line 95, in until\n    raise TimeoutException(message, screen, stacktrace)\n","steps":[],"attachments":[],"parameters":[],"shouldDisplayMessage":true,"stepsCount":0,"attachmentsCount":0,"hasContent":true,"attachmentStep":false}],"attachments":[],"parameters":[],"shouldDisplayMessage":false,"stepsCount":1,"attachmentsCount":0,"hasContent":true,"attachmentStep":false}],"testStage":{"description":"Selecting and adding a project to workspace","status":"broken","statusMessage":"selenium.common.exceptions.TimeoutException: Message: \nStacktrace:\n#0 0x55fa83019d33 <unknown>\n#1 0x55fa82cd6f87 <unknown>\n#2 0x55fa82d26c0e <unknown>\n#3 0x55fa82d26d11 <unknown>\n#4 0x55fa82d72004 <unknown>\n#5 0x55fa82d5036d <unknown>\n#6 0x55fa82d6f297 <unknown>\n#7 0x55fa82d500e3 <unknown>\n#8 0x55fa82d18044 <unknown>\n#9 0x55fa82d1944e <unknown>\n#10 0x55fa82fde861 <unknown>\n#11 0x55fa82fe2785 <unknown>\n#12 0x55fa82fcc285 <unknown>\n#13 0x55fa82fe341f <unknown>\n#14 0x55fa82fb020f <unknown>\n#15 0x55fa83007028 <unknown>\n#16 0x55fa830071f7 <unknown>\n#17 0x55fa83018ed4 <unknown>\n#18 0x7f0c61894ac3 <unknown>","statusTrace":"self = <tests.test_workspaces.TestWorkspaces object at 0x7f620353ed10>\nsecret_data = {'email': '', 'password': ''}\n\n    @pytest.fixture(autouse=True)\n    def setup_method_fixture(self, secret_data: dict):\n>       login(secret_data, self.about_page, self.login_page)\n\ntests/test_workspaces.py:23: \n_ _ _ _ _ _ _ _ _ _ _ _ _ _ _ _ _ _ _ _ _ _ _ _ _ _ _ _ _ _ _ _ _ _ _ _ _ _ _ _ \ntests/test_workspaces.py:13: in login\n    about_page.click_login_link()\npages/about_page.py:20: in click_login_link\n    self.click(self.LOGIN_LINK)\npages/base_page.py:38: in click\n    el: WebElement = self.wait.until(\n_ _ _ _ _ _ _ _ _ _ _ _ _ _ _ _ _ _ _ _ _ _ _ _ _ _ _ _ _ _ _ _ _ _ _ _ _ _ _ _ \n\nself = <selenium.webdriver.support.wait.WebDriverWait (session=\"40dfd0ee52afffdf3dbdbbc6bf45e969\")>\nmethod = <function element_to_be_clickable.<locals>._predicate at 0x7f6203427100>\nmessage = ''\n\n    def until(self, method, message: str = \"\"):\n        \"\"\"Calls the method provided with the driver as an argument until the \\\n        return value does not evaluate to ``False``.\n    \n        :param method: callable(WebDriver)\n        :param message: optional message for :exc:`TimeoutException`\n        :returns: the result of the last call to `method`\n        :raises: :exc:`selenium.common.exceptions.TimeoutException` if timeout occurs\n        \"\"\"\n        screen = None\n        stacktrace = None\n    \n        end_time = time.monotonic() + self._timeout\n        while True:\n            try:\n                value = method(self._driver)\n                if value:\n                    return value\n            except self._ignored_exceptions as exc:\n                screen = getattr(exc, \"screen\", None)\n                stacktrace = getattr(exc, \"stacktrace\", None)\n            time.sleep(self._poll)\n            if time.monotonic() > end_time:\n                break\n>       raise TimeoutException(message, screen, stacktrace)\nE       selenium.common.exceptions.TimeoutException: Message: \nE       Stacktrace:\nE       #0 0x55fa83019d33 <unknown>\nE       #1 0x55fa82cd6f87 <unknown>\nE       #2 0x55fa82d26c0e <unknown>\nE       #3 0x55fa82d26d11 <unknown>\nE       #4 0x55fa82d72004 <unknown>\nE       #5 0x55fa82d5036d <unknown>\nE       #6 0x55fa82d6f297 <unknown>\nE       #7 0x55fa82d500e3 <unknown>\nE       #8 0x55fa82d18044 <unknown>\nE       #9 0x55fa82d1944e <unknown>\nE       #10 0x55fa82fde861 <unknown>\nE       #11 0x55fa82fe2785 <unknown>\nE       #12 0x55fa82fcc285 <unknown>\nE       #13 0x55fa82fe341f <unknown>\nE       #14 0x55fa82fb020f <unknown>\nE       #15 0x55fa83007028 <unknown>\nE       #16 0x55fa830071f7 <unknown>\nE       #17 0x55fa83018ed4 <unknown>\nE       #18 0x7f0c61894ac3 <unknown>\n\n.venv/lib/python3.11/site-packages/selenium/webdriver/support/wait.py:95: TimeoutException","steps":[],"attachments":[{"uid":"6d1a09a0b7cedc0d","name":"public ip address","source":"6d1a09a0b7cedc0d.txt","type":"text/plain","size":13},{"uid":"6830aab0b5392a26","name":"Cookies","source":"6830aab0b5392a26.json","type":"application/json","size":2},{"uid":"cab91bd802d25284","name":"Session Storage","source":"cab91bd802d25284.json","type":"application/json","size":2},{"uid":"645d9b29fea8074f","name":"Local Storage","source":"645d9b29fea8074f.json","type":"application/json","size":2},{"uid":"26bd9ad44231a5ed","name":"Console Logs","source":"26bd9ad44231a5ed.json","type":"application/json","size":2},{"uid":"441db4c31534cb6","name":"Full Page Screenshot","source":"441db4c31534cb6.png","type":"image/png","size":2655641},{"uid":"ef814c2951dc0dda","name":"URL","source":"ef814c2951dc0dda.uri","type":"text/uri-list","size":25},{"uid":"23bf4c0adf370870","name":"Network Logs","source":"23bf4c0adf370870.json","type":"application/json","size":13977}],"parameters":[],"shouldDisplayMessage":true,"stepsCount":0,"attachmentsCount":8,"hasContent":true,"attachmentStep":false},"afterStages":[],"labels":[{"name":"epic","value":"Workspaces"},{"name":"severity","value":"normal"},{"name":"story","value":"WorkSpaces Creation and Editing Functionality"},{"name":"tag","value":"run(order=5)"},{"name":"parentSuite","value":"tests"},{"name":"suite","value":"test_workspaces"},{"name":"subSuite","value":"TestWorkspaces"},{"name":"host","value":"fv-az1535-841"},{"name":"thread","value":"2232-MainThread"},{"name":"framework","value":"pytest"},{"name":"language","value":"cpython3"},{"name":"package","value":"tests.test_workspaces"},{"name":"resultFormat","value":"allure2"}],"parameters":[],"links":[],"hidden":false,"retry":false,"extra":{"severity":"normal","retries":[],"categories":[{"name":"Test defects","matchedStatuses":[],"flaky":false}],"tags":["run(order=5)"]},"source":"a76c1512bcc43921.json","parameterValues":[]}