{"uid":"c6b162303e2f5b37","name":"Rename an existing workspace test","fullName":"tests.test_workspaces.TestWorkspaces#test_rename_workspace","historyId":"d49362deb707221678019bdc76bcec08","time":{"start":1710550802403,"stop":1710550802403,"duration":0},"description":"Rename an existing workspace","descriptionHtml":"<p>Rename an existing workspace</p>\n","status":"broken","statusMessage":"selenium.common.exceptions.TimeoutException: Message: \nStacktrace:\n#0 0x5a07c30d4ec3 <unknown>\n#1 0x5a07c2dccce6 <unknown>\n#2 0x5a07c2e17e48 <unknown>\n#3 0x5a07c2e17f01 <unknown>\n#4 0x5a07c2e5b3f4 <unknown>\n#5 0x5a07c2e39edd <unknown>\n#6 0x5a07c2e58899 <unknown>\n#7 0x5a07c2e39c53 <unknown>\n#8 0x5a07c2e0adb3 <unknown>\n#9 0x5a07c2e0b77e <unknown>\n#10 0x5a07c309a7fb <unknown>\n#11 0x5a07c309e815 <unknown>\n#12 0x5a07c3088111 <unknown>\n#13 0x5a07c309f3a2 <unknown>\n#14 0x5a07c306c1ef <unknown>\n#15 0x5a07c30c34b8 <unknown>\n#16 0x5a07c30c36b3 <unknown>\n#17 0x5a07c30d4074 <unknown>\n#18 0x7726a0a94ac3 <unknown>","statusTrace":"self = <tests.test_workspaces.TestWorkspaces object at 0x727fad13ac50>\nsecret_data = {'email': '', 'password': ''}\n\n    @pytest.fixture(autouse=True)\n    def setup_method_fixture(self, secret_data: dict):\n>       login(secret_data, self.about_page, self.login_page)\n\ntests/test_workspaces.py:23: \n_ _ _ _ _ _ _ _ _ _ _ _ _ _ _ _ _ _ _ _ _ _ _ _ _ _ _ _ _ _ _ _ _ _ _ _ _ _ _ _ \ntests/test_workspaces.py:13: in login\n    about_page.click_login_link()\npages/about_page.py:20: in click_login_link\n    self.click(self.LOGIN_LINK)\npages/base_page.py:38: in click\n    el: WebElement = self.wait.until(\n_ _ _ _ _ _ _ _ _ _ _ _ _ _ _ _ _ _ _ _ _ _ _ _ _ _ _ _ _ _ _ _ _ _ _ _ _ _ _ _ \n\nself = <selenium.webdriver.support.wait.WebDriverWait (session=\"80d43cb6b7005fd4169c48522f8f7d0b\")>\nmethod = <function element_to_be_clickable.<locals>._predicate at 0x727fad025ee0>\nmessage = ''\n\n    def until(self, method, message: str = \"\"):\n        \"\"\"Calls the method provided with the driver as an argument until the \\\n        return value does not evaluate to ``False``.\n    \n        :param method: callable(WebDriver)\n        :param message: optional message for :exc:`TimeoutException`\n        :returns: the result of the last call to `method`\n        :raises: :exc:`selenium.common.exceptions.TimeoutException` if timeout occurs\n        \"\"\"\n        screen = None\n        stacktrace = None\n    \n        end_time = time.monotonic() + self._timeout\n        while True:\n            try:\n                value = method(self._driver)\n                if value:\n                    return value\n            except self._ignored_exceptions as exc:\n                screen = getattr(exc, \"screen\", None)\n                stacktrace = getattr(exc, \"stacktrace\", None)\n            time.sleep(self._poll)\n            if time.monotonic() > end_time:\n                break\n>       raise TimeoutException(message, screen, stacktrace)\nE       selenium.common.exceptions.TimeoutException: Message: \nE       Stacktrace:\nE       #0 0x5a07c30d4ec3 <unknown>\nE       #1 0x5a07c2dccce6 <unknown>\nE       #2 0x5a07c2e17e48 <unknown>\nE       #3 0x5a07c2e17f01 <unknown>\nE       #4 0x5a07c2e5b3f4 <unknown>\nE       #5 0x5a07c2e39edd <unknown>\nE       #6 0x5a07c2e58899 <unknown>\nE       #7 0x5a07c2e39c53 <unknown>\nE       #8 0x5a07c2e0adb3 <unknown>\nE       #9 0x5a07c2e0b77e <unknown>\nE       #10 0x5a07c309a7fb <unknown>\nE       #11 0x5a07c309e815 <unknown>\nE       #12 0x5a07c3088111 <unknown>\nE       #13 0x5a07c309f3a2 <unknown>\nE       #14 0x5a07c306c1ef <unknown>\nE       #15 0x5a07c30c34b8 <unknown>\nE       #16 0x5a07c30c36b3 <unknown>\nE       #17 0x5a07c30d4074 <unknown>\nE       #18 0x7726a0a94ac3 <unknown>\n\n.venv/lib/python3.11/site-packages/selenium/webdriver/support/wait.py:95: TimeoutException","flaky":false,"newFailed":false,"newBroken":false,"newPassed":false,"retriesCount":0,"retriesStatusChange":false,"beforeStages":[{"name":"secret_data","time":{"start":1710550765690,"stop":1710550765691,"duration":1},"status":"passed","steps":[],"attachments":[],"parameters":[],"shouldDisplayMessage":false,"stepsCount":0,"attachmentsCount":0,"hasContent":false,"attachmentStep":false},{"name":"base_url","time":{"start":1710550765690,"stop":1710550765690,"duration":0},"status":"passed","steps":[],"attachments":[],"parameters":[],"shouldDisplayMessage":false,"stepsCount":0,"attachmentsCount":0,"hasContent":false,"attachmentStep":false},{"name":"_verify_url","time":{"start":1710550765690,"stop":1710550765690,"duration":0},"status":"passed","steps":[],"attachments":[],"parameters":[],"shouldDisplayMessage":false,"stepsCount":0,"attachmentsCount":0,"hasContent":false,"attachmentStep":false},{"name":"json_data","time":{"start":1710550765691,"stop":1710550765691,"duration":0},"status":"passed","steps":[],"attachments":[],"parameters":[],"shouldDisplayMessage":false,"stepsCount":0,"attachmentsCount":0,"hasContent":false,"attachmentStep":false},{"name":"setup_method_fixture","time":{"start":1710550803604,"stop":1710550813853,"duration":10249},"status":"broken","statusMessage":"selenium.common.exceptions.TimeoutException: Message: \nStacktrace:\n#0 0x5a07c30d4ec3 <unknown>\n#1 0x5a07c2dccce6 <unknown>\n#2 0x5a07c2e17e48 <unknown>\n#3 0x5a07c2e17f01 <unknown>\n#4 0x5a07c2e5b3f4 <unknown>\n#5 0x5a07c2e39edd <unknown>\n#6 0x5a07c2e58899 <unknown>\n#7 0x5a07c2e39c53 <unknown>\n#8 0x5a07c2e0adb3 <unknown>\n#9 0x5a07c2e0b77e <unknown>\n#10 0x5a07c309a7fb <unknown>\n#11 0x5a07c309e815 <unknown>\n#12 0x5a07c3088111 <unknown>\n#13 0x5a07c309f3a2 <unknown>\n#14 0x5a07c306c1ef <unknown>\n#15 0x5a07c30c34b8 <unknown>\n#16 0x5a07c30c36b3 <unknown>\n#17 0x5a07c30d4074 <unknown>\n#18 0x7726a0a94ac3 <unknown>\n\n","statusTrace":"  File \"/home/runner/work/kisangateway-test/kisangateway-test/.venv/lib/python3.11/site-packages/pluggy/_callers.py\", line 80, in _multicall\n    res = hook_impl.function(*args)\n          ^^^^^^^^^^^^^^^^^^^^^^^^^\n  File \"/home/runner/work/kisangateway-test/kisangateway-test/.venv/lib/python3.11/site-packages/_pytest/fixtures.py\", line 1123, in pytest_fixture_setup\n    result = call_fixture_func(fixturefunc, request, kwargs)\n             ^^^^^^^^^^^^^^^^^^^^^^^^^^^^^^^^^^^^^^^^^^^^^^^\n  File \"/home/runner/work/kisangateway-test/kisangateway-test/.venv/lib/python3.11/site-packages/_pytest/fixtures.py\", line 902, in call_fixture_func\n    fixture_result = fixturefunc(**kwargs)\n                     ^^^^^^^^^^^^^^^^^^^^^\n  File \"/home/runner/work/kisangateway-test/kisangateway-test/tests/test_workspaces.py\", line 23, in setup_method_fixture\n    login(secret_data, self.about_page, self.login_page)\n  File \"/home/runner/work/kisangateway-test/kisangateway-test/tests/test_workspaces.py\", line 13, in login\n    about_page.click_login_link()\n  File \"/home/runner/work/kisangateway-test/kisangateway-test/.venv/lib/python3.11/site-packages/allure_commons/_allure.py\", line 192, in impl\n    return func(*a, **kw)\n           ^^^^^^^^^^^^^^\n  File \"/home/runner/work/kisangateway-test/kisangateway-test/pages/about_page.py\", line 20, in click_login_link\n    self.click(self.LOGIN_LINK)\n  File \"/home/runner/work/kisangateway-test/kisangateway-test/pages/base_page.py\", line 38, in click\n    el: WebElement = self.wait.until(\n                     ^^^^^^^^^^^^^^^^\n  File \"/home/runner/work/kisangateway-test/kisangateway-test/.venv/lib/python3.11/site-packages/selenium/webdriver/support/wait.py\", line 95, in until\n    raise TimeoutException(message, screen, stacktrace)\n","steps":[{"name":"Click Login link","time":{"start":1710550803604,"stop":1710550813853,"duration":10249},"status":"broken","statusMessage":"selenium.common.exceptions.TimeoutException: Message: \nStacktrace:\n#0 0x5a07c30d4ec3 <unknown>\n#1 0x5a07c2dccce6 <unknown>\n#2 0x5a07c2e17e48 <unknown>\n#3 0x5a07c2e17f01 <unknown>\n#4 0x5a07c2e5b3f4 <unknown>\n#5 0x5a07c2e39edd <unknown>\n#6 0x5a07c2e58899 <unknown>\n#7 0x5a07c2e39c53 <unknown>\n#8 0x5a07c2e0adb3 <unknown>\n#9 0x5a07c2e0b77e <unknown>\n#10 0x5a07c309a7fb <unknown>\n#11 0x5a07c309e815 <unknown>\n#12 0x5a07c3088111 <unknown>\n#13 0x5a07c309f3a2 <unknown>\n#14 0x5a07c306c1ef <unknown>\n#15 0x5a07c30c34b8 <unknown>\n#16 0x5a07c30c36b3 <unknown>\n#17 0x5a07c30d4074 <unknown>\n#18 0x7726a0a94ac3 <unknown>\n\n","statusTrace":"  File \"/home/runner/work/kisangateway-test/kisangateway-test/.venv/lib/python3.11/site-packages/allure_commons/_allure.py\", line 192, in impl\n    return func(*a, **kw)\n           ^^^^^^^^^^^^^^\n  File \"/home/runner/work/kisangateway-test/kisangateway-test/pages/about_page.py\", line 20, in click_login_link\n    self.click(self.LOGIN_LINK)\n  File \"/home/runner/work/kisangateway-test/kisangateway-test/pages/base_page.py\", line 38, in click\n    el: WebElement = self.wait.until(\n                     ^^^^^^^^^^^^^^^^\n  File \"/home/runner/work/kisangateway-test/kisangateway-test/.venv/lib/python3.11/site-packages/selenium/webdriver/support/wait.py\", line 95, in until\n    raise TimeoutException(message, screen, stacktrace)\n","steps":[],"attachments":[],"parameters":[],"shouldDisplayMessage":true,"stepsCount":0,"attachmentsCount":0,"hasContent":true,"attachmentStep":false}],"attachments":[],"parameters":[],"shouldDisplayMessage":false,"stepsCount":1,"attachmentsCount":0,"hasContent":true,"attachmentStep":false}],"testStage":{"description":"Rename an existing workspace","status":"broken","statusMessage":"selenium.common.exceptions.TimeoutException: Message: \nStacktrace:\n#0 0x5a07c30d4ec3 <unknown>\n#1 0x5a07c2dccce6 <unknown>\n#2 0x5a07c2e17e48 <unknown>\n#3 0x5a07c2e17f01 <unknown>\n#4 0x5a07c2e5b3f4 <unknown>\n#5 0x5a07c2e39edd <unknown>\n#6 0x5a07c2e58899 <unknown>\n#7 0x5a07c2e39c53 <unknown>\n#8 0x5a07c2e0adb3 <unknown>\n#9 0x5a07c2e0b77e <unknown>\n#10 0x5a07c309a7fb <unknown>\n#11 0x5a07c309e815 <unknown>\n#12 0x5a07c3088111 <unknown>\n#13 0x5a07c309f3a2 <unknown>\n#14 0x5a07c306c1ef <unknown>\n#15 0x5a07c30c34b8 <unknown>\n#16 0x5a07c30c36b3 <unknown>\n#17 0x5a07c30d4074 <unknown>\n#18 0x7726a0a94ac3 <unknown>","statusTrace":"self = <tests.test_workspaces.TestWorkspaces object at 0x727fad13ac50>\nsecret_data = {'email': '', 'password': ''}\n\n    @pytest.fixture(autouse=True)\n    def setup_method_fixture(self, secret_data: dict):\n>       login(secret_data, self.about_page, self.login_page)\n\ntests/test_workspaces.py:23: \n_ _ _ _ _ _ _ _ _ _ _ _ _ _ _ _ _ _ _ _ _ _ _ _ _ _ _ _ _ _ _ _ _ _ _ _ _ _ _ _ \ntests/test_workspaces.py:13: in login\n    about_page.click_login_link()\npages/about_page.py:20: in click_login_link\n    self.click(self.LOGIN_LINK)\npages/base_page.py:38: in click\n    el: WebElement = self.wait.until(\n_ _ _ _ _ _ _ _ _ _ _ _ _ _ _ _ _ _ _ _ _ _ _ _ _ _ _ _ _ _ _ _ _ _ _ _ _ _ _ _ \n\nself = <selenium.webdriver.support.wait.WebDriverWait (session=\"80d43cb6b7005fd4169c48522f8f7d0b\")>\nmethod = <function element_to_be_clickable.<locals>._predicate at 0x727fad025ee0>\nmessage = ''\n\n    def until(self, method, message: str = \"\"):\n        \"\"\"Calls the method provided with the driver as an argument until the \\\n        return value does not evaluate to ``False``.\n    \n        :param method: callable(WebDriver)\n        :param message: optional message for :exc:`TimeoutException`\n        :returns: the result of the last call to `method`\n        :raises: :exc:`selenium.common.exceptions.TimeoutException` if timeout occurs\n        \"\"\"\n        screen = None\n        stacktrace = None\n    \n        end_time = time.monotonic() + self._timeout\n        while True:\n            try:\n                value = method(self._driver)\n                if value:\n                    return value\n            except self._ignored_exceptions as exc:\n                screen = getattr(exc, \"screen\", None)\n                stacktrace = getattr(exc, \"stacktrace\", None)\n            time.sleep(self._poll)\n            if time.monotonic() > end_time:\n                break\n>       raise TimeoutException(message, screen, stacktrace)\nE       selenium.common.exceptions.TimeoutException: Message: \nE       Stacktrace:\nE       #0 0x5a07c30d4ec3 <unknown>\nE       #1 0x5a07c2dccce6 <unknown>\nE       #2 0x5a07c2e17e48 <unknown>\nE       #3 0x5a07c2e17f01 <unknown>\nE       #4 0x5a07c2e5b3f4 <unknown>\nE       #5 0x5a07c2e39edd <unknown>\nE       #6 0x5a07c2e58899 <unknown>\nE       #7 0x5a07c2e39c53 <unknown>\nE       #8 0x5a07c2e0adb3 <unknown>\nE       #9 0x5a07c2e0b77e <unknown>\nE       #10 0x5a07c309a7fb <unknown>\nE       #11 0x5a07c309e815 <unknown>\nE       #12 0x5a07c3088111 <unknown>\nE       #13 0x5a07c309f3a2 <unknown>\nE       #14 0x5a07c306c1ef <unknown>\nE       #15 0x5a07c30c34b8 <unknown>\nE       #16 0x5a07c30c36b3 <unknown>\nE       #17 0x5a07c30d4074 <unknown>\nE       #18 0x7726a0a94ac3 <unknown>\n\n.venv/lib/python3.11/site-packages/selenium/webdriver/support/wait.py:95: TimeoutException","steps":[],"attachments":[{"uid":"d8918c58c67d0d0b","name":"public ip address","source":"d8918c58c67d0d0b.txt","type":"text/plain","size":13},{"uid":"ea5504912f07c9d8","name":"Cookies","source":"ea5504912f07c9d8.json","type":"application/json","size":527},{"uid":"48c0bfc01cf6b1d7","name":"Session Storage","source":"48c0bfc01cf6b1d7.json","type":"application/json","size":2},{"uid":"f0d1c4bccf7a4c21","name":"Local Storage","source":"f0d1c4bccf7a4c21.json","type":"application/json","size":77},{"uid":"bf0461ffc6b86745","name":"Console Logs","source":"bf0461ffc6b86745.json","type":"application/json","size":310},{"uid":"8141e976e2c629cb","name":"Full Page Screenshot","source":"8141e976e2c629cb.png","type":"image/png","size":2477717},{"uid":"d539cca263b7a500","name":"URL","source":"d539cca263b7a500.uri","type":"text/uri-list","size":25},{"uid":"34ab9c3b58a07b8c","name":"Network Logs","source":"34ab9c3b58a07b8c.json","type":"application/json","size":1285604}],"parameters":[],"shouldDisplayMessage":true,"stepsCount":0,"attachmentsCount":8,"hasContent":true,"attachmentStep":false},"afterStages":[],"labels":[{"name":"severity","value":"normal"},{"name":"epic","value":"Workspaces"},{"name":"story","value":"WorkSpaces Creation and Editing Functionality"},{"name":"tag","value":"run(order=2)"},{"name":"parentSuite","value":"tests"},{"name":"suite","value":"test_workspaces"},{"name":"subSuite","value":"TestWorkspaces"},{"name":"host","value":"fv-az1498-457"},{"name":"thread","value":"2269-MainThread"},{"name":"framework","value":"pytest"},{"name":"language","value":"cpython3"},{"name":"package","value":"tests.test_workspaces"},{"name":"resultFormat","value":"allure2"}],"parameters":[],"links":[],"hidden":false,"retry":false,"extra":{"severity":"normal","retries":[],"categories":[{"name":"Test defects","matchedStatuses":[],"flaky":false}],"tags":["run(order=2)"]},"source":"c6b162303e2f5b37.json","parameterValues":[]}