{"uid":"e5512fb62c99e60b","name":"Search for existing project test","fullName":"tests.test_workspaces.TestWorkspaces#test_search_project","historyId":"3072e00dfd01d41bcf7852018b214f8a","time":{"start":1702602417473,"stop":1702602417473,"duration":0},"description":"Search for an existing project","descriptionHtml":"<p>Search for an existing project</p>\n","status":"broken","statusMessage":"selenium.common.exceptions.TimeoutException: Message: \nStacktrace:\n#0 0x560afb189d33 <unknown>\n#1 0x560afae46f87 <unknown>\n#2 0x560afae96c0e <unknown>\n#3 0x560afae96d11 <unknown>\n#4 0x560afaee2004 <unknown>\n#5 0x560afaec036d <unknown>\n#6 0x560afaedf297 <unknown>\n#7 0x560afaec00e3 <unknown>\n#8 0x560afae88044 <unknown>\n#9 0x560afae8944e <unknown>\n#10 0x560afb14e861 <unknown>\n#11 0x560afb152785 <unknown>\n#12 0x560afb13c285 <unknown>\n#13 0x560afb15341f <unknown>\n#14 0x560afb12020f <unknown>\n#15 0x560afb177028 <unknown>\n#16 0x560afb1771f7 <unknown>\n#17 0x560afb188ed4 <unknown>\n#18 0x7fbebc694ac3 <unknown>","statusTrace":"self = <tests.test_workspaces.TestWorkspaces object at 0x7fad6c40b1d0>\nsecret_data = {'email': '', 'password': ''}\n\n    @pytest.fixture(autouse=True)\n    def setup_method_fixture(self, secret_data: dict):\n>       login(secret_data, self.about_page, self.login_page)\n\ntests/test_workspaces.py:23: \n_ _ _ _ _ _ _ _ _ _ _ _ _ _ _ _ _ _ _ _ _ _ _ _ _ _ _ _ _ _ _ _ _ _ _ _ _ _ _ _ \ntests/test_workspaces.py:13: in login\n    about_page.click_login_link()\npages/about_page.py:20: in click_login_link\n    self.click(self.LOGIN_LINK)\npages/base_page.py:38: in click\n    el: WebElement = self.wait.until(\n_ _ _ _ _ _ _ _ _ _ _ _ _ _ _ _ _ _ _ _ _ _ _ _ _ _ _ _ _ _ _ _ _ _ _ _ _ _ _ _ \n\nself = <selenium.webdriver.support.wait.WebDriverWait (session=\"f6247903e440f00e667de069fa84960f\")>\nmethod = <function element_to_be_clickable.<locals>._predicate at 0x7fad6bfc2020>\nmessage = ''\n\n    def until(self, method, message: str = \"\"):\n        \"\"\"Calls the method provided with the driver as an argument until the \\\n        return value does not evaluate to ``False``.\n    \n        :param method: callable(WebDriver)\n        :param message: optional message for :exc:`TimeoutException`\n        :returns: the result of the last call to `method`\n        :raises: :exc:`selenium.common.exceptions.TimeoutException` if timeout occurs\n        \"\"\"\n        screen = None\n        stacktrace = None\n    \n        end_time = time.monotonic() + self._timeout\n        while True:\n            try:\n                value = method(self._driver)\n                if value:\n                    return value\n            except self._ignored_exceptions as exc:\n                screen = getattr(exc, \"screen\", None)\n                stacktrace = getattr(exc, \"stacktrace\", None)\n            time.sleep(self._poll)\n            if time.monotonic() > end_time:\n                break\n>       raise TimeoutException(message, screen, stacktrace)\nE       selenium.common.exceptions.TimeoutException: Message: \nE       Stacktrace:\nE       #0 0x560afb189d33 <unknown>\nE       #1 0x560afae46f87 <unknown>\nE       #2 0x560afae96c0e <unknown>\nE       #3 0x560afae96d11 <unknown>\nE       #4 0x560afaee2004 <unknown>\nE       #5 0x560afaec036d <unknown>\nE       #6 0x560afaedf297 <unknown>\nE       #7 0x560afaec00e3 <unknown>\nE       #8 0x560afae88044 <unknown>\nE       #9 0x560afae8944e <unknown>\nE       #10 0x560afb14e861 <unknown>\nE       #11 0x560afb152785 <unknown>\nE       #12 0x560afb13c285 <unknown>\nE       #13 0x560afb15341f <unknown>\nE       #14 0x560afb12020f <unknown>\nE       #15 0x560afb177028 <unknown>\nE       #16 0x560afb1771f7 <unknown>\nE       #17 0x560afb188ed4 <unknown>\nE       #18 0x7fbebc694ac3 <unknown>\n\n.venv/lib/python3.11/site-packages/selenium/webdriver/support/wait.py:95: TimeoutException","flaky":false,"newFailed":false,"newBroken":false,"newPassed":false,"retriesCount":0,"retriesStatusChange":false,"beforeStages":[{"name":"_verify_url","time":{"start":1702602305520,"stop":1702602305520,"duration":0},"status":"passed","steps":[],"attachments":[],"parameters":[],"shouldDisplayMessage":false,"stepsCount":0,"attachmentsCount":0,"hasContent":false,"attachmentStep":false},{"name":"base_url","time":{"start":1702602305520,"stop":1702602305520,"duration":0},"status":"passed","steps":[],"attachments":[],"parameters":[],"shouldDisplayMessage":false,"stepsCount":0,"attachmentsCount":0,"hasContent":false,"attachmentStep":false},{"name":"secret_data","time":{"start":1702602305521,"stop":1702602305521,"duration":0},"status":"passed","steps":[],"attachments":[],"parameters":[],"shouldDisplayMessage":false,"stepsCount":0,"attachmentsCount":0,"hasContent":false,"attachmentStep":false},{"name":"json_data","time":{"start":1702602305521,"stop":1702602305521,"duration":0},"status":"passed","steps":[],"attachments":[],"parameters":[],"shouldDisplayMessage":false,"stepsCount":0,"attachmentsCount":0,"hasContent":false,"attachmentStep":false},{"name":"setup_method_fixture","time":{"start":1702602418793,"stop":1702602428963,"duration":10170},"status":"broken","statusMessage":"selenium.common.exceptions.TimeoutException: Message: \nStacktrace:\n#0 0x560afb189d33 <unknown>\n#1 0x560afae46f87 <unknown>\n#2 0x560afae96c0e <unknown>\n#3 0x560afae96d11 <unknown>\n#4 0x560afaee2004 <unknown>\n#5 0x560afaec036d <unknown>\n#6 0x560afaedf297 <unknown>\n#7 0x560afaec00e3 <unknown>\n#8 0x560afae88044 <unknown>\n#9 0x560afae8944e <unknown>\n#10 0x560afb14e861 <unknown>\n#11 0x560afb152785 <unknown>\n#12 0x560afb13c285 <unknown>\n#13 0x560afb15341f <unknown>\n#14 0x560afb12020f <unknown>\n#15 0x560afb177028 <unknown>\n#16 0x560afb1771f7 <unknown>\n#17 0x560afb188ed4 <unknown>\n#18 0x7fbebc694ac3 <unknown>\n\n","statusTrace":"  File \"/home/runner/work/kisangateway-test/kisangateway-test/.venv/lib/python3.11/site-packages/pluggy/_callers.py\", line 80, in _multicall\n    res = hook_impl.function(*args)\n          ^^^^^^^^^^^^^^^^^^^^^^^^^\n  File \"/home/runner/work/kisangateway-test/kisangateway-test/.venv/lib/python3.11/site-packages/_pytest/fixtures.py\", line 1123, in pytest_fixture_setup\n    result = call_fixture_func(fixturefunc, request, kwargs)\n             ^^^^^^^^^^^^^^^^^^^^^^^^^^^^^^^^^^^^^^^^^^^^^^^\n  File \"/home/runner/work/kisangateway-test/kisangateway-test/.venv/lib/python3.11/site-packages/_pytest/fixtures.py\", line 902, in call_fixture_func\n    fixture_result = fixturefunc(**kwargs)\n                     ^^^^^^^^^^^^^^^^^^^^^\n  File \"/home/runner/work/kisangateway-test/kisangateway-test/tests/test_workspaces.py\", line 23, in setup_method_fixture\n    login(secret_data, self.about_page, self.login_page)\n  File \"/home/runner/work/kisangateway-test/kisangateway-test/tests/test_workspaces.py\", line 13, in login\n    about_page.click_login_link()\n  File \"/home/runner/work/kisangateway-test/kisangateway-test/.venv/lib/python3.11/site-packages/allure_commons/_allure.py\", line 192, in impl\n    return func(*a, **kw)\n           ^^^^^^^^^^^^^^\n  File \"/home/runner/work/kisangateway-test/kisangateway-test/pages/about_page.py\", line 20, in click_login_link\n    self.click(self.LOGIN_LINK)\n  File \"/home/runner/work/kisangateway-test/kisangateway-test/pages/base_page.py\", line 38, in click\n    el: WebElement = self.wait.until(\n                     ^^^^^^^^^^^^^^^^\n  File \"/home/runner/work/kisangateway-test/kisangateway-test/.venv/lib/python3.11/site-packages/selenium/webdriver/support/wait.py\", line 95, in until\n    raise TimeoutException(message, screen, stacktrace)\n","steps":[{"name":"Click Login link","time":{"start":1702602418793,"stop":1702602428963,"duration":10170},"status":"broken","statusMessage":"selenium.common.exceptions.TimeoutException: Message: \nStacktrace:\n#0 0x560afb189d33 <unknown>\n#1 0x560afae46f87 <unknown>\n#2 0x560afae96c0e <unknown>\n#3 0x560afae96d11 <unknown>\n#4 0x560afaee2004 <unknown>\n#5 0x560afaec036d <unknown>\n#6 0x560afaedf297 <unknown>\n#7 0x560afaec00e3 <unknown>\n#8 0x560afae88044 <unknown>\n#9 0x560afae8944e <unknown>\n#10 0x560afb14e861 <unknown>\n#11 0x560afb152785 <unknown>\n#12 0x560afb13c285 <unknown>\n#13 0x560afb15341f <unknown>\n#14 0x560afb12020f <unknown>\n#15 0x560afb177028 <unknown>\n#16 0x560afb1771f7 <unknown>\n#17 0x560afb188ed4 <unknown>\n#18 0x7fbebc694ac3 <unknown>\n\n","statusTrace":"  File \"/home/runner/work/kisangateway-test/kisangateway-test/.venv/lib/python3.11/site-packages/allure_commons/_allure.py\", line 192, in impl\n    return func(*a, **kw)\n           ^^^^^^^^^^^^^^\n  File \"/home/runner/work/kisangateway-test/kisangateway-test/pages/about_page.py\", line 20, in click_login_link\n    self.click(self.LOGIN_LINK)\n  File \"/home/runner/work/kisangateway-test/kisangateway-test/pages/base_page.py\", line 38, in click\n    el: WebElement = self.wait.until(\n                     ^^^^^^^^^^^^^^^^\n  File \"/home/runner/work/kisangateway-test/kisangateway-test/.venv/lib/python3.11/site-packages/selenium/webdriver/support/wait.py\", line 95, in until\n    raise TimeoutException(message, screen, stacktrace)\n","steps":[],"attachments":[],"parameters":[],"shouldDisplayMessage":true,"stepsCount":0,"attachmentsCount":0,"hasContent":true,"attachmentStep":false}],"attachments":[],"parameters":[],"shouldDisplayMessage":false,"stepsCount":1,"attachmentsCount":0,"hasContent":true,"attachmentStep":false}],"testStage":{"description":"Search for an existing project","status":"broken","statusMessage":"selenium.common.exceptions.TimeoutException: Message: \nStacktrace:\n#0 0x560afb189d33 <unknown>\n#1 0x560afae46f87 <unknown>\n#2 0x560afae96c0e <unknown>\n#3 0x560afae96d11 <unknown>\n#4 0x560afaee2004 <unknown>\n#5 0x560afaec036d <unknown>\n#6 0x560afaedf297 <unknown>\n#7 0x560afaec00e3 <unknown>\n#8 0x560afae88044 <unknown>\n#9 0x560afae8944e <unknown>\n#10 0x560afb14e861 <unknown>\n#11 0x560afb152785 <unknown>\n#12 0x560afb13c285 <unknown>\n#13 0x560afb15341f <unknown>\n#14 0x560afb12020f <unknown>\n#15 0x560afb177028 <unknown>\n#16 0x560afb1771f7 <unknown>\n#17 0x560afb188ed4 <unknown>\n#18 0x7fbebc694ac3 <unknown>","statusTrace":"self = <tests.test_workspaces.TestWorkspaces object at 0x7fad6c40b1d0>\nsecret_data = {'email': '', 'password': ''}\n\n    @pytest.fixture(autouse=True)\n    def setup_method_fixture(self, secret_data: dict):\n>       login(secret_data, self.about_page, self.login_page)\n\ntests/test_workspaces.py:23: \n_ _ _ _ _ _ _ _ _ _ _ _ _ _ _ _ _ _ _ _ _ _ _ _ _ _ _ _ _ _ _ _ _ _ _ _ _ _ _ _ \ntests/test_workspaces.py:13: in login\n    about_page.click_login_link()\npages/about_page.py:20: in click_login_link\n    self.click(self.LOGIN_LINK)\npages/base_page.py:38: in click\n    el: WebElement = self.wait.until(\n_ _ _ _ _ _ _ _ _ _ _ _ _ _ _ _ _ _ _ _ _ _ _ _ _ _ _ _ _ _ _ _ _ _ _ _ _ _ _ _ \n\nself = <selenium.webdriver.support.wait.WebDriverWait (session=\"f6247903e440f00e667de069fa84960f\")>\nmethod = <function element_to_be_clickable.<locals>._predicate at 0x7fad6bfc2020>\nmessage = ''\n\n    def until(self, method, message: str = \"\"):\n        \"\"\"Calls the method provided with the driver as an argument until the \\\n        return value does not evaluate to ``False``.\n    \n        :param method: callable(WebDriver)\n        :param message: optional message for :exc:`TimeoutException`\n        :returns: the result of the last call to `method`\n        :raises: :exc:`selenium.common.exceptions.TimeoutException` if timeout occurs\n        \"\"\"\n        screen = None\n        stacktrace = None\n    \n        end_time = time.monotonic() + self._timeout\n        while True:\n            try:\n                value = method(self._driver)\n                if value:\n                    return value\n            except self._ignored_exceptions as exc:\n                screen = getattr(exc, \"screen\", None)\n                stacktrace = getattr(exc, \"stacktrace\", None)\n            time.sleep(self._poll)\n            if time.monotonic() > end_time:\n                break\n>       raise TimeoutException(message, screen, stacktrace)\nE       selenium.common.exceptions.TimeoutException: Message: \nE       Stacktrace:\nE       #0 0x560afb189d33 <unknown>\nE       #1 0x560afae46f87 <unknown>\nE       #2 0x560afae96c0e <unknown>\nE       #3 0x560afae96d11 <unknown>\nE       #4 0x560afaee2004 <unknown>\nE       #5 0x560afaec036d <unknown>\nE       #6 0x560afaedf297 <unknown>\nE       #7 0x560afaec00e3 <unknown>\nE       #8 0x560afae88044 <unknown>\nE       #9 0x560afae8944e <unknown>\nE       #10 0x560afb14e861 <unknown>\nE       #11 0x560afb152785 <unknown>\nE       #12 0x560afb13c285 <unknown>\nE       #13 0x560afb15341f <unknown>\nE       #14 0x560afb12020f <unknown>\nE       #15 0x560afb177028 <unknown>\nE       #16 0x560afb1771f7 <unknown>\nE       #17 0x560afb188ed4 <unknown>\nE       #18 0x7fbebc694ac3 <unknown>\n\n.venv/lib/python3.11/site-packages/selenium/webdriver/support/wait.py:95: TimeoutException","steps":[],"attachments":[{"uid":"1770a791a32b25f6","name":"public ip address","source":"1770a791a32b25f6.txt","type":"text/plain","size":15},{"uid":"cde43620f091c139","name":"Cookies","source":"cde43620f091c139.json","type":"application/json","size":2},{"uid":"b91d61e4eb36d785","name":"Session Storage","source":"b91d61e4eb36d785.json","type":"application/json","size":2},{"uid":"a91d92183a294454","name":"Local Storage","source":"a91d92183a294454.json","type":"application/json","size":2},{"uid":"d30ebd168c2a7096","name":"Console Logs","source":"d30ebd168c2a7096.json","type":"application/json","size":2},{"uid":"5957b0b8419ce15a","name":"Full Page Screenshot","source":"5957b0b8419ce15a.png","type":"image/png","size":2655641},{"uid":"4f84abf02e6cf947","name":"URL","source":"4f84abf02e6cf947.uri","type":"text/uri-list","size":25},{"uid":"66903a1b10b6af89","name":"Network Logs","source":"66903a1b10b6af89.json","type":"application/json","size":13978}],"parameters":[],"shouldDisplayMessage":true,"stepsCount":0,"attachmentsCount":8,"hasContent":true,"attachmentStep":false},"afterStages":[],"labels":[{"name":"story","value":"WorkSpaces Creation and Editing Functionality"},{"name":"severity","value":"normal"},{"name":"epic","value":"Workspaces"},{"name":"tag","value":"run(order=6)"},{"name":"parentSuite","value":"tests"},{"name":"suite","value":"test_workspaces"},{"name":"subSuite","value":"TestWorkspaces"},{"name":"host","value":"fv-az1205-714"},{"name":"thread","value":"2294-MainThread"},{"name":"framework","value":"pytest"},{"name":"language","value":"cpython3"},{"name":"package","value":"tests.test_workspaces"},{"name":"resultFormat","value":"allure2"}],"parameters":[],"links":[],"hidden":false,"retry":false,"extra":{"severity":"normal","retries":[],"categories":[{"name":"Test defects","matchedStatuses":[],"flaky":false}],"tags":["run(order=6)"]},"source":"e5512fb62c99e60b.json","parameterValues":[]}