{"uid":"4625000b1e1f5665","name":"Forgot Password with invalid email test","fullName":"tests.test_forgot_password.TestForgotPassword#test_invalid_email","historyId":"3743e16c5d15da2a1434ee4e2dd39a43","time":{"start":1711069390592,"stop":1711069400794,"duration":10202},"description":"Forgot Password with invalid email address","descriptionHtml":"<p>Forgot Password with invalid email address</p>\n","status":"broken","statusMessage":"selenium.common.exceptions.TimeoutException: Message: \nStacktrace:\n#0 0x5581880f9f33 <unknown>\n#1 0x558187df1ce6 <unknown>\n#2 0x558187e3ce48 <unknown>\n#3 0x558187e3cf01 <unknown>\n#4 0x558187e803f4 <unknown>\n#5 0x558187e5eedd <unknown>\n#6 0x558187e7d899 <unknown>\n#7 0x558187e5ec53 <unknown>\n#8 0x558187e2fdb3 <unknown>\n#9 0x558187e3077e <unknown>\n#10 0x5581880bf86b <unknown>\n#11 0x5581880c3885 <unknown>\n#12 0x5581880ad181 <unknown>\n#13 0x5581880c4412 <unknown>\n#14 0x55818809125f <unknown>\n#15 0x5581880e8528 <unknown>\n#16 0x5581880e8723 <unknown>\n#17 0x5581880f90e4 <unknown>\n#18 0x7f8703694ac3 <unknown>","statusTrace":"self = <tests.test_forgot_password.TestForgotPassword object at 0x7f2498f11d50>\nexcel_reader = <utils.excel_parser.ExcelParser object at 0x7f2498cf2650>\njson_data = {'forgot_password': {'error_message': \"We can't find a user with that e-mail address.\", 'success_message': 'A reset li...you page', 'name': 'test', 'new_name': 'another test', 'no_project_found_msg': 'No project matches the criteria', ...}}\n\n    @allure.description(\"Forgot Password with invalid email address\")\n    @allure.title(\"Forgot Password with invalid email test\")\n    def test_invalid_email(self, excel_reader, json_data: dict):\n        emails = excel_reader.read_from_excel(\"Emails\")\n>       self.about_page.click_login_link()\n\ntests/test_forgot_password.py:31: \n_ _ _ _ _ _ _ _ _ _ _ _ _ _ _ _ _ _ _ _ _ _ _ _ _ _ _ _ _ _ _ _ _ _ _ _ _ _ _ _ \npages/about_page.py:20: in click_login_link\n    self.click(self.LOGIN_LINK)\npages/base_page.py:38: in click\n    el: WebElement = self.wait.until(\n_ _ _ _ _ _ _ _ _ _ _ _ _ _ _ _ _ _ _ _ _ _ _ _ _ _ _ _ _ _ _ _ _ _ _ _ _ _ _ _ \n\nself = <selenium.webdriver.support.wait.WebDriverWait (session=\"c11dd9652c1cd105c5acab86bd89b96a\")>\nmethod = <function element_to_be_clickable.<locals>._predicate at 0x7f2498c2e020>\nmessage = ''\n\n    def until(self, method, message: str = \"\"):\n        \"\"\"Calls the method provided with the driver as an argument until the \\\n        return value does not evaluate to ``False``.\n    \n        :param method: callable(WebDriver)\n        :param message: optional message for :exc:`TimeoutException`\n        :returns: the result of the last call to `method`\n        :raises: :exc:`selenium.common.exceptions.TimeoutException` if timeout occurs\n        \"\"\"\n        screen = None\n        stacktrace = None\n    \n        end_time = time.monotonic() + self._timeout\n        while True:\n            try:\n                value = method(self._driver)\n                if value:\n                    return value\n            except self._ignored_exceptions as exc:\n                screen = getattr(exc, \"screen\", None)\n                stacktrace = getattr(exc, \"stacktrace\", None)\n            time.sleep(self._poll)\n            if time.monotonic() > end_time:\n                break\n>       raise TimeoutException(message, screen, stacktrace)\nE       selenium.common.exceptions.TimeoutException: Message: \nE       Stacktrace:\nE       #0 0x5581880f9f33 <unknown>\nE       #1 0x558187df1ce6 <unknown>\nE       #2 0x558187e3ce48 <unknown>\nE       #3 0x558187e3cf01 <unknown>\nE       #4 0x558187e803f4 <unknown>\nE       #5 0x558187e5eedd <unknown>\nE       #6 0x558187e7d899 <unknown>\nE       #7 0x558187e5ec53 <unknown>\nE       #8 0x558187e2fdb3 <unknown>\nE       #9 0x558187e3077e <unknown>\nE       #10 0x5581880bf86b <unknown>\nE       #11 0x5581880c3885 <unknown>\nE       #12 0x5581880ad181 <unknown>\nE       #13 0x5581880c4412 <unknown>\nE       #14 0x55818809125f <unknown>\nE       #15 0x5581880e8528 <unknown>\nE       #16 0x5581880e8723 <unknown>\nE       #17 0x5581880f90e4 <unknown>\nE       #18 0x7f8703694ac3 <unknown>\n\n.venv/lib/python3.11/site-packages/selenium/webdriver/support/wait.py:95: TimeoutException","flaky":false,"newFailed":false,"newBroken":false,"newPassed":false,"retriesCount":0,"retriesStatusChange":false,"beforeStages":[{"name":"base_url","time":{"start":1711069214492,"stop":1711069214492,"duration":0},"status":"passed","steps":[],"attachments":[],"parameters":[],"shouldDisplayMessage":false,"stepsCount":0,"attachmentsCount":0,"hasContent":false,"attachmentStep":false},{"name":"_verify_url","time":{"start":1711069214492,"stop":1711069214492,"duration":0},"status":"passed","steps":[],"attachments":[],"parameters":[],"shouldDisplayMessage":false,"stepsCount":0,"attachmentsCount":0,"hasContent":false,"attachmentStep":false},{"name":"json_data","time":{"start":1711069214493,"stop":1711069214493,"duration":0},"status":"passed","steps":[],"attachments":[],"parameters":[],"shouldDisplayMessage":false,"stepsCount":0,"attachmentsCount":0,"hasContent":false,"attachmentStep":false},{"name":"excel_reader","time":{"start":1711069390592,"stop":1711069390592,"duration":0},"status":"passed","steps":[],"attachments":[],"parameters":[],"shouldDisplayMessage":false,"stepsCount":0,"attachmentsCount":0,"hasContent":false,"attachmentStep":false}],"testStage":{"description":"Forgot Password with invalid email address","status":"broken","statusMessage":"selenium.common.exceptions.TimeoutException: Message: \nStacktrace:\n#0 0x5581880f9f33 <unknown>\n#1 0x558187df1ce6 <unknown>\n#2 0x558187e3ce48 <unknown>\n#3 0x558187e3cf01 <unknown>\n#4 0x558187e803f4 <unknown>\n#5 0x558187e5eedd <unknown>\n#6 0x558187e7d899 <unknown>\n#7 0x558187e5ec53 <unknown>\n#8 0x558187e2fdb3 <unknown>\n#9 0x558187e3077e <unknown>\n#10 0x5581880bf86b <unknown>\n#11 0x5581880c3885 <unknown>\n#12 0x5581880ad181 <unknown>\n#13 0x5581880c4412 <unknown>\n#14 0x55818809125f <unknown>\n#15 0x5581880e8528 <unknown>\n#16 0x5581880e8723 <unknown>\n#17 0x5581880f90e4 <unknown>\n#18 0x7f8703694ac3 <unknown>","statusTrace":"self = <tests.test_forgot_password.TestForgotPassword object at 0x7f2498f11d50>\nexcel_reader = <utils.excel_parser.ExcelParser object at 0x7f2498cf2650>\njson_data = {'forgot_password': {'error_message': \"We can't find a user with that e-mail address.\", 'success_message': 'A reset li...you page', 'name': 'test', 'new_name': 'another test', 'no_project_found_msg': 'No project matches the criteria', ...}}\n\n    @allure.description(\"Forgot Password with invalid email address\")\n    @allure.title(\"Forgot Password with invalid email test\")\n    def test_invalid_email(self, excel_reader, json_data: dict):\n        emails = excel_reader.read_from_excel(\"Emails\")\n>       self.about_page.click_login_link()\n\ntests/test_forgot_password.py:31: \n_ _ _ _ _ _ _ _ _ _ _ _ _ _ _ _ _ _ _ _ _ _ _ _ _ _ _ _ _ _ _ _ _ _ _ _ _ _ _ _ \npages/about_page.py:20: in click_login_link\n    self.click(self.LOGIN_LINK)\npages/base_page.py:38: in click\n    el: WebElement = self.wait.until(\n_ _ _ _ _ _ _ _ _ _ _ _ _ _ _ _ _ _ _ _ _ _ _ _ _ _ _ _ _ _ _ _ _ _ _ _ _ _ _ _ \n\nself = <selenium.webdriver.support.wait.WebDriverWait (session=\"c11dd9652c1cd105c5acab86bd89b96a\")>\nmethod = <function element_to_be_clickable.<locals>._predicate at 0x7f2498c2e020>\nmessage = ''\n\n    def until(self, method, message: str = \"\"):\n        \"\"\"Calls the method provided with the driver as an argument until the \\\n        return value does not evaluate to ``False``.\n    \n        :param method: callable(WebDriver)\n        :param message: optional message for :exc:`TimeoutException`\n        :returns: the result of the last call to `method`\n        :raises: :exc:`selenium.common.exceptions.TimeoutException` if timeout occurs\n        \"\"\"\n        screen = None\n        stacktrace = None\n    \n        end_time = time.monotonic() + self._timeout\n        while True:\n            try:\n                value = method(self._driver)\n                if value:\n                    return value\n            except self._ignored_exceptions as exc:\n                screen = getattr(exc, \"screen\", None)\n                stacktrace = getattr(exc, \"stacktrace\", None)\n            time.sleep(self._poll)\n            if time.monotonic() > end_time:\n                break\n>       raise TimeoutException(message, screen, stacktrace)\nE       selenium.common.exceptions.TimeoutException: Message: \nE       Stacktrace:\nE       #0 0x5581880f9f33 <unknown>\nE       #1 0x558187df1ce6 <unknown>\nE       #2 0x558187e3ce48 <unknown>\nE       #3 0x558187e3cf01 <unknown>\nE       #4 0x558187e803f4 <unknown>\nE       #5 0x558187e5eedd <unknown>\nE       #6 0x558187e7d899 <unknown>\nE       #7 0x558187e5ec53 <unknown>\nE       #8 0x558187e2fdb3 <unknown>\nE       #9 0x558187e3077e <unknown>\nE       #10 0x5581880bf86b <unknown>\nE       #11 0x5581880c3885 <unknown>\nE       #12 0x5581880ad181 <unknown>\nE       #13 0x5581880c4412 <unknown>\nE       #14 0x55818809125f <unknown>\nE       #15 0x5581880e8528 <unknown>\nE       #16 0x5581880e8723 <unknown>\nE       #17 0x5581880f90e4 <unknown>\nE       #18 0x7f8703694ac3 <unknown>\n\n.venv/lib/python3.11/site-packages/selenium/webdriver/support/wait.py:95: TimeoutException","steps":[{"name":"Click Login link","time":{"start":1711069390599,"stop":1711069400793,"duration":10194},"status":"broken","statusMessage":"selenium.common.exceptions.TimeoutException: Message: \nStacktrace:\n#0 0x5581880f9f33 <unknown>\n#1 0x558187df1ce6 <unknown>\n#2 0x558187e3ce48 <unknown>\n#3 0x558187e3cf01 <unknown>\n#4 0x558187e803f4 <unknown>\n#5 0x558187e5eedd <unknown>\n#6 0x558187e7d899 <unknown>\n#7 0x558187e5ec53 <unknown>\n#8 0x558187e2fdb3 <unknown>\n#9 0x558187e3077e <unknown>\n#10 0x5581880bf86b <unknown>\n#11 0x5581880c3885 <unknown>\n#12 0x5581880ad181 <unknown>\n#13 0x5581880c4412 <unknown>\n#14 0x55818809125f <unknown>\n#15 0x5581880e8528 <unknown>\n#16 0x5581880e8723 <unknown>\n#17 0x5581880f90e4 <unknown>\n#18 0x7f8703694ac3 <unknown>\n\n","statusTrace":"  File \"/home/runner/work/kisangateway-test/kisangateway-test/.venv/lib/python3.11/site-packages/allure_commons/_allure.py\", line 192, in impl\n    return func(*a, **kw)\n           ^^^^^^^^^^^^^^\n  File \"/home/runner/work/kisangateway-test/kisangateway-test/pages/about_page.py\", line 20, in click_login_link\n    self.click(self.LOGIN_LINK)\n  File \"/home/runner/work/kisangateway-test/kisangateway-test/pages/base_page.py\", line 38, in click\n    el: WebElement = self.wait.until(\n                     ^^^^^^^^^^^^^^^^\n  File \"/home/runner/work/kisangateway-test/kisangateway-test/.venv/lib/python3.11/site-packages/selenium/webdriver/support/wait.py\", line 95, in until\n    raise TimeoutException(message, screen, stacktrace)\n","steps":[],"attachments":[],"parameters":[],"shouldDisplayMessage":true,"stepsCount":0,"attachmentsCount":0,"hasContent":true,"attachmentStep":false}],"attachments":[{"uid":"616466691fc13a8","name":"public ip address","source":"616466691fc13a8.txt","type":"text/plain","size":12},{"uid":"2c34e6cbc44f125f","name":"Cookies","source":"2c34e6cbc44f125f.json","type":"application/json","size":526},{"uid":"7fa90fb6b5cdbd78","name":"Session Storage","source":"7fa90fb6b5cdbd78.json","type":"application/json","size":2},{"uid":"1d34fa2c41bf9f89","name":"Local Storage","source":"1d34fa2c41bf9f89.json","type":"application/json","size":77},{"uid":"8009fc7396652df6","name":"Console Logs","source":"8009fc7396652df6.json","type":"application/json","size":310},{"uid":"afc5e83cda5d72fa","name":"Full Page Screenshot","source":"afc5e83cda5d72fa.png","type":"image/png","size":2477717},{"uid":"44463b6075ea3f6b","name":"URL","source":"44463b6075ea3f6b.uri","type":"text/uri-list","size":25},{"uid":"fb05b9ec3c5ff0f7","name":"Network Logs","source":"fb05b9ec3c5ff0f7.json","type":"application/json","size":1315166}],"parameters":[],"shouldDisplayMessage":true,"stepsCount":1,"attachmentsCount":8,"hasContent":true,"attachmentStep":false},"afterStages":[],"labels":[{"name":"parentSuite","value":"Custom parent suite"},{"name":"subSuite","value":"Custom sub suite"},{"name":"severity","value":"critical"},{"name":"epic","value":"Security"},{"name":"story","value":"Forgot Password Feature's Functionality"},{"name":"suite","value":"Custom suite"},{"name":"tag","value":"security"},{"name":"host","value":"fv-az1251-907"},{"name":"thread","value":"2207-MainThread"},{"name":"framework","value":"pytest"},{"name":"language","value":"cpython3"},{"name":"package","value":"tests.test_forgot_password"},{"name":"resultFormat","value":"allure2"}],"parameters":[],"links":[],"hidden":false,"retry":false,"extra":{"severity":"critical","retries":[],"categories":[{"name":"Test defects","matchedStatuses":[],"flaky":false}],"tags":["security"]},"source":"4625000b1e1f5665.json","parameterValues":[]}