{"uid":"48da910a72071587","name":"Add project to workspace test","fullName":"tests.test_workspaces.TestWorkspaces#test_add_project_to_workspace","historyId":"fc6ee288c49142976b6c23b6071583ec","time":{"start":1711069313603,"stop":1711069313603,"duration":0},"description":"Selecting and adding a project to workspace","descriptionHtml":"<p>Selecting and adding a project to workspace</p>\n","status":"broken","statusMessage":"selenium.common.exceptions.TimeoutException: Message: \nStacktrace:\n#0 0x558795674f33 <unknown>\n#1 0x55879536cce6 <unknown>\n#2 0x5587953b7e48 <unknown>\n#3 0x5587953b7f01 <unknown>\n#4 0x5587953fb3f4 <unknown>\n#5 0x5587953d9edd <unknown>\n#6 0x5587953f8899 <unknown>\n#7 0x5587953d9c53 <unknown>\n#8 0x5587953aadb3 <unknown>\n#9 0x5587953ab77e <unknown>\n#10 0x55879563a86b <unknown>\n#11 0x55879563e885 <unknown>\n#12 0x558795628181 <unknown>\n#13 0x55879563f412 <unknown>\n#14 0x55879560c25f <unknown>\n#15 0x558795663528 <unknown>\n#16 0x558795663723 <unknown>\n#17 0x5587956740e4 <unknown>\n#18 0x7fb857e94ac3 <unknown>","statusTrace":"self = <tests.test_workspaces.TestWorkspaces object at 0x7f249912ab90>\nsecret_data = {'email': '', 'password': ''}\n\n    @pytest.fixture(autouse=True)\n    def setup_method_fixture(self, secret_data: dict):\n>       login(secret_data, self.about_page, self.login_page)\n\ntests/test_workspaces.py:23: \n_ _ _ _ _ _ _ _ _ _ _ _ _ _ _ _ _ _ _ _ _ _ _ _ _ _ _ _ _ _ _ _ _ _ _ _ _ _ _ _ \ntests/test_workspaces.py:13: in login\n    about_page.click_login_link()\npages/about_page.py:20: in click_login_link\n    self.click(self.LOGIN_LINK)\npages/base_page.py:38: in click\n    el: WebElement = self.wait.until(\n_ _ _ _ _ _ _ _ _ _ _ _ _ _ _ _ _ _ _ _ _ _ _ _ _ _ _ _ _ _ _ _ _ _ _ _ _ _ _ _ \n\nself = <selenium.webdriver.support.wait.WebDriverWait (session=\"a7e17aa883f84330819f5ae7109ab7bf\")>\nmethod = <function element_to_be_clickable.<locals>._predicate at 0x7f2498cadda0>\nmessage = ''\n\n    def until(self, method, message: str = \"\"):\n        \"\"\"Calls the method provided with the driver as an argument until the \\\n        return value does not evaluate to ``False``.\n    \n        :param method: callable(WebDriver)\n        :param message: optional message for :exc:`TimeoutException`\n        :returns: the result of the last call to `method`\n        :raises: :exc:`selenium.common.exceptions.TimeoutException` if timeout occurs\n        \"\"\"\n        screen = None\n        stacktrace = None\n    \n        end_time = time.monotonic() + self._timeout\n        while True:\n            try:\n                value = method(self._driver)\n                if value:\n                    return value\n            except self._ignored_exceptions as exc:\n                screen = getattr(exc, \"screen\", None)\n                stacktrace = getattr(exc, \"stacktrace\", None)\n            time.sleep(self._poll)\n            if time.monotonic() > end_time:\n                break\n>       raise TimeoutException(message, screen, stacktrace)\nE       selenium.common.exceptions.TimeoutException: Message: \nE       Stacktrace:\nE       #0 0x558795674f33 <unknown>\nE       #1 0x55879536cce6 <unknown>\nE       #2 0x5587953b7e48 <unknown>\nE       #3 0x5587953b7f01 <unknown>\nE       #4 0x5587953fb3f4 <unknown>\nE       #5 0x5587953d9edd <unknown>\nE       #6 0x5587953f8899 <unknown>\nE       #7 0x5587953d9c53 <unknown>\nE       #8 0x5587953aadb3 <unknown>\nE       #9 0x5587953ab77e <unknown>\nE       #10 0x55879563a86b <unknown>\nE       #11 0x55879563e885 <unknown>\nE       #12 0x558795628181 <unknown>\nE       #13 0x55879563f412 <unknown>\nE       #14 0x55879560c25f <unknown>\nE       #15 0x558795663528 <unknown>\nE       #16 0x558795663723 <unknown>\nE       #17 0x5587956740e4 <unknown>\nE       #18 0x7fb857e94ac3 <unknown>\n\n.venv/lib/python3.11/site-packages/selenium/webdriver/support/wait.py:95: TimeoutException","flaky":false,"newFailed":false,"newBroken":false,"newPassed":false,"retriesCount":0,"retriesStatusChange":false,"beforeStages":[{"name":"base_url","time":{"start":1711069214492,"stop":1711069214492,"duration":0},"status":"passed","steps":[],"attachments":[],"parameters":[],"shouldDisplayMessage":false,"stepsCount":0,"attachmentsCount":0,"hasContent":false,"attachmentStep":false},{"name":"_verify_url","time":{"start":1711069214492,"stop":1711069214492,"duration":0},"status":"passed","steps":[],"attachments":[],"parameters":[],"shouldDisplayMessage":false,"stepsCount":0,"attachmentsCount":0,"hasContent":false,"attachmentStep":false},{"name":"secret_data","time":{"start":1711069214493,"stop":1711069214493,"duration":0},"status":"passed","steps":[],"attachments":[],"parameters":[],"shouldDisplayMessage":false,"stepsCount":0,"attachmentsCount":0,"hasContent":false,"attachmentStep":false},{"name":"json_data","time":{"start":1711069214493,"stop":1711069214493,"duration":0},"status":"passed","steps":[],"attachments":[],"parameters":[],"shouldDisplayMessage":false,"stepsCount":0,"attachmentsCount":0,"hasContent":false,"attachmentStep":false},{"name":"setup_method_fixture","time":{"start":1711069315582,"stop":1711069325766,"duration":10184},"status":"broken","statusMessage":"selenium.common.exceptions.TimeoutException: Message: \nStacktrace:\n#0 0x558795674f33 <unknown>\n#1 0x55879536cce6 <unknown>\n#2 0x5587953b7e48 <unknown>\n#3 0x5587953b7f01 <unknown>\n#4 0x5587953fb3f4 <unknown>\n#5 0x5587953d9edd <unknown>\n#6 0x5587953f8899 <unknown>\n#7 0x5587953d9c53 <unknown>\n#8 0x5587953aadb3 <unknown>\n#9 0x5587953ab77e <unknown>\n#10 0x55879563a86b <unknown>\n#11 0x55879563e885 <unknown>\n#12 0x558795628181 <unknown>\n#13 0x55879563f412 <unknown>\n#14 0x55879560c25f <unknown>\n#15 0x558795663528 <unknown>\n#16 0x558795663723 <unknown>\n#17 0x5587956740e4 <unknown>\n#18 0x7fb857e94ac3 <unknown>\n\n","statusTrace":"  File \"/home/runner/work/kisangateway-test/kisangateway-test/.venv/lib/python3.11/site-packages/pluggy/_callers.py\", line 80, in _multicall\n    res = hook_impl.function(*args)\n          ^^^^^^^^^^^^^^^^^^^^^^^^^\n  File \"/home/runner/work/kisangateway-test/kisangateway-test/.venv/lib/python3.11/site-packages/_pytest/fixtures.py\", line 1123, in pytest_fixture_setup\n    result = call_fixture_func(fixturefunc, request, kwargs)\n             ^^^^^^^^^^^^^^^^^^^^^^^^^^^^^^^^^^^^^^^^^^^^^^^\n  File \"/home/runner/work/kisangateway-test/kisangateway-test/.venv/lib/python3.11/site-packages/_pytest/fixtures.py\", line 902, in call_fixture_func\n    fixture_result = fixturefunc(**kwargs)\n                     ^^^^^^^^^^^^^^^^^^^^^\n  File \"/home/runner/work/kisangateway-test/kisangateway-test/tests/test_workspaces.py\", line 23, in setup_method_fixture\n    login(secret_data, self.about_page, self.login_page)\n  File \"/home/runner/work/kisangateway-test/kisangateway-test/tests/test_workspaces.py\", line 13, in login\n    about_page.click_login_link()\n  File \"/home/runner/work/kisangateway-test/kisangateway-test/.venv/lib/python3.11/site-packages/allure_commons/_allure.py\", line 192, in impl\n    return func(*a, **kw)\n           ^^^^^^^^^^^^^^\n  File \"/home/runner/work/kisangateway-test/kisangateway-test/pages/about_page.py\", line 20, in click_login_link\n    self.click(self.LOGIN_LINK)\n  File \"/home/runner/work/kisangateway-test/kisangateway-test/pages/base_page.py\", line 38, in click\n    el: WebElement = self.wait.until(\n                     ^^^^^^^^^^^^^^^^\n  File \"/home/runner/work/kisangateway-test/kisangateway-test/.venv/lib/python3.11/site-packages/selenium/webdriver/support/wait.py\", line 95, in until\n    raise TimeoutException(message, screen, stacktrace)\n","steps":[{"name":"Click Login link","time":{"start":1711069315582,"stop":1711069325765,"duration":10183},"status":"broken","statusMessage":"selenium.common.exceptions.TimeoutException: Message: \nStacktrace:\n#0 0x558795674f33 <unknown>\n#1 0x55879536cce6 <unknown>\n#2 0x5587953b7e48 <unknown>\n#3 0x5587953b7f01 <unknown>\n#4 0x5587953fb3f4 <unknown>\n#5 0x5587953d9edd <unknown>\n#6 0x5587953f8899 <unknown>\n#7 0x5587953d9c53 <unknown>\n#8 0x5587953aadb3 <unknown>\n#9 0x5587953ab77e <unknown>\n#10 0x55879563a86b <unknown>\n#11 0x55879563e885 <unknown>\n#12 0x558795628181 <unknown>\n#13 0x55879563f412 <unknown>\n#14 0x55879560c25f <unknown>\n#15 0x558795663528 <unknown>\n#16 0x558795663723 <unknown>\n#17 0x5587956740e4 <unknown>\n#18 0x7fb857e94ac3 <unknown>\n\n","statusTrace":"  File \"/home/runner/work/kisangateway-test/kisangateway-test/.venv/lib/python3.11/site-packages/allure_commons/_allure.py\", line 192, in impl\n    return func(*a, **kw)\n           ^^^^^^^^^^^^^^\n  File \"/home/runner/work/kisangateway-test/kisangateway-test/pages/about_page.py\", line 20, in click_login_link\n    self.click(self.LOGIN_LINK)\n  File \"/home/runner/work/kisangateway-test/kisangateway-test/pages/base_page.py\", line 38, in click\n    el: WebElement = self.wait.until(\n                     ^^^^^^^^^^^^^^^^\n  File \"/home/runner/work/kisangateway-test/kisangateway-test/.venv/lib/python3.11/site-packages/selenium/webdriver/support/wait.py\", line 95, in until\n    raise TimeoutException(message, screen, stacktrace)\n","steps":[],"attachments":[],"parameters":[],"shouldDisplayMessage":true,"stepsCount":0,"attachmentsCount":0,"hasContent":true,"attachmentStep":false}],"attachments":[],"parameters":[],"shouldDisplayMessage":false,"stepsCount":1,"attachmentsCount":0,"hasContent":true,"attachmentStep":false}],"testStage":{"description":"Selecting and adding a project to workspace","status":"broken","statusMessage":"selenium.common.exceptions.TimeoutException: Message: \nStacktrace:\n#0 0x558795674f33 <unknown>\n#1 0x55879536cce6 <unknown>\n#2 0x5587953b7e48 <unknown>\n#3 0x5587953b7f01 <unknown>\n#4 0x5587953fb3f4 <unknown>\n#5 0x5587953d9edd <unknown>\n#6 0x5587953f8899 <unknown>\n#7 0x5587953d9c53 <unknown>\n#8 0x5587953aadb3 <unknown>\n#9 0x5587953ab77e <unknown>\n#10 0x55879563a86b <unknown>\n#11 0x55879563e885 <unknown>\n#12 0x558795628181 <unknown>\n#13 0x55879563f412 <unknown>\n#14 0x55879560c25f <unknown>\n#15 0x558795663528 <unknown>\n#16 0x558795663723 <unknown>\n#17 0x5587956740e4 <unknown>\n#18 0x7fb857e94ac3 <unknown>","statusTrace":"self = <tests.test_workspaces.TestWorkspaces object at 0x7f249912ab90>\nsecret_data = {'email': '', 'password': ''}\n\n    @pytest.fixture(autouse=True)\n    def setup_method_fixture(self, secret_data: dict):\n>       login(secret_data, self.about_page, self.login_page)\n\ntests/test_workspaces.py:23: \n_ _ _ _ _ _ _ _ _ _ _ _ _ _ _ _ _ _ _ _ _ _ _ _ _ _ _ _ _ _ _ _ _ _ _ _ _ _ _ _ \ntests/test_workspaces.py:13: in login\n    about_page.click_login_link()\npages/about_page.py:20: in click_login_link\n    self.click(self.LOGIN_LINK)\npages/base_page.py:38: in click\n    el: WebElement = self.wait.until(\n_ _ _ _ _ _ _ _ _ _ _ _ _ _ _ _ _ _ _ _ _ _ _ _ _ _ _ _ _ _ _ _ _ _ _ _ _ _ _ _ \n\nself = <selenium.webdriver.support.wait.WebDriverWait (session=\"a7e17aa883f84330819f5ae7109ab7bf\")>\nmethod = <function element_to_be_clickable.<locals>._predicate at 0x7f2498cadda0>\nmessage = ''\n\n    def until(self, method, message: str = \"\"):\n        \"\"\"Calls the method provided with the driver as an argument until the \\\n        return value does not evaluate to ``False``.\n    \n        :param method: callable(WebDriver)\n        :param message: optional message for :exc:`TimeoutException`\n        :returns: the result of the last call to `method`\n        :raises: :exc:`selenium.common.exceptions.TimeoutException` if timeout occurs\n        \"\"\"\n        screen = None\n        stacktrace = None\n    \n        end_time = time.monotonic() + self._timeout\n        while True:\n            try:\n                value = method(self._driver)\n                if value:\n                    return value\n            except self._ignored_exceptions as exc:\n                screen = getattr(exc, \"screen\", None)\n                stacktrace = getattr(exc, \"stacktrace\", None)\n            time.sleep(self._poll)\n            if time.monotonic() > end_time:\n                break\n>       raise TimeoutException(message, screen, stacktrace)\nE       selenium.common.exceptions.TimeoutException: Message: \nE       Stacktrace:\nE       #0 0x558795674f33 <unknown>\nE       #1 0x55879536cce6 <unknown>\nE       #2 0x5587953b7e48 <unknown>\nE       #3 0x5587953b7f01 <unknown>\nE       #4 0x5587953fb3f4 <unknown>\nE       #5 0x5587953d9edd <unknown>\nE       #6 0x5587953f8899 <unknown>\nE       #7 0x5587953d9c53 <unknown>\nE       #8 0x5587953aadb3 <unknown>\nE       #9 0x5587953ab77e <unknown>\nE       #10 0x55879563a86b <unknown>\nE       #11 0x55879563e885 <unknown>\nE       #12 0x558795628181 <unknown>\nE       #13 0x55879563f412 <unknown>\nE       #14 0x55879560c25f <unknown>\nE       #15 0x558795663528 <unknown>\nE       #16 0x558795663723 <unknown>\nE       #17 0x5587956740e4 <unknown>\nE       #18 0x7fb857e94ac3 <unknown>\n\n.venv/lib/python3.11/site-packages/selenium/webdriver/support/wait.py:95: TimeoutException","steps":[],"attachments":[{"uid":"c2383bf3e0f6f12c","name":"public ip address","source":"c2383bf3e0f6f12c.txt","type":"text/plain","size":12},{"uid":"7b826583f6a5992e","name":"Cookies","source":"7b826583f6a5992e.json","type":"application/json","size":526},{"uid":"3843c20bf61344a9","name":"Session Storage","source":"3843c20bf61344a9.json","type":"application/json","size":2},{"uid":"80a111f099261039","name":"Local Storage","source":"80a111f099261039.json","type":"application/json","size":77},{"uid":"c0f4bdfa7b6f44c0","name":"Console Logs","source":"c0f4bdfa7b6f44c0.json","type":"application/json","size":310},{"uid":"6c4f74fb2270c259","name":"Full Page Screenshot","source":"6c4f74fb2270c259.png","type":"image/png","size":2477717},{"uid":"660d6d798b00528d","name":"URL","source":"660d6d798b00528d.uri","type":"text/uri-list","size":25},{"uid":"bc63f9f7ce2aa084","name":"Network Logs","source":"bc63f9f7ce2aa084.json","type":"application/json","size":1315155}],"parameters":[],"shouldDisplayMessage":true,"stepsCount":0,"attachmentsCount":8,"hasContent":true,"attachmentStep":false},"afterStages":[],"labels":[{"name":"severity","value":"normal"},{"name":"epic","value":"Workspaces"},{"name":"story","value":"WorkSpaces Creation and Editing Functionality"},{"name":"tag","value":"run(order=5)"},{"name":"parentSuite","value":"tests"},{"name":"suite","value":"test_workspaces"},{"name":"subSuite","value":"TestWorkspaces"},{"name":"host","value":"fv-az1251-907"},{"name":"thread","value":"2207-MainThread"},{"name":"framework","value":"pytest"},{"name":"language","value":"cpython3"},{"name":"package","value":"tests.test_workspaces"},{"name":"resultFormat","value":"allure2"}],"parameters":[],"links":[],"hidden":false,"retry":false,"extra":{"severity":"normal","retries":[],"categories":[{"name":"Test defects","matchedStatuses":[],"flaky":false}],"tags":["run(order=5)"]},"source":"48da910a72071587.json","parameterValues":[]}