{"uid":"52c696e43646e7f0","name":"Delete existing project","fullName":"tests.test_workspaces.TestWorkspaces#test_delete_project","historyId":"ec4959b9902b11e4378ec1736393f0f6","time":{"start":1711069364453,"stop":1711069364453,"duration":0},"description":"Deleting an existing project from workspace","descriptionHtml":"<p>Deleting an existing project from workspace</p>\n","status":"broken","statusMessage":"selenium.common.exceptions.TimeoutException: Message: \nStacktrace:\n#0 0x55d981c38f33 <unknown>\n#1 0x55d981930ce6 <unknown>\n#2 0x55d98197be48 <unknown>\n#3 0x55d98197bf01 <unknown>\n#4 0x55d9819bf3f4 <unknown>\n#5 0x55d98199dedd <unknown>\n#6 0x55d9819bc899 <unknown>\n#7 0x55d98199dc53 <unknown>\n#8 0x55d98196edb3 <unknown>\n#9 0x55d98196f77e <unknown>\n#10 0x55d981bfe86b <unknown>\n#11 0x55d981c02885 <unknown>\n#12 0x55d981bec181 <unknown>\n#13 0x55d981c03412 <unknown>\n#14 0x55d981bd025f <unknown>\n#15 0x55d981c27528 <unknown>\n#16 0x55d981c27723 <unknown>\n#17 0x55d981c380e4 <unknown>\n#18 0x7fd50ba94ac3 <unknown>","statusTrace":"self = <tests.test_workspaces.TestWorkspaces object at 0x7f2499320cd0>\nsecret_data = {'email': '', 'password': ''}\n\n    @pytest.fixture(autouse=True)\n    def setup_method_fixture(self, secret_data: dict):\n>       login(secret_data, self.about_page, self.login_page)\n\ntests/test_workspaces.py:23: \n_ _ _ _ _ _ _ _ _ _ _ _ _ _ _ _ _ _ _ _ _ _ _ _ _ _ _ _ _ _ _ _ _ _ _ _ _ _ _ _ \ntests/test_workspaces.py:13: in login\n    about_page.click_login_link()\npages/about_page.py:20: in click_login_link\n    self.click(self.LOGIN_LINK)\npages/base_page.py:38: in click\n    el: WebElement = self.wait.until(\n_ _ _ _ _ _ _ _ _ _ _ _ _ _ _ _ _ _ _ _ _ _ _ _ _ _ _ _ _ _ _ _ _ _ _ _ _ _ _ _ \n\nself = <selenium.webdriver.support.wait.WebDriverWait (session=\"e5d6fe8c24b8cc7701508657c6d46403\")>\nmethod = <function element_to_be_clickable.<locals>._predicate at 0x7f2498caf100>\nmessage = ''\n\n    def until(self, method, message: str = \"\"):\n        \"\"\"Calls the method provided with the driver as an argument until the \\\n        return value does not evaluate to ``False``.\n    \n        :param method: callable(WebDriver)\n        :param message: optional message for :exc:`TimeoutException`\n        :returns: the result of the last call to `method`\n        :raises: :exc:`selenium.common.exceptions.TimeoutException` if timeout occurs\n        \"\"\"\n        screen = None\n        stacktrace = None\n    \n        end_time = time.monotonic() + self._timeout\n        while True:\n            try:\n                value = method(self._driver)\n                if value:\n                    return value\n            except self._ignored_exceptions as exc:\n                screen = getattr(exc, \"screen\", None)\n                stacktrace = getattr(exc, \"stacktrace\", None)\n            time.sleep(self._poll)\n            if time.monotonic() > end_time:\n                break\n>       raise TimeoutException(message, screen, stacktrace)\nE       selenium.common.exceptions.TimeoutException: Message: \nE       Stacktrace:\nE       #0 0x55d981c38f33 <unknown>\nE       #1 0x55d981930ce6 <unknown>\nE       #2 0x55d98197be48 <unknown>\nE       #3 0x55d98197bf01 <unknown>\nE       #4 0x55d9819bf3f4 <unknown>\nE       #5 0x55d98199dedd <unknown>\nE       #6 0x55d9819bc899 <unknown>\nE       #7 0x55d98199dc53 <unknown>\nE       #8 0x55d98196edb3 <unknown>\nE       #9 0x55d98196f77e <unknown>\nE       #10 0x55d981bfe86b <unknown>\nE       #11 0x55d981c02885 <unknown>\nE       #12 0x55d981bec181 <unknown>\nE       #13 0x55d981c03412 <unknown>\nE       #14 0x55d981bd025f <unknown>\nE       #15 0x55d981c27528 <unknown>\nE       #16 0x55d981c27723 <unknown>\nE       #17 0x55d981c380e4 <unknown>\nE       #18 0x7fd50ba94ac3 <unknown>\n\n.venv/lib/python3.11/site-packages/selenium/webdriver/support/wait.py:95: TimeoutException","flaky":false,"newFailed":false,"newBroken":false,"newPassed":false,"retriesCount":0,"retriesStatusChange":false,"beforeStages":[{"name":"base_url","time":{"start":1711069214492,"stop":1711069214492,"duration":0},"status":"passed","steps":[],"attachments":[],"parameters":[],"shouldDisplayMessage":false,"stepsCount":0,"attachmentsCount":0,"hasContent":false,"attachmentStep":false},{"name":"_verify_url","time":{"start":1711069214492,"stop":1711069214492,"duration":0},"status":"passed","steps":[],"attachments":[],"parameters":[],"shouldDisplayMessage":false,"stepsCount":0,"attachmentsCount":0,"hasContent":false,"attachmentStep":false},{"name":"secret_data","time":{"start":1711069214493,"stop":1711069214493,"duration":0},"status":"passed","steps":[],"attachments":[],"parameters":[],"shouldDisplayMessage":false,"stepsCount":0,"attachmentsCount":0,"hasContent":false,"attachmentStep":false},{"name":"json_data","time":{"start":1711069214493,"stop":1711069214493,"duration":0},"status":"passed","steps":[],"attachments":[],"parameters":[],"shouldDisplayMessage":false,"stepsCount":0,"attachmentsCount":0,"hasContent":false,"attachmentStep":false},{"name":"setup_method_fixture","time":{"start":1711069365654,"stop":1711069375859,"duration":10205},"status":"broken","statusMessage":"selenium.common.exceptions.TimeoutException: Message: \nStacktrace:\n#0 0x55d981c38f33 <unknown>\n#1 0x55d981930ce6 <unknown>\n#2 0x55d98197be48 <unknown>\n#3 0x55d98197bf01 <unknown>\n#4 0x55d9819bf3f4 <unknown>\n#5 0x55d98199dedd <unknown>\n#6 0x55d9819bc899 <unknown>\n#7 0x55d98199dc53 <unknown>\n#8 0x55d98196edb3 <unknown>\n#9 0x55d98196f77e <unknown>\n#10 0x55d981bfe86b <unknown>\n#11 0x55d981c02885 <unknown>\n#12 0x55d981bec181 <unknown>\n#13 0x55d981c03412 <unknown>\n#14 0x55d981bd025f <unknown>\n#15 0x55d981c27528 <unknown>\n#16 0x55d981c27723 <unknown>\n#17 0x55d981c380e4 <unknown>\n#18 0x7fd50ba94ac3 <unknown>\n\n","statusTrace":"  File \"/home/runner/work/kisangateway-test/kisangateway-test/.venv/lib/python3.11/site-packages/pluggy/_callers.py\", line 80, in _multicall\n    res = hook_impl.function(*args)\n          ^^^^^^^^^^^^^^^^^^^^^^^^^\n  File \"/home/runner/work/kisangateway-test/kisangateway-test/.venv/lib/python3.11/site-packages/_pytest/fixtures.py\", line 1123, in pytest_fixture_setup\n    result = call_fixture_func(fixturefunc, request, kwargs)\n             ^^^^^^^^^^^^^^^^^^^^^^^^^^^^^^^^^^^^^^^^^^^^^^^\n  File \"/home/runner/work/kisangateway-test/kisangateway-test/.venv/lib/python3.11/site-packages/_pytest/fixtures.py\", line 902, in call_fixture_func\n    fixture_result = fixturefunc(**kwargs)\n                     ^^^^^^^^^^^^^^^^^^^^^\n  File \"/home/runner/work/kisangateway-test/kisangateway-test/tests/test_workspaces.py\", line 23, in setup_method_fixture\n    login(secret_data, self.about_page, self.login_page)\n  File \"/home/runner/work/kisangateway-test/kisangateway-test/tests/test_workspaces.py\", line 13, in login\n    about_page.click_login_link()\n  File \"/home/runner/work/kisangateway-test/kisangateway-test/.venv/lib/python3.11/site-packages/allure_commons/_allure.py\", line 192, in impl\n    return func(*a, **kw)\n           ^^^^^^^^^^^^^^\n  File \"/home/runner/work/kisangateway-test/kisangateway-test/pages/about_page.py\", line 20, in click_login_link\n    self.click(self.LOGIN_LINK)\n  File \"/home/runner/work/kisangateway-test/kisangateway-test/pages/base_page.py\", line 38, in click\n    el: WebElement = self.wait.until(\n                     ^^^^^^^^^^^^^^^^\n  File \"/home/runner/work/kisangateway-test/kisangateway-test/.venv/lib/python3.11/site-packages/selenium/webdriver/support/wait.py\", line 95, in until\n    raise TimeoutException(message, screen, stacktrace)\n","steps":[{"name":"Click Login link","time":{"start":1711069365654,"stop":1711069375859,"duration":10205},"status":"broken","statusMessage":"selenium.common.exceptions.TimeoutException: Message: \nStacktrace:\n#0 0x55d981c38f33 <unknown>\n#1 0x55d981930ce6 <unknown>\n#2 0x55d98197be48 <unknown>\n#3 0x55d98197bf01 <unknown>\n#4 0x55d9819bf3f4 <unknown>\n#5 0x55d98199dedd <unknown>\n#6 0x55d9819bc899 <unknown>\n#7 0x55d98199dc53 <unknown>\n#8 0x55d98196edb3 <unknown>\n#9 0x55d98196f77e <unknown>\n#10 0x55d981bfe86b <unknown>\n#11 0x55d981c02885 <unknown>\n#12 0x55d981bec181 <unknown>\n#13 0x55d981c03412 <unknown>\n#14 0x55d981bd025f <unknown>\n#15 0x55d981c27528 <unknown>\n#16 0x55d981c27723 <unknown>\n#17 0x55d981c380e4 <unknown>\n#18 0x7fd50ba94ac3 <unknown>\n\n","statusTrace":"  File \"/home/runner/work/kisangateway-test/kisangateway-test/.venv/lib/python3.11/site-packages/allure_commons/_allure.py\", line 192, in impl\n    return func(*a, **kw)\n           ^^^^^^^^^^^^^^\n  File \"/home/runner/work/kisangateway-test/kisangateway-test/pages/about_page.py\", line 20, in click_login_link\n    self.click(self.LOGIN_LINK)\n  File \"/home/runner/work/kisangateway-test/kisangateway-test/pages/base_page.py\", line 38, in click\n    el: WebElement = self.wait.until(\n                     ^^^^^^^^^^^^^^^^\n  File \"/home/runner/work/kisangateway-test/kisangateway-test/.venv/lib/python3.11/site-packages/selenium/webdriver/support/wait.py\", line 95, in until\n    raise TimeoutException(message, screen, stacktrace)\n","steps":[],"attachments":[],"parameters":[],"shouldDisplayMessage":true,"stepsCount":0,"attachmentsCount":0,"hasContent":true,"attachmentStep":false}],"attachments":[],"parameters":[],"shouldDisplayMessage":false,"stepsCount":1,"attachmentsCount":0,"hasContent":true,"attachmentStep":false}],"testStage":{"description":"Deleting an existing project from workspace","status":"broken","statusMessage":"selenium.common.exceptions.TimeoutException: Message: \nStacktrace:\n#0 0x55d981c38f33 <unknown>\n#1 0x55d981930ce6 <unknown>\n#2 0x55d98197be48 <unknown>\n#3 0x55d98197bf01 <unknown>\n#4 0x55d9819bf3f4 <unknown>\n#5 0x55d98199dedd <unknown>\n#6 0x55d9819bc899 <unknown>\n#7 0x55d98199dc53 <unknown>\n#8 0x55d98196edb3 <unknown>\n#9 0x55d98196f77e <unknown>\n#10 0x55d981bfe86b <unknown>\n#11 0x55d981c02885 <unknown>\n#12 0x55d981bec181 <unknown>\n#13 0x55d981c03412 <unknown>\n#14 0x55d981bd025f <unknown>\n#15 0x55d981c27528 <unknown>\n#16 0x55d981c27723 <unknown>\n#17 0x55d981c380e4 <unknown>\n#18 0x7fd50ba94ac3 <unknown>","statusTrace":"self = <tests.test_workspaces.TestWorkspaces object at 0x7f2499320cd0>\nsecret_data = {'email': '', 'password': ''}\n\n    @pytest.fixture(autouse=True)\n    def setup_method_fixture(self, secret_data: dict):\n>       login(secret_data, self.about_page, self.login_page)\n\ntests/test_workspaces.py:23: \n_ _ _ _ _ _ _ _ _ _ _ _ _ _ _ _ _ _ _ _ _ _ _ _ _ _ _ _ _ _ _ _ _ _ _ _ _ _ _ _ \ntests/test_workspaces.py:13: in login\n    about_page.click_login_link()\npages/about_page.py:20: in click_login_link\n    self.click(self.LOGIN_LINK)\npages/base_page.py:38: in click\n    el: WebElement = self.wait.until(\n_ _ _ _ _ _ _ _ _ _ _ _ _ _ _ _ _ _ _ _ _ _ _ _ _ _ _ _ _ _ _ _ _ _ _ _ _ _ _ _ \n\nself = <selenium.webdriver.support.wait.WebDriverWait (session=\"e5d6fe8c24b8cc7701508657c6d46403\")>\nmethod = <function element_to_be_clickable.<locals>._predicate at 0x7f2498caf100>\nmessage = ''\n\n    def until(self, method, message: str = \"\"):\n        \"\"\"Calls the method provided with the driver as an argument until the \\\n        return value does not evaluate to ``False``.\n    \n        :param method: callable(WebDriver)\n        :param message: optional message for :exc:`TimeoutException`\n        :returns: the result of the last call to `method`\n        :raises: :exc:`selenium.common.exceptions.TimeoutException` if timeout occurs\n        \"\"\"\n        screen = None\n        stacktrace = None\n    \n        end_time = time.monotonic() + self._timeout\n        while True:\n            try:\n                value = method(self._driver)\n                if value:\n                    return value\n            except self._ignored_exceptions as exc:\n                screen = getattr(exc, \"screen\", None)\n                stacktrace = getattr(exc, \"stacktrace\", None)\n            time.sleep(self._poll)\n            if time.monotonic() > end_time:\n                break\n>       raise TimeoutException(message, screen, stacktrace)\nE       selenium.common.exceptions.TimeoutException: Message: \nE       Stacktrace:\nE       #0 0x55d981c38f33 <unknown>\nE       #1 0x55d981930ce6 <unknown>\nE       #2 0x55d98197be48 <unknown>\nE       #3 0x55d98197bf01 <unknown>\nE       #4 0x55d9819bf3f4 <unknown>\nE       #5 0x55d98199dedd <unknown>\nE       #6 0x55d9819bc899 <unknown>\nE       #7 0x55d98199dc53 <unknown>\nE       #8 0x55d98196edb3 <unknown>\nE       #9 0x55d98196f77e <unknown>\nE       #10 0x55d981bfe86b <unknown>\nE       #11 0x55d981c02885 <unknown>\nE       #12 0x55d981bec181 <unknown>\nE       #13 0x55d981c03412 <unknown>\nE       #14 0x55d981bd025f <unknown>\nE       #15 0x55d981c27528 <unknown>\nE       #16 0x55d981c27723 <unknown>\nE       #17 0x55d981c380e4 <unknown>\nE       #18 0x7fd50ba94ac3 <unknown>\n\n.venv/lib/python3.11/site-packages/selenium/webdriver/support/wait.py:95: TimeoutException","steps":[],"attachments":[{"uid":"6ad54030a76b4b80","name":"public ip address","source":"6ad54030a76b4b80.txt","type":"text/plain","size":12},{"uid":"802251f8aaee3eb9","name":"Cookies","source":"802251f8aaee3eb9.json","type":"application/json","size":526},{"uid":"71f3dcda84da758a","name":"Session Storage","source":"71f3dcda84da758a.json","type":"application/json","size":2},{"uid":"8c733567062f4ca1","name":"Local Storage","source":"8c733567062f4ca1.json","type":"application/json","size":77},{"uid":"198cad8e8f4e9c5b","name":"Console Logs","source":"198cad8e8f4e9c5b.json","type":"application/json","size":310},{"uid":"3a630b670f5aeaa9","name":"Full Page Screenshot","source":"3a630b670f5aeaa9.png","type":"image/png","size":2477717},{"uid":"3e95ba37ac83984d","name":"URL","source":"3e95ba37ac83984d.uri","type":"text/uri-list","size":25},{"uid":"2d894bf75b528e03","name":"Network Logs","source":"2d894bf75b528e03.json","type":"application/json","size":1315158}],"parameters":[],"shouldDisplayMessage":true,"stepsCount":0,"attachmentsCount":8,"hasContent":true,"attachmentStep":false},"afterStages":[],"labels":[{"name":"severity","value":"normal"},{"name":"epic","value":"Workspaces"},{"name":"story","value":"WorkSpaces Creation and Editing Functionality"},{"name":"tag","value":"run(order=9)"},{"name":"parentSuite","value":"tests"},{"name":"suite","value":"test_workspaces"},{"name":"subSuite","value":"TestWorkspaces"},{"name":"host","value":"fv-az1251-907"},{"name":"thread","value":"2207-MainThread"},{"name":"framework","value":"pytest"},{"name":"language","value":"cpython3"},{"name":"package","value":"tests.test_workspaces"},{"name":"resultFormat","value":"allure2"}],"parameters":[],"links":[],"hidden":false,"retry":false,"extra":{"severity":"normal","retries":[],"categories":[{"name":"Test defects","matchedStatuses":[],"flaky":false}],"tags":["run(order=9)"]},"source":"52c696e43646e7f0.json","parameterValues":[]}