{"uid":"ff622bee1e042e2c","name":"Login with valid credentials test","fullName":"tests.test_login.TestLogin#test_valid_login","historyId":"e7f254b9bfd5f2bc8d4a1ffa6dc7aebb","time":{"start":1711069214493,"stop":1711069224696,"duration":10203},"description":"valid login","descriptionHtml":"<p>valid login</p>\n","status":"broken","statusMessage":"selenium.common.exceptions.TimeoutException: Message: \nStacktrace:\n#0 0x56445cb8ff33 <unknown>\n#1 0x56445c887ce6 <unknown>\n#2 0x56445c8d2e48 <unknown>\n#3 0x56445c8d2f01 <unknown>\n#4 0x56445c9163f4 <unknown>\n#5 0x56445c8f4edd <unknown>\n#6 0x56445c913899 <unknown>\n#7 0x56445c8f4c53 <unknown>\n#8 0x56445c8c5db3 <unknown>\n#9 0x56445c8c677e <unknown>\n#10 0x56445cb5586b <unknown>\n#11 0x56445cb59885 <unknown>\n#12 0x56445cb43181 <unknown>\n#13 0x56445cb5a412 <unknown>\n#14 0x56445cb2725f <unknown>\n#15 0x56445cb7e528 <unknown>\n#16 0x56445cb7e723 <unknown>\n#17 0x56445cb8f0e4 <unknown>\n#18 0x7fabcf494ac3 <unknown>","statusTrace":"self = <tests.test_login.TestLogin object at 0x7f249903e190>\nsecret_data = {'email': '', 'password': ''}\njson_data = {'forgot_password': {'error_message': \"We can't find a user with that e-mail address.\", 'success_message': 'A reset li...you page', 'name': 'test', 'new_name': 'another test', 'no_project_found_msg': 'No project matches the criteria', ...}}\n\n    @allure.description(\"valid login\")\n    @allure.title(\"Login with valid credentials test\")\n    @allure.tag(\"Tagged test\")\n    @pytest.mark.run(order=1)\n    def test_valid_login(self, secret_data: dict, json_data: dict):\n>       self.about_page.click_login_link()\n\ntests/test_login.py:39: \n_ _ _ _ _ _ _ _ _ _ _ _ _ _ _ _ _ _ _ _ _ _ _ _ _ _ _ _ _ _ _ _ _ _ _ _ _ _ _ _ \npages/about_page.py:20: in click_login_link\n    self.click(self.LOGIN_LINK)\npages/base_page.py:38: in click\n    el: WebElement = self.wait.until(\n_ _ _ _ _ _ _ _ _ _ _ _ _ _ _ _ _ _ _ _ _ _ _ _ _ _ _ _ _ _ _ _ _ _ _ _ _ _ _ _ \n\nself = <selenium.webdriver.support.wait.WebDriverWait (session=\"708a8d9fec8ca9a11fe6bce7bea863af\")>\nmethod = <function element_to_be_clickable.<locals>._predicate at 0x7f2498fd4900>\nmessage = ''\n\n    def until(self, method, message: str = \"\"):\n        \"\"\"Calls the method provided with the driver as an argument until the \\\n        return value does not evaluate to ``False``.\n    \n        :param method: callable(WebDriver)\n        :param message: optional message for :exc:`TimeoutException`\n        :returns: the result of the last call to `method`\n        :raises: :exc:`selenium.common.exceptions.TimeoutException` if timeout occurs\n        \"\"\"\n        screen = None\n        stacktrace = None\n    \n        end_time = time.monotonic() + self._timeout\n        while True:\n            try:\n                value = method(self._driver)\n                if value:\n                    return value\n            except self._ignored_exceptions as exc:\n                screen = getattr(exc, \"screen\", None)\n                stacktrace = getattr(exc, \"stacktrace\", None)\n            time.sleep(self._poll)\n            if time.monotonic() > end_time:\n                break\n>       raise TimeoutException(message, screen, stacktrace)\nE       selenium.common.exceptions.TimeoutException: Message: \nE       Stacktrace:\nE       #0 0x56445cb8ff33 <unknown>\nE       #1 0x56445c887ce6 <unknown>\nE       #2 0x56445c8d2e48 <unknown>\nE       #3 0x56445c8d2f01 <unknown>\nE       #4 0x56445c9163f4 <unknown>\nE       #5 0x56445c8f4edd <unknown>\nE       #6 0x56445c913899 <unknown>\nE       #7 0x56445c8f4c53 <unknown>\nE       #8 0x56445c8c5db3 <unknown>\nE       #9 0x56445c8c677e <unknown>\nE       #10 0x56445cb5586b <unknown>\nE       #11 0x56445cb59885 <unknown>\nE       #12 0x56445cb43181 <unknown>\nE       #13 0x56445cb5a412 <unknown>\nE       #14 0x56445cb2725f <unknown>\nE       #15 0x56445cb7e528 <unknown>\nE       #16 0x56445cb7e723 <unknown>\nE       #17 0x56445cb8f0e4 <unknown>\nE       #18 0x7fabcf494ac3 <unknown>\n\n.venv/lib/python3.11/site-packages/selenium/webdriver/support/wait.py:95: TimeoutException","flaky":false,"newFailed":false,"newBroken":false,"newPassed":false,"retriesCount":0,"retriesStatusChange":false,"beforeStages":[{"name":"base_url","time":{"start":1711069214492,"stop":1711069214492,"duration":0},"status":"passed","steps":[],"attachments":[],"parameters":[],"shouldDisplayMessage":false,"stepsCount":0,"attachmentsCount":0,"hasContent":false,"attachmentStep":false},{"name":"_verify_url","time":{"start":1711069214492,"stop":1711069214492,"duration":0},"status":"passed","steps":[],"attachments":[],"parameters":[],"shouldDisplayMessage":false,"stepsCount":0,"attachmentsCount":0,"hasContent":false,"attachmentStep":false},{"name":"secret_data","time":{"start":1711069214493,"stop":1711069214493,"duration":0},"status":"passed","steps":[],"attachments":[],"parameters":[],"shouldDisplayMessage":false,"stepsCount":0,"attachmentsCount":0,"hasContent":false,"attachmentStep":false},{"name":"json_data","time":{"start":1711069214493,"stop":1711069214493,"duration":0},"status":"passed","steps":[],"attachments":[],"parameters":[],"shouldDisplayMessage":false,"stepsCount":0,"attachmentsCount":0,"hasContent":false,"attachmentStep":false}],"testStage":{"description":"valid login","status":"broken","statusMessage":"selenium.common.exceptions.TimeoutException: Message: \nStacktrace:\n#0 0x56445cb8ff33 <unknown>\n#1 0x56445c887ce6 <unknown>\n#2 0x56445c8d2e48 <unknown>\n#3 0x56445c8d2f01 <unknown>\n#4 0x56445c9163f4 <unknown>\n#5 0x56445c8f4edd <unknown>\n#6 0x56445c913899 <unknown>\n#7 0x56445c8f4c53 <unknown>\n#8 0x56445c8c5db3 <unknown>\n#9 0x56445c8c677e <unknown>\n#10 0x56445cb5586b <unknown>\n#11 0x56445cb59885 <unknown>\n#12 0x56445cb43181 <unknown>\n#13 0x56445cb5a412 <unknown>\n#14 0x56445cb2725f <unknown>\n#15 0x56445cb7e528 <unknown>\n#16 0x56445cb7e723 <unknown>\n#17 0x56445cb8f0e4 <unknown>\n#18 0x7fabcf494ac3 <unknown>","statusTrace":"self = <tests.test_login.TestLogin object at 0x7f249903e190>\nsecret_data = {'email': '', 'password': ''}\njson_data = {'forgot_password': {'error_message': \"We can't find a user with that e-mail address.\", 'success_message': 'A reset li...you page', 'name': 'test', 'new_name': 'another test', 'no_project_found_msg': 'No project matches the criteria', ...}}\n\n    @allure.description(\"valid login\")\n    @allure.title(\"Login with valid credentials test\")\n    @allure.tag(\"Tagged test\")\n    @pytest.mark.run(order=1)\n    def test_valid_login(self, secret_data: dict, json_data: dict):\n>       self.about_page.click_login_link()\n\ntests/test_login.py:39: \n_ _ _ _ _ _ _ _ _ _ _ _ _ _ _ _ _ _ _ _ _ _ _ _ _ _ _ _ _ _ _ _ _ _ _ _ _ _ _ _ \npages/about_page.py:20: in click_login_link\n    self.click(self.LOGIN_LINK)\npages/base_page.py:38: in click\n    el: WebElement = self.wait.until(\n_ _ _ _ _ _ _ _ _ _ _ _ _ _ _ _ _ _ _ _ _ _ _ _ _ _ _ _ _ _ _ _ _ _ _ _ _ _ _ _ \n\nself = <selenium.webdriver.support.wait.WebDriverWait (session=\"708a8d9fec8ca9a11fe6bce7bea863af\")>\nmethod = <function element_to_be_clickable.<locals>._predicate at 0x7f2498fd4900>\nmessage = ''\n\n    def until(self, method, message: str = \"\"):\n        \"\"\"Calls the method provided with the driver as an argument until the \\\n        return value does not evaluate to ``False``.\n    \n        :param method: callable(WebDriver)\n        :param message: optional message for :exc:`TimeoutException`\n        :returns: the result of the last call to `method`\n        :raises: :exc:`selenium.common.exceptions.TimeoutException` if timeout occurs\n        \"\"\"\n        screen = None\n        stacktrace = None\n    \n        end_time = time.monotonic() + self._timeout\n        while True:\n            try:\n                value = method(self._driver)\n                if value:\n                    return value\n            except self._ignored_exceptions as exc:\n                screen = getattr(exc, \"screen\", None)\n                stacktrace = getattr(exc, \"stacktrace\", None)\n            time.sleep(self._poll)\n            if time.monotonic() > end_time:\n                break\n>       raise TimeoutException(message, screen, stacktrace)\nE       selenium.common.exceptions.TimeoutException: Message: \nE       Stacktrace:\nE       #0 0x56445cb8ff33 <unknown>\nE       #1 0x56445c887ce6 <unknown>\nE       #2 0x56445c8d2e48 <unknown>\nE       #3 0x56445c8d2f01 <unknown>\nE       #4 0x56445c9163f4 <unknown>\nE       #5 0x56445c8f4edd <unknown>\nE       #6 0x56445c913899 <unknown>\nE       #7 0x56445c8f4c53 <unknown>\nE       #8 0x56445c8c5db3 <unknown>\nE       #9 0x56445c8c677e <unknown>\nE       #10 0x56445cb5586b <unknown>\nE       #11 0x56445cb59885 <unknown>\nE       #12 0x56445cb43181 <unknown>\nE       #13 0x56445cb5a412 <unknown>\nE       #14 0x56445cb2725f <unknown>\nE       #15 0x56445cb7e528 <unknown>\nE       #16 0x56445cb7e723 <unknown>\nE       #17 0x56445cb8f0e4 <unknown>\nE       #18 0x7fabcf494ac3 <unknown>\n\n.venv/lib/python3.11/site-packages/selenium/webdriver/support/wait.py:95: TimeoutException","steps":[{"name":"Click Login link","time":{"start":1711069214493,"stop":1711069224695,"duration":10202},"status":"broken","statusMessage":"selenium.common.exceptions.TimeoutException: Message: \nStacktrace:\n#0 0x56445cb8ff33 <unknown>\n#1 0x56445c887ce6 <unknown>\n#2 0x56445c8d2e48 <unknown>\n#3 0x56445c8d2f01 <unknown>\n#4 0x56445c9163f4 <unknown>\n#5 0x56445c8f4edd <unknown>\n#6 0x56445c913899 <unknown>\n#7 0x56445c8f4c53 <unknown>\n#8 0x56445c8c5db3 <unknown>\n#9 0x56445c8c677e <unknown>\n#10 0x56445cb5586b <unknown>\n#11 0x56445cb59885 <unknown>\n#12 0x56445cb43181 <unknown>\n#13 0x56445cb5a412 <unknown>\n#14 0x56445cb2725f <unknown>\n#15 0x56445cb7e528 <unknown>\n#16 0x56445cb7e723 <unknown>\n#17 0x56445cb8f0e4 <unknown>\n#18 0x7fabcf494ac3 <unknown>\n\n","statusTrace":"  File \"/home/runner/work/kisangateway-test/kisangateway-test/.venv/lib/python3.11/site-packages/allure_commons/_allure.py\", line 192, in impl\n    return func(*a, **kw)\n           ^^^^^^^^^^^^^^\n  File \"/home/runner/work/kisangateway-test/kisangateway-test/pages/about_page.py\", line 20, in click_login_link\n    self.click(self.LOGIN_LINK)\n  File \"/home/runner/work/kisangateway-test/kisangateway-test/pages/base_page.py\", line 38, in click\n    el: WebElement = self.wait.until(\n                     ^^^^^^^^^^^^^^^^\n  File \"/home/runner/work/kisangateway-test/kisangateway-test/.venv/lib/python3.11/site-packages/selenium/webdriver/support/wait.py\", line 95, in until\n    raise TimeoutException(message, screen, stacktrace)\n","steps":[],"attachments":[],"parameters":[],"shouldDisplayMessage":true,"stepsCount":0,"attachmentsCount":0,"hasContent":true,"attachmentStep":false}],"attachments":[{"uid":"bbce6d2fe175dfee","name":"public ip address","source":"bbce6d2fe175dfee.txt","type":"text/plain","size":12},{"uid":"f87d66c57669d09d","name":"Cookies","source":"f87d66c57669d09d.json","type":"application/json","size":527},{"uid":"9c441ad64e81c8ac","name":"Session Storage","source":"9c441ad64e81c8ac.json","type":"application/json","size":2},{"uid":"f637fca5666899ab","name":"Local Storage","source":"f637fca5666899ab.json","type":"application/json","size":77},{"uid":"27a73ae54f3a06d5","name":"Console Logs","source":"27a73ae54f3a06d5.json","type":"application/json","size":310},{"uid":"64f672316f3c6693","name":"Full Page Screenshot","source":"64f672316f3c6693.png","type":"image/png","size":2708060},{"uid":"6077c834f45b233d","name":"URL","source":"6077c834f45b233d.uri","type":"text/uri-list","size":25},{"uid":"927013a2c2e260c7","name":"Network Logs","source":"927013a2c2e260c7.json","type":"application/json","size":1315212}],"parameters":[],"shouldDisplayMessage":true,"stepsCount":1,"attachmentsCount":8,"hasContent":true,"attachmentStep":false},"afterStages":[],"labels":[{"name":"epic","value":"Security"},{"name":"severity","value":"blocker"},{"name":"tag","value":"Tagged test"},{"name":"feature","value":"Login"},{"name":"tag","value":"run(order=1)"},{"name":"tag","value":"security"},{"name":"parentSuite","value":"tests"},{"name":"suite","value":"test_login"},{"name":"subSuite","value":"TestLogin"},{"name":"host","value":"fv-az1251-907"},{"name":"thread","value":"2207-MainThread"},{"name":"framework","value":"pytest"},{"name":"language","value":"cpython3"},{"name":"package","value":"tests.test_login"},{"name":"resultFormat","value":"allure2"}],"parameters":[],"links":[],"hidden":false,"retry":false,"extra":{"severity":"blocker","retries":[],"categories":[{"name":"Test defects","matchedStatuses":[],"flaky":false}],"tags":["security","Tagged test","run(order=1)"]},"source":"ff622bee1e042e2c.json","parameterValues":[]}