{"uid":"2e778c1ec06f7791","name":"Forgot Password with valid email test","fullName":"tests.test_forgot_password.TestForgotPassword#test_valid_email","historyId":"7ff7e178fd4f5b4b8deb31c8fc69c6a9","time":{"start":1708390918488,"stop":1708390928676,"duration":10188},"description":"Forgot password with a valid email address","descriptionHtml":"<p>Forgot password with a valid email address</p>\n","status":"broken","statusMessage":"selenium.common.exceptions.TimeoutException: Message: \nStacktrace:\n#0 0x559e35ca2d93 <unknown>\n#1 0x559e35986337 <unknown>\n#2 0x559e359d1d60 <unknown>\n#3 0x559e359d1e51 <unknown>\n#4 0x559e35a15bc4 <unknown>\n#5 0x559e359f446d <unknown>\n#6 0x559e35a1312d <unknown>\n#7 0x559e359f41e3 <unknown>\n#8 0x559e359c4135 <unknown>\n#9 0x559e359c513e <unknown>\n#10 0x559e35c66e4b <unknown>\n#11 0x559e35c6adfa <unknown>\n#12 0x559e35c536d5 <unknown>\n#13 0x559e35c6ba6f <unknown>\n#14 0x559e35c3769f <unknown>\n#15 0x559e35c90098 <unknown>\n#16 0x559e35c90262 <unknown>\n#17 0x559e35ca1f34 <unknown>\n#18 0x7f5666c94ac3 <unknown>","statusTrace":"self = <tests.test_forgot_password.TestForgotPassword object at 0x7fdfbfc0d450>\njson_data = {'forgot_password': {'error_message': \"We can't find a user with that e-mail address.\", 'success_message': 'A reset li...you page', 'name': 'test', 'new_name': 'another test', 'no_project_found_msg': 'No project matches the criteria', ...}}\nsecret_data = {'email': '', 'password': ''}\n\n    @allure.description(\"Forgot password with a valid email address\")\n    @allure.title(\"Forgot Password with valid email test\")\n    def test_valid_email(self, json_data: dict, secret_data: dict):\n>       self.about_page.click_login_link()\n\ntests/test_forgot_password.py:19: \n_ _ _ _ _ _ _ _ _ _ _ _ _ _ _ _ _ _ _ _ _ _ _ _ _ _ _ _ _ _ _ _ _ _ _ _ _ _ _ _ \npages/about_page.py:20: in click_login_link\n    self.click(self.LOGIN_LINK)\npages/base_page.py:38: in click\n    el: WebElement = self.wait.until(\n_ _ _ _ _ _ _ _ _ _ _ _ _ _ _ _ _ _ _ _ _ _ _ _ _ _ _ _ _ _ _ _ _ _ _ _ _ _ _ _ \n\nself = <selenium.webdriver.support.wait.WebDriverWait (session=\"8db41fb1635709d7e81fea0c4a24c811\")>\nmethod = <function element_to_be_clickable.<locals>._predicate at 0x7fdfbf9d23e0>\nmessage = ''\n\n    def until(self, method, message: str = \"\"):\n        \"\"\"Calls the method provided with the driver as an argument until the \\\n        return value does not evaluate to ``False``.\n    \n        :param method: callable(WebDriver)\n        :param message: optional message for :exc:`TimeoutException`\n        :returns: the result of the last call to `method`\n        :raises: :exc:`selenium.common.exceptions.TimeoutException` if timeout occurs\n        \"\"\"\n        screen = None\n        stacktrace = None\n    \n        end_time = time.monotonic() + self._timeout\n        while True:\n            try:\n                value = method(self._driver)\n                if value:\n                    return value\n            except self._ignored_exceptions as exc:\n                screen = getattr(exc, \"screen\", None)\n                stacktrace = getattr(exc, \"stacktrace\", None)\n            time.sleep(self._poll)\n            if time.monotonic() > end_time:\n                break\n>       raise TimeoutException(message, screen, stacktrace)\nE       selenium.common.exceptions.TimeoutException: Message: \nE       Stacktrace:\nE       #0 0x559e35ca2d93 <unknown>\nE       #1 0x559e35986337 <unknown>\nE       #2 0x559e359d1d60 <unknown>\nE       #3 0x559e359d1e51 <unknown>\nE       #4 0x559e35a15bc4 <unknown>\nE       #5 0x559e359f446d <unknown>\nE       #6 0x559e35a1312d <unknown>\nE       #7 0x559e359f41e3 <unknown>\nE       #8 0x559e359c4135 <unknown>\nE       #9 0x559e359c513e <unknown>\nE       #10 0x559e35c66e4b <unknown>\nE       #11 0x559e35c6adfa <unknown>\nE       #12 0x559e35c536d5 <unknown>\nE       #13 0x559e35c6ba6f <unknown>\nE       #14 0x559e35c3769f <unknown>\nE       #15 0x559e35c90098 <unknown>\nE       #16 0x559e35c90262 <unknown>\nE       #17 0x559e35ca1f34 <unknown>\nE       #18 0x7f5666c94ac3 <unknown>\n\n.venv/lib/python3.11/site-packages/selenium/webdriver/support/wait.py:95: TimeoutException","flaky":false,"newFailed":false,"newBroken":false,"newPassed":false,"retriesCount":0,"retriesStatusChange":false,"beforeStages":[{"name":"_verify_url","time":{"start":1708390753445,"stop":1708390753445,"duration":0},"status":"passed","steps":[],"attachments":[],"parameters":[],"shouldDisplayMessage":false,"stepsCount":0,"attachmentsCount":0,"hasContent":false,"attachmentStep":false},{"name":"base_url","time":{"start":1708390753445,"stop":1708390753445,"duration":0},"status":"passed","steps":[],"attachments":[],"parameters":[],"shouldDisplayMessage":false,"stepsCount":0,"attachmentsCount":0,"hasContent":false,"attachmentStep":false},{"name":"secret_data","time":{"start":1708390753446,"stop":1708390753446,"duration":0},"status":"passed","steps":[],"attachments":[],"parameters":[],"shouldDisplayMessage":false,"stepsCount":0,"attachmentsCount":0,"hasContent":false,"attachmentStep":false},{"name":"json_data","time":{"start":1708390753446,"stop":1708390753446,"duration":0},"status":"passed","steps":[],"attachments":[],"parameters":[],"shouldDisplayMessage":false,"stepsCount":0,"attachmentsCount":0,"hasContent":false,"attachmentStep":false}],"testStage":{"description":"Forgot password with a valid email address","status":"broken","statusMessage":"selenium.common.exceptions.TimeoutException: Message: \nStacktrace:\n#0 0x559e35ca2d93 <unknown>\n#1 0x559e35986337 <unknown>\n#2 0x559e359d1d60 <unknown>\n#3 0x559e359d1e51 <unknown>\n#4 0x559e35a15bc4 <unknown>\n#5 0x559e359f446d <unknown>\n#6 0x559e35a1312d <unknown>\n#7 0x559e359f41e3 <unknown>\n#8 0x559e359c4135 <unknown>\n#9 0x559e359c513e <unknown>\n#10 0x559e35c66e4b <unknown>\n#11 0x559e35c6adfa <unknown>\n#12 0x559e35c536d5 <unknown>\n#13 0x559e35c6ba6f <unknown>\n#14 0x559e35c3769f <unknown>\n#15 0x559e35c90098 <unknown>\n#16 0x559e35c90262 <unknown>\n#17 0x559e35ca1f34 <unknown>\n#18 0x7f5666c94ac3 <unknown>","statusTrace":"self = <tests.test_forgot_password.TestForgotPassword object at 0x7fdfbfc0d450>\njson_data = {'forgot_password': {'error_message': \"We can't find a user with that e-mail address.\", 'success_message': 'A reset li...you page', 'name': 'test', 'new_name': 'another test', 'no_project_found_msg': 'No project matches the criteria', ...}}\nsecret_data = {'email': '', 'password': ''}\n\n    @allure.description(\"Forgot password with a valid email address\")\n    @allure.title(\"Forgot Password with valid email test\")\n    def test_valid_email(self, json_data: dict, secret_data: dict):\n>       self.about_page.click_login_link()\n\ntests/test_forgot_password.py:19: \n_ _ _ _ _ _ _ _ _ _ _ _ _ _ _ _ _ _ _ _ _ _ _ _ _ _ _ _ _ _ _ _ _ _ _ _ _ _ _ _ \npages/about_page.py:20: in click_login_link\n    self.click(self.LOGIN_LINK)\npages/base_page.py:38: in click\n    el: WebElement = self.wait.until(\n_ _ _ _ _ _ _ _ _ _ _ _ _ _ _ _ _ _ _ _ _ _ _ _ _ _ _ _ _ _ _ _ _ _ _ _ _ _ _ _ \n\nself = <selenium.webdriver.support.wait.WebDriverWait (session=\"8db41fb1635709d7e81fea0c4a24c811\")>\nmethod = <function element_to_be_clickable.<locals>._predicate at 0x7fdfbf9d23e0>\nmessage = ''\n\n    def until(self, method, message: str = \"\"):\n        \"\"\"Calls the method provided with the driver as an argument until the \\\n        return value does not evaluate to ``False``.\n    \n        :param method: callable(WebDriver)\n        :param message: optional message for :exc:`TimeoutException`\n        :returns: the result of the last call to `method`\n        :raises: :exc:`selenium.common.exceptions.TimeoutException` if timeout occurs\n        \"\"\"\n        screen = None\n        stacktrace = None\n    \n        end_time = time.monotonic() + self._timeout\n        while True:\n            try:\n                value = method(self._driver)\n                if value:\n                    return value\n            except self._ignored_exceptions as exc:\n                screen = getattr(exc, \"screen\", None)\n                stacktrace = getattr(exc, \"stacktrace\", None)\n            time.sleep(self._poll)\n            if time.monotonic() > end_time:\n                break\n>       raise TimeoutException(message, screen, stacktrace)\nE       selenium.common.exceptions.TimeoutException: Message: \nE       Stacktrace:\nE       #0 0x559e35ca2d93 <unknown>\nE       #1 0x559e35986337 <unknown>\nE       #2 0x559e359d1d60 <unknown>\nE       #3 0x559e359d1e51 <unknown>\nE       #4 0x559e35a15bc4 <unknown>\nE       #5 0x559e359f446d <unknown>\nE       #6 0x559e35a1312d <unknown>\nE       #7 0x559e359f41e3 <unknown>\nE       #8 0x559e359c4135 <unknown>\nE       #9 0x559e359c513e <unknown>\nE       #10 0x559e35c66e4b <unknown>\nE       #11 0x559e35c6adfa <unknown>\nE       #12 0x559e35c536d5 <unknown>\nE       #13 0x559e35c6ba6f <unknown>\nE       #14 0x559e35c3769f <unknown>\nE       #15 0x559e35c90098 <unknown>\nE       #16 0x559e35c90262 <unknown>\nE       #17 0x559e35ca1f34 <unknown>\nE       #18 0x7f5666c94ac3 <unknown>\n\n.venv/lib/python3.11/site-packages/selenium/webdriver/support/wait.py:95: TimeoutException","steps":[{"name":"Click Login link","time":{"start":1708390918488,"stop":1708390928676,"duration":10188},"status":"broken","statusMessage":"selenium.common.exceptions.TimeoutException: Message: \nStacktrace:\n#0 0x559e35ca2d93 <unknown>\n#1 0x559e35986337 <unknown>\n#2 0x559e359d1d60 <unknown>\n#3 0x559e359d1e51 <unknown>\n#4 0x559e35a15bc4 <unknown>\n#5 0x559e359f446d <unknown>\n#6 0x559e35a1312d <unknown>\n#7 0x559e359f41e3 <unknown>\n#8 0x559e359c4135 <unknown>\n#9 0x559e359c513e <unknown>\n#10 0x559e35c66e4b <unknown>\n#11 0x559e35c6adfa <unknown>\n#12 0x559e35c536d5 <unknown>\n#13 0x559e35c6ba6f <unknown>\n#14 0x559e35c3769f <unknown>\n#15 0x559e35c90098 <unknown>\n#16 0x559e35c90262 <unknown>\n#17 0x559e35ca1f34 <unknown>\n#18 0x7f5666c94ac3 <unknown>\n\n","statusTrace":"  File \"/home/runner/work/kisangateway-test/kisangateway-test/.venv/lib/python3.11/site-packages/allure_commons/_allure.py\", line 192, in impl\n    return func(*a, **kw)\n           ^^^^^^^^^^^^^^\n  File \"/home/runner/work/kisangateway-test/kisangateway-test/pages/about_page.py\", line 20, in click_login_link\n    self.click(self.LOGIN_LINK)\n  File \"/home/runner/work/kisangateway-test/kisangateway-test/pages/base_page.py\", line 38, in click\n    el: WebElement = self.wait.until(\n                     ^^^^^^^^^^^^^^^^\n  File \"/home/runner/work/kisangateway-test/kisangateway-test/.venv/lib/python3.11/site-packages/selenium/webdriver/support/wait.py\", line 95, in until\n    raise TimeoutException(message, screen, stacktrace)\n","steps":[],"attachments":[],"parameters":[],"shouldDisplayMessage":true,"stepsCount":0,"attachmentsCount":0,"hasContent":true,"attachmentStep":false}],"attachments":[{"uid":"95e460428c75534f","name":"public ip address","source":"95e460428c75534f.txt","type":"text/plain","size":14},{"uid":"d3e7cd649f953833","name":"Cookies","source":"d3e7cd649f953833.json","type":"application/json","size":525},{"uid":"bf02e11a843f02d4","name":"Session Storage","source":"bf02e11a843f02d4.json","type":"application/json","size":2},{"uid":"53830bf51881ca2b","name":"Local Storage","source":"53830bf51881ca2b.json","type":"application/json","size":77},{"uid":"5d6e10e94c8ba99","name":"Console Logs","source":"5d6e10e94c8ba99.json","type":"application/json","size":310},{"uid":"1473326a58ecf3ea","name":"Full Page Screenshot","source":"1473326a58ecf3ea.png","type":"image/png","size":2476349},{"uid":"13ccd3f3d4fd89a2","name":"URL","source":"13ccd3f3d4fd89a2.uri","type":"text/uri-list","size":25},{"uid":"fb7017bd0abe2123","name":"Network Logs","source":"fb7017bd0abe2123.json","type":"application/json","size":1284183}],"parameters":[],"shouldDisplayMessage":true,"stepsCount":1,"attachmentsCount":8,"hasContent":true,"attachmentStep":false},"afterStages":[],"labels":[{"name":"severity","value":"critical"},{"name":"story","value":"Forgot Password Feature's Functionality"},{"name":"parentSuite","value":"Custom parent suite"},{"name":"suite","value":"Custom suite"},{"name":"epic","value":"Security"},{"name":"subSuite","value":"Custom sub suite"},{"name":"tag","value":"security"},{"name":"host","value":"fv-az1240-872"},{"name":"thread","value":"2157-MainThread"},{"name":"framework","value":"pytest"},{"name":"language","value":"cpython3"},{"name":"package","value":"tests.test_forgot_password"},{"name":"resultFormat","value":"allure2"}],"parameters":[],"links":[],"hidden":false,"retry":false,"extra":{"severity":"critical","retries":[],"categories":[{"name":"Test defects","matchedStatuses":[],"flaky":false}],"tags":["security"]},"source":"2e778c1ec06f7791.json","parameterValues":[]}