{"uid":"56e092a9d5a009c5","name":"Create new workspace test","fullName":"tests.test_workspaces.TestWorkspaces#test_create_new_workspace","historyId":"e6e849a753ae10f50b3b38fac5a7fa8e","time":{"start":1708390765020,"stop":1708390765020,"duration":0},"description":"Create new Workspace","descriptionHtml":"<p>Create new Workspace</p>\n","status":"broken","statusMessage":"selenium.common.exceptions.TimeoutException: Message: \nStacktrace:\n#0 0x5560664c7d93 <unknown>\n#1 0x5560661ab337 <unknown>\n#2 0x5560661f6d60 <unknown>\n#3 0x5560661f6e51 <unknown>\n#4 0x55606623abc4 <unknown>\n#5 0x55606621946d <unknown>\n#6 0x55606623812d <unknown>\n#7 0x5560662191e3 <unknown>\n#8 0x5560661e9135 <unknown>\n#9 0x5560661ea13e <unknown>\n#10 0x55606648be4b <unknown>\n#11 0x55606648fdfa <unknown>\n#12 0x5560664786d5 <unknown>\n#13 0x556066490a6f <unknown>\n#14 0x55606645c69f <unknown>\n#15 0x5560664b5098 <unknown>\n#16 0x5560664b5262 <unknown>\n#17 0x5560664c6f34 <unknown>\n#18 0x7f730b694ac3 <unknown>","statusTrace":"self = <tests.test_workspaces.TestWorkspaces object at 0x7fdfbfdb9250>\nsecret_data = {'email': '', 'password': ''}\n\n    @pytest.fixture(autouse=True)\n    def setup_method_fixture(self, secret_data: dict):\n>       login(secret_data, self.about_page, self.login_page)\n\ntests/test_workspaces.py:23: \n_ _ _ _ _ _ _ _ _ _ _ _ _ _ _ _ _ _ _ _ _ _ _ _ _ _ _ _ _ _ _ _ _ _ _ _ _ _ _ _ \ntests/test_workspaces.py:13: in login\n    about_page.click_login_link()\npages/about_page.py:20: in click_login_link\n    self.click(self.LOGIN_LINK)\npages/base_page.py:38: in click\n    el: WebElement = self.wait.until(\n_ _ _ _ _ _ _ _ _ _ _ _ _ _ _ _ _ _ _ _ _ _ _ _ _ _ _ _ _ _ _ _ _ _ _ _ _ _ _ _ \n\nself = <selenium.webdriver.support.wait.WebDriverWait (session=\"7bfb4b4efbcc0099313af29de271457c\")>\nmethod = <function element_to_be_clickable.<locals>._predicate at 0x7fdfbfc91260>\nmessage = ''\n\n    def until(self, method, message: str = \"\"):\n        \"\"\"Calls the method provided with the driver as an argument until the \\\n        return value does not evaluate to ``False``.\n    \n        :param method: callable(WebDriver)\n        :param message: optional message for :exc:`TimeoutException`\n        :returns: the result of the last call to `method`\n        :raises: :exc:`selenium.common.exceptions.TimeoutException` if timeout occurs\n        \"\"\"\n        screen = None\n        stacktrace = None\n    \n        end_time = time.monotonic() + self._timeout\n        while True:\n            try:\n                value = method(self._driver)\n                if value:\n                    return value\n            except self._ignored_exceptions as exc:\n                screen = getattr(exc, \"screen\", None)\n                stacktrace = getattr(exc, \"stacktrace\", None)\n            time.sleep(self._poll)\n            if time.monotonic() > end_time:\n                break\n>       raise TimeoutException(message, screen, stacktrace)\nE       selenium.common.exceptions.TimeoutException: Message: \nE       Stacktrace:\nE       #0 0x5560664c7d93 <unknown>\nE       #1 0x5560661ab337 <unknown>\nE       #2 0x5560661f6d60 <unknown>\nE       #3 0x5560661f6e51 <unknown>\nE       #4 0x55606623abc4 <unknown>\nE       #5 0x55606621946d <unknown>\nE       #6 0x55606623812d <unknown>\nE       #7 0x5560662191e3 <unknown>\nE       #8 0x5560661e9135 <unknown>\nE       #9 0x5560661ea13e <unknown>\nE       #10 0x55606648be4b <unknown>\nE       #11 0x55606648fdfa <unknown>\nE       #12 0x5560664786d5 <unknown>\nE       #13 0x556066490a6f <unknown>\nE       #14 0x55606645c69f <unknown>\nE       #15 0x5560664b5098 <unknown>\nE       #16 0x5560664b5262 <unknown>\nE       #17 0x5560664c6f34 <unknown>\nE       #18 0x7f730b694ac3 <unknown>\n\n.venv/lib/python3.11/site-packages/selenium/webdriver/support/wait.py:95: TimeoutException","flaky":false,"newFailed":false,"newBroken":false,"newPassed":false,"retriesCount":0,"retriesStatusChange":false,"beforeStages":[{"name":"_verify_url","time":{"start":1708390753445,"stop":1708390753445,"duration":0},"status":"passed","steps":[],"attachments":[],"parameters":[],"shouldDisplayMessage":false,"stepsCount":0,"attachmentsCount":0,"hasContent":false,"attachmentStep":false},{"name":"base_url","time":{"start":1708390753445,"stop":1708390753445,"duration":0},"status":"passed","steps":[],"attachments":[],"parameters":[],"shouldDisplayMessage":false,"stepsCount":0,"attachmentsCount":0,"hasContent":false,"attachmentStep":false},{"name":"secret_data","time":{"start":1708390753446,"stop":1708390753446,"duration":0},"status":"passed","steps":[],"attachments":[],"parameters":[],"shouldDisplayMessage":false,"stepsCount":0,"attachmentsCount":0,"hasContent":false,"attachmentStep":false},{"name":"json_data","time":{"start":1708390753446,"stop":1708390753446,"duration":0},"status":"passed","steps":[],"attachments":[],"parameters":[],"shouldDisplayMessage":false,"stepsCount":0,"attachmentsCount":0,"hasContent":false,"attachmentStep":false},{"name":"setup_method_fixture","time":{"start":1708390766472,"stop":1708390776659,"duration":10187},"status":"broken","statusMessage":"selenium.common.exceptions.TimeoutException: Message: \nStacktrace:\n#0 0x5560664c7d93 <unknown>\n#1 0x5560661ab337 <unknown>\n#2 0x5560661f6d60 <unknown>\n#3 0x5560661f6e51 <unknown>\n#4 0x55606623abc4 <unknown>\n#5 0x55606621946d <unknown>\n#6 0x55606623812d <unknown>\n#7 0x5560662191e3 <unknown>\n#8 0x5560661e9135 <unknown>\n#9 0x5560661ea13e <unknown>\n#10 0x55606648be4b <unknown>\n#11 0x55606648fdfa <unknown>\n#12 0x5560664786d5 <unknown>\n#13 0x556066490a6f <unknown>\n#14 0x55606645c69f <unknown>\n#15 0x5560664b5098 <unknown>\n#16 0x5560664b5262 <unknown>\n#17 0x5560664c6f34 <unknown>\n#18 0x7f730b694ac3 <unknown>\n\n","statusTrace":"  File \"/home/runner/work/kisangateway-test/kisangateway-test/.venv/lib/python3.11/site-packages/pluggy/_callers.py\", line 80, in _multicall\n    res = hook_impl.function(*args)\n          ^^^^^^^^^^^^^^^^^^^^^^^^^\n  File \"/home/runner/work/kisangateway-test/kisangateway-test/.venv/lib/python3.11/site-packages/_pytest/fixtures.py\", line 1123, in pytest_fixture_setup\n    result = call_fixture_func(fixturefunc, request, kwargs)\n             ^^^^^^^^^^^^^^^^^^^^^^^^^^^^^^^^^^^^^^^^^^^^^^^\n  File \"/home/runner/work/kisangateway-test/kisangateway-test/.venv/lib/python3.11/site-packages/_pytest/fixtures.py\", line 902, in call_fixture_func\n    fixture_result = fixturefunc(**kwargs)\n                     ^^^^^^^^^^^^^^^^^^^^^\n  File \"/home/runner/work/kisangateway-test/kisangateway-test/tests/test_workspaces.py\", line 23, in setup_method_fixture\n    login(secret_data, self.about_page, self.login_page)\n  File \"/home/runner/work/kisangateway-test/kisangateway-test/tests/test_workspaces.py\", line 13, in login\n    about_page.click_login_link()\n  File \"/home/runner/work/kisangateway-test/kisangateway-test/.venv/lib/python3.11/site-packages/allure_commons/_allure.py\", line 192, in impl\n    return func(*a, **kw)\n           ^^^^^^^^^^^^^^\n  File \"/home/runner/work/kisangateway-test/kisangateway-test/pages/about_page.py\", line 20, in click_login_link\n    self.click(self.LOGIN_LINK)\n  File \"/home/runner/work/kisangateway-test/kisangateway-test/pages/base_page.py\", line 38, in click\n    el: WebElement = self.wait.until(\n                     ^^^^^^^^^^^^^^^^\n  File \"/home/runner/work/kisangateway-test/kisangateway-test/.venv/lib/python3.11/site-packages/selenium/webdriver/support/wait.py\", line 95, in until\n    raise TimeoutException(message, screen, stacktrace)\n","steps":[{"name":"Click Login link","time":{"start":1708390766472,"stop":1708390776659,"duration":10187},"status":"broken","statusMessage":"selenium.common.exceptions.TimeoutException: Message: \nStacktrace:\n#0 0x5560664c7d93 <unknown>\n#1 0x5560661ab337 <unknown>\n#2 0x5560661f6d60 <unknown>\n#3 0x5560661f6e51 <unknown>\n#4 0x55606623abc4 <unknown>\n#5 0x55606621946d <unknown>\n#6 0x55606623812d <unknown>\n#7 0x5560662191e3 <unknown>\n#8 0x5560661e9135 <unknown>\n#9 0x5560661ea13e <unknown>\n#10 0x55606648be4b <unknown>\n#11 0x55606648fdfa <unknown>\n#12 0x5560664786d5 <unknown>\n#13 0x556066490a6f <unknown>\n#14 0x55606645c69f <unknown>\n#15 0x5560664b5098 <unknown>\n#16 0x5560664b5262 <unknown>\n#17 0x5560664c6f34 <unknown>\n#18 0x7f730b694ac3 <unknown>\n\n","statusTrace":"  File \"/home/runner/work/kisangateway-test/kisangateway-test/.venv/lib/python3.11/site-packages/allure_commons/_allure.py\", line 192, in impl\n    return func(*a, **kw)\n           ^^^^^^^^^^^^^^\n  File \"/home/runner/work/kisangateway-test/kisangateway-test/pages/about_page.py\", line 20, in click_login_link\n    self.click(self.LOGIN_LINK)\n  File \"/home/runner/work/kisangateway-test/kisangateway-test/pages/base_page.py\", line 38, in click\n    el: WebElement = self.wait.until(\n                     ^^^^^^^^^^^^^^^^\n  File \"/home/runner/work/kisangateway-test/kisangateway-test/.venv/lib/python3.11/site-packages/selenium/webdriver/support/wait.py\", line 95, in until\n    raise TimeoutException(message, screen, stacktrace)\n","steps":[],"attachments":[],"parameters":[],"shouldDisplayMessage":true,"stepsCount":0,"attachmentsCount":0,"hasContent":true,"attachmentStep":false}],"attachments":[],"parameters":[],"shouldDisplayMessage":false,"stepsCount":1,"attachmentsCount":0,"hasContent":true,"attachmentStep":false}],"testStage":{"description":"Create new Workspace","status":"broken","statusMessage":"selenium.common.exceptions.TimeoutException: Message: \nStacktrace:\n#0 0x5560664c7d93 <unknown>\n#1 0x5560661ab337 <unknown>\n#2 0x5560661f6d60 <unknown>\n#3 0x5560661f6e51 <unknown>\n#4 0x55606623abc4 <unknown>\n#5 0x55606621946d <unknown>\n#6 0x55606623812d <unknown>\n#7 0x5560662191e3 <unknown>\n#8 0x5560661e9135 <unknown>\n#9 0x5560661ea13e <unknown>\n#10 0x55606648be4b <unknown>\n#11 0x55606648fdfa <unknown>\n#12 0x5560664786d5 <unknown>\n#13 0x556066490a6f <unknown>\n#14 0x55606645c69f <unknown>\n#15 0x5560664b5098 <unknown>\n#16 0x5560664b5262 <unknown>\n#17 0x5560664c6f34 <unknown>\n#18 0x7f730b694ac3 <unknown>","statusTrace":"self = <tests.test_workspaces.TestWorkspaces object at 0x7fdfbfdb9250>\nsecret_data = {'email': '', 'password': ''}\n\n    @pytest.fixture(autouse=True)\n    def setup_method_fixture(self, secret_data: dict):\n>       login(secret_data, self.about_page, self.login_page)\n\ntests/test_workspaces.py:23: \n_ _ _ _ _ _ _ _ _ _ _ _ _ _ _ _ _ _ _ _ _ _ _ _ _ _ _ _ _ _ _ _ _ _ _ _ _ _ _ _ \ntests/test_workspaces.py:13: in login\n    about_page.click_login_link()\npages/about_page.py:20: in click_login_link\n    self.click(self.LOGIN_LINK)\npages/base_page.py:38: in click\n    el: WebElement = self.wait.until(\n_ _ _ _ _ _ _ _ _ _ _ _ _ _ _ _ _ _ _ _ _ _ _ _ _ _ _ _ _ _ _ _ _ _ _ _ _ _ _ _ \n\nself = <selenium.webdriver.support.wait.WebDriverWait (session=\"7bfb4b4efbcc0099313af29de271457c\")>\nmethod = <function element_to_be_clickable.<locals>._predicate at 0x7fdfbfc91260>\nmessage = ''\n\n    def until(self, method, message: str = \"\"):\n        \"\"\"Calls the method provided with the driver as an argument until the \\\n        return value does not evaluate to ``False``.\n    \n        :param method: callable(WebDriver)\n        :param message: optional message for :exc:`TimeoutException`\n        :returns: the result of the last call to `method`\n        :raises: :exc:`selenium.common.exceptions.TimeoutException` if timeout occurs\n        \"\"\"\n        screen = None\n        stacktrace = None\n    \n        end_time = time.monotonic() + self._timeout\n        while True:\n            try:\n                value = method(self._driver)\n                if value:\n                    return value\n            except self._ignored_exceptions as exc:\n                screen = getattr(exc, \"screen\", None)\n                stacktrace = getattr(exc, \"stacktrace\", None)\n            time.sleep(self._poll)\n            if time.monotonic() > end_time:\n                break\n>       raise TimeoutException(message, screen, stacktrace)\nE       selenium.common.exceptions.TimeoutException: Message: \nE       Stacktrace:\nE       #0 0x5560664c7d93 <unknown>\nE       #1 0x5560661ab337 <unknown>\nE       #2 0x5560661f6d60 <unknown>\nE       #3 0x5560661f6e51 <unknown>\nE       #4 0x55606623abc4 <unknown>\nE       #5 0x55606621946d <unknown>\nE       #6 0x55606623812d <unknown>\nE       #7 0x5560662191e3 <unknown>\nE       #8 0x5560661e9135 <unknown>\nE       #9 0x5560661ea13e <unknown>\nE       #10 0x55606648be4b <unknown>\nE       #11 0x55606648fdfa <unknown>\nE       #12 0x5560664786d5 <unknown>\nE       #13 0x556066490a6f <unknown>\nE       #14 0x55606645c69f <unknown>\nE       #15 0x5560664b5098 <unknown>\nE       #16 0x5560664b5262 <unknown>\nE       #17 0x5560664c6f34 <unknown>\nE       #18 0x7f730b694ac3 <unknown>\n\n.venv/lib/python3.11/site-packages/selenium/webdriver/support/wait.py:95: TimeoutException","steps":[],"attachments":[{"uid":"9a9825863d4fe31d","name":"public ip address","source":"9a9825863d4fe31d.txt","type":"text/plain","size":14},{"uid":"37ad233656606dcb","name":"Cookies","source":"37ad233656606dcb.json","type":"application/json","size":527},{"uid":"fc366f29e6eeeeae","name":"Session Storage","source":"fc366f29e6eeeeae.json","type":"application/json","size":2},{"uid":"cecda7bbedc93c02","name":"Local Storage","source":"cecda7bbedc93c02.json","type":"application/json","size":77},{"uid":"e5e014360094a2c0","name":"Console Logs","source":"e5e014360094a2c0.json","type":"application/json","size":310},{"uid":"b8b55324530c764d","name":"Full Page Screenshot","source":"b8b55324530c764d.png","type":"image/png","size":2476349},{"uid":"cd4be5bde71eb9d7","name":"URL","source":"cd4be5bde71eb9d7.uri","type":"text/uri-list","size":25},{"uid":"cbf8e97a8d9b9633","name":"Network Logs","source":"cbf8e97a8d9b9633.json","type":"application/json","size":1284260}],"parameters":[],"shouldDisplayMessage":true,"stepsCount":0,"attachmentsCount":8,"hasContent":true,"attachmentStep":false},"afterStages":[],"labels":[{"name":"severity","value":"normal"},{"name":"story","value":"WorkSpaces Creation and Editing Functionality"},{"name":"epic","value":"Workspaces"},{"name":"tag","value":"run(order=1)"},{"name":"parentSuite","value":"tests"},{"name":"suite","value":"test_workspaces"},{"name":"subSuite","value":"TestWorkspaces"},{"name":"host","value":"fv-az1240-872"},{"name":"thread","value":"2157-MainThread"},{"name":"framework","value":"pytest"},{"name":"language","value":"cpython3"},{"name":"package","value":"tests.test_workspaces"},{"name":"resultFormat","value":"allure2"}],"parameters":[],"links":[],"hidden":false,"retry":false,"extra":{"severity":"normal","retries":[],"categories":[{"name":"Test defects","matchedStatuses":[],"flaky":false}],"tags":["run(order=1)"]},"source":"56e092a9d5a009c5.json","parameterValues":[]}