{"uid":"545b9daec2097d46","name":"Rename an existing workspace test","fullName":"tests.test_workspaces.TestWorkspaces#test_rename_workspace","historyId":"d49362deb707221678019bdc76bcec08","time":{"start":1710810076602,"stop":1710810076602,"duration":0},"description":"Rename an existing workspace","descriptionHtml":"<p>Rename an existing workspace</p>\n","status":"broken","statusMessage":"selenium.common.exceptions.TimeoutException: Message: \nStacktrace:\n#0 0x62ba8b41dec3 <unknown>\n#1 0x62ba8b115ce6 <unknown>\n#2 0x62ba8b160e48 <unknown>\n#3 0x62ba8b160f01 <unknown>\n#4 0x62ba8b1a43f4 <unknown>\n#5 0x62ba8b182edd <unknown>\n#6 0x62ba8b1a1899 <unknown>\n#7 0x62ba8b182c53 <unknown>\n#8 0x62ba8b153db3 <unknown>\n#9 0x62ba8b15477e <unknown>\n#10 0x62ba8b3e37fb <unknown>\n#11 0x62ba8b3e7815 <unknown>\n#12 0x62ba8b3d1111 <unknown>\n#13 0x62ba8b3e83a2 <unknown>\n#14 0x62ba8b3b51ef <unknown>\n#15 0x62ba8b40c4b8 <unknown>\n#16 0x62ba8b40c6b3 <unknown>\n#17 0x62ba8b41d074 <unknown>\n#18 0x7d6c90094ac3 <unknown>","statusTrace":"self = <tests.test_workspaces.TestWorkspaces object at 0x7bac4d1954d0>\nsecret_data = {'email': '', 'password': ''}\n\n    @pytest.fixture(autouse=True)\n    def setup_method_fixture(self, secret_data: dict):\n>       login(secret_data, self.about_page, self.login_page)\n\ntests/test_workspaces.py:23: \n_ _ _ _ _ _ _ _ _ _ _ _ _ _ _ _ _ _ _ _ _ _ _ _ _ _ _ _ _ _ _ _ _ _ _ _ _ _ _ _ \ntests/test_workspaces.py:13: in login\n    about_page.click_login_link()\npages/about_page.py:20: in click_login_link\n    self.click(self.LOGIN_LINK)\npages/base_page.py:38: in click\n    el: WebElement = self.wait.until(\n_ _ _ _ _ _ _ _ _ _ _ _ _ _ _ _ _ _ _ _ _ _ _ _ _ _ _ _ _ _ _ _ _ _ _ _ _ _ _ _ \n\nself = <selenium.webdriver.support.wait.WebDriverWait (session=\"ee6977d55a659c769022b15dd1e66be7\")>\nmethod = <function element_to_be_clickable.<locals>._predicate at 0x7bac4cf7de40>\nmessage = ''\n\n    def until(self, method, message: str = \"\"):\n        \"\"\"Calls the method provided with the driver as an argument until the \\\n        return value does not evaluate to ``False``.\n    \n        :param method: callable(WebDriver)\n        :param message: optional message for :exc:`TimeoutException`\n        :returns: the result of the last call to `method`\n        :raises: :exc:`selenium.common.exceptions.TimeoutException` if timeout occurs\n        \"\"\"\n        screen = None\n        stacktrace = None\n    \n        end_time = time.monotonic() + self._timeout\n        while True:\n            try:\n                value = method(self._driver)\n                if value:\n                    return value\n            except self._ignored_exceptions as exc:\n                screen = getattr(exc, \"screen\", None)\n                stacktrace = getattr(exc, \"stacktrace\", None)\n            time.sleep(self._poll)\n            if time.monotonic() > end_time:\n                break\n>       raise TimeoutException(message, screen, stacktrace)\nE       selenium.common.exceptions.TimeoutException: Message: \nE       Stacktrace:\nE       #0 0x62ba8b41dec3 <unknown>\nE       #1 0x62ba8b115ce6 <unknown>\nE       #2 0x62ba8b160e48 <unknown>\nE       #3 0x62ba8b160f01 <unknown>\nE       #4 0x62ba8b1a43f4 <unknown>\nE       #5 0x62ba8b182edd <unknown>\nE       #6 0x62ba8b1a1899 <unknown>\nE       #7 0x62ba8b182c53 <unknown>\nE       #8 0x62ba8b153db3 <unknown>\nE       #9 0x62ba8b15477e <unknown>\nE       #10 0x62ba8b3e37fb <unknown>\nE       #11 0x62ba8b3e7815 <unknown>\nE       #12 0x62ba8b3d1111 <unknown>\nE       #13 0x62ba8b3e83a2 <unknown>\nE       #14 0x62ba8b3b51ef <unknown>\nE       #15 0x62ba8b40c4b8 <unknown>\nE       #16 0x62ba8b40c6b3 <unknown>\nE       #17 0x62ba8b41d074 <unknown>\nE       #18 0x7d6c90094ac3 <unknown>\n\n.venv/lib/python3.11/site-packages/selenium/webdriver/support/wait.py:95: TimeoutException","flaky":false,"newFailed":false,"newBroken":false,"newPassed":false,"retriesCount":0,"retriesStatusChange":false,"beforeStages":[{"name":"base_url","time":{"start":1710810039636,"stop":1710810039636,"duration":0},"status":"passed","steps":[],"attachments":[],"parameters":[],"shouldDisplayMessage":false,"stepsCount":0,"attachmentsCount":0,"hasContent":false,"attachmentStep":false},{"name":"_verify_url","time":{"start":1710810039636,"stop":1710810039636,"duration":0},"status":"passed","steps":[],"attachments":[],"parameters":[],"shouldDisplayMessage":false,"stepsCount":0,"attachmentsCount":0,"hasContent":false,"attachmentStep":false},{"name":"secret_data","time":{"start":1710810039636,"stop":1710810039637,"duration":1},"status":"passed","steps":[],"attachments":[],"parameters":[],"shouldDisplayMessage":false,"stepsCount":0,"attachmentsCount":0,"hasContent":false,"attachmentStep":false},{"name":"json_data","time":{"start":1710810039637,"stop":1710810039637,"duration":0},"status":"passed","steps":[],"attachments":[],"parameters":[],"shouldDisplayMessage":false,"stepsCount":0,"attachmentsCount":0,"hasContent":false,"attachmentStep":false},{"name":"setup_method_fixture","time":{"start":1710810077879,"stop":1710810088181,"duration":10302},"status":"broken","statusMessage":"selenium.common.exceptions.TimeoutException: Message: \nStacktrace:\n#0 0x62ba8b41dec3 <unknown>\n#1 0x62ba8b115ce6 <unknown>\n#2 0x62ba8b160e48 <unknown>\n#3 0x62ba8b160f01 <unknown>\n#4 0x62ba8b1a43f4 <unknown>\n#5 0x62ba8b182edd <unknown>\n#6 0x62ba8b1a1899 <unknown>\n#7 0x62ba8b182c53 <unknown>\n#8 0x62ba8b153db3 <unknown>\n#9 0x62ba8b15477e <unknown>\n#10 0x62ba8b3e37fb <unknown>\n#11 0x62ba8b3e7815 <unknown>\n#12 0x62ba8b3d1111 <unknown>\n#13 0x62ba8b3e83a2 <unknown>\n#14 0x62ba8b3b51ef <unknown>\n#15 0x62ba8b40c4b8 <unknown>\n#16 0x62ba8b40c6b3 <unknown>\n#17 0x62ba8b41d074 <unknown>\n#18 0x7d6c90094ac3 <unknown>\n\n","statusTrace":"  File \"/home/runner/work/kisangateway-test/kisangateway-test/.venv/lib/python3.11/site-packages/pluggy/_callers.py\", line 80, in _multicall\n    res = hook_impl.function(*args)\n          ^^^^^^^^^^^^^^^^^^^^^^^^^\n  File \"/home/runner/work/kisangateway-test/kisangateway-test/.venv/lib/python3.11/site-packages/_pytest/fixtures.py\", line 1123, in pytest_fixture_setup\n    result = call_fixture_func(fixturefunc, request, kwargs)\n             ^^^^^^^^^^^^^^^^^^^^^^^^^^^^^^^^^^^^^^^^^^^^^^^\n  File \"/home/runner/work/kisangateway-test/kisangateway-test/.venv/lib/python3.11/site-packages/_pytest/fixtures.py\", line 902, in call_fixture_func\n    fixture_result = fixturefunc(**kwargs)\n                     ^^^^^^^^^^^^^^^^^^^^^\n  File \"/home/runner/work/kisangateway-test/kisangateway-test/tests/test_workspaces.py\", line 23, in setup_method_fixture\n    login(secret_data, self.about_page, self.login_page)\n  File \"/home/runner/work/kisangateway-test/kisangateway-test/tests/test_workspaces.py\", line 13, in login\n    about_page.click_login_link()\n  File \"/home/runner/work/kisangateway-test/kisangateway-test/.venv/lib/python3.11/site-packages/allure_commons/_allure.py\", line 192, in impl\n    return func(*a, **kw)\n           ^^^^^^^^^^^^^^\n  File \"/home/runner/work/kisangateway-test/kisangateway-test/pages/about_page.py\", line 20, in click_login_link\n    self.click(self.LOGIN_LINK)\n  File \"/home/runner/work/kisangateway-test/kisangateway-test/pages/base_page.py\", line 38, in click\n    el: WebElement = self.wait.until(\n                     ^^^^^^^^^^^^^^^^\n  File \"/home/runner/work/kisangateway-test/kisangateway-test/.venv/lib/python3.11/site-packages/selenium/webdriver/support/wait.py\", line 95, in until\n    raise TimeoutException(message, screen, stacktrace)\n","steps":[{"name":"Click Login link","time":{"start":1710810077879,"stop":1710810088181,"duration":10302},"status":"broken","statusMessage":"selenium.common.exceptions.TimeoutException: Message: \nStacktrace:\n#0 0x62ba8b41dec3 <unknown>\n#1 0x62ba8b115ce6 <unknown>\n#2 0x62ba8b160e48 <unknown>\n#3 0x62ba8b160f01 <unknown>\n#4 0x62ba8b1a43f4 <unknown>\n#5 0x62ba8b182edd <unknown>\n#6 0x62ba8b1a1899 <unknown>\n#7 0x62ba8b182c53 <unknown>\n#8 0x62ba8b153db3 <unknown>\n#9 0x62ba8b15477e <unknown>\n#10 0x62ba8b3e37fb <unknown>\n#11 0x62ba8b3e7815 <unknown>\n#12 0x62ba8b3d1111 <unknown>\n#13 0x62ba8b3e83a2 <unknown>\n#14 0x62ba8b3b51ef <unknown>\n#15 0x62ba8b40c4b8 <unknown>\n#16 0x62ba8b40c6b3 <unknown>\n#17 0x62ba8b41d074 <unknown>\n#18 0x7d6c90094ac3 <unknown>\n\n","statusTrace":"  File \"/home/runner/work/kisangateway-test/kisangateway-test/.venv/lib/python3.11/site-packages/allure_commons/_allure.py\", line 192, in impl\n    return func(*a, **kw)\n           ^^^^^^^^^^^^^^\n  File \"/home/runner/work/kisangateway-test/kisangateway-test/pages/about_page.py\", line 20, in click_login_link\n    self.click(self.LOGIN_LINK)\n  File \"/home/runner/work/kisangateway-test/kisangateway-test/pages/base_page.py\", line 38, in click\n    el: WebElement = self.wait.until(\n                     ^^^^^^^^^^^^^^^^\n  File \"/home/runner/work/kisangateway-test/kisangateway-test/.venv/lib/python3.11/site-packages/selenium/webdriver/support/wait.py\", line 95, in until\n    raise TimeoutException(message, screen, stacktrace)\n","steps":[],"attachments":[],"parameters":[],"shouldDisplayMessage":true,"stepsCount":0,"attachmentsCount":0,"hasContent":true,"attachmentStep":false}],"attachments":[],"parameters":[],"shouldDisplayMessage":false,"stepsCount":1,"attachmentsCount":0,"hasContent":true,"attachmentStep":false}],"testStage":{"description":"Rename an existing workspace","status":"broken","statusMessage":"selenium.common.exceptions.TimeoutException: Message: \nStacktrace:\n#0 0x62ba8b41dec3 <unknown>\n#1 0x62ba8b115ce6 <unknown>\n#2 0x62ba8b160e48 <unknown>\n#3 0x62ba8b160f01 <unknown>\n#4 0x62ba8b1a43f4 <unknown>\n#5 0x62ba8b182edd <unknown>\n#6 0x62ba8b1a1899 <unknown>\n#7 0x62ba8b182c53 <unknown>\n#8 0x62ba8b153db3 <unknown>\n#9 0x62ba8b15477e <unknown>\n#10 0x62ba8b3e37fb <unknown>\n#11 0x62ba8b3e7815 <unknown>\n#12 0x62ba8b3d1111 <unknown>\n#13 0x62ba8b3e83a2 <unknown>\n#14 0x62ba8b3b51ef <unknown>\n#15 0x62ba8b40c4b8 <unknown>\n#16 0x62ba8b40c6b3 <unknown>\n#17 0x62ba8b41d074 <unknown>\n#18 0x7d6c90094ac3 <unknown>","statusTrace":"self = <tests.test_workspaces.TestWorkspaces object at 0x7bac4d1954d0>\nsecret_data = {'email': '', 'password': ''}\n\n    @pytest.fixture(autouse=True)\n    def setup_method_fixture(self, secret_data: dict):\n>       login(secret_data, self.about_page, self.login_page)\n\ntests/test_workspaces.py:23: \n_ _ _ _ _ _ _ _ _ _ _ _ _ _ _ _ _ _ _ _ _ _ _ _ _ _ _ _ _ _ _ _ _ _ _ _ _ _ _ _ \ntests/test_workspaces.py:13: in login\n    about_page.click_login_link()\npages/about_page.py:20: in click_login_link\n    self.click(self.LOGIN_LINK)\npages/base_page.py:38: in click\n    el: WebElement = self.wait.until(\n_ _ _ _ _ _ _ _ _ _ _ _ _ _ _ _ _ _ _ _ _ _ _ _ _ _ _ _ _ _ _ _ _ _ _ _ _ _ _ _ \n\nself = <selenium.webdriver.support.wait.WebDriverWait (session=\"ee6977d55a659c769022b15dd1e66be7\")>\nmethod = <function element_to_be_clickable.<locals>._predicate at 0x7bac4cf7de40>\nmessage = ''\n\n    def until(self, method, message: str = \"\"):\n        \"\"\"Calls the method provided with the driver as an argument until the \\\n        return value does not evaluate to ``False``.\n    \n        :param method: callable(WebDriver)\n        :param message: optional message for :exc:`TimeoutException`\n        :returns: the result of the last call to `method`\n        :raises: :exc:`selenium.common.exceptions.TimeoutException` if timeout occurs\n        \"\"\"\n        screen = None\n        stacktrace = None\n    \n        end_time = time.monotonic() + self._timeout\n        while True:\n            try:\n                value = method(self._driver)\n                if value:\n                    return value\n            except self._ignored_exceptions as exc:\n                screen = getattr(exc, \"screen\", None)\n                stacktrace = getattr(exc, \"stacktrace\", None)\n            time.sleep(self._poll)\n            if time.monotonic() > end_time:\n                break\n>       raise TimeoutException(message, screen, stacktrace)\nE       selenium.common.exceptions.TimeoutException: Message: \nE       Stacktrace:\nE       #0 0x62ba8b41dec3 <unknown>\nE       #1 0x62ba8b115ce6 <unknown>\nE       #2 0x62ba8b160e48 <unknown>\nE       #3 0x62ba8b160f01 <unknown>\nE       #4 0x62ba8b1a43f4 <unknown>\nE       #5 0x62ba8b182edd <unknown>\nE       #6 0x62ba8b1a1899 <unknown>\nE       #7 0x62ba8b182c53 <unknown>\nE       #8 0x62ba8b153db3 <unknown>\nE       #9 0x62ba8b15477e <unknown>\nE       #10 0x62ba8b3e37fb <unknown>\nE       #11 0x62ba8b3e7815 <unknown>\nE       #12 0x62ba8b3d1111 <unknown>\nE       #13 0x62ba8b3e83a2 <unknown>\nE       #14 0x62ba8b3b51ef <unknown>\nE       #15 0x62ba8b40c4b8 <unknown>\nE       #16 0x62ba8b40c6b3 <unknown>\nE       #17 0x62ba8b41d074 <unknown>\nE       #18 0x7d6c90094ac3 <unknown>\n\n.venv/lib/python3.11/site-packages/selenium/webdriver/support/wait.py:95: TimeoutException","steps":[],"attachments":[{"uid":"c95727eb6c636a8a","name":"public ip address","source":"c95727eb6c636a8a.txt","type":"text/plain","size":12},{"uid":"25fda72fcb5730d9","name":"Cookies","source":"25fda72fcb5730d9.json","type":"application/json","size":526},{"uid":"1d5adc380162e3cb","name":"Session Storage","source":"1d5adc380162e3cb.json","type":"application/json","size":2},{"uid":"c55d94e060878d12","name":"Local Storage","source":"c55d94e060878d12.json","type":"application/json","size":77},{"uid":"d9868d69fa11bd05","name":"Console Logs","source":"d9868d69fa11bd05.json","type":"application/json","size":310},{"uid":"5ccdbf148de3641f","name":"Full Page Screenshot","source":"5ccdbf148de3641f.png","type":"image/png","size":2477717},{"uid":"520d01bc6083acfa","name":"URL","source":"520d01bc6083acfa.uri","type":"text/uri-list","size":25},{"uid":"982816403c6cdd47","name":"Network Logs","source":"982816403c6cdd47.json","type":"application/json","size":1313029}],"parameters":[],"shouldDisplayMessage":true,"stepsCount":0,"attachmentsCount":8,"hasContent":true,"attachmentStep":false},"afterStages":[],"labels":[{"name":"story","value":"WorkSpaces Creation and Editing Functionality"},{"name":"epic","value":"Workspaces"},{"name":"severity","value":"normal"},{"name":"tag","value":"run(order=2)"},{"name":"parentSuite","value":"tests"},{"name":"suite","value":"test_workspaces"},{"name":"subSuite","value":"TestWorkspaces"},{"name":"host","value":"fv-az1426-186"},{"name":"thread","value":"2220-MainThread"},{"name":"framework","value":"pytest"},{"name":"language","value":"cpython3"},{"name":"package","value":"tests.test_workspaces"},{"name":"resultFormat","value":"allure2"}],"parameters":[],"links":[],"hidden":false,"retry":false,"extra":{"severity":"normal","retries":[],"categories":[{"name":"Test defects","matchedStatuses":[],"flaky":false}],"tags":["run(order=2)"]},"source":"545b9daec2097d46.json","parameterValues":[]}