{"uid":"6eba4db091c00ba","name":"Login with invalid credentials test","fullName":"tests.test_login.TestLogin#test_invalid_login","historyId":"d4a74b5adfb086f235dc50992a7adb79","time":{"start":1710810093673,"stop":1710810103852,"duration":10179},"description":"invalid login","descriptionHtml":"<p>invalid login</p>\n","status":"broken","statusMessage":"selenium.common.exceptions.TimeoutException: Message: \nStacktrace:\n#0 0x5f51a3ed6ec3 <unknown>\n#1 0x5f51a3bcece6 <unknown>\n#2 0x5f51a3c19e48 <unknown>\n#3 0x5f51a3c19f01 <unknown>\n#4 0x5f51a3c5d3f4 <unknown>\n#5 0x5f51a3c3bedd <unknown>\n#6 0x5f51a3c5a899 <unknown>\n#7 0x5f51a3c3bc53 <unknown>\n#8 0x5f51a3c0cdb3 <unknown>\n#9 0x5f51a3c0d77e <unknown>\n#10 0x5f51a3e9c7fb <unknown>\n#11 0x5f51a3ea0815 <unknown>\n#12 0x5f51a3e8a111 <unknown>\n#13 0x5f51a3ea13a2 <unknown>\n#14 0x5f51a3e6e1ef <unknown>\n#15 0x5f51a3ec54b8 <unknown>\n#16 0x5f51a3ec56b3 <unknown>\n#17 0x5f51a3ed6074 <unknown>\n#18 0x74910c694ac3 <unknown>","statusTrace":"self = <tests.test_login.TestLogin object at 0x7bac4d03a010>\nemail = 'nirt236@gmail.com', password = '123456'\njson_data = {'forgot_password': {'error_message': \"We can't find a user with that e-mail address.\", 'success_message': 'A reset li...you page', 'name': 'test', 'new_name': 'another test', 'no_project_found_msg': 'No project matches the criteria', ...}}\n\n    @allure.description(\"invalid login\")\n    @allure.title(\"Login with invalid credentials test\")\n    @pytest.mark.parametrize(\"email, password\", users)\n    @pytest.mark.run(order=3)\n    def test_invalid_login(self, email: str, password: str, json_data: dict):\n>       self.about_page.click_login_link()\n\ntests/test_login.py:22: \n_ _ _ _ _ _ _ _ _ _ _ _ _ _ _ _ _ _ _ _ _ _ _ _ _ _ _ _ _ _ _ _ _ _ _ _ _ _ _ _ \npages/about_page.py:20: in click_login_link\n    self.click(self.LOGIN_LINK)\npages/base_page.py:38: in click\n    el: WebElement = self.wait.until(\n_ _ _ _ _ _ _ _ _ _ _ _ _ _ _ _ _ _ _ _ _ _ _ _ _ _ _ _ _ _ _ _ _ _ _ _ _ _ _ _ \n\nself = <selenium.webdriver.support.wait.WebDriverWait (session=\"5a07d45db6ac5465030f57b687e7c89e\")>\nmethod = <function element_to_be_clickable.<locals>._predicate at 0x7bac4cc99440>\nmessage = ''\n\n    def until(self, method, message: str = \"\"):\n        \"\"\"Calls the method provided with the driver as an argument until the \\\n        return value does not evaluate to ``False``.\n    \n        :param method: callable(WebDriver)\n        :param message: optional message for :exc:`TimeoutException`\n        :returns: the result of the last call to `method`\n        :raises: :exc:`selenium.common.exceptions.TimeoutException` if timeout occurs\n        \"\"\"\n        screen = None\n        stacktrace = None\n    \n        end_time = time.monotonic() + self._timeout\n        while True:\n            try:\n                value = method(self._driver)\n                if value:\n                    return value\n            except self._ignored_exceptions as exc:\n                screen = getattr(exc, \"screen\", None)\n                stacktrace = getattr(exc, \"stacktrace\", None)\n            time.sleep(self._poll)\n            if time.monotonic() > end_time:\n                break\n>       raise TimeoutException(message, screen, stacktrace)\nE       selenium.common.exceptions.TimeoutException: Message: \nE       Stacktrace:\nE       #0 0x5f51a3ed6ec3 <unknown>\nE       #1 0x5f51a3bcece6 <unknown>\nE       #2 0x5f51a3c19e48 <unknown>\nE       #3 0x5f51a3c19f01 <unknown>\nE       #4 0x5f51a3c5d3f4 <unknown>\nE       #5 0x5f51a3c3bedd <unknown>\nE       #6 0x5f51a3c5a899 <unknown>\nE       #7 0x5f51a3c3bc53 <unknown>\nE       #8 0x5f51a3c0cdb3 <unknown>\nE       #9 0x5f51a3c0d77e <unknown>\nE       #10 0x5f51a3e9c7fb <unknown>\nE       #11 0x5f51a3ea0815 <unknown>\nE       #12 0x5f51a3e8a111 <unknown>\nE       #13 0x5f51a3ea13a2 <unknown>\nE       #14 0x5f51a3e6e1ef <unknown>\nE       #15 0x5f51a3ec54b8 <unknown>\nE       #16 0x5f51a3ec56b3 <unknown>\nE       #17 0x5f51a3ed6074 <unknown>\nE       #18 0x74910c694ac3 <unknown>\n\n.venv/lib/python3.11/site-packages/selenium/webdriver/support/wait.py:95: TimeoutException","flaky":false,"newFailed":false,"newBroken":false,"newPassed":false,"retriesCount":0,"retriesStatusChange":false,"beforeStages":[{"name":"base_url","time":{"start":1710810039636,"stop":1710810039636,"duration":0},"status":"passed","steps":[],"attachments":[],"parameters":[],"shouldDisplayMessage":false,"stepsCount":0,"attachmentsCount":0,"hasContent":false,"attachmentStep":false},{"name":"_verify_url","time":{"start":1710810039636,"stop":1710810039636,"duration":0},"status":"passed","steps":[],"attachments":[],"parameters":[],"shouldDisplayMessage":false,"stepsCount":0,"attachmentsCount":0,"hasContent":false,"attachmentStep":false},{"name":"json_data","time":{"start":1710810039637,"stop":1710810039637,"duration":0},"status":"passed","steps":[],"attachments":[],"parameters":[],"shouldDisplayMessage":false,"stepsCount":0,"attachmentsCount":0,"hasContent":false,"attachmentStep":false}],"testStage":{"description":"invalid login","status":"broken","statusMessage":"selenium.common.exceptions.TimeoutException: Message: \nStacktrace:\n#0 0x5f51a3ed6ec3 <unknown>\n#1 0x5f51a3bcece6 <unknown>\n#2 0x5f51a3c19e48 <unknown>\n#3 0x5f51a3c19f01 <unknown>\n#4 0x5f51a3c5d3f4 <unknown>\n#5 0x5f51a3c3bedd <unknown>\n#6 0x5f51a3c5a899 <unknown>\n#7 0x5f51a3c3bc53 <unknown>\n#8 0x5f51a3c0cdb3 <unknown>\n#9 0x5f51a3c0d77e <unknown>\n#10 0x5f51a3e9c7fb <unknown>\n#11 0x5f51a3ea0815 <unknown>\n#12 0x5f51a3e8a111 <unknown>\n#13 0x5f51a3ea13a2 <unknown>\n#14 0x5f51a3e6e1ef <unknown>\n#15 0x5f51a3ec54b8 <unknown>\n#16 0x5f51a3ec56b3 <unknown>\n#17 0x5f51a3ed6074 <unknown>\n#18 0x74910c694ac3 <unknown>","statusTrace":"self = <tests.test_login.TestLogin object at 0x7bac4d03a010>\nemail = 'nirt236@gmail.com', password = '123456'\njson_data = {'forgot_password': {'error_message': \"We can't find a user with that e-mail address.\", 'success_message': 'A reset li...you page', 'name': 'test', 'new_name': 'another test', 'no_project_found_msg': 'No project matches the criteria', ...}}\n\n    @allure.description(\"invalid login\")\n    @allure.title(\"Login with invalid credentials test\")\n    @pytest.mark.parametrize(\"email, password\", users)\n    @pytest.mark.run(order=3)\n    def test_invalid_login(self, email: str, password: str, json_data: dict):\n>       self.about_page.click_login_link()\n\ntests/test_login.py:22: \n_ _ _ _ _ _ _ _ _ _ _ _ _ _ _ _ _ _ _ _ _ _ _ _ _ _ _ _ _ _ _ _ _ _ _ _ _ _ _ _ \npages/about_page.py:20: in click_login_link\n    self.click(self.LOGIN_LINK)\npages/base_page.py:38: in click\n    el: WebElement = self.wait.until(\n_ _ _ _ _ _ _ _ _ _ _ _ _ _ _ _ _ _ _ _ _ _ _ _ _ _ _ _ _ _ _ _ _ _ _ _ _ _ _ _ \n\nself = <selenium.webdriver.support.wait.WebDriverWait (session=\"5a07d45db6ac5465030f57b687e7c89e\")>\nmethod = <function element_to_be_clickable.<locals>._predicate at 0x7bac4cc99440>\nmessage = ''\n\n    def until(self, method, message: str = \"\"):\n        \"\"\"Calls the method provided with the driver as an argument until the \\\n        return value does not evaluate to ``False``.\n    \n        :param method: callable(WebDriver)\n        :param message: optional message for :exc:`TimeoutException`\n        :returns: the result of the last call to `method`\n        :raises: :exc:`selenium.common.exceptions.TimeoutException` if timeout occurs\n        \"\"\"\n        screen = None\n        stacktrace = None\n    \n        end_time = time.monotonic() + self._timeout\n        while True:\n            try:\n                value = method(self._driver)\n                if value:\n                    return value\n            except self._ignored_exceptions as exc:\n                screen = getattr(exc, \"screen\", None)\n                stacktrace = getattr(exc, \"stacktrace\", None)\n            time.sleep(self._poll)\n            if time.monotonic() > end_time:\n                break\n>       raise TimeoutException(message, screen, stacktrace)\nE       selenium.common.exceptions.TimeoutException: Message: \nE       Stacktrace:\nE       #0 0x5f51a3ed6ec3 <unknown>\nE       #1 0x5f51a3bcece6 <unknown>\nE       #2 0x5f51a3c19e48 <unknown>\nE       #3 0x5f51a3c19f01 <unknown>\nE       #4 0x5f51a3c5d3f4 <unknown>\nE       #5 0x5f51a3c3bedd <unknown>\nE       #6 0x5f51a3c5a899 <unknown>\nE       #7 0x5f51a3c3bc53 <unknown>\nE       #8 0x5f51a3c0cdb3 <unknown>\nE       #9 0x5f51a3c0d77e <unknown>\nE       #10 0x5f51a3e9c7fb <unknown>\nE       #11 0x5f51a3ea0815 <unknown>\nE       #12 0x5f51a3e8a111 <unknown>\nE       #13 0x5f51a3ea13a2 <unknown>\nE       #14 0x5f51a3e6e1ef <unknown>\nE       #15 0x5f51a3ec54b8 <unknown>\nE       #16 0x5f51a3ec56b3 <unknown>\nE       #17 0x5f51a3ed6074 <unknown>\nE       #18 0x74910c694ac3 <unknown>\n\n.venv/lib/python3.11/site-packages/selenium/webdriver/support/wait.py:95: TimeoutException","steps":[{"name":"Click Login link","time":{"start":1710810093673,"stop":1710810103852,"duration":10179},"status":"broken","statusMessage":"selenium.common.exceptions.TimeoutException: Message: \nStacktrace:\n#0 0x5f51a3ed6ec3 <unknown>\n#1 0x5f51a3bcece6 <unknown>\n#2 0x5f51a3c19e48 <unknown>\n#3 0x5f51a3c19f01 <unknown>\n#4 0x5f51a3c5d3f4 <unknown>\n#5 0x5f51a3c3bedd <unknown>\n#6 0x5f51a3c5a899 <unknown>\n#7 0x5f51a3c3bc53 <unknown>\n#8 0x5f51a3c0cdb3 <unknown>\n#9 0x5f51a3c0d77e <unknown>\n#10 0x5f51a3e9c7fb <unknown>\n#11 0x5f51a3ea0815 <unknown>\n#12 0x5f51a3e8a111 <unknown>\n#13 0x5f51a3ea13a2 <unknown>\n#14 0x5f51a3e6e1ef <unknown>\n#15 0x5f51a3ec54b8 <unknown>\n#16 0x5f51a3ec56b3 <unknown>\n#17 0x5f51a3ed6074 <unknown>\n#18 0x74910c694ac3 <unknown>\n\n","statusTrace":"  File \"/home/runner/work/kisangateway-test/kisangateway-test/.venv/lib/python3.11/site-packages/allure_commons/_allure.py\", line 192, in impl\n    return func(*a, **kw)\n           ^^^^^^^^^^^^^^\n  File \"/home/runner/work/kisangateway-test/kisangateway-test/pages/about_page.py\", line 20, in click_login_link\n    self.click(self.LOGIN_LINK)\n  File \"/home/runner/work/kisangateway-test/kisangateway-test/pages/base_page.py\", line 38, in click\n    el: WebElement = self.wait.until(\n                     ^^^^^^^^^^^^^^^^\n  File \"/home/runner/work/kisangateway-test/kisangateway-test/.venv/lib/python3.11/site-packages/selenium/webdriver/support/wait.py\", line 95, in until\n    raise TimeoutException(message, screen, stacktrace)\n","steps":[],"attachments":[],"parameters":[],"shouldDisplayMessage":true,"stepsCount":0,"attachmentsCount":0,"hasContent":true,"attachmentStep":false}],"attachments":[{"uid":"661d1bbb19556499","name":"public ip address","source":"661d1bbb19556499.txt","type":"text/plain","size":12},{"uid":"c4dd981a47f20313","name":"Cookies","source":"c4dd981a47f20313.json","type":"application/json","size":526},{"uid":"9e77c104a9af5860","name":"Session Storage","source":"9e77c104a9af5860.json","type":"application/json","size":2},{"uid":"a878c0d219dd7541","name":"Local Storage","source":"a878c0d219dd7541.json","type":"application/json","size":77},{"uid":"be66bc8ed43ea2ec","name":"Console Logs","source":"be66bc8ed43ea2ec.json","type":"application/json","size":310},{"uid":"af8163c7df36f64b","name":"Full Page Screenshot","source":"af8163c7df36f64b.png","type":"image/png","size":2708060},{"uid":"593256ef86b87aa7","name":"URL","source":"593256ef86b87aa7.uri","type":"text/uri-list","size":25},{"uid":"34b80185e47ac52","name":"Network Logs","source":"34b80185e47ac52.json","type":"application/json","size":1313028}],"parameters":[],"shouldDisplayMessage":true,"stepsCount":1,"attachmentsCount":8,"hasContent":true,"attachmentStep":false},"afterStages":[],"labels":[{"name":"feature","value":"Login"},{"name":"epic","value":"Security"},{"name":"severity","value":"blocker"},{"name":"tag","value":"run(order=3)"},{"name":"tag","value":"security"},{"name":"parentSuite","value":"tests"},{"name":"suite","value":"test_login"},{"name":"subSuite","value":"TestLogin"},{"name":"host","value":"fv-az1426-186"},{"name":"thread","value":"2220-MainThread"},{"name":"framework","value":"pytest"},{"name":"language","value":"cpython3"},{"name":"package","value":"tests.test_login"},{"name":"resultFormat","value":"allure2"}],"parameters":[{"name":"email","value":"'nirt236@gmail.com'"},{"name":"password","value":"'123456'"}],"links":[],"hidden":false,"retry":false,"extra":{"severity":"blocker","retries":[],"categories":[{"name":"Test defects","matchedStatuses":[],"flaky":false}],"tags":["run(order=3)","security"]},"source":"6eba4db091c00ba.json","parameterValues":["'nirt236@gmail.com'","'123456'"]}