{"uid":"afb5c7e58c0ae9ba","name":"Forgot Password with invalid email test","fullName":"tests.test_forgot_password.TestForgotPassword#test_invalid_email","historyId":"3743e16c5d15da2a1434ee4e2dd39a43","time":{"start":1708650154425,"stop":1708650164809,"duration":10384},"description":"Forgot Password with invalid email address","descriptionHtml":"<p>Forgot Password with invalid email address</p>\n","status":"broken","statusMessage":"selenium.common.exceptions.TimeoutException: Message: \nStacktrace:\n#0 0x55b8477ca303 <unknown>\n#1 0x55b8474af2b7 <unknown>\n#2 0x55b8474facc0 <unknown>\n#3 0x55b8474fadb1 <unknown>\n#4 0x55b84753eb44 <unknown>\n#5 0x55b84751d3ad <unknown>\n#6 0x55b84753c07c <unknown>\n#7 0x55b84751d123 <unknown>\n#8 0x55b8474ed095 <unknown>\n#9 0x55b8474ee09e <unknown>\n#10 0x55b84778e6ab <unknown>\n#11 0x55b8477924ba <unknown>\n#12 0x55b84777af85 <unknown>\n#13 0x55b84779312f <unknown>\n#14 0x55b84775ee6f <unknown>\n#15 0x55b8477b75f8 <unknown>\n#16 0x55b8477b77c2 <unknown>\n#17 0x55b8477c94a4 <unknown>\n#18 0x7f9b6fe94ac3 <unknown>","statusTrace":"self = <tests.test_forgot_password.TestForgotPassword object at 0x7f9206f450d0>\nexcel_reader = <utils.excel_parser.ExcelParser object at 0x7f9206ee7050>\njson_data = {'forgot_password': {'error_message': \"We can't find a user with that e-mail address.\", 'success_message': 'A reset li...you page', 'name': 'test', 'new_name': 'another test', 'no_project_found_msg': 'No project matches the criteria', ...}}\n\n    @allure.description(\"Forgot Password with invalid email address\")\n    @allure.title(\"Forgot Password with invalid email test\")\n    def test_invalid_email(self, excel_reader, json_data: dict):\n        emails = excel_reader.read_from_excel(\"Emails\")\n>       self.about_page.click_login_link()\n\ntests/test_forgot_password.py:31: \n_ _ _ _ _ _ _ _ _ _ _ _ _ _ _ _ _ _ _ _ _ _ _ _ _ _ _ _ _ _ _ _ _ _ _ _ _ _ _ _ \npages/about_page.py:20: in click_login_link\n    self.click(self.LOGIN_LINK)\npages/base_page.py:38: in click\n    el: WebElement = self.wait.until(\n_ _ _ _ _ _ _ _ _ _ _ _ _ _ _ _ _ _ _ _ _ _ _ _ _ _ _ _ _ _ _ _ _ _ _ _ _ _ _ _ \n\nself = <selenium.webdriver.support.wait.WebDriverWait (session=\"b6d0ce9e9b715c12f1707ffcc1be7e4b\")>\nmethod = <function element_to_be_clickable.<locals>._predicate at 0x7f9206db6020>\nmessage = ''\n\n    def until(self, method, message: str = \"\"):\n        \"\"\"Calls the method provided with the driver as an argument until the \\\n        return value does not evaluate to ``False``.\n    \n        :param method: callable(WebDriver)\n        :param message: optional message for :exc:`TimeoutException`\n        :returns: the result of the last call to `method`\n        :raises: :exc:`selenium.common.exceptions.TimeoutException` if timeout occurs\n        \"\"\"\n        screen = None\n        stacktrace = None\n    \n        end_time = time.monotonic() + self._timeout\n        while True:\n            try:\n                value = method(self._driver)\n                if value:\n                    return value\n            except self._ignored_exceptions as exc:\n                screen = getattr(exc, \"screen\", None)\n                stacktrace = getattr(exc, \"stacktrace\", None)\n            time.sleep(self._poll)\n            if time.monotonic() > end_time:\n                break\n>       raise TimeoutException(message, screen, stacktrace)\nE       selenium.common.exceptions.TimeoutException: Message: \nE       Stacktrace:\nE       #0 0x55b8477ca303 <unknown>\nE       #1 0x55b8474af2b7 <unknown>\nE       #2 0x55b8474facc0 <unknown>\nE       #3 0x55b8474fadb1 <unknown>\nE       #4 0x55b84753eb44 <unknown>\nE       #5 0x55b84751d3ad <unknown>\nE       #6 0x55b84753c07c <unknown>\nE       #7 0x55b84751d123 <unknown>\nE       #8 0x55b8474ed095 <unknown>\nE       #9 0x55b8474ee09e <unknown>\nE       #10 0x55b84778e6ab <unknown>\nE       #11 0x55b8477924ba <unknown>\nE       #12 0x55b84777af85 <unknown>\nE       #13 0x55b84779312f <unknown>\nE       #14 0x55b84775ee6f <unknown>\nE       #15 0x55b8477b75f8 <unknown>\nE       #16 0x55b8477b77c2 <unknown>\nE       #17 0x55b8477c94a4 <unknown>\nE       #18 0x7f9b6fe94ac3 <unknown>\n\n.venv/lib/python3.11/site-packages/selenium/webdriver/support/wait.py:95: TimeoutException","flaky":false,"newFailed":false,"newBroken":false,"newPassed":false,"retriesCount":0,"retriesStatusChange":false,"beforeStages":[{"name":"_verify_url","time":{"start":1708649975008,"stop":1708649975009,"duration":1},"status":"passed","steps":[],"attachments":[],"parameters":[],"shouldDisplayMessage":false,"stepsCount":0,"attachmentsCount":0,"hasContent":false,"attachmentStep":false},{"name":"base_url","time":{"start":1708649975008,"stop":1708649975008,"duration":0},"status":"passed","steps":[],"attachments":[],"parameters":[],"shouldDisplayMessage":false,"stepsCount":0,"attachmentsCount":0,"hasContent":false,"attachmentStep":false},{"name":"json_data","time":{"start":1708649975009,"stop":1708649975009,"duration":0},"status":"passed","steps":[],"attachments":[],"parameters":[],"shouldDisplayMessage":false,"stepsCount":0,"attachmentsCount":0,"hasContent":false,"attachmentStep":false},{"name":"excel_reader","time":{"start":1708650154424,"stop":1708650154424,"duration":0},"status":"passed","steps":[],"attachments":[],"parameters":[],"shouldDisplayMessage":false,"stepsCount":0,"attachmentsCount":0,"hasContent":false,"attachmentStep":false}],"testStage":{"description":"Forgot Password with invalid email address","status":"broken","statusMessage":"selenium.common.exceptions.TimeoutException: Message: \nStacktrace:\n#0 0x55b8477ca303 <unknown>\n#1 0x55b8474af2b7 <unknown>\n#2 0x55b8474facc0 <unknown>\n#3 0x55b8474fadb1 <unknown>\n#4 0x55b84753eb44 <unknown>\n#5 0x55b84751d3ad <unknown>\n#6 0x55b84753c07c <unknown>\n#7 0x55b84751d123 <unknown>\n#8 0x55b8474ed095 <unknown>\n#9 0x55b8474ee09e <unknown>\n#10 0x55b84778e6ab <unknown>\n#11 0x55b8477924ba <unknown>\n#12 0x55b84777af85 <unknown>\n#13 0x55b84779312f <unknown>\n#14 0x55b84775ee6f <unknown>\n#15 0x55b8477b75f8 <unknown>\n#16 0x55b8477b77c2 <unknown>\n#17 0x55b8477c94a4 <unknown>\n#18 0x7f9b6fe94ac3 <unknown>","statusTrace":"self = <tests.test_forgot_password.TestForgotPassword object at 0x7f9206f450d0>\nexcel_reader = <utils.excel_parser.ExcelParser object at 0x7f9206ee7050>\njson_data = {'forgot_password': {'error_message': \"We can't find a user with that e-mail address.\", 'success_message': 'A reset li...you page', 'name': 'test', 'new_name': 'another test', 'no_project_found_msg': 'No project matches the criteria', ...}}\n\n    @allure.description(\"Forgot Password with invalid email address\")\n    @allure.title(\"Forgot Password with invalid email test\")\n    def test_invalid_email(self, excel_reader, json_data: dict):\n        emails = excel_reader.read_from_excel(\"Emails\")\n>       self.about_page.click_login_link()\n\ntests/test_forgot_password.py:31: \n_ _ _ _ _ _ _ _ _ _ _ _ _ _ _ _ _ _ _ _ _ _ _ _ _ _ _ _ _ _ _ _ _ _ _ _ _ _ _ _ \npages/about_page.py:20: in click_login_link\n    self.click(self.LOGIN_LINK)\npages/base_page.py:38: in click\n    el: WebElement = self.wait.until(\n_ _ _ _ _ _ _ _ _ _ _ _ _ _ _ _ _ _ _ _ _ _ _ _ _ _ _ _ _ _ _ _ _ _ _ _ _ _ _ _ \n\nself = <selenium.webdriver.support.wait.WebDriverWait (session=\"b6d0ce9e9b715c12f1707ffcc1be7e4b\")>\nmethod = <function element_to_be_clickable.<locals>._predicate at 0x7f9206db6020>\nmessage = ''\n\n    def until(self, method, message: str = \"\"):\n        \"\"\"Calls the method provided with the driver as an argument until the \\\n        return value does not evaluate to ``False``.\n    \n        :param method: callable(WebDriver)\n        :param message: optional message for :exc:`TimeoutException`\n        :returns: the result of the last call to `method`\n        :raises: :exc:`selenium.common.exceptions.TimeoutException` if timeout occurs\n        \"\"\"\n        screen = None\n        stacktrace = None\n    \n        end_time = time.monotonic() + self._timeout\n        while True:\n            try:\n                value = method(self._driver)\n                if value:\n                    return value\n            except self._ignored_exceptions as exc:\n                screen = getattr(exc, \"screen\", None)\n                stacktrace = getattr(exc, \"stacktrace\", None)\n            time.sleep(self._poll)\n            if time.monotonic() > end_time:\n                break\n>       raise TimeoutException(message, screen, stacktrace)\nE       selenium.common.exceptions.TimeoutException: Message: \nE       Stacktrace:\nE       #0 0x55b8477ca303 <unknown>\nE       #1 0x55b8474af2b7 <unknown>\nE       #2 0x55b8474facc0 <unknown>\nE       #3 0x55b8474fadb1 <unknown>\nE       #4 0x55b84753eb44 <unknown>\nE       #5 0x55b84751d3ad <unknown>\nE       #6 0x55b84753c07c <unknown>\nE       #7 0x55b84751d123 <unknown>\nE       #8 0x55b8474ed095 <unknown>\nE       #9 0x55b8474ee09e <unknown>\nE       #10 0x55b84778e6ab <unknown>\nE       #11 0x55b8477924ba <unknown>\nE       #12 0x55b84777af85 <unknown>\nE       #13 0x55b84779312f <unknown>\nE       #14 0x55b84775ee6f <unknown>\nE       #15 0x55b8477b75f8 <unknown>\nE       #16 0x55b8477b77c2 <unknown>\nE       #17 0x55b8477c94a4 <unknown>\nE       #18 0x7f9b6fe94ac3 <unknown>\n\n.venv/lib/python3.11/site-packages/selenium/webdriver/support/wait.py:95: TimeoutException","steps":[{"name":"Click Login link","time":{"start":1708650154511,"stop":1708650164808,"duration":10297},"status":"broken","statusMessage":"selenium.common.exceptions.TimeoutException: Message: \nStacktrace:\n#0 0x55b8477ca303 <unknown>\n#1 0x55b8474af2b7 <unknown>\n#2 0x55b8474facc0 <unknown>\n#3 0x55b8474fadb1 <unknown>\n#4 0x55b84753eb44 <unknown>\n#5 0x55b84751d3ad <unknown>\n#6 0x55b84753c07c <unknown>\n#7 0x55b84751d123 <unknown>\n#8 0x55b8474ed095 <unknown>\n#9 0x55b8474ee09e <unknown>\n#10 0x55b84778e6ab <unknown>\n#11 0x55b8477924ba <unknown>\n#12 0x55b84777af85 <unknown>\n#13 0x55b84779312f <unknown>\n#14 0x55b84775ee6f <unknown>\n#15 0x55b8477b75f8 <unknown>\n#16 0x55b8477b77c2 <unknown>\n#17 0x55b8477c94a4 <unknown>\n#18 0x7f9b6fe94ac3 <unknown>\n\n","statusTrace":"  File \"/home/runner/work/kisangateway-test/kisangateway-test/.venv/lib/python3.11/site-packages/allure_commons/_allure.py\", line 192, in impl\n    return func(*a, **kw)\n           ^^^^^^^^^^^^^^\n  File \"/home/runner/work/kisangateway-test/kisangateway-test/pages/about_page.py\", line 20, in click_login_link\n    self.click(self.LOGIN_LINK)\n  File \"/home/runner/work/kisangateway-test/kisangateway-test/pages/base_page.py\", line 38, in click\n    el: WebElement = self.wait.until(\n                     ^^^^^^^^^^^^^^^^\n  File \"/home/runner/work/kisangateway-test/kisangateway-test/.venv/lib/python3.11/site-packages/selenium/webdriver/support/wait.py\", line 95, in until\n    raise TimeoutException(message, screen, stacktrace)\n","steps":[],"attachments":[],"parameters":[],"shouldDisplayMessage":true,"stepsCount":0,"attachmentsCount":0,"hasContent":true,"attachmentStep":false}],"attachments":[{"uid":"71f9bc11ec30d774","name":"public ip address","source":"71f9bc11ec30d774.txt","type":"text/plain","size":13},{"uid":"cad713638e9908b3","name":"Cookies","source":"cad713638e9908b3.json","type":"application/json","size":526},{"uid":"db7e580590a2edc3","name":"Session Storage","source":"db7e580590a2edc3.json","type":"application/json","size":2},{"uid":"45a9a1a2a54b6474","name":"Local Storage","source":"45a9a1a2a54b6474.json","type":"application/json","size":77},{"uid":"eb48eb5ecfd91ff3","name":"Console Logs","source":"eb48eb5ecfd91ff3.json","type":"application/json","size":310},{"uid":"eefd79f534874b56","name":"Full Page Screenshot","source":"eefd79f534874b56.png","type":"image/png","size":2476349},{"uid":"f906484c9de30f2d","name":"URL","source":"f906484c9de30f2d.uri","type":"text/uri-list","size":25},{"uid":"fdf29dd6848b94b4","name":"Network Logs","source":"fdf29dd6848b94b4.json","type":"application/json","size":1284260}],"parameters":[],"shouldDisplayMessage":true,"stepsCount":1,"attachmentsCount":8,"hasContent":true,"attachmentStep":false},"afterStages":[],"labels":[{"name":"story","value":"Forgot Password Feature's Functionality"},{"name":"subSuite","value":"Custom sub suite"},{"name":"parentSuite","value":"Custom parent suite"},{"name":"severity","value":"critical"},{"name":"epic","value":"Security"},{"name":"suite","value":"Custom suite"},{"name":"tag","value":"security"},{"name":"host","value":"fv-az1433-36"},{"name":"thread","value":"2195-MainThread"},{"name":"framework","value":"pytest"},{"name":"language","value":"cpython3"},{"name":"package","value":"tests.test_forgot_password"},{"name":"resultFormat","value":"allure2"}],"parameters":[],"links":[],"hidden":false,"retry":false,"extra":{"severity":"critical","retries":[],"categories":[{"name":"Test defects","matchedStatuses":[],"flaky":false}],"tags":["security"]},"source":"afb5c7e58c0ae9ba.json","parameterValues":[]}