{"uid":"c96db62bf0caa0e","name":"Login with invalid credentials test","fullName":"tests.test_login.TestLogin#test_invalid_login","historyId":"d4a74b5adfb086f235dc50992a7adb79","time":{"start":1708650025576,"stop":1708650035864,"duration":10288},"description":"invalid login","descriptionHtml":"<p>invalid login</p>\n","status":"broken","statusMessage":"selenium.common.exceptions.TimeoutException: Message: \nStacktrace:\n#0 0x55f0ca905303 <unknown>\n#1 0x55f0ca5ea2b7 <unknown>\n#2 0x55f0ca635cc0 <unknown>\n#3 0x55f0ca635db1 <unknown>\n#4 0x55f0ca679b44 <unknown>\n#5 0x55f0ca6583ad <unknown>\n#6 0x55f0ca67707c <unknown>\n#7 0x55f0ca658123 <unknown>\n#8 0x55f0ca628095 <unknown>\n#9 0x55f0ca62909e <unknown>\n#10 0x55f0ca8c96ab <unknown>\n#11 0x55f0ca8cd4ba <unknown>\n#12 0x55f0ca8b5f85 <unknown>\n#13 0x55f0ca8ce12f <unknown>\n#14 0x55f0ca899e6f <unknown>\n#15 0x55f0ca8f25f8 <unknown>\n#16 0x55f0ca8f27c2 <unknown>\n#17 0x55f0ca9044a4 <unknown>\n#18 0x7fbbf0094ac3 <unknown>","statusTrace":"self = <tests.test_login.TestLogin object at 0x7f92071d9510>\nemail = 'nirt236@gmail.com', password = '123456'\njson_data = {'forgot_password': {'error_message': \"We can't find a user with that e-mail address.\", 'success_message': 'A reset li...you page', 'name': 'test', 'new_name': 'another test', 'no_project_found_msg': 'No project matches the criteria', ...}}\n\n    @allure.description(\"invalid login\")\n    @allure.title(\"Login with invalid credentials test\")\n    @pytest.mark.parametrize(\"email, password\", users)\n    @pytest.mark.run(order=3)\n    def test_invalid_login(self, email: str, password: str, json_data: dict):\n>       self.about_page.click_login_link()\n\ntests/test_login.py:22: \n_ _ _ _ _ _ _ _ _ _ _ _ _ _ _ _ _ _ _ _ _ _ _ _ _ _ _ _ _ _ _ _ _ _ _ _ _ _ _ _ \npages/about_page.py:20: in click_login_link\n    self.click(self.LOGIN_LINK)\npages/base_page.py:38: in click\n    el: WebElement = self.wait.until(\n_ _ _ _ _ _ _ _ _ _ _ _ _ _ _ _ _ _ _ _ _ _ _ _ _ _ _ _ _ _ _ _ _ _ _ _ _ _ _ _ \n\nself = <selenium.webdriver.support.wait.WebDriverWait (session=\"43b3197d206faf8ed44e82b97f54364d\")>\nmethod = <function element_to_be_clickable.<locals>._predicate at 0x7f9206cdd3a0>\nmessage = ''\n\n    def until(self, method, message: str = \"\"):\n        \"\"\"Calls the method provided with the driver as an argument until the \\\n        return value does not evaluate to ``False``.\n    \n        :param method: callable(WebDriver)\n        :param message: optional message for :exc:`TimeoutException`\n        :returns: the result of the last call to `method`\n        :raises: :exc:`selenium.common.exceptions.TimeoutException` if timeout occurs\n        \"\"\"\n        screen = None\n        stacktrace = None\n    \n        end_time = time.monotonic() + self._timeout\n        while True:\n            try:\n                value = method(self._driver)\n                if value:\n                    return value\n            except self._ignored_exceptions as exc:\n                screen = getattr(exc, \"screen\", None)\n                stacktrace = getattr(exc, \"stacktrace\", None)\n            time.sleep(self._poll)\n            if time.monotonic() > end_time:\n                break\n>       raise TimeoutException(message, screen, stacktrace)\nE       selenium.common.exceptions.TimeoutException: Message: \nE       Stacktrace:\nE       #0 0x55f0ca905303 <unknown>\nE       #1 0x55f0ca5ea2b7 <unknown>\nE       #2 0x55f0ca635cc0 <unknown>\nE       #3 0x55f0ca635db1 <unknown>\nE       #4 0x55f0ca679b44 <unknown>\nE       #5 0x55f0ca6583ad <unknown>\nE       #6 0x55f0ca67707c <unknown>\nE       #7 0x55f0ca658123 <unknown>\nE       #8 0x55f0ca628095 <unknown>\nE       #9 0x55f0ca62909e <unknown>\nE       #10 0x55f0ca8c96ab <unknown>\nE       #11 0x55f0ca8cd4ba <unknown>\nE       #12 0x55f0ca8b5f85 <unknown>\nE       #13 0x55f0ca8ce12f <unknown>\nE       #14 0x55f0ca899e6f <unknown>\nE       #15 0x55f0ca8f25f8 <unknown>\nE       #16 0x55f0ca8f27c2 <unknown>\nE       #17 0x55f0ca9044a4 <unknown>\nE       #18 0x7fbbf0094ac3 <unknown>\n\n.venv/lib/python3.11/site-packages/selenium/webdriver/support/wait.py:95: TimeoutException","flaky":false,"newFailed":false,"newBroken":false,"newPassed":false,"retriesCount":0,"retriesStatusChange":false,"beforeStages":[{"name":"_verify_url","time":{"start":1708649975008,"stop":1708649975009,"duration":1},"status":"passed","steps":[],"attachments":[],"parameters":[],"shouldDisplayMessage":false,"stepsCount":0,"attachmentsCount":0,"hasContent":false,"attachmentStep":false},{"name":"base_url","time":{"start":1708649975008,"stop":1708649975008,"duration":0},"status":"passed","steps":[],"attachments":[],"parameters":[],"shouldDisplayMessage":false,"stepsCount":0,"attachmentsCount":0,"hasContent":false,"attachmentStep":false},{"name":"json_data","time":{"start":1708649975009,"stop":1708649975009,"duration":0},"status":"passed","steps":[],"attachments":[],"parameters":[],"shouldDisplayMessage":false,"stepsCount":0,"attachmentsCount":0,"hasContent":false,"attachmentStep":false}],"testStage":{"description":"invalid login","status":"broken","statusMessage":"selenium.common.exceptions.TimeoutException: Message: \nStacktrace:\n#0 0x55f0ca905303 <unknown>\n#1 0x55f0ca5ea2b7 <unknown>\n#2 0x55f0ca635cc0 <unknown>\n#3 0x55f0ca635db1 <unknown>\n#4 0x55f0ca679b44 <unknown>\n#5 0x55f0ca6583ad <unknown>\n#6 0x55f0ca67707c <unknown>\n#7 0x55f0ca658123 <unknown>\n#8 0x55f0ca628095 <unknown>\n#9 0x55f0ca62909e <unknown>\n#10 0x55f0ca8c96ab <unknown>\n#11 0x55f0ca8cd4ba <unknown>\n#12 0x55f0ca8b5f85 <unknown>\n#13 0x55f0ca8ce12f <unknown>\n#14 0x55f0ca899e6f <unknown>\n#15 0x55f0ca8f25f8 <unknown>\n#16 0x55f0ca8f27c2 <unknown>\n#17 0x55f0ca9044a4 <unknown>\n#18 0x7fbbf0094ac3 <unknown>","statusTrace":"self = <tests.test_login.TestLogin object at 0x7f92071d9510>\nemail = 'nirt236@gmail.com', password = '123456'\njson_data = {'forgot_password': {'error_message': \"We can't find a user with that e-mail address.\", 'success_message': 'A reset li...you page', 'name': 'test', 'new_name': 'another test', 'no_project_found_msg': 'No project matches the criteria', ...}}\n\n    @allure.description(\"invalid login\")\n    @allure.title(\"Login with invalid credentials test\")\n    @pytest.mark.parametrize(\"email, password\", users)\n    @pytest.mark.run(order=3)\n    def test_invalid_login(self, email: str, password: str, json_data: dict):\n>       self.about_page.click_login_link()\n\ntests/test_login.py:22: \n_ _ _ _ _ _ _ _ _ _ _ _ _ _ _ _ _ _ _ _ _ _ _ _ _ _ _ _ _ _ _ _ _ _ _ _ _ _ _ _ \npages/about_page.py:20: in click_login_link\n    self.click(self.LOGIN_LINK)\npages/base_page.py:38: in click\n    el: WebElement = self.wait.until(\n_ _ _ _ _ _ _ _ _ _ _ _ _ _ _ _ _ _ _ _ _ _ _ _ _ _ _ _ _ _ _ _ _ _ _ _ _ _ _ _ \n\nself = <selenium.webdriver.support.wait.WebDriverWait (session=\"43b3197d206faf8ed44e82b97f54364d\")>\nmethod = <function element_to_be_clickable.<locals>._predicate at 0x7f9206cdd3a0>\nmessage = ''\n\n    def until(self, method, message: str = \"\"):\n        \"\"\"Calls the method provided with the driver as an argument until the \\\n        return value does not evaluate to ``False``.\n    \n        :param method: callable(WebDriver)\n        :param message: optional message for :exc:`TimeoutException`\n        :returns: the result of the last call to `method`\n        :raises: :exc:`selenium.common.exceptions.TimeoutException` if timeout occurs\n        \"\"\"\n        screen = None\n        stacktrace = None\n    \n        end_time = time.monotonic() + self._timeout\n        while True:\n            try:\n                value = method(self._driver)\n                if value:\n                    return value\n            except self._ignored_exceptions as exc:\n                screen = getattr(exc, \"screen\", None)\n                stacktrace = getattr(exc, \"stacktrace\", None)\n            time.sleep(self._poll)\n            if time.monotonic() > end_time:\n                break\n>       raise TimeoutException(message, screen, stacktrace)\nE       selenium.common.exceptions.TimeoutException: Message: \nE       Stacktrace:\nE       #0 0x55f0ca905303 <unknown>\nE       #1 0x55f0ca5ea2b7 <unknown>\nE       #2 0x55f0ca635cc0 <unknown>\nE       #3 0x55f0ca635db1 <unknown>\nE       #4 0x55f0ca679b44 <unknown>\nE       #5 0x55f0ca6583ad <unknown>\nE       #6 0x55f0ca67707c <unknown>\nE       #7 0x55f0ca658123 <unknown>\nE       #8 0x55f0ca628095 <unknown>\nE       #9 0x55f0ca62909e <unknown>\nE       #10 0x55f0ca8c96ab <unknown>\nE       #11 0x55f0ca8cd4ba <unknown>\nE       #12 0x55f0ca8b5f85 <unknown>\nE       #13 0x55f0ca8ce12f <unknown>\nE       #14 0x55f0ca899e6f <unknown>\nE       #15 0x55f0ca8f25f8 <unknown>\nE       #16 0x55f0ca8f27c2 <unknown>\nE       #17 0x55f0ca9044a4 <unknown>\nE       #18 0x7fbbf0094ac3 <unknown>\n\n.venv/lib/python3.11/site-packages/selenium/webdriver/support/wait.py:95: TimeoutException","steps":[{"name":"Click Login link","time":{"start":1708650025576,"stop":1708650035863,"duration":10287},"status":"broken","statusMessage":"selenium.common.exceptions.TimeoutException: Message: \nStacktrace:\n#0 0x55f0ca905303 <unknown>\n#1 0x55f0ca5ea2b7 <unknown>\n#2 0x55f0ca635cc0 <unknown>\n#3 0x55f0ca635db1 <unknown>\n#4 0x55f0ca679b44 <unknown>\n#5 0x55f0ca6583ad <unknown>\n#6 0x55f0ca67707c <unknown>\n#7 0x55f0ca658123 <unknown>\n#8 0x55f0ca628095 <unknown>\n#9 0x55f0ca62909e <unknown>\n#10 0x55f0ca8c96ab <unknown>\n#11 0x55f0ca8cd4ba <unknown>\n#12 0x55f0ca8b5f85 <unknown>\n#13 0x55f0ca8ce12f <unknown>\n#14 0x55f0ca899e6f <unknown>\n#15 0x55f0ca8f25f8 <unknown>\n#16 0x55f0ca8f27c2 <unknown>\n#17 0x55f0ca9044a4 <unknown>\n#18 0x7fbbf0094ac3 <unknown>\n\n","statusTrace":"  File \"/home/runner/work/kisangateway-test/kisangateway-test/.venv/lib/python3.11/site-packages/allure_commons/_allure.py\", line 192, in impl\n    return func(*a, **kw)\n           ^^^^^^^^^^^^^^\n  File \"/home/runner/work/kisangateway-test/kisangateway-test/pages/about_page.py\", line 20, in click_login_link\n    self.click(self.LOGIN_LINK)\n  File \"/home/runner/work/kisangateway-test/kisangateway-test/pages/base_page.py\", line 38, in click\n    el: WebElement = self.wait.until(\n                     ^^^^^^^^^^^^^^^^\n  File \"/home/runner/work/kisangateway-test/kisangateway-test/.venv/lib/python3.11/site-packages/selenium/webdriver/support/wait.py\", line 95, in until\n    raise TimeoutException(message, screen, stacktrace)\n","steps":[],"attachments":[],"parameters":[],"shouldDisplayMessage":true,"stepsCount":0,"attachmentsCount":0,"hasContent":true,"attachmentStep":false}],"attachments":[{"uid":"68423ecdd908c8b3","name":"public ip address","source":"68423ecdd908c8b3.txt","type":"text/plain","size":13},{"uid":"ffcd9e59c93806c2","name":"Cookies","source":"ffcd9e59c93806c2.json","type":"application/json","size":525},{"uid":"3f2ff9cd08bd8c5d","name":"Session Storage","source":"3f2ff9cd08bd8c5d.json","type":"application/json","size":2},{"uid":"c2e0eecf6539a736","name":"Local Storage","source":"c2e0eecf6539a736.json","type":"application/json","size":77},{"uid":"7803ea6106392d47","name":"Console Logs","source":"7803ea6106392d47.json","type":"application/json","size":310},{"uid":"5635f78a3438a7c7","name":"Full Page Screenshot","source":"5635f78a3438a7c7.png","type":"image/png","size":2476349},{"uid":"a288b8d1e874ebc8","name":"URL","source":"a288b8d1e874ebc8.uri","type":"text/uri-list","size":25},{"uid":"979d58992e7868d1","name":"Network Logs","source":"979d58992e7868d1.json","type":"application/json","size":1284288}],"parameters":[],"shouldDisplayMessage":true,"stepsCount":1,"attachmentsCount":8,"hasContent":true,"attachmentStep":false},"afterStages":[],"labels":[{"name":"feature","value":"Login"},{"name":"epic","value":"Security"},{"name":"severity","value":"blocker"},{"name":"tag","value":"run(order=3)"},{"name":"tag","value":"security"},{"name":"parentSuite","value":"tests"},{"name":"suite","value":"test_login"},{"name":"subSuite","value":"TestLogin"},{"name":"host","value":"fv-az1433-36"},{"name":"thread","value":"2195-MainThread"},{"name":"framework","value":"pytest"},{"name":"language","value":"cpython3"},{"name":"package","value":"tests.test_login"},{"name":"resultFormat","value":"allure2"}],"parameters":[{"name":"email","value":"'nirt236@gmail.com'"},{"name":"password","value":"'123456'"}],"links":[],"hidden":false,"retry":false,"extra":{"severity":"blocker","retries":[],"categories":[{"name":"Test defects","matchedStatuses":[],"flaky":false}],"tags":["run(order=3)","security"]},"source":"c96db62bf0caa0e.json","parameterValues":["'nirt236@gmail.com'","'123456'"]}