{"uid":"d5c7a9d1c5309332","name":"Exception test","fullName":"tests.test_forgot_password.TestForgotPassword#test_expected_exception_on_page_title","historyId":"cf4fc082d0d58c4cc0a6263c56ab7f00","time":{"start":1708650167123,"stop":1708650177426,"duration":10303},"description":"Exception catching","descriptionHtml":"<p>Exception catching</p>\n","status":"broken","statusMessage":"selenium.common.exceptions.TimeoutException: Message: \nStacktrace:\n#0 0x555777461303 <unknown>\n#1 0x5557771462b7 <unknown>\n#2 0x555777191cc0 <unknown>\n#3 0x555777191db1 <unknown>\n#4 0x5557771d5b44 <unknown>\n#5 0x5557771b43ad <unknown>\n#6 0x5557771d307c <unknown>\n#7 0x5557771b4123 <unknown>\n#8 0x555777184095 <unknown>\n#9 0x55577718509e <unknown>\n#10 0x5557774256ab <unknown>\n#11 0x5557774294ba <unknown>\n#12 0x555777411f85 <unknown>\n#13 0x55577742a12f <unknown>\n#14 0x5557773f5e6f <unknown>\n#15 0x55577744e5f8 <unknown>\n#16 0x55577744e7c2 <unknown>\n#17 0x5557774604a4 <unknown>\n#18 0x7f8e8bc94ac3 <unknown>","statusTrace":"self = <tests.test_forgot_password.TestForgotPassword object at 0x7f9206f46750>\n\n    @allure.description(\"Exception catching\")\n    @allure.title(\"Exception test\")\n    @allure.link(\"https://github.com/allure-examples/\", name=\"Allure Examples\")\n    @allure.issue(\n        \"https://github.com/allure-examples/allure-examples/issues/1\", name=\"ISSUE-1\"\n    )\n    @allure.testcase(\n        \"https://github.com/allure-examples/allure-examples/issues/2\", name=\"TESTCASE-2\"\n    )\n    def test_expected_exception_on_page_title(self):\n>       self.about_page.click_login_link()\n\ntests/test_forgot_password.py:49: \n_ _ _ _ _ _ _ _ _ _ _ _ _ _ _ _ _ _ _ _ _ _ _ _ _ _ _ _ _ _ _ _ _ _ _ _ _ _ _ _ \npages/about_page.py:20: in click_login_link\n    self.click(self.LOGIN_LINK)\npages/base_page.py:38: in click\n    el: WebElement = self.wait.until(\n_ _ _ _ _ _ _ _ _ _ _ _ _ _ _ _ _ _ _ _ _ _ _ _ _ _ _ _ _ _ _ _ _ _ _ _ _ _ _ _ \n\nself = <selenium.webdriver.support.wait.WebDriverWait (session=\"e0cf9b04b4f056eb6c92fb759f0651e3\")>\nmethod = <function element_to_be_clickable.<locals>._predicate at 0x7f9206cdfc40>\nmessage = ''\n\n    def until(self, method, message: str = \"\"):\n        \"\"\"Calls the method provided with the driver as an argument until the \\\n        return value does not evaluate to ``False``.\n    \n        :param method: callable(WebDriver)\n        :param message: optional message for :exc:`TimeoutException`\n        :returns: the result of the last call to `method`\n        :raises: :exc:`selenium.common.exceptions.TimeoutException` if timeout occurs\n        \"\"\"\n        screen = None\n        stacktrace = None\n    \n        end_time = time.monotonic() + self._timeout\n        while True:\n            try:\n                value = method(self._driver)\n                if value:\n                    return value\n            except self._ignored_exceptions as exc:\n                screen = getattr(exc, \"screen\", None)\n                stacktrace = getattr(exc, \"stacktrace\", None)\n            time.sleep(self._poll)\n            if time.monotonic() > end_time:\n                break\n>       raise TimeoutException(message, screen, stacktrace)\nE       selenium.common.exceptions.TimeoutException: Message: \nE       Stacktrace:\nE       #0 0x555777461303 <unknown>\nE       #1 0x5557771462b7 <unknown>\nE       #2 0x555777191cc0 <unknown>\nE       #3 0x555777191db1 <unknown>\nE       #4 0x5557771d5b44 <unknown>\nE       #5 0x5557771b43ad <unknown>\nE       #6 0x5557771d307c <unknown>\nE       #7 0x5557771b4123 <unknown>\nE       #8 0x555777184095 <unknown>\nE       #9 0x55577718509e <unknown>\nE       #10 0x5557774256ab <unknown>\nE       #11 0x5557774294ba <unknown>\nE       #12 0x555777411f85 <unknown>\nE       #13 0x55577742a12f <unknown>\nE       #14 0x5557773f5e6f <unknown>\nE       #15 0x55577744e5f8 <unknown>\nE       #16 0x55577744e7c2 <unknown>\nE       #17 0x5557774604a4 <unknown>\nE       #18 0x7f8e8bc94ac3 <unknown>\n\n.venv/lib/python3.11/site-packages/selenium/webdriver/support/wait.py:95: TimeoutException","flaky":false,"newFailed":false,"newBroken":false,"newPassed":false,"retriesCount":0,"retriesStatusChange":false,"beforeStages":[{"name":"_verify_url","time":{"start":1708649975008,"stop":1708649975009,"duration":1},"status":"passed","steps":[],"attachments":[],"parameters":[],"shouldDisplayMessage":false,"stepsCount":0,"attachmentsCount":0,"hasContent":false,"attachmentStep":false},{"name":"base_url","time":{"start":1708649975008,"stop":1708649975008,"duration":0},"status":"passed","steps":[],"attachments":[],"parameters":[],"shouldDisplayMessage":false,"stepsCount":0,"attachmentsCount":0,"hasContent":false,"attachmentStep":false}],"testStage":{"description":"Exception catching","status":"broken","statusMessage":"selenium.common.exceptions.TimeoutException: Message: \nStacktrace:\n#0 0x555777461303 <unknown>\n#1 0x5557771462b7 <unknown>\n#2 0x555777191cc0 <unknown>\n#3 0x555777191db1 <unknown>\n#4 0x5557771d5b44 <unknown>\n#5 0x5557771b43ad <unknown>\n#6 0x5557771d307c <unknown>\n#7 0x5557771b4123 <unknown>\n#8 0x555777184095 <unknown>\n#9 0x55577718509e <unknown>\n#10 0x5557774256ab <unknown>\n#11 0x5557774294ba <unknown>\n#12 0x555777411f85 <unknown>\n#13 0x55577742a12f <unknown>\n#14 0x5557773f5e6f <unknown>\n#15 0x55577744e5f8 <unknown>\n#16 0x55577744e7c2 <unknown>\n#17 0x5557774604a4 <unknown>\n#18 0x7f8e8bc94ac3 <unknown>","statusTrace":"self = <tests.test_forgot_password.TestForgotPassword object at 0x7f9206f46750>\n\n    @allure.description(\"Exception catching\")\n    @allure.title(\"Exception test\")\n    @allure.link(\"https://github.com/allure-examples/\", name=\"Allure Examples\")\n    @allure.issue(\n        \"https://github.com/allure-examples/allure-examples/issues/1\", name=\"ISSUE-1\"\n    )\n    @allure.testcase(\n        \"https://github.com/allure-examples/allure-examples/issues/2\", name=\"TESTCASE-2\"\n    )\n    def test_expected_exception_on_page_title(self):\n>       self.about_page.click_login_link()\n\ntests/test_forgot_password.py:49: \n_ _ _ _ _ _ _ _ _ _ _ _ _ _ _ _ _ _ _ _ _ _ _ _ _ _ _ _ _ _ _ _ _ _ _ _ _ _ _ _ \npages/about_page.py:20: in click_login_link\n    self.click(self.LOGIN_LINK)\npages/base_page.py:38: in click\n    el: WebElement = self.wait.until(\n_ _ _ _ _ _ _ _ _ _ _ _ _ _ _ _ _ _ _ _ _ _ _ _ _ _ _ _ _ _ _ _ _ _ _ _ _ _ _ _ \n\nself = <selenium.webdriver.support.wait.WebDriverWait (session=\"e0cf9b04b4f056eb6c92fb759f0651e3\")>\nmethod = <function element_to_be_clickable.<locals>._predicate at 0x7f9206cdfc40>\nmessage = ''\n\n    def until(self, method, message: str = \"\"):\n        \"\"\"Calls the method provided with the driver as an argument until the \\\n        return value does not evaluate to ``False``.\n    \n        :param method: callable(WebDriver)\n        :param message: optional message for :exc:`TimeoutException`\n        :returns: the result of the last call to `method`\n        :raises: :exc:`selenium.common.exceptions.TimeoutException` if timeout occurs\n        \"\"\"\n        screen = None\n        stacktrace = None\n    \n        end_time = time.monotonic() + self._timeout\n        while True:\n            try:\n                value = method(self._driver)\n                if value:\n                    return value\n            except self._ignored_exceptions as exc:\n                screen = getattr(exc, \"screen\", None)\n                stacktrace = getattr(exc, \"stacktrace\", None)\n            time.sleep(self._poll)\n            if time.monotonic() > end_time:\n                break\n>       raise TimeoutException(message, screen, stacktrace)\nE       selenium.common.exceptions.TimeoutException: Message: \nE       Stacktrace:\nE       #0 0x555777461303 <unknown>\nE       #1 0x5557771462b7 <unknown>\nE       #2 0x555777191cc0 <unknown>\nE       #3 0x555777191db1 <unknown>\nE       #4 0x5557771d5b44 <unknown>\nE       #5 0x5557771b43ad <unknown>\nE       #6 0x5557771d307c <unknown>\nE       #7 0x5557771b4123 <unknown>\nE       #8 0x555777184095 <unknown>\nE       #9 0x55577718509e <unknown>\nE       #10 0x5557774256ab <unknown>\nE       #11 0x5557774294ba <unknown>\nE       #12 0x555777411f85 <unknown>\nE       #13 0x55577742a12f <unknown>\nE       #14 0x5557773f5e6f <unknown>\nE       #15 0x55577744e5f8 <unknown>\nE       #16 0x55577744e7c2 <unknown>\nE       #17 0x5557774604a4 <unknown>\nE       #18 0x7f8e8bc94ac3 <unknown>\n\n.venv/lib/python3.11/site-packages/selenium/webdriver/support/wait.py:95: TimeoutException","steps":[{"name":"Click Login link","time":{"start":1708650167123,"stop":1708650177425,"duration":10302},"status":"broken","statusMessage":"selenium.common.exceptions.TimeoutException: Message: \nStacktrace:\n#0 0x555777461303 <unknown>\n#1 0x5557771462b7 <unknown>\n#2 0x555777191cc0 <unknown>\n#3 0x555777191db1 <unknown>\n#4 0x5557771d5b44 <unknown>\n#5 0x5557771b43ad <unknown>\n#6 0x5557771d307c <unknown>\n#7 0x5557771b4123 <unknown>\n#8 0x555777184095 <unknown>\n#9 0x55577718509e <unknown>\n#10 0x5557774256ab <unknown>\n#11 0x5557774294ba <unknown>\n#12 0x555777411f85 <unknown>\n#13 0x55577742a12f <unknown>\n#14 0x5557773f5e6f <unknown>\n#15 0x55577744e5f8 <unknown>\n#16 0x55577744e7c2 <unknown>\n#17 0x5557774604a4 <unknown>\n#18 0x7f8e8bc94ac3 <unknown>\n\n","statusTrace":"  File \"/home/runner/work/kisangateway-test/kisangateway-test/.venv/lib/python3.11/site-packages/allure_commons/_allure.py\", line 192, in impl\n    return func(*a, **kw)\n           ^^^^^^^^^^^^^^\n  File \"/home/runner/work/kisangateway-test/kisangateway-test/pages/about_page.py\", line 20, in click_login_link\n    self.click(self.LOGIN_LINK)\n  File \"/home/runner/work/kisangateway-test/kisangateway-test/pages/base_page.py\", line 38, in click\n    el: WebElement = self.wait.until(\n                     ^^^^^^^^^^^^^^^^\n  File \"/home/runner/work/kisangateway-test/kisangateway-test/.venv/lib/python3.11/site-packages/selenium/webdriver/support/wait.py\", line 95, in until\n    raise TimeoutException(message, screen, stacktrace)\n","steps":[],"attachments":[],"parameters":[],"shouldDisplayMessage":true,"stepsCount":0,"attachmentsCount":0,"hasContent":true,"attachmentStep":false}],"attachments":[{"uid":"924e658984e0a3f6","name":"public ip address","source":"924e658984e0a3f6.txt","type":"text/plain","size":13},{"uid":"12fc5e31bfdb22a9","name":"Cookies","source":"12fc5e31bfdb22a9.json","type":"application/json","size":526},{"uid":"d5865a98f3144b9","name":"Session Storage","source":"d5865a98f3144b9.json","type":"application/json","size":2},{"uid":"916e9d0bde22b3f6","name":"Local Storage","source":"916e9d0bde22b3f6.json","type":"application/json","size":77},{"uid":"3a00318d1f212dee","name":"Console Logs","source":"3a00318d1f212dee.json","type":"application/json","size":310},{"uid":"1c4e907d2f31c0b8","name":"Full Page Screenshot","source":"1c4e907d2f31c0b8.png","type":"image/png","size":2476349},{"uid":"22392eabb39c7e3","name":"URL","source":"22392eabb39c7e3.uri","type":"text/uri-list","size":25},{"uid":"f8bff6dfef4e3005","name":"Network Logs","source":"f8bff6dfef4e3005.json","type":"application/json","size":1284241}],"parameters":[],"shouldDisplayMessage":true,"stepsCount":1,"attachmentsCount":8,"hasContent":true,"attachmentStep":false},"afterStages":[],"labels":[{"name":"story","value":"Forgot Password Feature's Functionality"},{"name":"subSuite","value":"Custom sub suite"},{"name":"parentSuite","value":"Custom parent suite"},{"name":"severity","value":"critical"},{"name":"epic","value":"Security"},{"name":"suite","value":"Custom suite"},{"name":"tag","value":"security"},{"name":"host","value":"fv-az1433-36"},{"name":"thread","value":"2195-MainThread"},{"name":"framework","value":"pytest"},{"name":"language","value":"cpython3"},{"name":"package","value":"tests.test_forgot_password"},{"name":"resultFormat","value":"allure2"}],"parameters":[],"links":[{"name":"TESTCASE-2","url":"https://github.com/allure-examples/allure-examples/issues/2","type":"tms"},{"name":"ISSUE-1","url":"https://github.com/allure-examples/allure-examples/issues/1","type":"issue"},{"name":"Allure Examples","url":"https://github.com/allure-examples/","type":"link"}],"hidden":false,"retry":false,"extra":{"severity":"critical","retries":[],"categories":[{"name":"Test defects","matchedStatuses":[],"flaky":false}],"tags":["security"]},"source":"d5c7a9d1c5309332.json","parameterValues":[]}