{"uid":"cef796efa1f30af5","name":"Forgot Password with invalid email test","fullName":"tests.test_forgot_password.TestForgotPassword#test_invalid_email","historyId":"3743e16c5d15da2a1434ee4e2dd39a43","time":{"start":1702083950005,"stop":1702083960332,"duration":10327},"description":"Forgot Password with invalid email address","descriptionHtml":"<p>Forgot Password with invalid email address</p>\n","status":"broken","statusMessage":"selenium.common.exceptions.TimeoutException: Message: \nStacktrace:\n#0 0x55f4b90ee5e3 <unknown>\n#1 0x55f4b8db10b7 <unknown>\n#2 0x55f4b8dfef53 <unknown>\n#3 0x55f4b8dff051 <unknown>\n#4 0x55f4b8e449c4 <unknown>\n#5 0x55f4b8e25f1d <unknown>\n#6 0x55f4b8e41b3d <unknown>\n#7 0x55f4b8e25cc3 <unknown>\n#8 0x55f4b8df10e4 <unknown>\n#9 0x55f4b8df20ae <unknown>\n#10 0x55f4b90b4ce1 <unknown>\n#11 0x55f4b90b8b7e <unknown>\n#12 0x55f4b90a24b5 <unknown>\n#13 0x55f4b90b97d6 <unknown>\n#14 0x55f4b9085dbf <unknown>\n#15 0x55f4b90dc748 <unknown>\n#16 0x55f4b90dc917 <unknown>\n#17 0x55f4b90ed773 <unknown>\n#18 0x7f24b0a94ac3 <unknown>","statusTrace":"self = <tests.test_forgot_password.TestForgotPassword object at 0x7f177377d150>\nexcel_reader = <utils.excel_parser.ExcelParser object at 0x7f17735a65d0>\njson_data = {'forgot_password': {'error_message': \"We can't find a user with that e-mail address.\", 'success_message': 'A reset li...you page', 'name': 'test', 'new_name': 'another test', 'no_project_found_msg': 'No project matches the criteria', ...}}\n\n    @allure.description(\"Forgot Password with invalid email address\")\n    @allure.title(\"Forgot Password with invalid email test\")\n    def test_invalid_email(self, excel_reader, json_data: dict):\n        emails = excel_reader.read_from_excel(\"Emails\")\n>       self.about_page.click_login_link()\n\ntests/test_forgot_password.py:31: \n_ _ _ _ _ _ _ _ _ _ _ _ _ _ _ _ _ _ _ _ _ _ _ _ _ _ _ _ _ _ _ _ _ _ _ _ _ _ _ _ \npages/about_page.py:20: in click_login_link\n    self.click(self.LOGIN_LINK)\npages/base_page.py:38: in click\n    el: WebElement = self.wait.until(\n_ _ _ _ _ _ _ _ _ _ _ _ _ _ _ _ _ _ _ _ _ _ _ _ _ _ _ _ _ _ _ _ _ _ _ _ _ _ _ _ \n\nself = <selenium.webdriver.support.wait.WebDriverWait (session=\"83a9190e3f51a285588c2fe9bcaec610\")>\nmethod = <function element_to_be_clickable.<locals>._predicate at 0x7f17736ada80>\nmessage = ''\n\n    def until(self, method, message: str = \"\"):\n        \"\"\"Calls the method provided with the driver as an argument until the \\\n        return value does not evaluate to ``False``.\n    \n        :param method: callable(WebDriver)\n        :param message: optional message for :exc:`TimeoutException`\n        :returns: the result of the last call to `method`\n        :raises: :exc:`selenium.common.exceptions.TimeoutException` if timeout occurs\n        \"\"\"\n        screen = None\n        stacktrace = None\n    \n        end_time = time.monotonic() + self._timeout\n        while True:\n            try:\n                value = method(self._driver)\n                if value:\n                    return value\n            except self._ignored_exceptions as exc:\n                screen = getattr(exc, \"screen\", None)\n                stacktrace = getattr(exc, \"stacktrace\", None)\n            time.sleep(self._poll)\n            if time.monotonic() > end_time:\n                break\n>       raise TimeoutException(message, screen, stacktrace)\nE       selenium.common.exceptions.TimeoutException: Message: \nE       Stacktrace:\nE       #0 0x55f4b90ee5e3 <unknown>\nE       #1 0x55f4b8db10b7 <unknown>\nE       #2 0x55f4b8dfef53 <unknown>\nE       #3 0x55f4b8dff051 <unknown>\nE       #4 0x55f4b8e449c4 <unknown>\nE       #5 0x55f4b8e25f1d <unknown>\nE       #6 0x55f4b8e41b3d <unknown>\nE       #7 0x55f4b8e25cc3 <unknown>\nE       #8 0x55f4b8df10e4 <unknown>\nE       #9 0x55f4b8df20ae <unknown>\nE       #10 0x55f4b90b4ce1 <unknown>\nE       #11 0x55f4b90b8b7e <unknown>\nE       #12 0x55f4b90a24b5 <unknown>\nE       #13 0x55f4b90b97d6 <unknown>\nE       #14 0x55f4b9085dbf <unknown>\nE       #15 0x55f4b90dc748 <unknown>\nE       #16 0x55f4b90dc917 <unknown>\nE       #17 0x55f4b90ed773 <unknown>\nE       #18 0x7f24b0a94ac3 <unknown>\n\n.venv/lib/python3.11/site-packages/selenium/webdriver/support/wait.py:95: TimeoutException","flaky":false,"newFailed":false,"newBroken":false,"newPassed":false,"retriesCount":0,"retriesStatusChange":false,"beforeStages":[{"name":"_verify_url","time":{"start":1702083772743,"stop":1702083772743,"duration":0},"status":"passed","steps":[],"attachments":[],"parameters":[],"shouldDisplayMessage":false,"stepsCount":0,"attachmentsCount":0,"hasContent":false,"attachmentStep":false},{"name":"base_url","time":{"start":1702083772743,"stop":1702083772743,"duration":0},"status":"passed","steps":[],"attachments":[],"parameters":[],"shouldDisplayMessage":false,"stepsCount":0,"attachmentsCount":0,"hasContent":false,"attachmentStep":false},{"name":"json_data","time":{"start":1702083772744,"stop":1702083772744,"duration":0},"status":"passed","steps":[],"attachments":[],"parameters":[],"shouldDisplayMessage":false,"stepsCount":0,"attachmentsCount":0,"hasContent":false,"attachmentStep":false},{"name":"excel_reader","time":{"start":1702083950005,"stop":1702083950005,"duration":0},"status":"passed","steps":[],"attachments":[],"parameters":[],"shouldDisplayMessage":false,"stepsCount":0,"attachmentsCount":0,"hasContent":false,"attachmentStep":false}],"testStage":{"description":"Forgot Password with invalid email address","status":"broken","statusMessage":"selenium.common.exceptions.TimeoutException: Message: \nStacktrace:\n#0 0x55f4b90ee5e3 <unknown>\n#1 0x55f4b8db10b7 <unknown>\n#2 0x55f4b8dfef53 <unknown>\n#3 0x55f4b8dff051 <unknown>\n#4 0x55f4b8e449c4 <unknown>\n#5 0x55f4b8e25f1d <unknown>\n#6 0x55f4b8e41b3d <unknown>\n#7 0x55f4b8e25cc3 <unknown>\n#8 0x55f4b8df10e4 <unknown>\n#9 0x55f4b8df20ae <unknown>\n#10 0x55f4b90b4ce1 <unknown>\n#11 0x55f4b90b8b7e <unknown>\n#12 0x55f4b90a24b5 <unknown>\n#13 0x55f4b90b97d6 <unknown>\n#14 0x55f4b9085dbf <unknown>\n#15 0x55f4b90dc748 <unknown>\n#16 0x55f4b90dc917 <unknown>\n#17 0x55f4b90ed773 <unknown>\n#18 0x7f24b0a94ac3 <unknown>","statusTrace":"self = <tests.test_forgot_password.TestForgotPassword object at 0x7f177377d150>\nexcel_reader = <utils.excel_parser.ExcelParser object at 0x7f17735a65d0>\njson_data = {'forgot_password': {'error_message': \"We can't find a user with that e-mail address.\", 'success_message': 'A reset li...you page', 'name': 'test', 'new_name': 'another test', 'no_project_found_msg': 'No project matches the criteria', ...}}\n\n    @allure.description(\"Forgot Password with invalid email address\")\n    @allure.title(\"Forgot Password with invalid email test\")\n    def test_invalid_email(self, excel_reader, json_data: dict):\n        emails = excel_reader.read_from_excel(\"Emails\")\n>       self.about_page.click_login_link()\n\ntests/test_forgot_password.py:31: \n_ _ _ _ _ _ _ _ _ _ _ _ _ _ _ _ _ _ _ _ _ _ _ _ _ _ _ _ _ _ _ _ _ _ _ _ _ _ _ _ \npages/about_page.py:20: in click_login_link\n    self.click(self.LOGIN_LINK)\npages/base_page.py:38: in click\n    el: WebElement = self.wait.until(\n_ _ _ _ _ _ _ _ _ _ _ _ _ _ _ _ _ _ _ _ _ _ _ _ _ _ _ _ _ _ _ _ _ _ _ _ _ _ _ _ \n\nself = <selenium.webdriver.support.wait.WebDriverWait (session=\"83a9190e3f51a285588c2fe9bcaec610\")>\nmethod = <function element_to_be_clickable.<locals>._predicate at 0x7f17736ada80>\nmessage = ''\n\n    def until(self, method, message: str = \"\"):\n        \"\"\"Calls the method provided with the driver as an argument until the \\\n        return value does not evaluate to ``False``.\n    \n        :param method: callable(WebDriver)\n        :param message: optional message for :exc:`TimeoutException`\n        :returns: the result of the last call to `method`\n        :raises: :exc:`selenium.common.exceptions.TimeoutException` if timeout occurs\n        \"\"\"\n        screen = None\n        stacktrace = None\n    \n        end_time = time.monotonic() + self._timeout\n        while True:\n            try:\n                value = method(self._driver)\n                if value:\n                    return value\n            except self._ignored_exceptions as exc:\n                screen = getattr(exc, \"screen\", None)\n                stacktrace = getattr(exc, \"stacktrace\", None)\n            time.sleep(self._poll)\n            if time.monotonic() > end_time:\n                break\n>       raise TimeoutException(message, screen, stacktrace)\nE       selenium.common.exceptions.TimeoutException: Message: \nE       Stacktrace:\nE       #0 0x55f4b90ee5e3 <unknown>\nE       #1 0x55f4b8db10b7 <unknown>\nE       #2 0x55f4b8dfef53 <unknown>\nE       #3 0x55f4b8dff051 <unknown>\nE       #4 0x55f4b8e449c4 <unknown>\nE       #5 0x55f4b8e25f1d <unknown>\nE       #6 0x55f4b8e41b3d <unknown>\nE       #7 0x55f4b8e25cc3 <unknown>\nE       #8 0x55f4b8df10e4 <unknown>\nE       #9 0x55f4b8df20ae <unknown>\nE       #10 0x55f4b90b4ce1 <unknown>\nE       #11 0x55f4b90b8b7e <unknown>\nE       #12 0x55f4b90a24b5 <unknown>\nE       #13 0x55f4b90b97d6 <unknown>\nE       #14 0x55f4b9085dbf <unknown>\nE       #15 0x55f4b90dc748 <unknown>\nE       #16 0x55f4b90dc917 <unknown>\nE       #17 0x55f4b90ed773 <unknown>\nE       #18 0x7f24b0a94ac3 <unknown>\n\n.venv/lib/python3.11/site-packages/selenium/webdriver/support/wait.py:95: TimeoutException","steps":[{"name":"Click Login link","time":{"start":1702083950074,"stop":1702083960331,"duration":10257},"status":"broken","statusMessage":"selenium.common.exceptions.TimeoutException: Message: \nStacktrace:\n#0 0x55f4b90ee5e3 <unknown>\n#1 0x55f4b8db10b7 <unknown>\n#2 0x55f4b8dfef53 <unknown>\n#3 0x55f4b8dff051 <unknown>\n#4 0x55f4b8e449c4 <unknown>\n#5 0x55f4b8e25f1d <unknown>\n#6 0x55f4b8e41b3d <unknown>\n#7 0x55f4b8e25cc3 <unknown>\n#8 0x55f4b8df10e4 <unknown>\n#9 0x55f4b8df20ae <unknown>\n#10 0x55f4b90b4ce1 <unknown>\n#11 0x55f4b90b8b7e <unknown>\n#12 0x55f4b90a24b5 <unknown>\n#13 0x55f4b90b97d6 <unknown>\n#14 0x55f4b9085dbf <unknown>\n#15 0x55f4b90dc748 <unknown>\n#16 0x55f4b90dc917 <unknown>\n#17 0x55f4b90ed773 <unknown>\n#18 0x7f24b0a94ac3 <unknown>\n\n","statusTrace":"  File \"/home/runner/work/kisangateway-test/kisangateway-test/.venv/lib/python3.11/site-packages/allure_commons/_allure.py\", line 192, in impl\n    return func(*a, **kw)\n           ^^^^^^^^^^^^^^\n  File \"/home/runner/work/kisangateway-test/kisangateway-test/pages/about_page.py\", line 20, in click_login_link\n    self.click(self.LOGIN_LINK)\n  File \"/home/runner/work/kisangateway-test/kisangateway-test/pages/base_page.py\", line 38, in click\n    el: WebElement = self.wait.until(\n                     ^^^^^^^^^^^^^^^^\n  File \"/home/runner/work/kisangateway-test/kisangateway-test/.venv/lib/python3.11/site-packages/selenium/webdriver/support/wait.py\", line 95, in until\n    raise TimeoutException(message, screen, stacktrace)\n","steps":[],"attachments":[],"parameters":[],"shouldDisplayMessage":true,"stepsCount":0,"attachmentsCount":0,"hasContent":true,"attachmentStep":false}],"attachments":[{"uid":"c019b84c30feea5b","name":"public ip address","source":"c019b84c30feea5b.txt","type":"text/plain","size":12},{"uid":"212a29d6b931689c","name":"Cookies","source":"212a29d6b931689c.json","type":"application/json","size":2},{"uid":"2d91ae4295565106","name":"Session Storage","source":"2d91ae4295565106.json","type":"application/json","size":2},{"uid":"a5fa87bc8ace89ae","name":"Local Storage","source":"a5fa87bc8ace89ae.json","type":"application/json","size":2},{"uid":"9278e9ae7412665b","name":"Console Logs","source":"9278e9ae7412665b.json","type":"application/json","size":2},{"uid":"b3d1c37cd921d131","name":"Full Page Screenshot","source":"b3d1c37cd921d131.png","type":"image/png","size":2669391},{"uid":"6e61ec67fe195a8c","name":"URL","source":"6e61ec67fe195a8c.uri","type":"text/uri-list","size":25},{"uid":"cca705d711ff0f18","name":"Network Logs","source":"cca705d711ff0f18.json","type":"application/json","size":14022}],"parameters":[],"shouldDisplayMessage":true,"stepsCount":1,"attachmentsCount":8,"hasContent":true,"attachmentStep":false},"afterStages":[],"labels":[{"name":"story","value":"Forgot Password Feature's Functionality"},{"name":"epic","value":"Security"},{"name":"severity","value":"critical"},{"name":"parentSuite","value":"Custom parent suite"},{"name":"subSuite","value":"Custom sub suite"},{"name":"suite","value":"Custom suite"},{"name":"tag","value":"security"},{"name":"host","value":"fv-az738-978"},{"name":"thread","value":"2408-MainThread"},{"name":"framework","value":"pytest"},{"name":"language","value":"cpython3"},{"name":"package","value":"tests.test_forgot_password"},{"name":"resultFormat","value":"allure2"}],"parameters":[],"links":[],"hidden":false,"retry":false,"extra":{"severity":"critical","retries":[],"categories":[{"name":"Test defects","matchedStatuses":[],"flaky":false}],"tags":["security"]},"source":"cef796efa1f30af5.json","parameterValues":[]}