{"uid":"13bd590f6bbaef86","name":"Login with invalid credentials test","fullName":"tests.test_login.TestLogin#test_invalid_login","historyId":"ebd85894ef649ef37954355e1db2cb03","time":{"start":1695862866875,"stop":1695862877148,"duration":10273},"description":"invalid login","descriptionHtml":"<p>invalid login</p>\n","status":"broken","statusMessage":"selenium.common.exceptions.TimeoutException: Message: \nStacktrace:\n#0 0x5621948516c3 <unknown>\n#1 0x5621945271e7 <unknown>\n#2 0x56219456e566 <unknown>\n#3 0x56219456e651 <unknown>\n#4 0x5621945aba74 <unknown>\n#5 0x5621945900ed <unknown>\n#6 0x5621945a9322 <unknown>\n#7 0x56219458fe93 <unknown>\n#8 0x562194562934 <unknown>\n#9 0x56219456371e <unknown>\n#10 0x562194816cc8 <unknown>\n#11 0x56219481ac00 <unknown>\n#12 0x5621948251ac <unknown>\n#13 0x56219481b818 <unknown>\n#14 0x5621947e828f <unknown>\n#15 0x56219483fe98 <unknown>\n#16 0x562194840069 <unknown>\n#17 0x562194850853 <unknown>\n#18 0x7f9346894b43 <unknown>","statusTrace":"self = <tests.test_login.TestLogin object at 0x7fbee5429650>\nemail = 'elias@gmail.com', password = '12345Tr'\njson_data = {'forgot_password': {'error_message': \"We can't find a user with that e-mail address.\", 'success_message': 'A reset li...you page', 'name': 'test', 'new_name': 'another test', 'no_project_found_msg': 'No project matches the criteria', ...}}\n\n    @allure.description(\"invalid login\")\n    @allure.title(\"Login with invalid credentials test\")\n    @pytest.mark.parametrize(\"email, password\", users)\n    @pytest.mark.run(order=3)\n    def test_invalid_login(self, email: str, password: str, json_data: dict):\n>       self.about_page.click_login_link()\n\ntests/test_login.py:22: \n_ _ _ _ _ _ _ _ _ _ _ _ _ _ _ _ _ _ _ _ _ _ _ _ _ _ _ _ _ _ _ _ _ _ _ _ _ _ _ _ \npages/about_page.py:20: in click_login_link\n    self.click(self.LOGIN_LINK)\npages/base_page.py:38: in click\n    el: WebElement = self.wait.until(\n_ _ _ _ _ _ _ _ _ _ _ _ _ _ _ _ _ _ _ _ _ _ _ _ _ _ _ _ _ _ _ _ _ _ _ _ _ _ _ _ \n\nself = <selenium.webdriver.support.wait.WebDriverWait (session=\"27454edadcad1d386d8fe4f8238d9669\")>\nmethod = <function element_to_be_clickable.<locals>._predicate at 0x7fbee54bb7e0>\nmessage = ''\n\n    def until(self, method, message: str = \"\"):\n        \"\"\"Calls the method provided with the driver as an argument until the \\\n        return value does not evaluate to ``False``.\n    \n        :param method: callable(WebDriver)\n        :param message: optional message for :exc:`TimeoutException`\n        :returns: the result of the last call to `method`\n        :raises: :exc:`selenium.common.exceptions.TimeoutException` if timeout occurs\n        \"\"\"\n        screen = None\n        stacktrace = None\n    \n        end_time = time.monotonic() + self._timeout\n        while True:\n            try:\n                value = method(self._driver)\n                if value:\n                    return value\n            except self._ignored_exceptions as exc:\n                screen = getattr(exc, \"screen\", None)\n                stacktrace = getattr(exc, \"stacktrace\", None)\n            time.sleep(self._poll)\n            if time.monotonic() > end_time:\n                break\n>       raise TimeoutException(message, screen, stacktrace)\nE       selenium.common.exceptions.TimeoutException: Message: \nE       Stacktrace:\nE       #0 0x5621948516c3 <unknown>\nE       #1 0x5621945271e7 <unknown>\nE       #2 0x56219456e566 <unknown>\nE       #3 0x56219456e651 <unknown>\nE       #4 0x5621945aba74 <unknown>\nE       #5 0x5621945900ed <unknown>\nE       #6 0x5621945a9322 <unknown>\nE       #7 0x56219458fe93 <unknown>\nE       #8 0x562194562934 <unknown>\nE       #9 0x56219456371e <unknown>\nE       #10 0x562194816cc8 <unknown>\nE       #11 0x56219481ac00 <unknown>\nE       #12 0x5621948251ac <unknown>\nE       #13 0x56219481b818 <unknown>\nE       #14 0x5621947e828f <unknown>\nE       #15 0x56219483fe98 <unknown>\nE       #16 0x562194840069 <unknown>\nE       #17 0x562194850853 <unknown>\nE       #18 0x7f9346894b43 <unknown>\n\n.venv/lib/python3.11/site-packages/selenium/webdriver/support/wait.py:95: TimeoutException","flaky":false,"newFailed":false,"newBroken":false,"newPassed":false,"retriesCount":0,"retriesStatusChange":false,"beforeStages":[{"name":"base_url","time":{"start":1695862802100,"stop":1695862802100,"duration":0},"status":"passed","steps":[],"attachments":[],"parameters":[],"shouldDisplayMessage":false,"stepsCount":0,"attachmentsCount":0,"hasContent":false},{"name":"_verify_url","time":{"start":1695862802100,"stop":1695862802100,"duration":0},"status":"passed","steps":[],"attachments":[],"parameters":[],"shouldDisplayMessage":false,"stepsCount":0,"attachmentsCount":0,"hasContent":false},{"name":"json_data","time":{"start":1695862802101,"stop":1695862802101,"duration":0},"status":"passed","steps":[],"attachments":[],"parameters":[],"shouldDisplayMessage":false,"stepsCount":0,"attachmentsCount":0,"hasContent":false}],"testStage":{"description":"invalid login","status":"broken","statusMessage":"selenium.common.exceptions.TimeoutException: Message: \nStacktrace:\n#0 0x5621948516c3 <unknown>\n#1 0x5621945271e7 <unknown>\n#2 0x56219456e566 <unknown>\n#3 0x56219456e651 <unknown>\n#4 0x5621945aba74 <unknown>\n#5 0x5621945900ed <unknown>\n#6 0x5621945a9322 <unknown>\n#7 0x56219458fe93 <unknown>\n#8 0x562194562934 <unknown>\n#9 0x56219456371e <unknown>\n#10 0x562194816cc8 <unknown>\n#11 0x56219481ac00 <unknown>\n#12 0x5621948251ac <unknown>\n#13 0x56219481b818 <unknown>\n#14 0x5621947e828f <unknown>\n#15 0x56219483fe98 <unknown>\n#16 0x562194840069 <unknown>\n#17 0x562194850853 <unknown>\n#18 0x7f9346894b43 <unknown>","statusTrace":"self = <tests.test_login.TestLogin object at 0x7fbee5429650>\nemail = 'elias@gmail.com', password = '12345Tr'\njson_data = {'forgot_password': {'error_message': \"We can't find a user with that e-mail address.\", 'success_message': 'A reset li...you page', 'name': 'test', 'new_name': 'another test', 'no_project_found_msg': 'No project matches the criteria', ...}}\n\n    @allure.description(\"invalid login\")\n    @allure.title(\"Login with invalid credentials test\")\n    @pytest.mark.parametrize(\"email, password\", users)\n    @pytest.mark.run(order=3)\n    def test_invalid_login(self, email: str, password: str, json_data: dict):\n>       self.about_page.click_login_link()\n\ntests/test_login.py:22: \n_ _ _ _ _ _ _ _ _ _ _ _ _ _ _ _ _ _ _ _ _ _ _ _ _ _ _ _ _ _ _ _ _ _ _ _ _ _ _ _ \npages/about_page.py:20: in click_login_link\n    self.click(self.LOGIN_LINK)\npages/base_page.py:38: in click\n    el: WebElement = self.wait.until(\n_ _ _ _ _ _ _ _ _ _ _ _ _ _ _ _ _ _ _ _ _ _ _ _ _ _ _ _ _ _ _ _ _ _ _ _ _ _ _ _ \n\nself = <selenium.webdriver.support.wait.WebDriverWait (session=\"27454edadcad1d386d8fe4f8238d9669\")>\nmethod = <function element_to_be_clickable.<locals>._predicate at 0x7fbee54bb7e0>\nmessage = ''\n\n    def until(self, method, message: str = \"\"):\n        \"\"\"Calls the method provided with the driver as an argument until the \\\n        return value does not evaluate to ``False``.\n    \n        :param method: callable(WebDriver)\n        :param message: optional message for :exc:`TimeoutException`\n        :returns: the result of the last call to `method`\n        :raises: :exc:`selenium.common.exceptions.TimeoutException` if timeout occurs\n        \"\"\"\n        screen = None\n        stacktrace = None\n    \n        end_time = time.monotonic() + self._timeout\n        while True:\n            try:\n                value = method(self._driver)\n                if value:\n                    return value\n            except self._ignored_exceptions as exc:\n                screen = getattr(exc, \"screen\", None)\n                stacktrace = getattr(exc, \"stacktrace\", None)\n            time.sleep(self._poll)\n            if time.monotonic() > end_time:\n                break\n>       raise TimeoutException(message, screen, stacktrace)\nE       selenium.common.exceptions.TimeoutException: Message: \nE       Stacktrace:\nE       #0 0x5621948516c3 <unknown>\nE       #1 0x5621945271e7 <unknown>\nE       #2 0x56219456e566 <unknown>\nE       #3 0x56219456e651 <unknown>\nE       #4 0x5621945aba74 <unknown>\nE       #5 0x5621945900ed <unknown>\nE       #6 0x5621945a9322 <unknown>\nE       #7 0x56219458fe93 <unknown>\nE       #8 0x562194562934 <unknown>\nE       #9 0x56219456371e <unknown>\nE       #10 0x562194816cc8 <unknown>\nE       #11 0x56219481ac00 <unknown>\nE       #12 0x5621948251ac <unknown>\nE       #13 0x56219481b818 <unknown>\nE       #14 0x5621947e828f <unknown>\nE       #15 0x56219483fe98 <unknown>\nE       #16 0x562194840069 <unknown>\nE       #17 0x562194850853 <unknown>\nE       #18 0x7f9346894b43 <unknown>\n\n.venv/lib/python3.11/site-packages/selenium/webdriver/support/wait.py:95: TimeoutException","steps":[{"name":"Click Login link","time":{"start":1695862866875,"stop":1695862877147,"duration":10272},"status":"broken","statusMessage":"selenium.common.exceptions.TimeoutException: Message: \nStacktrace:\n#0 0x5621948516c3 <unknown>\n#1 0x5621945271e7 <unknown>\n#2 0x56219456e566 <unknown>\n#3 0x56219456e651 <unknown>\n#4 0x5621945aba74 <unknown>\n#5 0x5621945900ed <unknown>\n#6 0x5621945a9322 <unknown>\n#7 0x56219458fe93 <unknown>\n#8 0x562194562934 <unknown>\n#9 0x56219456371e <unknown>\n#10 0x562194816cc8 <unknown>\n#11 0x56219481ac00 <unknown>\n#12 0x5621948251ac <unknown>\n#13 0x56219481b818 <unknown>\n#14 0x5621947e828f <unknown>\n#15 0x56219483fe98 <unknown>\n#16 0x562194840069 <unknown>\n#17 0x562194850853 <unknown>\n#18 0x7f9346894b43 <unknown>\n\n","statusTrace":"  File \"/home/runner/work/kisangateway-test/kisangateway-test/.venv/lib/python3.11/site-packages/allure_commons/_allure.py\", line 192, in impl\n    return func(*a, **kw)\n           ^^^^^^^^^^^^^^\n  File \"/home/runner/work/kisangateway-test/kisangateway-test/pages/about_page.py\", line 20, in click_login_link\n    self.click(self.LOGIN_LINK)\n  File \"/home/runner/work/kisangateway-test/kisangateway-test/pages/base_page.py\", line 38, in click\n    el: WebElement = self.wait.until(\n                     ^^^^^^^^^^^^^^^^\n  File \"/home/runner/work/kisangateway-test/kisangateway-test/.venv/lib/python3.11/site-packages/selenium/webdriver/support/wait.py\", line 95, in until\n    raise TimeoutException(message, screen, stacktrace)\n","steps":[],"attachments":[],"parameters":[],"shouldDisplayMessage":true,"stepsCount":0,"attachmentsCount":0,"hasContent":true}],"attachments":[{"uid":"2e7e89f8f002c4a0","name":"public ip address","source":"2e7e89f8f002c4a0.txt","type":"text/plain","size":14},{"uid":"f98c1face4b006ec","name":"Cookies","source":"f98c1face4b006ec.json","type":"application/json","size":2},{"uid":"f0f3531df54874c5","name":"Session Storage","source":"f0f3531df54874c5.json","type":"application/json","size":2},{"uid":"a2af34161702326f","name":"Local Storage","source":"a2af34161702326f.json","type":"application/json","size":2},{"uid":"f16b4b4c5ad217f4","name":"Console Logs","source":"f16b4b4c5ad217f4.json","type":"application/json","size":2},{"uid":"6abcbf9353c0c838","name":"Full Page Screenshot","source":"6abcbf9353c0c838.png","type":"image/png","size":1543603},{"uid":"d91eac6f6d7988f5","name":"URL","source":"d91eac6f6d7988f5.uri","type":"text/uri-list","size":25},{"uid":"9b809c72daeb5bfc","name":"Network Logs","source":"9b809c72daeb5bfc.json","type":"application/json","size":2}],"parameters":[],"shouldDisplayMessage":true,"stepsCount":1,"attachmentsCount":8,"hasContent":true},"afterStages":[],"labels":[{"name":"epic","value":"Security"},{"name":"severity","value":"blocker"},{"name":"feature","value":"Login"},{"name":"tag","value":"run(order=3)"},{"name":"tag","value":"security"},{"name":"parentSuite","value":"tests"},{"name":"suite","value":"test_login"},{"name":"subSuite","value":"TestLogin"},{"name":"host","value":"fv-az447-262"},{"name":"thread","value":"2099-MainThread"},{"name":"framework","value":"pytest"},{"name":"language","value":"cpython3"},{"name":"package","value":"tests.test_login"},{"name":"resultFormat","value":"allure2"}],"parameters":[{"name":"email","value":"'elias@gmail.com'"},{"name":"password","value":"'12345Tr'"}],"links":[],"hidden":false,"retry":false,"extra":{"severity":"blocker","retries":[],"categories":[{"name":"Test defects","matchedStatuses":[],"flaky":false}],"tags":["run(order=3)","security"]},"source":"13bd590f6bbaef86.json","parameterValues":["'elias@gmail.com'","'12345Tr'"]}