{"uid":"b87dc30cbd3e261a","name":"Cancel a project deletion","fullName":"tests.test_workspaces.TestWorkspaces#test_cancel_project_deletion","historyId":"73e48f11612b8be9a40ce0a427a468f9","time":{"start":1704762460421,"stop":1704762460421,"duration":0},"description":"Cancel project deletion","descriptionHtml":"<p>Cancel project deletion</p>\n","status":"broken","statusMessage":"selenium.common.exceptions.TimeoutException: Message: \nStacktrace:\n#0 0x55ca04289d33 <unknown>\n#1 0x55ca03f46f87 <unknown>\n#2 0x55ca03f96c0e <unknown>\n#3 0x55ca03f96d11 <unknown>\n#4 0x55ca03fe2004 <unknown>\n#5 0x55ca03fc036d <unknown>\n#6 0x55ca03fdf297 <unknown>\n#7 0x55ca03fc00e3 <unknown>\n#8 0x55ca03f88044 <unknown>\n#9 0x55ca03f8944e <unknown>\n#10 0x55ca0424e861 <unknown>\n#11 0x55ca04252785 <unknown>\n#12 0x55ca0423c285 <unknown>\n#13 0x55ca0425341f <unknown>\n#14 0x55ca0422020f <unknown>\n#15 0x55ca04277028 <unknown>\n#16 0x55ca042771f7 <unknown>\n#17 0x55ca04288ed4 <unknown>\n#18 0x7fa157694ac3 <unknown>","statusTrace":"self = <tests.test_workspaces.TestWorkspaces object at 0x7ff4445c3a10>\nsecret_data = {'email': '', 'password': ''}\n\n    @pytest.fixture(autouse=True)\n    def setup_method_fixture(self, secret_data: dict):\n>       login(secret_data, self.about_page, self.login_page)\n\ntests/test_workspaces.py:23: \n_ _ _ _ _ _ _ _ _ _ _ _ _ _ _ _ _ _ _ _ _ _ _ _ _ _ _ _ _ _ _ _ _ _ _ _ _ _ _ _ \ntests/test_workspaces.py:13: in login\n    about_page.click_login_link()\npages/about_page.py:20: in click_login_link\n    self.click(self.LOGIN_LINK)\npages/base_page.py:38: in click\n    el: WebElement = self.wait.until(\n_ _ _ _ _ _ _ _ _ _ _ _ _ _ _ _ _ _ _ _ _ _ _ _ _ _ _ _ _ _ _ _ _ _ _ _ _ _ _ _ \n\nself = <selenium.webdriver.support.wait.WebDriverWait (session=\"29856752f45609f0705c96c3271ec41f\")>\nmethod = <function element_to_be_clickable.<locals>._predicate at 0x7ff444251e40>\nmessage = ''\n\n    def until(self, method, message: str = \"\"):\n        \"\"\"Calls the method provided with the driver as an argument until the \\\n        return value does not evaluate to ``False``.\n    \n        :param method: callable(WebDriver)\n        :param message: optional message for :exc:`TimeoutException`\n        :returns: the result of the last call to `method`\n        :raises: :exc:`selenium.common.exceptions.TimeoutException` if timeout occurs\n        \"\"\"\n        screen = None\n        stacktrace = None\n    \n        end_time = time.monotonic() + self._timeout\n        while True:\n            try:\n                value = method(self._driver)\n                if value:\n                    return value\n            except self._ignored_exceptions as exc:\n                screen = getattr(exc, \"screen\", None)\n                stacktrace = getattr(exc, \"stacktrace\", None)\n            time.sleep(self._poll)\n            if time.monotonic() > end_time:\n                break\n>       raise TimeoutException(message, screen, stacktrace)\nE       selenium.common.exceptions.TimeoutException: Message: \nE       Stacktrace:\nE       #0 0x55ca04289d33 <unknown>\nE       #1 0x55ca03f46f87 <unknown>\nE       #2 0x55ca03f96c0e <unknown>\nE       #3 0x55ca03f96d11 <unknown>\nE       #4 0x55ca03fe2004 <unknown>\nE       #5 0x55ca03fc036d <unknown>\nE       #6 0x55ca03fdf297 <unknown>\nE       #7 0x55ca03fc00e3 <unknown>\nE       #8 0x55ca03f88044 <unknown>\nE       #9 0x55ca03f8944e <unknown>\nE       #10 0x55ca0424e861 <unknown>\nE       #11 0x55ca04252785 <unknown>\nE       #12 0x55ca0423c285 <unknown>\nE       #13 0x55ca0425341f <unknown>\nE       #14 0x55ca0422020f <unknown>\nE       #15 0x55ca04277028 <unknown>\nE       #16 0x55ca042771f7 <unknown>\nE       #17 0x55ca04288ed4 <unknown>\nE       #18 0x7fa157694ac3 <unknown>\n\n.venv/lib/python3.11/site-packages/selenium/webdriver/support/wait.py:95: TimeoutException","flaky":false,"newFailed":false,"newBroken":false,"newPassed":false,"retriesCount":0,"retriesStatusChange":false,"beforeStages":[{"name":"base_url","time":{"start":1704762323993,"stop":1704762323993,"duration":0},"status":"passed","steps":[],"attachments":[],"parameters":[],"shouldDisplayMessage":false,"stepsCount":0,"attachmentsCount":0,"hasContent":false,"attachmentStep":false},{"name":"_verify_url","time":{"start":1704762323993,"stop":1704762323993,"duration":0},"status":"passed","steps":[],"attachments":[],"parameters":[],"shouldDisplayMessage":false,"stepsCount":0,"attachmentsCount":0,"hasContent":false,"attachmentStep":false},{"name":"json_data","time":{"start":1704762323994,"stop":1704762323994,"duration":0},"status":"passed","steps":[],"attachments":[],"parameters":[],"shouldDisplayMessage":false,"stepsCount":0,"attachmentsCount":0,"hasContent":false,"attachmentStep":false},{"name":"secret_data","time":{"start":1704762323994,"stop":1704762323994,"duration":0},"status":"passed","steps":[],"attachments":[],"parameters":[],"shouldDisplayMessage":false,"stepsCount":0,"attachmentsCount":0,"hasContent":false,"attachmentStep":false},{"name":"setup_method_fixture","time":{"start":1704762461547,"stop":1704762471734,"duration":10187},"status":"broken","statusMessage":"selenium.common.exceptions.TimeoutException: Message: \nStacktrace:\n#0 0x55ca04289d33 <unknown>\n#1 0x55ca03f46f87 <unknown>\n#2 0x55ca03f96c0e <unknown>\n#3 0x55ca03f96d11 <unknown>\n#4 0x55ca03fe2004 <unknown>\n#5 0x55ca03fc036d <unknown>\n#6 0x55ca03fdf297 <unknown>\n#7 0x55ca03fc00e3 <unknown>\n#8 0x55ca03f88044 <unknown>\n#9 0x55ca03f8944e <unknown>\n#10 0x55ca0424e861 <unknown>\n#11 0x55ca04252785 <unknown>\n#12 0x55ca0423c285 <unknown>\n#13 0x55ca0425341f <unknown>\n#14 0x55ca0422020f <unknown>\n#15 0x55ca04277028 <unknown>\n#16 0x55ca042771f7 <unknown>\n#17 0x55ca04288ed4 <unknown>\n#18 0x7fa157694ac3 <unknown>\n\n","statusTrace":"  File \"/home/runner/work/kisangateway-test/kisangateway-test/.venv/lib/python3.11/site-packages/pluggy/_callers.py\", line 80, in _multicall\n    res = hook_impl.function(*args)\n          ^^^^^^^^^^^^^^^^^^^^^^^^^\n  File \"/home/runner/work/kisangateway-test/kisangateway-test/.venv/lib/python3.11/site-packages/_pytest/fixtures.py\", line 1123, in pytest_fixture_setup\n    result = call_fixture_func(fixturefunc, request, kwargs)\n             ^^^^^^^^^^^^^^^^^^^^^^^^^^^^^^^^^^^^^^^^^^^^^^^\n  File \"/home/runner/work/kisangateway-test/kisangateway-test/.venv/lib/python3.11/site-packages/_pytest/fixtures.py\", line 902, in call_fixture_func\n    fixture_result = fixturefunc(**kwargs)\n                     ^^^^^^^^^^^^^^^^^^^^^\n  File \"/home/runner/work/kisangateway-test/kisangateway-test/tests/test_workspaces.py\", line 23, in setup_method_fixture\n    login(secret_data, self.about_page, self.login_page)\n  File \"/home/runner/work/kisangateway-test/kisangateway-test/tests/test_workspaces.py\", line 13, in login\n    about_page.click_login_link()\n  File \"/home/runner/work/kisangateway-test/kisangateway-test/.venv/lib/python3.11/site-packages/allure_commons/_allure.py\", line 192, in impl\n    return func(*a, **kw)\n           ^^^^^^^^^^^^^^\n  File \"/home/runner/work/kisangateway-test/kisangateway-test/pages/about_page.py\", line 20, in click_login_link\n    self.click(self.LOGIN_LINK)\n  File \"/home/runner/work/kisangateway-test/kisangateway-test/pages/base_page.py\", line 38, in click\n    el: WebElement = self.wait.until(\n                     ^^^^^^^^^^^^^^^^\n  File \"/home/runner/work/kisangateway-test/kisangateway-test/.venv/lib/python3.11/site-packages/selenium/webdriver/support/wait.py\", line 95, in until\n    raise TimeoutException(message, screen, stacktrace)\n","steps":[{"name":"Click Login link","time":{"start":1704762461547,"stop":1704762471734,"duration":10187},"status":"broken","statusMessage":"selenium.common.exceptions.TimeoutException: Message: \nStacktrace:\n#0 0x55ca04289d33 <unknown>\n#1 0x55ca03f46f87 <unknown>\n#2 0x55ca03f96c0e <unknown>\n#3 0x55ca03f96d11 <unknown>\n#4 0x55ca03fe2004 <unknown>\n#5 0x55ca03fc036d <unknown>\n#6 0x55ca03fdf297 <unknown>\n#7 0x55ca03fc00e3 <unknown>\n#8 0x55ca03f88044 <unknown>\n#9 0x55ca03f8944e <unknown>\n#10 0x55ca0424e861 <unknown>\n#11 0x55ca04252785 <unknown>\n#12 0x55ca0423c285 <unknown>\n#13 0x55ca0425341f <unknown>\n#14 0x55ca0422020f <unknown>\n#15 0x55ca04277028 <unknown>\n#16 0x55ca042771f7 <unknown>\n#17 0x55ca04288ed4 <unknown>\n#18 0x7fa157694ac3 <unknown>\n\n","statusTrace":"  File \"/home/runner/work/kisangateway-test/kisangateway-test/.venv/lib/python3.11/site-packages/allure_commons/_allure.py\", line 192, in impl\n    return func(*a, **kw)\n           ^^^^^^^^^^^^^^\n  File \"/home/runner/work/kisangateway-test/kisangateway-test/pages/about_page.py\", line 20, in click_login_link\n    self.click(self.LOGIN_LINK)\n  File \"/home/runner/work/kisangateway-test/kisangateway-test/pages/base_page.py\", line 38, in click\n    el: WebElement = self.wait.until(\n                     ^^^^^^^^^^^^^^^^\n  File \"/home/runner/work/kisangateway-test/kisangateway-test/.venv/lib/python3.11/site-packages/selenium/webdriver/support/wait.py\", line 95, in until\n    raise TimeoutException(message, screen, stacktrace)\n","steps":[],"attachments":[],"parameters":[],"shouldDisplayMessage":true,"stepsCount":0,"attachmentsCount":0,"hasContent":true,"attachmentStep":false}],"attachments":[],"parameters":[],"shouldDisplayMessage":false,"stepsCount":1,"attachmentsCount":0,"hasContent":true,"attachmentStep":false}],"testStage":{"description":"Cancel project deletion","status":"broken","statusMessage":"selenium.common.exceptions.TimeoutException: Message: \nStacktrace:\n#0 0x55ca04289d33 <unknown>\n#1 0x55ca03f46f87 <unknown>\n#2 0x55ca03f96c0e <unknown>\n#3 0x55ca03f96d11 <unknown>\n#4 0x55ca03fe2004 <unknown>\n#5 0x55ca03fc036d <unknown>\n#6 0x55ca03fdf297 <unknown>\n#7 0x55ca03fc00e3 <unknown>\n#8 0x55ca03f88044 <unknown>\n#9 0x55ca03f8944e <unknown>\n#10 0x55ca0424e861 <unknown>\n#11 0x55ca04252785 <unknown>\n#12 0x55ca0423c285 <unknown>\n#13 0x55ca0425341f <unknown>\n#14 0x55ca0422020f <unknown>\n#15 0x55ca04277028 <unknown>\n#16 0x55ca042771f7 <unknown>\n#17 0x55ca04288ed4 <unknown>\n#18 0x7fa157694ac3 <unknown>","statusTrace":"self = <tests.test_workspaces.TestWorkspaces object at 0x7ff4445c3a10>\nsecret_data = {'email': '', 'password': ''}\n\n    @pytest.fixture(autouse=True)\n    def setup_method_fixture(self, secret_data: dict):\n>       login(secret_data, self.about_page, self.login_page)\n\ntests/test_workspaces.py:23: \n_ _ _ _ _ _ _ _ _ _ _ _ _ _ _ _ _ _ _ _ _ _ _ _ _ _ _ _ _ _ _ _ _ _ _ _ _ _ _ _ \ntests/test_workspaces.py:13: in login\n    about_page.click_login_link()\npages/about_page.py:20: in click_login_link\n    self.click(self.LOGIN_LINK)\npages/base_page.py:38: in click\n    el: WebElement = self.wait.until(\n_ _ _ _ _ _ _ _ _ _ _ _ _ _ _ _ _ _ _ _ _ _ _ _ _ _ _ _ _ _ _ _ _ _ _ _ _ _ _ _ \n\nself = <selenium.webdriver.support.wait.WebDriverWait (session=\"29856752f45609f0705c96c3271ec41f\")>\nmethod = <function element_to_be_clickable.<locals>._predicate at 0x7ff444251e40>\nmessage = ''\n\n    def until(self, method, message: str = \"\"):\n        \"\"\"Calls the method provided with the driver as an argument until the \\\n        return value does not evaluate to ``False``.\n    \n        :param method: callable(WebDriver)\n        :param message: optional message for :exc:`TimeoutException`\n        :returns: the result of the last call to `method`\n        :raises: :exc:`selenium.common.exceptions.TimeoutException` if timeout occurs\n        \"\"\"\n        screen = None\n        stacktrace = None\n    \n        end_time = time.monotonic() + self._timeout\n        while True:\n            try:\n                value = method(self._driver)\n                if value:\n                    return value\n            except self._ignored_exceptions as exc:\n                screen = getattr(exc, \"screen\", None)\n                stacktrace = getattr(exc, \"stacktrace\", None)\n            time.sleep(self._poll)\n            if time.monotonic() > end_time:\n                break\n>       raise TimeoutException(message, screen, stacktrace)\nE       selenium.common.exceptions.TimeoutException: Message: \nE       Stacktrace:\nE       #0 0x55ca04289d33 <unknown>\nE       #1 0x55ca03f46f87 <unknown>\nE       #2 0x55ca03f96c0e <unknown>\nE       #3 0x55ca03f96d11 <unknown>\nE       #4 0x55ca03fe2004 <unknown>\nE       #5 0x55ca03fc036d <unknown>\nE       #6 0x55ca03fdf297 <unknown>\nE       #7 0x55ca03fc00e3 <unknown>\nE       #8 0x55ca03f88044 <unknown>\nE       #9 0x55ca03f8944e <unknown>\nE       #10 0x55ca0424e861 <unknown>\nE       #11 0x55ca04252785 <unknown>\nE       #12 0x55ca0423c285 <unknown>\nE       #13 0x55ca0425341f <unknown>\nE       #14 0x55ca0422020f <unknown>\nE       #15 0x55ca04277028 <unknown>\nE       #16 0x55ca042771f7 <unknown>\nE       #17 0x55ca04288ed4 <unknown>\nE       #18 0x7fa157694ac3 <unknown>\n\n.venv/lib/python3.11/site-packages/selenium/webdriver/support/wait.py:95: TimeoutException","steps":[],"attachments":[{"uid":"34947739e06f678f","name":"public ip address","source":"34947739e06f678f.txt","type":"text/plain","size":12},{"uid":"280b26c5e9fe6ebe","name":"Cookies","source":"280b26c5e9fe6ebe.json","type":"application/json","size":2},{"uid":"8b22e1dd212e52cd","name":"Session Storage","source":"8b22e1dd212e52cd.json","type":"application/json","size":2},{"uid":"f807b5093ddc6679","name":"Local Storage","source":"f807b5093ddc6679.json","type":"application/json","size":2},{"uid":"35f20d13887ffb1a","name":"Console Logs","source":"35f20d13887ffb1a.json","type":"application/json","size":2},{"uid":"e517eb4f0ba140e9","name":"Full Page Screenshot","source":"e517eb4f0ba140e9.png","type":"image/png","size":2655641},{"uid":"a99806174977a86d","name":"URL","source":"a99806174977a86d.uri","type":"text/uri-list","size":25},{"uid":"a997af04ae2c03a1","name":"Network Logs","source":"a997af04ae2c03a1.json","type":"application/json","size":14396}],"parameters":[],"shouldDisplayMessage":true,"stepsCount":0,"attachmentsCount":8,"hasContent":true,"attachmentStep":false},"afterStages":[],"labels":[{"name":"severity","value":"normal"},{"name":"epic","value":"Workspaces"},{"name":"story","value":"WorkSpaces Creation and Editing Functionality"},{"name":"tag","value":"run(order=8)"},{"name":"parentSuite","value":"tests"},{"name":"suite","value":"test_workspaces"},{"name":"subSuite","value":"TestWorkspaces"},{"name":"host","value":"fv-az1538-207"},{"name":"thread","value":"2245-MainThread"},{"name":"framework","value":"pytest"},{"name":"language","value":"cpython3"},{"name":"package","value":"tests.test_workspaces"},{"name":"resultFormat","value":"allure2"}],"parameters":[],"links":[],"hidden":false,"retry":false,"extra":{"severity":"normal","retries":[],"categories":[{"name":"Test defects","matchedStatuses":[],"flaky":false}],"tags":["run(order=8)"]},"source":"b87dc30cbd3e261a.json","parameterValues":[]}