{"uid":"1b672379172a9905","name":"Delete existing workspace","fullName":"tests.test_workspaces.TestWorkspaces#test_delete_workspace","historyId":"426122535a758ca0ac1fcc53a87d9a4f","time":{"start":1696467721073,"stop":1696467721073,"duration":0},"description":"Delete an existing workspace","descriptionHtml":"<p>Delete an existing workspace</p>\n","status":"broken","statusMessage":"selenium.common.exceptions.TimeoutException: Message: \nStacktrace:\n#0 0x5653ef63e6b3 <unknown>\n#1 0x5653ef3141e7 <unknown>\n#2 0x5653ef35b566 <unknown>\n#3 0x5653ef35b651 <unknown>\n#4 0x5653ef398a74 <unknown>\n#5 0x5653ef37d0ed <unknown>\n#6 0x5653ef396322 <unknown>\n#7 0x5653ef37ce93 <unknown>\n#8 0x5653ef34f934 <unknown>\n#9 0x5653ef35071e <unknown>\n#10 0x5653ef603cb8 <unknown>\n#11 0x5653ef607bf0 <unknown>\n#12 0x5653ef61219c <unknown>\n#13 0x5653ef608808 <unknown>\n#14 0x5653ef5d527f <unknown>\n#15 0x5653ef62ce88 <unknown>\n#16 0x5653ef62d059 <unknown>\n#17 0x5653ef63d843 <unknown>\n#18 0x7f7c66a94b43 <unknown>","statusTrace":"self = <tests.test_workspaces.TestWorkspaces object at 0x7f4e990a0710>\nsecret_data = {'email': '', 'password': ''}\n\n    @pytest.fixture(autouse=True)\n    def setup_method_fixture(self, secret_data: dict):\n>       login(secret_data, self.about_page, self.login_page)\n\ntests/test_workspaces.py:23: \n_ _ _ _ _ _ _ _ _ _ _ _ _ _ _ _ _ _ _ _ _ _ _ _ _ _ _ _ _ _ _ _ _ _ _ _ _ _ _ _ \ntests/test_workspaces.py:13: in login\n    about_page.click_login_link()\npages/about_page.py:20: in click_login_link\n    self.click(self.LOGIN_LINK)\npages/base_page.py:38: in click\n    el: WebElement = self.wait.until(\n_ _ _ _ _ _ _ _ _ _ _ _ _ _ _ _ _ _ _ _ _ _ _ _ _ _ _ _ _ _ _ _ _ _ _ _ _ _ _ _ \n\nself = <selenium.webdriver.support.wait.WebDriverWait (session=\"ca8c4eec9fb59d0c710cee8f128376c6\")>\nmethod = <function element_to_be_clickable.<locals>._predicate at 0x7f4e98fa8e00>\nmessage = ''\n\n    def until(self, method, message: str = \"\"):\n        \"\"\"Calls the method provided with the driver as an argument until the \\\n        return value does not evaluate to ``False``.\n    \n        :param method: callable(WebDriver)\n        :param message: optional message for :exc:`TimeoutException`\n        :returns: the result of the last call to `method`\n        :raises: :exc:`selenium.common.exceptions.TimeoutException` if timeout occurs\n        \"\"\"\n        screen = None\n        stacktrace = None\n    \n        end_time = time.monotonic() + self._timeout\n        while True:\n            try:\n                value = method(self._driver)\n                if value:\n                    return value\n            except self._ignored_exceptions as exc:\n                screen = getattr(exc, \"screen\", None)\n                stacktrace = getattr(exc, \"stacktrace\", None)\n            time.sleep(self._poll)\n            if time.monotonic() > end_time:\n                break\n>       raise TimeoutException(message, screen, stacktrace)\nE       selenium.common.exceptions.TimeoutException: Message: \nE       Stacktrace:\nE       #0 0x5653ef63e6b3 <unknown>\nE       #1 0x5653ef3141e7 <unknown>\nE       #2 0x5653ef35b566 <unknown>\nE       #3 0x5653ef35b651 <unknown>\nE       #4 0x5653ef398a74 <unknown>\nE       #5 0x5653ef37d0ed <unknown>\nE       #6 0x5653ef396322 <unknown>\nE       #7 0x5653ef37ce93 <unknown>\nE       #8 0x5653ef34f934 <unknown>\nE       #9 0x5653ef35071e <unknown>\nE       #10 0x5653ef603cb8 <unknown>\nE       #11 0x5653ef607bf0 <unknown>\nE       #12 0x5653ef61219c <unknown>\nE       #13 0x5653ef608808 <unknown>\nE       #14 0x5653ef5d527f <unknown>\nE       #15 0x5653ef62ce88 <unknown>\nE       #16 0x5653ef62d059 <unknown>\nE       #17 0x5653ef63d843 <unknown>\nE       #18 0x7f7c66a94b43 <unknown>\n\n.venv/lib/python3.11/site-packages/selenium/webdriver/support/wait.py:95: TimeoutException","flaky":false,"newFailed":false,"newBroken":false,"newPassed":false,"retriesCount":0,"retriesStatusChange":false,"beforeStages":[{"name":"base_url","time":{"start":1696467644125,"stop":1696467644125,"duration":0},"status":"passed","steps":[],"attachments":[],"parameters":[],"shouldDisplayMessage":false,"stepsCount":0,"attachmentsCount":0,"hasContent":false},{"name":"secret_data","time":{"start":1696467644126,"stop":1696467644126,"duration":0},"status":"passed","steps":[],"attachments":[],"parameters":[],"shouldDisplayMessage":false,"stepsCount":0,"attachmentsCount":0,"hasContent":false},{"name":"_verify_url","time":{"start":1696467644126,"stop":1696467644126,"duration":0},"status":"passed","steps":[],"attachments":[],"parameters":[],"shouldDisplayMessage":false,"stepsCount":0,"attachmentsCount":0,"hasContent":false},{"name":"setup_method_fixture","time":{"start":1696467722456,"stop":1696467732732,"duration":10276},"status":"broken","statusMessage":"selenium.common.exceptions.TimeoutException: Message: \nStacktrace:\n#0 0x5653ef63e6b3 <unknown>\n#1 0x5653ef3141e7 <unknown>\n#2 0x5653ef35b566 <unknown>\n#3 0x5653ef35b651 <unknown>\n#4 0x5653ef398a74 <unknown>\n#5 0x5653ef37d0ed <unknown>\n#6 0x5653ef396322 <unknown>\n#7 0x5653ef37ce93 <unknown>\n#8 0x5653ef34f934 <unknown>\n#9 0x5653ef35071e <unknown>\n#10 0x5653ef603cb8 <unknown>\n#11 0x5653ef607bf0 <unknown>\n#12 0x5653ef61219c <unknown>\n#13 0x5653ef608808 <unknown>\n#14 0x5653ef5d527f <unknown>\n#15 0x5653ef62ce88 <unknown>\n#16 0x5653ef62d059 <unknown>\n#17 0x5653ef63d843 <unknown>\n#18 0x7f7c66a94b43 <unknown>\n\n","statusTrace":"  File \"/home/runner/work/kisangateway-test/kisangateway-test/.venv/lib/python3.11/site-packages/pluggy/_callers.py\", line 80, in _multicall\n    res = hook_impl.function(*args)\n          ^^^^^^^^^^^^^^^^^^^^^^^^^\n  File \"/home/runner/work/kisangateway-test/kisangateway-test/.venv/lib/python3.11/site-packages/_pytest/fixtures.py\", line 1123, in pytest_fixture_setup\n    result = call_fixture_func(fixturefunc, request, kwargs)\n             ^^^^^^^^^^^^^^^^^^^^^^^^^^^^^^^^^^^^^^^^^^^^^^^\n  File \"/home/runner/work/kisangateway-test/kisangateway-test/.venv/lib/python3.11/site-packages/_pytest/fixtures.py\", line 902, in call_fixture_func\n    fixture_result = fixturefunc(**kwargs)\n                     ^^^^^^^^^^^^^^^^^^^^^\n  File \"/home/runner/work/kisangateway-test/kisangateway-test/tests/test_workspaces.py\", line 23, in setup_method_fixture\n    login(secret_data, self.about_page, self.login_page)\n  File \"/home/runner/work/kisangateway-test/kisangateway-test/tests/test_workspaces.py\", line 13, in login\n    about_page.click_login_link()\n  File \"/home/runner/work/kisangateway-test/kisangateway-test/.venv/lib/python3.11/site-packages/allure_commons/_allure.py\", line 192, in impl\n    return func(*a, **kw)\n           ^^^^^^^^^^^^^^\n  File \"/home/runner/work/kisangateway-test/kisangateway-test/pages/about_page.py\", line 20, in click_login_link\n    self.click(self.LOGIN_LINK)\n  File \"/home/runner/work/kisangateway-test/kisangateway-test/pages/base_page.py\", line 38, in click\n    el: WebElement = self.wait.until(\n                     ^^^^^^^^^^^^^^^^\n  File \"/home/runner/work/kisangateway-test/kisangateway-test/.venv/lib/python3.11/site-packages/selenium/webdriver/support/wait.py\", line 95, in until\n    raise TimeoutException(message, screen, stacktrace)\n","steps":[{"name":"Click Login link","time":{"start":1696467722457,"stop":1696467732732,"duration":10275},"status":"broken","statusMessage":"selenium.common.exceptions.TimeoutException: Message: \nStacktrace:\n#0 0x5653ef63e6b3 <unknown>\n#1 0x5653ef3141e7 <unknown>\n#2 0x5653ef35b566 <unknown>\n#3 0x5653ef35b651 <unknown>\n#4 0x5653ef398a74 <unknown>\n#5 0x5653ef37d0ed <unknown>\n#6 0x5653ef396322 <unknown>\n#7 0x5653ef37ce93 <unknown>\n#8 0x5653ef34f934 <unknown>\n#9 0x5653ef35071e <unknown>\n#10 0x5653ef603cb8 <unknown>\n#11 0x5653ef607bf0 <unknown>\n#12 0x5653ef61219c <unknown>\n#13 0x5653ef608808 <unknown>\n#14 0x5653ef5d527f <unknown>\n#15 0x5653ef62ce88 <unknown>\n#16 0x5653ef62d059 <unknown>\n#17 0x5653ef63d843 <unknown>\n#18 0x7f7c66a94b43 <unknown>\n\n","statusTrace":"  File \"/home/runner/work/kisangateway-test/kisangateway-test/.venv/lib/python3.11/site-packages/allure_commons/_allure.py\", line 192, in impl\n    return func(*a, **kw)\n           ^^^^^^^^^^^^^^\n  File \"/home/runner/work/kisangateway-test/kisangateway-test/pages/about_page.py\", line 20, in click_login_link\n    self.click(self.LOGIN_LINK)\n  File \"/home/runner/work/kisangateway-test/kisangateway-test/pages/base_page.py\", line 38, in click\n    el: WebElement = self.wait.until(\n                     ^^^^^^^^^^^^^^^^\n  File \"/home/runner/work/kisangateway-test/kisangateway-test/.venv/lib/python3.11/site-packages/selenium/webdriver/support/wait.py\", line 95, in until\n    raise TimeoutException(message, screen, stacktrace)\n","steps":[],"attachments":[],"parameters":[],"shouldDisplayMessage":true,"stepsCount":0,"attachmentsCount":0,"hasContent":true}],"attachments":[],"parameters":[],"shouldDisplayMessage":false,"stepsCount":1,"attachmentsCount":0,"hasContent":true}],"testStage":{"description":"Delete an existing workspace","status":"broken","statusMessage":"selenium.common.exceptions.TimeoutException: Message: \nStacktrace:\n#0 0x5653ef63e6b3 <unknown>\n#1 0x5653ef3141e7 <unknown>\n#2 0x5653ef35b566 <unknown>\n#3 0x5653ef35b651 <unknown>\n#4 0x5653ef398a74 <unknown>\n#5 0x5653ef37d0ed <unknown>\n#6 0x5653ef396322 <unknown>\n#7 0x5653ef37ce93 <unknown>\n#8 0x5653ef34f934 <unknown>\n#9 0x5653ef35071e <unknown>\n#10 0x5653ef603cb8 <unknown>\n#11 0x5653ef607bf0 <unknown>\n#12 0x5653ef61219c <unknown>\n#13 0x5653ef608808 <unknown>\n#14 0x5653ef5d527f <unknown>\n#15 0x5653ef62ce88 <unknown>\n#16 0x5653ef62d059 <unknown>\n#17 0x5653ef63d843 <unknown>\n#18 0x7f7c66a94b43 <unknown>","statusTrace":"self = <tests.test_workspaces.TestWorkspaces object at 0x7f4e990a0710>\nsecret_data = {'email': '', 'password': ''}\n\n    @pytest.fixture(autouse=True)\n    def setup_method_fixture(self, secret_data: dict):\n>       login(secret_data, self.about_page, self.login_page)\n\ntests/test_workspaces.py:23: \n_ _ _ _ _ _ _ _ _ _ _ _ _ _ _ _ _ _ _ _ _ _ _ _ _ _ _ _ _ _ _ _ _ _ _ _ _ _ _ _ \ntests/test_workspaces.py:13: in login\n    about_page.click_login_link()\npages/about_page.py:20: in click_login_link\n    self.click(self.LOGIN_LINK)\npages/base_page.py:38: in click\n    el: WebElement = self.wait.until(\n_ _ _ _ _ _ _ _ _ _ _ _ _ _ _ _ _ _ _ _ _ _ _ _ _ _ _ _ _ _ _ _ _ _ _ _ _ _ _ _ \n\nself = <selenium.webdriver.support.wait.WebDriverWait (session=\"ca8c4eec9fb59d0c710cee8f128376c6\")>\nmethod = <function element_to_be_clickable.<locals>._predicate at 0x7f4e98fa8e00>\nmessage = ''\n\n    def until(self, method, message: str = \"\"):\n        \"\"\"Calls the method provided with the driver as an argument until the \\\n        return value does not evaluate to ``False``.\n    \n        :param method: callable(WebDriver)\n        :param message: optional message for :exc:`TimeoutException`\n        :returns: the result of the last call to `method`\n        :raises: :exc:`selenium.common.exceptions.TimeoutException` if timeout occurs\n        \"\"\"\n        screen = None\n        stacktrace = None\n    \n        end_time = time.monotonic() + self._timeout\n        while True:\n            try:\n                value = method(self._driver)\n                if value:\n                    return value\n            except self._ignored_exceptions as exc:\n                screen = getattr(exc, \"screen\", None)\n                stacktrace = getattr(exc, \"stacktrace\", None)\n            time.sleep(self._poll)\n            if time.monotonic() > end_time:\n                break\n>       raise TimeoutException(message, screen, stacktrace)\nE       selenium.common.exceptions.TimeoutException: Message: \nE       Stacktrace:\nE       #0 0x5653ef63e6b3 <unknown>\nE       #1 0x5653ef3141e7 <unknown>\nE       #2 0x5653ef35b566 <unknown>\nE       #3 0x5653ef35b651 <unknown>\nE       #4 0x5653ef398a74 <unknown>\nE       #5 0x5653ef37d0ed <unknown>\nE       #6 0x5653ef396322 <unknown>\nE       #7 0x5653ef37ce93 <unknown>\nE       #8 0x5653ef34f934 <unknown>\nE       #9 0x5653ef35071e <unknown>\nE       #10 0x5653ef603cb8 <unknown>\nE       #11 0x5653ef607bf0 <unknown>\nE       #12 0x5653ef61219c <unknown>\nE       #13 0x5653ef608808 <unknown>\nE       #14 0x5653ef5d527f <unknown>\nE       #15 0x5653ef62ce88 <unknown>\nE       #16 0x5653ef62d059 <unknown>\nE       #17 0x5653ef63d843 <unknown>\nE       #18 0x7f7c66a94b43 <unknown>\n\n.venv/lib/python3.11/site-packages/selenium/webdriver/support/wait.py:95: TimeoutException","steps":[],"attachments":[{"uid":"31c8c549105ab90b","name":"public ip address","source":"31c8c549105ab90b.txt","type":"text/plain","size":12},{"uid":"9d8ab3cbee05ad4f","name":"Cookies","source":"9d8ab3cbee05ad4f.json","type":"application/json","size":2},{"uid":"4c0388d64d2ba7f7","name":"Session Storage","source":"4c0388d64d2ba7f7.json","type":"application/json","size":2},{"uid":"be2a2782fccdc18f","name":"Local Storage","source":"be2a2782fccdc18f.json","type":"application/json","size":2},{"uid":"3e67619d8d492c51","name":"Console Logs","source":"3e67619d8d492c51.json","type":"application/json","size":2},{"uid":"11eaaf4a93c45fe2","name":"Full Page Screenshot","source":"11eaaf4a93c45fe2.png","type":"image/png","size":1537971},{"uid":"f71a5881fc47ccfd","name":"URL","source":"f71a5881fc47ccfd.uri","type":"text/uri-list","size":25},{"uid":"8597405fc9c16783","name":"Network Logs","source":"8597405fc9c16783.json","type":"application/json","size":13991}],"parameters":[],"shouldDisplayMessage":true,"stepsCount":0,"attachmentsCount":8,"hasContent":true},"afterStages":[],"labels":[{"name":"story","value":"WorkSpaces Creation and Editing Functionality"},{"name":"severity","value":"normal"},{"name":"epic","value":"Workspaces"},{"name":"tag","value":"run(order=3)"},{"name":"parentSuite","value":"tests"},{"name":"suite","value":"test_workspaces"},{"name":"subSuite","value":"TestWorkspaces"},{"name":"host","value":"fv-az812-863"},{"name":"thread","value":"2230-MainThread"},{"name":"framework","value":"pytest"},{"name":"language","value":"cpython3"},{"name":"package","value":"tests.test_workspaces"},{"name":"resultFormat","value":"allure2"}],"parameters":[],"links":[],"hidden":false,"retry":false,"extra":{"severity":"normal","retries":[],"categories":[{"name":"Test defects","matchedStatuses":[],"flaky":false}],"tags":["run(order=3)"]},"source":"1b672379172a9905.json","parameterValues":[]}