{"uid":"206da3c534464330","name":"Create new workspace test","fullName":"tests.test_workspaces.TestWorkspaces#test_create_new_workspace","historyId":"e6e849a753ae10f50b3b38fac5a7fa8e","time":{"start":1696467655737,"stop":1696467655737,"duration":0},"description":"Create new Workspace","descriptionHtml":"<p>Create new Workspace</p>\n","status":"broken","statusMessage":"selenium.common.exceptions.TimeoutException: Message: \nStacktrace:\n#0 0x561b09a256b3 <unknown>\n#1 0x561b096fb1e7 <unknown>\n#2 0x561b09742566 <unknown>\n#3 0x561b09742651 <unknown>\n#4 0x561b0977fa74 <unknown>\n#5 0x561b097640ed <unknown>\n#6 0x561b0977d322 <unknown>\n#7 0x561b09763e93 <unknown>\n#8 0x561b09736934 <unknown>\n#9 0x561b0973771e <unknown>\n#10 0x561b099eacb8 <unknown>\n#11 0x561b099eebf0 <unknown>\n#12 0x561b099f919c <unknown>\n#13 0x561b099ef808 <unknown>\n#14 0x561b099bc27f <unknown>\n#15 0x561b09a13e88 <unknown>\n#16 0x561b09a14059 <unknown>\n#17 0x561b09a24843 <unknown>\n#18 0x7f36fb094b43 <unknown>","statusTrace":"self = <tests.test_workspaces.TestWorkspaces object at 0x7f4e990a0c50>\nsecret_data = {'email': '', 'password': ''}\n\n    @pytest.fixture(autouse=True)\n    def setup_method_fixture(self, secret_data: dict):\n>       login(secret_data, self.about_page, self.login_page)\n\ntests/test_workspaces.py:23: \n_ _ _ _ _ _ _ _ _ _ _ _ _ _ _ _ _ _ _ _ _ _ _ _ _ _ _ _ _ _ _ _ _ _ _ _ _ _ _ _ \ntests/test_workspaces.py:13: in login\n    about_page.click_login_link()\npages/about_page.py:20: in click_login_link\n    self.click(self.LOGIN_LINK)\npages/base_page.py:38: in click\n    el: WebElement = self.wait.until(\n_ _ _ _ _ _ _ _ _ _ _ _ _ _ _ _ _ _ _ _ _ _ _ _ _ _ _ _ _ _ _ _ _ _ _ _ _ _ _ _ \n\nself = <selenium.webdriver.support.wait.WebDriverWait (session=\"f9af7efebb8c43a6de4e47436a02f152\")>\nmethod = <function element_to_be_clickable.<locals>._predicate at 0x7f4e990d5e40>\nmessage = ''\n\n    def until(self, method, message: str = \"\"):\n        \"\"\"Calls the method provided with the driver as an argument until the \\\n        return value does not evaluate to ``False``.\n    \n        :param method: callable(WebDriver)\n        :param message: optional message for :exc:`TimeoutException`\n        :returns: the result of the last call to `method`\n        :raises: :exc:`selenium.common.exceptions.TimeoutException` if timeout occurs\n        \"\"\"\n        screen = None\n        stacktrace = None\n    \n        end_time = time.monotonic() + self._timeout\n        while True:\n            try:\n                value = method(self._driver)\n                if value:\n                    return value\n            except self._ignored_exceptions as exc:\n                screen = getattr(exc, \"screen\", None)\n                stacktrace = getattr(exc, \"stacktrace\", None)\n            time.sleep(self._poll)\n            if time.monotonic() > end_time:\n                break\n>       raise TimeoutException(message, screen, stacktrace)\nE       selenium.common.exceptions.TimeoutException: Message: \nE       Stacktrace:\nE       #0 0x561b09a256b3 <unknown>\nE       #1 0x561b096fb1e7 <unknown>\nE       #2 0x561b09742566 <unknown>\nE       #3 0x561b09742651 <unknown>\nE       #4 0x561b0977fa74 <unknown>\nE       #5 0x561b097640ed <unknown>\nE       #6 0x561b0977d322 <unknown>\nE       #7 0x561b09763e93 <unknown>\nE       #8 0x561b09736934 <unknown>\nE       #9 0x561b0973771e <unknown>\nE       #10 0x561b099eacb8 <unknown>\nE       #11 0x561b099eebf0 <unknown>\nE       #12 0x561b099f919c <unknown>\nE       #13 0x561b099ef808 <unknown>\nE       #14 0x561b099bc27f <unknown>\nE       #15 0x561b09a13e88 <unknown>\nE       #16 0x561b09a14059 <unknown>\nE       #17 0x561b09a24843 <unknown>\nE       #18 0x7f36fb094b43 <unknown>\n\n.venv/lib/python3.11/site-packages/selenium/webdriver/support/wait.py:95: TimeoutException","flaky":false,"newFailed":false,"newBroken":false,"newPassed":false,"retriesCount":0,"retriesStatusChange":false,"beforeStages":[{"name":"base_url","time":{"start":1696467644125,"stop":1696467644125,"duration":0},"status":"passed","steps":[],"attachments":[],"parameters":[],"shouldDisplayMessage":false,"stepsCount":0,"attachmentsCount":0,"hasContent":false},{"name":"json_data","time":{"start":1696467644126,"stop":1696467644127,"duration":1},"status":"passed","steps":[],"attachments":[],"parameters":[],"shouldDisplayMessage":false,"stepsCount":0,"attachmentsCount":0,"hasContent":false},{"name":"secret_data","time":{"start":1696467644126,"stop":1696467644126,"duration":0},"status":"passed","steps":[],"attachments":[],"parameters":[],"shouldDisplayMessage":false,"stepsCount":0,"attachmentsCount":0,"hasContent":false},{"name":"_verify_url","time":{"start":1696467644126,"stop":1696467644126,"duration":0},"status":"passed","steps":[],"attachments":[],"parameters":[],"shouldDisplayMessage":false,"stepsCount":0,"attachmentsCount":0,"hasContent":false},{"name":"setup_method_fixture","time":{"start":1696467657224,"stop":1696467667537,"duration":10313},"status":"broken","statusMessage":"selenium.common.exceptions.TimeoutException: Message: \nStacktrace:\n#0 0x561b09a256b3 <unknown>\n#1 0x561b096fb1e7 <unknown>\n#2 0x561b09742566 <unknown>\n#3 0x561b09742651 <unknown>\n#4 0x561b0977fa74 <unknown>\n#5 0x561b097640ed <unknown>\n#6 0x561b0977d322 <unknown>\n#7 0x561b09763e93 <unknown>\n#8 0x561b09736934 <unknown>\n#9 0x561b0973771e <unknown>\n#10 0x561b099eacb8 <unknown>\n#11 0x561b099eebf0 <unknown>\n#12 0x561b099f919c <unknown>\n#13 0x561b099ef808 <unknown>\n#14 0x561b099bc27f <unknown>\n#15 0x561b09a13e88 <unknown>\n#16 0x561b09a14059 <unknown>\n#17 0x561b09a24843 <unknown>\n#18 0x7f36fb094b43 <unknown>\n\n","statusTrace":"  File \"/home/runner/work/kisangateway-test/kisangateway-test/.venv/lib/python3.11/site-packages/pluggy/_callers.py\", line 80, in _multicall\n    res = hook_impl.function(*args)\n          ^^^^^^^^^^^^^^^^^^^^^^^^^\n  File \"/home/runner/work/kisangateway-test/kisangateway-test/.venv/lib/python3.11/site-packages/_pytest/fixtures.py\", line 1123, in pytest_fixture_setup\n    result = call_fixture_func(fixturefunc, request, kwargs)\n             ^^^^^^^^^^^^^^^^^^^^^^^^^^^^^^^^^^^^^^^^^^^^^^^\n  File \"/home/runner/work/kisangateway-test/kisangateway-test/.venv/lib/python3.11/site-packages/_pytest/fixtures.py\", line 902, in call_fixture_func\n    fixture_result = fixturefunc(**kwargs)\n                     ^^^^^^^^^^^^^^^^^^^^^\n  File \"/home/runner/work/kisangateway-test/kisangateway-test/tests/test_workspaces.py\", line 23, in setup_method_fixture\n    login(secret_data, self.about_page, self.login_page)\n  File \"/home/runner/work/kisangateway-test/kisangateway-test/tests/test_workspaces.py\", line 13, in login\n    about_page.click_login_link()\n  File \"/home/runner/work/kisangateway-test/kisangateway-test/.venv/lib/python3.11/site-packages/allure_commons/_allure.py\", line 192, in impl\n    return func(*a, **kw)\n           ^^^^^^^^^^^^^^\n  File \"/home/runner/work/kisangateway-test/kisangateway-test/pages/about_page.py\", line 20, in click_login_link\n    self.click(self.LOGIN_LINK)\n  File \"/home/runner/work/kisangateway-test/kisangateway-test/pages/base_page.py\", line 38, in click\n    el: WebElement = self.wait.until(\n                     ^^^^^^^^^^^^^^^^\n  File \"/home/runner/work/kisangateway-test/kisangateway-test/.venv/lib/python3.11/site-packages/selenium/webdriver/support/wait.py\", line 95, in until\n    raise TimeoutException(message, screen, stacktrace)\n","steps":[{"name":"Click Login link","time":{"start":1696467657224,"stop":1696467667537,"duration":10313},"status":"broken","statusMessage":"selenium.common.exceptions.TimeoutException: Message: \nStacktrace:\n#0 0x561b09a256b3 <unknown>\n#1 0x561b096fb1e7 <unknown>\n#2 0x561b09742566 <unknown>\n#3 0x561b09742651 <unknown>\n#4 0x561b0977fa74 <unknown>\n#5 0x561b097640ed <unknown>\n#6 0x561b0977d322 <unknown>\n#7 0x561b09763e93 <unknown>\n#8 0x561b09736934 <unknown>\n#9 0x561b0973771e <unknown>\n#10 0x561b099eacb8 <unknown>\n#11 0x561b099eebf0 <unknown>\n#12 0x561b099f919c <unknown>\n#13 0x561b099ef808 <unknown>\n#14 0x561b099bc27f <unknown>\n#15 0x561b09a13e88 <unknown>\n#16 0x561b09a14059 <unknown>\n#17 0x561b09a24843 <unknown>\n#18 0x7f36fb094b43 <unknown>\n\n","statusTrace":"  File \"/home/runner/work/kisangateway-test/kisangateway-test/.venv/lib/python3.11/site-packages/allure_commons/_allure.py\", line 192, in impl\n    return func(*a, **kw)\n           ^^^^^^^^^^^^^^\n  File \"/home/runner/work/kisangateway-test/kisangateway-test/pages/about_page.py\", line 20, in click_login_link\n    self.click(self.LOGIN_LINK)\n  File \"/home/runner/work/kisangateway-test/kisangateway-test/pages/base_page.py\", line 38, in click\n    el: WebElement = self.wait.until(\n                     ^^^^^^^^^^^^^^^^\n  File \"/home/runner/work/kisangateway-test/kisangateway-test/.venv/lib/python3.11/site-packages/selenium/webdriver/support/wait.py\", line 95, in until\n    raise TimeoutException(message, screen, stacktrace)\n","steps":[],"attachments":[],"parameters":[],"shouldDisplayMessage":true,"stepsCount":0,"attachmentsCount":0,"hasContent":true}],"attachments":[],"parameters":[],"shouldDisplayMessage":false,"stepsCount":1,"attachmentsCount":0,"hasContent":true}],"testStage":{"description":"Create new Workspace","status":"broken","statusMessage":"selenium.common.exceptions.TimeoutException: Message: \nStacktrace:\n#0 0x561b09a256b3 <unknown>\n#1 0x561b096fb1e7 <unknown>\n#2 0x561b09742566 <unknown>\n#3 0x561b09742651 <unknown>\n#4 0x561b0977fa74 <unknown>\n#5 0x561b097640ed <unknown>\n#6 0x561b0977d322 <unknown>\n#7 0x561b09763e93 <unknown>\n#8 0x561b09736934 <unknown>\n#9 0x561b0973771e <unknown>\n#10 0x561b099eacb8 <unknown>\n#11 0x561b099eebf0 <unknown>\n#12 0x561b099f919c <unknown>\n#13 0x561b099ef808 <unknown>\n#14 0x561b099bc27f <unknown>\n#15 0x561b09a13e88 <unknown>\n#16 0x561b09a14059 <unknown>\n#17 0x561b09a24843 <unknown>\n#18 0x7f36fb094b43 <unknown>","statusTrace":"self = <tests.test_workspaces.TestWorkspaces object at 0x7f4e990a0c50>\nsecret_data = {'email': '', 'password': ''}\n\n    @pytest.fixture(autouse=True)\n    def setup_method_fixture(self, secret_data: dict):\n>       login(secret_data, self.about_page, self.login_page)\n\ntests/test_workspaces.py:23: \n_ _ _ _ _ _ _ _ _ _ _ _ _ _ _ _ _ _ _ _ _ _ _ _ _ _ _ _ _ _ _ _ _ _ _ _ _ _ _ _ \ntests/test_workspaces.py:13: in login\n    about_page.click_login_link()\npages/about_page.py:20: in click_login_link\n    self.click(self.LOGIN_LINK)\npages/base_page.py:38: in click\n    el: WebElement = self.wait.until(\n_ _ _ _ _ _ _ _ _ _ _ _ _ _ _ _ _ _ _ _ _ _ _ _ _ _ _ _ _ _ _ _ _ _ _ _ _ _ _ _ \n\nself = <selenium.webdriver.support.wait.WebDriverWait (session=\"f9af7efebb8c43a6de4e47436a02f152\")>\nmethod = <function element_to_be_clickable.<locals>._predicate at 0x7f4e990d5e40>\nmessage = ''\n\n    def until(self, method, message: str = \"\"):\n        \"\"\"Calls the method provided with the driver as an argument until the \\\n        return value does not evaluate to ``False``.\n    \n        :param method: callable(WebDriver)\n        :param message: optional message for :exc:`TimeoutException`\n        :returns: the result of the last call to `method`\n        :raises: :exc:`selenium.common.exceptions.TimeoutException` if timeout occurs\n        \"\"\"\n        screen = None\n        stacktrace = None\n    \n        end_time = time.monotonic() + self._timeout\n        while True:\n            try:\n                value = method(self._driver)\n                if value:\n                    return value\n            except self._ignored_exceptions as exc:\n                screen = getattr(exc, \"screen\", None)\n                stacktrace = getattr(exc, \"stacktrace\", None)\n            time.sleep(self._poll)\n            if time.monotonic() > end_time:\n                break\n>       raise TimeoutException(message, screen, stacktrace)\nE       selenium.common.exceptions.TimeoutException: Message: \nE       Stacktrace:\nE       #0 0x561b09a256b3 <unknown>\nE       #1 0x561b096fb1e7 <unknown>\nE       #2 0x561b09742566 <unknown>\nE       #3 0x561b09742651 <unknown>\nE       #4 0x561b0977fa74 <unknown>\nE       #5 0x561b097640ed <unknown>\nE       #6 0x561b0977d322 <unknown>\nE       #7 0x561b09763e93 <unknown>\nE       #8 0x561b09736934 <unknown>\nE       #9 0x561b0973771e <unknown>\nE       #10 0x561b099eacb8 <unknown>\nE       #11 0x561b099eebf0 <unknown>\nE       #12 0x561b099f919c <unknown>\nE       #13 0x561b099ef808 <unknown>\nE       #14 0x561b099bc27f <unknown>\nE       #15 0x561b09a13e88 <unknown>\nE       #16 0x561b09a14059 <unknown>\nE       #17 0x561b09a24843 <unknown>\nE       #18 0x7f36fb094b43 <unknown>\n\n.venv/lib/python3.11/site-packages/selenium/webdriver/support/wait.py:95: TimeoutException","steps":[],"attachments":[{"uid":"4c6944204703d35f","name":"public ip address","source":"4c6944204703d35f.txt","type":"text/plain","size":12},{"uid":"4cffbd6318da05de","name":"Cookies","source":"4cffbd6318da05de.json","type":"application/json","size":2},{"uid":"7a2fb2525a71ad4c","name":"Session Storage","source":"7a2fb2525a71ad4c.json","type":"application/json","size":2},{"uid":"6cec89dd280dcd38","name":"Local Storage","source":"6cec89dd280dcd38.json","type":"application/json","size":2},{"uid":"b4ed067025f4726a","name":"Console Logs","source":"b4ed067025f4726a.json","type":"application/json","size":2},{"uid":"a8e8f6d88e7bf736","name":"Full Page Screenshot","source":"a8e8f6d88e7bf736.png","type":"image/png","size":1537971},{"uid":"2c3257eb64f54f9b","name":"URL","source":"2c3257eb64f54f9b.uri","type":"text/uri-list","size":25},{"uid":"5b84ba7b974dd09f","name":"Network Logs","source":"5b84ba7b974dd09f.json","type":"application/json","size":13994}],"parameters":[],"shouldDisplayMessage":true,"stepsCount":0,"attachmentsCount":8,"hasContent":true},"afterStages":[],"labels":[{"name":"story","value":"WorkSpaces Creation and Editing Functionality"},{"name":"severity","value":"normal"},{"name":"epic","value":"Workspaces"},{"name":"tag","value":"run(order=1)"},{"name":"parentSuite","value":"tests"},{"name":"suite","value":"test_workspaces"},{"name":"subSuite","value":"TestWorkspaces"},{"name":"host","value":"fv-az812-863"},{"name":"thread","value":"2230-MainThread"},{"name":"framework","value":"pytest"},{"name":"language","value":"cpython3"},{"name":"package","value":"tests.test_workspaces"},{"name":"resultFormat","value":"allure2"}],"parameters":[],"links":[],"hidden":false,"retry":false,"extra":{"severity":"normal","retries":[],"categories":[{"name":"Test defects","matchedStatuses":[],"flaky":false}],"tags":["run(order=1)"]},"source":"206da3c534464330.json","parameterValues":[]}