{"uid":"42a0dfb2cfd1e54f","name":"Search for non existing project","fullName":"tests.test_workspaces.TestWorkspaces#test_search_for_non_existing_project","historyId":"fd02db7e15fbde7f94675ef36547cabe","time":{"start":1696467773544,"stop":1696467773544,"duration":0},"description":"Search for a non existing project","descriptionHtml":"<p>Search for a non existing project</p>\n","status":"broken","statusMessage":"selenium.common.exceptions.TimeoutException: Message: \nStacktrace:\n#0 0x55bf6aa966b3 <unknown>\n#1 0x55bf6a76c1e7 <unknown>\n#2 0x55bf6a7b3566 <unknown>\n#3 0x55bf6a7b3651 <unknown>\n#4 0x55bf6a7f0a74 <unknown>\n#5 0x55bf6a7d50ed <unknown>\n#6 0x55bf6a7ee322 <unknown>\n#7 0x55bf6a7d4e93 <unknown>\n#8 0x55bf6a7a7934 <unknown>\n#9 0x55bf6a7a871e <unknown>\n#10 0x55bf6aa5bcb8 <unknown>\n#11 0x55bf6aa5fbf0 <unknown>\n#12 0x55bf6aa6a19c <unknown>\n#13 0x55bf6aa60808 <unknown>\n#14 0x55bf6aa2d27f <unknown>\n#15 0x55bf6aa84e88 <unknown>\n#16 0x55bf6aa85059 <unknown>\n#17 0x55bf6aa95843 <unknown>\n#18 0x7f772e094b43 <unknown>","statusTrace":"self = <tests.test_workspaces.TestWorkspaces object at 0x7f4e990a4490>\nsecret_data = {'email': '', 'password': ''}\n\n    @pytest.fixture(autouse=True)\n    def setup_method_fixture(self, secret_data: dict):\n>       login(secret_data, self.about_page, self.login_page)\n\ntests/test_workspaces.py:23: \n_ _ _ _ _ _ _ _ _ _ _ _ _ _ _ _ _ _ _ _ _ _ _ _ _ _ _ _ _ _ _ _ _ _ _ _ _ _ _ _ \ntests/test_workspaces.py:13: in login\n    about_page.click_login_link()\npages/about_page.py:20: in click_login_link\n    self.click(self.LOGIN_LINK)\npages/base_page.py:38: in click\n    el: WebElement = self.wait.until(\n_ _ _ _ _ _ _ _ _ _ _ _ _ _ _ _ _ _ _ _ _ _ _ _ _ _ _ _ _ _ _ _ _ _ _ _ _ _ _ _ \n\nself = <selenium.webdriver.support.wait.WebDriverWait (session=\"64bbed12cd718ddc7da3feb257209b01\")>\nmethod = <function element_to_be_clickable.<locals>._predicate at 0x7f4e98fa99e0>\nmessage = ''\n\n    def until(self, method, message: str = \"\"):\n        \"\"\"Calls the method provided with the driver as an argument until the \\\n        return value does not evaluate to ``False``.\n    \n        :param method: callable(WebDriver)\n        :param message: optional message for :exc:`TimeoutException`\n        :returns: the result of the last call to `method`\n        :raises: :exc:`selenium.common.exceptions.TimeoutException` if timeout occurs\n        \"\"\"\n        screen = None\n        stacktrace = None\n    \n        end_time = time.monotonic() + self._timeout\n        while True:\n            try:\n                value = method(self._driver)\n                if value:\n                    return value\n            except self._ignored_exceptions as exc:\n                screen = getattr(exc, \"screen\", None)\n                stacktrace = getattr(exc, \"stacktrace\", None)\n            time.sleep(self._poll)\n            if time.monotonic() > end_time:\n                break\n>       raise TimeoutException(message, screen, stacktrace)\nE       selenium.common.exceptions.TimeoutException: Message: \nE       Stacktrace:\nE       #0 0x55bf6aa966b3 <unknown>\nE       #1 0x55bf6a76c1e7 <unknown>\nE       #2 0x55bf6a7b3566 <unknown>\nE       #3 0x55bf6a7b3651 <unknown>\nE       #4 0x55bf6a7f0a74 <unknown>\nE       #5 0x55bf6a7d50ed <unknown>\nE       #6 0x55bf6a7ee322 <unknown>\nE       #7 0x55bf6a7d4e93 <unknown>\nE       #8 0x55bf6a7a7934 <unknown>\nE       #9 0x55bf6a7a871e <unknown>\nE       #10 0x55bf6aa5bcb8 <unknown>\nE       #11 0x55bf6aa5fbf0 <unknown>\nE       #12 0x55bf6aa6a19c <unknown>\nE       #13 0x55bf6aa60808 <unknown>\nE       #14 0x55bf6aa2d27f <unknown>\nE       #15 0x55bf6aa84e88 <unknown>\nE       #16 0x55bf6aa85059 <unknown>\nE       #17 0x55bf6aa95843 <unknown>\nE       #18 0x7f772e094b43 <unknown>\n\n.venv/lib/python3.11/site-packages/selenium/webdriver/support/wait.py:95: TimeoutException","flaky":false,"newFailed":false,"newBroken":false,"newPassed":false,"retriesCount":0,"retriesStatusChange":false,"beforeStages":[{"name":"base_url","time":{"start":1696467644125,"stop":1696467644125,"duration":0},"status":"passed","steps":[],"attachments":[],"parameters":[],"shouldDisplayMessage":false,"stepsCount":0,"attachmentsCount":0,"hasContent":false},{"name":"json_data","time":{"start":1696467644126,"stop":1696467644127,"duration":1},"status":"passed","steps":[],"attachments":[],"parameters":[],"shouldDisplayMessage":false,"stepsCount":0,"attachmentsCount":0,"hasContent":false},{"name":"secret_data","time":{"start":1696467644126,"stop":1696467644126,"duration":0},"status":"passed","steps":[],"attachments":[],"parameters":[],"shouldDisplayMessage":false,"stepsCount":0,"attachmentsCount":0,"hasContent":false},{"name":"_verify_url","time":{"start":1696467644126,"stop":1696467644126,"duration":0},"status":"passed","steps":[],"attachments":[],"parameters":[],"shouldDisplayMessage":false,"stepsCount":0,"attachmentsCount":0,"hasContent":false},{"name":"setup_method_fixture","time":{"start":1696467774988,"stop":1696467785328,"duration":10340},"status":"broken","statusMessage":"selenium.common.exceptions.TimeoutException: Message: \nStacktrace:\n#0 0x55bf6aa966b3 <unknown>\n#1 0x55bf6a76c1e7 <unknown>\n#2 0x55bf6a7b3566 <unknown>\n#3 0x55bf6a7b3651 <unknown>\n#4 0x55bf6a7f0a74 <unknown>\n#5 0x55bf6a7d50ed <unknown>\n#6 0x55bf6a7ee322 <unknown>\n#7 0x55bf6a7d4e93 <unknown>\n#8 0x55bf6a7a7934 <unknown>\n#9 0x55bf6a7a871e <unknown>\n#10 0x55bf6aa5bcb8 <unknown>\n#11 0x55bf6aa5fbf0 <unknown>\n#12 0x55bf6aa6a19c <unknown>\n#13 0x55bf6aa60808 <unknown>\n#14 0x55bf6aa2d27f <unknown>\n#15 0x55bf6aa84e88 <unknown>\n#16 0x55bf6aa85059 <unknown>\n#17 0x55bf6aa95843 <unknown>\n#18 0x7f772e094b43 <unknown>\n\n","statusTrace":"  File \"/home/runner/work/kisangateway-test/kisangateway-test/.venv/lib/python3.11/site-packages/pluggy/_callers.py\", line 80, in _multicall\n    res = hook_impl.function(*args)\n          ^^^^^^^^^^^^^^^^^^^^^^^^^\n  File \"/home/runner/work/kisangateway-test/kisangateway-test/.venv/lib/python3.11/site-packages/_pytest/fixtures.py\", line 1123, in pytest_fixture_setup\n    result = call_fixture_func(fixturefunc, request, kwargs)\n             ^^^^^^^^^^^^^^^^^^^^^^^^^^^^^^^^^^^^^^^^^^^^^^^\n  File \"/home/runner/work/kisangateway-test/kisangateway-test/.venv/lib/python3.11/site-packages/_pytest/fixtures.py\", line 902, in call_fixture_func\n    fixture_result = fixturefunc(**kwargs)\n                     ^^^^^^^^^^^^^^^^^^^^^\n  File \"/home/runner/work/kisangateway-test/kisangateway-test/tests/test_workspaces.py\", line 23, in setup_method_fixture\n    login(secret_data, self.about_page, self.login_page)\n  File \"/home/runner/work/kisangateway-test/kisangateway-test/tests/test_workspaces.py\", line 13, in login\n    about_page.click_login_link()\n  File \"/home/runner/work/kisangateway-test/kisangateway-test/.venv/lib/python3.11/site-packages/allure_commons/_allure.py\", line 192, in impl\n    return func(*a, **kw)\n           ^^^^^^^^^^^^^^\n  File \"/home/runner/work/kisangateway-test/kisangateway-test/pages/about_page.py\", line 20, in click_login_link\n    self.click(self.LOGIN_LINK)\n  File \"/home/runner/work/kisangateway-test/kisangateway-test/pages/base_page.py\", line 38, in click\n    el: WebElement = self.wait.until(\n                     ^^^^^^^^^^^^^^^^\n  File \"/home/runner/work/kisangateway-test/kisangateway-test/.venv/lib/python3.11/site-packages/selenium/webdriver/support/wait.py\", line 95, in until\n    raise TimeoutException(message, screen, stacktrace)\n","steps":[{"name":"Click Login link","time":{"start":1696467774988,"stop":1696467785327,"duration":10339},"status":"broken","statusMessage":"selenium.common.exceptions.TimeoutException: Message: \nStacktrace:\n#0 0x55bf6aa966b3 <unknown>\n#1 0x55bf6a76c1e7 <unknown>\n#2 0x55bf6a7b3566 <unknown>\n#3 0x55bf6a7b3651 <unknown>\n#4 0x55bf6a7f0a74 <unknown>\n#5 0x55bf6a7d50ed <unknown>\n#6 0x55bf6a7ee322 <unknown>\n#7 0x55bf6a7d4e93 <unknown>\n#8 0x55bf6a7a7934 <unknown>\n#9 0x55bf6a7a871e <unknown>\n#10 0x55bf6aa5bcb8 <unknown>\n#11 0x55bf6aa5fbf0 <unknown>\n#12 0x55bf6aa6a19c <unknown>\n#13 0x55bf6aa60808 <unknown>\n#14 0x55bf6aa2d27f <unknown>\n#15 0x55bf6aa84e88 <unknown>\n#16 0x55bf6aa85059 <unknown>\n#17 0x55bf6aa95843 <unknown>\n#18 0x7f772e094b43 <unknown>\n\n","statusTrace":"  File \"/home/runner/work/kisangateway-test/kisangateway-test/.venv/lib/python3.11/site-packages/allure_commons/_allure.py\", line 192, in impl\n    return func(*a, **kw)\n           ^^^^^^^^^^^^^^\n  File \"/home/runner/work/kisangateway-test/kisangateway-test/pages/about_page.py\", line 20, in click_login_link\n    self.click(self.LOGIN_LINK)\n  File \"/home/runner/work/kisangateway-test/kisangateway-test/pages/base_page.py\", line 38, in click\n    el: WebElement = self.wait.until(\n                     ^^^^^^^^^^^^^^^^\n  File \"/home/runner/work/kisangateway-test/kisangateway-test/.venv/lib/python3.11/site-packages/selenium/webdriver/support/wait.py\", line 95, in until\n    raise TimeoutException(message, screen, stacktrace)\n","steps":[],"attachments":[],"parameters":[],"shouldDisplayMessage":true,"stepsCount":0,"attachmentsCount":0,"hasContent":true}],"attachments":[],"parameters":[],"shouldDisplayMessage":false,"stepsCount":1,"attachmentsCount":0,"hasContent":true}],"testStage":{"description":"Search for a non existing project","status":"broken","statusMessage":"selenium.common.exceptions.TimeoutException: Message: \nStacktrace:\n#0 0x55bf6aa966b3 <unknown>\n#1 0x55bf6a76c1e7 <unknown>\n#2 0x55bf6a7b3566 <unknown>\n#3 0x55bf6a7b3651 <unknown>\n#4 0x55bf6a7f0a74 <unknown>\n#5 0x55bf6a7d50ed <unknown>\n#6 0x55bf6a7ee322 <unknown>\n#7 0x55bf6a7d4e93 <unknown>\n#8 0x55bf6a7a7934 <unknown>\n#9 0x55bf6a7a871e <unknown>\n#10 0x55bf6aa5bcb8 <unknown>\n#11 0x55bf6aa5fbf0 <unknown>\n#12 0x55bf6aa6a19c <unknown>\n#13 0x55bf6aa60808 <unknown>\n#14 0x55bf6aa2d27f <unknown>\n#15 0x55bf6aa84e88 <unknown>\n#16 0x55bf6aa85059 <unknown>\n#17 0x55bf6aa95843 <unknown>\n#18 0x7f772e094b43 <unknown>","statusTrace":"self = <tests.test_workspaces.TestWorkspaces object at 0x7f4e990a4490>\nsecret_data = {'email': '', 'password': ''}\n\n    @pytest.fixture(autouse=True)\n    def setup_method_fixture(self, secret_data: dict):\n>       login(secret_data, self.about_page, self.login_page)\n\ntests/test_workspaces.py:23: \n_ _ _ _ _ _ _ _ _ _ _ _ _ _ _ _ _ _ _ _ _ _ _ _ _ _ _ _ _ _ _ _ _ _ _ _ _ _ _ _ \ntests/test_workspaces.py:13: in login\n    about_page.click_login_link()\npages/about_page.py:20: in click_login_link\n    self.click(self.LOGIN_LINK)\npages/base_page.py:38: in click\n    el: WebElement = self.wait.until(\n_ _ _ _ _ _ _ _ _ _ _ _ _ _ _ _ _ _ _ _ _ _ _ _ _ _ _ _ _ _ _ _ _ _ _ _ _ _ _ _ \n\nself = <selenium.webdriver.support.wait.WebDriverWait (session=\"64bbed12cd718ddc7da3feb257209b01\")>\nmethod = <function element_to_be_clickable.<locals>._predicate at 0x7f4e98fa99e0>\nmessage = ''\n\n    def until(self, method, message: str = \"\"):\n        \"\"\"Calls the method provided with the driver as an argument until the \\\n        return value does not evaluate to ``False``.\n    \n        :param method: callable(WebDriver)\n        :param message: optional message for :exc:`TimeoutException`\n        :returns: the result of the last call to `method`\n        :raises: :exc:`selenium.common.exceptions.TimeoutException` if timeout occurs\n        \"\"\"\n        screen = None\n        stacktrace = None\n    \n        end_time = time.monotonic() + self._timeout\n        while True:\n            try:\n                value = method(self._driver)\n                if value:\n                    return value\n            except self._ignored_exceptions as exc:\n                screen = getattr(exc, \"screen\", None)\n                stacktrace = getattr(exc, \"stacktrace\", None)\n            time.sleep(self._poll)\n            if time.monotonic() > end_time:\n                break\n>       raise TimeoutException(message, screen, stacktrace)\nE       selenium.common.exceptions.TimeoutException: Message: \nE       Stacktrace:\nE       #0 0x55bf6aa966b3 <unknown>\nE       #1 0x55bf6a76c1e7 <unknown>\nE       #2 0x55bf6a7b3566 <unknown>\nE       #3 0x55bf6a7b3651 <unknown>\nE       #4 0x55bf6a7f0a74 <unknown>\nE       #5 0x55bf6a7d50ed <unknown>\nE       #6 0x55bf6a7ee322 <unknown>\nE       #7 0x55bf6a7d4e93 <unknown>\nE       #8 0x55bf6a7a7934 <unknown>\nE       #9 0x55bf6a7a871e <unknown>\nE       #10 0x55bf6aa5bcb8 <unknown>\nE       #11 0x55bf6aa5fbf0 <unknown>\nE       #12 0x55bf6aa6a19c <unknown>\nE       #13 0x55bf6aa60808 <unknown>\nE       #14 0x55bf6aa2d27f <unknown>\nE       #15 0x55bf6aa84e88 <unknown>\nE       #16 0x55bf6aa85059 <unknown>\nE       #17 0x55bf6aa95843 <unknown>\nE       #18 0x7f772e094b43 <unknown>\n\n.venv/lib/python3.11/site-packages/selenium/webdriver/support/wait.py:95: TimeoutException","steps":[],"attachments":[{"uid":"baace3cd36ee47b1","name":"public ip address","source":"baace3cd36ee47b1.txt","type":"text/plain","size":12},{"uid":"59b480f55fe3c871","name":"Cookies","source":"59b480f55fe3c871.json","type":"application/json","size":2},{"uid":"913efdffc0d4f38","name":"Session Storage","source":"913efdffc0d4f38.json","type":"application/json","size":2},{"uid":"218e3dcf28de4ec5","name":"Local Storage","source":"218e3dcf28de4ec5.json","type":"application/json","size":2},{"uid":"75ebc0fa6f8f2e23","name":"Console Logs","source":"75ebc0fa6f8f2e23.json","type":"application/json","size":2},{"uid":"44df0edef0f90e03","name":"Full Page Screenshot","source":"44df0edef0f90e03.png","type":"image/png","size":1537971},{"uid":"cbca111dde6cd18c","name":"URL","source":"cbca111dde6cd18c.uri","type":"text/uri-list","size":25},{"uid":"d7b05bfca42ba6a5","name":"Network Logs","source":"d7b05bfca42ba6a5.json","type":"application/json","size":13996}],"parameters":[],"shouldDisplayMessage":true,"stepsCount":0,"attachmentsCount":8,"hasContent":true},"afterStages":[],"labels":[{"name":"story","value":"WorkSpaces Creation and Editing Functionality"},{"name":"severity","value":"normal"},{"name":"epic","value":"Workspaces"},{"name":"tag","value":"run(order=7)"},{"name":"parentSuite","value":"tests"},{"name":"suite","value":"test_workspaces"},{"name":"subSuite","value":"TestWorkspaces"},{"name":"host","value":"fv-az812-863"},{"name":"thread","value":"2230-MainThread"},{"name":"framework","value":"pytest"},{"name":"language","value":"cpython3"},{"name":"package","value":"tests.test_workspaces"},{"name":"resultFormat","value":"allure2"}],"parameters":[],"links":[],"hidden":false,"retry":false,"extra":{"severity":"normal","retries":[],"categories":[{"name":"Test defects","matchedStatuses":[],"flaky":false}],"tags":["run(order=7)"]},"source":"42a0dfb2cfd1e54f.json","parameterValues":[]}