{"uid":"afe9c358029d6d9","name":"Login with invalid credentials test","fullName":"tests.test_login.TestLogin#test_invalid_login","historyId":"d4a74b5adfb086f235dc50992a7adb79","time":{"start":1696467696168,"stop":1696467706493,"duration":10325},"description":"invalid login","descriptionHtml":"<p>invalid login</p>\n","status":"broken","statusMessage":"selenium.common.exceptions.TimeoutException: Message: \nStacktrace:\n#0 0x562e7536a6b3 <unknown>\n#1 0x562e750401e7 <unknown>\n#2 0x562e75087566 <unknown>\n#3 0x562e75087651 <unknown>\n#4 0x562e750c4a74 <unknown>\n#5 0x562e750a90ed <unknown>\n#6 0x562e750c2322 <unknown>\n#7 0x562e750a8e93 <unknown>\n#8 0x562e7507b934 <unknown>\n#9 0x562e7507c71e <unknown>\n#10 0x562e7532fcb8 <unknown>\n#11 0x562e75333bf0 <unknown>\n#12 0x562e7533e19c <unknown>\n#13 0x562e75334808 <unknown>\n#14 0x562e7530127f <unknown>\n#15 0x562e75358e88 <unknown>\n#16 0x562e75359059 <unknown>\n#17 0x562e75369843 <unknown>\n#18 0x7fa34b694b43 <unknown>","statusTrace":"self = <tests.test_login.TestLogin object at 0x7f4e99041390>\nemail = 'nirt236@gmail.com', password = '123456'\njson_data = {'forgot_password': {'error_message': \"We can't find a user with that e-mail address.\", 'success_message': 'A reset li...you page', 'name': 'test', 'new_name': 'another test', 'no_project_found_msg': 'No project matches the criteria', ...}}\n\n    @allure.description(\"invalid login\")\n    @allure.title(\"Login with invalid credentials test\")\n    @pytest.mark.parametrize(\"email, password\", users)\n    @pytest.mark.run(order=3)\n    def test_invalid_login(self, email: str, password: str, json_data: dict):\n>       self.about_page.click_login_link()\n\ntests/test_login.py:22: \n_ _ _ _ _ _ _ _ _ _ _ _ _ _ _ _ _ _ _ _ _ _ _ _ _ _ _ _ _ _ _ _ _ _ _ _ _ _ _ _ \npages/about_page.py:20: in click_login_link\n    self.click(self.LOGIN_LINK)\npages/base_page.py:38: in click\n    el: WebElement = self.wait.until(\n_ _ _ _ _ _ _ _ _ _ _ _ _ _ _ _ _ _ _ _ _ _ _ _ _ _ _ _ _ _ _ _ _ _ _ _ _ _ _ _ \n\nself = <selenium.webdriver.support.wait.WebDriverWait (session=\"bd3f445aea9b5bc960ae6c9ede321208\")>\nmethod = <function element_to_be_clickable.<locals>._predicate at 0x7f4e990d7ba0>\nmessage = ''\n\n    def until(self, method, message: str = \"\"):\n        \"\"\"Calls the method provided with the driver as an argument until the \\\n        return value does not evaluate to ``False``.\n    \n        :param method: callable(WebDriver)\n        :param message: optional message for :exc:`TimeoutException`\n        :returns: the result of the last call to `method`\n        :raises: :exc:`selenium.common.exceptions.TimeoutException` if timeout occurs\n        \"\"\"\n        screen = None\n        stacktrace = None\n    \n        end_time = time.monotonic() + self._timeout\n        while True:\n            try:\n                value = method(self._driver)\n                if value:\n                    return value\n            except self._ignored_exceptions as exc:\n                screen = getattr(exc, \"screen\", None)\n                stacktrace = getattr(exc, \"stacktrace\", None)\n            time.sleep(self._poll)\n            if time.monotonic() > end_time:\n                break\n>       raise TimeoutException(message, screen, stacktrace)\nE       selenium.common.exceptions.TimeoutException: Message: \nE       Stacktrace:\nE       #0 0x562e7536a6b3 <unknown>\nE       #1 0x562e750401e7 <unknown>\nE       #2 0x562e75087566 <unknown>\nE       #3 0x562e75087651 <unknown>\nE       #4 0x562e750c4a74 <unknown>\nE       #5 0x562e750a90ed <unknown>\nE       #6 0x562e750c2322 <unknown>\nE       #7 0x562e750a8e93 <unknown>\nE       #8 0x562e7507b934 <unknown>\nE       #9 0x562e7507c71e <unknown>\nE       #10 0x562e7532fcb8 <unknown>\nE       #11 0x562e75333bf0 <unknown>\nE       #12 0x562e7533e19c <unknown>\nE       #13 0x562e75334808 <unknown>\nE       #14 0x562e7530127f <unknown>\nE       #15 0x562e75358e88 <unknown>\nE       #16 0x562e75359059 <unknown>\nE       #17 0x562e75369843 <unknown>\nE       #18 0x7fa34b694b43 <unknown>\n\n.venv/lib/python3.11/site-packages/selenium/webdriver/support/wait.py:95: TimeoutException","flaky":false,"newFailed":false,"newBroken":false,"newPassed":false,"retriesCount":0,"retriesStatusChange":false,"beforeStages":[{"name":"base_url","time":{"start":1696467644125,"stop":1696467644125,"duration":0},"status":"passed","steps":[],"attachments":[],"parameters":[],"shouldDisplayMessage":false,"stepsCount":0,"attachmentsCount":0,"hasContent":false},{"name":"json_data","time":{"start":1696467644126,"stop":1696467644127,"duration":1},"status":"passed","steps":[],"attachments":[],"parameters":[],"shouldDisplayMessage":false,"stepsCount":0,"attachmentsCount":0,"hasContent":false},{"name":"_verify_url","time":{"start":1696467644126,"stop":1696467644126,"duration":0},"status":"passed","steps":[],"attachments":[],"parameters":[],"shouldDisplayMessage":false,"stepsCount":0,"attachmentsCount":0,"hasContent":false}],"testStage":{"description":"invalid login","status":"broken","statusMessage":"selenium.common.exceptions.TimeoutException: Message: \nStacktrace:\n#0 0x562e7536a6b3 <unknown>\n#1 0x562e750401e7 <unknown>\n#2 0x562e75087566 <unknown>\n#3 0x562e75087651 <unknown>\n#4 0x562e750c4a74 <unknown>\n#5 0x562e750a90ed <unknown>\n#6 0x562e750c2322 <unknown>\n#7 0x562e750a8e93 <unknown>\n#8 0x562e7507b934 <unknown>\n#9 0x562e7507c71e <unknown>\n#10 0x562e7532fcb8 <unknown>\n#11 0x562e75333bf0 <unknown>\n#12 0x562e7533e19c <unknown>\n#13 0x562e75334808 <unknown>\n#14 0x562e7530127f <unknown>\n#15 0x562e75358e88 <unknown>\n#16 0x562e75359059 <unknown>\n#17 0x562e75369843 <unknown>\n#18 0x7fa34b694b43 <unknown>","statusTrace":"self = <tests.test_login.TestLogin object at 0x7f4e99041390>\nemail = 'nirt236@gmail.com', password = '123456'\njson_data = {'forgot_password': {'error_message': \"We can't find a user with that e-mail address.\", 'success_message': 'A reset li...you page', 'name': 'test', 'new_name': 'another test', 'no_project_found_msg': 'No project matches the criteria', ...}}\n\n    @allure.description(\"invalid login\")\n    @allure.title(\"Login with invalid credentials test\")\n    @pytest.mark.parametrize(\"email, password\", users)\n    @pytest.mark.run(order=3)\n    def test_invalid_login(self, email: str, password: str, json_data: dict):\n>       self.about_page.click_login_link()\n\ntests/test_login.py:22: \n_ _ _ _ _ _ _ _ _ _ _ _ _ _ _ _ _ _ _ _ _ _ _ _ _ _ _ _ _ _ _ _ _ _ _ _ _ _ _ _ \npages/about_page.py:20: in click_login_link\n    self.click(self.LOGIN_LINK)\npages/base_page.py:38: in click\n    el: WebElement = self.wait.until(\n_ _ _ _ _ _ _ _ _ _ _ _ _ _ _ _ _ _ _ _ _ _ _ _ _ _ _ _ _ _ _ _ _ _ _ _ _ _ _ _ \n\nself = <selenium.webdriver.support.wait.WebDriverWait (session=\"bd3f445aea9b5bc960ae6c9ede321208\")>\nmethod = <function element_to_be_clickable.<locals>._predicate at 0x7f4e990d7ba0>\nmessage = ''\n\n    def until(self, method, message: str = \"\"):\n        \"\"\"Calls the method provided with the driver as an argument until the \\\n        return value does not evaluate to ``False``.\n    \n        :param method: callable(WebDriver)\n        :param message: optional message for :exc:`TimeoutException`\n        :returns: the result of the last call to `method`\n        :raises: :exc:`selenium.common.exceptions.TimeoutException` if timeout occurs\n        \"\"\"\n        screen = None\n        stacktrace = None\n    \n        end_time = time.monotonic() + self._timeout\n        while True:\n            try:\n                value = method(self._driver)\n                if value:\n                    return value\n            except self._ignored_exceptions as exc:\n                screen = getattr(exc, \"screen\", None)\n                stacktrace = getattr(exc, \"stacktrace\", None)\n            time.sleep(self._poll)\n            if time.monotonic() > end_time:\n                break\n>       raise TimeoutException(message, screen, stacktrace)\nE       selenium.common.exceptions.TimeoutException: Message: \nE       Stacktrace:\nE       #0 0x562e7536a6b3 <unknown>\nE       #1 0x562e750401e7 <unknown>\nE       #2 0x562e75087566 <unknown>\nE       #3 0x562e75087651 <unknown>\nE       #4 0x562e750c4a74 <unknown>\nE       #5 0x562e750a90ed <unknown>\nE       #6 0x562e750c2322 <unknown>\nE       #7 0x562e750a8e93 <unknown>\nE       #8 0x562e7507b934 <unknown>\nE       #9 0x562e7507c71e <unknown>\nE       #10 0x562e7532fcb8 <unknown>\nE       #11 0x562e75333bf0 <unknown>\nE       #12 0x562e7533e19c <unknown>\nE       #13 0x562e75334808 <unknown>\nE       #14 0x562e7530127f <unknown>\nE       #15 0x562e75358e88 <unknown>\nE       #16 0x562e75359059 <unknown>\nE       #17 0x562e75369843 <unknown>\nE       #18 0x7fa34b694b43 <unknown>\n\n.venv/lib/python3.11/site-packages/selenium/webdriver/support/wait.py:95: TimeoutException","steps":[{"name":"Click Login link","time":{"start":1696467696168,"stop":1696467706493,"duration":10325},"status":"broken","statusMessage":"selenium.common.exceptions.TimeoutException: Message: \nStacktrace:\n#0 0x562e7536a6b3 <unknown>\n#1 0x562e750401e7 <unknown>\n#2 0x562e75087566 <unknown>\n#3 0x562e75087651 <unknown>\n#4 0x562e750c4a74 <unknown>\n#5 0x562e750a90ed <unknown>\n#6 0x562e750c2322 <unknown>\n#7 0x562e750a8e93 <unknown>\n#8 0x562e7507b934 <unknown>\n#9 0x562e7507c71e <unknown>\n#10 0x562e7532fcb8 <unknown>\n#11 0x562e75333bf0 <unknown>\n#12 0x562e7533e19c <unknown>\n#13 0x562e75334808 <unknown>\n#14 0x562e7530127f <unknown>\n#15 0x562e75358e88 <unknown>\n#16 0x562e75359059 <unknown>\n#17 0x562e75369843 <unknown>\n#18 0x7fa34b694b43 <unknown>\n\n","statusTrace":"  File \"/home/runner/work/kisangateway-test/kisangateway-test/.venv/lib/python3.11/site-packages/allure_commons/_allure.py\", line 192, in impl\n    return func(*a, **kw)\n           ^^^^^^^^^^^^^^\n  File \"/home/runner/work/kisangateway-test/kisangateway-test/pages/about_page.py\", line 20, in click_login_link\n    self.click(self.LOGIN_LINK)\n  File \"/home/runner/work/kisangateway-test/kisangateway-test/pages/base_page.py\", line 38, in click\n    el: WebElement = self.wait.until(\n                     ^^^^^^^^^^^^^^^^\n  File \"/home/runner/work/kisangateway-test/kisangateway-test/.venv/lib/python3.11/site-packages/selenium/webdriver/support/wait.py\", line 95, in until\n    raise TimeoutException(message, screen, stacktrace)\n","steps":[],"attachments":[],"parameters":[],"shouldDisplayMessage":true,"stepsCount":0,"attachmentsCount":0,"hasContent":true}],"attachments":[{"uid":"45ad649474c63eaf","name":"public ip address","source":"45ad649474c63eaf.txt","type":"text/plain","size":12},{"uid":"c0245f3223015f3","name":"Cookies","source":"c0245f3223015f3.json","type":"application/json","size":2},{"uid":"48bd837a44f3639e","name":"Session Storage","source":"48bd837a44f3639e.json","type":"application/json","size":2},{"uid":"df3eb4f1b2d5cb7f","name":"Local Storage","source":"df3eb4f1b2d5cb7f.json","type":"application/json","size":2},{"uid":"c4378077d72706a","name":"Console Logs","source":"c4378077d72706a.json","type":"application/json","size":2},{"uid":"518aa24ce8d668aa","name":"Full Page Screenshot","source":"518aa24ce8d668aa.png","type":"image/png","size":1537971},{"uid":"a7ae5ee416d985aa","name":"URL","source":"a7ae5ee416d985aa.uri","type":"text/uri-list","size":25},{"uid":"1de956e3b26c7a68","name":"Network Logs","source":"1de956e3b26c7a68.json","type":"application/json","size":13993}],"parameters":[],"shouldDisplayMessage":true,"stepsCount":1,"attachmentsCount":8,"hasContent":true},"afterStages":[],"labels":[{"name":"feature","value":"Login"},{"name":"severity","value":"blocker"},{"name":"epic","value":"Security"},{"name":"tag","value":"run(order=3)"},{"name":"tag","value":"security"},{"name":"parentSuite","value":"tests"},{"name":"suite","value":"test_login"},{"name":"subSuite","value":"TestLogin"},{"name":"host","value":"fv-az812-863"},{"name":"thread","value":"2230-MainThread"},{"name":"framework","value":"pytest"},{"name":"language","value":"cpython3"},{"name":"package","value":"tests.test_login"},{"name":"resultFormat","value":"allure2"}],"parameters":[{"name":"email","value":"'nirt236@gmail.com'"},{"name":"password","value":"'123456'"}],"links":[],"hidden":false,"retry":false,"extra":{"severity":"blocker","retries":[],"categories":[{"name":"Test defects","matchedStatuses":[],"flaky":false}],"tags":["run(order=3)","security"]},"source":"afe9c358029d6d9.json","parameterValues":["'nirt236@gmail.com'","'123456'"]}