{"uid":"bd90715526c691d2","name":"Forgot Password with valid email test","fullName":"tests.test_forgot_password.TestForgotPassword#test_valid_email","historyId":"7ff7e178fd4f5b4b8deb31c8fc69c6a9","time":{"start":1696467813960,"stop":1696467824286,"duration":10326},"description":"Forgot password with a valid email address","descriptionHtml":"<p>Forgot password with a valid email address</p>\n","status":"broken","statusMessage":"selenium.common.exceptions.TimeoutException: Message: \nStacktrace:\n#0 0x5562867666b3 <unknown>\n#1 0x55628643c1e7 <unknown>\n#2 0x556286483566 <unknown>\n#3 0x556286483651 <unknown>\n#4 0x5562864c0a74 <unknown>\n#5 0x5562864a50ed <unknown>\n#6 0x5562864be322 <unknown>\n#7 0x5562864a4e93 <unknown>\n#8 0x556286477934 <unknown>\n#9 0x55628647871e <unknown>\n#10 0x55628672bcb8 <unknown>\n#11 0x55628672fbf0 <unknown>\n#12 0x55628673a19c <unknown>\n#13 0x556286730808 <unknown>\n#14 0x5562866fd27f <unknown>\n#15 0x556286754e88 <unknown>\n#16 0x556286755059 <unknown>\n#17 0x556286765843 <unknown>\n#18 0x7fd95fa94b43 <unknown>","statusTrace":"self = <tests.test_forgot_password.TestForgotPassword object at 0x7f4e9903a8d0>\njson_data = {'forgot_password': {'error_message': \"We can't find a user with that e-mail address.\", 'success_message': 'A reset li...you page', 'name': 'test', 'new_name': 'another test', 'no_project_found_msg': 'No project matches the criteria', ...}}\nsecret_data = {'email': '', 'password': ''}\n\n    @allure.description(\"Forgot password with a valid email address\")\n    @allure.title(\"Forgot Password with valid email test\")\n    def test_valid_email(self, json_data: dict, secret_data: dict):\n>       self.about_page.click_login_link()\n\ntests/test_forgot_password.py:19: \n_ _ _ _ _ _ _ _ _ _ _ _ _ _ _ _ _ _ _ _ _ _ _ _ _ _ _ _ _ _ _ _ _ _ _ _ _ _ _ _ \npages/about_page.py:20: in click_login_link\n    self.click(self.LOGIN_LINK)\npages/base_page.py:38: in click\n    el: WebElement = self.wait.until(\n_ _ _ _ _ _ _ _ _ _ _ _ _ _ _ _ _ _ _ _ _ _ _ _ _ _ _ _ _ _ _ _ _ _ _ _ _ _ _ _ \n\nself = <selenium.webdriver.support.wait.WebDriverWait (session=\"2625f6d4becc81312799ab8166f24404\")>\nmethod = <function element_to_be_clickable.<locals>._predicate at 0x7f4e98fab060>\nmessage = ''\n\n    def until(self, method, message: str = \"\"):\n        \"\"\"Calls the method provided with the driver as an argument until the \\\n        return value does not evaluate to ``False``.\n    \n        :param method: callable(WebDriver)\n        :param message: optional message for :exc:`TimeoutException`\n        :returns: the result of the last call to `method`\n        :raises: :exc:`selenium.common.exceptions.TimeoutException` if timeout occurs\n        \"\"\"\n        screen = None\n        stacktrace = None\n    \n        end_time = time.monotonic() + self._timeout\n        while True:\n            try:\n                value = method(self._driver)\n                if value:\n                    return value\n            except self._ignored_exceptions as exc:\n                screen = getattr(exc, \"screen\", None)\n                stacktrace = getattr(exc, \"stacktrace\", None)\n            time.sleep(self._poll)\n            if time.monotonic() > end_time:\n                break\n>       raise TimeoutException(message, screen, stacktrace)\nE       selenium.common.exceptions.TimeoutException: Message: \nE       Stacktrace:\nE       #0 0x5562867666b3 <unknown>\nE       #1 0x55628643c1e7 <unknown>\nE       #2 0x556286483566 <unknown>\nE       #3 0x556286483651 <unknown>\nE       #4 0x5562864c0a74 <unknown>\nE       #5 0x5562864a50ed <unknown>\nE       #6 0x5562864be322 <unknown>\nE       #7 0x5562864a4e93 <unknown>\nE       #8 0x556286477934 <unknown>\nE       #9 0x55628647871e <unknown>\nE       #10 0x55628672bcb8 <unknown>\nE       #11 0x55628672fbf0 <unknown>\nE       #12 0x55628673a19c <unknown>\nE       #13 0x556286730808 <unknown>\nE       #14 0x5562866fd27f <unknown>\nE       #15 0x556286754e88 <unknown>\nE       #16 0x556286755059 <unknown>\nE       #17 0x556286765843 <unknown>\nE       #18 0x7fd95fa94b43 <unknown>\n\n.venv/lib/python3.11/site-packages/selenium/webdriver/support/wait.py:95: TimeoutException","flaky":false,"newFailed":false,"newBroken":false,"newPassed":false,"retriesCount":0,"retriesStatusChange":false,"beforeStages":[{"name":"base_url","time":{"start":1696467644125,"stop":1696467644125,"duration":0},"status":"passed","steps":[],"attachments":[],"parameters":[],"shouldDisplayMessage":false,"stepsCount":0,"attachmentsCount":0,"hasContent":false},{"name":"json_data","time":{"start":1696467644126,"stop":1696467644127,"duration":1},"status":"passed","steps":[],"attachments":[],"parameters":[],"shouldDisplayMessage":false,"stepsCount":0,"attachmentsCount":0,"hasContent":false},{"name":"secret_data","time":{"start":1696467644126,"stop":1696467644126,"duration":0},"status":"passed","steps":[],"attachments":[],"parameters":[],"shouldDisplayMessage":false,"stepsCount":0,"attachmentsCount":0,"hasContent":false},{"name":"_verify_url","time":{"start":1696467644126,"stop":1696467644126,"duration":0},"status":"passed","steps":[],"attachments":[],"parameters":[],"shouldDisplayMessage":false,"stepsCount":0,"attachmentsCount":0,"hasContent":false}],"testStage":{"description":"Forgot password with a valid email address","status":"broken","statusMessage":"selenium.common.exceptions.TimeoutException: Message: \nStacktrace:\n#0 0x5562867666b3 <unknown>\n#1 0x55628643c1e7 <unknown>\n#2 0x556286483566 <unknown>\n#3 0x556286483651 <unknown>\n#4 0x5562864c0a74 <unknown>\n#5 0x5562864a50ed <unknown>\n#6 0x5562864be322 <unknown>\n#7 0x5562864a4e93 <unknown>\n#8 0x556286477934 <unknown>\n#9 0x55628647871e <unknown>\n#10 0x55628672bcb8 <unknown>\n#11 0x55628672fbf0 <unknown>\n#12 0x55628673a19c <unknown>\n#13 0x556286730808 <unknown>\n#14 0x5562866fd27f <unknown>\n#15 0x556286754e88 <unknown>\n#16 0x556286755059 <unknown>\n#17 0x556286765843 <unknown>\n#18 0x7fd95fa94b43 <unknown>","statusTrace":"self = <tests.test_forgot_password.TestForgotPassword object at 0x7f4e9903a8d0>\njson_data = {'forgot_password': {'error_message': \"We can't find a user with that e-mail address.\", 'success_message': 'A reset li...you page', 'name': 'test', 'new_name': 'another test', 'no_project_found_msg': 'No project matches the criteria', ...}}\nsecret_data = {'email': '', 'password': ''}\n\n    @allure.description(\"Forgot password with a valid email address\")\n    @allure.title(\"Forgot Password with valid email test\")\n    def test_valid_email(self, json_data: dict, secret_data: dict):\n>       self.about_page.click_login_link()\n\ntests/test_forgot_password.py:19: \n_ _ _ _ _ _ _ _ _ _ _ _ _ _ _ _ _ _ _ _ _ _ _ _ _ _ _ _ _ _ _ _ _ _ _ _ _ _ _ _ \npages/about_page.py:20: in click_login_link\n    self.click(self.LOGIN_LINK)\npages/base_page.py:38: in click\n    el: WebElement = self.wait.until(\n_ _ _ _ _ _ _ _ _ _ _ _ _ _ _ _ _ _ _ _ _ _ _ _ _ _ _ _ _ _ _ _ _ _ _ _ _ _ _ _ \n\nself = <selenium.webdriver.support.wait.WebDriverWait (session=\"2625f6d4becc81312799ab8166f24404\")>\nmethod = <function element_to_be_clickable.<locals>._predicate at 0x7f4e98fab060>\nmessage = ''\n\n    def until(self, method, message: str = \"\"):\n        \"\"\"Calls the method provided with the driver as an argument until the \\\n        return value does not evaluate to ``False``.\n    \n        :param method: callable(WebDriver)\n        :param message: optional message for :exc:`TimeoutException`\n        :returns: the result of the last call to `method`\n        :raises: :exc:`selenium.common.exceptions.TimeoutException` if timeout occurs\n        \"\"\"\n        screen = None\n        stacktrace = None\n    \n        end_time = time.monotonic() + self._timeout\n        while True:\n            try:\n                value = method(self._driver)\n                if value:\n                    return value\n            except self._ignored_exceptions as exc:\n                screen = getattr(exc, \"screen\", None)\n                stacktrace = getattr(exc, \"stacktrace\", None)\n            time.sleep(self._poll)\n            if time.monotonic() > end_time:\n                break\n>       raise TimeoutException(message, screen, stacktrace)\nE       selenium.common.exceptions.TimeoutException: Message: \nE       Stacktrace:\nE       #0 0x5562867666b3 <unknown>\nE       #1 0x55628643c1e7 <unknown>\nE       #2 0x556286483566 <unknown>\nE       #3 0x556286483651 <unknown>\nE       #4 0x5562864c0a74 <unknown>\nE       #5 0x5562864a50ed <unknown>\nE       #6 0x5562864be322 <unknown>\nE       #7 0x5562864a4e93 <unknown>\nE       #8 0x556286477934 <unknown>\nE       #9 0x55628647871e <unknown>\nE       #10 0x55628672bcb8 <unknown>\nE       #11 0x55628672fbf0 <unknown>\nE       #12 0x55628673a19c <unknown>\nE       #13 0x556286730808 <unknown>\nE       #14 0x5562866fd27f <unknown>\nE       #15 0x556286754e88 <unknown>\nE       #16 0x556286755059 <unknown>\nE       #17 0x556286765843 <unknown>\nE       #18 0x7fd95fa94b43 <unknown>\n\n.venv/lib/python3.11/site-packages/selenium/webdriver/support/wait.py:95: TimeoutException","steps":[{"name":"Click Login link","time":{"start":1696467813960,"stop":1696467824285,"duration":10325},"status":"broken","statusMessage":"selenium.common.exceptions.TimeoutException: Message: \nStacktrace:\n#0 0x5562867666b3 <unknown>\n#1 0x55628643c1e7 <unknown>\n#2 0x556286483566 <unknown>\n#3 0x556286483651 <unknown>\n#4 0x5562864c0a74 <unknown>\n#5 0x5562864a50ed <unknown>\n#6 0x5562864be322 <unknown>\n#7 0x5562864a4e93 <unknown>\n#8 0x556286477934 <unknown>\n#9 0x55628647871e <unknown>\n#10 0x55628672bcb8 <unknown>\n#11 0x55628672fbf0 <unknown>\n#12 0x55628673a19c <unknown>\n#13 0x556286730808 <unknown>\n#14 0x5562866fd27f <unknown>\n#15 0x556286754e88 <unknown>\n#16 0x556286755059 <unknown>\n#17 0x556286765843 <unknown>\n#18 0x7fd95fa94b43 <unknown>\n\n","statusTrace":"  File \"/home/runner/work/kisangateway-test/kisangateway-test/.venv/lib/python3.11/site-packages/allure_commons/_allure.py\", line 192, in impl\n    return func(*a, **kw)\n           ^^^^^^^^^^^^^^\n  File \"/home/runner/work/kisangateway-test/kisangateway-test/pages/about_page.py\", line 20, in click_login_link\n    self.click(self.LOGIN_LINK)\n  File \"/home/runner/work/kisangateway-test/kisangateway-test/pages/base_page.py\", line 38, in click\n    el: WebElement = self.wait.until(\n                     ^^^^^^^^^^^^^^^^\n  File \"/home/runner/work/kisangateway-test/kisangateway-test/.venv/lib/python3.11/site-packages/selenium/webdriver/support/wait.py\", line 95, in until\n    raise TimeoutException(message, screen, stacktrace)\n","steps":[],"attachments":[],"parameters":[],"shouldDisplayMessage":true,"stepsCount":0,"attachmentsCount":0,"hasContent":true}],"attachments":[{"uid":"279ed2d357eadf72","name":"public ip address","source":"279ed2d357eadf72.txt","type":"text/plain","size":12},{"uid":"aeb81c9cd5ce7d7f","name":"Cookies","source":"aeb81c9cd5ce7d7f.json","type":"application/json","size":2},{"uid":"82c22759703733e7","name":"Session Storage","source":"82c22759703733e7.json","type":"application/json","size":2},{"uid":"20aeecf1b32a02b0","name":"Local Storage","source":"20aeecf1b32a02b0.json","type":"application/json","size":2},{"uid":"dacc1390dbc904b3","name":"Console Logs","source":"dacc1390dbc904b3.json","type":"application/json","size":2},{"uid":"ef192b590a0e49cd","name":"Full Page Screenshot","source":"ef192b590a0e49cd.png","type":"image/png","size":1537971},{"uid":"e176d02e60eeeb25","name":"URL","source":"e176d02e60eeeb25.uri","type":"text/uri-list","size":25},{"uid":"696df12052b744c8","name":"Network Logs","source":"696df12052b744c8.json","type":"application/json","size":13993}],"parameters":[],"shouldDisplayMessage":true,"stepsCount":1,"attachmentsCount":8,"hasContent":true},"afterStages":[],"labels":[{"name":"suite","value":"Custom suite"},{"name":"parentSuite","value":"Custom parent suite"},{"name":"severity","value":"critical"},{"name":"epic","value":"Security"},{"name":"story","value":"Forgot Password Feature's Functionality"},{"name":"subSuite","value":"Custom sub suite"},{"name":"tag","value":"security"},{"name":"host","value":"fv-az812-863"},{"name":"thread","value":"2230-MainThread"},{"name":"framework","value":"pytest"},{"name":"language","value":"cpython3"},{"name":"package","value":"tests.test_forgot_password"},{"name":"resultFormat","value":"allure2"}],"parameters":[],"links":[],"hidden":false,"retry":false,"extra":{"severity":"critical","retries":[],"categories":[{"name":"Test defects","matchedStatuses":[],"flaky":false}],"tags":["security"]},"source":"bd90715526c691d2.json","parameterValues":[]}