{"uid":"4a6b595328de9a65","name":"Delete existing project","fullName":"tests.test_workspaces.TestWorkspaces#test_delete_project","historyId":"ec4959b9902b11e4378ec1736393f0f6","time":{"start":1709946025214,"stop":1709946025214,"duration":0},"description":"Deleting an existing project from workspace","descriptionHtml":"<p>Deleting an existing project from workspace</p>\n","status":"broken","statusMessage":"selenium.common.exceptions.TimeoutException: Message: \nStacktrace:\n#0 0x561e2d35ee93 <unknown>\n#1 0x561e2d056ce6 <unknown>\n#2 0x561e2d0a1e48 <unknown>\n#3 0x561e2d0a1f01 <unknown>\n#4 0x561e2d0e53f4 <unknown>\n#5 0x561e2d0c3edd <unknown>\n#6 0x561e2d0e2899 <unknown>\n#7 0x561e2d0c3c53 <unknown>\n#8 0x561e2d094db3 <unknown>\n#9 0x561e2d09577e <unknown>\n#10 0x561e2d3247cb <unknown>\n#11 0x561e2d3287e5 <unknown>\n#12 0x561e2d3120e1 <unknown>\n#13 0x561e2d329372 <unknown>\n#14 0x561e2d2f61bf <unknown>\n#15 0x561e2d34d488 <unknown>\n#16 0x561e2d34d683 <unknown>\n#17 0x561e2d35e044 <unknown>\n#18 0x7fdf4dc94ac3 <unknown>","statusTrace":"self = <tests.test_workspaces.TestWorkspaces object at 0x7fe5faa13490>\nsecret_data = {'email': '', 'password': ''}\n\n    @pytest.fixture(autouse=True)\n    def setup_method_fixture(self, secret_data: dict):\n>       login(secret_data, self.about_page, self.login_page)\n\ntests/test_workspaces.py:23: \n_ _ _ _ _ _ _ _ _ _ _ _ _ _ _ _ _ _ _ _ _ _ _ _ _ _ _ _ _ _ _ _ _ _ _ _ _ _ _ _ \ntests/test_workspaces.py:13: in login\n    about_page.click_login_link()\npages/about_page.py:20: in click_login_link\n    self.click(self.LOGIN_LINK)\npages/base_page.py:38: in click\n    el: WebElement = self.wait.until(\n_ _ _ _ _ _ _ _ _ _ _ _ _ _ _ _ _ _ _ _ _ _ _ _ _ _ _ _ _ _ _ _ _ _ _ _ _ _ _ _ \n\nself = <selenium.webdriver.support.wait.WebDriverWait (session=\"1da5bb9aa6e7f348fd9d5395dc263013\")>\nmethod = <function element_to_be_clickable.<locals>._predicate at 0x7fe5fa2c3060>\nmessage = ''\n\n    def until(self, method, message: str = \"\"):\n        \"\"\"Calls the method provided with the driver as an argument until the \\\n        return value does not evaluate to ``False``.\n    \n        :param method: callable(WebDriver)\n        :param message: optional message for :exc:`TimeoutException`\n        :returns: the result of the last call to `method`\n        :raises: :exc:`selenium.common.exceptions.TimeoutException` if timeout occurs\n        \"\"\"\n        screen = None\n        stacktrace = None\n    \n        end_time = time.monotonic() + self._timeout\n        while True:\n            try:\n                value = method(self._driver)\n                if value:\n                    return value\n            except self._ignored_exceptions as exc:\n                screen = getattr(exc, \"screen\", None)\n                stacktrace = getattr(exc, \"stacktrace\", None)\n            time.sleep(self._poll)\n            if time.monotonic() > end_time:\n                break\n>       raise TimeoutException(message, screen, stacktrace)\nE       selenium.common.exceptions.TimeoutException: Message: \nE       Stacktrace:\nE       #0 0x561e2d35ee93 <unknown>\nE       #1 0x561e2d056ce6 <unknown>\nE       #2 0x561e2d0a1e48 <unknown>\nE       #3 0x561e2d0a1f01 <unknown>\nE       #4 0x561e2d0e53f4 <unknown>\nE       #5 0x561e2d0c3edd <unknown>\nE       #6 0x561e2d0e2899 <unknown>\nE       #7 0x561e2d0c3c53 <unknown>\nE       #8 0x561e2d094db3 <unknown>\nE       #9 0x561e2d09577e <unknown>\nE       #10 0x561e2d3247cb <unknown>\nE       #11 0x561e2d3287e5 <unknown>\nE       #12 0x561e2d3120e1 <unknown>\nE       #13 0x561e2d329372 <unknown>\nE       #14 0x561e2d2f61bf <unknown>\nE       #15 0x561e2d34d488 <unknown>\nE       #16 0x561e2d34d683 <unknown>\nE       #17 0x561e2d35e044 <unknown>\nE       #18 0x7fdf4dc94ac3 <unknown>\n\n.venv/lib/python3.11/site-packages/selenium/webdriver/support/wait.py:95: TimeoutException","flaky":false,"newFailed":false,"newBroken":false,"newPassed":false,"retriesCount":0,"retriesStatusChange":false,"beforeStages":[{"name":"_verify_url","time":{"start":1709945874602,"stop":1709945874602,"duration":0},"status":"passed","steps":[],"attachments":[],"parameters":[],"shouldDisplayMessage":false,"stepsCount":0,"attachmentsCount":0,"hasContent":false,"attachmentStep":false},{"name":"base_url","time":{"start":1709945874602,"stop":1709945874602,"duration":0},"status":"passed","steps":[],"attachments":[],"parameters":[],"shouldDisplayMessage":false,"stepsCount":0,"attachmentsCount":0,"hasContent":false,"attachmentStep":false},{"name":"secret_data","time":{"start":1709945874603,"stop":1709945874603,"duration":0},"status":"passed","steps":[],"attachments":[],"parameters":[],"shouldDisplayMessage":false,"stepsCount":0,"attachmentsCount":0,"hasContent":false,"attachmentStep":false},{"name":"json_data","time":{"start":1709945874603,"stop":1709945874603,"duration":0},"status":"passed","steps":[],"attachments":[],"parameters":[],"shouldDisplayMessage":false,"stepsCount":0,"attachmentsCount":0,"hasContent":false,"attachmentStep":false},{"name":"setup_method_fixture","time":{"start":1709946026411,"stop":1709946036608,"duration":10197},"status":"broken","statusMessage":"selenium.common.exceptions.TimeoutException: Message: \nStacktrace:\n#0 0x561e2d35ee93 <unknown>\n#1 0x561e2d056ce6 <unknown>\n#2 0x561e2d0a1e48 <unknown>\n#3 0x561e2d0a1f01 <unknown>\n#4 0x561e2d0e53f4 <unknown>\n#5 0x561e2d0c3edd <unknown>\n#6 0x561e2d0e2899 <unknown>\n#7 0x561e2d0c3c53 <unknown>\n#8 0x561e2d094db3 <unknown>\n#9 0x561e2d09577e <unknown>\n#10 0x561e2d3247cb <unknown>\n#11 0x561e2d3287e5 <unknown>\n#12 0x561e2d3120e1 <unknown>\n#13 0x561e2d329372 <unknown>\n#14 0x561e2d2f61bf <unknown>\n#15 0x561e2d34d488 <unknown>\n#16 0x561e2d34d683 <unknown>\n#17 0x561e2d35e044 <unknown>\n#18 0x7fdf4dc94ac3 <unknown>\n\n","statusTrace":"  File \"/home/runner/work/kisangateway-test/kisangateway-test/.venv/lib/python3.11/site-packages/pluggy/_callers.py\", line 80, in _multicall\n    res = hook_impl.function(*args)\n          ^^^^^^^^^^^^^^^^^^^^^^^^^\n  File \"/home/runner/work/kisangateway-test/kisangateway-test/.venv/lib/python3.11/site-packages/_pytest/fixtures.py\", line 1123, in pytest_fixture_setup\n    result = call_fixture_func(fixturefunc, request, kwargs)\n             ^^^^^^^^^^^^^^^^^^^^^^^^^^^^^^^^^^^^^^^^^^^^^^^\n  File \"/home/runner/work/kisangateway-test/kisangateway-test/.venv/lib/python3.11/site-packages/_pytest/fixtures.py\", line 902, in call_fixture_func\n    fixture_result = fixturefunc(**kwargs)\n                     ^^^^^^^^^^^^^^^^^^^^^\n  File \"/home/runner/work/kisangateway-test/kisangateway-test/tests/test_workspaces.py\", line 23, in setup_method_fixture\n    login(secret_data, self.about_page, self.login_page)\n  File \"/home/runner/work/kisangateway-test/kisangateway-test/tests/test_workspaces.py\", line 13, in login\n    about_page.click_login_link()\n  File \"/home/runner/work/kisangateway-test/kisangateway-test/.venv/lib/python3.11/site-packages/allure_commons/_allure.py\", line 192, in impl\n    return func(*a, **kw)\n           ^^^^^^^^^^^^^^\n  File \"/home/runner/work/kisangateway-test/kisangateway-test/pages/about_page.py\", line 20, in click_login_link\n    self.click(self.LOGIN_LINK)\n  File \"/home/runner/work/kisangateway-test/kisangateway-test/pages/base_page.py\", line 38, in click\n    el: WebElement = self.wait.until(\n                     ^^^^^^^^^^^^^^^^\n  File \"/home/runner/work/kisangateway-test/kisangateway-test/.venv/lib/python3.11/site-packages/selenium/webdriver/support/wait.py\", line 95, in until\n    raise TimeoutException(message, screen, stacktrace)\n","steps":[{"name":"Click Login link","time":{"start":1709946026411,"stop":1709946036608,"duration":10197},"status":"broken","statusMessage":"selenium.common.exceptions.TimeoutException: Message: \nStacktrace:\n#0 0x561e2d35ee93 <unknown>\n#1 0x561e2d056ce6 <unknown>\n#2 0x561e2d0a1e48 <unknown>\n#3 0x561e2d0a1f01 <unknown>\n#4 0x561e2d0e53f4 <unknown>\n#5 0x561e2d0c3edd <unknown>\n#6 0x561e2d0e2899 <unknown>\n#7 0x561e2d0c3c53 <unknown>\n#8 0x561e2d094db3 <unknown>\n#9 0x561e2d09577e <unknown>\n#10 0x561e2d3247cb <unknown>\n#11 0x561e2d3287e5 <unknown>\n#12 0x561e2d3120e1 <unknown>\n#13 0x561e2d329372 <unknown>\n#14 0x561e2d2f61bf <unknown>\n#15 0x561e2d34d488 <unknown>\n#16 0x561e2d34d683 <unknown>\n#17 0x561e2d35e044 <unknown>\n#18 0x7fdf4dc94ac3 <unknown>\n\n","statusTrace":"  File \"/home/runner/work/kisangateway-test/kisangateway-test/.venv/lib/python3.11/site-packages/allure_commons/_allure.py\", line 192, in impl\n    return func(*a, **kw)\n           ^^^^^^^^^^^^^^\n  File \"/home/runner/work/kisangateway-test/kisangateway-test/pages/about_page.py\", line 20, in click_login_link\n    self.click(self.LOGIN_LINK)\n  File \"/home/runner/work/kisangateway-test/kisangateway-test/pages/base_page.py\", line 38, in click\n    el: WebElement = self.wait.until(\n                     ^^^^^^^^^^^^^^^^\n  File \"/home/runner/work/kisangateway-test/kisangateway-test/.venv/lib/python3.11/site-packages/selenium/webdriver/support/wait.py\", line 95, in until\n    raise TimeoutException(message, screen, stacktrace)\n","steps":[],"attachments":[],"parameters":[],"shouldDisplayMessage":true,"stepsCount":0,"attachmentsCount":0,"hasContent":true,"attachmentStep":false}],"attachments":[],"parameters":[],"shouldDisplayMessage":false,"stepsCount":1,"attachmentsCount":0,"hasContent":true,"attachmentStep":false}],"testStage":{"description":"Deleting an existing project from workspace","status":"broken","statusMessage":"selenium.common.exceptions.TimeoutException: Message: \nStacktrace:\n#0 0x561e2d35ee93 <unknown>\n#1 0x561e2d056ce6 <unknown>\n#2 0x561e2d0a1e48 <unknown>\n#3 0x561e2d0a1f01 <unknown>\n#4 0x561e2d0e53f4 <unknown>\n#5 0x561e2d0c3edd <unknown>\n#6 0x561e2d0e2899 <unknown>\n#7 0x561e2d0c3c53 <unknown>\n#8 0x561e2d094db3 <unknown>\n#9 0x561e2d09577e <unknown>\n#10 0x561e2d3247cb <unknown>\n#11 0x561e2d3287e5 <unknown>\n#12 0x561e2d3120e1 <unknown>\n#13 0x561e2d329372 <unknown>\n#14 0x561e2d2f61bf <unknown>\n#15 0x561e2d34d488 <unknown>\n#16 0x561e2d34d683 <unknown>\n#17 0x561e2d35e044 <unknown>\n#18 0x7fdf4dc94ac3 <unknown>","statusTrace":"self = <tests.test_workspaces.TestWorkspaces object at 0x7fe5faa13490>\nsecret_data = {'email': '', 'password': ''}\n\n    @pytest.fixture(autouse=True)\n    def setup_method_fixture(self, secret_data: dict):\n>       login(secret_data, self.about_page, self.login_page)\n\ntests/test_workspaces.py:23: \n_ _ _ _ _ _ _ _ _ _ _ _ _ _ _ _ _ _ _ _ _ _ _ _ _ _ _ _ _ _ _ _ _ _ _ _ _ _ _ _ \ntests/test_workspaces.py:13: in login\n    about_page.click_login_link()\npages/about_page.py:20: in click_login_link\n    self.click(self.LOGIN_LINK)\npages/base_page.py:38: in click\n    el: WebElement = self.wait.until(\n_ _ _ _ _ _ _ _ _ _ _ _ _ _ _ _ _ _ _ _ _ _ _ _ _ _ _ _ _ _ _ _ _ _ _ _ _ _ _ _ \n\nself = <selenium.webdriver.support.wait.WebDriverWait (session=\"1da5bb9aa6e7f348fd9d5395dc263013\")>\nmethod = <function element_to_be_clickable.<locals>._predicate at 0x7fe5fa2c3060>\nmessage = ''\n\n    def until(self, method, message: str = \"\"):\n        \"\"\"Calls the method provided with the driver as an argument until the \\\n        return value does not evaluate to ``False``.\n    \n        :param method: callable(WebDriver)\n        :param message: optional message for :exc:`TimeoutException`\n        :returns: the result of the last call to `method`\n        :raises: :exc:`selenium.common.exceptions.TimeoutException` if timeout occurs\n        \"\"\"\n        screen = None\n        stacktrace = None\n    \n        end_time = time.monotonic() + self._timeout\n        while True:\n            try:\n                value = method(self._driver)\n                if value:\n                    return value\n            except self._ignored_exceptions as exc:\n                screen = getattr(exc, \"screen\", None)\n                stacktrace = getattr(exc, \"stacktrace\", None)\n            time.sleep(self._poll)\n            if time.monotonic() > end_time:\n                break\n>       raise TimeoutException(message, screen, stacktrace)\nE       selenium.common.exceptions.TimeoutException: Message: \nE       Stacktrace:\nE       #0 0x561e2d35ee93 <unknown>\nE       #1 0x561e2d056ce6 <unknown>\nE       #2 0x561e2d0a1e48 <unknown>\nE       #3 0x561e2d0a1f01 <unknown>\nE       #4 0x561e2d0e53f4 <unknown>\nE       #5 0x561e2d0c3edd <unknown>\nE       #6 0x561e2d0e2899 <unknown>\nE       #7 0x561e2d0c3c53 <unknown>\nE       #8 0x561e2d094db3 <unknown>\nE       #9 0x561e2d09577e <unknown>\nE       #10 0x561e2d3247cb <unknown>\nE       #11 0x561e2d3287e5 <unknown>\nE       #12 0x561e2d3120e1 <unknown>\nE       #13 0x561e2d329372 <unknown>\nE       #14 0x561e2d2f61bf <unknown>\nE       #15 0x561e2d34d488 <unknown>\nE       #16 0x561e2d34d683 <unknown>\nE       #17 0x561e2d35e044 <unknown>\nE       #18 0x7fdf4dc94ac3 <unknown>\n\n.venv/lib/python3.11/site-packages/selenium/webdriver/support/wait.py:95: TimeoutException","steps":[],"attachments":[{"uid":"47dea1e54c62ac29","name":"public ip address","source":"47dea1e54c62ac29.txt","type":"text/plain","size":12},{"uid":"d20ad1a2ec6bc0c6","name":"Cookies","source":"d20ad1a2ec6bc0c6.json","type":"application/json","size":526},{"uid":"be77a26639267fa8","name":"Session Storage","source":"be77a26639267fa8.json","type":"application/json","size":2},{"uid":"e395ad07ce8169ef","name":"Local Storage","source":"e395ad07ce8169ef.json","type":"application/json","size":77},{"uid":"eda00334882eedf5","name":"Console Logs","source":"eda00334882eedf5.json","type":"application/json","size":310},{"uid":"1b0b8053e4537e1f","name":"Full Page Screenshot","source":"1b0b8053e4537e1f.png","type":"image/png","size":2477225},{"uid":"2b67a83046e78b9","name":"URL","source":"2b67a83046e78b9.uri","type":"text/uri-list","size":25},{"uid":"fe097d96c2c88cd3","name":"Network Logs","source":"fe097d96c2c88cd3.json","type":"application/json","size":1285361}],"parameters":[],"shouldDisplayMessage":true,"stepsCount":0,"attachmentsCount":8,"hasContent":true,"attachmentStep":false},"afterStages":[],"labels":[{"name":"epic","value":"Workspaces"},{"name":"severity","value":"normal"},{"name":"story","value":"WorkSpaces Creation and Editing Functionality"},{"name":"tag","value":"run(order=9)"},{"name":"parentSuite","value":"tests"},{"name":"suite","value":"test_workspaces"},{"name":"subSuite","value":"TestWorkspaces"},{"name":"host","value":"fv-az1432-828"},{"name":"thread","value":"2270-MainThread"},{"name":"framework","value":"pytest"},{"name":"language","value":"cpython3"},{"name":"package","value":"tests.test_workspaces"},{"name":"resultFormat","value":"allure2"}],"parameters":[],"links":[],"hidden":false,"retry":false,"extra":{"severity":"normal","retries":[],"categories":[{"name":"Test defects","matchedStatuses":[],"flaky":false}],"tags":["run(order=9)"]},"source":"4a6b595328de9a65.json","parameterValues":[]}