{"uid":"535b91a19c9fedbc","name":"Add project to workspace test","fullName":"tests.test_workspaces.TestWorkspaces#test_add_project_to_workspace","historyId":"fc6ee288c49142976b6c23b6071583ec","time":{"start":1694998945810,"stop":1694998945810,"duration":0},"description":"Selecting and adding a project to workspace","descriptionHtml":"<p>Selecting and adding a project to workspace</p>\n","status":"broken","statusMessage":"selenium.common.exceptions.TimeoutException: Message: \nStacktrace:\n#0 0x55b4713ebe23 <unknown>\n#1 0x55b4711147a7 <unknown>\n#2 0x55b4711531d3 <unknown>\n#3 0x55b4711532c1 <unknown>\n#4 0x55b47118ea04 <unknown>\n#5 0x55b47117403d <unknown>\n#6 0x55b47118c369 <unknown>\n#7 0x55b471173de3 <unknown>\n#8 0x55b471147a7b <unknown>\n#9 0x55b47114881e <unknown>\n#10 0x55b4713ad638 <unknown>\n#11 0x55b4713b1507 <unknown>\n#12 0x55b4713bbc4c <unknown>\n#13 0x55b4713b2136 <unknown>\n#14 0x55b4713809cf <unknown>\n#15 0x55b4713d5b98 <unknown>\n#16 0x55b4713d5d68 <unknown>\n#17 0x55b4713e4cb3 <unknown>\n#18 0x7f518bc94b43 <unknown>","statusTrace":"self = <tests.test_workspaces.TestWorkspaces object at 0x7f82f15c8e90>\nsecret_data = {'email': '', 'password': ''}\n\n    @pytest.fixture(autouse=True)\n    def setup_method_fixture(self, secret_data: dict):\n>       login(secret_data, self.about_page, self.login_page)\n\ntests/test_workspaces.py:23: \n_ _ _ _ _ _ _ _ _ _ _ _ _ _ _ _ _ _ _ _ _ _ _ _ _ _ _ _ _ _ _ _ _ _ _ _ _ _ _ _ \ntests/test_workspaces.py:13: in login\n    about_page.click_login_link()\npages/about_page.py:20: in click_login_link\n    self.click(self.LOGIN_LINK)\npages/base_page.py:38: in click\n    el: WebElement = self.wait.until(\n_ _ _ _ _ _ _ _ _ _ _ _ _ _ _ _ _ _ _ _ _ _ _ _ _ _ _ _ _ _ _ _ _ _ _ _ _ _ _ _ \n\nself = <selenium.webdriver.support.wait.WebDriverWait (session=\"7d711a3475dc6e1e18ae02983f3bffb9\")>\nmethod = <function element_to_be_clickable.<locals>._predicate at 0x7f82f13cd080>\nmessage = ''\n\n    def until(self, method, message: str = \"\"):\n        \"\"\"Calls the method provided with the driver as an argument until the \\\n        return value does not evaluate to ``False``.\n    \n        :param method: callable(WebDriver)\n        :param message: optional message for :exc:`TimeoutException`\n        :returns: the result of the last call to `method`\n        :raises: :exc:`selenium.common.exceptions.TimeoutException` if timeout occurs\n        \"\"\"\n        screen = None\n        stacktrace = None\n    \n        end_time = time.monotonic() + self._timeout\n        while True:\n            try:\n                value = method(self._driver)\n                if value:\n                    return value\n            except self._ignored_exceptions as exc:\n                screen = getattr(exc, \"screen\", None)\n                stacktrace = getattr(exc, \"stacktrace\", None)\n            time.sleep(self._poll)\n            if time.monotonic() > end_time:\n                break\n>       raise TimeoutException(message, screen, stacktrace)\nE       selenium.common.exceptions.TimeoutException: Message: \nE       Stacktrace:\nE       #0 0x55b4713ebe23 <unknown>\nE       #1 0x55b4711147a7 <unknown>\nE       #2 0x55b4711531d3 <unknown>\nE       #3 0x55b4711532c1 <unknown>\nE       #4 0x55b47118ea04 <unknown>\nE       #5 0x55b47117403d <unknown>\nE       #6 0x55b47118c369 <unknown>\nE       #7 0x55b471173de3 <unknown>\nE       #8 0x55b471147a7b <unknown>\nE       #9 0x55b47114881e <unknown>\nE       #10 0x55b4713ad638 <unknown>\nE       #11 0x55b4713b1507 <unknown>\nE       #12 0x55b4713bbc4c <unknown>\nE       #13 0x55b4713b2136 <unknown>\nE       #14 0x55b4713809cf <unknown>\nE       #15 0x55b4713d5b98 <unknown>\nE       #16 0x55b4713d5d68 <unknown>\nE       #17 0x55b4713e4cb3 <unknown>\nE       #18 0x7f518bc94b43 <unknown>\n\n.venv/lib/python3.11/site-packages/selenium/webdriver/support/wait.py:95: TimeoutException","flaky":false,"newFailed":false,"newBroken":false,"newPassed":false,"retriesCount":0,"retriesStatusChange":false,"beforeStages":[{"name":"base_url","time":{"start":1694998843166,"stop":1694998843166,"duration":0},"status":"passed","steps":[],"attachments":[],"parameters":[],"shouldDisplayMessage":false,"stepsCount":0,"attachmentsCount":0,"hasContent":false},{"name":"_verify_url","time":{"start":1694998843167,"stop":1694998843167,"duration":0},"status":"passed","steps":[],"attachments":[],"parameters":[],"shouldDisplayMessage":false,"stepsCount":0,"attachmentsCount":0,"hasContent":false},{"name":"secret_data","time":{"start":1694998843167,"stop":1694998843167,"duration":0},"status":"passed","steps":[],"attachments":[],"parameters":[],"shouldDisplayMessage":false,"stepsCount":0,"attachmentsCount":0,"hasContent":false},{"name":"json_data","time":{"start":1694998843167,"stop":1694998843167,"duration":0},"status":"passed","steps":[],"attachments":[],"parameters":[],"shouldDisplayMessage":false,"stepsCount":0,"attachmentsCount":0,"hasContent":false},{"name":"setup_method_fixture","time":{"start":1694998947122,"stop":1694998957408,"duration":10286},"status":"broken","statusMessage":"selenium.common.exceptions.TimeoutException: Message: \nStacktrace:\n#0 0x55b4713ebe23 <unknown>\n#1 0x55b4711147a7 <unknown>\n#2 0x55b4711531d3 <unknown>\n#3 0x55b4711532c1 <unknown>\n#4 0x55b47118ea04 <unknown>\n#5 0x55b47117403d <unknown>\n#6 0x55b47118c369 <unknown>\n#7 0x55b471173de3 <unknown>\n#8 0x55b471147a7b <unknown>\n#9 0x55b47114881e <unknown>\n#10 0x55b4713ad638 <unknown>\n#11 0x55b4713b1507 <unknown>\n#12 0x55b4713bbc4c <unknown>\n#13 0x55b4713b2136 <unknown>\n#14 0x55b4713809cf <unknown>\n#15 0x55b4713d5b98 <unknown>\n#16 0x55b4713d5d68 <unknown>\n#17 0x55b4713e4cb3 <unknown>\n#18 0x7f518bc94b43 <unknown>\n\n","statusTrace":"  File \"/home/runner/work/kisangateway-test/kisangateway-test/.venv/lib/python3.11/site-packages/pluggy/_callers.py\", line 80, in _multicall\n    res = hook_impl.function(*args)\n          ^^^^^^^^^^^^^^^^^^^^^^^^^\n  File \"/home/runner/work/kisangateway-test/kisangateway-test/.venv/lib/python3.11/site-packages/_pytest/fixtures.py\", line 1123, in pytest_fixture_setup\n    result = call_fixture_func(fixturefunc, request, kwargs)\n             ^^^^^^^^^^^^^^^^^^^^^^^^^^^^^^^^^^^^^^^^^^^^^^^\n  File \"/home/runner/work/kisangateway-test/kisangateway-test/.venv/lib/python3.11/site-packages/_pytest/fixtures.py\", line 902, in call_fixture_func\n    fixture_result = fixturefunc(**kwargs)\n                     ^^^^^^^^^^^^^^^^^^^^^\n  File \"/home/runner/work/kisangateway-test/kisangateway-test/tests/test_workspaces.py\", line 23, in setup_method_fixture\n    login(secret_data, self.about_page, self.login_page)\n  File \"/home/runner/work/kisangateway-test/kisangateway-test/tests/test_workspaces.py\", line 13, in login\n    about_page.click_login_link()\n  File \"/home/runner/work/kisangateway-test/kisangateway-test/.venv/lib/python3.11/site-packages/allure_commons/_allure.py\", line 192, in impl\n    return func(*a, **kw)\n           ^^^^^^^^^^^^^^\n  File \"/home/runner/work/kisangateway-test/kisangateway-test/pages/about_page.py\", line 20, in click_login_link\n    self.click(self.LOGIN_LINK)\n  File \"/home/runner/work/kisangateway-test/kisangateway-test/pages/base_page.py\", line 38, in click\n    el: WebElement = self.wait.until(\n                     ^^^^^^^^^^^^^^^^\n  File \"/home/runner/work/kisangateway-test/kisangateway-test/.venv/lib/python3.11/site-packages/selenium/webdriver/support/wait.py\", line 95, in until\n    raise TimeoutException(message, screen, stacktrace)\n","steps":[{"name":"Click Login link","time":{"start":1694998947122,"stop":1694998957407,"duration":10285},"status":"broken","statusMessage":"selenium.common.exceptions.TimeoutException: Message: \nStacktrace:\n#0 0x55b4713ebe23 <unknown>\n#1 0x55b4711147a7 <unknown>\n#2 0x55b4711531d3 <unknown>\n#3 0x55b4711532c1 <unknown>\n#4 0x55b47118ea04 <unknown>\n#5 0x55b47117403d <unknown>\n#6 0x55b47118c369 <unknown>\n#7 0x55b471173de3 <unknown>\n#8 0x55b471147a7b <unknown>\n#9 0x55b47114881e <unknown>\n#10 0x55b4713ad638 <unknown>\n#11 0x55b4713b1507 <unknown>\n#12 0x55b4713bbc4c <unknown>\n#13 0x55b4713b2136 <unknown>\n#14 0x55b4713809cf <unknown>\n#15 0x55b4713d5b98 <unknown>\n#16 0x55b4713d5d68 <unknown>\n#17 0x55b4713e4cb3 <unknown>\n#18 0x7f518bc94b43 <unknown>\n\n","statusTrace":"  File \"/home/runner/work/kisangateway-test/kisangateway-test/.venv/lib/python3.11/site-packages/allure_commons/_allure.py\", line 192, in impl\n    return func(*a, **kw)\n           ^^^^^^^^^^^^^^\n  File \"/home/runner/work/kisangateway-test/kisangateway-test/pages/about_page.py\", line 20, in click_login_link\n    self.click(self.LOGIN_LINK)\n  File \"/home/runner/work/kisangateway-test/kisangateway-test/pages/base_page.py\", line 38, in click\n    el: WebElement = self.wait.until(\n                     ^^^^^^^^^^^^^^^^\n  File \"/home/runner/work/kisangateway-test/kisangateway-test/.venv/lib/python3.11/site-packages/selenium/webdriver/support/wait.py\", line 95, in until\n    raise TimeoutException(message, screen, stacktrace)\n","steps":[],"attachments":[],"parameters":[],"shouldDisplayMessage":true,"stepsCount":0,"attachmentsCount":0,"hasContent":true}],"attachments":[],"parameters":[],"shouldDisplayMessage":false,"stepsCount":1,"attachmentsCount":0,"hasContent":true}],"testStage":{"description":"Selecting and adding a project to workspace","status":"broken","statusMessage":"selenium.common.exceptions.TimeoutException: Message: \nStacktrace:\n#0 0x55b4713ebe23 <unknown>\n#1 0x55b4711147a7 <unknown>\n#2 0x55b4711531d3 <unknown>\n#3 0x55b4711532c1 <unknown>\n#4 0x55b47118ea04 <unknown>\n#5 0x55b47117403d <unknown>\n#6 0x55b47118c369 <unknown>\n#7 0x55b471173de3 <unknown>\n#8 0x55b471147a7b <unknown>\n#9 0x55b47114881e <unknown>\n#10 0x55b4713ad638 <unknown>\n#11 0x55b4713b1507 <unknown>\n#12 0x55b4713bbc4c <unknown>\n#13 0x55b4713b2136 <unknown>\n#14 0x55b4713809cf <unknown>\n#15 0x55b4713d5b98 <unknown>\n#16 0x55b4713d5d68 <unknown>\n#17 0x55b4713e4cb3 <unknown>\n#18 0x7f518bc94b43 <unknown>","statusTrace":"self = <tests.test_workspaces.TestWorkspaces object at 0x7f82f15c8e90>\nsecret_data = {'email': '', 'password': ''}\n\n    @pytest.fixture(autouse=True)\n    def setup_method_fixture(self, secret_data: dict):\n>       login(secret_data, self.about_page, self.login_page)\n\ntests/test_workspaces.py:23: \n_ _ _ _ _ _ _ _ _ _ _ _ _ _ _ _ _ _ _ _ _ _ _ _ _ _ _ _ _ _ _ _ _ _ _ _ _ _ _ _ \ntests/test_workspaces.py:13: in login\n    about_page.click_login_link()\npages/about_page.py:20: in click_login_link\n    self.click(self.LOGIN_LINK)\npages/base_page.py:38: in click\n    el: WebElement = self.wait.until(\n_ _ _ _ _ _ _ _ _ _ _ _ _ _ _ _ _ _ _ _ _ _ _ _ _ _ _ _ _ _ _ _ _ _ _ _ _ _ _ _ \n\nself = <selenium.webdriver.support.wait.WebDriverWait (session=\"7d711a3475dc6e1e18ae02983f3bffb9\")>\nmethod = <function element_to_be_clickable.<locals>._predicate at 0x7f82f13cd080>\nmessage = ''\n\n    def until(self, method, message: str = \"\"):\n        \"\"\"Calls the method provided with the driver as an argument until the \\\n        return value does not evaluate to ``False``.\n    \n        :param method: callable(WebDriver)\n        :param message: optional message for :exc:`TimeoutException`\n        :returns: the result of the last call to `method`\n        :raises: :exc:`selenium.common.exceptions.TimeoutException` if timeout occurs\n        \"\"\"\n        screen = None\n        stacktrace = None\n    \n        end_time = time.monotonic() + self._timeout\n        while True:\n            try:\n                value = method(self._driver)\n                if value:\n                    return value\n            except self._ignored_exceptions as exc:\n                screen = getattr(exc, \"screen\", None)\n                stacktrace = getattr(exc, \"stacktrace\", None)\n            time.sleep(self._poll)\n            if time.monotonic() > end_time:\n                break\n>       raise TimeoutException(message, screen, stacktrace)\nE       selenium.common.exceptions.TimeoutException: Message: \nE       Stacktrace:\nE       #0 0x55b4713ebe23 <unknown>\nE       #1 0x55b4711147a7 <unknown>\nE       #2 0x55b4711531d3 <unknown>\nE       #3 0x55b4711532c1 <unknown>\nE       #4 0x55b47118ea04 <unknown>\nE       #5 0x55b47117403d <unknown>\nE       #6 0x55b47118c369 <unknown>\nE       #7 0x55b471173de3 <unknown>\nE       #8 0x55b471147a7b <unknown>\nE       #9 0x55b47114881e <unknown>\nE       #10 0x55b4713ad638 <unknown>\nE       #11 0x55b4713b1507 <unknown>\nE       #12 0x55b4713bbc4c <unknown>\nE       #13 0x55b4713b2136 <unknown>\nE       #14 0x55b4713809cf <unknown>\nE       #15 0x55b4713d5b98 <unknown>\nE       #16 0x55b4713d5d68 <unknown>\nE       #17 0x55b4713e4cb3 <unknown>\nE       #18 0x7f518bc94b43 <unknown>\n\n.venv/lib/python3.11/site-packages/selenium/webdriver/support/wait.py:95: TimeoutException","steps":[],"attachments":[{"uid":"824d4b277237bc19","name":"public ip address","source":"824d4b277237bc19.txt","type":"text/plain","size":14},{"uid":"f979b1642704ac50","name":"Cookies","source":"f979b1642704ac50.json","type":"application/json","size":2},{"uid":"9ffd366a6697f7c6","name":"Session Storage","source":"9ffd366a6697f7c6.json","type":"application/json","size":2},{"uid":"2e5fdec19fdac4ff","name":"Local Storage","source":"2e5fdec19fdac4ff.json","type":"application/json","size":2},{"uid":"2b8bc1ee1dafb626","name":"Console Logs","source":"2b8bc1ee1dafb626.json","type":"application/json","size":2},{"uid":"cc683ae8a6072567","name":"Full Page Screenshot","source":"cc683ae8a6072567.png","type":"image/png","size":1543603},{"uid":"b92d50f676d491df","name":"URL","source":"b92d50f676d491df.uri","type":"text/uri-list","size":25},{"uid":"b287fc31394d5c2","name":"Network Logs","source":"b287fc31394d5c2.json","type":"application/json","size":2}],"parameters":[],"shouldDisplayMessage":true,"stepsCount":0,"attachmentsCount":8,"hasContent":true},"afterStages":[],"labels":[{"name":"epic","value":"Workspaces"},{"name":"story","value":"WorkSpaces Creation and Editing Functionality"},{"name":"severity","value":"normal"},{"name":"tag","value":"run(order=5)"},{"name":"parentSuite","value":"tests"},{"name":"suite","value":"test_workspaces"},{"name":"subSuite","value":"TestWorkspaces"},{"name":"host","value":"fv-az361-814"},{"name":"thread","value":"2133-MainThread"},{"name":"framework","value":"pytest"},{"name":"language","value":"cpython3"},{"name":"package","value":"tests.test_workspaces"},{"name":"resultFormat","value":"allure2"}],"parameters":[],"links":[],"hidden":false,"retry":false,"extra":{"severity":"normal","retries":[],"categories":[{"name":"Test defects","matchedStatuses":[],"flaky":false}],"tags":["run(order=5)"]},"source":"535b91a19c9fedbc.json","parameterValues":[]}