{"uid":"952041fb0b097aa1","name":"Login with invalid credentials test","fullName":"tests.test_login.TestLogin#test_invalid_login","historyId":"d4a74b5adfb086f235dc50992a7adb79","time":{"start":1695258045945,"stop":1695258056322,"duration":10377},"description":"invalid login","descriptionHtml":"<p>invalid login</p>\n","status":"broken","statusMessage":"selenium.common.exceptions.TimeoutException: Message: \nStacktrace:\n#0 0x557e75477e23 <unknown>\n#1 0x557e751a07a7 <unknown>\n#2 0x557e751df1d3 <unknown>\n#3 0x557e751df2c1 <unknown>\n#4 0x557e7521aa04 <unknown>\n#5 0x557e7520003d <unknown>\n#6 0x557e75218369 <unknown>\n#7 0x557e751ffde3 <unknown>\n#8 0x557e751d3a7b <unknown>\n#9 0x557e751d481e <unknown>\n#10 0x557e75439638 <unknown>\n#11 0x557e7543d507 <unknown>\n#12 0x557e75447c4c <unknown>\n#13 0x557e7543e136 <unknown>\n#14 0x557e7540c9cf <unknown>\n#15 0x557e75461b98 <unknown>\n#16 0x557e75461d68 <unknown>\n#17 0x557e75470cb3 <unknown>\n#18 0x7f8d92294b43 <unknown>","statusTrace":"self = <tests.test_login.TestLogin object at 0x7f9b1b357b10>\nemail = 'nirt236@gmail.com', password = '123456'\njson_data = {'forgot_password': {'error_message': \"We can't find a user with that e-mail address.\", 'success_message': 'A reset li...you page', 'name': 'test', 'new_name': 'another test', 'no_project_found_msg': 'No project matches the criteria', ...}}\n\n    @allure.description(\"invalid login\")\n    @allure.title(\"Login with invalid credentials test\")\n    @pytest.mark.parametrize(\"email, password\", users)\n    @pytest.mark.run(order=3)\n    def test_invalid_login(self, email: str, password: str, json_data: dict):\n>       self.about_page.click_login_link()\n\ntests/test_login.py:22: \n_ _ _ _ _ _ _ _ _ _ _ _ _ _ _ _ _ _ _ _ _ _ _ _ _ _ _ _ _ _ _ _ _ _ _ _ _ _ _ _ \npages/about_page.py:20: in click_login_link\n    self.click(self.LOGIN_LINK)\npages/base_page.py:38: in click\n    el: WebElement = self.wait.until(\n_ _ _ _ _ _ _ _ _ _ _ _ _ _ _ _ _ _ _ _ _ _ _ _ _ _ _ _ _ _ _ _ _ _ _ _ _ _ _ _ \n\nself = <selenium.webdriver.support.wait.WebDriverWait (session=\"86bdc07957f8cec7d3c0cc6e27d0fc4d\")>\nmethod = <function element_to_be_clickable.<locals>._predicate at 0x7f9b1b3cf920>\nmessage = ''\n\n    def until(self, method, message: str = \"\"):\n        \"\"\"Calls the method provided with the driver as an argument until the \\\n        return value does not evaluate to ``False``.\n    \n        :param method: callable(WebDriver)\n        :param message: optional message for :exc:`TimeoutException`\n        :returns: the result of the last call to `method`\n        :raises: :exc:`selenium.common.exceptions.TimeoutException` if timeout occurs\n        \"\"\"\n        screen = None\n        stacktrace = None\n    \n        end_time = time.monotonic() + self._timeout\n        while True:\n            try:\n                value = method(self._driver)\n                if value:\n                    return value\n            except self._ignored_exceptions as exc:\n                screen = getattr(exc, \"screen\", None)\n                stacktrace = getattr(exc, \"stacktrace\", None)\n            time.sleep(self._poll)\n            if time.monotonic() > end_time:\n                break\n>       raise TimeoutException(message, screen, stacktrace)\nE       selenium.common.exceptions.TimeoutException: Message: \nE       Stacktrace:\nE       #0 0x557e75477e23 <unknown>\nE       #1 0x557e751a07a7 <unknown>\nE       #2 0x557e751df1d3 <unknown>\nE       #3 0x557e751df2c1 <unknown>\nE       #4 0x557e7521aa04 <unknown>\nE       #5 0x557e7520003d <unknown>\nE       #6 0x557e75218369 <unknown>\nE       #7 0x557e751ffde3 <unknown>\nE       #8 0x557e751d3a7b <unknown>\nE       #9 0x557e751d481e <unknown>\nE       #10 0x557e75439638 <unknown>\nE       #11 0x557e7543d507 <unknown>\nE       #12 0x557e75447c4c <unknown>\nE       #13 0x557e7543e136 <unknown>\nE       #14 0x557e7540c9cf <unknown>\nE       #15 0x557e75461b98 <unknown>\nE       #16 0x557e75461d68 <unknown>\nE       #17 0x557e75470cb3 <unknown>\nE       #18 0x7f8d92294b43 <unknown>\n\n.venv/lib/python3.11/site-packages/selenium/webdriver/support/wait.py:95: TimeoutException","flaky":false,"newFailed":false,"newBroken":false,"newPassed":false,"retriesCount":0,"retriesStatusChange":false,"beforeStages":[{"name":"base_url","time":{"start":1695257990153,"stop":1695257990153,"duration":0},"status":"passed","steps":[],"attachments":[],"parameters":[],"attachmentsCount":0,"hasContent":false,"shouldDisplayMessage":false,"stepsCount":0},{"name":"_verify_url","time":{"start":1695257990153,"stop":1695257990153,"duration":0},"status":"passed","steps":[],"attachments":[],"parameters":[],"attachmentsCount":0,"hasContent":false,"shouldDisplayMessage":false,"stepsCount":0},{"name":"json_data","time":{"start":1695257990154,"stop":1695257990154,"duration":0},"status":"passed","steps":[],"attachments":[],"parameters":[],"attachmentsCount":0,"hasContent":false,"shouldDisplayMessage":false,"stepsCount":0}],"testStage":{"description":"invalid login","status":"broken","statusMessage":"selenium.common.exceptions.TimeoutException: Message: \nStacktrace:\n#0 0x557e75477e23 <unknown>\n#1 0x557e751a07a7 <unknown>\n#2 0x557e751df1d3 <unknown>\n#3 0x557e751df2c1 <unknown>\n#4 0x557e7521aa04 <unknown>\n#5 0x557e7520003d <unknown>\n#6 0x557e75218369 <unknown>\n#7 0x557e751ffde3 <unknown>\n#8 0x557e751d3a7b <unknown>\n#9 0x557e751d481e <unknown>\n#10 0x557e75439638 <unknown>\n#11 0x557e7543d507 <unknown>\n#12 0x557e75447c4c <unknown>\n#13 0x557e7543e136 <unknown>\n#14 0x557e7540c9cf <unknown>\n#15 0x557e75461b98 <unknown>\n#16 0x557e75461d68 <unknown>\n#17 0x557e75470cb3 <unknown>\n#18 0x7f8d92294b43 <unknown>","statusTrace":"self = <tests.test_login.TestLogin object at 0x7f9b1b357b10>\nemail = 'nirt236@gmail.com', password = '123456'\njson_data = {'forgot_password': {'error_message': \"We can't find a user with that e-mail address.\", 'success_message': 'A reset li...you page', 'name': 'test', 'new_name': 'another test', 'no_project_found_msg': 'No project matches the criteria', ...}}\n\n    @allure.description(\"invalid login\")\n    @allure.title(\"Login with invalid credentials test\")\n    @pytest.mark.parametrize(\"email, password\", users)\n    @pytest.mark.run(order=3)\n    def test_invalid_login(self, email: str, password: str, json_data: dict):\n>       self.about_page.click_login_link()\n\ntests/test_login.py:22: \n_ _ _ _ _ _ _ _ _ _ _ _ _ _ _ _ _ _ _ _ _ _ _ _ _ _ _ _ _ _ _ _ _ _ _ _ _ _ _ _ \npages/about_page.py:20: in click_login_link\n    self.click(self.LOGIN_LINK)\npages/base_page.py:38: in click\n    el: WebElement = self.wait.until(\n_ _ _ _ _ _ _ _ _ _ _ _ _ _ _ _ _ _ _ _ _ _ _ _ _ _ _ _ _ _ _ _ _ _ _ _ _ _ _ _ \n\nself = <selenium.webdriver.support.wait.WebDriverWait (session=\"86bdc07957f8cec7d3c0cc6e27d0fc4d\")>\nmethod = <function element_to_be_clickable.<locals>._predicate at 0x7f9b1b3cf920>\nmessage = ''\n\n    def until(self, method, message: str = \"\"):\n        \"\"\"Calls the method provided with the driver as an argument until the \\\n        return value does not evaluate to ``False``.\n    \n        :param method: callable(WebDriver)\n        :param message: optional message for :exc:`TimeoutException`\n        :returns: the result of the last call to `method`\n        :raises: :exc:`selenium.common.exceptions.TimeoutException` if timeout occurs\n        \"\"\"\n        screen = None\n        stacktrace = None\n    \n        end_time = time.monotonic() + self._timeout\n        while True:\n            try:\n                value = method(self._driver)\n                if value:\n                    return value\n            except self._ignored_exceptions as exc:\n                screen = getattr(exc, \"screen\", None)\n                stacktrace = getattr(exc, \"stacktrace\", None)\n            time.sleep(self._poll)\n            if time.monotonic() > end_time:\n                break\n>       raise TimeoutException(message, screen, stacktrace)\nE       selenium.common.exceptions.TimeoutException: Message: \nE       Stacktrace:\nE       #0 0x557e75477e23 <unknown>\nE       #1 0x557e751a07a7 <unknown>\nE       #2 0x557e751df1d3 <unknown>\nE       #3 0x557e751df2c1 <unknown>\nE       #4 0x557e7521aa04 <unknown>\nE       #5 0x557e7520003d <unknown>\nE       #6 0x557e75218369 <unknown>\nE       #7 0x557e751ffde3 <unknown>\nE       #8 0x557e751d3a7b <unknown>\nE       #9 0x557e751d481e <unknown>\nE       #10 0x557e75439638 <unknown>\nE       #11 0x557e7543d507 <unknown>\nE       #12 0x557e75447c4c <unknown>\nE       #13 0x557e7543e136 <unknown>\nE       #14 0x557e7540c9cf <unknown>\nE       #15 0x557e75461b98 <unknown>\nE       #16 0x557e75461d68 <unknown>\nE       #17 0x557e75470cb3 <unknown>\nE       #18 0x7f8d92294b43 <unknown>\n\n.venv/lib/python3.11/site-packages/selenium/webdriver/support/wait.py:95: TimeoutException","steps":[{"name":"Click Login link","time":{"start":1695258045946,"stop":1695258056321,"duration":10375},"status":"broken","statusMessage":"selenium.common.exceptions.TimeoutException: Message: \nStacktrace:\n#0 0x557e75477e23 <unknown>\n#1 0x557e751a07a7 <unknown>\n#2 0x557e751df1d3 <unknown>\n#3 0x557e751df2c1 <unknown>\n#4 0x557e7521aa04 <unknown>\n#5 0x557e7520003d <unknown>\n#6 0x557e75218369 <unknown>\n#7 0x557e751ffde3 <unknown>\n#8 0x557e751d3a7b <unknown>\n#9 0x557e751d481e <unknown>\n#10 0x557e75439638 <unknown>\n#11 0x557e7543d507 <unknown>\n#12 0x557e75447c4c <unknown>\n#13 0x557e7543e136 <unknown>\n#14 0x557e7540c9cf <unknown>\n#15 0x557e75461b98 <unknown>\n#16 0x557e75461d68 <unknown>\n#17 0x557e75470cb3 <unknown>\n#18 0x7f8d92294b43 <unknown>\n\n","statusTrace":"  File \"/home/runner/work/kisangateway-test/kisangateway-test/.venv/lib/python3.11/site-packages/allure_commons/_allure.py\", line 192, in impl\n    return func(*a, **kw)\n           ^^^^^^^^^^^^^^\n  File \"/home/runner/work/kisangateway-test/kisangateway-test/pages/about_page.py\", line 20, in click_login_link\n    self.click(self.LOGIN_LINK)\n  File \"/home/runner/work/kisangateway-test/kisangateway-test/pages/base_page.py\", line 38, in click\n    el: WebElement = self.wait.until(\n                     ^^^^^^^^^^^^^^^^\n  File \"/home/runner/work/kisangateway-test/kisangateway-test/.venv/lib/python3.11/site-packages/selenium/webdriver/support/wait.py\", line 95, in until\n    raise TimeoutException(message, screen, stacktrace)\n","steps":[],"attachments":[],"parameters":[],"attachmentsCount":0,"hasContent":true,"shouldDisplayMessage":true,"stepsCount":0}],"attachments":[{"uid":"183428252bd4fb1a","name":"public ip address","source":"183428252bd4fb1a.txt","type":"text/plain","size":12},{"uid":"91bfc5f6a16a4cb6","name":"Cookies","source":"91bfc5f6a16a4cb6.json","type":"application/json","size":2},{"uid":"c723c83d247282b8","name":"Session Storage","source":"c723c83d247282b8.json","type":"application/json","size":2},{"uid":"392e3c49a1c89f07","name":"Local Storage","source":"392e3c49a1c89f07.json","type":"application/json","size":2},{"uid":"12a88c3d8d79cac6","name":"Console Logs","source":"12a88c3d8d79cac6.json","type":"application/json","size":2},{"uid":"e1cab2b8afd5fea8","name":"Full Page Screenshot","source":"e1cab2b8afd5fea8.png","type":"image/png","size":1543603},{"uid":"5e8f741a30ca9b8f","name":"URL","source":"5e8f741a30ca9b8f.uri","type":"text/uri-list","size":25},{"uid":"b7b4974fbee34c84","name":"Network Logs","source":"b7b4974fbee34c84.json","type":"application/json","size":2}],"parameters":[],"attachmentsCount":8,"hasContent":true,"shouldDisplayMessage":true,"stepsCount":1},"afterStages":[],"labels":[{"name":"feature","value":"Login"},{"name":"severity","value":"blocker"},{"name":"epic","value":"Security"},{"name":"tag","value":"run(order=3)"},{"name":"tag","value":"security"},{"name":"parentSuite","value":"tests"},{"name":"suite","value":"test_login"},{"name":"subSuite","value":"TestLogin"},{"name":"host","value":"fv-az176-709"},{"name":"thread","value":"2139-MainThread"},{"name":"framework","value":"pytest"},{"name":"language","value":"cpython3"},{"name":"package","value":"tests.test_login"},{"name":"resultFormat","value":"allure2"}],"parameters":[{"name":"email","value":"'nirt236@gmail.com'"},{"name":"password","value":"'123456'"}],"links":[],"hidden":false,"retry":false,"extra":{"severity":"blocker","retries":[],"categories":[{"name":"Test defects","matchedStatuses":[],"flaky":false}],"tags":["run(order=3)","security"]},"source":"952041fb0b097aa1.json","parameterValues":["'nirt236@gmail.com'","'123456'"]}