{"uid":"a4d393b83e5971c4","name":"Create new workspace test","fullName":"tests.test_workspaces.TestWorkspaces#test_create_new_workspace","historyId":"e6e849a753ae10f50b3b38fac5a7fa8e","time":{"start":1704503003294,"stop":1704503003294,"duration":0},"description":"Create new Workspace","descriptionHtml":"<p>Create new Workspace</p>\n","status":"broken","statusMessage":"selenium.common.exceptions.TimeoutException: Message: \nStacktrace:\n#0 0x56077676fd33 <unknown>\n#1 0x56077642cf87 <unknown>\n#2 0x56077647cc0e <unknown>\n#3 0x56077647cd11 <unknown>\n#4 0x5607764c8004 <unknown>\n#5 0x5607764a636d <unknown>\n#6 0x5607764c5297 <unknown>\n#7 0x5607764a60e3 <unknown>\n#8 0x56077646e044 <unknown>\n#9 0x56077646f44e <unknown>\n#10 0x560776734861 <unknown>\n#11 0x560776738785 <unknown>\n#12 0x560776722285 <unknown>\n#13 0x56077673941f <unknown>\n#14 0x56077670620f <unknown>\n#15 0x56077675d028 <unknown>\n#16 0x56077675d1f7 <unknown>\n#17 0x56077676eed4 <unknown>\n#18 0x7f32bc094ac3 <unknown>","statusTrace":"self = <tests.test_workspaces.TestWorkspaces object at 0x7fa8648f8890>\nsecret_data = {'email': '', 'password': ''}\n\n    @pytest.fixture(autouse=True)\n    def setup_method_fixture(self, secret_data: dict):\n>       login(secret_data, self.about_page, self.login_page)\n\ntests/test_workspaces.py:23: \n_ _ _ _ _ _ _ _ _ _ _ _ _ _ _ _ _ _ _ _ _ _ _ _ _ _ _ _ _ _ _ _ _ _ _ _ _ _ _ _ \ntests/test_workspaces.py:13: in login\n    about_page.click_login_link()\npages/about_page.py:20: in click_login_link\n    self.click(self.LOGIN_LINK)\npages/base_page.py:38: in click\n    el: WebElement = self.wait.until(\n_ _ _ _ _ _ _ _ _ _ _ _ _ _ _ _ _ _ _ _ _ _ _ _ _ _ _ _ _ _ _ _ _ _ _ _ _ _ _ _ \n\nself = <selenium.webdriver.support.wait.WebDriverWait (session=\"822e7b9bf5033f3d3722fc3cbff7a5f3\")>\nmethod = <function element_to_be_clickable.<locals>._predicate at 0x7fa8647d4fe0>\nmessage = ''\n\n    def until(self, method, message: str = \"\"):\n        \"\"\"Calls the method provided with the driver as an argument until the \\\n        return value does not evaluate to ``False``.\n    \n        :param method: callable(WebDriver)\n        :param message: optional message for :exc:`TimeoutException`\n        :returns: the result of the last call to `method`\n        :raises: :exc:`selenium.common.exceptions.TimeoutException` if timeout occurs\n        \"\"\"\n        screen = None\n        stacktrace = None\n    \n        end_time = time.monotonic() + self._timeout\n        while True:\n            try:\n                value = method(self._driver)\n                if value:\n                    return value\n            except self._ignored_exceptions as exc:\n                screen = getattr(exc, \"screen\", None)\n                stacktrace = getattr(exc, \"stacktrace\", None)\n            time.sleep(self._poll)\n            if time.monotonic() > end_time:\n                break\n>       raise TimeoutException(message, screen, stacktrace)\nE       selenium.common.exceptions.TimeoutException: Message: \nE       Stacktrace:\nE       #0 0x56077676fd33 <unknown>\nE       #1 0x56077642cf87 <unknown>\nE       #2 0x56077647cc0e <unknown>\nE       #3 0x56077647cd11 <unknown>\nE       #4 0x5607764c8004 <unknown>\nE       #5 0x5607764a636d <unknown>\nE       #6 0x5607764c5297 <unknown>\nE       #7 0x5607764a60e3 <unknown>\nE       #8 0x56077646e044 <unknown>\nE       #9 0x56077646f44e <unknown>\nE       #10 0x560776734861 <unknown>\nE       #11 0x560776738785 <unknown>\nE       #12 0x560776722285 <unknown>\nE       #13 0x56077673941f <unknown>\nE       #14 0x56077670620f <unknown>\nE       #15 0x56077675d028 <unknown>\nE       #16 0x56077675d1f7 <unknown>\nE       #17 0x56077676eed4 <unknown>\nE       #18 0x7f32bc094ac3 <unknown>\n\n.venv/lib/python3.11/site-packages/selenium/webdriver/support/wait.py:95: TimeoutException","flaky":false,"newFailed":false,"newBroken":false,"newPassed":false,"retriesCount":0,"retriesStatusChange":false,"beforeStages":[{"name":"_verify_url","time":{"start":1704502991764,"stop":1704502991764,"duration":0},"status":"passed","steps":[],"attachments":[],"parameters":[],"shouldDisplayMessage":false,"stepsCount":0,"attachmentsCount":0,"hasContent":false,"attachmentStep":false},{"name":"base_url","time":{"start":1704502991764,"stop":1704502991764,"duration":0},"status":"passed","steps":[],"attachments":[],"parameters":[],"shouldDisplayMessage":false,"stepsCount":0,"attachmentsCount":0,"hasContent":false,"attachmentStep":false},{"name":"secret_data","time":{"start":1704502991764,"stop":1704502991765,"duration":1},"status":"passed","steps":[],"attachments":[],"parameters":[],"shouldDisplayMessage":false,"stepsCount":0,"attachmentsCount":0,"hasContent":false,"attachmentStep":false},{"name":"json_data","time":{"start":1704502991765,"stop":1704502991765,"duration":0},"status":"passed","steps":[],"attachments":[],"parameters":[],"shouldDisplayMessage":false,"stepsCount":0,"attachmentsCount":0,"hasContent":false,"attachmentStep":false},{"name":"setup_method_fixture","time":{"start":1704503004410,"stop":1704503014613,"duration":10203},"status":"broken","statusMessage":"selenium.common.exceptions.TimeoutException: Message: \nStacktrace:\n#0 0x56077676fd33 <unknown>\n#1 0x56077642cf87 <unknown>\n#2 0x56077647cc0e <unknown>\n#3 0x56077647cd11 <unknown>\n#4 0x5607764c8004 <unknown>\n#5 0x5607764a636d <unknown>\n#6 0x5607764c5297 <unknown>\n#7 0x5607764a60e3 <unknown>\n#8 0x56077646e044 <unknown>\n#9 0x56077646f44e <unknown>\n#10 0x560776734861 <unknown>\n#11 0x560776738785 <unknown>\n#12 0x560776722285 <unknown>\n#13 0x56077673941f <unknown>\n#14 0x56077670620f <unknown>\n#15 0x56077675d028 <unknown>\n#16 0x56077675d1f7 <unknown>\n#17 0x56077676eed4 <unknown>\n#18 0x7f32bc094ac3 <unknown>\n\n","statusTrace":"  File \"/home/runner/work/kisangateway-test/kisangateway-test/.venv/lib/python3.11/site-packages/pluggy/_callers.py\", line 80, in _multicall\n    res = hook_impl.function(*args)\n          ^^^^^^^^^^^^^^^^^^^^^^^^^\n  File \"/home/runner/work/kisangateway-test/kisangateway-test/.venv/lib/python3.11/site-packages/_pytest/fixtures.py\", line 1123, in pytest_fixture_setup\n    result = call_fixture_func(fixturefunc, request, kwargs)\n             ^^^^^^^^^^^^^^^^^^^^^^^^^^^^^^^^^^^^^^^^^^^^^^^\n  File \"/home/runner/work/kisangateway-test/kisangateway-test/.venv/lib/python3.11/site-packages/_pytest/fixtures.py\", line 902, in call_fixture_func\n    fixture_result = fixturefunc(**kwargs)\n                     ^^^^^^^^^^^^^^^^^^^^^\n  File \"/home/runner/work/kisangateway-test/kisangateway-test/tests/test_workspaces.py\", line 23, in setup_method_fixture\n    login(secret_data, self.about_page, self.login_page)\n  File \"/home/runner/work/kisangateway-test/kisangateway-test/tests/test_workspaces.py\", line 13, in login\n    about_page.click_login_link()\n  File \"/home/runner/work/kisangateway-test/kisangateway-test/.venv/lib/python3.11/site-packages/allure_commons/_allure.py\", line 192, in impl\n    return func(*a, **kw)\n           ^^^^^^^^^^^^^^\n  File \"/home/runner/work/kisangateway-test/kisangateway-test/pages/about_page.py\", line 20, in click_login_link\n    self.click(self.LOGIN_LINK)\n  File \"/home/runner/work/kisangateway-test/kisangateway-test/pages/base_page.py\", line 38, in click\n    el: WebElement = self.wait.until(\n                     ^^^^^^^^^^^^^^^^\n  File \"/home/runner/work/kisangateway-test/kisangateway-test/.venv/lib/python3.11/site-packages/selenium/webdriver/support/wait.py\", line 95, in until\n    raise TimeoutException(message, screen, stacktrace)\n","steps":[{"name":"Click Login link","time":{"start":1704503004411,"stop":1704503014613,"duration":10202},"status":"broken","statusMessage":"selenium.common.exceptions.TimeoutException: Message: \nStacktrace:\n#0 0x56077676fd33 <unknown>\n#1 0x56077642cf87 <unknown>\n#2 0x56077647cc0e <unknown>\n#3 0x56077647cd11 <unknown>\n#4 0x5607764c8004 <unknown>\n#5 0x5607764a636d <unknown>\n#6 0x5607764c5297 <unknown>\n#7 0x5607764a60e3 <unknown>\n#8 0x56077646e044 <unknown>\n#9 0x56077646f44e <unknown>\n#10 0x560776734861 <unknown>\n#11 0x560776738785 <unknown>\n#12 0x560776722285 <unknown>\n#13 0x56077673941f <unknown>\n#14 0x56077670620f <unknown>\n#15 0x56077675d028 <unknown>\n#16 0x56077675d1f7 <unknown>\n#17 0x56077676eed4 <unknown>\n#18 0x7f32bc094ac3 <unknown>\n\n","statusTrace":"  File \"/home/runner/work/kisangateway-test/kisangateway-test/.venv/lib/python3.11/site-packages/allure_commons/_allure.py\", line 192, in impl\n    return func(*a, **kw)\n           ^^^^^^^^^^^^^^\n  File \"/home/runner/work/kisangateway-test/kisangateway-test/pages/about_page.py\", line 20, in click_login_link\n    self.click(self.LOGIN_LINK)\n  File \"/home/runner/work/kisangateway-test/kisangateway-test/pages/base_page.py\", line 38, in click\n    el: WebElement = self.wait.until(\n                     ^^^^^^^^^^^^^^^^\n  File \"/home/runner/work/kisangateway-test/kisangateway-test/.venv/lib/python3.11/site-packages/selenium/webdriver/support/wait.py\", line 95, in until\n    raise TimeoutException(message, screen, stacktrace)\n","steps":[],"attachments":[],"parameters":[],"shouldDisplayMessage":true,"stepsCount":0,"attachmentsCount":0,"hasContent":true,"attachmentStep":false}],"attachments":[],"parameters":[],"shouldDisplayMessage":false,"stepsCount":1,"attachmentsCount":0,"hasContent":true,"attachmentStep":false}],"testStage":{"description":"Create new Workspace","status":"broken","statusMessage":"selenium.common.exceptions.TimeoutException: Message: \nStacktrace:\n#0 0x56077676fd33 <unknown>\n#1 0x56077642cf87 <unknown>\n#2 0x56077647cc0e <unknown>\n#3 0x56077647cd11 <unknown>\n#4 0x5607764c8004 <unknown>\n#5 0x5607764a636d <unknown>\n#6 0x5607764c5297 <unknown>\n#7 0x5607764a60e3 <unknown>\n#8 0x56077646e044 <unknown>\n#9 0x56077646f44e <unknown>\n#10 0x560776734861 <unknown>\n#11 0x560776738785 <unknown>\n#12 0x560776722285 <unknown>\n#13 0x56077673941f <unknown>\n#14 0x56077670620f <unknown>\n#15 0x56077675d028 <unknown>\n#16 0x56077675d1f7 <unknown>\n#17 0x56077676eed4 <unknown>\n#18 0x7f32bc094ac3 <unknown>","statusTrace":"self = <tests.test_workspaces.TestWorkspaces object at 0x7fa8648f8890>\nsecret_data = {'email': '', 'password': ''}\n\n    @pytest.fixture(autouse=True)\n    def setup_method_fixture(self, secret_data: dict):\n>       login(secret_data, self.about_page, self.login_page)\n\ntests/test_workspaces.py:23: \n_ _ _ _ _ _ _ _ _ _ _ _ _ _ _ _ _ _ _ _ _ _ _ _ _ _ _ _ _ _ _ _ _ _ _ _ _ _ _ _ \ntests/test_workspaces.py:13: in login\n    about_page.click_login_link()\npages/about_page.py:20: in click_login_link\n    self.click(self.LOGIN_LINK)\npages/base_page.py:38: in click\n    el: WebElement = self.wait.until(\n_ _ _ _ _ _ _ _ _ _ _ _ _ _ _ _ _ _ _ _ _ _ _ _ _ _ _ _ _ _ _ _ _ _ _ _ _ _ _ _ \n\nself = <selenium.webdriver.support.wait.WebDriverWait (session=\"822e7b9bf5033f3d3722fc3cbff7a5f3\")>\nmethod = <function element_to_be_clickable.<locals>._predicate at 0x7fa8647d4fe0>\nmessage = ''\n\n    def until(self, method, message: str = \"\"):\n        \"\"\"Calls the method provided with the driver as an argument until the \\\n        return value does not evaluate to ``False``.\n    \n        :param method: callable(WebDriver)\n        :param message: optional message for :exc:`TimeoutException`\n        :returns: the result of the last call to `method`\n        :raises: :exc:`selenium.common.exceptions.TimeoutException` if timeout occurs\n        \"\"\"\n        screen = None\n        stacktrace = None\n    \n        end_time = time.monotonic() + self._timeout\n        while True:\n            try:\n                value = method(self._driver)\n                if value:\n                    return value\n            except self._ignored_exceptions as exc:\n                screen = getattr(exc, \"screen\", None)\n                stacktrace = getattr(exc, \"stacktrace\", None)\n            time.sleep(self._poll)\n            if time.monotonic() > end_time:\n                break\n>       raise TimeoutException(message, screen, stacktrace)\nE       selenium.common.exceptions.TimeoutException: Message: \nE       Stacktrace:\nE       #0 0x56077676fd33 <unknown>\nE       #1 0x56077642cf87 <unknown>\nE       #2 0x56077647cc0e <unknown>\nE       #3 0x56077647cd11 <unknown>\nE       #4 0x5607764c8004 <unknown>\nE       #5 0x5607764a636d <unknown>\nE       #6 0x5607764c5297 <unknown>\nE       #7 0x5607764a60e3 <unknown>\nE       #8 0x56077646e044 <unknown>\nE       #9 0x56077646f44e <unknown>\nE       #10 0x560776734861 <unknown>\nE       #11 0x560776738785 <unknown>\nE       #12 0x560776722285 <unknown>\nE       #13 0x56077673941f <unknown>\nE       #14 0x56077670620f <unknown>\nE       #15 0x56077675d028 <unknown>\nE       #16 0x56077675d1f7 <unknown>\nE       #17 0x56077676eed4 <unknown>\nE       #18 0x7f32bc094ac3 <unknown>\n\n.venv/lib/python3.11/site-packages/selenium/webdriver/support/wait.py:95: TimeoutException","steps":[],"attachments":[{"uid":"a4c8db7f8cf40499","name":"public ip address","source":"a4c8db7f8cf40499.txt","type":"text/plain","size":13},{"uid":"ab63a5075af69ae1","name":"Cookies","source":"ab63a5075af69ae1.json","type":"application/json","size":2},{"uid":"815c7f093de9b9b6","name":"Session Storage","source":"815c7f093de9b9b6.json","type":"application/json","size":2},{"uid":"e6ecf3da92f13d25","name":"Local Storage","source":"e6ecf3da92f13d25.json","type":"application/json","size":2},{"uid":"cb0f02a586db0de0","name":"Console Logs","source":"cb0f02a586db0de0.json","type":"application/json","size":2},{"uid":"86ca3584a751bc1e","name":"Full Page Screenshot","source":"86ca3584a751bc1e.png","type":"image/png","size":2655641},{"uid":"c88d40f869f39d04","name":"URL","source":"c88d40f869f39d04.uri","type":"text/uri-list","size":25},{"uid":"83399c3ed1c1ddd1","name":"Network Logs","source":"83399c3ed1c1ddd1.json","type":"application/json","size":14445}],"parameters":[],"shouldDisplayMessage":true,"stepsCount":0,"attachmentsCount":8,"hasContent":true,"attachmentStep":false},"afterStages":[],"labels":[{"name":"epic","value":"Workspaces"},{"name":"severity","value":"normal"},{"name":"story","value":"WorkSpaces Creation and Editing Functionality"},{"name":"tag","value":"run(order=1)"},{"name":"parentSuite","value":"tests"},{"name":"suite","value":"test_workspaces"},{"name":"subSuite","value":"TestWorkspaces"},{"name":"host","value":"fv-az1152-639"},{"name":"thread","value":"2174-MainThread"},{"name":"framework","value":"pytest"},{"name":"language","value":"cpython3"},{"name":"package","value":"tests.test_workspaces"},{"name":"resultFormat","value":"allure2"}],"parameters":[],"links":[],"hidden":false,"retry":false,"extra":{"severity":"normal","retries":[],"categories":[{"name":"Test defects","matchedStatuses":[],"flaky":false}],"tags":["run(order=1)"]},"source":"a4d393b83e5971c4.json","parameterValues":[]}