{"uid":"d668fead9a23c9f6","name":"Search for non existing project","fullName":"tests.test_workspaces.TestWorkspaces#test_search_for_non_existing_project","historyId":"fd02db7e15fbde7f94675ef36547cabe","time":{"start":1704503115070,"stop":1704503115070,"duration":0},"description":"Search for a non existing project","descriptionHtml":"<p>Search for a non existing project</p>\n","status":"broken","statusMessage":"selenium.common.exceptions.TimeoutException: Message: \nStacktrace:\n#0 0x562ef0180d33 <unknown>\n#1 0x562eefe3df87 <unknown>\n#2 0x562eefe8dc0e <unknown>\n#3 0x562eefe8dd11 <unknown>\n#4 0x562eefed9004 <unknown>\n#5 0x562eefeb736d <unknown>\n#6 0x562eefed6297 <unknown>\n#7 0x562eefeb70e3 <unknown>\n#8 0x562eefe7f044 <unknown>\n#9 0x562eefe8044e <unknown>\n#10 0x562ef0145861 <unknown>\n#11 0x562ef0149785 <unknown>\n#12 0x562ef0133285 <unknown>\n#13 0x562ef014a41f <unknown>\n#14 0x562ef011720f <unknown>\n#15 0x562ef016e028 <unknown>\n#16 0x562ef016e1f7 <unknown>\n#17 0x562ef017fed4 <unknown>\n#18 0x7f39a4c94ac3 <unknown>","statusTrace":"self = <tests.test_workspaces.TestWorkspaces object at 0x7fa8648fb0d0>\nsecret_data = {'email': '', 'password': ''}\n\n    @pytest.fixture(autouse=True)\n    def setup_method_fixture(self, secret_data: dict):\n>       login(secret_data, self.about_page, self.login_page)\n\ntests/test_workspaces.py:23: \n_ _ _ _ _ _ _ _ _ _ _ _ _ _ _ _ _ _ _ _ _ _ _ _ _ _ _ _ _ _ _ _ _ _ _ _ _ _ _ _ \ntests/test_workspaces.py:13: in login\n    about_page.click_login_link()\npages/about_page.py:20: in click_login_link\n    self.click(self.LOGIN_LINK)\npages/base_page.py:38: in click\n    el: WebElement = self.wait.until(\n_ _ _ _ _ _ _ _ _ _ _ _ _ _ _ _ _ _ _ _ _ _ _ _ _ _ _ _ _ _ _ _ _ _ _ _ _ _ _ _ \n\nself = <selenium.webdriver.support.wait.WebDriverWait (session=\"84df3b1e9e6c8b7b4fb964cdf1a458ee\")>\nmethod = <function element_to_be_clickable.<locals>._predicate at 0x7fa8647d76a0>\nmessage = ''\n\n    def until(self, method, message: str = \"\"):\n        \"\"\"Calls the method provided with the driver as an argument until the \\\n        return value does not evaluate to ``False``.\n    \n        :param method: callable(WebDriver)\n        :param message: optional message for :exc:`TimeoutException`\n        :returns: the result of the last call to `method`\n        :raises: :exc:`selenium.common.exceptions.TimeoutException` if timeout occurs\n        \"\"\"\n        screen = None\n        stacktrace = None\n    \n        end_time = time.monotonic() + self._timeout\n        while True:\n            try:\n                value = method(self._driver)\n                if value:\n                    return value\n            except self._ignored_exceptions as exc:\n                screen = getattr(exc, \"screen\", None)\n                stacktrace = getattr(exc, \"stacktrace\", None)\n            time.sleep(self._poll)\n            if time.monotonic() > end_time:\n                break\n>       raise TimeoutException(message, screen, stacktrace)\nE       selenium.common.exceptions.TimeoutException: Message: \nE       Stacktrace:\nE       #0 0x562ef0180d33 <unknown>\nE       #1 0x562eefe3df87 <unknown>\nE       #2 0x562eefe8dc0e <unknown>\nE       #3 0x562eefe8dd11 <unknown>\nE       #4 0x562eefed9004 <unknown>\nE       #5 0x562eefeb736d <unknown>\nE       #6 0x562eefed6297 <unknown>\nE       #7 0x562eefeb70e3 <unknown>\nE       #8 0x562eefe7f044 <unknown>\nE       #9 0x562eefe8044e <unknown>\nE       #10 0x562ef0145861 <unknown>\nE       #11 0x562ef0149785 <unknown>\nE       #12 0x562ef0133285 <unknown>\nE       #13 0x562ef014a41f <unknown>\nE       #14 0x562ef011720f <unknown>\nE       #15 0x562ef016e028 <unknown>\nE       #16 0x562ef016e1f7 <unknown>\nE       #17 0x562ef017fed4 <unknown>\nE       #18 0x7f39a4c94ac3 <unknown>\n\n.venv/lib/python3.11/site-packages/selenium/webdriver/support/wait.py:95: TimeoutException","flaky":false,"newFailed":false,"newBroken":false,"newPassed":false,"retriesCount":0,"retriesStatusChange":false,"beforeStages":[{"name":"_verify_url","time":{"start":1704502991764,"stop":1704502991764,"duration":0},"status":"passed","steps":[],"attachments":[],"parameters":[],"shouldDisplayMessage":false,"stepsCount":0,"attachmentsCount":0,"hasContent":false,"attachmentStep":false},{"name":"base_url","time":{"start":1704502991764,"stop":1704502991764,"duration":0},"status":"passed","steps":[],"attachments":[],"parameters":[],"shouldDisplayMessage":false,"stepsCount":0,"attachmentsCount":0,"hasContent":false,"attachmentStep":false},{"name":"secret_data","time":{"start":1704502991764,"stop":1704502991765,"duration":1},"status":"passed","steps":[],"attachments":[],"parameters":[],"shouldDisplayMessage":false,"stepsCount":0,"attachmentsCount":0,"hasContent":false,"attachmentStep":false},{"name":"json_data","time":{"start":1704502991765,"stop":1704502991765,"duration":0},"status":"passed","steps":[],"attachments":[],"parameters":[],"shouldDisplayMessage":false,"stepsCount":0,"attachmentsCount":0,"hasContent":false,"attachmentStep":false},{"name":"setup_method_fixture","time":{"start":1704503116193,"stop":1704503126378,"duration":10185},"status":"broken","statusMessage":"selenium.common.exceptions.TimeoutException: Message: \nStacktrace:\n#0 0x562ef0180d33 <unknown>\n#1 0x562eefe3df87 <unknown>\n#2 0x562eefe8dc0e <unknown>\n#3 0x562eefe8dd11 <unknown>\n#4 0x562eefed9004 <unknown>\n#5 0x562eefeb736d <unknown>\n#6 0x562eefed6297 <unknown>\n#7 0x562eefeb70e3 <unknown>\n#8 0x562eefe7f044 <unknown>\n#9 0x562eefe8044e <unknown>\n#10 0x562ef0145861 <unknown>\n#11 0x562ef0149785 <unknown>\n#12 0x562ef0133285 <unknown>\n#13 0x562ef014a41f <unknown>\n#14 0x562ef011720f <unknown>\n#15 0x562ef016e028 <unknown>\n#16 0x562ef016e1f7 <unknown>\n#17 0x562ef017fed4 <unknown>\n#18 0x7f39a4c94ac3 <unknown>\n\n","statusTrace":"  File \"/home/runner/work/kisangateway-test/kisangateway-test/.venv/lib/python3.11/site-packages/pluggy/_callers.py\", line 80, in _multicall\n    res = hook_impl.function(*args)\n          ^^^^^^^^^^^^^^^^^^^^^^^^^\n  File \"/home/runner/work/kisangateway-test/kisangateway-test/.venv/lib/python3.11/site-packages/_pytest/fixtures.py\", line 1123, in pytest_fixture_setup\n    result = call_fixture_func(fixturefunc, request, kwargs)\n             ^^^^^^^^^^^^^^^^^^^^^^^^^^^^^^^^^^^^^^^^^^^^^^^\n  File \"/home/runner/work/kisangateway-test/kisangateway-test/.venv/lib/python3.11/site-packages/_pytest/fixtures.py\", line 902, in call_fixture_func\n    fixture_result = fixturefunc(**kwargs)\n                     ^^^^^^^^^^^^^^^^^^^^^\n  File \"/home/runner/work/kisangateway-test/kisangateway-test/tests/test_workspaces.py\", line 23, in setup_method_fixture\n    login(secret_data, self.about_page, self.login_page)\n  File \"/home/runner/work/kisangateway-test/kisangateway-test/tests/test_workspaces.py\", line 13, in login\n    about_page.click_login_link()\n  File \"/home/runner/work/kisangateway-test/kisangateway-test/.venv/lib/python3.11/site-packages/allure_commons/_allure.py\", line 192, in impl\n    return func(*a, **kw)\n           ^^^^^^^^^^^^^^\n  File \"/home/runner/work/kisangateway-test/kisangateway-test/pages/about_page.py\", line 20, in click_login_link\n    self.click(self.LOGIN_LINK)\n  File \"/home/runner/work/kisangateway-test/kisangateway-test/pages/base_page.py\", line 38, in click\n    el: WebElement = self.wait.until(\n                     ^^^^^^^^^^^^^^^^\n  File \"/home/runner/work/kisangateway-test/kisangateway-test/.venv/lib/python3.11/site-packages/selenium/webdriver/support/wait.py\", line 95, in until\n    raise TimeoutException(message, screen, stacktrace)\n","steps":[{"name":"Click Login link","time":{"start":1704503116194,"stop":1704503126377,"duration":10183},"status":"broken","statusMessage":"selenium.common.exceptions.TimeoutException: Message: \nStacktrace:\n#0 0x562ef0180d33 <unknown>\n#1 0x562eefe3df87 <unknown>\n#2 0x562eefe8dc0e <unknown>\n#3 0x562eefe8dd11 <unknown>\n#4 0x562eefed9004 <unknown>\n#5 0x562eefeb736d <unknown>\n#6 0x562eefed6297 <unknown>\n#7 0x562eefeb70e3 <unknown>\n#8 0x562eefe7f044 <unknown>\n#9 0x562eefe8044e <unknown>\n#10 0x562ef0145861 <unknown>\n#11 0x562ef0149785 <unknown>\n#12 0x562ef0133285 <unknown>\n#13 0x562ef014a41f <unknown>\n#14 0x562ef011720f <unknown>\n#15 0x562ef016e028 <unknown>\n#16 0x562ef016e1f7 <unknown>\n#17 0x562ef017fed4 <unknown>\n#18 0x7f39a4c94ac3 <unknown>\n\n","statusTrace":"  File \"/home/runner/work/kisangateway-test/kisangateway-test/.venv/lib/python3.11/site-packages/allure_commons/_allure.py\", line 192, in impl\n    return func(*a, **kw)\n           ^^^^^^^^^^^^^^\n  File \"/home/runner/work/kisangateway-test/kisangateway-test/pages/about_page.py\", line 20, in click_login_link\n    self.click(self.LOGIN_LINK)\n  File \"/home/runner/work/kisangateway-test/kisangateway-test/pages/base_page.py\", line 38, in click\n    el: WebElement = self.wait.until(\n                     ^^^^^^^^^^^^^^^^\n  File \"/home/runner/work/kisangateway-test/kisangateway-test/.venv/lib/python3.11/site-packages/selenium/webdriver/support/wait.py\", line 95, in until\n    raise TimeoutException(message, screen, stacktrace)\n","steps":[],"attachments":[],"parameters":[],"shouldDisplayMessage":true,"stepsCount":0,"attachmentsCount":0,"hasContent":true,"attachmentStep":false}],"attachments":[],"parameters":[],"shouldDisplayMessage":false,"stepsCount":1,"attachmentsCount":0,"hasContent":true,"attachmentStep":false}],"testStage":{"description":"Search for a non existing project","status":"broken","statusMessage":"selenium.common.exceptions.TimeoutException: Message: \nStacktrace:\n#0 0x562ef0180d33 <unknown>\n#1 0x562eefe3df87 <unknown>\n#2 0x562eefe8dc0e <unknown>\n#3 0x562eefe8dd11 <unknown>\n#4 0x562eefed9004 <unknown>\n#5 0x562eefeb736d <unknown>\n#6 0x562eefed6297 <unknown>\n#7 0x562eefeb70e3 <unknown>\n#8 0x562eefe7f044 <unknown>\n#9 0x562eefe8044e <unknown>\n#10 0x562ef0145861 <unknown>\n#11 0x562ef0149785 <unknown>\n#12 0x562ef0133285 <unknown>\n#13 0x562ef014a41f <unknown>\n#14 0x562ef011720f <unknown>\n#15 0x562ef016e028 <unknown>\n#16 0x562ef016e1f7 <unknown>\n#17 0x562ef017fed4 <unknown>\n#18 0x7f39a4c94ac3 <unknown>","statusTrace":"self = <tests.test_workspaces.TestWorkspaces object at 0x7fa8648fb0d0>\nsecret_data = {'email': '', 'password': ''}\n\n    @pytest.fixture(autouse=True)\n    def setup_method_fixture(self, secret_data: dict):\n>       login(secret_data, self.about_page, self.login_page)\n\ntests/test_workspaces.py:23: \n_ _ _ _ _ _ _ _ _ _ _ _ _ _ _ _ _ _ _ _ _ _ _ _ _ _ _ _ _ _ _ _ _ _ _ _ _ _ _ _ \ntests/test_workspaces.py:13: in login\n    about_page.click_login_link()\npages/about_page.py:20: in click_login_link\n    self.click(self.LOGIN_LINK)\npages/base_page.py:38: in click\n    el: WebElement = self.wait.until(\n_ _ _ _ _ _ _ _ _ _ _ _ _ _ _ _ _ _ _ _ _ _ _ _ _ _ _ _ _ _ _ _ _ _ _ _ _ _ _ _ \n\nself = <selenium.webdriver.support.wait.WebDriverWait (session=\"84df3b1e9e6c8b7b4fb964cdf1a458ee\")>\nmethod = <function element_to_be_clickable.<locals>._predicate at 0x7fa8647d76a0>\nmessage = ''\n\n    def until(self, method, message: str = \"\"):\n        \"\"\"Calls the method provided with the driver as an argument until the \\\n        return value does not evaluate to ``False``.\n    \n        :param method: callable(WebDriver)\n        :param message: optional message for :exc:`TimeoutException`\n        :returns: the result of the last call to `method`\n        :raises: :exc:`selenium.common.exceptions.TimeoutException` if timeout occurs\n        \"\"\"\n        screen = None\n        stacktrace = None\n    \n        end_time = time.monotonic() + self._timeout\n        while True:\n            try:\n                value = method(self._driver)\n                if value:\n                    return value\n            except self._ignored_exceptions as exc:\n                screen = getattr(exc, \"screen\", None)\n                stacktrace = getattr(exc, \"stacktrace\", None)\n            time.sleep(self._poll)\n            if time.monotonic() > end_time:\n                break\n>       raise TimeoutException(message, screen, stacktrace)\nE       selenium.common.exceptions.TimeoutException: Message: \nE       Stacktrace:\nE       #0 0x562ef0180d33 <unknown>\nE       #1 0x562eefe3df87 <unknown>\nE       #2 0x562eefe8dc0e <unknown>\nE       #3 0x562eefe8dd11 <unknown>\nE       #4 0x562eefed9004 <unknown>\nE       #5 0x562eefeb736d <unknown>\nE       #6 0x562eefed6297 <unknown>\nE       #7 0x562eefeb70e3 <unknown>\nE       #8 0x562eefe7f044 <unknown>\nE       #9 0x562eefe8044e <unknown>\nE       #10 0x562ef0145861 <unknown>\nE       #11 0x562ef0149785 <unknown>\nE       #12 0x562ef0133285 <unknown>\nE       #13 0x562ef014a41f <unknown>\nE       #14 0x562ef011720f <unknown>\nE       #15 0x562ef016e028 <unknown>\nE       #16 0x562ef016e1f7 <unknown>\nE       #17 0x562ef017fed4 <unknown>\nE       #18 0x7f39a4c94ac3 <unknown>\n\n.venv/lib/python3.11/site-packages/selenium/webdriver/support/wait.py:95: TimeoutException","steps":[],"attachments":[{"uid":"a4bba3b2f39973bd","name":"public ip address","source":"a4bba3b2f39973bd.txt","type":"text/plain","size":13},{"uid":"f2e936aaa1f420cd","name":"Cookies","source":"f2e936aaa1f420cd.json","type":"application/json","size":2},{"uid":"abbb76988e18920d","name":"Session Storage","source":"abbb76988e18920d.json","type":"application/json","size":2},{"uid":"421db51d8bc5e9dc","name":"Local Storage","source":"421db51d8bc5e9dc.json","type":"application/json","size":2},{"uid":"81d26850d2aabd62","name":"Console Logs","source":"81d26850d2aabd62.json","type":"application/json","size":2},{"uid":"34307f80a6e43103","name":"Full Page Screenshot","source":"34307f80a6e43103.png","type":"image/png","size":2655641},{"uid":"1fdae97b6df133a9","name":"URL","source":"1fdae97b6df133a9.uri","type":"text/uri-list","size":25},{"uid":"34f1dae8a0781079","name":"Network Logs","source":"34f1dae8a0781079.json","type":"application/json","size":14448}],"parameters":[],"shouldDisplayMessage":true,"stepsCount":0,"attachmentsCount":8,"hasContent":true,"attachmentStep":false},"afterStages":[],"labels":[{"name":"epic","value":"Workspaces"},{"name":"severity","value":"normal"},{"name":"story","value":"WorkSpaces Creation and Editing Functionality"},{"name":"tag","value":"run(order=7)"},{"name":"parentSuite","value":"tests"},{"name":"suite","value":"test_workspaces"},{"name":"subSuite","value":"TestWorkspaces"},{"name":"host","value":"fv-az1152-639"},{"name":"thread","value":"2174-MainThread"},{"name":"framework","value":"pytest"},{"name":"language","value":"cpython3"},{"name":"package","value":"tests.test_workspaces"},{"name":"resultFormat","value":"allure2"}],"parameters":[],"links":[],"hidden":false,"retry":false,"extra":{"severity":"normal","retries":[],"categories":[{"name":"Test defects","matchedStatuses":[],"flaky":false}],"tags":["run(order=7)"]},"source":"d668fead9a23c9f6.json","parameterValues":[]}