{"uid":"e2819383de36451d","name":"Add project to workspace test","fullName":"tests.test_workspaces.TestWorkspaces#test_add_project_to_workspace","historyId":"fc6ee288c49142976b6c23b6071583ec","time":{"start":1695171697722,"stop":1695171697722,"duration":0},"description":"Selecting and adding a project to workspace","descriptionHtml":"<p>Selecting and adding a project to workspace</p>\n","status":"broken","statusMessage":"selenium.common.exceptions.TimeoutException: Message: \nStacktrace:\n#0 0x560bc0acee23 <unknown>\n#1 0x560bc07f77a7 <unknown>\n#2 0x560bc08361d3 <unknown>\n#3 0x560bc08362c1 <unknown>\n#4 0x560bc0871a04 <unknown>\n#5 0x560bc085703d <unknown>\n#6 0x560bc086f369 <unknown>\n#7 0x560bc0856de3 <unknown>\n#8 0x560bc082aa7b <unknown>\n#9 0x560bc082b81e <unknown>\n#10 0x560bc0a90638 <unknown>\n#11 0x560bc0a94507 <unknown>\n#12 0x560bc0a9ec4c <unknown>\n#13 0x560bc0a95136 <unknown>\n#14 0x560bc0a639cf <unknown>\n#15 0x560bc0ab8b98 <unknown>\n#16 0x560bc0ab8d68 <unknown>\n#17 0x560bc0ac7cb3 <unknown>\n#18 0x7f27a4294b43 <unknown>","statusTrace":"self = <tests.test_workspaces.TestWorkspaces object at 0x7f5f4c6e1010>\nsecret_data = {'email': '', 'password': ''}\n\n    @pytest.fixture(autouse=True)\n    def setup_method_fixture(self, secret_data: dict):\n>       login(secret_data, self.about_page, self.login_page)\n\ntests/test_workspaces.py:23: \n_ _ _ _ _ _ _ _ _ _ _ _ _ _ _ _ _ _ _ _ _ _ _ _ _ _ _ _ _ _ _ _ _ _ _ _ _ _ _ _ \ntests/test_workspaces.py:13: in login\n    about_page.click_login_link()\npages/about_page.py:20: in click_login_link\n    self.click(self.LOGIN_LINK)\npages/base_page.py:38: in click\n    el: WebElement = self.wait.until(\n_ _ _ _ _ _ _ _ _ _ _ _ _ _ _ _ _ _ _ _ _ _ _ _ _ _ _ _ _ _ _ _ _ _ _ _ _ _ _ _ \n\nself = <selenium.webdriver.support.wait.WebDriverWait (session=\"0d8d18e80a5891d0c0c6de52b979cabf\")>\nmethod = <function element_to_be_clickable.<locals>._predicate at 0x7f5f4c458ae0>\nmessage = ''\n\n    def until(self, method, message: str = \"\"):\n        \"\"\"Calls the method provided with the driver as an argument until the \\\n        return value does not evaluate to ``False``.\n    \n        :param method: callable(WebDriver)\n        :param message: optional message for :exc:`TimeoutException`\n        :returns: the result of the last call to `method`\n        :raises: :exc:`selenium.common.exceptions.TimeoutException` if timeout occurs\n        \"\"\"\n        screen = None\n        stacktrace = None\n    \n        end_time = time.monotonic() + self._timeout\n        while True:\n            try:\n                value = method(self._driver)\n                if value:\n                    return value\n            except self._ignored_exceptions as exc:\n                screen = getattr(exc, \"screen\", None)\n                stacktrace = getattr(exc, \"stacktrace\", None)\n            time.sleep(self._poll)\n            if time.monotonic() > end_time:\n                break\n>       raise TimeoutException(message, screen, stacktrace)\nE       selenium.common.exceptions.TimeoutException: Message: \nE       Stacktrace:\nE       #0 0x560bc0acee23 <unknown>\nE       #1 0x560bc07f77a7 <unknown>\nE       #2 0x560bc08361d3 <unknown>\nE       #3 0x560bc08362c1 <unknown>\nE       #4 0x560bc0871a04 <unknown>\nE       #5 0x560bc085703d <unknown>\nE       #6 0x560bc086f369 <unknown>\nE       #7 0x560bc0856de3 <unknown>\nE       #8 0x560bc082aa7b <unknown>\nE       #9 0x560bc082b81e <unknown>\nE       #10 0x560bc0a90638 <unknown>\nE       #11 0x560bc0a94507 <unknown>\nE       #12 0x560bc0a9ec4c <unknown>\nE       #13 0x560bc0a95136 <unknown>\nE       #14 0x560bc0a639cf <unknown>\nE       #15 0x560bc0ab8b98 <unknown>\nE       #16 0x560bc0ab8d68 <unknown>\nE       #17 0x560bc0ac7cb3 <unknown>\nE       #18 0x7f27a4294b43 <unknown>\n\n.venv/lib/python3.11/site-packages/selenium/webdriver/support/wait.py:95: TimeoutException","flaky":false,"newFailed":false,"newBroken":false,"newPassed":false,"retriesCount":0,"retriesStatusChange":false,"beforeStages":[{"name":"base_url","time":{"start":1695171596249,"stop":1695171596249,"duration":0},"status":"passed","steps":[],"attachments":[],"parameters":[],"stepsCount":0,"attachmentsCount":0,"hasContent":false,"shouldDisplayMessage":false},{"name":"secret_data","time":{"start":1695171596249,"stop":1695171596250,"duration":1},"status":"passed","steps":[],"attachments":[],"parameters":[],"stepsCount":0,"attachmentsCount":0,"hasContent":false,"shouldDisplayMessage":false},{"name":"_verify_url","time":{"start":1695171596249,"stop":1695171596249,"duration":0},"status":"passed","steps":[],"attachments":[],"parameters":[],"stepsCount":0,"attachmentsCount":0,"hasContent":false,"shouldDisplayMessage":false},{"name":"json_data","time":{"start":1695171596250,"stop":1695171596250,"duration":0},"status":"passed","steps":[],"attachments":[],"parameters":[],"stepsCount":0,"attachmentsCount":0,"hasContent":false,"shouldDisplayMessage":false},{"name":"setup_method_fixture","time":{"start":1695171699026,"stop":1695171709415,"duration":10389},"status":"broken","statusMessage":"selenium.common.exceptions.TimeoutException: Message: \nStacktrace:\n#0 0x560bc0acee23 <unknown>\n#1 0x560bc07f77a7 <unknown>\n#2 0x560bc08361d3 <unknown>\n#3 0x560bc08362c1 <unknown>\n#4 0x560bc0871a04 <unknown>\n#5 0x560bc085703d <unknown>\n#6 0x560bc086f369 <unknown>\n#7 0x560bc0856de3 <unknown>\n#8 0x560bc082aa7b <unknown>\n#9 0x560bc082b81e <unknown>\n#10 0x560bc0a90638 <unknown>\n#11 0x560bc0a94507 <unknown>\n#12 0x560bc0a9ec4c <unknown>\n#13 0x560bc0a95136 <unknown>\n#14 0x560bc0a639cf <unknown>\n#15 0x560bc0ab8b98 <unknown>\n#16 0x560bc0ab8d68 <unknown>\n#17 0x560bc0ac7cb3 <unknown>\n#18 0x7f27a4294b43 <unknown>\n\n","statusTrace":"  File \"/home/runner/work/kisangateway-test/kisangateway-test/.venv/lib/python3.11/site-packages/pluggy/_callers.py\", line 80, in _multicall\n    res = hook_impl.function(*args)\n          ^^^^^^^^^^^^^^^^^^^^^^^^^\n  File \"/home/runner/work/kisangateway-test/kisangateway-test/.venv/lib/python3.11/site-packages/_pytest/fixtures.py\", line 1123, in pytest_fixture_setup\n    result = call_fixture_func(fixturefunc, request, kwargs)\n             ^^^^^^^^^^^^^^^^^^^^^^^^^^^^^^^^^^^^^^^^^^^^^^^\n  File \"/home/runner/work/kisangateway-test/kisangateway-test/.venv/lib/python3.11/site-packages/_pytest/fixtures.py\", line 902, in call_fixture_func\n    fixture_result = fixturefunc(**kwargs)\n                     ^^^^^^^^^^^^^^^^^^^^^\n  File \"/home/runner/work/kisangateway-test/kisangateway-test/tests/test_workspaces.py\", line 23, in setup_method_fixture\n    login(secret_data, self.about_page, self.login_page)\n  File \"/home/runner/work/kisangateway-test/kisangateway-test/tests/test_workspaces.py\", line 13, in login\n    about_page.click_login_link()\n  File \"/home/runner/work/kisangateway-test/kisangateway-test/.venv/lib/python3.11/site-packages/allure_commons/_allure.py\", line 192, in impl\n    return func(*a, **kw)\n           ^^^^^^^^^^^^^^\n  File \"/home/runner/work/kisangateway-test/kisangateway-test/pages/about_page.py\", line 20, in click_login_link\n    self.click(self.LOGIN_LINK)\n  File \"/home/runner/work/kisangateway-test/kisangateway-test/pages/base_page.py\", line 38, in click\n    el: WebElement = self.wait.until(\n                     ^^^^^^^^^^^^^^^^\n  File \"/home/runner/work/kisangateway-test/kisangateway-test/.venv/lib/python3.11/site-packages/selenium/webdriver/support/wait.py\", line 95, in until\n    raise TimeoutException(message, screen, stacktrace)\n","steps":[{"name":"Click Login link","time":{"start":1695171699027,"stop":1695171709415,"duration":10388},"status":"broken","statusMessage":"selenium.common.exceptions.TimeoutException: Message: \nStacktrace:\n#0 0x560bc0acee23 <unknown>\n#1 0x560bc07f77a7 <unknown>\n#2 0x560bc08361d3 <unknown>\n#3 0x560bc08362c1 <unknown>\n#4 0x560bc0871a04 <unknown>\n#5 0x560bc085703d <unknown>\n#6 0x560bc086f369 <unknown>\n#7 0x560bc0856de3 <unknown>\n#8 0x560bc082aa7b <unknown>\n#9 0x560bc082b81e <unknown>\n#10 0x560bc0a90638 <unknown>\n#11 0x560bc0a94507 <unknown>\n#12 0x560bc0a9ec4c <unknown>\n#13 0x560bc0a95136 <unknown>\n#14 0x560bc0a639cf <unknown>\n#15 0x560bc0ab8b98 <unknown>\n#16 0x560bc0ab8d68 <unknown>\n#17 0x560bc0ac7cb3 <unknown>\n#18 0x7f27a4294b43 <unknown>\n\n","statusTrace":"  File \"/home/runner/work/kisangateway-test/kisangateway-test/.venv/lib/python3.11/site-packages/allure_commons/_allure.py\", line 192, in impl\n    return func(*a, **kw)\n           ^^^^^^^^^^^^^^\n  File \"/home/runner/work/kisangateway-test/kisangateway-test/pages/about_page.py\", line 20, in click_login_link\n    self.click(self.LOGIN_LINK)\n  File \"/home/runner/work/kisangateway-test/kisangateway-test/pages/base_page.py\", line 38, in click\n    el: WebElement = self.wait.until(\n                     ^^^^^^^^^^^^^^^^\n  File \"/home/runner/work/kisangateway-test/kisangateway-test/.venv/lib/python3.11/site-packages/selenium/webdriver/support/wait.py\", line 95, in until\n    raise TimeoutException(message, screen, stacktrace)\n","steps":[],"attachments":[],"parameters":[],"stepsCount":0,"attachmentsCount":0,"hasContent":true,"shouldDisplayMessage":true}],"attachments":[],"parameters":[],"stepsCount":1,"attachmentsCount":0,"hasContent":true,"shouldDisplayMessage":false}],"testStage":{"description":"Selecting and adding a project to workspace","status":"broken","statusMessage":"selenium.common.exceptions.TimeoutException: Message: \nStacktrace:\n#0 0x560bc0acee23 <unknown>\n#1 0x560bc07f77a7 <unknown>\n#2 0x560bc08361d3 <unknown>\n#3 0x560bc08362c1 <unknown>\n#4 0x560bc0871a04 <unknown>\n#5 0x560bc085703d <unknown>\n#6 0x560bc086f369 <unknown>\n#7 0x560bc0856de3 <unknown>\n#8 0x560bc082aa7b <unknown>\n#9 0x560bc082b81e <unknown>\n#10 0x560bc0a90638 <unknown>\n#11 0x560bc0a94507 <unknown>\n#12 0x560bc0a9ec4c <unknown>\n#13 0x560bc0a95136 <unknown>\n#14 0x560bc0a639cf <unknown>\n#15 0x560bc0ab8b98 <unknown>\n#16 0x560bc0ab8d68 <unknown>\n#17 0x560bc0ac7cb3 <unknown>\n#18 0x7f27a4294b43 <unknown>","statusTrace":"self = <tests.test_workspaces.TestWorkspaces object at 0x7f5f4c6e1010>\nsecret_data = {'email': '', 'password': ''}\n\n    @pytest.fixture(autouse=True)\n    def setup_method_fixture(self, secret_data: dict):\n>       login(secret_data, self.about_page, self.login_page)\n\ntests/test_workspaces.py:23: \n_ _ _ _ _ _ _ _ _ _ _ _ _ _ _ _ _ _ _ _ _ _ _ _ _ _ _ _ _ _ _ _ _ _ _ _ _ _ _ _ \ntests/test_workspaces.py:13: in login\n    about_page.click_login_link()\npages/about_page.py:20: in click_login_link\n    self.click(self.LOGIN_LINK)\npages/base_page.py:38: in click\n    el: WebElement = self.wait.until(\n_ _ _ _ _ _ _ _ _ _ _ _ _ _ _ _ _ _ _ _ _ _ _ _ _ _ _ _ _ _ _ _ _ _ _ _ _ _ _ _ \n\nself = <selenium.webdriver.support.wait.WebDriverWait (session=\"0d8d18e80a5891d0c0c6de52b979cabf\")>\nmethod = <function element_to_be_clickable.<locals>._predicate at 0x7f5f4c458ae0>\nmessage = ''\n\n    def until(self, method, message: str = \"\"):\n        \"\"\"Calls the method provided with the driver as an argument until the \\\n        return value does not evaluate to ``False``.\n    \n        :param method: callable(WebDriver)\n        :param message: optional message for :exc:`TimeoutException`\n        :returns: the result of the last call to `method`\n        :raises: :exc:`selenium.common.exceptions.TimeoutException` if timeout occurs\n        \"\"\"\n        screen = None\n        stacktrace = None\n    \n        end_time = time.monotonic() + self._timeout\n        while True:\n            try:\n                value = method(self._driver)\n                if value:\n                    return value\n            except self._ignored_exceptions as exc:\n                screen = getattr(exc, \"screen\", None)\n                stacktrace = getattr(exc, \"stacktrace\", None)\n            time.sleep(self._poll)\n            if time.monotonic() > end_time:\n                break\n>       raise TimeoutException(message, screen, stacktrace)\nE       selenium.common.exceptions.TimeoutException: Message: \nE       Stacktrace:\nE       #0 0x560bc0acee23 <unknown>\nE       #1 0x560bc07f77a7 <unknown>\nE       #2 0x560bc08361d3 <unknown>\nE       #3 0x560bc08362c1 <unknown>\nE       #4 0x560bc0871a04 <unknown>\nE       #5 0x560bc085703d <unknown>\nE       #6 0x560bc086f369 <unknown>\nE       #7 0x560bc0856de3 <unknown>\nE       #8 0x560bc082aa7b <unknown>\nE       #9 0x560bc082b81e <unknown>\nE       #10 0x560bc0a90638 <unknown>\nE       #11 0x560bc0a94507 <unknown>\nE       #12 0x560bc0a9ec4c <unknown>\nE       #13 0x560bc0a95136 <unknown>\nE       #14 0x560bc0a639cf <unknown>\nE       #15 0x560bc0ab8b98 <unknown>\nE       #16 0x560bc0ab8d68 <unknown>\nE       #17 0x560bc0ac7cb3 <unknown>\nE       #18 0x7f27a4294b43 <unknown>\n\n.venv/lib/python3.11/site-packages/selenium/webdriver/support/wait.py:95: TimeoutException","steps":[],"attachments":[{"uid":"91efe15b6e1303c7","name":"public ip address","source":"91efe15b6e1303c7.txt","type":"text/plain","size":12},{"uid":"a2be74ad46678144","name":"Cookies","source":"a2be74ad46678144.json","type":"application/json","size":2},{"uid":"a3bf8e0cfe0ceff8","name":"Session Storage","source":"a3bf8e0cfe0ceff8.json","type":"application/json","size":2},{"uid":"3d4ea1c561e7971f","name":"Local Storage","source":"3d4ea1c561e7971f.json","type":"application/json","size":2},{"uid":"8872c62483b5e509","name":"Console Logs","source":"8872c62483b5e509.json","type":"application/json","size":2},{"uid":"58a6e625d5e97fbb","name":"Full Page Screenshot","source":"58a6e625d5e97fbb.png","type":"image/png","size":1543603},{"uid":"af4319fd9d3b39d5","name":"URL","source":"af4319fd9d3b39d5.uri","type":"text/uri-list","size":25},{"uid":"97cdd927e6ba8d8f","name":"Network Logs","source":"97cdd927e6ba8d8f.json","type":"application/json","size":2}],"parameters":[],"stepsCount":0,"attachmentsCount":8,"hasContent":true,"shouldDisplayMessage":true},"afterStages":[],"labels":[{"name":"story","value":"WorkSpaces Creation and Editing Functionality"},{"name":"epic","value":"Workspaces"},{"name":"severity","value":"normal"},{"name":"tag","value":"run(order=5)"},{"name":"parentSuite","value":"tests"},{"name":"suite","value":"test_workspaces"},{"name":"subSuite","value":"TestWorkspaces"},{"name":"host","value":"fv-az246-628"},{"name":"thread","value":"2095-MainThread"},{"name":"framework","value":"pytest"},{"name":"language","value":"cpython3"},{"name":"package","value":"tests.test_workspaces"},{"name":"resultFormat","value":"allure2"}],"parameters":[],"links":[],"hidden":false,"retry":false,"extra":{"severity":"normal","retries":[],"categories":[{"name":"Test defects","matchedStatuses":[],"flaky":false}],"tags":["run(order=5)"]},"source":"e2819383de36451d.json","parameterValues":[]}