{"uid":"24c3cb7933295206","name":"Login with invalid credentials test","fullName":"tests.test_login.TestLogin#test_invalid_login","historyId":"ebd85894ef649ef37954355e1db2cb03","time":{"start":1697504549903,"stop":1697504560239,"duration":10336},"description":"invalid login","descriptionHtml":"<p>invalid login</p>\n","status":"broken","statusMessage":"selenium.common.exceptions.TimeoutException: Message: \nStacktrace:\n#0 0x556b5f4ca6b3 <unknown>\n#1 0x556b5f1a01e7 <unknown>\n#2 0x556b5f1e7566 <unknown>\n#3 0x556b5f1e7651 <unknown>\n#4 0x556b5f224a74 <unknown>\n#5 0x556b5f2090ed <unknown>\n#6 0x556b5f222322 <unknown>\n#7 0x556b5f208e93 <unknown>\n#8 0x556b5f1db934 <unknown>\n#9 0x556b5f1dc71e <unknown>\n#10 0x556b5f48fcb8 <unknown>\n#11 0x556b5f493bf0 <unknown>\n#12 0x556b5f49e19c <unknown>\n#13 0x556b5f494808 <unknown>\n#14 0x556b5f46127f <unknown>\n#15 0x556b5f4b8e88 <unknown>\n#16 0x556b5f4b9059 <unknown>\n#17 0x556b5f4c9843 <unknown>\n#18 0x7f1218894b43 <unknown>","statusTrace":"self = <tests.test_login.TestLogin object at 0x7f8b6d55c210>\nemail = 'elias@gmail.com', password = '12345Tr'\njson_data = {'forgot_password': {'error_message': \"We can't find a user with that e-mail address.\", 'success_message': 'A reset li...you page', 'name': 'test', 'new_name': 'another test', 'no_project_found_msg': 'No project matches the criteria', ...}}\n\n    @allure.description(\"invalid login\")\n    @allure.title(\"Login with invalid credentials test\")\n    @pytest.mark.parametrize(\"email, password\", users)\n    @pytest.mark.run(order=3)\n    def test_invalid_login(self, email: str, password: str, json_data: dict):\n>       self.about_page.click_login_link()\n\ntests/test_login.py:22: \n_ _ _ _ _ _ _ _ _ _ _ _ _ _ _ _ _ _ _ _ _ _ _ _ _ _ _ _ _ _ _ _ _ _ _ _ _ _ _ _ \npages/about_page.py:20: in click_login_link\n    self.click(self.LOGIN_LINK)\npages/base_page.py:38: in click\n    el: WebElement = self.wait.until(\n_ _ _ _ _ _ _ _ _ _ _ _ _ _ _ _ _ _ _ _ _ _ _ _ _ _ _ _ _ _ _ _ _ _ _ _ _ _ _ _ \n\nself = <selenium.webdriver.support.wait.WebDriverWait (session=\"e39bec567b9db078fbf2db3e45c5feeb\")>\nmethod = <function element_to_be_clickable.<locals>._predicate at 0x7f8b6ce2b920>\nmessage = ''\n\n    def until(self, method, message: str = \"\"):\n        \"\"\"Calls the method provided with the driver as an argument until the \\\n        return value does not evaluate to ``False``.\n    \n        :param method: callable(WebDriver)\n        :param message: optional message for :exc:`TimeoutException`\n        :returns: the result of the last call to `method`\n        :raises: :exc:`selenium.common.exceptions.TimeoutException` if timeout occurs\n        \"\"\"\n        screen = None\n        stacktrace = None\n    \n        end_time = time.monotonic() + self._timeout\n        while True:\n            try:\n                value = method(self._driver)\n                if value:\n                    return value\n            except self._ignored_exceptions as exc:\n                screen = getattr(exc, \"screen\", None)\n                stacktrace = getattr(exc, \"stacktrace\", None)\n            time.sleep(self._poll)\n            if time.monotonic() > end_time:\n                break\n>       raise TimeoutException(message, screen, stacktrace)\nE       selenium.common.exceptions.TimeoutException: Message: \nE       Stacktrace:\nE       #0 0x556b5f4ca6b3 <unknown>\nE       #1 0x556b5f1a01e7 <unknown>\nE       #2 0x556b5f1e7566 <unknown>\nE       #3 0x556b5f1e7651 <unknown>\nE       #4 0x556b5f224a74 <unknown>\nE       #5 0x556b5f2090ed <unknown>\nE       #6 0x556b5f222322 <unknown>\nE       #7 0x556b5f208e93 <unknown>\nE       #8 0x556b5f1db934 <unknown>\nE       #9 0x556b5f1dc71e <unknown>\nE       #10 0x556b5f48fcb8 <unknown>\nE       #11 0x556b5f493bf0 <unknown>\nE       #12 0x556b5f49e19c <unknown>\nE       #13 0x556b5f494808 <unknown>\nE       #14 0x556b5f46127f <unknown>\nE       #15 0x556b5f4b8e88 <unknown>\nE       #16 0x556b5f4b9059 <unknown>\nE       #17 0x556b5f4c9843 <unknown>\nE       #18 0x7f1218894b43 <unknown>\n\n.venv/lib/python3.11/site-packages/selenium/webdriver/support/wait.py:95: TimeoutException","flaky":false,"newFailed":false,"newBroken":false,"newPassed":false,"retriesCount":0,"retriesStatusChange":false,"beforeStages":[{"name":"_verify_url","time":{"start":1697504482701,"stop":1697504482701,"duration":0},"status":"passed","steps":[],"attachments":[],"parameters":[],"shouldDisplayMessage":false,"stepsCount":0,"attachmentsCount":0,"hasContent":false},{"name":"base_url","time":{"start":1697504482701,"stop":1697504482701,"duration":0},"status":"passed","steps":[],"attachments":[],"parameters":[],"shouldDisplayMessage":false,"stepsCount":0,"attachmentsCount":0,"hasContent":false},{"name":"json_data","time":{"start":1697504482702,"stop":1697504482703,"duration":1},"status":"passed","steps":[],"attachments":[],"parameters":[],"shouldDisplayMessage":false,"stepsCount":0,"attachmentsCount":0,"hasContent":false}],"testStage":{"description":"invalid login","status":"broken","statusMessage":"selenium.common.exceptions.TimeoutException: Message: \nStacktrace:\n#0 0x556b5f4ca6b3 <unknown>\n#1 0x556b5f1a01e7 <unknown>\n#2 0x556b5f1e7566 <unknown>\n#3 0x556b5f1e7651 <unknown>\n#4 0x556b5f224a74 <unknown>\n#5 0x556b5f2090ed <unknown>\n#6 0x556b5f222322 <unknown>\n#7 0x556b5f208e93 <unknown>\n#8 0x556b5f1db934 <unknown>\n#9 0x556b5f1dc71e <unknown>\n#10 0x556b5f48fcb8 <unknown>\n#11 0x556b5f493bf0 <unknown>\n#12 0x556b5f49e19c <unknown>\n#13 0x556b5f494808 <unknown>\n#14 0x556b5f46127f <unknown>\n#15 0x556b5f4b8e88 <unknown>\n#16 0x556b5f4b9059 <unknown>\n#17 0x556b5f4c9843 <unknown>\n#18 0x7f1218894b43 <unknown>","statusTrace":"self = <tests.test_login.TestLogin object at 0x7f8b6d55c210>\nemail = 'elias@gmail.com', password = '12345Tr'\njson_data = {'forgot_password': {'error_message': \"We can't find a user with that e-mail address.\", 'success_message': 'A reset li...you page', 'name': 'test', 'new_name': 'another test', 'no_project_found_msg': 'No project matches the criteria', ...}}\n\n    @allure.description(\"invalid login\")\n    @allure.title(\"Login with invalid credentials test\")\n    @pytest.mark.parametrize(\"email, password\", users)\n    @pytest.mark.run(order=3)\n    def test_invalid_login(self, email: str, password: str, json_data: dict):\n>       self.about_page.click_login_link()\n\ntests/test_login.py:22: \n_ _ _ _ _ _ _ _ _ _ _ _ _ _ _ _ _ _ _ _ _ _ _ _ _ _ _ _ _ _ _ _ _ _ _ _ _ _ _ _ \npages/about_page.py:20: in click_login_link\n    self.click(self.LOGIN_LINK)\npages/base_page.py:38: in click\n    el: WebElement = self.wait.until(\n_ _ _ _ _ _ _ _ _ _ _ _ _ _ _ _ _ _ _ _ _ _ _ _ _ _ _ _ _ _ _ _ _ _ _ _ _ _ _ _ \n\nself = <selenium.webdriver.support.wait.WebDriverWait (session=\"e39bec567b9db078fbf2db3e45c5feeb\")>\nmethod = <function element_to_be_clickable.<locals>._predicate at 0x7f8b6ce2b920>\nmessage = ''\n\n    def until(self, method, message: str = \"\"):\n        \"\"\"Calls the method provided with the driver as an argument until the \\\n        return value does not evaluate to ``False``.\n    \n        :param method: callable(WebDriver)\n        :param message: optional message for :exc:`TimeoutException`\n        :returns: the result of the last call to `method`\n        :raises: :exc:`selenium.common.exceptions.TimeoutException` if timeout occurs\n        \"\"\"\n        screen = None\n        stacktrace = None\n    \n        end_time = time.monotonic() + self._timeout\n        while True:\n            try:\n                value = method(self._driver)\n                if value:\n                    return value\n            except self._ignored_exceptions as exc:\n                screen = getattr(exc, \"screen\", None)\n                stacktrace = getattr(exc, \"stacktrace\", None)\n            time.sleep(self._poll)\n            if time.monotonic() > end_time:\n                break\n>       raise TimeoutException(message, screen, stacktrace)\nE       selenium.common.exceptions.TimeoutException: Message: \nE       Stacktrace:\nE       #0 0x556b5f4ca6b3 <unknown>\nE       #1 0x556b5f1a01e7 <unknown>\nE       #2 0x556b5f1e7566 <unknown>\nE       #3 0x556b5f1e7651 <unknown>\nE       #4 0x556b5f224a74 <unknown>\nE       #5 0x556b5f2090ed <unknown>\nE       #6 0x556b5f222322 <unknown>\nE       #7 0x556b5f208e93 <unknown>\nE       #8 0x556b5f1db934 <unknown>\nE       #9 0x556b5f1dc71e <unknown>\nE       #10 0x556b5f48fcb8 <unknown>\nE       #11 0x556b5f493bf0 <unknown>\nE       #12 0x556b5f49e19c <unknown>\nE       #13 0x556b5f494808 <unknown>\nE       #14 0x556b5f46127f <unknown>\nE       #15 0x556b5f4b8e88 <unknown>\nE       #16 0x556b5f4b9059 <unknown>\nE       #17 0x556b5f4c9843 <unknown>\nE       #18 0x7f1218894b43 <unknown>\n\n.venv/lib/python3.11/site-packages/selenium/webdriver/support/wait.py:95: TimeoutException","steps":[{"name":"Click Login link","time":{"start":1697504549903,"stop":1697504560238,"duration":10335},"status":"broken","statusMessage":"selenium.common.exceptions.TimeoutException: Message: \nStacktrace:\n#0 0x556b5f4ca6b3 <unknown>\n#1 0x556b5f1a01e7 <unknown>\n#2 0x556b5f1e7566 <unknown>\n#3 0x556b5f1e7651 <unknown>\n#4 0x556b5f224a74 <unknown>\n#5 0x556b5f2090ed <unknown>\n#6 0x556b5f222322 <unknown>\n#7 0x556b5f208e93 <unknown>\n#8 0x556b5f1db934 <unknown>\n#9 0x556b5f1dc71e <unknown>\n#10 0x556b5f48fcb8 <unknown>\n#11 0x556b5f493bf0 <unknown>\n#12 0x556b5f49e19c <unknown>\n#13 0x556b5f494808 <unknown>\n#14 0x556b5f46127f <unknown>\n#15 0x556b5f4b8e88 <unknown>\n#16 0x556b5f4b9059 <unknown>\n#17 0x556b5f4c9843 <unknown>\n#18 0x7f1218894b43 <unknown>\n\n","statusTrace":"  File \"/home/runner/work/kisangateway-test/kisangateway-test/.venv/lib/python3.11/site-packages/allure_commons/_allure.py\", line 192, in impl\n    return func(*a, **kw)\n           ^^^^^^^^^^^^^^\n  File \"/home/runner/work/kisangateway-test/kisangateway-test/pages/about_page.py\", line 20, in click_login_link\n    self.click(self.LOGIN_LINK)\n  File \"/home/runner/work/kisangateway-test/kisangateway-test/pages/base_page.py\", line 38, in click\n    el: WebElement = self.wait.until(\n                     ^^^^^^^^^^^^^^^^\n  File \"/home/runner/work/kisangateway-test/kisangateway-test/.venv/lib/python3.11/site-packages/selenium/webdriver/support/wait.py\", line 95, in until\n    raise TimeoutException(message, screen, stacktrace)\n","steps":[],"attachments":[],"parameters":[],"shouldDisplayMessage":true,"stepsCount":0,"attachmentsCount":0,"hasContent":true}],"attachments":[{"uid":"25e339e009701709","name":"public ip address","source":"25e339e009701709.txt","type":"text/plain","size":14},{"uid":"6df6ed15e01a6ed2","name":"Cookies","source":"6df6ed15e01a6ed2.json","type":"application/json","size":2},{"uid":"1048c9eb52d0b76","name":"Session Storage","source":"1048c9eb52d0b76.json","type":"application/json","size":2},{"uid":"9948e22dc8059d35","name":"Local Storage","source":"9948e22dc8059d35.json","type":"application/json","size":2},{"uid":"e4287e3b00d75f68","name":"Console Logs","source":"e4287e3b00d75f68.json","type":"application/json","size":2},{"uid":"822fd6cdb546882d","name":"Full Page Screenshot","source":"822fd6cdb546882d.png","type":"image/png","size":1496512},{"uid":"59c25154dceb226a","name":"URL","source":"59c25154dceb226a.uri","type":"text/uri-list","size":25},{"uid":"cff55d941d252ef7","name":"Network Logs","source":"cff55d941d252ef7.json","type":"application/json","size":13951}],"parameters":[],"shouldDisplayMessage":true,"stepsCount":1,"attachmentsCount":8,"hasContent":true},"afterStages":[],"labels":[{"name":"feature","value":"Login"},{"name":"epic","value":"Security"},{"name":"severity","value":"blocker"},{"name":"tag","value":"run(order=3)"},{"name":"tag","value":"security"},{"name":"parentSuite","value":"tests"},{"name":"suite","value":"test_login"},{"name":"subSuite","value":"TestLogin"},{"name":"host","value":"fv-az341-360"},{"name":"thread","value":"2071-MainThread"},{"name":"framework","value":"pytest"},{"name":"language","value":"cpython3"},{"name":"package","value":"tests.test_login"},{"name":"resultFormat","value":"allure2"}],"parameters":[{"name":"email","value":"'elias@gmail.com'"},{"name":"password","value":"'12345Tr'"}],"links":[],"hidden":false,"retry":false,"extra":{"severity":"blocker","retries":[],"categories":[{"name":"Test defects","matchedStatuses":[],"flaky":false}],"tags":["run(order=3)","security"]},"source":"24c3cb7933295206.json","parameterValues":["'elias@gmail.com'","'12345Tr'"]}