{"uid":"15364f53c89640df","name":"Rename an existing workspace test","fullName":"tests.test_workspaces.TestWorkspaces#test_rename_workspace","historyId":"d49362deb707221678019bdc76bcec08","time":{"start":1698973322991,"stop":1698973322991,"duration":0},"description":"Rename an existing workspace","descriptionHtml":"<p>Rename an existing workspace</p>\n","status":"broken","statusMessage":"selenium.common.exceptions.TimeoutException: Message: \nStacktrace:\n#0 0x564c4292efb3 <unknown>\n#1 0x564c426024a7 <unknown>\n#2 0x564c42649dd6 <unknown>\n#3 0x564c42649ec1 <unknown>\n#4 0x564c42687354 <unknown>\n#5 0x564c4266b96d <unknown>\n#6 0x564c42684c02 <unknown>\n#7 0x564c4266b713 <unknown>\n#8 0x564c4263e18b <unknown>\n#9 0x564c4263ef7e <unknown>\n#10 0x564c428f48d8 <unknown>\n#11 0x564c428f8800 <unknown>\n#12 0x564c42902cfc <unknown>\n#13 0x564c428f9418 <unknown>\n#14 0x564c428c642f <unknown>\n#15 0x564c4291d4e8 <unknown>\n#16 0x564c4291d6b4 <unknown>\n#17 0x564c4292e143 <unknown>\n#18 0x7f9036094ac3 <unknown>","statusTrace":"self = <tests.test_workspaces.TestWorkspaces object at 0x7ff70d4d48d0>\nsecret_data = {'email': '', 'password': ''}\n\n    @pytest.fixture(autouse=True)\n    def setup_method_fixture(self, secret_data: dict):\n>       login(secret_data, self.about_page, self.login_page)\n\ntests/test_workspaces.py:23: \n_ _ _ _ _ _ _ _ _ _ _ _ _ _ _ _ _ _ _ _ _ _ _ _ _ _ _ _ _ _ _ _ _ _ _ _ _ _ _ _ \ntests/test_workspaces.py:13: in login\n    about_page.click_login_link()\npages/about_page.py:20: in click_login_link\n    self.click(self.LOGIN_LINK)\npages/base_page.py:38: in click\n    el: WebElement = self.wait.until(\n_ _ _ _ _ _ _ _ _ _ _ _ _ _ _ _ _ _ _ _ _ _ _ _ _ _ _ _ _ _ _ _ _ _ _ _ _ _ _ _ \n\nself = <selenium.webdriver.support.wait.WebDriverWait (session=\"a852cd6c5acb11915563ef531a290c74\")>\nmethod = <function element_to_be_clickable.<locals>._predicate at 0x7ff70d3fa480>\nmessage = ''\n\n    def until(self, method, message: str = \"\"):\n        \"\"\"Calls the method provided with the driver as an argument until the \\\n        return value does not evaluate to ``False``.\n    \n        :param method: callable(WebDriver)\n        :param message: optional message for :exc:`TimeoutException`\n        :returns: the result of the last call to `method`\n        :raises: :exc:`selenium.common.exceptions.TimeoutException` if timeout occurs\n        \"\"\"\n        screen = None\n        stacktrace = None\n    \n        end_time = time.monotonic() + self._timeout\n        while True:\n            try:\n                value = method(self._driver)\n                if value:\n                    return value\n            except self._ignored_exceptions as exc:\n                screen = getattr(exc, \"screen\", None)\n                stacktrace = getattr(exc, \"stacktrace\", None)\n            time.sleep(self._poll)\n            if time.monotonic() > end_time:\n                break\n>       raise TimeoutException(message, screen, stacktrace)\nE       selenium.common.exceptions.TimeoutException: Message: \nE       Stacktrace:\nE       #0 0x564c4292efb3 <unknown>\nE       #1 0x564c426024a7 <unknown>\nE       #2 0x564c42649dd6 <unknown>\nE       #3 0x564c42649ec1 <unknown>\nE       #4 0x564c42687354 <unknown>\nE       #5 0x564c4266b96d <unknown>\nE       #6 0x564c42684c02 <unknown>\nE       #7 0x564c4266b713 <unknown>\nE       #8 0x564c4263e18b <unknown>\nE       #9 0x564c4263ef7e <unknown>\nE       #10 0x564c428f48d8 <unknown>\nE       #11 0x564c428f8800 <unknown>\nE       #12 0x564c42902cfc <unknown>\nE       #13 0x564c428f9418 <unknown>\nE       #14 0x564c428c642f <unknown>\nE       #15 0x564c4291d4e8 <unknown>\nE       #16 0x564c4291d6b4 <unknown>\nE       #17 0x564c4292e143 <unknown>\nE       #18 0x7f9036094ac3 <unknown>\n\n.venv/lib/python3.11/site-packages/selenium/webdriver/support/wait.py:95: TimeoutException","flaky":false,"newFailed":false,"newBroken":false,"newPassed":false,"retriesCount":0,"retriesStatusChange":false,"beforeStages":[{"name":"base_url","time":{"start":1698973285632,"stop":1698973285632,"duration":0},"status":"passed","steps":[],"attachments":[],"parameters":[],"shouldDisplayMessage":false,"stepsCount":0,"attachmentsCount":0,"hasContent":false},{"name":"_verify_url","time":{"start":1698973285632,"stop":1698973285632,"duration":0},"status":"passed","steps":[],"attachments":[],"parameters":[],"shouldDisplayMessage":false,"stepsCount":0,"attachmentsCount":0,"hasContent":false},{"name":"secret_data","time":{"start":1698973285632,"stop":1698973285633,"duration":1},"status":"passed","steps":[],"attachments":[],"parameters":[],"shouldDisplayMessage":false,"stepsCount":0,"attachmentsCount":0,"hasContent":false},{"name":"json_data","time":{"start":1698973285633,"stop":1698973285633,"duration":0},"status":"passed","steps":[],"attachments":[],"parameters":[],"shouldDisplayMessage":false,"stepsCount":0,"attachmentsCount":0,"hasContent":false},{"name":"setup_method_fixture","time":{"start":1698973324497,"stop":1698973334751,"duration":10254},"status":"broken","statusMessage":"selenium.common.exceptions.TimeoutException: Message: \nStacktrace:\n#0 0x564c4292efb3 <unknown>\n#1 0x564c426024a7 <unknown>\n#2 0x564c42649dd6 <unknown>\n#3 0x564c42649ec1 <unknown>\n#4 0x564c42687354 <unknown>\n#5 0x564c4266b96d <unknown>\n#6 0x564c42684c02 <unknown>\n#7 0x564c4266b713 <unknown>\n#8 0x564c4263e18b <unknown>\n#9 0x564c4263ef7e <unknown>\n#10 0x564c428f48d8 <unknown>\n#11 0x564c428f8800 <unknown>\n#12 0x564c42902cfc <unknown>\n#13 0x564c428f9418 <unknown>\n#14 0x564c428c642f <unknown>\n#15 0x564c4291d4e8 <unknown>\n#16 0x564c4291d6b4 <unknown>\n#17 0x564c4292e143 <unknown>\n#18 0x7f9036094ac3 <unknown>\n\n","statusTrace":"  File \"/home/runner/work/kisangateway-test/kisangateway-test/.venv/lib/python3.11/site-packages/pluggy/_callers.py\", line 80, in _multicall\n    res = hook_impl.function(*args)\n          ^^^^^^^^^^^^^^^^^^^^^^^^^\n  File \"/home/runner/work/kisangateway-test/kisangateway-test/.venv/lib/python3.11/site-packages/_pytest/fixtures.py\", line 1123, in pytest_fixture_setup\n    result = call_fixture_func(fixturefunc, request, kwargs)\n             ^^^^^^^^^^^^^^^^^^^^^^^^^^^^^^^^^^^^^^^^^^^^^^^\n  File \"/home/runner/work/kisangateway-test/kisangateway-test/.venv/lib/python3.11/site-packages/_pytest/fixtures.py\", line 902, in call_fixture_func\n    fixture_result = fixturefunc(**kwargs)\n                     ^^^^^^^^^^^^^^^^^^^^^\n  File \"/home/runner/work/kisangateway-test/kisangateway-test/tests/test_workspaces.py\", line 23, in setup_method_fixture\n    login(secret_data, self.about_page, self.login_page)\n  File \"/home/runner/work/kisangateway-test/kisangateway-test/tests/test_workspaces.py\", line 13, in login\n    about_page.click_login_link()\n  File \"/home/runner/work/kisangateway-test/kisangateway-test/.venv/lib/python3.11/site-packages/allure_commons/_allure.py\", line 192, in impl\n    return func(*a, **kw)\n           ^^^^^^^^^^^^^^\n  File \"/home/runner/work/kisangateway-test/kisangateway-test/pages/about_page.py\", line 20, in click_login_link\n    self.click(self.LOGIN_LINK)\n  File \"/home/runner/work/kisangateway-test/kisangateway-test/pages/base_page.py\", line 38, in click\n    el: WebElement = self.wait.until(\n                     ^^^^^^^^^^^^^^^^\n  File \"/home/runner/work/kisangateway-test/kisangateway-test/.venv/lib/python3.11/site-packages/selenium/webdriver/support/wait.py\", line 95, in until\n    raise TimeoutException(message, screen, stacktrace)\n","steps":[{"name":"Click Login link","time":{"start":1698973324498,"stop":1698973334751,"duration":10253},"status":"broken","statusMessage":"selenium.common.exceptions.TimeoutException: Message: \nStacktrace:\n#0 0x564c4292efb3 <unknown>\n#1 0x564c426024a7 <unknown>\n#2 0x564c42649dd6 <unknown>\n#3 0x564c42649ec1 <unknown>\n#4 0x564c42687354 <unknown>\n#5 0x564c4266b96d <unknown>\n#6 0x564c42684c02 <unknown>\n#7 0x564c4266b713 <unknown>\n#8 0x564c4263e18b <unknown>\n#9 0x564c4263ef7e <unknown>\n#10 0x564c428f48d8 <unknown>\n#11 0x564c428f8800 <unknown>\n#12 0x564c42902cfc <unknown>\n#13 0x564c428f9418 <unknown>\n#14 0x564c428c642f <unknown>\n#15 0x564c4291d4e8 <unknown>\n#16 0x564c4291d6b4 <unknown>\n#17 0x564c4292e143 <unknown>\n#18 0x7f9036094ac3 <unknown>\n\n","statusTrace":"  File \"/home/runner/work/kisangateway-test/kisangateway-test/.venv/lib/python3.11/site-packages/allure_commons/_allure.py\", line 192, in impl\n    return func(*a, **kw)\n           ^^^^^^^^^^^^^^\n  File \"/home/runner/work/kisangateway-test/kisangateway-test/pages/about_page.py\", line 20, in click_login_link\n    self.click(self.LOGIN_LINK)\n  File \"/home/runner/work/kisangateway-test/kisangateway-test/pages/base_page.py\", line 38, in click\n    el: WebElement = self.wait.until(\n                     ^^^^^^^^^^^^^^^^\n  File \"/home/runner/work/kisangateway-test/kisangateway-test/.venv/lib/python3.11/site-packages/selenium/webdriver/support/wait.py\", line 95, in until\n    raise TimeoutException(message, screen, stacktrace)\n","steps":[],"attachments":[],"parameters":[],"shouldDisplayMessage":true,"stepsCount":0,"attachmentsCount":0,"hasContent":true}],"attachments":[],"parameters":[],"shouldDisplayMessage":false,"stepsCount":1,"attachmentsCount":0,"hasContent":true}],"testStage":{"description":"Rename an existing workspace","status":"broken","statusMessage":"selenium.common.exceptions.TimeoutException: Message: \nStacktrace:\n#0 0x564c4292efb3 <unknown>\n#1 0x564c426024a7 <unknown>\n#2 0x564c42649dd6 <unknown>\n#3 0x564c42649ec1 <unknown>\n#4 0x564c42687354 <unknown>\n#5 0x564c4266b96d <unknown>\n#6 0x564c42684c02 <unknown>\n#7 0x564c4266b713 <unknown>\n#8 0x564c4263e18b <unknown>\n#9 0x564c4263ef7e <unknown>\n#10 0x564c428f48d8 <unknown>\n#11 0x564c428f8800 <unknown>\n#12 0x564c42902cfc <unknown>\n#13 0x564c428f9418 <unknown>\n#14 0x564c428c642f <unknown>\n#15 0x564c4291d4e8 <unknown>\n#16 0x564c4291d6b4 <unknown>\n#17 0x564c4292e143 <unknown>\n#18 0x7f9036094ac3 <unknown>","statusTrace":"self = <tests.test_workspaces.TestWorkspaces object at 0x7ff70d4d48d0>\nsecret_data = {'email': '', 'password': ''}\n\n    @pytest.fixture(autouse=True)\n    def setup_method_fixture(self, secret_data: dict):\n>       login(secret_data, self.about_page, self.login_page)\n\ntests/test_workspaces.py:23: \n_ _ _ _ _ _ _ _ _ _ _ _ _ _ _ _ _ _ _ _ _ _ _ _ _ _ _ _ _ _ _ _ _ _ _ _ _ _ _ _ \ntests/test_workspaces.py:13: in login\n    about_page.click_login_link()\npages/about_page.py:20: in click_login_link\n    self.click(self.LOGIN_LINK)\npages/base_page.py:38: in click\n    el: WebElement = self.wait.until(\n_ _ _ _ _ _ _ _ _ _ _ _ _ _ _ _ _ _ _ _ _ _ _ _ _ _ _ _ _ _ _ _ _ _ _ _ _ _ _ _ \n\nself = <selenium.webdriver.support.wait.WebDriverWait (session=\"a852cd6c5acb11915563ef531a290c74\")>\nmethod = <function element_to_be_clickable.<locals>._predicate at 0x7ff70d3fa480>\nmessage = ''\n\n    def until(self, method, message: str = \"\"):\n        \"\"\"Calls the method provided with the driver as an argument until the \\\n        return value does not evaluate to ``False``.\n    \n        :param method: callable(WebDriver)\n        :param message: optional message for :exc:`TimeoutException`\n        :returns: the result of the last call to `method`\n        :raises: :exc:`selenium.common.exceptions.TimeoutException` if timeout occurs\n        \"\"\"\n        screen = None\n        stacktrace = None\n    \n        end_time = time.monotonic() + self._timeout\n        while True:\n            try:\n                value = method(self._driver)\n                if value:\n                    return value\n            except self._ignored_exceptions as exc:\n                screen = getattr(exc, \"screen\", None)\n                stacktrace = getattr(exc, \"stacktrace\", None)\n            time.sleep(self._poll)\n            if time.monotonic() > end_time:\n                break\n>       raise TimeoutException(message, screen, stacktrace)\nE       selenium.common.exceptions.TimeoutException: Message: \nE       Stacktrace:\nE       #0 0x564c4292efb3 <unknown>\nE       #1 0x564c426024a7 <unknown>\nE       #2 0x564c42649dd6 <unknown>\nE       #3 0x564c42649ec1 <unknown>\nE       #4 0x564c42687354 <unknown>\nE       #5 0x564c4266b96d <unknown>\nE       #6 0x564c42684c02 <unknown>\nE       #7 0x564c4266b713 <unknown>\nE       #8 0x564c4263e18b <unknown>\nE       #9 0x564c4263ef7e <unknown>\nE       #10 0x564c428f48d8 <unknown>\nE       #11 0x564c428f8800 <unknown>\nE       #12 0x564c42902cfc <unknown>\nE       #13 0x564c428f9418 <unknown>\nE       #14 0x564c428c642f <unknown>\nE       #15 0x564c4291d4e8 <unknown>\nE       #16 0x564c4291d6b4 <unknown>\nE       #17 0x564c4292e143 <unknown>\nE       #18 0x7f9036094ac3 <unknown>\n\n.venv/lib/python3.11/site-packages/selenium/webdriver/support/wait.py:95: TimeoutException","steps":[],"attachments":[{"uid":"4ade2d39de8c28fa","name":"public ip address","source":"4ade2d39de8c28fa.txt","type":"text/plain","size":12},{"uid":"683a3c9f2547d0a0","name":"Cookies","source":"683a3c9f2547d0a0.json","type":"application/json","size":2},{"uid":"7651da43a8d883ab","name":"Session Storage","source":"7651da43a8d883ab.json","type":"application/json","size":2},{"uid":"8dc44769360ed7d5","name":"Local Storage","source":"8dc44769360ed7d5.json","type":"application/json","size":2},{"uid":"de9e6927491b6d76","name":"Console Logs","source":"de9e6927491b6d76.json","type":"application/json","size":2},{"uid":"7ef365ff0c41be19","name":"Full Page Screenshot","source":"7ef365ff0c41be19.png","type":"image/png","size":1496512},{"uid":"955efd49fccb445e","name":"URL","source":"955efd49fccb445e.uri","type":"text/uri-list","size":25},{"uid":"e14b87e6baf014d9","name":"Network Logs","source":"e14b87e6baf014d9.json","type":"application/json","size":13995}],"parameters":[],"shouldDisplayMessage":true,"stepsCount":0,"attachmentsCount":8,"hasContent":true},"afterStages":[],"labels":[{"name":"story","value":"WorkSpaces Creation and Editing Functionality"},{"name":"epic","value":"Workspaces"},{"name":"severity","value":"normal"},{"name":"tag","value":"run(order=2)"},{"name":"parentSuite","value":"tests"},{"name":"suite","value":"test_workspaces"},{"name":"subSuite","value":"TestWorkspaces"},{"name":"host","value":"fv-az552-264"},{"name":"thread","value":"2167-MainThread"},{"name":"framework","value":"pytest"},{"name":"language","value":"cpython3"},{"name":"package","value":"tests.test_workspaces"},{"name":"resultFormat","value":"allure2"}],"parameters":[],"links":[],"hidden":false,"retry":false,"extra":{"severity":"normal","retries":[],"categories":[{"name":"Test defects","matchedStatuses":[],"flaky":false}],"tags":["run(order=2)"]},"source":"15364f53c89640df.json","parameterValues":[]}