{"uid":"7b9260bfc810cf2a","name":"Login with valid credentials test","fullName":"tests.test_login.TestLogin#test_valid_login","historyId":"e7f254b9bfd5f2bc8d4a1ffa6dc7aebb","time":{"start":1695603640092,"stop":1695603650395,"duration":10303},"description":"valid login","descriptionHtml":"<p>valid login</p>\n","status":"broken","statusMessage":"selenium.common.exceptions.TimeoutException: Message: \nStacktrace:\n#0 0x55cafda086c3 <unknown>\n#1 0x55cafd6de1e7 <unknown>\n#2 0x55cafd725566 <unknown>\n#3 0x55cafd725651 <unknown>\n#4 0x55cafd762a74 <unknown>\n#5 0x55cafd7470ed <unknown>\n#6 0x55cafd760322 <unknown>\n#7 0x55cafd746e93 <unknown>\n#8 0x55cafd719934 <unknown>\n#9 0x55cafd71a71e <unknown>\n#10 0x55cafd9cdcc8 <unknown>\n#11 0x55cafd9d1c00 <unknown>\n#12 0x55cafd9dc1ac <unknown>\n#13 0x55cafd9d2818 <unknown>\n#14 0x55cafd99f28f <unknown>\n#15 0x55cafd9f6e98 <unknown>\n#16 0x55cafd9f7069 <unknown>\n#17 0x55cafda07853 <unknown>\n#18 0x7f2f84c94b43 <unknown>","statusTrace":"self = <tests.test_login.TestLogin object at 0x7fcb73781a10>\nsecret_data = {'email': '', 'password': ''}\njson_data = {'forgot_password': {'error_message': \"We can't find a user with that e-mail address.\", 'success_message': 'A reset li...you page', 'name': 'test', 'new_name': 'another test', 'no_project_found_msg': 'No project matches the criteria', ...}}\n\n    @allure.description(\"valid login\")\n    @allure.title(\"Login with valid credentials test\")\n    @allure.tag(\"Tagged test\")\n    @pytest.mark.run(order=1)\n    def test_valid_login(self, secret_data: dict, json_data: dict):\n>       self.about_page.click_login_link()\n\ntests/test_login.py:39: \n_ _ _ _ _ _ _ _ _ _ _ _ _ _ _ _ _ _ _ _ _ _ _ _ _ _ _ _ _ _ _ _ _ _ _ _ _ _ _ _ \npages/about_page.py:20: in click_login_link\n    self.click(self.LOGIN_LINK)\npages/base_page.py:38: in click\n    el: WebElement = self.wait.until(\n_ _ _ _ _ _ _ _ _ _ _ _ _ _ _ _ _ _ _ _ _ _ _ _ _ _ _ _ _ _ _ _ _ _ _ _ _ _ _ _ \n\nself = <selenium.webdriver.support.wait.WebDriverWait (session=\"38cda9e23a8223abe21e4727999ddead\")>\nmethod = <function element_to_be_clickable.<locals>._predicate at 0x7fcb737a9300>\nmessage = ''\n\n    def until(self, method, message: str = \"\"):\n        \"\"\"Calls the method provided with the driver as an argument until the \\\n        return value does not evaluate to ``False``.\n    \n        :param method: callable(WebDriver)\n        :param message: optional message for :exc:`TimeoutException`\n        :returns: the result of the last call to `method`\n        :raises: :exc:`selenium.common.exceptions.TimeoutException` if timeout occurs\n        \"\"\"\n        screen = None\n        stacktrace = None\n    \n        end_time = time.monotonic() + self._timeout\n        while True:\n            try:\n                value = method(self._driver)\n                if value:\n                    return value\n            except self._ignored_exceptions as exc:\n                screen = getattr(exc, \"screen\", None)\n                stacktrace = getattr(exc, \"stacktrace\", None)\n            time.sleep(self._poll)\n            if time.monotonic() > end_time:\n                break\n>       raise TimeoutException(message, screen, stacktrace)\nE       selenium.common.exceptions.TimeoutException: Message: \nE       Stacktrace:\nE       #0 0x55cafda086c3 <unknown>\nE       #1 0x55cafd6de1e7 <unknown>\nE       #2 0x55cafd725566 <unknown>\nE       #3 0x55cafd725651 <unknown>\nE       #4 0x55cafd762a74 <unknown>\nE       #5 0x55cafd7470ed <unknown>\nE       #6 0x55cafd760322 <unknown>\nE       #7 0x55cafd746e93 <unknown>\nE       #8 0x55cafd719934 <unknown>\nE       #9 0x55cafd71a71e <unknown>\nE       #10 0x55cafd9cdcc8 <unknown>\nE       #11 0x55cafd9d1c00 <unknown>\nE       #12 0x55cafd9dc1ac <unknown>\nE       #13 0x55cafd9d2818 <unknown>\nE       #14 0x55cafd99f28f <unknown>\nE       #15 0x55cafd9f6e98 <unknown>\nE       #16 0x55cafd9f7069 <unknown>\nE       #17 0x55cafda07853 <unknown>\nE       #18 0x7f2f84c94b43 <unknown>\n\n.venv/lib/python3.11/site-packages/selenium/webdriver/support/wait.py:95: TimeoutException","flaky":false,"newFailed":false,"newBroken":false,"newPassed":false,"retriesCount":0,"retriesStatusChange":false,"beforeStages":[{"name":"base_url","time":{"start":1695603640091,"stop":1695603640091,"duration":0},"status":"passed","steps":[],"attachments":[],"parameters":[],"shouldDisplayMessage":false,"stepsCount":0,"attachmentsCount":0,"hasContent":false},{"name":"_verify_url","time":{"start":1695603640091,"stop":1695603640091,"duration":0},"status":"passed","steps":[],"attachments":[],"parameters":[],"shouldDisplayMessage":false,"stepsCount":0,"attachmentsCount":0,"hasContent":false},{"name":"secret_data","time":{"start":1695603640091,"stop":1695603640092,"duration":1},"status":"passed","steps":[],"attachments":[],"parameters":[],"shouldDisplayMessage":false,"stepsCount":0,"attachmentsCount":0,"hasContent":false},{"name":"json_data","time":{"start":1695603640092,"stop":1695603640092,"duration":0},"status":"passed","steps":[],"attachments":[],"parameters":[],"shouldDisplayMessage":false,"stepsCount":0,"attachmentsCount":0,"hasContent":false}],"testStage":{"description":"valid login","status":"broken","statusMessage":"selenium.common.exceptions.TimeoutException: Message: \nStacktrace:\n#0 0x55cafda086c3 <unknown>\n#1 0x55cafd6de1e7 <unknown>\n#2 0x55cafd725566 <unknown>\n#3 0x55cafd725651 <unknown>\n#4 0x55cafd762a74 <unknown>\n#5 0x55cafd7470ed <unknown>\n#6 0x55cafd760322 <unknown>\n#7 0x55cafd746e93 <unknown>\n#8 0x55cafd719934 <unknown>\n#9 0x55cafd71a71e <unknown>\n#10 0x55cafd9cdcc8 <unknown>\n#11 0x55cafd9d1c00 <unknown>\n#12 0x55cafd9dc1ac <unknown>\n#13 0x55cafd9d2818 <unknown>\n#14 0x55cafd99f28f <unknown>\n#15 0x55cafd9f6e98 <unknown>\n#16 0x55cafd9f7069 <unknown>\n#17 0x55cafda07853 <unknown>\n#18 0x7f2f84c94b43 <unknown>","statusTrace":"self = <tests.test_login.TestLogin object at 0x7fcb73781a10>\nsecret_data = {'email': '', 'password': ''}\njson_data = {'forgot_password': {'error_message': \"We can't find a user with that e-mail address.\", 'success_message': 'A reset li...you page', 'name': 'test', 'new_name': 'another test', 'no_project_found_msg': 'No project matches the criteria', ...}}\n\n    @allure.description(\"valid login\")\n    @allure.title(\"Login with valid credentials test\")\n    @allure.tag(\"Tagged test\")\n    @pytest.mark.run(order=1)\n    def test_valid_login(self, secret_data: dict, json_data: dict):\n>       self.about_page.click_login_link()\n\ntests/test_login.py:39: \n_ _ _ _ _ _ _ _ _ _ _ _ _ _ _ _ _ _ _ _ _ _ _ _ _ _ _ _ _ _ _ _ _ _ _ _ _ _ _ _ \npages/about_page.py:20: in click_login_link\n    self.click(self.LOGIN_LINK)\npages/base_page.py:38: in click\n    el: WebElement = self.wait.until(\n_ _ _ _ _ _ _ _ _ _ _ _ _ _ _ _ _ _ _ _ _ _ _ _ _ _ _ _ _ _ _ _ _ _ _ _ _ _ _ _ \n\nself = <selenium.webdriver.support.wait.WebDriverWait (session=\"38cda9e23a8223abe21e4727999ddead\")>\nmethod = <function element_to_be_clickable.<locals>._predicate at 0x7fcb737a9300>\nmessage = ''\n\n    def until(self, method, message: str = \"\"):\n        \"\"\"Calls the method provided with the driver as an argument until the \\\n        return value does not evaluate to ``False``.\n    \n        :param method: callable(WebDriver)\n        :param message: optional message for :exc:`TimeoutException`\n        :returns: the result of the last call to `method`\n        :raises: :exc:`selenium.common.exceptions.TimeoutException` if timeout occurs\n        \"\"\"\n        screen = None\n        stacktrace = None\n    \n        end_time = time.monotonic() + self._timeout\n        while True:\n            try:\n                value = method(self._driver)\n                if value:\n                    return value\n            except self._ignored_exceptions as exc:\n                screen = getattr(exc, \"screen\", None)\n                stacktrace = getattr(exc, \"stacktrace\", None)\n            time.sleep(self._poll)\n            if time.monotonic() > end_time:\n                break\n>       raise TimeoutException(message, screen, stacktrace)\nE       selenium.common.exceptions.TimeoutException: Message: \nE       Stacktrace:\nE       #0 0x55cafda086c3 <unknown>\nE       #1 0x55cafd6de1e7 <unknown>\nE       #2 0x55cafd725566 <unknown>\nE       #3 0x55cafd725651 <unknown>\nE       #4 0x55cafd762a74 <unknown>\nE       #5 0x55cafd7470ed <unknown>\nE       #6 0x55cafd760322 <unknown>\nE       #7 0x55cafd746e93 <unknown>\nE       #8 0x55cafd719934 <unknown>\nE       #9 0x55cafd71a71e <unknown>\nE       #10 0x55cafd9cdcc8 <unknown>\nE       #11 0x55cafd9d1c00 <unknown>\nE       #12 0x55cafd9dc1ac <unknown>\nE       #13 0x55cafd9d2818 <unknown>\nE       #14 0x55cafd99f28f <unknown>\nE       #15 0x55cafd9f6e98 <unknown>\nE       #16 0x55cafd9f7069 <unknown>\nE       #17 0x55cafda07853 <unknown>\nE       #18 0x7f2f84c94b43 <unknown>\n\n.venv/lib/python3.11/site-packages/selenium/webdriver/support/wait.py:95: TimeoutException","steps":[{"name":"Click Login link","time":{"start":1695603640093,"stop":1695603650394,"duration":10301},"status":"broken","statusMessage":"selenium.common.exceptions.TimeoutException: Message: \nStacktrace:\n#0 0x55cafda086c3 <unknown>\n#1 0x55cafd6de1e7 <unknown>\n#2 0x55cafd725566 <unknown>\n#3 0x55cafd725651 <unknown>\n#4 0x55cafd762a74 <unknown>\n#5 0x55cafd7470ed <unknown>\n#6 0x55cafd760322 <unknown>\n#7 0x55cafd746e93 <unknown>\n#8 0x55cafd719934 <unknown>\n#9 0x55cafd71a71e <unknown>\n#10 0x55cafd9cdcc8 <unknown>\n#11 0x55cafd9d1c00 <unknown>\n#12 0x55cafd9dc1ac <unknown>\n#13 0x55cafd9d2818 <unknown>\n#14 0x55cafd99f28f <unknown>\n#15 0x55cafd9f6e98 <unknown>\n#16 0x55cafd9f7069 <unknown>\n#17 0x55cafda07853 <unknown>\n#18 0x7f2f84c94b43 <unknown>\n\n","statusTrace":"  File \"/home/runner/work/kisangateway-test/kisangateway-test/.venv/lib/python3.11/site-packages/allure_commons/_allure.py\", line 192, in impl\n    return func(*a, **kw)\n           ^^^^^^^^^^^^^^\n  File \"/home/runner/work/kisangateway-test/kisangateway-test/pages/about_page.py\", line 20, in click_login_link\n    self.click(self.LOGIN_LINK)\n  File \"/home/runner/work/kisangateway-test/kisangateway-test/pages/base_page.py\", line 38, in click\n    el: WebElement = self.wait.until(\n                     ^^^^^^^^^^^^^^^^\n  File \"/home/runner/work/kisangateway-test/kisangateway-test/.venv/lib/python3.11/site-packages/selenium/webdriver/support/wait.py\", line 95, in until\n    raise TimeoutException(message, screen, stacktrace)\n","steps":[],"attachments":[],"parameters":[],"shouldDisplayMessage":true,"stepsCount":0,"attachmentsCount":0,"hasContent":true}],"attachments":[{"uid":"19a6df5adf1db5ed","name":"public ip address","source":"19a6df5adf1db5ed.txt","type":"text/plain","size":13},{"uid":"7bf259dbc79a7bdd","name":"Cookies","source":"7bf259dbc79a7bdd.json","type":"application/json","size":2},{"uid":"15982bca7e595bec","name":"Session Storage","source":"15982bca7e595bec.json","type":"application/json","size":2},{"uid":"7a0a0819695b7ea3","name":"Local Storage","source":"7a0a0819695b7ea3.json","type":"application/json","size":2},{"uid":"dde2af1aa5fa2948","name":"Console Logs","source":"dde2af1aa5fa2948.json","type":"application/json","size":823},{"uid":"5826f5927257c07f","name":"Full Page Screenshot","source":"5826f5927257c07f.png","type":"image/png","size":1543603},{"uid":"985ef46f418cc6a2","name":"URL","source":"985ef46f418cc6a2.uri","type":"text/uri-list","size":25},{"uid":"9d1ba32e69464ffb","name":"Network Logs","source":"9d1ba32e69464ffb.json","type":"application/json","size":2}],"parameters":[],"shouldDisplayMessage":true,"stepsCount":1,"attachmentsCount":8,"hasContent":true},"afterStages":[],"labels":[{"name":"feature","value":"Login"},{"name":"tag","value":"Tagged test"},{"name":"epic","value":"Security"},{"name":"severity","value":"blocker"},{"name":"tag","value":"run(order=1)"},{"name":"tag","value":"security"},{"name":"parentSuite","value":"tests"},{"name":"suite","value":"test_login"},{"name":"subSuite","value":"TestLogin"},{"name":"host","value":"fv-az590-643"},{"name":"thread","value":"2095-MainThread"},{"name":"framework","value":"pytest"},{"name":"language","value":"cpython3"},{"name":"package","value":"tests.test_login"},{"name":"resultFormat","value":"allure2"}],"parameters":[],"links":[],"hidden":false,"retry":false,"extra":{"severity":"blocker","retries":[],"categories":[{"name":"Test defects","matchedStatuses":[],"flaky":false}],"tags":["security","Tagged test","run(order=1)"]},"source":"7b9260bfc810cf2a.json","parameterValues":[]}