{"uid":"5add3cc3b14e21ef","name":"Forgot Password with invalid email test","fullName":"tests.test_forgot_password.TestForgotPassword#test_invalid_email","historyId":"3743e16c5d15da2a1434ee4e2dd39a43","time":{"start":1704071544097,"stop":1704071554363,"duration":10266},"description":"Forgot Password with invalid email address","descriptionHtml":"<p>Forgot Password with invalid email address</p>\n","status":"broken","statusMessage":"selenium.common.exceptions.TimeoutException: Message: \nStacktrace:\n#0 0x55fbfa483d33 <unknown>\n#1 0x55fbfa140f87 <unknown>\n#2 0x55fbfa190c0e <unknown>\n#3 0x55fbfa190d11 <unknown>\n#4 0x55fbfa1dc004 <unknown>\n#5 0x55fbfa1ba36d <unknown>\n#6 0x55fbfa1d9297 <unknown>\n#7 0x55fbfa1ba0e3 <unknown>\n#8 0x55fbfa182044 <unknown>\n#9 0x55fbfa18344e <unknown>\n#10 0x55fbfa448861 <unknown>\n#11 0x55fbfa44c785 <unknown>\n#12 0x55fbfa436285 <unknown>\n#13 0x55fbfa44d41f <unknown>\n#14 0x55fbfa41a20f <unknown>\n#15 0x55fbfa471028 <unknown>\n#16 0x55fbfa4711f7 <unknown>\n#17 0x55fbfa482ed4 <unknown>\n#18 0x7f02a6c94ac3 <unknown>","statusTrace":"self = <tests.test_forgot_password.TestForgotPassword object at 0x7f72448bdb10>\nexcel_reader = <utils.excel_parser.ExcelParser object at 0x7f72447fb2d0>\njson_data = {'forgot_password': {'error_message': \"We can't find a user with that e-mail address.\", 'success_message': 'A reset li...you page', 'name': 'test', 'new_name': 'another test', 'no_project_found_msg': 'No project matches the criteria', ...}}\n\n    @allure.description(\"Forgot Password with invalid email address\")\n    @allure.title(\"Forgot Password with invalid email test\")\n    def test_invalid_email(self, excel_reader, json_data: dict):\n        emails = excel_reader.read_from_excel(\"Emails\")\n>       self.about_page.click_login_link()\n\ntests/test_forgot_password.py:31: \n_ _ _ _ _ _ _ _ _ _ _ _ _ _ _ _ _ _ _ _ _ _ _ _ _ _ _ _ _ _ _ _ _ _ _ _ _ _ _ _ \npages/about_page.py:20: in click_login_link\n    self.click(self.LOGIN_LINK)\npages/base_page.py:38: in click\n    el: WebElement = self.wait.until(\n_ _ _ _ _ _ _ _ _ _ _ _ _ _ _ _ _ _ _ _ _ _ _ _ _ _ _ _ _ _ _ _ _ _ _ _ _ _ _ _ \n\nself = <selenium.webdriver.support.wait.WebDriverWait (session=\"9e663a4e0be8aefbf18b37722160d1b6\")>\nmethod = <function element_to_be_clickable.<locals>._predicate at 0x7f7244755a80>\nmessage = ''\n\n    def until(self, method, message: str = \"\"):\n        \"\"\"Calls the method provided with the driver as an argument until the \\\n        return value does not evaluate to ``False``.\n    \n        :param method: callable(WebDriver)\n        :param message: optional message for :exc:`TimeoutException`\n        :returns: the result of the last call to `method`\n        :raises: :exc:`selenium.common.exceptions.TimeoutException` if timeout occurs\n        \"\"\"\n        screen = None\n        stacktrace = None\n    \n        end_time = time.monotonic() + self._timeout\n        while True:\n            try:\n                value = method(self._driver)\n                if value:\n                    return value\n            except self._ignored_exceptions as exc:\n                screen = getattr(exc, \"screen\", None)\n                stacktrace = getattr(exc, \"stacktrace\", None)\n            time.sleep(self._poll)\n            if time.monotonic() > end_time:\n                break\n>       raise TimeoutException(message, screen, stacktrace)\nE       selenium.common.exceptions.TimeoutException: Message: \nE       Stacktrace:\nE       #0 0x55fbfa483d33 <unknown>\nE       #1 0x55fbfa140f87 <unknown>\nE       #2 0x55fbfa190c0e <unknown>\nE       #3 0x55fbfa190d11 <unknown>\nE       #4 0x55fbfa1dc004 <unknown>\nE       #5 0x55fbfa1ba36d <unknown>\nE       #6 0x55fbfa1d9297 <unknown>\nE       #7 0x55fbfa1ba0e3 <unknown>\nE       #8 0x55fbfa182044 <unknown>\nE       #9 0x55fbfa18344e <unknown>\nE       #10 0x55fbfa448861 <unknown>\nE       #11 0x55fbfa44c785 <unknown>\nE       #12 0x55fbfa436285 <unknown>\nE       #13 0x55fbfa44d41f <unknown>\nE       #14 0x55fbfa41a20f <unknown>\nE       #15 0x55fbfa471028 <unknown>\nE       #16 0x55fbfa4711f7 <unknown>\nE       #17 0x55fbfa482ed4 <unknown>\nE       #18 0x7f02a6c94ac3 <unknown>\n\n.venv/lib/python3.11/site-packages/selenium/webdriver/support/wait.py:95: TimeoutException","flaky":false,"newFailed":false,"newBroken":false,"newPassed":false,"retriesCount":0,"retriesStatusChange":false,"beforeStages":[{"name":"base_url","time":{"start":1704071368606,"stop":1704071368606,"duration":0},"status":"passed","steps":[],"attachments":[],"parameters":[],"shouldDisplayMessage":false,"stepsCount":0,"attachmentsCount":0,"hasContent":false,"attachmentStep":false},{"name":"_verify_url","time":{"start":1704071368606,"stop":1704071368606,"duration":0},"status":"passed","steps":[],"attachments":[],"parameters":[],"shouldDisplayMessage":false,"stepsCount":0,"attachmentsCount":0,"hasContent":false,"attachmentStep":false},{"name":"json_data","time":{"start":1704071368607,"stop":1704071368607,"duration":0},"status":"passed","steps":[],"attachments":[],"parameters":[],"shouldDisplayMessage":false,"stepsCount":0,"attachmentsCount":0,"hasContent":false,"attachmentStep":false},{"name":"excel_reader","time":{"start":1704071544097,"stop":1704071544097,"duration":0},"status":"passed","steps":[],"attachments":[],"parameters":[],"shouldDisplayMessage":false,"stepsCount":0,"attachmentsCount":0,"hasContent":false,"attachmentStep":false}],"testStage":{"description":"Forgot Password with invalid email address","status":"broken","statusMessage":"selenium.common.exceptions.TimeoutException: Message: \nStacktrace:\n#0 0x55fbfa483d33 <unknown>\n#1 0x55fbfa140f87 <unknown>\n#2 0x55fbfa190c0e <unknown>\n#3 0x55fbfa190d11 <unknown>\n#4 0x55fbfa1dc004 <unknown>\n#5 0x55fbfa1ba36d <unknown>\n#6 0x55fbfa1d9297 <unknown>\n#7 0x55fbfa1ba0e3 <unknown>\n#8 0x55fbfa182044 <unknown>\n#9 0x55fbfa18344e <unknown>\n#10 0x55fbfa448861 <unknown>\n#11 0x55fbfa44c785 <unknown>\n#12 0x55fbfa436285 <unknown>\n#13 0x55fbfa44d41f <unknown>\n#14 0x55fbfa41a20f <unknown>\n#15 0x55fbfa471028 <unknown>\n#16 0x55fbfa4711f7 <unknown>\n#17 0x55fbfa482ed4 <unknown>\n#18 0x7f02a6c94ac3 <unknown>","statusTrace":"self = <tests.test_forgot_password.TestForgotPassword object at 0x7f72448bdb10>\nexcel_reader = <utils.excel_parser.ExcelParser object at 0x7f72447fb2d0>\njson_data = {'forgot_password': {'error_message': \"We can't find a user with that e-mail address.\", 'success_message': 'A reset li...you page', 'name': 'test', 'new_name': 'another test', 'no_project_found_msg': 'No project matches the criteria', ...}}\n\n    @allure.description(\"Forgot Password with invalid email address\")\n    @allure.title(\"Forgot Password with invalid email test\")\n    def test_invalid_email(self, excel_reader, json_data: dict):\n        emails = excel_reader.read_from_excel(\"Emails\")\n>       self.about_page.click_login_link()\n\ntests/test_forgot_password.py:31: \n_ _ _ _ _ _ _ _ _ _ _ _ _ _ _ _ _ _ _ _ _ _ _ _ _ _ _ _ _ _ _ _ _ _ _ _ _ _ _ _ \npages/about_page.py:20: in click_login_link\n    self.click(self.LOGIN_LINK)\npages/base_page.py:38: in click\n    el: WebElement = self.wait.until(\n_ _ _ _ _ _ _ _ _ _ _ _ _ _ _ _ _ _ _ _ _ _ _ _ _ _ _ _ _ _ _ _ _ _ _ _ _ _ _ _ \n\nself = <selenium.webdriver.support.wait.WebDriverWait (session=\"9e663a4e0be8aefbf18b37722160d1b6\")>\nmethod = <function element_to_be_clickable.<locals>._predicate at 0x7f7244755a80>\nmessage = ''\n\n    def until(self, method, message: str = \"\"):\n        \"\"\"Calls the method provided with the driver as an argument until the \\\n        return value does not evaluate to ``False``.\n    \n        :param method: callable(WebDriver)\n        :param message: optional message for :exc:`TimeoutException`\n        :returns: the result of the last call to `method`\n        :raises: :exc:`selenium.common.exceptions.TimeoutException` if timeout occurs\n        \"\"\"\n        screen = None\n        stacktrace = None\n    \n        end_time = time.monotonic() + self._timeout\n        while True:\n            try:\n                value = method(self._driver)\n                if value:\n                    return value\n            except self._ignored_exceptions as exc:\n                screen = getattr(exc, \"screen\", None)\n                stacktrace = getattr(exc, \"stacktrace\", None)\n            time.sleep(self._poll)\n            if time.monotonic() > end_time:\n                break\n>       raise TimeoutException(message, screen, stacktrace)\nE       selenium.common.exceptions.TimeoutException: Message: \nE       Stacktrace:\nE       #0 0x55fbfa483d33 <unknown>\nE       #1 0x55fbfa140f87 <unknown>\nE       #2 0x55fbfa190c0e <unknown>\nE       #3 0x55fbfa190d11 <unknown>\nE       #4 0x55fbfa1dc004 <unknown>\nE       #5 0x55fbfa1ba36d <unknown>\nE       #6 0x55fbfa1d9297 <unknown>\nE       #7 0x55fbfa1ba0e3 <unknown>\nE       #8 0x55fbfa182044 <unknown>\nE       #9 0x55fbfa18344e <unknown>\nE       #10 0x55fbfa448861 <unknown>\nE       #11 0x55fbfa44c785 <unknown>\nE       #12 0x55fbfa436285 <unknown>\nE       #13 0x55fbfa44d41f <unknown>\nE       #14 0x55fbfa41a20f <unknown>\nE       #15 0x55fbfa471028 <unknown>\nE       #16 0x55fbfa4711f7 <unknown>\nE       #17 0x55fbfa482ed4 <unknown>\nE       #18 0x7f02a6c94ac3 <unknown>\n\n.venv/lib/python3.11/site-packages/selenium/webdriver/support/wait.py:95: TimeoutException","steps":[{"name":"Click Login link","time":{"start":1704071544102,"stop":1704071554362,"duration":10260},"status":"broken","statusMessage":"selenium.common.exceptions.TimeoutException: Message: \nStacktrace:\n#0 0x55fbfa483d33 <unknown>\n#1 0x55fbfa140f87 <unknown>\n#2 0x55fbfa190c0e <unknown>\n#3 0x55fbfa190d11 <unknown>\n#4 0x55fbfa1dc004 <unknown>\n#5 0x55fbfa1ba36d <unknown>\n#6 0x55fbfa1d9297 <unknown>\n#7 0x55fbfa1ba0e3 <unknown>\n#8 0x55fbfa182044 <unknown>\n#9 0x55fbfa18344e <unknown>\n#10 0x55fbfa448861 <unknown>\n#11 0x55fbfa44c785 <unknown>\n#12 0x55fbfa436285 <unknown>\n#13 0x55fbfa44d41f <unknown>\n#14 0x55fbfa41a20f <unknown>\n#15 0x55fbfa471028 <unknown>\n#16 0x55fbfa4711f7 <unknown>\n#17 0x55fbfa482ed4 <unknown>\n#18 0x7f02a6c94ac3 <unknown>\n\n","statusTrace":"  File \"/home/runner/work/kisangateway-test/kisangateway-test/.venv/lib/python3.11/site-packages/allure_commons/_allure.py\", line 192, in impl\n    return func(*a, **kw)\n           ^^^^^^^^^^^^^^\n  File \"/home/runner/work/kisangateway-test/kisangateway-test/pages/about_page.py\", line 20, in click_login_link\n    self.click(self.LOGIN_LINK)\n  File \"/home/runner/work/kisangateway-test/kisangateway-test/pages/base_page.py\", line 38, in click\n    el: WebElement = self.wait.until(\n                     ^^^^^^^^^^^^^^^^\n  File \"/home/runner/work/kisangateway-test/kisangateway-test/.venv/lib/python3.11/site-packages/selenium/webdriver/support/wait.py\", line 95, in until\n    raise TimeoutException(message, screen, stacktrace)\n","steps":[],"attachments":[],"parameters":[],"shouldDisplayMessage":true,"stepsCount":0,"attachmentsCount":0,"hasContent":true,"attachmentStep":false}],"attachments":[{"uid":"3f251d4d14522964","name":"public ip address","source":"3f251d4d14522964.txt","type":"text/plain","size":13},{"uid":"39acde6c64e8758","name":"Cookies","source":"39acde6c64e8758.json","type":"application/json","size":2},{"uid":"c6a4f08ad8cd3a64","name":"Session Storage","source":"c6a4f08ad8cd3a64.json","type":"application/json","size":2},{"uid":"f315e6cb6c8ce039","name":"Local Storage","source":"f315e6cb6c8ce039.json","type":"application/json","size":2},{"uid":"d0a2d8b46d25d043","name":"Console Logs","source":"d0a2d8b46d25d043.json","type":"application/json","size":2},{"uid":"1c16fb4337b9458","name":"Full Page Screenshot","source":"1c16fb4337b9458.png","type":"image/png","size":2655641},{"uid":"9d1d3c90a4cf2a45","name":"URL","source":"9d1d3c90a4cf2a45.uri","type":"text/uri-list","size":25},{"uid":"75226731776063bb","name":"Network Logs","source":"75226731776063bb.json","type":"application/json","size":13975}],"parameters":[],"shouldDisplayMessage":true,"stepsCount":1,"attachmentsCount":8,"hasContent":true,"attachmentStep":false},"afterStages":[],"labels":[{"name":"severity","value":"critical"},{"name":"epic","value":"Security"},{"name":"parentSuite","value":"Custom parent suite"},{"name":"story","value":"Forgot Password Feature's Functionality"},{"name":"subSuite","value":"Custom sub suite"},{"name":"suite","value":"Custom suite"},{"name":"tag","value":"security"},{"name":"host","value":"fv-az695-453"},{"name":"thread","value":"2278-MainThread"},{"name":"framework","value":"pytest"},{"name":"language","value":"cpython3"},{"name":"package","value":"tests.test_forgot_password"},{"name":"resultFormat","value":"allure2"}],"parameters":[],"links":[],"hidden":false,"retry":false,"extra":{"severity":"critical","retries":[],"categories":[{"name":"Test defects","matchedStatuses":[],"flaky":false}],"tags":["security"]},"source":"5add3cc3b14e21ef.json","parameterValues":[]}