{"uid":"6ae9f7c47eca6718","name":"Delete existing workspace","fullName":"tests.test_workspaces.TestWorkspaces#test_delete_workspace","historyId":"426122535a758ca0ac1fcc53a87d9a4f","time":{"start":1700874163875,"stop":1700874163875,"duration":0},"description":"Delete an existing workspace","descriptionHtml":"<p>Delete an existing workspace</p>\n","status":"broken","statusMessage":"selenium.common.exceptions.TimeoutException: Message: \nStacktrace:\n#0 0x558e8d8715e3 <unknown>\n#1 0x558e8d5340b7 <unknown>\n#2 0x558e8d581f53 <unknown>\n#3 0x558e8d582051 <unknown>\n#4 0x558e8d5c79c4 <unknown>\n#5 0x558e8d5a8f1d <unknown>\n#6 0x558e8d5c4b3d <unknown>\n#7 0x558e8d5a8cc3 <unknown>\n#8 0x558e8d5740e4 <unknown>\n#9 0x558e8d5750ae <unknown>\n#10 0x558e8d837ce1 <unknown>\n#11 0x558e8d83bb7e <unknown>\n#12 0x558e8d8254b5 <unknown>\n#13 0x558e8d83c7d6 <unknown>\n#14 0x558e8d808dbf <unknown>\n#15 0x558e8d85f748 <unknown>\n#16 0x558e8d85f917 <unknown>\n#17 0x558e8d870773 <unknown>\n#18 0x7fa23f694ac3 <unknown>","statusTrace":"self = <tests.test_workspaces.TestWorkspaces object at 0x7f7ec72d9650>\nsecret_data = {'email': '', 'password': ''}\n\n    @pytest.fixture(autouse=True)\n    def setup_method_fixture(self, secret_data: dict):\n>       login(secret_data, self.about_page, self.login_page)\n\ntests/test_workspaces.py:23: \n_ _ _ _ _ _ _ _ _ _ _ _ _ _ _ _ _ _ _ _ _ _ _ _ _ _ _ _ _ _ _ _ _ _ _ _ _ _ _ _ \ntests/test_workspaces.py:13: in login\n    about_page.click_login_link()\npages/about_page.py:20: in click_login_link\n    self.click(self.LOGIN_LINK)\npages/base_page.py:38: in click\n    el: WebElement = self.wait.until(\n_ _ _ _ _ _ _ _ _ _ _ _ _ _ _ _ _ _ _ _ _ _ _ _ _ _ _ _ _ _ _ _ _ _ _ _ _ _ _ _ \n\nself = <selenium.webdriver.support.wait.WebDriverWait (session=\"4a34ac85647fed7c5a54e69170f94933\")>\nmethod = <function element_to_be_clickable.<locals>._predicate at 0x7f7ec6f95300>\nmessage = ''\n\n    def until(self, method, message: str = \"\"):\n        \"\"\"Calls the method provided with the driver as an argument until the \\\n        return value does not evaluate to ``False``.\n    \n        :param method: callable(WebDriver)\n        :param message: optional message for :exc:`TimeoutException`\n        :returns: the result of the last call to `method`\n        :raises: :exc:`selenium.common.exceptions.TimeoutException` if timeout occurs\n        \"\"\"\n        screen = None\n        stacktrace = None\n    \n        end_time = time.monotonic() + self._timeout\n        while True:\n            try:\n                value = method(self._driver)\n                if value:\n                    return value\n            except self._ignored_exceptions as exc:\n                screen = getattr(exc, \"screen\", None)\n                stacktrace = getattr(exc, \"stacktrace\", None)\n            time.sleep(self._poll)\n            if time.monotonic() > end_time:\n                break\n>       raise TimeoutException(message, screen, stacktrace)\nE       selenium.common.exceptions.TimeoutException: Message: \nE       Stacktrace:\nE       #0 0x558e8d8715e3 <unknown>\nE       #1 0x558e8d5340b7 <unknown>\nE       #2 0x558e8d581f53 <unknown>\nE       #3 0x558e8d582051 <unknown>\nE       #4 0x558e8d5c79c4 <unknown>\nE       #5 0x558e8d5a8f1d <unknown>\nE       #6 0x558e8d5c4b3d <unknown>\nE       #7 0x558e8d5a8cc3 <unknown>\nE       #8 0x558e8d5740e4 <unknown>\nE       #9 0x558e8d5750ae <unknown>\nE       #10 0x558e8d837ce1 <unknown>\nE       #11 0x558e8d83bb7e <unknown>\nE       #12 0x558e8d8254b5 <unknown>\nE       #13 0x558e8d83c7d6 <unknown>\nE       #14 0x558e8d808dbf <unknown>\nE       #15 0x558e8d85f748 <unknown>\nE       #16 0x558e8d85f917 <unknown>\nE       #17 0x558e8d870773 <unknown>\nE       #18 0x7fa23f694ac3 <unknown>\n\n.venv/lib/python3.11/site-packages/selenium/webdriver/support/wait.py:95: TimeoutException","flaky":false,"newFailed":false,"newBroken":false,"newPassed":false,"retriesCount":0,"retriesStatusChange":false,"beforeStages":[{"name":"base_url","time":{"start":1700874088784,"stop":1700874088784,"duration":0},"status":"passed","steps":[],"attachments":[],"parameters":[],"shouldDisplayMessage":false,"stepsCount":0,"attachmentsCount":0,"hasContent":false},{"name":"secret_data","time":{"start":1700874088784,"stop":1700874088785,"duration":1},"status":"passed","steps":[],"attachments":[],"parameters":[],"shouldDisplayMessage":false,"stepsCount":0,"attachmentsCount":0,"hasContent":false},{"name":"_verify_url","time":{"start":1700874088784,"stop":1700874088784,"duration":0},"status":"passed","steps":[],"attachments":[],"parameters":[],"shouldDisplayMessage":false,"stepsCount":0,"attachmentsCount":0,"hasContent":false},{"name":"setup_method_fixture","time":{"start":1700874165068,"stop":1700874175254,"duration":10186},"status":"broken","statusMessage":"selenium.common.exceptions.TimeoutException: Message: \nStacktrace:\n#0 0x558e8d8715e3 <unknown>\n#1 0x558e8d5340b7 <unknown>\n#2 0x558e8d581f53 <unknown>\n#3 0x558e8d582051 <unknown>\n#4 0x558e8d5c79c4 <unknown>\n#5 0x558e8d5a8f1d <unknown>\n#6 0x558e8d5c4b3d <unknown>\n#7 0x558e8d5a8cc3 <unknown>\n#8 0x558e8d5740e4 <unknown>\n#9 0x558e8d5750ae <unknown>\n#10 0x558e8d837ce1 <unknown>\n#11 0x558e8d83bb7e <unknown>\n#12 0x558e8d8254b5 <unknown>\n#13 0x558e8d83c7d6 <unknown>\n#14 0x558e8d808dbf <unknown>\n#15 0x558e8d85f748 <unknown>\n#16 0x558e8d85f917 <unknown>\n#17 0x558e8d870773 <unknown>\n#18 0x7fa23f694ac3 <unknown>\n\n","statusTrace":"  File \"/home/runner/work/kisangateway-test/kisangateway-test/.venv/lib/python3.11/site-packages/pluggy/_callers.py\", line 80, in _multicall\n    res = hook_impl.function(*args)\n          ^^^^^^^^^^^^^^^^^^^^^^^^^\n  File \"/home/runner/work/kisangateway-test/kisangateway-test/.venv/lib/python3.11/site-packages/_pytest/fixtures.py\", line 1123, in pytest_fixture_setup\n    result = call_fixture_func(fixturefunc, request, kwargs)\n             ^^^^^^^^^^^^^^^^^^^^^^^^^^^^^^^^^^^^^^^^^^^^^^^\n  File \"/home/runner/work/kisangateway-test/kisangateway-test/.venv/lib/python3.11/site-packages/_pytest/fixtures.py\", line 902, in call_fixture_func\n    fixture_result = fixturefunc(**kwargs)\n                     ^^^^^^^^^^^^^^^^^^^^^\n  File \"/home/runner/work/kisangateway-test/kisangateway-test/tests/test_workspaces.py\", line 23, in setup_method_fixture\n    login(secret_data, self.about_page, self.login_page)\n  File \"/home/runner/work/kisangateway-test/kisangateway-test/tests/test_workspaces.py\", line 13, in login\n    about_page.click_login_link()\n  File \"/home/runner/work/kisangateway-test/kisangateway-test/.venv/lib/python3.11/site-packages/allure_commons/_allure.py\", line 192, in impl\n    return func(*a, **kw)\n           ^^^^^^^^^^^^^^\n  File \"/home/runner/work/kisangateway-test/kisangateway-test/pages/about_page.py\", line 20, in click_login_link\n    self.click(self.LOGIN_LINK)\n  File \"/home/runner/work/kisangateway-test/kisangateway-test/pages/base_page.py\", line 38, in click\n    el: WebElement = self.wait.until(\n                     ^^^^^^^^^^^^^^^^\n  File \"/home/runner/work/kisangateway-test/kisangateway-test/.venv/lib/python3.11/site-packages/selenium/webdriver/support/wait.py\", line 95, in until\n    raise TimeoutException(message, screen, stacktrace)\n","steps":[{"name":"Click Login link","time":{"start":1700874165069,"stop":1700874175254,"duration":10185},"status":"broken","statusMessage":"selenium.common.exceptions.TimeoutException: Message: \nStacktrace:\n#0 0x558e8d8715e3 <unknown>\n#1 0x558e8d5340b7 <unknown>\n#2 0x558e8d581f53 <unknown>\n#3 0x558e8d582051 <unknown>\n#4 0x558e8d5c79c4 <unknown>\n#5 0x558e8d5a8f1d <unknown>\n#6 0x558e8d5c4b3d <unknown>\n#7 0x558e8d5a8cc3 <unknown>\n#8 0x558e8d5740e4 <unknown>\n#9 0x558e8d5750ae <unknown>\n#10 0x558e8d837ce1 <unknown>\n#11 0x558e8d83bb7e <unknown>\n#12 0x558e8d8254b5 <unknown>\n#13 0x558e8d83c7d6 <unknown>\n#14 0x558e8d808dbf <unknown>\n#15 0x558e8d85f748 <unknown>\n#16 0x558e8d85f917 <unknown>\n#17 0x558e8d870773 <unknown>\n#18 0x7fa23f694ac3 <unknown>\n\n","statusTrace":"  File \"/home/runner/work/kisangateway-test/kisangateway-test/.venv/lib/python3.11/site-packages/allure_commons/_allure.py\", line 192, in impl\n    return func(*a, **kw)\n           ^^^^^^^^^^^^^^\n  File \"/home/runner/work/kisangateway-test/kisangateway-test/pages/about_page.py\", line 20, in click_login_link\n    self.click(self.LOGIN_LINK)\n  File \"/home/runner/work/kisangateway-test/kisangateway-test/pages/base_page.py\", line 38, in click\n    el: WebElement = self.wait.until(\n                     ^^^^^^^^^^^^^^^^\n  File \"/home/runner/work/kisangateway-test/kisangateway-test/.venv/lib/python3.11/site-packages/selenium/webdriver/support/wait.py\", line 95, in until\n    raise TimeoutException(message, screen, stacktrace)\n","steps":[],"attachments":[],"parameters":[],"shouldDisplayMessage":true,"stepsCount":0,"attachmentsCount":0,"hasContent":true}],"attachments":[],"parameters":[],"shouldDisplayMessage":false,"stepsCount":1,"attachmentsCount":0,"hasContent":true}],"testStage":{"description":"Delete an existing workspace","status":"broken","statusMessage":"selenium.common.exceptions.TimeoutException: Message: \nStacktrace:\n#0 0x558e8d8715e3 <unknown>\n#1 0x558e8d5340b7 <unknown>\n#2 0x558e8d581f53 <unknown>\n#3 0x558e8d582051 <unknown>\n#4 0x558e8d5c79c4 <unknown>\n#5 0x558e8d5a8f1d <unknown>\n#6 0x558e8d5c4b3d <unknown>\n#7 0x558e8d5a8cc3 <unknown>\n#8 0x558e8d5740e4 <unknown>\n#9 0x558e8d5750ae <unknown>\n#10 0x558e8d837ce1 <unknown>\n#11 0x558e8d83bb7e <unknown>\n#12 0x558e8d8254b5 <unknown>\n#13 0x558e8d83c7d6 <unknown>\n#14 0x558e8d808dbf <unknown>\n#15 0x558e8d85f748 <unknown>\n#16 0x558e8d85f917 <unknown>\n#17 0x558e8d870773 <unknown>\n#18 0x7fa23f694ac3 <unknown>","statusTrace":"self = <tests.test_workspaces.TestWorkspaces object at 0x7f7ec72d9650>\nsecret_data = {'email': '', 'password': ''}\n\n    @pytest.fixture(autouse=True)\n    def setup_method_fixture(self, secret_data: dict):\n>       login(secret_data, self.about_page, self.login_page)\n\ntests/test_workspaces.py:23: \n_ _ _ _ _ _ _ _ _ _ _ _ _ _ _ _ _ _ _ _ _ _ _ _ _ _ _ _ _ _ _ _ _ _ _ _ _ _ _ _ \ntests/test_workspaces.py:13: in login\n    about_page.click_login_link()\npages/about_page.py:20: in click_login_link\n    self.click(self.LOGIN_LINK)\npages/base_page.py:38: in click\n    el: WebElement = self.wait.until(\n_ _ _ _ _ _ _ _ _ _ _ _ _ _ _ _ _ _ _ _ _ _ _ _ _ _ _ _ _ _ _ _ _ _ _ _ _ _ _ _ \n\nself = <selenium.webdriver.support.wait.WebDriverWait (session=\"4a34ac85647fed7c5a54e69170f94933\")>\nmethod = <function element_to_be_clickable.<locals>._predicate at 0x7f7ec6f95300>\nmessage = ''\n\n    def until(self, method, message: str = \"\"):\n        \"\"\"Calls the method provided with the driver as an argument until the \\\n        return value does not evaluate to ``False``.\n    \n        :param method: callable(WebDriver)\n        :param message: optional message for :exc:`TimeoutException`\n        :returns: the result of the last call to `method`\n        :raises: :exc:`selenium.common.exceptions.TimeoutException` if timeout occurs\n        \"\"\"\n        screen = None\n        stacktrace = None\n    \n        end_time = time.monotonic() + self._timeout\n        while True:\n            try:\n                value = method(self._driver)\n                if value:\n                    return value\n            except self._ignored_exceptions as exc:\n                screen = getattr(exc, \"screen\", None)\n                stacktrace = getattr(exc, \"stacktrace\", None)\n            time.sleep(self._poll)\n            if time.monotonic() > end_time:\n                break\n>       raise TimeoutException(message, screen, stacktrace)\nE       selenium.common.exceptions.TimeoutException: Message: \nE       Stacktrace:\nE       #0 0x558e8d8715e3 <unknown>\nE       #1 0x558e8d5340b7 <unknown>\nE       #2 0x558e8d581f53 <unknown>\nE       #3 0x558e8d582051 <unknown>\nE       #4 0x558e8d5c79c4 <unknown>\nE       #5 0x558e8d5a8f1d <unknown>\nE       #6 0x558e8d5c4b3d <unknown>\nE       #7 0x558e8d5a8cc3 <unknown>\nE       #8 0x558e8d5740e4 <unknown>\nE       #9 0x558e8d5750ae <unknown>\nE       #10 0x558e8d837ce1 <unknown>\nE       #11 0x558e8d83bb7e <unknown>\nE       #12 0x558e8d8254b5 <unknown>\nE       #13 0x558e8d83c7d6 <unknown>\nE       #14 0x558e8d808dbf <unknown>\nE       #15 0x558e8d85f748 <unknown>\nE       #16 0x558e8d85f917 <unknown>\nE       #17 0x558e8d870773 <unknown>\nE       #18 0x7fa23f694ac3 <unknown>\n\n.venv/lib/python3.11/site-packages/selenium/webdriver/support/wait.py:95: TimeoutException","steps":[],"attachments":[{"uid":"5ec1d004c8ef9753","name":"public ip address","source":"5ec1d004c8ef9753.txt","type":"text/plain","size":12},{"uid":"ce88908202781bf","name":"Cookies","source":"ce88908202781bf.json","type":"application/json","size":2},{"uid":"c10caebb6a00d213","name":"Session Storage","source":"c10caebb6a00d213.json","type":"application/json","size":2},{"uid":"4b48132d3d6c3bd6","name":"Local Storage","source":"4b48132d3d6c3bd6.json","type":"application/json","size":2},{"uid":"5dfb09ab21b8c535","name":"Console Logs","source":"5dfb09ab21b8c535.json","type":"application/json","size":2},{"uid":"218eb8ffbefd8e6b","name":"Full Page Screenshot","source":"218eb8ffbefd8e6b.png","type":"image/png","size":2669391},{"uid":"9c8d9f7ccaa4338d","name":"URL","source":"9c8d9f7ccaa4338d.uri","type":"text/uri-list","size":25},{"uid":"4fa919c82dd82561","name":"Network Logs","source":"4fa919c82dd82561.json","type":"application/json","size":13975}],"parameters":[],"shouldDisplayMessage":true,"stepsCount":0,"attachmentsCount":8,"hasContent":true},"afterStages":[],"labels":[{"name":"severity","value":"normal"},{"name":"epic","value":"Workspaces"},{"name":"story","value":"WorkSpaces Creation and Editing Functionality"},{"name":"tag","value":"run(order=3)"},{"name":"parentSuite","value":"tests"},{"name":"suite","value":"test_workspaces"},{"name":"subSuite","value":"TestWorkspaces"},{"name":"host","value":"fv-az1272-120"},{"name":"thread","value":"2277-MainThread"},{"name":"framework","value":"pytest"},{"name":"language","value":"cpython3"},{"name":"package","value":"tests.test_workspaces"},{"name":"resultFormat","value":"allure2"}],"parameters":[],"links":[],"hidden":false,"retry":false,"extra":{"severity":"normal","retries":[],"categories":[{"name":"Test defects","matchedStatuses":[],"flaky":false}],"tags":["run(order=3)"]},"source":"6ae9f7c47eca6718.json","parameterValues":[]}