{"uid":"2b64390e7023eb06","name":"Forgot Password with invalid email test","fullName":"tests.test_forgot_password.TestForgotPassword#test_invalid_email","historyId":"3743e16c5d15da2a1434ee4e2dd39a43","time":{"start":1696899815580,"stop":1696899825831,"duration":10251},"description":"Forgot Password with invalid email address","descriptionHtml":"<p>Forgot Password with invalid email address</p>\n","status":"broken","statusMessage":"selenium.common.exceptions.TimeoutException: Message: \nStacktrace:\n#0 0x55bbc540c6b3 <unknown>\n#1 0x55bbc50e21e7 <unknown>\n#2 0x55bbc5129566 <unknown>\n#3 0x55bbc5129651 <unknown>\n#4 0x55bbc5166a74 <unknown>\n#5 0x55bbc514b0ed <unknown>\n#6 0x55bbc5164322 <unknown>\n#7 0x55bbc514ae93 <unknown>\n#8 0x55bbc511d934 <unknown>\n#9 0x55bbc511e71e <unknown>\n#10 0x55bbc53d1cb8 <unknown>\n#11 0x55bbc53d5bf0 <unknown>\n#12 0x55bbc53e019c <unknown>\n#13 0x55bbc53d6808 <unknown>\n#14 0x55bbc53a327f <unknown>\n#15 0x55bbc53fae88 <unknown>\n#16 0x55bbc53fb059 <unknown>\n#17 0x55bbc540b843 <unknown>\n#18 0x7fe829494b43 <unknown>","statusTrace":"self = <tests.test_forgot_password.TestForgotPassword object at 0x7fa157f9f910>\nexcel_reader = <utils.excel_parser.ExcelParser object at 0x7fa157e6f410>\njson_data = {'forgot_password': {'error_message': \"We can't find a user with that e-mail address.\", 'success_message': 'A reset li...you page', 'name': 'test', 'new_name': 'another test', 'no_project_found_msg': 'No project matches the criteria', ...}}\n\n    @allure.description(\"Forgot Password with invalid email address\")\n    @allure.title(\"Forgot Password with invalid email test\")\n    def test_invalid_email(self, excel_reader, json_data: dict):\n        emails = excel_reader.read_from_excel(\"Emails\")\n>       self.about_page.click_login_link()\n\ntests/test_forgot_password.py:31: \n_ _ _ _ _ _ _ _ _ _ _ _ _ _ _ _ _ _ _ _ _ _ _ _ _ _ _ _ _ _ _ _ _ _ _ _ _ _ _ _ \npages/about_page.py:20: in click_login_link\n    self.click(self.LOGIN_LINK)\npages/base_page.py:38: in click\n    el: WebElement = self.wait.until(\n_ _ _ _ _ _ _ _ _ _ _ _ _ _ _ _ _ _ _ _ _ _ _ _ _ _ _ _ _ _ _ _ _ _ _ _ _ _ _ _ \n\nself = <selenium.webdriver.support.wait.WebDriverWait (session=\"9744152dc7434c32bc341e26d5253b4f\")>\nmethod = <function element_to_be_clickable.<locals>._predicate at 0x7fa157d9e3e0>\nmessage = ''\n\n    def until(self, method, message: str = \"\"):\n        \"\"\"Calls the method provided with the driver as an argument until the \\\n        return value does not evaluate to ``False``.\n    \n        :param method: callable(WebDriver)\n        :param message: optional message for :exc:`TimeoutException`\n        :returns: the result of the last call to `method`\n        :raises: :exc:`selenium.common.exceptions.TimeoutException` if timeout occurs\n        \"\"\"\n        screen = None\n        stacktrace = None\n    \n        end_time = time.monotonic() + self._timeout\n        while True:\n            try:\n                value = method(self._driver)\n                if value:\n                    return value\n            except self._ignored_exceptions as exc:\n                screen = getattr(exc, \"screen\", None)\n                stacktrace = getattr(exc, \"stacktrace\", None)\n            time.sleep(self._poll)\n            if time.monotonic() > end_time:\n                break\n>       raise TimeoutException(message, screen, stacktrace)\nE       selenium.common.exceptions.TimeoutException: Message: \nE       Stacktrace:\nE       #0 0x55bbc540c6b3 <unknown>\nE       #1 0x55bbc50e21e7 <unknown>\nE       #2 0x55bbc5129566 <unknown>\nE       #3 0x55bbc5129651 <unknown>\nE       #4 0x55bbc5166a74 <unknown>\nE       #5 0x55bbc514b0ed <unknown>\nE       #6 0x55bbc5164322 <unknown>\nE       #7 0x55bbc514ae93 <unknown>\nE       #8 0x55bbc511d934 <unknown>\nE       #9 0x55bbc511e71e <unknown>\nE       #10 0x55bbc53d1cb8 <unknown>\nE       #11 0x55bbc53d5bf0 <unknown>\nE       #12 0x55bbc53e019c <unknown>\nE       #13 0x55bbc53d6808 <unknown>\nE       #14 0x55bbc53a327f <unknown>\nE       #15 0x55bbc53fae88 <unknown>\nE       #16 0x55bbc53fb059 <unknown>\nE       #17 0x55bbc540b843 <unknown>\nE       #18 0x7fe829494b43 <unknown>\n\n.venv/lib/python3.11/site-packages/selenium/webdriver/support/wait.py:95: TimeoutException","flaky":false,"newFailed":false,"newBroken":false,"newPassed":false,"retriesCount":0,"retriesStatusChange":false,"beforeStages":[{"name":"base_url","time":{"start":1696899635331,"stop":1696899635331,"duration":0},"status":"passed","steps":[],"attachments":[],"parameters":[],"shouldDisplayMessage":false,"stepsCount":0,"attachmentsCount":0,"hasContent":false},{"name":"_verify_url","time":{"start":1696899635331,"stop":1696899635331,"duration":0},"status":"passed","steps":[],"attachments":[],"parameters":[],"shouldDisplayMessage":false,"stepsCount":0,"attachmentsCount":0,"hasContent":false},{"name":"json_data","time":{"start":1696899635332,"stop":1696899635332,"duration":0},"status":"passed","steps":[],"attachments":[],"parameters":[],"shouldDisplayMessage":false,"stepsCount":0,"attachmentsCount":0,"hasContent":false},{"name":"excel_reader","time":{"start":1696899815579,"stop":1696899815579,"duration":0},"status":"passed","steps":[],"attachments":[],"parameters":[],"shouldDisplayMessage":false,"stepsCount":0,"attachmentsCount":0,"hasContent":false}],"testStage":{"description":"Forgot Password with invalid email address","status":"broken","statusMessage":"selenium.common.exceptions.TimeoutException: Message: \nStacktrace:\n#0 0x55bbc540c6b3 <unknown>\n#1 0x55bbc50e21e7 <unknown>\n#2 0x55bbc5129566 <unknown>\n#3 0x55bbc5129651 <unknown>\n#4 0x55bbc5166a74 <unknown>\n#5 0x55bbc514b0ed <unknown>\n#6 0x55bbc5164322 <unknown>\n#7 0x55bbc514ae93 <unknown>\n#8 0x55bbc511d934 <unknown>\n#9 0x55bbc511e71e <unknown>\n#10 0x55bbc53d1cb8 <unknown>\n#11 0x55bbc53d5bf0 <unknown>\n#12 0x55bbc53e019c <unknown>\n#13 0x55bbc53d6808 <unknown>\n#14 0x55bbc53a327f <unknown>\n#15 0x55bbc53fae88 <unknown>\n#16 0x55bbc53fb059 <unknown>\n#17 0x55bbc540b843 <unknown>\n#18 0x7fe829494b43 <unknown>","statusTrace":"self = <tests.test_forgot_password.TestForgotPassword object at 0x7fa157f9f910>\nexcel_reader = <utils.excel_parser.ExcelParser object at 0x7fa157e6f410>\njson_data = {'forgot_password': {'error_message': \"We can't find a user with that e-mail address.\", 'success_message': 'A reset li...you page', 'name': 'test', 'new_name': 'another test', 'no_project_found_msg': 'No project matches the criteria', ...}}\n\n    @allure.description(\"Forgot Password with invalid email address\")\n    @allure.title(\"Forgot Password with invalid email test\")\n    def test_invalid_email(self, excel_reader, json_data: dict):\n        emails = excel_reader.read_from_excel(\"Emails\")\n>       self.about_page.click_login_link()\n\ntests/test_forgot_password.py:31: \n_ _ _ _ _ _ _ _ _ _ _ _ _ _ _ _ _ _ _ _ _ _ _ _ _ _ _ _ _ _ _ _ _ _ _ _ _ _ _ _ \npages/about_page.py:20: in click_login_link\n    self.click(self.LOGIN_LINK)\npages/base_page.py:38: in click\n    el: WebElement = self.wait.until(\n_ _ _ _ _ _ _ _ _ _ _ _ _ _ _ _ _ _ _ _ _ _ _ _ _ _ _ _ _ _ _ _ _ _ _ _ _ _ _ _ \n\nself = <selenium.webdriver.support.wait.WebDriverWait (session=\"9744152dc7434c32bc341e26d5253b4f\")>\nmethod = <function element_to_be_clickable.<locals>._predicate at 0x7fa157d9e3e0>\nmessage = ''\n\n    def until(self, method, message: str = \"\"):\n        \"\"\"Calls the method provided with the driver as an argument until the \\\n        return value does not evaluate to ``False``.\n    \n        :param method: callable(WebDriver)\n        :param message: optional message for :exc:`TimeoutException`\n        :returns: the result of the last call to `method`\n        :raises: :exc:`selenium.common.exceptions.TimeoutException` if timeout occurs\n        \"\"\"\n        screen = None\n        stacktrace = None\n    \n        end_time = time.monotonic() + self._timeout\n        while True:\n            try:\n                value = method(self._driver)\n                if value:\n                    return value\n            except self._ignored_exceptions as exc:\n                screen = getattr(exc, \"screen\", None)\n                stacktrace = getattr(exc, \"stacktrace\", None)\n            time.sleep(self._poll)\n            if time.monotonic() > end_time:\n                break\n>       raise TimeoutException(message, screen, stacktrace)\nE       selenium.common.exceptions.TimeoutException: Message: \nE       Stacktrace:\nE       #0 0x55bbc540c6b3 <unknown>\nE       #1 0x55bbc50e21e7 <unknown>\nE       #2 0x55bbc5129566 <unknown>\nE       #3 0x55bbc5129651 <unknown>\nE       #4 0x55bbc5166a74 <unknown>\nE       #5 0x55bbc514b0ed <unknown>\nE       #6 0x55bbc5164322 <unknown>\nE       #7 0x55bbc514ae93 <unknown>\nE       #8 0x55bbc511d934 <unknown>\nE       #9 0x55bbc511e71e <unknown>\nE       #10 0x55bbc53d1cb8 <unknown>\nE       #11 0x55bbc53d5bf0 <unknown>\nE       #12 0x55bbc53e019c <unknown>\nE       #13 0x55bbc53d6808 <unknown>\nE       #14 0x55bbc53a327f <unknown>\nE       #15 0x55bbc53fae88 <unknown>\nE       #16 0x55bbc53fb059 <unknown>\nE       #17 0x55bbc540b843 <unknown>\nE       #18 0x7fe829494b43 <unknown>\n\n.venv/lib/python3.11/site-packages/selenium/webdriver/support/wait.py:95: TimeoutException","steps":[{"name":"Click Login link","time":{"start":1696899815599,"stop":1696899825830,"duration":10231},"status":"broken","statusMessage":"selenium.common.exceptions.TimeoutException: Message: \nStacktrace:\n#0 0x55bbc540c6b3 <unknown>\n#1 0x55bbc50e21e7 <unknown>\n#2 0x55bbc5129566 <unknown>\n#3 0x55bbc5129651 <unknown>\n#4 0x55bbc5166a74 <unknown>\n#5 0x55bbc514b0ed <unknown>\n#6 0x55bbc5164322 <unknown>\n#7 0x55bbc514ae93 <unknown>\n#8 0x55bbc511d934 <unknown>\n#9 0x55bbc511e71e <unknown>\n#10 0x55bbc53d1cb8 <unknown>\n#11 0x55bbc53d5bf0 <unknown>\n#12 0x55bbc53e019c <unknown>\n#13 0x55bbc53d6808 <unknown>\n#14 0x55bbc53a327f <unknown>\n#15 0x55bbc53fae88 <unknown>\n#16 0x55bbc53fb059 <unknown>\n#17 0x55bbc540b843 <unknown>\n#18 0x7fe829494b43 <unknown>\n\n","statusTrace":"  File \"/home/runner/work/kisangateway-test/kisangateway-test/.venv/lib/python3.11/site-packages/allure_commons/_allure.py\", line 192, in impl\n    return func(*a, **kw)\n           ^^^^^^^^^^^^^^\n  File \"/home/runner/work/kisangateway-test/kisangateway-test/pages/about_page.py\", line 20, in click_login_link\n    self.click(self.LOGIN_LINK)\n  File \"/home/runner/work/kisangateway-test/kisangateway-test/pages/base_page.py\", line 38, in click\n    el: WebElement = self.wait.until(\n                     ^^^^^^^^^^^^^^^^\n  File \"/home/runner/work/kisangateway-test/kisangateway-test/.venv/lib/python3.11/site-packages/selenium/webdriver/support/wait.py\", line 95, in until\n    raise TimeoutException(message, screen, stacktrace)\n","steps":[],"attachments":[],"parameters":[],"shouldDisplayMessage":true,"stepsCount":0,"attachmentsCount":0,"hasContent":true}],"attachments":[{"uid":"53ffbaab4d89cdec","name":"public ip address","source":"53ffbaab4d89cdec.txt","type":"text/plain","size":10},{"uid":"b1c8e07066f5eb1","name":"Cookies","source":"b1c8e07066f5eb1.json","type":"application/json","size":2},{"uid":"24f9e72e1a72bba2","name":"Session Storage","source":"24f9e72e1a72bba2.json","type":"application/json","size":2},{"uid":"3a2efcc395713938","name":"Local Storage","source":"3a2efcc395713938.json","type":"application/json","size":2},{"uid":"f7fcd0d99f8c065a","name":"Console Logs","source":"f7fcd0d99f8c065a.json","type":"application/json","size":460},{"uid":"e34bd641d1bc1736","name":"Full Page Screenshot","source":"e34bd641d1bc1736.png","type":"image/png","size":1537971},{"uid":"ac8bc4d31ef79bd4","name":"URL","source":"ac8bc4d31ef79bd4.uri","type":"text/uri-list","size":25},{"uid":"3c95b8775487b2d4","name":"Network Logs","source":"3c95b8775487b2d4.json","type":"application/json","size":14660}],"parameters":[],"shouldDisplayMessage":true,"stepsCount":1,"attachmentsCount":8,"hasContent":true},"afterStages":[],"labels":[{"name":"story","value":"Forgot Password Feature's Functionality"},{"name":"suite","value":"Custom suite"},{"name":"subSuite","value":"Custom sub suite"},{"name":"parentSuite","value":"Custom parent suite"},{"name":"severity","value":"critical"},{"name":"epic","value":"Security"},{"name":"tag","value":"security"},{"name":"host","value":"fv-az442-294"},{"name":"thread","value":"2108-MainThread"},{"name":"framework","value":"pytest"},{"name":"language","value":"cpython3"},{"name":"package","value":"tests.test_forgot_password"},{"name":"resultFormat","value":"allure2"}],"parameters":[],"links":[],"hidden":false,"retry":false,"extra":{"severity":"critical","retries":[],"categories":[{"name":"Test defects","matchedStatuses":[],"flaky":false}],"tags":["security"]},"source":"2b64390e7023eb06.json","parameterValues":[]}