{"uid":"9dcb77e9269aab3","name":"Login with invalid credentials test","fullName":"tests.test_login.TestLogin#test_invalid_login","historyId":"d4a74b5adfb086f235dc50992a7adb79","time":{"start":1696899687077,"stop":1696899697380,"duration":10303},"description":"invalid login","descriptionHtml":"<p>invalid login</p>\n","status":"broken","statusMessage":"selenium.common.exceptions.TimeoutException: Message: \nStacktrace:\n#0 0x5588552176b3 <unknown>\n#1 0x558854eed1e7 <unknown>\n#2 0x558854f34566 <unknown>\n#3 0x558854f34651 <unknown>\n#4 0x558854f71a74 <unknown>\n#5 0x558854f560ed <unknown>\n#6 0x558854f6f322 <unknown>\n#7 0x558854f55e93 <unknown>\n#8 0x558854f28934 <unknown>\n#9 0x558854f2971e <unknown>\n#10 0x5588551dccb8 <unknown>\n#11 0x5588551e0bf0 <unknown>\n#12 0x5588551eb19c <unknown>\n#13 0x5588551e1808 <unknown>\n#14 0x5588551ae27f <unknown>\n#15 0x558855205e88 <unknown>\n#16 0x558855206059 <unknown>\n#17 0x558855216843 <unknown>\n#18 0x7f7c98c94b43 <unknown>","statusTrace":"self = <tests.test_login.TestLogin object at 0x7fa157f79210>\nemail = 'nirt236@gmail.com', password = '123456'\njson_data = {'forgot_password': {'error_message': \"We can't find a user with that e-mail address.\", 'success_message': 'A reset li...you page', 'name': 'test', 'new_name': 'another test', 'no_project_found_msg': 'No project matches the criteria', ...}}\n\n    @allure.description(\"invalid login\")\n    @allure.title(\"Login with invalid credentials test\")\n    @pytest.mark.parametrize(\"email, password\", users)\n    @pytest.mark.run(order=3)\n    def test_invalid_login(self, email: str, password: str, json_data: dict):\n>       self.about_page.click_login_link()\n\ntests/test_login.py:22: \n_ _ _ _ _ _ _ _ _ _ _ _ _ _ _ _ _ _ _ _ _ _ _ _ _ _ _ _ _ _ _ _ _ _ _ _ _ _ _ _ \npages/about_page.py:20: in click_login_link\n    self.click(self.LOGIN_LINK)\npages/base_page.py:38: in click\n    el: WebElement = self.wait.until(\n_ _ _ _ _ _ _ _ _ _ _ _ _ _ _ _ _ _ _ _ _ _ _ _ _ _ _ _ _ _ _ _ _ _ _ _ _ _ _ _ \n\nself = <selenium.webdriver.support.wait.WebDriverWait (session=\"1cbc82db7df3251672a0f33ef5038f34\")>\nmethod = <function element_to_be_clickable.<locals>._predicate at 0x7fa158017b00>\nmessage = ''\n\n    def until(self, method, message: str = \"\"):\n        \"\"\"Calls the method provided with the driver as an argument until the \\\n        return value does not evaluate to ``False``.\n    \n        :param method: callable(WebDriver)\n        :param message: optional message for :exc:`TimeoutException`\n        :returns: the result of the last call to `method`\n        :raises: :exc:`selenium.common.exceptions.TimeoutException` if timeout occurs\n        \"\"\"\n        screen = None\n        stacktrace = None\n    \n        end_time = time.monotonic() + self._timeout\n        while True:\n            try:\n                value = method(self._driver)\n                if value:\n                    return value\n            except self._ignored_exceptions as exc:\n                screen = getattr(exc, \"screen\", None)\n                stacktrace = getattr(exc, \"stacktrace\", None)\n            time.sleep(self._poll)\n            if time.monotonic() > end_time:\n                break\n>       raise TimeoutException(message, screen, stacktrace)\nE       selenium.common.exceptions.TimeoutException: Message: \nE       Stacktrace:\nE       #0 0x5588552176b3 <unknown>\nE       #1 0x558854eed1e7 <unknown>\nE       #2 0x558854f34566 <unknown>\nE       #3 0x558854f34651 <unknown>\nE       #4 0x558854f71a74 <unknown>\nE       #5 0x558854f560ed <unknown>\nE       #6 0x558854f6f322 <unknown>\nE       #7 0x558854f55e93 <unknown>\nE       #8 0x558854f28934 <unknown>\nE       #9 0x558854f2971e <unknown>\nE       #10 0x5588551dccb8 <unknown>\nE       #11 0x5588551e0bf0 <unknown>\nE       #12 0x5588551eb19c <unknown>\nE       #13 0x5588551e1808 <unknown>\nE       #14 0x5588551ae27f <unknown>\nE       #15 0x558855205e88 <unknown>\nE       #16 0x558855206059 <unknown>\nE       #17 0x558855216843 <unknown>\nE       #18 0x7f7c98c94b43 <unknown>\n\n.venv/lib/python3.11/site-packages/selenium/webdriver/support/wait.py:95: TimeoutException","flaky":false,"newFailed":false,"newBroken":false,"newPassed":false,"retriesCount":0,"retriesStatusChange":false,"beforeStages":[{"name":"base_url","time":{"start":1696899635331,"stop":1696899635331,"duration":0},"status":"passed","steps":[],"attachments":[],"parameters":[],"shouldDisplayMessage":false,"stepsCount":0,"attachmentsCount":0,"hasContent":false},{"name":"_verify_url","time":{"start":1696899635331,"stop":1696899635331,"duration":0},"status":"passed","steps":[],"attachments":[],"parameters":[],"shouldDisplayMessage":false,"stepsCount":0,"attachmentsCount":0,"hasContent":false},{"name":"json_data","time":{"start":1696899635332,"stop":1696899635332,"duration":0},"status":"passed","steps":[],"attachments":[],"parameters":[],"shouldDisplayMessage":false,"stepsCount":0,"attachmentsCount":0,"hasContent":false}],"testStage":{"description":"invalid login","status":"broken","statusMessage":"selenium.common.exceptions.TimeoutException: Message: \nStacktrace:\n#0 0x5588552176b3 <unknown>\n#1 0x558854eed1e7 <unknown>\n#2 0x558854f34566 <unknown>\n#3 0x558854f34651 <unknown>\n#4 0x558854f71a74 <unknown>\n#5 0x558854f560ed <unknown>\n#6 0x558854f6f322 <unknown>\n#7 0x558854f55e93 <unknown>\n#8 0x558854f28934 <unknown>\n#9 0x558854f2971e <unknown>\n#10 0x5588551dccb8 <unknown>\n#11 0x5588551e0bf0 <unknown>\n#12 0x5588551eb19c <unknown>\n#13 0x5588551e1808 <unknown>\n#14 0x5588551ae27f <unknown>\n#15 0x558855205e88 <unknown>\n#16 0x558855206059 <unknown>\n#17 0x558855216843 <unknown>\n#18 0x7f7c98c94b43 <unknown>","statusTrace":"self = <tests.test_login.TestLogin object at 0x7fa157f79210>\nemail = 'nirt236@gmail.com', password = '123456'\njson_data = {'forgot_password': {'error_message': \"We can't find a user with that e-mail address.\", 'success_message': 'A reset li...you page', 'name': 'test', 'new_name': 'another test', 'no_project_found_msg': 'No project matches the criteria', ...}}\n\n    @allure.description(\"invalid login\")\n    @allure.title(\"Login with invalid credentials test\")\n    @pytest.mark.parametrize(\"email, password\", users)\n    @pytest.mark.run(order=3)\n    def test_invalid_login(self, email: str, password: str, json_data: dict):\n>       self.about_page.click_login_link()\n\ntests/test_login.py:22: \n_ _ _ _ _ _ _ _ _ _ _ _ _ _ _ _ _ _ _ _ _ _ _ _ _ _ _ _ _ _ _ _ _ _ _ _ _ _ _ _ \npages/about_page.py:20: in click_login_link\n    self.click(self.LOGIN_LINK)\npages/base_page.py:38: in click\n    el: WebElement = self.wait.until(\n_ _ _ _ _ _ _ _ _ _ _ _ _ _ _ _ _ _ _ _ _ _ _ _ _ _ _ _ _ _ _ _ _ _ _ _ _ _ _ _ \n\nself = <selenium.webdriver.support.wait.WebDriverWait (session=\"1cbc82db7df3251672a0f33ef5038f34\")>\nmethod = <function element_to_be_clickable.<locals>._predicate at 0x7fa158017b00>\nmessage = ''\n\n    def until(self, method, message: str = \"\"):\n        \"\"\"Calls the method provided with the driver as an argument until the \\\n        return value does not evaluate to ``False``.\n    \n        :param method: callable(WebDriver)\n        :param message: optional message for :exc:`TimeoutException`\n        :returns: the result of the last call to `method`\n        :raises: :exc:`selenium.common.exceptions.TimeoutException` if timeout occurs\n        \"\"\"\n        screen = None\n        stacktrace = None\n    \n        end_time = time.monotonic() + self._timeout\n        while True:\n            try:\n                value = method(self._driver)\n                if value:\n                    return value\n            except self._ignored_exceptions as exc:\n                screen = getattr(exc, \"screen\", None)\n                stacktrace = getattr(exc, \"stacktrace\", None)\n            time.sleep(self._poll)\n            if time.monotonic() > end_time:\n                break\n>       raise TimeoutException(message, screen, stacktrace)\nE       selenium.common.exceptions.TimeoutException: Message: \nE       Stacktrace:\nE       #0 0x5588552176b3 <unknown>\nE       #1 0x558854eed1e7 <unknown>\nE       #2 0x558854f34566 <unknown>\nE       #3 0x558854f34651 <unknown>\nE       #4 0x558854f71a74 <unknown>\nE       #5 0x558854f560ed <unknown>\nE       #6 0x558854f6f322 <unknown>\nE       #7 0x558854f55e93 <unknown>\nE       #8 0x558854f28934 <unknown>\nE       #9 0x558854f2971e <unknown>\nE       #10 0x5588551dccb8 <unknown>\nE       #11 0x5588551e0bf0 <unknown>\nE       #12 0x5588551eb19c <unknown>\nE       #13 0x5588551e1808 <unknown>\nE       #14 0x5588551ae27f <unknown>\nE       #15 0x558855205e88 <unknown>\nE       #16 0x558855206059 <unknown>\nE       #17 0x558855216843 <unknown>\nE       #18 0x7f7c98c94b43 <unknown>\n\n.venv/lib/python3.11/site-packages/selenium/webdriver/support/wait.py:95: TimeoutException","steps":[{"name":"Click Login link","time":{"start":1696899687077,"stop":1696899697379,"duration":10302},"status":"broken","statusMessage":"selenium.common.exceptions.TimeoutException: Message: \nStacktrace:\n#0 0x5588552176b3 <unknown>\n#1 0x558854eed1e7 <unknown>\n#2 0x558854f34566 <unknown>\n#3 0x558854f34651 <unknown>\n#4 0x558854f71a74 <unknown>\n#5 0x558854f560ed <unknown>\n#6 0x558854f6f322 <unknown>\n#7 0x558854f55e93 <unknown>\n#8 0x558854f28934 <unknown>\n#9 0x558854f2971e <unknown>\n#10 0x5588551dccb8 <unknown>\n#11 0x5588551e0bf0 <unknown>\n#12 0x5588551eb19c <unknown>\n#13 0x5588551e1808 <unknown>\n#14 0x5588551ae27f <unknown>\n#15 0x558855205e88 <unknown>\n#16 0x558855206059 <unknown>\n#17 0x558855216843 <unknown>\n#18 0x7f7c98c94b43 <unknown>\n\n","statusTrace":"  File \"/home/runner/work/kisangateway-test/kisangateway-test/.venv/lib/python3.11/site-packages/allure_commons/_allure.py\", line 192, in impl\n    return func(*a, **kw)\n           ^^^^^^^^^^^^^^\n  File \"/home/runner/work/kisangateway-test/kisangateway-test/pages/about_page.py\", line 20, in click_login_link\n    self.click(self.LOGIN_LINK)\n  File \"/home/runner/work/kisangateway-test/kisangateway-test/pages/base_page.py\", line 38, in click\n    el: WebElement = self.wait.until(\n                     ^^^^^^^^^^^^^^^^\n  File \"/home/runner/work/kisangateway-test/kisangateway-test/.venv/lib/python3.11/site-packages/selenium/webdriver/support/wait.py\", line 95, in until\n    raise TimeoutException(message, screen, stacktrace)\n","steps":[],"attachments":[],"parameters":[],"shouldDisplayMessage":true,"stepsCount":0,"attachmentsCount":0,"hasContent":true}],"attachments":[{"uid":"3d2e8fc30dd3ec9a","name":"public ip address","source":"3d2e8fc30dd3ec9a.txt","type":"text/plain","size":10},{"uid":"f0437983695760c2","name":"Cookies","source":"f0437983695760c2.json","type":"application/json","size":2},{"uid":"e34afd7704571954","name":"Session Storage","source":"e34afd7704571954.json","type":"application/json","size":2},{"uid":"dd510be4fe8ca185","name":"Local Storage","source":"dd510be4fe8ca185.json","type":"application/json","size":2},{"uid":"d42c515aed9ae621","name":"Console Logs","source":"d42c515aed9ae621.json","type":"application/json","size":460},{"uid":"d2ef50e7a34df00a","name":"Full Page Screenshot","source":"d2ef50e7a34df00a.png","type":"image/png","size":1537971},{"uid":"b189749224562141","name":"URL","source":"b189749224562141.uri","type":"text/uri-list","size":25},{"uid":"d8aa0de302d34c94","name":"Network Logs","source":"d8aa0de302d34c94.json","type":"application/json","size":14658}],"parameters":[],"shouldDisplayMessage":true,"stepsCount":1,"attachmentsCount":8,"hasContent":true},"afterStages":[],"labels":[{"name":"epic","value":"Security"},{"name":"severity","value":"blocker"},{"name":"feature","value":"Login"},{"name":"tag","value":"run(order=3)"},{"name":"tag","value":"security"},{"name":"parentSuite","value":"tests"},{"name":"suite","value":"test_login"},{"name":"subSuite","value":"TestLogin"},{"name":"host","value":"fv-az442-294"},{"name":"thread","value":"2108-MainThread"},{"name":"framework","value":"pytest"},{"name":"language","value":"cpython3"},{"name":"package","value":"tests.test_login"},{"name":"resultFormat","value":"allure2"}],"parameters":[{"name":"email","value":"'nirt236@gmail.com'"},{"name":"password","value":"'123456'"}],"links":[],"hidden":false,"retry":false,"extra":{"severity":"blocker","retries":[],"categories":[{"name":"Test defects","matchedStatuses":[],"flaky":false}],"tags":["run(order=3)","security"]},"source":"9dcb77e9269aab3.json","parameterValues":["'nirt236@gmail.com'","'123456'"]}