{"uid":"f63092438eab16bb","name":"Search for non existing project","fullName":"tests.test_workspaces.TestWorkspaces#test_search_for_non_existing_project","historyId":"fd02db7e15fbde7f94675ef36547cabe","time":{"start":1696899762279,"stop":1696899762279,"duration":0},"description":"Search for a non existing project","descriptionHtml":"<p>Search for a non existing project</p>\n","status":"broken","statusMessage":"selenium.common.exceptions.TimeoutException: Message: \nStacktrace:\n#0 0x55e72f0566b3 <unknown>\n#1 0x55e72ed2c1e7 <unknown>\n#2 0x55e72ed73566 <unknown>\n#3 0x55e72ed73651 <unknown>\n#4 0x55e72edb0a74 <unknown>\n#5 0x55e72ed950ed <unknown>\n#6 0x55e72edae322 <unknown>\n#7 0x55e72ed94e93 <unknown>\n#8 0x55e72ed67934 <unknown>\n#9 0x55e72ed6871e <unknown>\n#10 0x55e72f01bcb8 <unknown>\n#11 0x55e72f01fbf0 <unknown>\n#12 0x55e72f02a19c <unknown>\n#13 0x55e72f020808 <unknown>\n#14 0x55e72efed27f <unknown>\n#15 0x55e72f044e88 <unknown>\n#16 0x55e72f045059 <unknown>\n#17 0x55e72f055843 <unknown>\n#18 0x7fbc8fa94b43 <unknown>","statusTrace":"self = <tests.test_workspaces.TestWorkspaces object at 0x7fa157fe4690>\nsecret_data = {'email': '', 'password': ''}\n\n    @pytest.fixture(autouse=True)\n    def setup_method_fixture(self, secret_data: dict):\n>       login(secret_data, self.about_page, self.login_page)\n\ntests/test_workspaces.py:23: \n_ _ _ _ _ _ _ _ _ _ _ _ _ _ _ _ _ _ _ _ _ _ _ _ _ _ _ _ _ _ _ _ _ _ _ _ _ _ _ _ \ntests/test_workspaces.py:13: in login\n    about_page.click_login_link()\npages/about_page.py:20: in click_login_link\n    self.click(self.LOGIN_LINK)\npages/base_page.py:38: in click\n    el: WebElement = self.wait.until(\n_ _ _ _ _ _ _ _ _ _ _ _ _ _ _ _ _ _ _ _ _ _ _ _ _ _ _ _ _ _ _ _ _ _ _ _ _ _ _ _ \n\nself = <selenium.webdriver.support.wait.WebDriverWait (session=\"8e7c866d36c96f15d2beeef171c9b094\")>\nmethod = <function element_to_be_clickable.<locals>._predicate at 0x7fa157eb9620>\nmessage = ''\n\n    def until(self, method, message: str = \"\"):\n        \"\"\"Calls the method provided with the driver as an argument until the \\\n        return value does not evaluate to ``False``.\n    \n        :param method: callable(WebDriver)\n        :param message: optional message for :exc:`TimeoutException`\n        :returns: the result of the last call to `method`\n        :raises: :exc:`selenium.common.exceptions.TimeoutException` if timeout occurs\n        \"\"\"\n        screen = None\n        stacktrace = None\n    \n        end_time = time.monotonic() + self._timeout\n        while True:\n            try:\n                value = method(self._driver)\n                if value:\n                    return value\n            except self._ignored_exceptions as exc:\n                screen = getattr(exc, \"screen\", None)\n                stacktrace = getattr(exc, \"stacktrace\", None)\n            time.sleep(self._poll)\n            if time.monotonic() > end_time:\n                break\n>       raise TimeoutException(message, screen, stacktrace)\nE       selenium.common.exceptions.TimeoutException: Message: \nE       Stacktrace:\nE       #0 0x55e72f0566b3 <unknown>\nE       #1 0x55e72ed2c1e7 <unknown>\nE       #2 0x55e72ed73566 <unknown>\nE       #3 0x55e72ed73651 <unknown>\nE       #4 0x55e72edb0a74 <unknown>\nE       #5 0x55e72ed950ed <unknown>\nE       #6 0x55e72edae322 <unknown>\nE       #7 0x55e72ed94e93 <unknown>\nE       #8 0x55e72ed67934 <unknown>\nE       #9 0x55e72ed6871e <unknown>\nE       #10 0x55e72f01bcb8 <unknown>\nE       #11 0x55e72f01fbf0 <unknown>\nE       #12 0x55e72f02a19c <unknown>\nE       #13 0x55e72f020808 <unknown>\nE       #14 0x55e72efed27f <unknown>\nE       #15 0x55e72f044e88 <unknown>\nE       #16 0x55e72f045059 <unknown>\nE       #17 0x55e72f055843 <unknown>\nE       #18 0x7fbc8fa94b43 <unknown>\n\n.venv/lib/python3.11/site-packages/selenium/webdriver/support/wait.py:95: TimeoutException","flaky":false,"newFailed":false,"newBroken":false,"newPassed":false,"retriesCount":0,"retriesStatusChange":false,"beforeStages":[{"name":"base_url","time":{"start":1696899635331,"stop":1696899635331,"duration":0},"status":"passed","steps":[],"attachments":[],"parameters":[],"shouldDisplayMessage":false,"stepsCount":0,"attachmentsCount":0,"hasContent":false},{"name":"_verify_url","time":{"start":1696899635331,"stop":1696899635331,"duration":0},"status":"passed","steps":[],"attachments":[],"parameters":[],"shouldDisplayMessage":false,"stepsCount":0,"attachmentsCount":0,"hasContent":false},{"name":"secret_data","time":{"start":1696899635332,"stop":1696899635332,"duration":0},"status":"passed","steps":[],"attachments":[],"parameters":[],"shouldDisplayMessage":false,"stepsCount":0,"attachmentsCount":0,"hasContent":false},{"name":"json_data","time":{"start":1696899635332,"stop":1696899635332,"duration":0},"status":"passed","steps":[],"attachments":[],"parameters":[],"shouldDisplayMessage":false,"stepsCount":0,"attachmentsCount":0,"hasContent":false},{"name":"setup_method_fixture","time":{"start":1696899763621,"stop":1696899773854,"duration":10233},"status":"broken","statusMessage":"selenium.common.exceptions.TimeoutException: Message: \nStacktrace:\n#0 0x55e72f0566b3 <unknown>\n#1 0x55e72ed2c1e7 <unknown>\n#2 0x55e72ed73566 <unknown>\n#3 0x55e72ed73651 <unknown>\n#4 0x55e72edb0a74 <unknown>\n#5 0x55e72ed950ed <unknown>\n#6 0x55e72edae322 <unknown>\n#7 0x55e72ed94e93 <unknown>\n#8 0x55e72ed67934 <unknown>\n#9 0x55e72ed6871e <unknown>\n#10 0x55e72f01bcb8 <unknown>\n#11 0x55e72f01fbf0 <unknown>\n#12 0x55e72f02a19c <unknown>\n#13 0x55e72f020808 <unknown>\n#14 0x55e72efed27f <unknown>\n#15 0x55e72f044e88 <unknown>\n#16 0x55e72f045059 <unknown>\n#17 0x55e72f055843 <unknown>\n#18 0x7fbc8fa94b43 <unknown>\n\n","statusTrace":"  File \"/home/runner/work/kisangateway-test/kisangateway-test/.venv/lib/python3.11/site-packages/pluggy/_callers.py\", line 80, in _multicall\n    res = hook_impl.function(*args)\n          ^^^^^^^^^^^^^^^^^^^^^^^^^\n  File \"/home/runner/work/kisangateway-test/kisangateway-test/.venv/lib/python3.11/site-packages/_pytest/fixtures.py\", line 1123, in pytest_fixture_setup\n    result = call_fixture_func(fixturefunc, request, kwargs)\n             ^^^^^^^^^^^^^^^^^^^^^^^^^^^^^^^^^^^^^^^^^^^^^^^\n  File \"/home/runner/work/kisangateway-test/kisangateway-test/.venv/lib/python3.11/site-packages/_pytest/fixtures.py\", line 902, in call_fixture_func\n    fixture_result = fixturefunc(**kwargs)\n                     ^^^^^^^^^^^^^^^^^^^^^\n  File \"/home/runner/work/kisangateway-test/kisangateway-test/tests/test_workspaces.py\", line 23, in setup_method_fixture\n    login(secret_data, self.about_page, self.login_page)\n  File \"/home/runner/work/kisangateway-test/kisangateway-test/tests/test_workspaces.py\", line 13, in login\n    about_page.click_login_link()\n  File \"/home/runner/work/kisangateway-test/kisangateway-test/.venv/lib/python3.11/site-packages/allure_commons/_allure.py\", line 192, in impl\n    return func(*a, **kw)\n           ^^^^^^^^^^^^^^\n  File \"/home/runner/work/kisangateway-test/kisangateway-test/pages/about_page.py\", line 20, in click_login_link\n    self.click(self.LOGIN_LINK)\n  File \"/home/runner/work/kisangateway-test/kisangateway-test/pages/base_page.py\", line 38, in click\n    el: WebElement = self.wait.until(\n                     ^^^^^^^^^^^^^^^^\n  File \"/home/runner/work/kisangateway-test/kisangateway-test/.venv/lib/python3.11/site-packages/selenium/webdriver/support/wait.py\", line 95, in until\n    raise TimeoutException(message, screen, stacktrace)\n","steps":[{"name":"Click Login link","time":{"start":1696899763621,"stop":1696899773853,"duration":10232},"status":"broken","statusMessage":"selenium.common.exceptions.TimeoutException: Message: \nStacktrace:\n#0 0x55e72f0566b3 <unknown>\n#1 0x55e72ed2c1e7 <unknown>\n#2 0x55e72ed73566 <unknown>\n#3 0x55e72ed73651 <unknown>\n#4 0x55e72edb0a74 <unknown>\n#5 0x55e72ed950ed <unknown>\n#6 0x55e72edae322 <unknown>\n#7 0x55e72ed94e93 <unknown>\n#8 0x55e72ed67934 <unknown>\n#9 0x55e72ed6871e <unknown>\n#10 0x55e72f01bcb8 <unknown>\n#11 0x55e72f01fbf0 <unknown>\n#12 0x55e72f02a19c <unknown>\n#13 0x55e72f020808 <unknown>\n#14 0x55e72efed27f <unknown>\n#15 0x55e72f044e88 <unknown>\n#16 0x55e72f045059 <unknown>\n#17 0x55e72f055843 <unknown>\n#18 0x7fbc8fa94b43 <unknown>\n\n","statusTrace":"  File \"/home/runner/work/kisangateway-test/kisangateway-test/.venv/lib/python3.11/site-packages/allure_commons/_allure.py\", line 192, in impl\n    return func(*a, **kw)\n           ^^^^^^^^^^^^^^\n  File \"/home/runner/work/kisangateway-test/kisangateway-test/pages/about_page.py\", line 20, in click_login_link\n    self.click(self.LOGIN_LINK)\n  File \"/home/runner/work/kisangateway-test/kisangateway-test/pages/base_page.py\", line 38, in click\n    el: WebElement = self.wait.until(\n                     ^^^^^^^^^^^^^^^^\n  File \"/home/runner/work/kisangateway-test/kisangateway-test/.venv/lib/python3.11/site-packages/selenium/webdriver/support/wait.py\", line 95, in until\n    raise TimeoutException(message, screen, stacktrace)\n","steps":[],"attachments":[],"parameters":[],"shouldDisplayMessage":true,"stepsCount":0,"attachmentsCount":0,"hasContent":true}],"attachments":[],"parameters":[],"shouldDisplayMessage":false,"stepsCount":1,"attachmentsCount":0,"hasContent":true}],"testStage":{"description":"Search for a non existing project","status":"broken","statusMessage":"selenium.common.exceptions.TimeoutException: Message: \nStacktrace:\n#0 0x55e72f0566b3 <unknown>\n#1 0x55e72ed2c1e7 <unknown>\n#2 0x55e72ed73566 <unknown>\n#3 0x55e72ed73651 <unknown>\n#4 0x55e72edb0a74 <unknown>\n#5 0x55e72ed950ed <unknown>\n#6 0x55e72edae322 <unknown>\n#7 0x55e72ed94e93 <unknown>\n#8 0x55e72ed67934 <unknown>\n#9 0x55e72ed6871e <unknown>\n#10 0x55e72f01bcb8 <unknown>\n#11 0x55e72f01fbf0 <unknown>\n#12 0x55e72f02a19c <unknown>\n#13 0x55e72f020808 <unknown>\n#14 0x55e72efed27f <unknown>\n#15 0x55e72f044e88 <unknown>\n#16 0x55e72f045059 <unknown>\n#17 0x55e72f055843 <unknown>\n#18 0x7fbc8fa94b43 <unknown>","statusTrace":"self = <tests.test_workspaces.TestWorkspaces object at 0x7fa157fe4690>\nsecret_data = {'email': '', 'password': ''}\n\n    @pytest.fixture(autouse=True)\n    def setup_method_fixture(self, secret_data: dict):\n>       login(secret_data, self.about_page, self.login_page)\n\ntests/test_workspaces.py:23: \n_ _ _ _ _ _ _ _ _ _ _ _ _ _ _ _ _ _ _ _ _ _ _ _ _ _ _ _ _ _ _ _ _ _ _ _ _ _ _ _ \ntests/test_workspaces.py:13: in login\n    about_page.click_login_link()\npages/about_page.py:20: in click_login_link\n    self.click(self.LOGIN_LINK)\npages/base_page.py:38: in click\n    el: WebElement = self.wait.until(\n_ _ _ _ _ _ _ _ _ _ _ _ _ _ _ _ _ _ _ _ _ _ _ _ _ _ _ _ _ _ _ _ _ _ _ _ _ _ _ _ \n\nself = <selenium.webdriver.support.wait.WebDriverWait (session=\"8e7c866d36c96f15d2beeef171c9b094\")>\nmethod = <function element_to_be_clickable.<locals>._predicate at 0x7fa157eb9620>\nmessage = ''\n\n    def until(self, method, message: str = \"\"):\n        \"\"\"Calls the method provided with the driver as an argument until the \\\n        return value does not evaluate to ``False``.\n    \n        :param method: callable(WebDriver)\n        :param message: optional message for :exc:`TimeoutException`\n        :returns: the result of the last call to `method`\n        :raises: :exc:`selenium.common.exceptions.TimeoutException` if timeout occurs\n        \"\"\"\n        screen = None\n        stacktrace = None\n    \n        end_time = time.monotonic() + self._timeout\n        while True:\n            try:\n                value = method(self._driver)\n                if value:\n                    return value\n            except self._ignored_exceptions as exc:\n                screen = getattr(exc, \"screen\", None)\n                stacktrace = getattr(exc, \"stacktrace\", None)\n            time.sleep(self._poll)\n            if time.monotonic() > end_time:\n                break\n>       raise TimeoutException(message, screen, stacktrace)\nE       selenium.common.exceptions.TimeoutException: Message: \nE       Stacktrace:\nE       #0 0x55e72f0566b3 <unknown>\nE       #1 0x55e72ed2c1e7 <unknown>\nE       #2 0x55e72ed73566 <unknown>\nE       #3 0x55e72ed73651 <unknown>\nE       #4 0x55e72edb0a74 <unknown>\nE       #5 0x55e72ed950ed <unknown>\nE       #6 0x55e72edae322 <unknown>\nE       #7 0x55e72ed94e93 <unknown>\nE       #8 0x55e72ed67934 <unknown>\nE       #9 0x55e72ed6871e <unknown>\nE       #10 0x55e72f01bcb8 <unknown>\nE       #11 0x55e72f01fbf0 <unknown>\nE       #12 0x55e72f02a19c <unknown>\nE       #13 0x55e72f020808 <unknown>\nE       #14 0x55e72efed27f <unknown>\nE       #15 0x55e72f044e88 <unknown>\nE       #16 0x55e72f045059 <unknown>\nE       #17 0x55e72f055843 <unknown>\nE       #18 0x7fbc8fa94b43 <unknown>\n\n.venv/lib/python3.11/site-packages/selenium/webdriver/support/wait.py:95: TimeoutException","steps":[],"attachments":[{"uid":"d7b801e27edc171f","name":"public ip address","source":"d7b801e27edc171f.txt","type":"text/plain","size":10},{"uid":"c0c7a5290fbaa6a1","name":"Cookies","source":"c0c7a5290fbaa6a1.json","type":"application/json","size":2},{"uid":"cd74de1970d74bf8","name":"Session Storage","source":"cd74de1970d74bf8.json","type":"application/json","size":2},{"uid":"ff48b96368493502","name":"Local Storage","source":"ff48b96368493502.json","type":"application/json","size":2},{"uid":"1fedf76a7d9b8f3a","name":"Console Logs","source":"1fedf76a7d9b8f3a.json","type":"application/json","size":460},{"uid":"5798b8014fb05a24","name":"Full Page Screenshot","source":"5798b8014fb05a24.png","type":"image/png","size":1537971},{"uid":"d4526387f01a7eb4","name":"URL","source":"d4526387f01a7eb4.uri","type":"text/uri-list","size":25},{"uid":"1f5dfa45a7566208","name":"Network Logs","source":"1f5dfa45a7566208.json","type":"application/json","size":14663}],"parameters":[],"shouldDisplayMessage":true,"stepsCount":0,"attachmentsCount":8,"hasContent":true},"afterStages":[],"labels":[{"name":"story","value":"WorkSpaces Creation and Editing Functionality"},{"name":"epic","value":"Workspaces"},{"name":"severity","value":"normal"},{"name":"tag","value":"run(order=7)"},{"name":"parentSuite","value":"tests"},{"name":"suite","value":"test_workspaces"},{"name":"subSuite","value":"TestWorkspaces"},{"name":"host","value":"fv-az442-294"},{"name":"thread","value":"2108-MainThread"},{"name":"framework","value":"pytest"},{"name":"language","value":"cpython3"},{"name":"package","value":"tests.test_workspaces"},{"name":"resultFormat","value":"allure2"}],"parameters":[],"links":[],"hidden":false,"retry":false,"extra":{"severity":"normal","retries":[],"categories":[{"name":"Test defects","matchedStatuses":[],"flaky":false}],"tags":["run(order=7)"]},"source":"f63092438eab16bb.json","parameterValues":[]}