{"uid":"98c9f384c50cb514","name":"Exception test","fullName":"tests.test_forgot_password.TestForgotPassword#test_expected_exception_on_page_title","historyId":"cf4fc082d0d58c4cc0a6263c56ab7f00","time":{"start":1708995772135,"stop":1708995782310,"duration":10175},"description":"Exception catching","descriptionHtml":"<p>Exception catching</p>\n","status":"broken","statusMessage":"selenium.common.exceptions.TimeoutException: Message: \nStacktrace:\n#0 0x55f5581f8303 <unknown>\n#1 0x55f557edd2b7 <unknown>\n#2 0x55f557f28cc0 <unknown>\n#3 0x55f557f28db1 <unknown>\n#4 0x55f557f6cb44 <unknown>\n#5 0x55f557f4b3ad <unknown>\n#6 0x55f557f6a07c <unknown>\n#7 0x55f557f4b123 <unknown>\n#8 0x55f557f1b095 <unknown>\n#9 0x55f557f1c09e <unknown>\n#10 0x55f5581bc6ab <unknown>\n#11 0x55f5581c04ba <unknown>\n#12 0x55f5581a8f85 <unknown>\n#13 0x55f5581c112f <unknown>\n#14 0x55f55818ce6f <unknown>\n#15 0x55f5581e55f8 <unknown>\n#16 0x55f5581e57c2 <unknown>\n#17 0x55f5581f74a4 <unknown>\n#18 0x7fef41294ac3 <unknown>","statusTrace":"self = <tests.test_forgot_password.TestForgotPassword object at 0x7f90b9a7e9d0>\n\n    @allure.description(\"Exception catching\")\n    @allure.title(\"Exception test\")\n    @allure.link(\"https://github.com/allure-examples/\", name=\"Allure Examples\")\n    @allure.issue(\n        \"https://github.com/allure-examples/allure-examples/issues/1\", name=\"ISSUE-1\"\n    )\n    @allure.testcase(\n        \"https://github.com/allure-examples/allure-examples/issues/2\", name=\"TESTCASE-2\"\n    )\n    def test_expected_exception_on_page_title(self):\n>       self.about_page.click_login_link()\n\ntests/test_forgot_password.py:49: \n_ _ _ _ _ _ _ _ _ _ _ _ _ _ _ _ _ _ _ _ _ _ _ _ _ _ _ _ _ _ _ _ _ _ _ _ _ _ _ _ \npages/about_page.py:20: in click_login_link\n    self.click(self.LOGIN_LINK)\npages/base_page.py:38: in click\n    el: WebElement = self.wait.until(\n_ _ _ _ _ _ _ _ _ _ _ _ _ _ _ _ _ _ _ _ _ _ _ _ _ _ _ _ _ _ _ _ _ _ _ _ _ _ _ _ \n\nself = <selenium.webdriver.support.wait.WebDriverWait (session=\"e1319b9959c9b2f8e4bdf0dfc9880891\")>\nmethod = <function element_to_be_clickable.<locals>._predicate at 0x7f90b9b1ab60>\nmessage = ''\n\n    def until(self, method, message: str = \"\"):\n        \"\"\"Calls the method provided with the driver as an argument until the \\\n        return value does not evaluate to ``False``.\n    \n        :param method: callable(WebDriver)\n        :param message: optional message for :exc:`TimeoutException`\n        :returns: the result of the last call to `method`\n        :raises: :exc:`selenium.common.exceptions.TimeoutException` if timeout occurs\n        \"\"\"\n        screen = None\n        stacktrace = None\n    \n        end_time = time.monotonic() + self._timeout\n        while True:\n            try:\n                value = method(self._driver)\n                if value:\n                    return value\n            except self._ignored_exceptions as exc:\n                screen = getattr(exc, \"screen\", None)\n                stacktrace = getattr(exc, \"stacktrace\", None)\n            time.sleep(self._poll)\n            if time.monotonic() > end_time:\n                break\n>       raise TimeoutException(message, screen, stacktrace)\nE       selenium.common.exceptions.TimeoutException: Message: \nE       Stacktrace:\nE       #0 0x55f5581f8303 <unknown>\nE       #1 0x55f557edd2b7 <unknown>\nE       #2 0x55f557f28cc0 <unknown>\nE       #3 0x55f557f28db1 <unknown>\nE       #4 0x55f557f6cb44 <unknown>\nE       #5 0x55f557f4b3ad <unknown>\nE       #6 0x55f557f6a07c <unknown>\nE       #7 0x55f557f4b123 <unknown>\nE       #8 0x55f557f1b095 <unknown>\nE       #9 0x55f557f1c09e <unknown>\nE       #10 0x55f5581bc6ab <unknown>\nE       #11 0x55f5581c04ba <unknown>\nE       #12 0x55f5581a8f85 <unknown>\nE       #13 0x55f5581c112f <unknown>\nE       #14 0x55f55818ce6f <unknown>\nE       #15 0x55f5581e55f8 <unknown>\nE       #16 0x55f5581e57c2 <unknown>\nE       #17 0x55f5581f74a4 <unknown>\nE       #18 0x7fef41294ac3 <unknown>\n\n.venv/lib/python3.11/site-packages/selenium/webdriver/support/wait.py:95: TimeoutException","flaky":false,"newFailed":false,"newBroken":false,"newPassed":false,"retriesCount":0,"retriesStatusChange":false,"beforeStages":[{"name":"base_url","time":{"start":1708995580600,"stop":1708995580600,"duration":0},"status":"passed","steps":[],"attachments":[],"parameters":[],"shouldDisplayMessage":false,"stepsCount":0,"attachmentsCount":0,"hasContent":false,"attachmentStep":false},{"name":"_verify_url","time":{"start":1708995580601,"stop":1708995580601,"duration":0},"status":"passed","steps":[],"attachments":[],"parameters":[],"shouldDisplayMessage":false,"stepsCount":0,"attachmentsCount":0,"hasContent":false,"attachmentStep":false}],"testStage":{"description":"Exception catching","status":"broken","statusMessage":"selenium.common.exceptions.TimeoutException: Message: \nStacktrace:\n#0 0x55f5581f8303 <unknown>\n#1 0x55f557edd2b7 <unknown>\n#2 0x55f557f28cc0 <unknown>\n#3 0x55f557f28db1 <unknown>\n#4 0x55f557f6cb44 <unknown>\n#5 0x55f557f4b3ad <unknown>\n#6 0x55f557f6a07c <unknown>\n#7 0x55f557f4b123 <unknown>\n#8 0x55f557f1b095 <unknown>\n#9 0x55f557f1c09e <unknown>\n#10 0x55f5581bc6ab <unknown>\n#11 0x55f5581c04ba <unknown>\n#12 0x55f5581a8f85 <unknown>\n#13 0x55f5581c112f <unknown>\n#14 0x55f55818ce6f <unknown>\n#15 0x55f5581e55f8 <unknown>\n#16 0x55f5581e57c2 <unknown>\n#17 0x55f5581f74a4 <unknown>\n#18 0x7fef41294ac3 <unknown>","statusTrace":"self = <tests.test_forgot_password.TestForgotPassword object at 0x7f90b9a7e9d0>\n\n    @allure.description(\"Exception catching\")\n    @allure.title(\"Exception test\")\n    @allure.link(\"https://github.com/allure-examples/\", name=\"Allure Examples\")\n    @allure.issue(\n        \"https://github.com/allure-examples/allure-examples/issues/1\", name=\"ISSUE-1\"\n    )\n    @allure.testcase(\n        \"https://github.com/allure-examples/allure-examples/issues/2\", name=\"TESTCASE-2\"\n    )\n    def test_expected_exception_on_page_title(self):\n>       self.about_page.click_login_link()\n\ntests/test_forgot_password.py:49: \n_ _ _ _ _ _ _ _ _ _ _ _ _ _ _ _ _ _ _ _ _ _ _ _ _ _ _ _ _ _ _ _ _ _ _ _ _ _ _ _ \npages/about_page.py:20: in click_login_link\n    self.click(self.LOGIN_LINK)\npages/base_page.py:38: in click\n    el: WebElement = self.wait.until(\n_ _ _ _ _ _ _ _ _ _ _ _ _ _ _ _ _ _ _ _ _ _ _ _ _ _ _ _ _ _ _ _ _ _ _ _ _ _ _ _ \n\nself = <selenium.webdriver.support.wait.WebDriverWait (session=\"e1319b9959c9b2f8e4bdf0dfc9880891\")>\nmethod = <function element_to_be_clickable.<locals>._predicate at 0x7f90b9b1ab60>\nmessage = ''\n\n    def until(self, method, message: str = \"\"):\n        \"\"\"Calls the method provided with the driver as an argument until the \\\n        return value does not evaluate to ``False``.\n    \n        :param method: callable(WebDriver)\n        :param message: optional message for :exc:`TimeoutException`\n        :returns: the result of the last call to `method`\n        :raises: :exc:`selenium.common.exceptions.TimeoutException` if timeout occurs\n        \"\"\"\n        screen = None\n        stacktrace = None\n    \n        end_time = time.monotonic() + self._timeout\n        while True:\n            try:\n                value = method(self._driver)\n                if value:\n                    return value\n            except self._ignored_exceptions as exc:\n                screen = getattr(exc, \"screen\", None)\n                stacktrace = getattr(exc, \"stacktrace\", None)\n            time.sleep(self._poll)\n            if time.monotonic() > end_time:\n                break\n>       raise TimeoutException(message, screen, stacktrace)\nE       selenium.common.exceptions.TimeoutException: Message: \nE       Stacktrace:\nE       #0 0x55f5581f8303 <unknown>\nE       #1 0x55f557edd2b7 <unknown>\nE       #2 0x55f557f28cc0 <unknown>\nE       #3 0x55f557f28db1 <unknown>\nE       #4 0x55f557f6cb44 <unknown>\nE       #5 0x55f557f4b3ad <unknown>\nE       #6 0x55f557f6a07c <unknown>\nE       #7 0x55f557f4b123 <unknown>\nE       #8 0x55f557f1b095 <unknown>\nE       #9 0x55f557f1c09e <unknown>\nE       #10 0x55f5581bc6ab <unknown>\nE       #11 0x55f5581c04ba <unknown>\nE       #12 0x55f5581a8f85 <unknown>\nE       #13 0x55f5581c112f <unknown>\nE       #14 0x55f55818ce6f <unknown>\nE       #15 0x55f5581e55f8 <unknown>\nE       #16 0x55f5581e57c2 <unknown>\nE       #17 0x55f5581f74a4 <unknown>\nE       #18 0x7fef41294ac3 <unknown>\n\n.venv/lib/python3.11/site-packages/selenium/webdriver/support/wait.py:95: TimeoutException","steps":[{"name":"Click Login link","time":{"start":1708995772135,"stop":1708995782309,"duration":10174},"status":"broken","statusMessage":"selenium.common.exceptions.TimeoutException: Message: \nStacktrace:\n#0 0x55f5581f8303 <unknown>\n#1 0x55f557edd2b7 <unknown>\n#2 0x55f557f28cc0 <unknown>\n#3 0x55f557f28db1 <unknown>\n#4 0x55f557f6cb44 <unknown>\n#5 0x55f557f4b3ad <unknown>\n#6 0x55f557f6a07c <unknown>\n#7 0x55f557f4b123 <unknown>\n#8 0x55f557f1b095 <unknown>\n#9 0x55f557f1c09e <unknown>\n#10 0x55f5581bc6ab <unknown>\n#11 0x55f5581c04ba <unknown>\n#12 0x55f5581a8f85 <unknown>\n#13 0x55f5581c112f <unknown>\n#14 0x55f55818ce6f <unknown>\n#15 0x55f5581e55f8 <unknown>\n#16 0x55f5581e57c2 <unknown>\n#17 0x55f5581f74a4 <unknown>\n#18 0x7fef41294ac3 <unknown>\n\n","statusTrace":"  File \"/home/runner/work/kisangateway-test/kisangateway-test/.venv/lib/python3.11/site-packages/allure_commons/_allure.py\", line 192, in impl\n    return func(*a, **kw)\n           ^^^^^^^^^^^^^^\n  File \"/home/runner/work/kisangateway-test/kisangateway-test/pages/about_page.py\", line 20, in click_login_link\n    self.click(self.LOGIN_LINK)\n  File \"/home/runner/work/kisangateway-test/kisangateway-test/pages/base_page.py\", line 38, in click\n    el: WebElement = self.wait.until(\n                     ^^^^^^^^^^^^^^^^\n  File \"/home/runner/work/kisangateway-test/kisangateway-test/.venv/lib/python3.11/site-packages/selenium/webdriver/support/wait.py\", line 95, in until\n    raise TimeoutException(message, screen, stacktrace)\n","steps":[],"attachments":[],"parameters":[],"shouldDisplayMessage":true,"stepsCount":0,"attachmentsCount":0,"hasContent":true,"attachmentStep":false}],"attachments":[{"uid":"b7b4e3d234089a04","name":"public ip address","source":"b7b4e3d234089a04.txt","type":"text/plain","size":14},{"uid":"3b332572bf641bd2","name":"Cookies","source":"3b332572bf641bd2.json","type":"application/json","size":527},{"uid":"95ecdba5d0d6a8a","name":"Session Storage","source":"95ecdba5d0d6a8a.json","type":"application/json","size":2},{"uid":"b5d77d85cd1a11a8","name":"Local Storage","source":"b5d77d85cd1a11a8.json","type":"application/json","size":77},{"uid":"cfe995ca9e66f715","name":"Console Logs","source":"cfe995ca9e66f715.json","type":"application/json","size":310},{"uid":"bbc733b41da0af9f","name":"Full Page Screenshot","source":"bbc733b41da0af9f.png","type":"image/png","size":2476349},{"uid":"62ec7a1bb366699c","name":"URL","source":"62ec7a1bb366699c.uri","type":"text/uri-list","size":25},{"uid":"68fe4819ef9f9120","name":"Network Logs","source":"68fe4819ef9f9120.json","type":"application/json","size":1284254}],"parameters":[],"shouldDisplayMessage":true,"stepsCount":1,"attachmentsCount":8,"hasContent":true,"attachmentStep":false},"afterStages":[],"labels":[{"name":"parentSuite","value":"Custom parent suite"},{"name":"subSuite","value":"Custom sub suite"},{"name":"story","value":"Forgot Password Feature's Functionality"},{"name":"severity","value":"critical"},{"name":"epic","value":"Security"},{"name":"suite","value":"Custom suite"},{"name":"tag","value":"security"},{"name":"host","value":"fv-az693-749"},{"name":"thread","value":"2425-MainThread"},{"name":"framework","value":"pytest"},{"name":"language","value":"cpython3"},{"name":"package","value":"tests.test_forgot_password"},{"name":"resultFormat","value":"allure2"}],"parameters":[],"links":[{"name":"TESTCASE-2","url":"https://github.com/allure-examples/allure-examples/issues/2","type":"tms"},{"name":"ISSUE-1","url":"https://github.com/allure-examples/allure-examples/issues/1","type":"issue"},{"name":"Allure Examples","url":"https://github.com/allure-examples/","type":"link"}],"hidden":false,"retry":false,"extra":{"severity":"critical","retries":[],"categories":[{"name":"Test defects","matchedStatuses":[],"flaky":false}],"tags":["security"]},"source":"98c9f384c50cb514.json","parameterValues":[]}