{"uid":"7ae6e4085bd77ace","name":"Forgot Password with invalid email test","fullName":"tests.test_forgot_password.TestForgotPassword#test_invalid_email","historyId":"3743e16c5d15da2a1434ee4e2dd39a43","time":{"start":1709686996950,"stop":1709687007346,"duration":10396},"description":"Forgot Password with invalid email address","descriptionHtml":"<p>Forgot Password with invalid email address</p>\n","status":"broken","statusMessage":"selenium.common.exceptions.TimeoutException: Message: \nStacktrace:\n#0 0x56441540b793 <unknown>\n#1 0x5644150ff1c6 <unknown>\n#2 0x56441514a358 <unknown>\n#3 0x56441514a411 <unknown>\n#4 0x56441518d934 <unknown>\n#5 0x56441516c3fd <unknown>\n#6 0x56441518add9 <unknown>\n#7 0x56441516c173 <unknown>\n#8 0x56441513d2d3 <unknown>\n#9 0x56441513dc9e <unknown>\n#10 0x5644153cf8cb <unknown>\n#11 0x5644153d3745 <unknown>\n#12 0x5644153bc2e1 <unknown>\n#13 0x5644153d42d2 <unknown>\n#14 0x5644153a017f <unknown>\n#15 0x5644153f9dc8 <unknown>\n#16 0x5644153f9fc3 <unknown>\n#17 0x56441540a944 <unknown>\n#18 0x7f5843a94ac3 <unknown>","statusTrace":"self = <tests.test_forgot_password.TestForgotPassword object at 0x7f4cf188dd10>\nexcel_reader = <utils.excel_parser.ExcelParser object at 0x7f4cf15a7150>\njson_data = {'forgot_password': {'error_message': \"We can't find a user with that e-mail address.\", 'success_message': 'A reset li...you page', 'name': 'test', 'new_name': 'another test', 'no_project_found_msg': 'No project matches the criteria', ...}}\n\n    @allure.description(\"Forgot Password with invalid email address\")\n    @allure.title(\"Forgot Password with invalid email test\")\n    def test_invalid_email(self, excel_reader, json_data: dict):\n        emails = excel_reader.read_from_excel(\"Emails\")\n>       self.about_page.click_login_link()\n\ntests/test_forgot_password.py:31: \n_ _ _ _ _ _ _ _ _ _ _ _ _ _ _ _ _ _ _ _ _ _ _ _ _ _ _ _ _ _ _ _ _ _ _ _ _ _ _ _ \npages/about_page.py:20: in click_login_link\n    self.click(self.LOGIN_LINK)\npages/base_page.py:38: in click\n    el: WebElement = self.wait.until(\n_ _ _ _ _ _ _ _ _ _ _ _ _ _ _ _ _ _ _ _ _ _ _ _ _ _ _ _ _ _ _ _ _ _ _ _ _ _ _ _ \n\nself = <selenium.webdriver.support.wait.WebDriverWait (session=\"3553005e04b92e8f241a3d3a630a52d4\")>\nmethod = <function element_to_be_clickable.<locals>._predicate at 0x7f4cf169e0c0>\nmessage = ''\n\n    def until(self, method, message: str = \"\"):\n        \"\"\"Calls the method provided with the driver as an argument until the \\\n        return value does not evaluate to ``False``.\n    \n        :param method: callable(WebDriver)\n        :param message: optional message for :exc:`TimeoutException`\n        :returns: the result of the last call to `method`\n        :raises: :exc:`selenium.common.exceptions.TimeoutException` if timeout occurs\n        \"\"\"\n        screen = None\n        stacktrace = None\n    \n        end_time = time.monotonic() + self._timeout\n        while True:\n            try:\n                value = method(self._driver)\n                if value:\n                    return value\n            except self._ignored_exceptions as exc:\n                screen = getattr(exc, \"screen\", None)\n                stacktrace = getattr(exc, \"stacktrace\", None)\n            time.sleep(self._poll)\n            if time.monotonic() > end_time:\n                break\n>       raise TimeoutException(message, screen, stacktrace)\nE       selenium.common.exceptions.TimeoutException: Message: \nE       Stacktrace:\nE       #0 0x56441540b793 <unknown>\nE       #1 0x5644150ff1c6 <unknown>\nE       #2 0x56441514a358 <unknown>\nE       #3 0x56441514a411 <unknown>\nE       #4 0x56441518d934 <unknown>\nE       #5 0x56441516c3fd <unknown>\nE       #6 0x56441518add9 <unknown>\nE       #7 0x56441516c173 <unknown>\nE       #8 0x56441513d2d3 <unknown>\nE       #9 0x56441513dc9e <unknown>\nE       #10 0x5644153cf8cb <unknown>\nE       #11 0x5644153d3745 <unknown>\nE       #12 0x5644153bc2e1 <unknown>\nE       #13 0x5644153d42d2 <unknown>\nE       #14 0x5644153a017f <unknown>\nE       #15 0x5644153f9dc8 <unknown>\nE       #16 0x5644153f9fc3 <unknown>\nE       #17 0x56441540a944 <unknown>\nE       #18 0x7f5843a94ac3 <unknown>\n\n.venv/lib/python3.11/site-packages/selenium/webdriver/support/wait.py:95: TimeoutException","flaky":false,"newFailed":false,"newBroken":false,"newPassed":false,"retriesCount":0,"retriesStatusChange":false,"beforeStages":[{"name":"_verify_url","time":{"start":1709686817018,"stop":1709686817018,"duration":0},"status":"passed","steps":[],"attachments":[],"parameters":[],"shouldDisplayMessage":false,"stepsCount":0,"attachmentsCount":0,"hasContent":false,"attachmentStep":false},{"name":"base_url","time":{"start":1709686817018,"stop":1709686817018,"duration":0},"status":"passed","steps":[],"attachments":[],"parameters":[],"shouldDisplayMessage":false,"stepsCount":0,"attachmentsCount":0,"hasContent":false,"attachmentStep":false},{"name":"json_data","time":{"start":1709686817019,"stop":1709686817019,"duration":0},"status":"passed","steps":[],"attachments":[],"parameters":[],"shouldDisplayMessage":false,"stepsCount":0,"attachmentsCount":0,"hasContent":false,"attachmentStep":false},{"name":"excel_reader","time":{"start":1709686996950,"stop":1709686996950,"duration":0},"status":"passed","steps":[],"attachments":[],"parameters":[],"shouldDisplayMessage":false,"stepsCount":0,"attachmentsCount":0,"hasContent":false,"attachmentStep":false}],"testStage":{"description":"Forgot Password with invalid email address","status":"broken","statusMessage":"selenium.common.exceptions.TimeoutException: Message: \nStacktrace:\n#0 0x56441540b793 <unknown>\n#1 0x5644150ff1c6 <unknown>\n#2 0x56441514a358 <unknown>\n#3 0x56441514a411 <unknown>\n#4 0x56441518d934 <unknown>\n#5 0x56441516c3fd <unknown>\n#6 0x56441518add9 <unknown>\n#7 0x56441516c173 <unknown>\n#8 0x56441513d2d3 <unknown>\n#9 0x56441513dc9e <unknown>\n#10 0x5644153cf8cb <unknown>\n#11 0x5644153d3745 <unknown>\n#12 0x5644153bc2e1 <unknown>\n#13 0x5644153d42d2 <unknown>\n#14 0x5644153a017f <unknown>\n#15 0x5644153f9dc8 <unknown>\n#16 0x5644153f9fc3 <unknown>\n#17 0x56441540a944 <unknown>\n#18 0x7f5843a94ac3 <unknown>","statusTrace":"self = <tests.test_forgot_password.TestForgotPassword object at 0x7f4cf188dd10>\nexcel_reader = <utils.excel_parser.ExcelParser object at 0x7f4cf15a7150>\njson_data = {'forgot_password': {'error_message': \"We can't find a user with that e-mail address.\", 'success_message': 'A reset li...you page', 'name': 'test', 'new_name': 'another test', 'no_project_found_msg': 'No project matches the criteria', ...}}\n\n    @allure.description(\"Forgot Password with invalid email address\")\n    @allure.title(\"Forgot Password with invalid email test\")\n    def test_invalid_email(self, excel_reader, json_data: dict):\n        emails = excel_reader.read_from_excel(\"Emails\")\n>       self.about_page.click_login_link()\n\ntests/test_forgot_password.py:31: \n_ _ _ _ _ _ _ _ _ _ _ _ _ _ _ _ _ _ _ _ _ _ _ _ _ _ _ _ _ _ _ _ _ _ _ _ _ _ _ _ \npages/about_page.py:20: in click_login_link\n    self.click(self.LOGIN_LINK)\npages/base_page.py:38: in click\n    el: WebElement = self.wait.until(\n_ _ _ _ _ _ _ _ _ _ _ _ _ _ _ _ _ _ _ _ _ _ _ _ _ _ _ _ _ _ _ _ _ _ _ _ _ _ _ _ \n\nself = <selenium.webdriver.support.wait.WebDriverWait (session=\"3553005e04b92e8f241a3d3a630a52d4\")>\nmethod = <function element_to_be_clickable.<locals>._predicate at 0x7f4cf169e0c0>\nmessage = ''\n\n    def until(self, method, message: str = \"\"):\n        \"\"\"Calls the method provided with the driver as an argument until the \\\n        return value does not evaluate to ``False``.\n    \n        :param method: callable(WebDriver)\n        :param message: optional message for :exc:`TimeoutException`\n        :returns: the result of the last call to `method`\n        :raises: :exc:`selenium.common.exceptions.TimeoutException` if timeout occurs\n        \"\"\"\n        screen = None\n        stacktrace = None\n    \n        end_time = time.monotonic() + self._timeout\n        while True:\n            try:\n                value = method(self._driver)\n                if value:\n                    return value\n            except self._ignored_exceptions as exc:\n                screen = getattr(exc, \"screen\", None)\n                stacktrace = getattr(exc, \"stacktrace\", None)\n            time.sleep(self._poll)\n            if time.monotonic() > end_time:\n                break\n>       raise TimeoutException(message, screen, stacktrace)\nE       selenium.common.exceptions.TimeoutException: Message: \nE       Stacktrace:\nE       #0 0x56441540b793 <unknown>\nE       #1 0x5644150ff1c6 <unknown>\nE       #2 0x56441514a358 <unknown>\nE       #3 0x56441514a411 <unknown>\nE       #4 0x56441518d934 <unknown>\nE       #5 0x56441516c3fd <unknown>\nE       #6 0x56441518add9 <unknown>\nE       #7 0x56441516c173 <unknown>\nE       #8 0x56441513d2d3 <unknown>\nE       #9 0x56441513dc9e <unknown>\nE       #10 0x5644153cf8cb <unknown>\nE       #11 0x5644153d3745 <unknown>\nE       #12 0x5644153bc2e1 <unknown>\nE       #13 0x5644153d42d2 <unknown>\nE       #14 0x5644153a017f <unknown>\nE       #15 0x5644153f9dc8 <unknown>\nE       #16 0x5644153f9fc3 <unknown>\nE       #17 0x56441540a944 <unknown>\nE       #18 0x7f5843a94ac3 <unknown>\n\n.venv/lib/python3.11/site-packages/selenium/webdriver/support/wait.py:95: TimeoutException","steps":[{"name":"Click Login link","time":{"start":1709686997011,"stop":1709687007346,"duration":10335},"status":"broken","statusMessage":"selenium.common.exceptions.TimeoutException: Message: \nStacktrace:\n#0 0x56441540b793 <unknown>\n#1 0x5644150ff1c6 <unknown>\n#2 0x56441514a358 <unknown>\n#3 0x56441514a411 <unknown>\n#4 0x56441518d934 <unknown>\n#5 0x56441516c3fd <unknown>\n#6 0x56441518add9 <unknown>\n#7 0x56441516c173 <unknown>\n#8 0x56441513d2d3 <unknown>\n#9 0x56441513dc9e <unknown>\n#10 0x5644153cf8cb <unknown>\n#11 0x5644153d3745 <unknown>\n#12 0x5644153bc2e1 <unknown>\n#13 0x5644153d42d2 <unknown>\n#14 0x5644153a017f <unknown>\n#15 0x5644153f9dc8 <unknown>\n#16 0x5644153f9fc3 <unknown>\n#17 0x56441540a944 <unknown>\n#18 0x7f5843a94ac3 <unknown>\n\n","statusTrace":"  File \"/home/runner/work/kisangateway-test/kisangateway-test/.venv/lib/python3.11/site-packages/allure_commons/_allure.py\", line 192, in impl\n    return func(*a, **kw)\n           ^^^^^^^^^^^^^^\n  File \"/home/runner/work/kisangateway-test/kisangateway-test/pages/about_page.py\", line 20, in click_login_link\n    self.click(self.LOGIN_LINK)\n  File \"/home/runner/work/kisangateway-test/kisangateway-test/pages/base_page.py\", line 38, in click\n    el: WebElement = self.wait.until(\n                     ^^^^^^^^^^^^^^^^\n  File \"/home/runner/work/kisangateway-test/kisangateway-test/.venv/lib/python3.11/site-packages/selenium/webdriver/support/wait.py\", line 95, in until\n    raise TimeoutException(message, screen, stacktrace)\n","steps":[],"attachments":[],"parameters":[],"shouldDisplayMessage":true,"stepsCount":0,"attachmentsCount":0,"hasContent":true,"attachmentStep":false}],"attachments":[{"uid":"a595aeb038920288","name":"public ip address","source":"a595aeb038920288.txt","type":"text/plain","size":15},{"uid":"49fbf552943392ca","name":"Cookies","source":"49fbf552943392ca.json","type":"application/json","size":526},{"uid":"778ff1c1e29df85d","name":"Session Storage","source":"778ff1c1e29df85d.json","type":"application/json","size":2},{"uid":"f21cd34f314662f8","name":"Local Storage","source":"f21cd34f314662f8.json","type":"application/json","size":77},{"uid":"572bce5932998644","name":"Console Logs","source":"572bce5932998644.json","type":"application/json","size":310},{"uid":"5600b29fda71d6c1","name":"Full Page Screenshot","source":"5600b29fda71d6c1.png","type":"image/png","size":2477225},{"uid":"d29e3accb848d1b6","name":"URL","source":"d29e3accb848d1b6.uri","type":"text/uri-list","size":25},{"uid":"fa7fed9b0619b8e3","name":"Network Logs","source":"fa7fed9b0619b8e3.json","type":"application/json","size":1285357}],"parameters":[],"shouldDisplayMessage":true,"stepsCount":1,"attachmentsCount":8,"hasContent":true,"attachmentStep":false},"afterStages":[],"labels":[{"name":"severity","value":"critical"},{"name":"story","value":"Forgot Password Feature's Functionality"},{"name":"subSuite","value":"Custom sub suite"},{"name":"suite","value":"Custom suite"},{"name":"parentSuite","value":"Custom parent suite"},{"name":"epic","value":"Security"},{"name":"tag","value":"security"},{"name":"host","value":"fv-az1427-765"},{"name":"thread","value":"2175-MainThread"},{"name":"framework","value":"pytest"},{"name":"language","value":"cpython3"},{"name":"package","value":"tests.test_forgot_password"},{"name":"resultFormat","value":"allure2"}],"parameters":[],"links":[],"hidden":false,"retry":false,"extra":{"severity":"critical","retries":[],"categories":[{"name":"Test defects","matchedStatuses":[],"flaky":false}],"tags":["security"]},"source":"7ae6e4085bd77ace.json","parameterValues":[]}