{"uid":"c5893f199a4f575","name":"Number of projects displayed in page test","fullName":"tests.test_workspaces.TestWorkspaces#test_number_of_existing_projects","historyId":"ff3981f856ce65274378063348b0abd4","time":{"start":1706576521388,"stop":1706576521388,"duration":0},"description":"Compare between the actual number of projects seen on page and the number shown in workspaces block","descriptionHtml":"<p>Compare between the actual number of projects seen on page and the number shown in workspaces block</p>\n","status":"broken","statusMessage":"selenium.common.exceptions.TimeoutException: Message: \nStacktrace:\n#0 0x56132a97cf83 <unknown>\n#1 0x56132a635cf7 <unknown>\n#2 0x56132a68599e <unknown>\n#3 0x56132a685aa1 <unknown>\n#4 0x56132a6d0d64 <unknown>\n#5 0x56132a6af0dd <unknown>\n#6 0x56132a6ce006 <unknown>\n#7 0x56132a6aee53 <unknown>\n#8 0x56132a676dd4 <unknown>\n#9 0x56132a6781de <unknown>\n#10 0x56132a941531 <unknown>\n#11 0x56132a945455 <unknown>\n#12 0x56132a92df55 <unknown>\n#13 0x56132a9460ef <unknown>\n#14 0x56132a91199f <unknown>\n#15 0x56132a96a008 <unknown>\n#16 0x56132a96a1d7 <unknown>\n#17 0x56132a97c124 <unknown>\n#18 0x7f066b094ac3 <unknown>","statusTrace":"self = <tests.test_workspaces.TestWorkspaces object at 0x7f899a3e7750>\nsecret_data = {'email': '', 'password': ''}\n\n    @pytest.fixture(autouse=True)\n    def setup_method_fixture(self, secret_data: dict):\n>       login(secret_data, self.about_page, self.login_page)\n\ntests/test_workspaces.py:23: \n_ _ _ _ _ _ _ _ _ _ _ _ _ _ _ _ _ _ _ _ _ _ _ _ _ _ _ _ _ _ _ _ _ _ _ _ _ _ _ _ \ntests/test_workspaces.py:13: in login\n    about_page.click_login_link()\npages/about_page.py:20: in click_login_link\n    self.click(self.LOGIN_LINK)\npages/base_page.py:38: in click\n    el: WebElement = self.wait.until(\n_ _ _ _ _ _ _ _ _ _ _ _ _ _ _ _ _ _ _ _ _ _ _ _ _ _ _ _ _ _ _ _ _ _ _ _ _ _ _ _ \n\nself = <selenium.webdriver.support.wait.WebDriverWait (session=\"5f4eee0229f6cf86e708d6b4d1c714fb\")>\nmethod = <function element_to_be_clickable.<locals>._predicate at 0x7f8999f7c0e0>\nmessage = ''\n\n    def until(self, method, message: str = \"\"):\n        \"\"\"Calls the method provided with the driver as an argument until the \\\n        return value does not evaluate to ``False``.\n    \n        :param method: callable(WebDriver)\n        :param message: optional message for :exc:`TimeoutException`\n        :returns: the result of the last call to `method`\n        :raises: :exc:`selenium.common.exceptions.TimeoutException` if timeout occurs\n        \"\"\"\n        screen = None\n        stacktrace = None\n    \n        end_time = time.monotonic() + self._timeout\n        while True:\n            try:\n                value = method(self._driver)\n                if value:\n                    return value\n            except self._ignored_exceptions as exc:\n                screen = getattr(exc, \"screen\", None)\n                stacktrace = getattr(exc, \"stacktrace\", None)\n            time.sleep(self._poll)\n            if time.monotonic() > end_time:\n                break\n>       raise TimeoutException(message, screen, stacktrace)\nE       selenium.common.exceptions.TimeoutException: Message: \nE       Stacktrace:\nE       #0 0x56132a97cf83 <unknown>\nE       #1 0x56132a635cf7 <unknown>\nE       #2 0x56132a68599e <unknown>\nE       #3 0x56132a685aa1 <unknown>\nE       #4 0x56132a6d0d64 <unknown>\nE       #5 0x56132a6af0dd <unknown>\nE       #6 0x56132a6ce006 <unknown>\nE       #7 0x56132a6aee53 <unknown>\nE       #8 0x56132a676dd4 <unknown>\nE       #9 0x56132a6781de <unknown>\nE       #10 0x56132a941531 <unknown>\nE       #11 0x56132a945455 <unknown>\nE       #12 0x56132a92df55 <unknown>\nE       #13 0x56132a9460ef <unknown>\nE       #14 0x56132a91199f <unknown>\nE       #15 0x56132a96a008 <unknown>\nE       #16 0x56132a96a1d7 <unknown>\nE       #17 0x56132a97c124 <unknown>\nE       #18 0x7f066b094ac3 <unknown>\n\n.venv/lib/python3.11/site-packages/selenium/webdriver/support/wait.py:95: TimeoutException","flaky":false,"newFailed":false,"newBroken":false,"newPassed":false,"retriesCount":0,"retriesStatusChange":false,"beforeStages":[{"name":"base_url","time":{"start":1706576434043,"stop":1706576434043,"duration":0},"status":"passed","steps":[],"attachments":[],"parameters":[],"hasContent":false,"attachmentStep":false,"shouldDisplayMessage":false,"stepsCount":0,"attachmentsCount":0},{"name":"secret_data","time":{"start":1706576434043,"stop":1706576434044,"duration":1},"status":"passed","steps":[],"attachments":[],"parameters":[],"hasContent":false,"attachmentStep":false,"shouldDisplayMessage":false,"stepsCount":0,"attachmentsCount":0},{"name":"_verify_url","time":{"start":1706576434043,"stop":1706576434043,"duration":0},"status":"passed","steps":[],"attachments":[],"parameters":[],"hasContent":false,"attachmentStep":false,"shouldDisplayMessage":false,"stepsCount":0,"attachmentsCount":0},{"name":"setup_method_fixture","time":{"start":1706576522518,"stop":1706576532705,"duration":10187},"status":"broken","statusMessage":"selenium.common.exceptions.TimeoutException: Message: \nStacktrace:\n#0 0x56132a97cf83 <unknown>\n#1 0x56132a635cf7 <unknown>\n#2 0x56132a68599e <unknown>\n#3 0x56132a685aa1 <unknown>\n#4 0x56132a6d0d64 <unknown>\n#5 0x56132a6af0dd <unknown>\n#6 0x56132a6ce006 <unknown>\n#7 0x56132a6aee53 <unknown>\n#8 0x56132a676dd4 <unknown>\n#9 0x56132a6781de <unknown>\n#10 0x56132a941531 <unknown>\n#11 0x56132a945455 <unknown>\n#12 0x56132a92df55 <unknown>\n#13 0x56132a9460ef <unknown>\n#14 0x56132a91199f <unknown>\n#15 0x56132a96a008 <unknown>\n#16 0x56132a96a1d7 <unknown>\n#17 0x56132a97c124 <unknown>\n#18 0x7f066b094ac3 <unknown>\n\n","statusTrace":"  File \"/home/runner/work/kisangateway-test/kisangateway-test/.venv/lib/python3.11/site-packages/pluggy/_callers.py\", line 80, in _multicall\n    res = hook_impl.function(*args)\n          ^^^^^^^^^^^^^^^^^^^^^^^^^\n  File \"/home/runner/work/kisangateway-test/kisangateway-test/.venv/lib/python3.11/site-packages/_pytest/fixtures.py\", line 1123, in pytest_fixture_setup\n    result = call_fixture_func(fixturefunc, request, kwargs)\n             ^^^^^^^^^^^^^^^^^^^^^^^^^^^^^^^^^^^^^^^^^^^^^^^\n  File \"/home/runner/work/kisangateway-test/kisangateway-test/.venv/lib/python3.11/site-packages/_pytest/fixtures.py\", line 902, in call_fixture_func\n    fixture_result = fixturefunc(**kwargs)\n                     ^^^^^^^^^^^^^^^^^^^^^\n  File \"/home/runner/work/kisangateway-test/kisangateway-test/tests/test_workspaces.py\", line 23, in setup_method_fixture\n    login(secret_data, self.about_page, self.login_page)\n  File \"/home/runner/work/kisangateway-test/kisangateway-test/tests/test_workspaces.py\", line 13, in login\n    about_page.click_login_link()\n  File \"/home/runner/work/kisangateway-test/kisangateway-test/.venv/lib/python3.11/site-packages/allure_commons/_allure.py\", line 192, in impl\n    return func(*a, **kw)\n           ^^^^^^^^^^^^^^\n  File \"/home/runner/work/kisangateway-test/kisangateway-test/pages/about_page.py\", line 20, in click_login_link\n    self.click(self.LOGIN_LINK)\n  File \"/home/runner/work/kisangateway-test/kisangateway-test/pages/base_page.py\", line 38, in click\n    el: WebElement = self.wait.until(\n                     ^^^^^^^^^^^^^^^^\n  File \"/home/runner/work/kisangateway-test/kisangateway-test/.venv/lib/python3.11/site-packages/selenium/webdriver/support/wait.py\", line 95, in until\n    raise TimeoutException(message, screen, stacktrace)\n","steps":[{"name":"Click Login link","time":{"start":1706576522518,"stop":1706576532705,"duration":10187},"status":"broken","statusMessage":"selenium.common.exceptions.TimeoutException: Message: \nStacktrace:\n#0 0x56132a97cf83 <unknown>\n#1 0x56132a635cf7 <unknown>\n#2 0x56132a68599e <unknown>\n#3 0x56132a685aa1 <unknown>\n#4 0x56132a6d0d64 <unknown>\n#5 0x56132a6af0dd <unknown>\n#6 0x56132a6ce006 <unknown>\n#7 0x56132a6aee53 <unknown>\n#8 0x56132a676dd4 <unknown>\n#9 0x56132a6781de <unknown>\n#10 0x56132a941531 <unknown>\n#11 0x56132a945455 <unknown>\n#12 0x56132a92df55 <unknown>\n#13 0x56132a9460ef <unknown>\n#14 0x56132a91199f <unknown>\n#15 0x56132a96a008 <unknown>\n#16 0x56132a96a1d7 <unknown>\n#17 0x56132a97c124 <unknown>\n#18 0x7f066b094ac3 <unknown>\n\n","statusTrace":"  File \"/home/runner/work/kisangateway-test/kisangateway-test/.venv/lib/python3.11/site-packages/allure_commons/_allure.py\", line 192, in impl\n    return func(*a, **kw)\n           ^^^^^^^^^^^^^^\n  File \"/home/runner/work/kisangateway-test/kisangateway-test/pages/about_page.py\", line 20, in click_login_link\n    self.click(self.LOGIN_LINK)\n  File \"/home/runner/work/kisangateway-test/kisangateway-test/pages/base_page.py\", line 38, in click\n    el: WebElement = self.wait.until(\n                     ^^^^^^^^^^^^^^^^\n  File \"/home/runner/work/kisangateway-test/kisangateway-test/.venv/lib/python3.11/site-packages/selenium/webdriver/support/wait.py\", line 95, in until\n    raise TimeoutException(message, screen, stacktrace)\n","steps":[],"attachments":[],"parameters":[],"hasContent":true,"attachmentStep":false,"shouldDisplayMessage":true,"stepsCount":0,"attachmentsCount":0}],"attachments":[],"parameters":[],"hasContent":true,"attachmentStep":false,"shouldDisplayMessage":false,"stepsCount":1,"attachmentsCount":0}],"testStage":{"description":"Compare between the actual number of projects seen on page and the number shown in workspaces block","status":"broken","statusMessage":"selenium.common.exceptions.TimeoutException: Message: \nStacktrace:\n#0 0x56132a97cf83 <unknown>\n#1 0x56132a635cf7 <unknown>\n#2 0x56132a68599e <unknown>\n#3 0x56132a685aa1 <unknown>\n#4 0x56132a6d0d64 <unknown>\n#5 0x56132a6af0dd <unknown>\n#6 0x56132a6ce006 <unknown>\n#7 0x56132a6aee53 <unknown>\n#8 0x56132a676dd4 <unknown>\n#9 0x56132a6781de <unknown>\n#10 0x56132a941531 <unknown>\n#11 0x56132a945455 <unknown>\n#12 0x56132a92df55 <unknown>\n#13 0x56132a9460ef <unknown>\n#14 0x56132a91199f <unknown>\n#15 0x56132a96a008 <unknown>\n#16 0x56132a96a1d7 <unknown>\n#17 0x56132a97c124 <unknown>\n#18 0x7f066b094ac3 <unknown>","statusTrace":"self = <tests.test_workspaces.TestWorkspaces object at 0x7f899a3e7750>\nsecret_data = {'email': '', 'password': ''}\n\n    @pytest.fixture(autouse=True)\n    def setup_method_fixture(self, secret_data: dict):\n>       login(secret_data, self.about_page, self.login_page)\n\ntests/test_workspaces.py:23: \n_ _ _ _ _ _ _ _ _ _ _ _ _ _ _ _ _ _ _ _ _ _ _ _ _ _ _ _ _ _ _ _ _ _ _ _ _ _ _ _ \ntests/test_workspaces.py:13: in login\n    about_page.click_login_link()\npages/about_page.py:20: in click_login_link\n    self.click(self.LOGIN_LINK)\npages/base_page.py:38: in click\n    el: WebElement = self.wait.until(\n_ _ _ _ _ _ _ _ _ _ _ _ _ _ _ _ _ _ _ _ _ _ _ _ _ _ _ _ _ _ _ _ _ _ _ _ _ _ _ _ \n\nself = <selenium.webdriver.support.wait.WebDriverWait (session=\"5f4eee0229f6cf86e708d6b4d1c714fb\")>\nmethod = <function element_to_be_clickable.<locals>._predicate at 0x7f8999f7c0e0>\nmessage = ''\n\n    def until(self, method, message: str = \"\"):\n        \"\"\"Calls the method provided with the driver as an argument until the \\\n        return value does not evaluate to ``False``.\n    \n        :param method: callable(WebDriver)\n        :param message: optional message for :exc:`TimeoutException`\n        :returns: the result of the last call to `method`\n        :raises: :exc:`selenium.common.exceptions.TimeoutException` if timeout occurs\n        \"\"\"\n        screen = None\n        stacktrace = None\n    \n        end_time = time.monotonic() + self._timeout\n        while True:\n            try:\n                value = method(self._driver)\n                if value:\n                    return value\n            except self._ignored_exceptions as exc:\n                screen = getattr(exc, \"screen\", None)\n                stacktrace = getattr(exc, \"stacktrace\", None)\n            time.sleep(self._poll)\n            if time.monotonic() > end_time:\n                break\n>       raise TimeoutException(message, screen, stacktrace)\nE       selenium.common.exceptions.TimeoutException: Message: \nE       Stacktrace:\nE       #0 0x56132a97cf83 <unknown>\nE       #1 0x56132a635cf7 <unknown>\nE       #2 0x56132a68599e <unknown>\nE       #3 0x56132a685aa1 <unknown>\nE       #4 0x56132a6d0d64 <unknown>\nE       #5 0x56132a6af0dd <unknown>\nE       #6 0x56132a6ce006 <unknown>\nE       #7 0x56132a6aee53 <unknown>\nE       #8 0x56132a676dd4 <unknown>\nE       #9 0x56132a6781de <unknown>\nE       #10 0x56132a941531 <unknown>\nE       #11 0x56132a945455 <unknown>\nE       #12 0x56132a92df55 <unknown>\nE       #13 0x56132a9460ef <unknown>\nE       #14 0x56132a91199f <unknown>\nE       #15 0x56132a96a008 <unknown>\nE       #16 0x56132a96a1d7 <unknown>\nE       #17 0x56132a97c124 <unknown>\nE       #18 0x7f066b094ac3 <unknown>\n\n.venv/lib/python3.11/site-packages/selenium/webdriver/support/wait.py:95: TimeoutException","steps":[],"attachments":[{"uid":"1969894d51315f6c","name":"public ip address","source":"1969894d51315f6c.txt","type":"text/plain","size":12},{"uid":"6db811e750c5e12a","name":"Cookies","source":"6db811e750c5e12a.json","type":"application/json","size":2},{"uid":"aeea4be1e75e2596","name":"Session Storage","source":"aeea4be1e75e2596.json","type":"application/json","size":2},{"uid":"34e5b5f43f933c6b","name":"Local Storage","source":"34e5b5f43f933c6b.json","type":"application/json","size":77},{"uid":"9613857fde0c9891","name":"Console Logs","source":"9613857fde0c9891.json","type":"application/json","size":599},{"uid":"7cdf6a0c728a7651","name":"Full Page Screenshot","source":"7cdf6a0c728a7651.png","type":"image/png","size":2647721},{"uid":"3f309710355025ca","name":"URL","source":"3f309710355025ca.uri","type":"text/uri-list","size":25},{"uid":"a23cd17e5f5435a9","name":"Network Logs","source":"a23cd17e5f5435a9.json","type":"application/json","size":1280880}],"parameters":[],"hasContent":true,"attachmentStep":false,"shouldDisplayMessage":true,"stepsCount":0,"attachmentsCount":8},"afterStages":[],"labels":[{"name":"epic","value":"Workspaces"},{"name":"severity","value":"normal"},{"name":"story","value":"WorkSpaces Creation and Editing Functionality"},{"name":"tag","value":"run(order=4)"},{"name":"parentSuite","value":"tests"},{"name":"suite","value":"test_workspaces"},{"name":"subSuite","value":"TestWorkspaces"},{"name":"host","value":"fv-az1456-261"},{"name":"thread","value":"2184-MainThread"},{"name":"framework","value":"pytest"},{"name":"language","value":"cpython3"},{"name":"package","value":"tests.test_workspaces"},{"name":"resultFormat","value":"allure2"}],"parameters":[],"links":[],"hidden":false,"retry":false,"extra":{"severity":"normal","retries":[],"categories":[{"name":"Test defects","matchedStatuses":[],"flaky":false}],"tags":["run(order=4)"]},"source":"c5893f199a4f575.json","parameterValues":[]}