{"uid":"fa2757ff7d4dd33f","name":"Delete existing project","fullName":"tests.test_workspaces.TestWorkspaces#test_delete_project","historyId":"ec4959b9902b11e4378ec1736393f0f6","time":{"start":1706576585711,"stop":1706576585711,"duration":0},"description":"Deleting an existing project from workspace","descriptionHtml":"<p>Deleting an existing project from workspace</p>\n","status":"broken","statusMessage":"selenium.common.exceptions.TimeoutException: Message: \nStacktrace:\n#0 0x55d24f96ef83 <unknown>\n#1 0x55d24f627cf7 <unknown>\n#2 0x55d24f67799e <unknown>\n#3 0x55d24f677aa1 <unknown>\n#4 0x55d24f6c2d64 <unknown>\n#5 0x55d24f6a10dd <unknown>\n#6 0x55d24f6c0006 <unknown>\n#7 0x55d24f6a0e53 <unknown>\n#8 0x55d24f668dd4 <unknown>\n#9 0x55d24f66a1de <unknown>\n#10 0x55d24f933531 <unknown>\n#11 0x55d24f937455 <unknown>\n#12 0x55d24f91ff55 <unknown>\n#13 0x55d24f9380ef <unknown>\n#14 0x55d24f90399f <unknown>\n#15 0x55d24f95c008 <unknown>\n#16 0x55d24f95c1d7 <unknown>\n#17 0x55d24f96e124 <unknown>\n#18 0x7f732fa94ac3 <unknown>","statusTrace":"self = <tests.test_workspaces.TestWorkspaces object at 0x7f899a366b50>\nsecret_data = {'email': '', 'password': ''}\n\n    @pytest.fixture(autouse=True)\n    def setup_method_fixture(self, secret_data: dict):\n>       login(secret_data, self.about_page, self.login_page)\n\ntests/test_workspaces.py:23: \n_ _ _ _ _ _ _ _ _ _ _ _ _ _ _ _ _ _ _ _ _ _ _ _ _ _ _ _ _ _ _ _ _ _ _ _ _ _ _ _ \ntests/test_workspaces.py:13: in login\n    about_page.click_login_link()\npages/about_page.py:20: in click_login_link\n    self.click(self.LOGIN_LINK)\npages/base_page.py:38: in click\n    el: WebElement = self.wait.until(\n_ _ _ _ _ _ _ _ _ _ _ _ _ _ _ _ _ _ _ _ _ _ _ _ _ _ _ _ _ _ _ _ _ _ _ _ _ _ _ _ \n\nself = <selenium.webdriver.support.wait.WebDriverWait (session=\"c3c4bdca7036803c7d3a63997655f0d6\")>\nmethod = <function element_to_be_clickable.<locals>._predicate at 0x7f8999f7dda0>\nmessage = ''\n\n    def until(self, method, message: str = \"\"):\n        \"\"\"Calls the method provided with the driver as an argument until the \\\n        return value does not evaluate to ``False``.\n    \n        :param method: callable(WebDriver)\n        :param message: optional message for :exc:`TimeoutException`\n        :returns: the result of the last call to `method`\n        :raises: :exc:`selenium.common.exceptions.TimeoutException` if timeout occurs\n        \"\"\"\n        screen = None\n        stacktrace = None\n    \n        end_time = time.monotonic() + self._timeout\n        while True:\n            try:\n                value = method(self._driver)\n                if value:\n                    return value\n            except self._ignored_exceptions as exc:\n                screen = getattr(exc, \"screen\", None)\n                stacktrace = getattr(exc, \"stacktrace\", None)\n            time.sleep(self._poll)\n            if time.monotonic() > end_time:\n                break\n>       raise TimeoutException(message, screen, stacktrace)\nE       selenium.common.exceptions.TimeoutException: Message: \nE       Stacktrace:\nE       #0 0x55d24f96ef83 <unknown>\nE       #1 0x55d24f627cf7 <unknown>\nE       #2 0x55d24f67799e <unknown>\nE       #3 0x55d24f677aa1 <unknown>\nE       #4 0x55d24f6c2d64 <unknown>\nE       #5 0x55d24f6a10dd <unknown>\nE       #6 0x55d24f6c0006 <unknown>\nE       #7 0x55d24f6a0e53 <unknown>\nE       #8 0x55d24f668dd4 <unknown>\nE       #9 0x55d24f66a1de <unknown>\nE       #10 0x55d24f933531 <unknown>\nE       #11 0x55d24f937455 <unknown>\nE       #12 0x55d24f91ff55 <unknown>\nE       #13 0x55d24f9380ef <unknown>\nE       #14 0x55d24f90399f <unknown>\nE       #15 0x55d24f95c008 <unknown>\nE       #16 0x55d24f95c1d7 <unknown>\nE       #17 0x55d24f96e124 <unknown>\nE       #18 0x7f732fa94ac3 <unknown>\n\n.venv/lib/python3.11/site-packages/selenium/webdriver/support/wait.py:95: TimeoutException","flaky":false,"newFailed":false,"newBroken":false,"newPassed":false,"retriesCount":0,"retriesStatusChange":false,"beforeStages":[{"name":"base_url","time":{"start":1706576434043,"stop":1706576434043,"duration":0},"status":"passed","steps":[],"attachments":[],"parameters":[],"hasContent":false,"attachmentStep":false,"shouldDisplayMessage":false,"stepsCount":0,"attachmentsCount":0},{"name":"secret_data","time":{"start":1706576434043,"stop":1706576434044,"duration":1},"status":"passed","steps":[],"attachments":[],"parameters":[],"hasContent":false,"attachmentStep":false,"shouldDisplayMessage":false,"stepsCount":0,"attachmentsCount":0},{"name":"_verify_url","time":{"start":1706576434043,"stop":1706576434043,"duration":0},"status":"passed","steps":[],"attachments":[],"parameters":[],"hasContent":false,"attachmentStep":false,"shouldDisplayMessage":false,"stepsCount":0,"attachmentsCount":0},{"name":"json_data","time":{"start":1706576434044,"stop":1706576434044,"duration":0},"status":"passed","steps":[],"attachments":[],"parameters":[],"hasContent":false,"attachmentStep":false,"shouldDisplayMessage":false,"stepsCount":0,"attachmentsCount":0},{"name":"setup_method_fixture","time":{"start":1706576586833,"stop":1706576597007,"duration":10174},"status":"broken","statusMessage":"selenium.common.exceptions.TimeoutException: Message: \nStacktrace:\n#0 0x55d24f96ef83 <unknown>\n#1 0x55d24f627cf7 <unknown>\n#2 0x55d24f67799e <unknown>\n#3 0x55d24f677aa1 <unknown>\n#4 0x55d24f6c2d64 <unknown>\n#5 0x55d24f6a10dd <unknown>\n#6 0x55d24f6c0006 <unknown>\n#7 0x55d24f6a0e53 <unknown>\n#8 0x55d24f668dd4 <unknown>\n#9 0x55d24f66a1de <unknown>\n#10 0x55d24f933531 <unknown>\n#11 0x55d24f937455 <unknown>\n#12 0x55d24f91ff55 <unknown>\n#13 0x55d24f9380ef <unknown>\n#14 0x55d24f90399f <unknown>\n#15 0x55d24f95c008 <unknown>\n#16 0x55d24f95c1d7 <unknown>\n#17 0x55d24f96e124 <unknown>\n#18 0x7f732fa94ac3 <unknown>\n\n","statusTrace":"  File \"/home/runner/work/kisangateway-test/kisangateway-test/.venv/lib/python3.11/site-packages/pluggy/_callers.py\", line 80, in _multicall\n    res = hook_impl.function(*args)\n          ^^^^^^^^^^^^^^^^^^^^^^^^^\n  File \"/home/runner/work/kisangateway-test/kisangateway-test/.venv/lib/python3.11/site-packages/_pytest/fixtures.py\", line 1123, in pytest_fixture_setup\n    result = call_fixture_func(fixturefunc, request, kwargs)\n             ^^^^^^^^^^^^^^^^^^^^^^^^^^^^^^^^^^^^^^^^^^^^^^^\n  File \"/home/runner/work/kisangateway-test/kisangateway-test/.venv/lib/python3.11/site-packages/_pytest/fixtures.py\", line 902, in call_fixture_func\n    fixture_result = fixturefunc(**kwargs)\n                     ^^^^^^^^^^^^^^^^^^^^^\n  File \"/home/runner/work/kisangateway-test/kisangateway-test/tests/test_workspaces.py\", line 23, in setup_method_fixture\n    login(secret_data, self.about_page, self.login_page)\n  File \"/home/runner/work/kisangateway-test/kisangateway-test/tests/test_workspaces.py\", line 13, in login\n    about_page.click_login_link()\n  File \"/home/runner/work/kisangateway-test/kisangateway-test/.venv/lib/python3.11/site-packages/allure_commons/_allure.py\", line 192, in impl\n    return func(*a, **kw)\n           ^^^^^^^^^^^^^^\n  File \"/home/runner/work/kisangateway-test/kisangateway-test/pages/about_page.py\", line 20, in click_login_link\n    self.click(self.LOGIN_LINK)\n  File \"/home/runner/work/kisangateway-test/kisangateway-test/pages/base_page.py\", line 38, in click\n    el: WebElement = self.wait.until(\n                     ^^^^^^^^^^^^^^^^\n  File \"/home/runner/work/kisangateway-test/kisangateway-test/.venv/lib/python3.11/site-packages/selenium/webdriver/support/wait.py\", line 95, in until\n    raise TimeoutException(message, screen, stacktrace)\n","steps":[{"name":"Click Login link","time":{"start":1706576586833,"stop":1706576597006,"duration":10173},"status":"broken","statusMessage":"selenium.common.exceptions.TimeoutException: Message: \nStacktrace:\n#0 0x55d24f96ef83 <unknown>\n#1 0x55d24f627cf7 <unknown>\n#2 0x55d24f67799e <unknown>\n#3 0x55d24f677aa1 <unknown>\n#4 0x55d24f6c2d64 <unknown>\n#5 0x55d24f6a10dd <unknown>\n#6 0x55d24f6c0006 <unknown>\n#7 0x55d24f6a0e53 <unknown>\n#8 0x55d24f668dd4 <unknown>\n#9 0x55d24f66a1de <unknown>\n#10 0x55d24f933531 <unknown>\n#11 0x55d24f937455 <unknown>\n#12 0x55d24f91ff55 <unknown>\n#13 0x55d24f9380ef <unknown>\n#14 0x55d24f90399f <unknown>\n#15 0x55d24f95c008 <unknown>\n#16 0x55d24f95c1d7 <unknown>\n#17 0x55d24f96e124 <unknown>\n#18 0x7f732fa94ac3 <unknown>\n\n","statusTrace":"  File \"/home/runner/work/kisangateway-test/kisangateway-test/.venv/lib/python3.11/site-packages/allure_commons/_allure.py\", line 192, in impl\n    return func(*a, **kw)\n           ^^^^^^^^^^^^^^\n  File \"/home/runner/work/kisangateway-test/kisangateway-test/pages/about_page.py\", line 20, in click_login_link\n    self.click(self.LOGIN_LINK)\n  File \"/home/runner/work/kisangateway-test/kisangateway-test/pages/base_page.py\", line 38, in click\n    el: WebElement = self.wait.until(\n                     ^^^^^^^^^^^^^^^^\n  File \"/home/runner/work/kisangateway-test/kisangateway-test/.venv/lib/python3.11/site-packages/selenium/webdriver/support/wait.py\", line 95, in until\n    raise TimeoutException(message, screen, stacktrace)\n","steps":[],"attachments":[],"parameters":[],"hasContent":true,"attachmentStep":false,"shouldDisplayMessage":true,"stepsCount":0,"attachmentsCount":0}],"attachments":[],"parameters":[],"hasContent":true,"attachmentStep":false,"shouldDisplayMessage":false,"stepsCount":1,"attachmentsCount":0}],"testStage":{"description":"Deleting an existing project from workspace","status":"broken","statusMessage":"selenium.common.exceptions.TimeoutException: Message: \nStacktrace:\n#0 0x55d24f96ef83 <unknown>\n#1 0x55d24f627cf7 <unknown>\n#2 0x55d24f67799e <unknown>\n#3 0x55d24f677aa1 <unknown>\n#4 0x55d24f6c2d64 <unknown>\n#5 0x55d24f6a10dd <unknown>\n#6 0x55d24f6c0006 <unknown>\n#7 0x55d24f6a0e53 <unknown>\n#8 0x55d24f668dd4 <unknown>\n#9 0x55d24f66a1de <unknown>\n#10 0x55d24f933531 <unknown>\n#11 0x55d24f937455 <unknown>\n#12 0x55d24f91ff55 <unknown>\n#13 0x55d24f9380ef <unknown>\n#14 0x55d24f90399f <unknown>\n#15 0x55d24f95c008 <unknown>\n#16 0x55d24f95c1d7 <unknown>\n#17 0x55d24f96e124 <unknown>\n#18 0x7f732fa94ac3 <unknown>","statusTrace":"self = <tests.test_workspaces.TestWorkspaces object at 0x7f899a366b50>\nsecret_data = {'email': '', 'password': ''}\n\n    @pytest.fixture(autouse=True)\n    def setup_method_fixture(self, secret_data: dict):\n>       login(secret_data, self.about_page, self.login_page)\n\ntests/test_workspaces.py:23: \n_ _ _ _ _ _ _ _ _ _ _ _ _ _ _ _ _ _ _ _ _ _ _ _ _ _ _ _ _ _ _ _ _ _ _ _ _ _ _ _ \ntests/test_workspaces.py:13: in login\n    about_page.click_login_link()\npages/about_page.py:20: in click_login_link\n    self.click(self.LOGIN_LINK)\npages/base_page.py:38: in click\n    el: WebElement = self.wait.until(\n_ _ _ _ _ _ _ _ _ _ _ _ _ _ _ _ _ _ _ _ _ _ _ _ _ _ _ _ _ _ _ _ _ _ _ _ _ _ _ _ \n\nself = <selenium.webdriver.support.wait.WebDriverWait (session=\"c3c4bdca7036803c7d3a63997655f0d6\")>\nmethod = <function element_to_be_clickable.<locals>._predicate at 0x7f8999f7dda0>\nmessage = ''\n\n    def until(self, method, message: str = \"\"):\n        \"\"\"Calls the method provided with the driver as an argument until the \\\n        return value does not evaluate to ``False``.\n    \n        :param method: callable(WebDriver)\n        :param message: optional message for :exc:`TimeoutException`\n        :returns: the result of the last call to `method`\n        :raises: :exc:`selenium.common.exceptions.TimeoutException` if timeout occurs\n        \"\"\"\n        screen = None\n        stacktrace = None\n    \n        end_time = time.monotonic() + self._timeout\n        while True:\n            try:\n                value = method(self._driver)\n                if value:\n                    return value\n            except self._ignored_exceptions as exc:\n                screen = getattr(exc, \"screen\", None)\n                stacktrace = getattr(exc, \"stacktrace\", None)\n            time.sleep(self._poll)\n            if time.monotonic() > end_time:\n                break\n>       raise TimeoutException(message, screen, stacktrace)\nE       selenium.common.exceptions.TimeoutException: Message: \nE       Stacktrace:\nE       #0 0x55d24f96ef83 <unknown>\nE       #1 0x55d24f627cf7 <unknown>\nE       #2 0x55d24f67799e <unknown>\nE       #3 0x55d24f677aa1 <unknown>\nE       #4 0x55d24f6c2d64 <unknown>\nE       #5 0x55d24f6a10dd <unknown>\nE       #6 0x55d24f6c0006 <unknown>\nE       #7 0x55d24f6a0e53 <unknown>\nE       #8 0x55d24f668dd4 <unknown>\nE       #9 0x55d24f66a1de <unknown>\nE       #10 0x55d24f933531 <unknown>\nE       #11 0x55d24f937455 <unknown>\nE       #12 0x55d24f91ff55 <unknown>\nE       #13 0x55d24f9380ef <unknown>\nE       #14 0x55d24f90399f <unknown>\nE       #15 0x55d24f95c008 <unknown>\nE       #16 0x55d24f95c1d7 <unknown>\nE       #17 0x55d24f96e124 <unknown>\nE       #18 0x7f732fa94ac3 <unknown>\n\n.venv/lib/python3.11/site-packages/selenium/webdriver/support/wait.py:95: TimeoutException","steps":[],"attachments":[{"uid":"3a18b09baf273384","name":"public ip address","source":"3a18b09baf273384.txt","type":"text/plain","size":12},{"uid":"830204c113a1163e","name":"Cookies","source":"830204c113a1163e.json","type":"application/json","size":2},{"uid":"7ec71b7e0632d3ca","name":"Session Storage","source":"7ec71b7e0632d3ca.json","type":"application/json","size":2},{"uid":"65b88df726cd65a1","name":"Local Storage","source":"65b88df726cd65a1.json","type":"application/json","size":77},{"uid":"4f9002fd6a52cfeb","name":"Console Logs","source":"4f9002fd6a52cfeb.json","type":"application/json","size":599},{"uid":"884f4c605a7fff0b","name":"Full Page Screenshot","source":"884f4c605a7fff0b.png","type":"image/png","size":2647721},{"uid":"58caa149a37823d1","name":"URL","source":"58caa149a37823d1.uri","type":"text/uri-list","size":25},{"uid":"12c491c46cea1223","name":"Network Logs","source":"12c491c46cea1223.json","type":"application/json","size":1280832}],"parameters":[],"hasContent":true,"attachmentStep":false,"shouldDisplayMessage":true,"stepsCount":0,"attachmentsCount":8},"afterStages":[],"labels":[{"name":"epic","value":"Workspaces"},{"name":"severity","value":"normal"},{"name":"story","value":"WorkSpaces Creation and Editing Functionality"},{"name":"tag","value":"run(order=9)"},{"name":"parentSuite","value":"tests"},{"name":"suite","value":"test_workspaces"},{"name":"subSuite","value":"TestWorkspaces"},{"name":"host","value":"fv-az1456-261"},{"name":"thread","value":"2184-MainThread"},{"name":"framework","value":"pytest"},{"name":"language","value":"cpython3"},{"name":"package","value":"tests.test_workspaces"},{"name":"resultFormat","value":"allure2"}],"parameters":[],"links":[],"hidden":false,"retry":false,"extra":{"severity":"normal","retries":[],"categories":[{"name":"Test defects","matchedStatuses":[],"flaky":false}],"tags":["run(order=9)"]},"source":"fa2757ff7d4dd33f.json","parameterValues":[]}