{"uid":"e3ee2993dd2998a3","name":"Forgot Password with valid email test","fullName":"tests.test_forgot_password.TestForgotPassword#test_valid_email","historyId":"7ff7e178fd4f5b4b8deb31c8fc69c6a9","time":{"start":1698023057237,"stop":1698023067477,"duration":10240},"description":"Forgot password with a valid email address","descriptionHtml":"<p>Forgot password with a valid email address</p>\n","status":"broken","statusMessage":"selenium.common.exceptions.TimeoutException: Message: \nStacktrace:\n#0 0x55c130cdbfb3 <unknown>\n#1 0x55c1309af4a7 <unknown>\n#2 0x55c1309f6dd6 <unknown>\n#3 0x55c1309f6ec1 <unknown>\n#4 0x55c130a34354 <unknown>\n#5 0x55c130a1896d <unknown>\n#6 0x55c130a31c02 <unknown>\n#7 0x55c130a18713 <unknown>\n#8 0x55c1309eb18b <unknown>\n#9 0x55c1309ebf7e <unknown>\n#10 0x55c130ca18d8 <unknown>\n#11 0x55c130ca5800 <unknown>\n#12 0x55c130cafcfc <unknown>\n#13 0x55c130ca6418 <unknown>\n#14 0x55c130c7342f <unknown>\n#15 0x55c130cca4e8 <unknown>\n#16 0x55c130cca6b4 <unknown>\n#17 0x55c130cdb143 <unknown>\n#18 0x7f3b11e94ac3 <unknown>","statusTrace":"self = <tests.test_forgot_password.TestForgotPassword object at 0x7f15a861e210>\njson_data = {'forgot_password': {'error_message': \"We can't find a user with that e-mail address.\", 'success_message': 'A reset li...you page', 'name': 'test', 'new_name': 'another test', 'no_project_found_msg': 'No project matches the criteria', ...}}\nsecret_data = {'email': '', 'password': ''}\n\n    @allure.description(\"Forgot password with a valid email address\")\n    @allure.title(\"Forgot Password with valid email test\")\n    def test_valid_email(self, json_data: dict, secret_data: dict):\n>       self.about_page.click_login_link()\n\ntests/test_forgot_password.py:19: \n_ _ _ _ _ _ _ _ _ _ _ _ _ _ _ _ _ _ _ _ _ _ _ _ _ _ _ _ _ _ _ _ _ _ _ _ _ _ _ _ \npages/about_page.py:20: in click_login_link\n    self.click(self.LOGIN_LINK)\npages/base_page.py:38: in click\n    el: WebElement = self.wait.until(\n_ _ _ _ _ _ _ _ _ _ _ _ _ _ _ _ _ _ _ _ _ _ _ _ _ _ _ _ _ _ _ _ _ _ _ _ _ _ _ _ \n\nself = <selenium.webdriver.support.wait.WebDriverWait (session=\"aa7953efcf17cb2a0b6277476dfc5295\")>\nmethod = <function element_to_be_clickable.<locals>._predicate at 0x7f15a81cb240>\nmessage = ''\n\n    def until(self, method, message: str = \"\"):\n        \"\"\"Calls the method provided with the driver as an argument until the \\\n        return value does not evaluate to ``False``.\n    \n        :param method: callable(WebDriver)\n        :param message: optional message for :exc:`TimeoutException`\n        :returns: the result of the last call to `method`\n        :raises: :exc:`selenium.common.exceptions.TimeoutException` if timeout occurs\n        \"\"\"\n        screen = None\n        stacktrace = None\n    \n        end_time = time.monotonic() + self._timeout\n        while True:\n            try:\n                value = method(self._driver)\n                if value:\n                    return value\n            except self._ignored_exceptions as exc:\n                screen = getattr(exc, \"screen\", None)\n                stacktrace = getattr(exc, \"stacktrace\", None)\n            time.sleep(self._poll)\n            if time.monotonic() > end_time:\n                break\n>       raise TimeoutException(message, screen, stacktrace)\nE       selenium.common.exceptions.TimeoutException: Message: \nE       Stacktrace:\nE       #0 0x55c130cdbfb3 <unknown>\nE       #1 0x55c1309af4a7 <unknown>\nE       #2 0x55c1309f6dd6 <unknown>\nE       #3 0x55c1309f6ec1 <unknown>\nE       #4 0x55c130a34354 <unknown>\nE       #5 0x55c130a1896d <unknown>\nE       #6 0x55c130a31c02 <unknown>\nE       #7 0x55c130a18713 <unknown>\nE       #8 0x55c1309eb18b <unknown>\nE       #9 0x55c1309ebf7e <unknown>\nE       #10 0x55c130ca18d8 <unknown>\nE       #11 0x55c130ca5800 <unknown>\nE       #12 0x55c130cafcfc <unknown>\nE       #13 0x55c130ca6418 <unknown>\nE       #14 0x55c130c7342f <unknown>\nE       #15 0x55c130cca4e8 <unknown>\nE       #16 0x55c130cca6b4 <unknown>\nE       #17 0x55c130cdb143 <unknown>\nE       #18 0x7f3b11e94ac3 <unknown>\n\n.venv/lib/python3.11/site-packages/selenium/webdriver/support/wait.py:95: TimeoutException","flaky":false,"newFailed":false,"newBroken":false,"newPassed":false,"retriesCount":0,"retriesStatusChange":false,"beforeStages":[{"name":"secret_data","time":{"start":1698022890055,"stop":1698022890056,"duration":1},"status":"passed","steps":[],"attachments":[],"parameters":[],"shouldDisplayMessage":false,"stepsCount":0,"attachmentsCount":0,"hasContent":false},{"name":"base_url","time":{"start":1698022890055,"stop":1698022890055,"duration":0},"status":"passed","steps":[],"attachments":[],"parameters":[],"shouldDisplayMessage":false,"stepsCount":0,"attachmentsCount":0,"hasContent":false},{"name":"_verify_url","time":{"start":1698022890055,"stop":1698022890055,"duration":0},"status":"passed","steps":[],"attachments":[],"parameters":[],"shouldDisplayMessage":false,"stepsCount":0,"attachmentsCount":0,"hasContent":false},{"name":"json_data","time":{"start":1698022890056,"stop":1698022890056,"duration":0},"status":"passed","steps":[],"attachments":[],"parameters":[],"shouldDisplayMessage":false,"stepsCount":0,"attachmentsCount":0,"hasContent":false}],"testStage":{"description":"Forgot password with a valid email address","status":"broken","statusMessage":"selenium.common.exceptions.TimeoutException: Message: \nStacktrace:\n#0 0x55c130cdbfb3 <unknown>\n#1 0x55c1309af4a7 <unknown>\n#2 0x55c1309f6dd6 <unknown>\n#3 0x55c1309f6ec1 <unknown>\n#4 0x55c130a34354 <unknown>\n#5 0x55c130a1896d <unknown>\n#6 0x55c130a31c02 <unknown>\n#7 0x55c130a18713 <unknown>\n#8 0x55c1309eb18b <unknown>\n#9 0x55c1309ebf7e <unknown>\n#10 0x55c130ca18d8 <unknown>\n#11 0x55c130ca5800 <unknown>\n#12 0x55c130cafcfc <unknown>\n#13 0x55c130ca6418 <unknown>\n#14 0x55c130c7342f <unknown>\n#15 0x55c130cca4e8 <unknown>\n#16 0x55c130cca6b4 <unknown>\n#17 0x55c130cdb143 <unknown>\n#18 0x7f3b11e94ac3 <unknown>","statusTrace":"self = <tests.test_forgot_password.TestForgotPassword object at 0x7f15a861e210>\njson_data = {'forgot_password': {'error_message': \"We can't find a user with that e-mail address.\", 'success_message': 'A reset li...you page', 'name': 'test', 'new_name': 'another test', 'no_project_found_msg': 'No project matches the criteria', ...}}\nsecret_data = {'email': '', 'password': ''}\n\n    @allure.description(\"Forgot password with a valid email address\")\n    @allure.title(\"Forgot Password with valid email test\")\n    def test_valid_email(self, json_data: dict, secret_data: dict):\n>       self.about_page.click_login_link()\n\ntests/test_forgot_password.py:19: \n_ _ _ _ _ _ _ _ _ _ _ _ _ _ _ _ _ _ _ _ _ _ _ _ _ _ _ _ _ _ _ _ _ _ _ _ _ _ _ _ \npages/about_page.py:20: in click_login_link\n    self.click(self.LOGIN_LINK)\npages/base_page.py:38: in click\n    el: WebElement = self.wait.until(\n_ _ _ _ _ _ _ _ _ _ _ _ _ _ _ _ _ _ _ _ _ _ _ _ _ _ _ _ _ _ _ _ _ _ _ _ _ _ _ _ \n\nself = <selenium.webdriver.support.wait.WebDriverWait (session=\"aa7953efcf17cb2a0b6277476dfc5295\")>\nmethod = <function element_to_be_clickable.<locals>._predicate at 0x7f15a81cb240>\nmessage = ''\n\n    def until(self, method, message: str = \"\"):\n        \"\"\"Calls the method provided with the driver as an argument until the \\\n        return value does not evaluate to ``False``.\n    \n        :param method: callable(WebDriver)\n        :param message: optional message for :exc:`TimeoutException`\n        :returns: the result of the last call to `method`\n        :raises: :exc:`selenium.common.exceptions.TimeoutException` if timeout occurs\n        \"\"\"\n        screen = None\n        stacktrace = None\n    \n        end_time = time.monotonic() + self._timeout\n        while True:\n            try:\n                value = method(self._driver)\n                if value:\n                    return value\n            except self._ignored_exceptions as exc:\n                screen = getattr(exc, \"screen\", None)\n                stacktrace = getattr(exc, \"stacktrace\", None)\n            time.sleep(self._poll)\n            if time.monotonic() > end_time:\n                break\n>       raise TimeoutException(message, screen, stacktrace)\nE       selenium.common.exceptions.TimeoutException: Message: \nE       Stacktrace:\nE       #0 0x55c130cdbfb3 <unknown>\nE       #1 0x55c1309af4a7 <unknown>\nE       #2 0x55c1309f6dd6 <unknown>\nE       #3 0x55c1309f6ec1 <unknown>\nE       #4 0x55c130a34354 <unknown>\nE       #5 0x55c130a1896d <unknown>\nE       #6 0x55c130a31c02 <unknown>\nE       #7 0x55c130a18713 <unknown>\nE       #8 0x55c1309eb18b <unknown>\nE       #9 0x55c1309ebf7e <unknown>\nE       #10 0x55c130ca18d8 <unknown>\nE       #11 0x55c130ca5800 <unknown>\nE       #12 0x55c130cafcfc <unknown>\nE       #13 0x55c130ca6418 <unknown>\nE       #14 0x55c130c7342f <unknown>\nE       #15 0x55c130cca4e8 <unknown>\nE       #16 0x55c130cca6b4 <unknown>\nE       #17 0x55c130cdb143 <unknown>\nE       #18 0x7f3b11e94ac3 <unknown>\n\n.venv/lib/python3.11/site-packages/selenium/webdriver/support/wait.py:95: TimeoutException","steps":[{"name":"Click Login link","time":{"start":1698023057237,"stop":1698023067476,"duration":10239},"status":"broken","statusMessage":"selenium.common.exceptions.TimeoutException: Message: \nStacktrace:\n#0 0x55c130cdbfb3 <unknown>\n#1 0x55c1309af4a7 <unknown>\n#2 0x55c1309f6dd6 <unknown>\n#3 0x55c1309f6ec1 <unknown>\n#4 0x55c130a34354 <unknown>\n#5 0x55c130a1896d <unknown>\n#6 0x55c130a31c02 <unknown>\n#7 0x55c130a18713 <unknown>\n#8 0x55c1309eb18b <unknown>\n#9 0x55c1309ebf7e <unknown>\n#10 0x55c130ca18d8 <unknown>\n#11 0x55c130ca5800 <unknown>\n#12 0x55c130cafcfc <unknown>\n#13 0x55c130ca6418 <unknown>\n#14 0x55c130c7342f <unknown>\n#15 0x55c130cca4e8 <unknown>\n#16 0x55c130cca6b4 <unknown>\n#17 0x55c130cdb143 <unknown>\n#18 0x7f3b11e94ac3 <unknown>\n\n","statusTrace":"  File \"/home/runner/work/kisangateway-test/kisangateway-test/.venv/lib/python3.11/site-packages/allure_commons/_allure.py\", line 192, in impl\n    return func(*a, **kw)\n           ^^^^^^^^^^^^^^\n  File \"/home/runner/work/kisangateway-test/kisangateway-test/pages/about_page.py\", line 20, in click_login_link\n    self.click(self.LOGIN_LINK)\n  File \"/home/runner/work/kisangateway-test/kisangateway-test/pages/base_page.py\", line 38, in click\n    el: WebElement = self.wait.until(\n                     ^^^^^^^^^^^^^^^^\n  File \"/home/runner/work/kisangateway-test/kisangateway-test/.venv/lib/python3.11/site-packages/selenium/webdriver/support/wait.py\", line 95, in until\n    raise TimeoutException(message, screen, stacktrace)\n","steps":[],"attachments":[],"parameters":[],"shouldDisplayMessage":true,"stepsCount":0,"attachmentsCount":0,"hasContent":true}],"attachments":[{"uid":"4a2f692ad2eb40fd","name":"public ip address","source":"4a2f692ad2eb40fd.txt","type":"text/plain","size":12},{"uid":"be4b6d0c45491486","name":"Cookies","source":"be4b6d0c45491486.json","type":"application/json","size":2},{"uid":"15d1f1640dea9b3","name":"Session Storage","source":"15d1f1640dea9b3.json","type":"application/json","size":2},{"uid":"d0cb480ac3ee5a4a","name":"Local Storage","source":"d0cb480ac3ee5a4a.json","type":"application/json","size":2},{"uid":"e943a563293aa29d","name":"Console Logs","source":"e943a563293aa29d.json","type":"application/json","size":2},{"uid":"640f2bd4811c1cba","name":"Full Page Screenshot","source":"640f2bd4811c1cba.png","type":"image/png","size":1496512},{"uid":"7e3db49a22e8c2e2","name":"URL","source":"7e3db49a22e8c2e2.uri","type":"text/uri-list","size":25},{"uid":"450638918fddfb24","name":"Network Logs","source":"450638918fddfb24.json","type":"application/json","size":14003}],"parameters":[],"shouldDisplayMessage":true,"stepsCount":1,"attachmentsCount":8,"hasContent":true},"afterStages":[],"labels":[{"name":"parentSuite","value":"Custom parent suite"},{"name":"subSuite","value":"Custom sub suite"},{"name":"story","value":"Forgot Password Feature's Functionality"},{"name":"suite","value":"Custom suite"},{"name":"epic","value":"Security"},{"name":"severity","value":"critical"},{"name":"tag","value":"security"},{"name":"host","value":"fv-az447-773"},{"name":"thread","value":"2181-MainThread"},{"name":"framework","value":"pytest"},{"name":"language","value":"cpython3"},{"name":"package","value":"tests.test_forgot_password"},{"name":"resultFormat","value":"allure2"}],"parameters":[],"links":[],"hidden":false,"retry":false,"extra":{"severity":"critical","retries":[],"categories":[{"name":"Test defects","matchedStatuses":[],"flaky":false}],"tags":["security"]},"source":"e3ee2993dd2998a3.json","parameterValues":[]}