{"uid":"f326386711299585","name":"Add project to workspace test","fullName":"tests.test_workspaces.TestWorkspaces#test_add_project_to_workspace","historyId":"fc6ee288c49142976b6c23b6071583ec","time":{"start":1698022992213,"stop":1698022992213,"duration":0},"description":"Selecting and adding a project to workspace","descriptionHtml":"<p>Selecting and adding a project to workspace</p>\n","status":"broken","statusMessage":"selenium.common.exceptions.TimeoutException: Message: \nStacktrace:\n#0 0x55eddbc2dfb3 <unknown>\n#1 0x55eddb9014a7 <unknown>\n#2 0x55eddb948dd6 <unknown>\n#3 0x55eddb948ec1 <unknown>\n#4 0x55eddb986354 <unknown>\n#5 0x55eddb96a96d <unknown>\n#6 0x55eddb983c02 <unknown>\n#7 0x55eddb96a713 <unknown>\n#8 0x55eddb93d18b <unknown>\n#9 0x55eddb93df7e <unknown>\n#10 0x55eddbbf38d8 <unknown>\n#11 0x55eddbbf7800 <unknown>\n#12 0x55eddbc01cfc <unknown>\n#13 0x55eddbbf8418 <unknown>\n#14 0x55eddbbc542f <unknown>\n#15 0x55eddbc1c4e8 <unknown>\n#16 0x55eddbc1c6b4 <unknown>\n#17 0x55eddbc2d143 <unknown>\n#18 0x7fae2ec94ac3 <unknown>","statusTrace":"self = <tests.test_workspaces.TestWorkspaces object at 0x7f15a8516790>\nsecret_data = {'email': '', 'password': ''}\n\n    @pytest.fixture(autouse=True)\n    def setup_method_fixture(self, secret_data: dict):\n>       login(secret_data, self.about_page, self.login_page)\n\ntests/test_workspaces.py:23: \n_ _ _ _ _ _ _ _ _ _ _ _ _ _ _ _ _ _ _ _ _ _ _ _ _ _ _ _ _ _ _ _ _ _ _ _ _ _ _ _ \ntests/test_workspaces.py:13: in login\n    about_page.click_login_link()\npages/about_page.py:20: in click_login_link\n    self.click(self.LOGIN_LINK)\npages/base_page.py:38: in click\n    el: WebElement = self.wait.until(\n_ _ _ _ _ _ _ _ _ _ _ _ _ _ _ _ _ _ _ _ _ _ _ _ _ _ _ _ _ _ _ _ _ _ _ _ _ _ _ _ \n\nself = <selenium.webdriver.support.wait.WebDriverWait (session=\"46ced5aa000b59c263414e4550391955\")>\nmethod = <function element_to_be_clickable.<locals>._predicate at 0x7f15a81c80e0>\nmessage = ''\n\n    def until(self, method, message: str = \"\"):\n        \"\"\"Calls the method provided with the driver as an argument until the \\\n        return value does not evaluate to ``False``.\n    \n        :param method: callable(WebDriver)\n        :param message: optional message for :exc:`TimeoutException`\n        :returns: the result of the last call to `method`\n        :raises: :exc:`selenium.common.exceptions.TimeoutException` if timeout occurs\n        \"\"\"\n        screen = None\n        stacktrace = None\n    \n        end_time = time.monotonic() + self._timeout\n        while True:\n            try:\n                value = method(self._driver)\n                if value:\n                    return value\n            except self._ignored_exceptions as exc:\n                screen = getattr(exc, \"screen\", None)\n                stacktrace = getattr(exc, \"stacktrace\", None)\n            time.sleep(self._poll)\n            if time.monotonic() > end_time:\n                break\n>       raise TimeoutException(message, screen, stacktrace)\nE       selenium.common.exceptions.TimeoutException: Message: \nE       Stacktrace:\nE       #0 0x55eddbc2dfb3 <unknown>\nE       #1 0x55eddb9014a7 <unknown>\nE       #2 0x55eddb948dd6 <unknown>\nE       #3 0x55eddb948ec1 <unknown>\nE       #4 0x55eddb986354 <unknown>\nE       #5 0x55eddb96a96d <unknown>\nE       #6 0x55eddb983c02 <unknown>\nE       #7 0x55eddb96a713 <unknown>\nE       #8 0x55eddb93d18b <unknown>\nE       #9 0x55eddb93df7e <unknown>\nE       #10 0x55eddbbf38d8 <unknown>\nE       #11 0x55eddbbf7800 <unknown>\nE       #12 0x55eddbc01cfc <unknown>\nE       #13 0x55eddbbf8418 <unknown>\nE       #14 0x55eddbbc542f <unknown>\nE       #15 0x55eddbc1c4e8 <unknown>\nE       #16 0x55eddbc1c6b4 <unknown>\nE       #17 0x55eddbc2d143 <unknown>\nE       #18 0x7fae2ec94ac3 <unknown>\n\n.venv/lib/python3.11/site-packages/selenium/webdriver/support/wait.py:95: TimeoutException","flaky":false,"newFailed":false,"newBroken":false,"newPassed":false,"retriesCount":0,"retriesStatusChange":false,"beforeStages":[{"name":"secret_data","time":{"start":1698022890055,"stop":1698022890056,"duration":1},"status":"passed","steps":[],"attachments":[],"parameters":[],"shouldDisplayMessage":false,"stepsCount":0,"attachmentsCount":0,"hasContent":false},{"name":"base_url","time":{"start":1698022890055,"stop":1698022890055,"duration":0},"status":"passed","steps":[],"attachments":[],"parameters":[],"shouldDisplayMessage":false,"stepsCount":0,"attachmentsCount":0,"hasContent":false},{"name":"_verify_url","time":{"start":1698022890055,"stop":1698022890055,"duration":0},"status":"passed","steps":[],"attachments":[],"parameters":[],"shouldDisplayMessage":false,"stepsCount":0,"attachmentsCount":0,"hasContent":false},{"name":"json_data","time":{"start":1698022890056,"stop":1698022890056,"duration":0},"status":"passed","steps":[],"attachments":[],"parameters":[],"shouldDisplayMessage":false,"stepsCount":0,"attachmentsCount":0,"hasContent":false},{"name":"setup_method_fixture","time":{"start":1698022993509,"stop":1698023003784,"duration":10275},"status":"broken","statusMessage":"selenium.common.exceptions.TimeoutException: Message: \nStacktrace:\n#0 0x55eddbc2dfb3 <unknown>\n#1 0x55eddb9014a7 <unknown>\n#2 0x55eddb948dd6 <unknown>\n#3 0x55eddb948ec1 <unknown>\n#4 0x55eddb986354 <unknown>\n#5 0x55eddb96a96d <unknown>\n#6 0x55eddb983c02 <unknown>\n#7 0x55eddb96a713 <unknown>\n#8 0x55eddb93d18b <unknown>\n#9 0x55eddb93df7e <unknown>\n#10 0x55eddbbf38d8 <unknown>\n#11 0x55eddbbf7800 <unknown>\n#12 0x55eddbc01cfc <unknown>\n#13 0x55eddbbf8418 <unknown>\n#14 0x55eddbbc542f <unknown>\n#15 0x55eddbc1c4e8 <unknown>\n#16 0x55eddbc1c6b4 <unknown>\n#17 0x55eddbc2d143 <unknown>\n#18 0x7fae2ec94ac3 <unknown>\n\n","statusTrace":"  File \"/home/runner/work/kisangateway-test/kisangateway-test/.venv/lib/python3.11/site-packages/pluggy/_callers.py\", line 80, in _multicall\n    res = hook_impl.function(*args)\n          ^^^^^^^^^^^^^^^^^^^^^^^^^\n  File \"/home/runner/work/kisangateway-test/kisangateway-test/.venv/lib/python3.11/site-packages/_pytest/fixtures.py\", line 1123, in pytest_fixture_setup\n    result = call_fixture_func(fixturefunc, request, kwargs)\n             ^^^^^^^^^^^^^^^^^^^^^^^^^^^^^^^^^^^^^^^^^^^^^^^\n  File \"/home/runner/work/kisangateway-test/kisangateway-test/.venv/lib/python3.11/site-packages/_pytest/fixtures.py\", line 902, in call_fixture_func\n    fixture_result = fixturefunc(**kwargs)\n                     ^^^^^^^^^^^^^^^^^^^^^\n  File \"/home/runner/work/kisangateway-test/kisangateway-test/tests/test_workspaces.py\", line 23, in setup_method_fixture\n    login(secret_data, self.about_page, self.login_page)\n  File \"/home/runner/work/kisangateway-test/kisangateway-test/tests/test_workspaces.py\", line 13, in login\n    about_page.click_login_link()\n  File \"/home/runner/work/kisangateway-test/kisangateway-test/.venv/lib/python3.11/site-packages/allure_commons/_allure.py\", line 192, in impl\n    return func(*a, **kw)\n           ^^^^^^^^^^^^^^\n  File \"/home/runner/work/kisangateway-test/kisangateway-test/pages/about_page.py\", line 20, in click_login_link\n    self.click(self.LOGIN_LINK)\n  File \"/home/runner/work/kisangateway-test/kisangateway-test/pages/base_page.py\", line 38, in click\n    el: WebElement = self.wait.until(\n                     ^^^^^^^^^^^^^^^^\n  File \"/home/runner/work/kisangateway-test/kisangateway-test/.venv/lib/python3.11/site-packages/selenium/webdriver/support/wait.py\", line 95, in until\n    raise TimeoutException(message, screen, stacktrace)\n","steps":[{"name":"Click Login link","time":{"start":1698022993509,"stop":1698023003784,"duration":10275},"status":"broken","statusMessage":"selenium.common.exceptions.TimeoutException: Message: \nStacktrace:\n#0 0x55eddbc2dfb3 <unknown>\n#1 0x55eddb9014a7 <unknown>\n#2 0x55eddb948dd6 <unknown>\n#3 0x55eddb948ec1 <unknown>\n#4 0x55eddb986354 <unknown>\n#5 0x55eddb96a96d <unknown>\n#6 0x55eddb983c02 <unknown>\n#7 0x55eddb96a713 <unknown>\n#8 0x55eddb93d18b <unknown>\n#9 0x55eddb93df7e <unknown>\n#10 0x55eddbbf38d8 <unknown>\n#11 0x55eddbbf7800 <unknown>\n#12 0x55eddbc01cfc <unknown>\n#13 0x55eddbbf8418 <unknown>\n#14 0x55eddbbc542f <unknown>\n#15 0x55eddbc1c4e8 <unknown>\n#16 0x55eddbc1c6b4 <unknown>\n#17 0x55eddbc2d143 <unknown>\n#18 0x7fae2ec94ac3 <unknown>\n\n","statusTrace":"  File \"/home/runner/work/kisangateway-test/kisangateway-test/.venv/lib/python3.11/site-packages/allure_commons/_allure.py\", line 192, in impl\n    return func(*a, **kw)\n           ^^^^^^^^^^^^^^\n  File \"/home/runner/work/kisangateway-test/kisangateway-test/pages/about_page.py\", line 20, in click_login_link\n    self.click(self.LOGIN_LINK)\n  File \"/home/runner/work/kisangateway-test/kisangateway-test/pages/base_page.py\", line 38, in click\n    el: WebElement = self.wait.until(\n                     ^^^^^^^^^^^^^^^^\n  File \"/home/runner/work/kisangateway-test/kisangateway-test/.venv/lib/python3.11/site-packages/selenium/webdriver/support/wait.py\", line 95, in until\n    raise TimeoutException(message, screen, stacktrace)\n","steps":[],"attachments":[],"parameters":[],"shouldDisplayMessage":true,"stepsCount":0,"attachmentsCount":0,"hasContent":true}],"attachments":[],"parameters":[],"shouldDisplayMessage":false,"stepsCount":1,"attachmentsCount":0,"hasContent":true}],"testStage":{"description":"Selecting and adding a project to workspace","status":"broken","statusMessage":"selenium.common.exceptions.TimeoutException: Message: \nStacktrace:\n#0 0x55eddbc2dfb3 <unknown>\n#1 0x55eddb9014a7 <unknown>\n#2 0x55eddb948dd6 <unknown>\n#3 0x55eddb948ec1 <unknown>\n#4 0x55eddb986354 <unknown>\n#5 0x55eddb96a96d <unknown>\n#6 0x55eddb983c02 <unknown>\n#7 0x55eddb96a713 <unknown>\n#8 0x55eddb93d18b <unknown>\n#9 0x55eddb93df7e <unknown>\n#10 0x55eddbbf38d8 <unknown>\n#11 0x55eddbbf7800 <unknown>\n#12 0x55eddbc01cfc <unknown>\n#13 0x55eddbbf8418 <unknown>\n#14 0x55eddbbc542f <unknown>\n#15 0x55eddbc1c4e8 <unknown>\n#16 0x55eddbc1c6b4 <unknown>\n#17 0x55eddbc2d143 <unknown>\n#18 0x7fae2ec94ac3 <unknown>","statusTrace":"self = <tests.test_workspaces.TestWorkspaces object at 0x7f15a8516790>\nsecret_data = {'email': '', 'password': ''}\n\n    @pytest.fixture(autouse=True)\n    def setup_method_fixture(self, secret_data: dict):\n>       login(secret_data, self.about_page, self.login_page)\n\ntests/test_workspaces.py:23: \n_ _ _ _ _ _ _ _ _ _ _ _ _ _ _ _ _ _ _ _ _ _ _ _ _ _ _ _ _ _ _ _ _ _ _ _ _ _ _ _ \ntests/test_workspaces.py:13: in login\n    about_page.click_login_link()\npages/about_page.py:20: in click_login_link\n    self.click(self.LOGIN_LINK)\npages/base_page.py:38: in click\n    el: WebElement = self.wait.until(\n_ _ _ _ _ _ _ _ _ _ _ _ _ _ _ _ _ _ _ _ _ _ _ _ _ _ _ _ _ _ _ _ _ _ _ _ _ _ _ _ \n\nself = <selenium.webdriver.support.wait.WebDriverWait (session=\"46ced5aa000b59c263414e4550391955\")>\nmethod = <function element_to_be_clickable.<locals>._predicate at 0x7f15a81c80e0>\nmessage = ''\n\n    def until(self, method, message: str = \"\"):\n        \"\"\"Calls the method provided with the driver as an argument until the \\\n        return value does not evaluate to ``False``.\n    \n        :param method: callable(WebDriver)\n        :param message: optional message for :exc:`TimeoutException`\n        :returns: the result of the last call to `method`\n        :raises: :exc:`selenium.common.exceptions.TimeoutException` if timeout occurs\n        \"\"\"\n        screen = None\n        stacktrace = None\n    \n        end_time = time.monotonic() + self._timeout\n        while True:\n            try:\n                value = method(self._driver)\n                if value:\n                    return value\n            except self._ignored_exceptions as exc:\n                screen = getattr(exc, \"screen\", None)\n                stacktrace = getattr(exc, \"stacktrace\", None)\n            time.sleep(self._poll)\n            if time.monotonic() > end_time:\n                break\n>       raise TimeoutException(message, screen, stacktrace)\nE       selenium.common.exceptions.TimeoutException: Message: \nE       Stacktrace:\nE       #0 0x55eddbc2dfb3 <unknown>\nE       #1 0x55eddb9014a7 <unknown>\nE       #2 0x55eddb948dd6 <unknown>\nE       #3 0x55eddb948ec1 <unknown>\nE       #4 0x55eddb986354 <unknown>\nE       #5 0x55eddb96a96d <unknown>\nE       #6 0x55eddb983c02 <unknown>\nE       #7 0x55eddb96a713 <unknown>\nE       #8 0x55eddb93d18b <unknown>\nE       #9 0x55eddb93df7e <unknown>\nE       #10 0x55eddbbf38d8 <unknown>\nE       #11 0x55eddbbf7800 <unknown>\nE       #12 0x55eddbc01cfc <unknown>\nE       #13 0x55eddbbf8418 <unknown>\nE       #14 0x55eddbbc542f <unknown>\nE       #15 0x55eddbc1c4e8 <unknown>\nE       #16 0x55eddbc1c6b4 <unknown>\nE       #17 0x55eddbc2d143 <unknown>\nE       #18 0x7fae2ec94ac3 <unknown>\n\n.venv/lib/python3.11/site-packages/selenium/webdriver/support/wait.py:95: TimeoutException","steps":[],"attachments":[{"uid":"7d41541558d0f6d3","name":"public ip address","source":"7d41541558d0f6d3.txt","type":"text/plain","size":12},{"uid":"6464ed0a045391bc","name":"Cookies","source":"6464ed0a045391bc.json","type":"application/json","size":2},{"uid":"4cdaf3e0b2e70e18","name":"Session Storage","source":"4cdaf3e0b2e70e18.json","type":"application/json","size":2},{"uid":"a8959777c0213b2","name":"Local Storage","source":"a8959777c0213b2.json","type":"application/json","size":2},{"uid":"9091925c7d09890f","name":"Console Logs","source":"9091925c7d09890f.json","type":"application/json","size":2},{"uid":"9b9489b335d4a382","name":"Full Page Screenshot","source":"9b9489b335d4a382.png","type":"image/png","size":1496512},{"uid":"9d2fc73b39730d15","name":"URL","source":"9d2fc73b39730d15.uri","type":"text/uri-list","size":25},{"uid":"b2445df6ded50a2e","name":"Network Logs","source":"b2445df6ded50a2e.json","type":"application/json","size":13951}],"parameters":[],"shouldDisplayMessage":true,"stepsCount":0,"attachmentsCount":8,"hasContent":true},"afterStages":[],"labels":[{"name":"epic","value":"Workspaces"},{"name":"story","value":"WorkSpaces Creation and Editing Functionality"},{"name":"severity","value":"normal"},{"name":"tag","value":"run(order=5)"},{"name":"parentSuite","value":"tests"},{"name":"suite","value":"test_workspaces"},{"name":"subSuite","value":"TestWorkspaces"},{"name":"host","value":"fv-az447-773"},{"name":"thread","value":"2181-MainThread"},{"name":"framework","value":"pytest"},{"name":"language","value":"cpython3"},{"name":"package","value":"tests.test_workspaces"},{"name":"resultFormat","value":"allure2"}],"parameters":[],"links":[],"hidden":false,"retry":false,"extra":{"severity":"normal","retries":[],"categories":[{"name":"Test defects","matchedStatuses":[],"flaky":false}],"tags":["run(order=5)"]},"source":"f326386711299585.json","parameterValues":[]}