{"uid":"dfc6b0725b359c12","name":"Delete existing project","fullName":"tests.test_workspaces.TestWorkspaces#test_delete_project","historyId":"ec4959b9902b11e4378ec1736393f0f6","time":{"start":1705712817657,"stop":1705712817657,"duration":0},"description":"Deleting an existing project from workspace","descriptionHtml":"<p>Deleting an existing project from workspace</p>\n","status":"broken","statusMessage":"selenium.common.exceptions.TimeoutException: Message: \nStacktrace:\n#0 0x564232d6ff83 <unknown>\n#1 0x564232a28cf7 <unknown>\n#2 0x564232a7899e <unknown>\n#3 0x564232a78aa1 <unknown>\n#4 0x564232ac3d64 <unknown>\n#5 0x564232aa20dd <unknown>\n#6 0x564232ac1006 <unknown>\n#7 0x564232aa1e53 <unknown>\n#8 0x564232a69dd4 <unknown>\n#9 0x564232a6b1de <unknown>\n#10 0x564232d34531 <unknown>\n#11 0x564232d38455 <unknown>\n#12 0x564232d20f55 <unknown>\n#13 0x564232d390ef <unknown>\n#14 0x564232d0499f <unknown>\n#15 0x564232d5d008 <unknown>\n#16 0x564232d5d1d7 <unknown>\n#17 0x564232d6f124 <unknown>\n#18 0x7f6e11494ac3 <unknown>","statusTrace":"self = <tests.test_workspaces.TestWorkspaces object at 0x7f8f1f13ed90>\nsecret_data = {'email': '', 'password': ''}\n\n    @pytest.fixture(autouse=True)\n    def setup_method_fixture(self, secret_data: dict):\n>       login(secret_data, self.about_page, self.login_page)\n\ntests/test_workspaces.py:23: \n_ _ _ _ _ _ _ _ _ _ _ _ _ _ _ _ _ _ _ _ _ _ _ _ _ _ _ _ _ _ _ _ _ _ _ _ _ _ _ _ \ntests/test_workspaces.py:13: in login\n    about_page.click_login_link()\npages/about_page.py:20: in click_login_link\n    self.click(self.LOGIN_LINK)\npages/base_page.py:38: in click\n    el: WebElement = self.wait.until(\n_ _ _ _ _ _ _ _ _ _ _ _ _ _ _ _ _ _ _ _ _ _ _ _ _ _ _ _ _ _ _ _ _ _ _ _ _ _ _ _ \n\nself = <selenium.webdriver.support.wait.WebDriverWait (session=\"8b8888382b5b79581f6b36969c0ebe02\")>\nmethod = <function element_to_be_clickable.<locals>._predicate at 0x7f8f1ed9e5c0>\nmessage = ''\n\n    def until(self, method, message: str = \"\"):\n        \"\"\"Calls the method provided with the driver as an argument until the \\\n        return value does not evaluate to ``False``.\n    \n        :param method: callable(WebDriver)\n        :param message: optional message for :exc:`TimeoutException`\n        :returns: the result of the last call to `method`\n        :raises: :exc:`selenium.common.exceptions.TimeoutException` if timeout occurs\n        \"\"\"\n        screen = None\n        stacktrace = None\n    \n        end_time = time.monotonic() + self._timeout\n        while True:\n            try:\n                value = method(self._driver)\n                if value:\n                    return value\n            except self._ignored_exceptions as exc:\n                screen = getattr(exc, \"screen\", None)\n                stacktrace = getattr(exc, \"stacktrace\", None)\n            time.sleep(self._poll)\n            if time.monotonic() > end_time:\n                break\n>       raise TimeoutException(message, screen, stacktrace)\nE       selenium.common.exceptions.TimeoutException: Message: \nE       Stacktrace:\nE       #0 0x564232d6ff83 <unknown>\nE       #1 0x564232a28cf7 <unknown>\nE       #2 0x564232a7899e <unknown>\nE       #3 0x564232a78aa1 <unknown>\nE       #4 0x564232ac3d64 <unknown>\nE       #5 0x564232aa20dd <unknown>\nE       #6 0x564232ac1006 <unknown>\nE       #7 0x564232aa1e53 <unknown>\nE       #8 0x564232a69dd4 <unknown>\nE       #9 0x564232a6b1de <unknown>\nE       #10 0x564232d34531 <unknown>\nE       #11 0x564232d38455 <unknown>\nE       #12 0x564232d20f55 <unknown>\nE       #13 0x564232d390ef <unknown>\nE       #14 0x564232d0499f <unknown>\nE       #15 0x564232d5d008 <unknown>\nE       #16 0x564232d5d1d7 <unknown>\nE       #17 0x564232d6f124 <unknown>\nE       #18 0x7f6e11494ac3 <unknown>\n\n.venv/lib/python3.11/site-packages/selenium/webdriver/support/wait.py:95: TimeoutException","flaky":false,"newFailed":false,"newBroken":false,"newPassed":false,"retriesCount":0,"retriesStatusChange":false,"beforeStages":[{"name":"base_url","time":{"start":1705712668278,"stop":1705712668278,"duration":0},"status":"passed","steps":[],"attachments":[],"parameters":[],"shouldDisplayMessage":false,"stepsCount":0,"attachmentsCount":0,"hasContent":false,"attachmentStep":false},{"name":"_verify_url","time":{"start":1705712668278,"stop":1705712668278,"duration":0},"status":"passed","steps":[],"attachments":[],"parameters":[],"shouldDisplayMessage":false,"stepsCount":0,"attachmentsCount":0,"hasContent":false,"attachmentStep":false},{"name":"secret_data","time":{"start":1705712668279,"stop":1705712668279,"duration":0},"status":"passed","steps":[],"attachments":[],"parameters":[],"shouldDisplayMessage":false,"stepsCount":0,"attachmentsCount":0,"hasContent":false,"attachmentStep":false},{"name":"json_data","time":{"start":1705712668279,"stop":1705712668279,"duration":0},"status":"passed","steps":[],"attachments":[],"parameters":[],"shouldDisplayMessage":false,"stepsCount":0,"attachmentsCount":0,"hasContent":false,"attachmentStep":false},{"name":"setup_method_fixture","time":{"start":1705712818746,"stop":1705712829012,"duration":10266},"status":"broken","statusMessage":"selenium.common.exceptions.TimeoutException: Message: \nStacktrace:\n#0 0x564232d6ff83 <unknown>\n#1 0x564232a28cf7 <unknown>\n#2 0x564232a7899e <unknown>\n#3 0x564232a78aa1 <unknown>\n#4 0x564232ac3d64 <unknown>\n#5 0x564232aa20dd <unknown>\n#6 0x564232ac1006 <unknown>\n#7 0x564232aa1e53 <unknown>\n#8 0x564232a69dd4 <unknown>\n#9 0x564232a6b1de <unknown>\n#10 0x564232d34531 <unknown>\n#11 0x564232d38455 <unknown>\n#12 0x564232d20f55 <unknown>\n#13 0x564232d390ef <unknown>\n#14 0x564232d0499f <unknown>\n#15 0x564232d5d008 <unknown>\n#16 0x564232d5d1d7 <unknown>\n#17 0x564232d6f124 <unknown>\n#18 0x7f6e11494ac3 <unknown>\n\n","statusTrace":"  File \"/home/runner/work/kisangateway-test/kisangateway-test/.venv/lib/python3.11/site-packages/pluggy/_callers.py\", line 80, in _multicall\n    res = hook_impl.function(*args)\n          ^^^^^^^^^^^^^^^^^^^^^^^^^\n  File \"/home/runner/work/kisangateway-test/kisangateway-test/.venv/lib/python3.11/site-packages/_pytest/fixtures.py\", line 1123, in pytest_fixture_setup\n    result = call_fixture_func(fixturefunc, request, kwargs)\n             ^^^^^^^^^^^^^^^^^^^^^^^^^^^^^^^^^^^^^^^^^^^^^^^\n  File \"/home/runner/work/kisangateway-test/kisangateway-test/.venv/lib/python3.11/site-packages/_pytest/fixtures.py\", line 902, in call_fixture_func\n    fixture_result = fixturefunc(**kwargs)\n                     ^^^^^^^^^^^^^^^^^^^^^\n  File \"/home/runner/work/kisangateway-test/kisangateway-test/tests/test_workspaces.py\", line 23, in setup_method_fixture\n    login(secret_data, self.about_page, self.login_page)\n  File \"/home/runner/work/kisangateway-test/kisangateway-test/tests/test_workspaces.py\", line 13, in login\n    about_page.click_login_link()\n  File \"/home/runner/work/kisangateway-test/kisangateway-test/.venv/lib/python3.11/site-packages/allure_commons/_allure.py\", line 192, in impl\n    return func(*a, **kw)\n           ^^^^^^^^^^^^^^\n  File \"/home/runner/work/kisangateway-test/kisangateway-test/pages/about_page.py\", line 20, in click_login_link\n    self.click(self.LOGIN_LINK)\n  File \"/home/runner/work/kisangateway-test/kisangateway-test/pages/base_page.py\", line 38, in click\n    el: WebElement = self.wait.until(\n                     ^^^^^^^^^^^^^^^^\n  File \"/home/runner/work/kisangateway-test/kisangateway-test/.venv/lib/python3.11/site-packages/selenium/webdriver/support/wait.py\", line 95, in until\n    raise TimeoutException(message, screen, stacktrace)\n","steps":[{"name":"Click Login link","time":{"start":1705712818747,"stop":1705712829012,"duration":10265},"status":"broken","statusMessage":"selenium.common.exceptions.TimeoutException: Message: \nStacktrace:\n#0 0x564232d6ff83 <unknown>\n#1 0x564232a28cf7 <unknown>\n#2 0x564232a7899e <unknown>\n#3 0x564232a78aa1 <unknown>\n#4 0x564232ac3d64 <unknown>\n#5 0x564232aa20dd <unknown>\n#6 0x564232ac1006 <unknown>\n#7 0x564232aa1e53 <unknown>\n#8 0x564232a69dd4 <unknown>\n#9 0x564232a6b1de <unknown>\n#10 0x564232d34531 <unknown>\n#11 0x564232d38455 <unknown>\n#12 0x564232d20f55 <unknown>\n#13 0x564232d390ef <unknown>\n#14 0x564232d0499f <unknown>\n#15 0x564232d5d008 <unknown>\n#16 0x564232d5d1d7 <unknown>\n#17 0x564232d6f124 <unknown>\n#18 0x7f6e11494ac3 <unknown>\n\n","statusTrace":"  File \"/home/runner/work/kisangateway-test/kisangateway-test/.venv/lib/python3.11/site-packages/allure_commons/_allure.py\", line 192, in impl\n    return func(*a, **kw)\n           ^^^^^^^^^^^^^^\n  File \"/home/runner/work/kisangateway-test/kisangateway-test/pages/about_page.py\", line 20, in click_login_link\n    self.click(self.LOGIN_LINK)\n  File \"/home/runner/work/kisangateway-test/kisangateway-test/pages/base_page.py\", line 38, in click\n    el: WebElement = self.wait.until(\n                     ^^^^^^^^^^^^^^^^\n  File \"/home/runner/work/kisangateway-test/kisangateway-test/.venv/lib/python3.11/site-packages/selenium/webdriver/support/wait.py\", line 95, in until\n    raise TimeoutException(message, screen, stacktrace)\n","steps":[],"attachments":[],"parameters":[],"shouldDisplayMessage":true,"stepsCount":0,"attachmentsCount":0,"hasContent":true,"attachmentStep":false}],"attachments":[],"parameters":[],"shouldDisplayMessage":false,"stepsCount":1,"attachmentsCount":0,"hasContent":true,"attachmentStep":false}],"testStage":{"description":"Deleting an existing project from workspace","status":"broken","statusMessage":"selenium.common.exceptions.TimeoutException: Message: \nStacktrace:\n#0 0x564232d6ff83 <unknown>\n#1 0x564232a28cf7 <unknown>\n#2 0x564232a7899e <unknown>\n#3 0x564232a78aa1 <unknown>\n#4 0x564232ac3d64 <unknown>\n#5 0x564232aa20dd <unknown>\n#6 0x564232ac1006 <unknown>\n#7 0x564232aa1e53 <unknown>\n#8 0x564232a69dd4 <unknown>\n#9 0x564232a6b1de <unknown>\n#10 0x564232d34531 <unknown>\n#11 0x564232d38455 <unknown>\n#12 0x564232d20f55 <unknown>\n#13 0x564232d390ef <unknown>\n#14 0x564232d0499f <unknown>\n#15 0x564232d5d008 <unknown>\n#16 0x564232d5d1d7 <unknown>\n#17 0x564232d6f124 <unknown>\n#18 0x7f6e11494ac3 <unknown>","statusTrace":"self = <tests.test_workspaces.TestWorkspaces object at 0x7f8f1f13ed90>\nsecret_data = {'email': '', 'password': ''}\n\n    @pytest.fixture(autouse=True)\n    def setup_method_fixture(self, secret_data: dict):\n>       login(secret_data, self.about_page, self.login_page)\n\ntests/test_workspaces.py:23: \n_ _ _ _ _ _ _ _ _ _ _ _ _ _ _ _ _ _ _ _ _ _ _ _ _ _ _ _ _ _ _ _ _ _ _ _ _ _ _ _ \ntests/test_workspaces.py:13: in login\n    about_page.click_login_link()\npages/about_page.py:20: in click_login_link\n    self.click(self.LOGIN_LINK)\npages/base_page.py:38: in click\n    el: WebElement = self.wait.until(\n_ _ _ _ _ _ _ _ _ _ _ _ _ _ _ _ _ _ _ _ _ _ _ _ _ _ _ _ _ _ _ _ _ _ _ _ _ _ _ _ \n\nself = <selenium.webdriver.support.wait.WebDriverWait (session=\"8b8888382b5b79581f6b36969c0ebe02\")>\nmethod = <function element_to_be_clickable.<locals>._predicate at 0x7f8f1ed9e5c0>\nmessage = ''\n\n    def until(self, method, message: str = \"\"):\n        \"\"\"Calls the method provided with the driver as an argument until the \\\n        return value does not evaluate to ``False``.\n    \n        :param method: callable(WebDriver)\n        :param message: optional message for :exc:`TimeoutException`\n        :returns: the result of the last call to `method`\n        :raises: :exc:`selenium.common.exceptions.TimeoutException` if timeout occurs\n        \"\"\"\n        screen = None\n        stacktrace = None\n    \n        end_time = time.monotonic() + self._timeout\n        while True:\n            try:\n                value = method(self._driver)\n                if value:\n                    return value\n            except self._ignored_exceptions as exc:\n                screen = getattr(exc, \"screen\", None)\n                stacktrace = getattr(exc, \"stacktrace\", None)\n            time.sleep(self._poll)\n            if time.monotonic() > end_time:\n                break\n>       raise TimeoutException(message, screen, stacktrace)\nE       selenium.common.exceptions.TimeoutException: Message: \nE       Stacktrace:\nE       #0 0x564232d6ff83 <unknown>\nE       #1 0x564232a28cf7 <unknown>\nE       #2 0x564232a7899e <unknown>\nE       #3 0x564232a78aa1 <unknown>\nE       #4 0x564232ac3d64 <unknown>\nE       #5 0x564232aa20dd <unknown>\nE       #6 0x564232ac1006 <unknown>\nE       #7 0x564232aa1e53 <unknown>\nE       #8 0x564232a69dd4 <unknown>\nE       #9 0x564232a6b1de <unknown>\nE       #10 0x564232d34531 <unknown>\nE       #11 0x564232d38455 <unknown>\nE       #12 0x564232d20f55 <unknown>\nE       #13 0x564232d390ef <unknown>\nE       #14 0x564232d0499f <unknown>\nE       #15 0x564232d5d008 <unknown>\nE       #16 0x564232d5d1d7 <unknown>\nE       #17 0x564232d6f124 <unknown>\nE       #18 0x7f6e11494ac3 <unknown>\n\n.venv/lib/python3.11/site-packages/selenium/webdriver/support/wait.py:95: TimeoutException","steps":[],"attachments":[{"uid":"10745bd08fbc67a3","name":"public ip address","source":"10745bd08fbc67a3.txt","type":"text/plain","size":11},{"uid":"6dd90986628e772a","name":"Cookies","source":"6dd90986628e772a.json","type":"application/json","size":2},{"uid":"eed3c724ab231345","name":"Session Storage","source":"eed3c724ab231345.json","type":"application/json","size":2},{"uid":"9c106da094de8f1d","name":"Local Storage","source":"9c106da094de8f1d.json","type":"application/json","size":2},{"uid":"f2c9932a293e22b8","name":"Console Logs","source":"f2c9932a293e22b8.json","type":"application/json","size":2},{"uid":"7ee7508f656c13d8","name":"Full Page Screenshot","source":"7ee7508f656c13d8.png","type":"image/png","size":2655641},{"uid":"333167d3b4157a45","name":"URL","source":"333167d3b4157a45.uri","type":"text/uri-list","size":25},{"uid":"9951296bbf236782","name":"Network Logs","source":"9951296bbf236782.json","type":"application/json","size":14443}],"parameters":[],"shouldDisplayMessage":true,"stepsCount":0,"attachmentsCount":8,"hasContent":true,"attachmentStep":false},"afterStages":[],"labels":[{"name":"story","value":"WorkSpaces Creation and Editing Functionality"},{"name":"epic","value":"Workspaces"},{"name":"severity","value":"normal"},{"name":"tag","value":"run(order=9)"},{"name":"parentSuite","value":"tests"},{"name":"suite","value":"test_workspaces"},{"name":"subSuite","value":"TestWorkspaces"},{"name":"host","value":"fv-az658-774"},{"name":"thread","value":"2193-MainThread"},{"name":"framework","value":"pytest"},{"name":"language","value":"cpython3"},{"name":"package","value":"tests.test_workspaces"},{"name":"resultFormat","value":"allure2"}],"parameters":[],"links":[],"hidden":false,"retry":false,"extra":{"severity":"normal","retries":[],"categories":[{"name":"Test defects","matchedStatuses":[],"flaky":false}],"tags":["run(order=9)"]},"source":"dfc6b0725b359c12.json","parameterValues":[]}