{"uid":"b3039cc6da42cf76","name":"Forgot Password with valid email test","fullName":"tests.test_forgot_password.TestForgotPassword#test_valid_email","historyId":"7ff7e178fd4f5b4b8deb31c8fc69c6a9","time":{"start":1697159112441,"stop":1697159122691,"duration":10250},"description":"Forgot password with a valid email address","descriptionHtml":"<p>Forgot password with a valid email address</p>\n","status":"broken","statusMessage":"selenium.common.exceptions.TimeoutException: Message: \nStacktrace:\n#0 0x56052c2896b3 <unknown>\n#1 0x56052bf5f1e7 <unknown>\n#2 0x56052bfa6566 <unknown>\n#3 0x56052bfa6651 <unknown>\n#4 0x56052bfe3a74 <unknown>\n#5 0x56052bfc80ed <unknown>\n#6 0x56052bfe1322 <unknown>\n#7 0x56052bfc7e93 <unknown>\n#8 0x56052bf9a934 <unknown>\n#9 0x56052bf9b71e <unknown>\n#10 0x56052c24ecb8 <unknown>\n#11 0x56052c252bf0 <unknown>\n#12 0x56052c25d19c <unknown>\n#13 0x56052c253808 <unknown>\n#14 0x56052c22027f <unknown>\n#15 0x56052c277e88 <unknown>\n#16 0x56052c278059 <unknown>\n#17 0x56052c288843 <unknown>\n#18 0x7f7678c94b43 <unknown>","statusTrace":"self = <tests.test_forgot_password.TestForgotPassword object at 0x7f8106a09610>\njson_data = {'forgot_password': {'error_message': \"We can't find a user with that e-mail address.\", 'success_message': 'A reset li...you page', 'name': 'test', 'new_name': 'another test', 'no_project_found_msg': 'No project matches the criteria', ...}}\nsecret_data = {'email': '', 'password': ''}\n\n    @allure.description(\"Forgot password with a valid email address\")\n    @allure.title(\"Forgot Password with valid email test\")\n    def test_valid_email(self, json_data: dict, secret_data: dict):\n>       self.about_page.click_login_link()\n\ntests/test_forgot_password.py:19: \n_ _ _ _ _ _ _ _ _ _ _ _ _ _ _ _ _ _ _ _ _ _ _ _ _ _ _ _ _ _ _ _ _ _ _ _ _ _ _ _ \npages/about_page.py:20: in click_login_link\n    self.click(self.LOGIN_LINK)\npages/base_page.py:38: in click\n    el: WebElement = self.wait.until(\n_ _ _ _ _ _ _ _ _ _ _ _ _ _ _ _ _ _ _ _ _ _ _ _ _ _ _ _ _ _ _ _ _ _ _ _ _ _ _ _ \n\nself = <selenium.webdriver.support.wait.WebDriverWait (session=\"db0a757e6adadac881ed0a82f5506cf7\")>\nmethod = <function element_to_be_clickable.<locals>._predicate at 0x7f8106973240>\nmessage = ''\n\n    def until(self, method, message: str = \"\"):\n        \"\"\"Calls the method provided with the driver as an argument until the \\\n        return value does not evaluate to ``False``.\n    \n        :param method: callable(WebDriver)\n        :param message: optional message for :exc:`TimeoutException`\n        :returns: the result of the last call to `method`\n        :raises: :exc:`selenium.common.exceptions.TimeoutException` if timeout occurs\n        \"\"\"\n        screen = None\n        stacktrace = None\n    \n        end_time = time.monotonic() + self._timeout\n        while True:\n            try:\n                value = method(self._driver)\n                if value:\n                    return value\n            except self._ignored_exceptions as exc:\n                screen = getattr(exc, \"screen\", None)\n                stacktrace = getattr(exc, \"stacktrace\", None)\n            time.sleep(self._poll)\n            if time.monotonic() > end_time:\n                break\n>       raise TimeoutException(message, screen, stacktrace)\nE       selenium.common.exceptions.TimeoutException: Message: \nE       Stacktrace:\nE       #0 0x56052c2896b3 <unknown>\nE       #1 0x56052bf5f1e7 <unknown>\nE       #2 0x56052bfa6566 <unknown>\nE       #3 0x56052bfa6651 <unknown>\nE       #4 0x56052bfe3a74 <unknown>\nE       #5 0x56052bfc80ed <unknown>\nE       #6 0x56052bfe1322 <unknown>\nE       #7 0x56052bfc7e93 <unknown>\nE       #8 0x56052bf9a934 <unknown>\nE       #9 0x56052bf9b71e <unknown>\nE       #10 0x56052c24ecb8 <unknown>\nE       #11 0x56052c252bf0 <unknown>\nE       #12 0x56052c25d19c <unknown>\nE       #13 0x56052c253808 <unknown>\nE       #14 0x56052c22027f <unknown>\nE       #15 0x56052c277e88 <unknown>\nE       #16 0x56052c278059 <unknown>\nE       #17 0x56052c288843 <unknown>\nE       #18 0x7f7678c94b43 <unknown>\n\n.venv/lib/python3.11/site-packages/selenium/webdriver/support/wait.py:95: TimeoutException","flaky":false,"newFailed":false,"newBroken":false,"newPassed":false,"retriesCount":0,"retriesStatusChange":false,"beforeStages":[{"name":"_verify_url","time":{"start":1697158938479,"stop":1697158938479,"duration":0},"status":"passed","steps":[],"attachments":[],"parameters":[],"shouldDisplayMessage":false,"stepsCount":0,"attachmentsCount":0,"hasContent":false},{"name":"secret_data","time":{"start":1697158938479,"stop":1697158938480,"duration":1},"status":"passed","steps":[],"attachments":[],"parameters":[],"shouldDisplayMessage":false,"stepsCount":0,"attachmentsCount":0,"hasContent":false},{"name":"base_url","time":{"start":1697158938479,"stop":1697158938479,"duration":0},"status":"passed","steps":[],"attachments":[],"parameters":[],"shouldDisplayMessage":false,"stepsCount":0,"attachmentsCount":0,"hasContent":false},{"name":"json_data","time":{"start":1697158938480,"stop":1697158938480,"duration":0},"status":"passed","steps":[],"attachments":[],"parameters":[],"shouldDisplayMessage":false,"stepsCount":0,"attachmentsCount":0,"hasContent":false}],"testStage":{"description":"Forgot password with a valid email address","status":"broken","statusMessage":"selenium.common.exceptions.TimeoutException: Message: \nStacktrace:\n#0 0x56052c2896b3 <unknown>\n#1 0x56052bf5f1e7 <unknown>\n#2 0x56052bfa6566 <unknown>\n#3 0x56052bfa6651 <unknown>\n#4 0x56052bfe3a74 <unknown>\n#5 0x56052bfc80ed <unknown>\n#6 0x56052bfe1322 <unknown>\n#7 0x56052bfc7e93 <unknown>\n#8 0x56052bf9a934 <unknown>\n#9 0x56052bf9b71e <unknown>\n#10 0x56052c24ecb8 <unknown>\n#11 0x56052c252bf0 <unknown>\n#12 0x56052c25d19c <unknown>\n#13 0x56052c253808 <unknown>\n#14 0x56052c22027f <unknown>\n#15 0x56052c277e88 <unknown>\n#16 0x56052c278059 <unknown>\n#17 0x56052c288843 <unknown>\n#18 0x7f7678c94b43 <unknown>","statusTrace":"self = <tests.test_forgot_password.TestForgotPassword object at 0x7f8106a09610>\njson_data = {'forgot_password': {'error_message': \"We can't find a user with that e-mail address.\", 'success_message': 'A reset li...you page', 'name': 'test', 'new_name': 'another test', 'no_project_found_msg': 'No project matches the criteria', ...}}\nsecret_data = {'email': '', 'password': ''}\n\n    @allure.description(\"Forgot password with a valid email address\")\n    @allure.title(\"Forgot Password with valid email test\")\n    def test_valid_email(self, json_data: dict, secret_data: dict):\n>       self.about_page.click_login_link()\n\ntests/test_forgot_password.py:19: \n_ _ _ _ _ _ _ _ _ _ _ _ _ _ _ _ _ _ _ _ _ _ _ _ _ _ _ _ _ _ _ _ _ _ _ _ _ _ _ _ \npages/about_page.py:20: in click_login_link\n    self.click(self.LOGIN_LINK)\npages/base_page.py:38: in click\n    el: WebElement = self.wait.until(\n_ _ _ _ _ _ _ _ _ _ _ _ _ _ _ _ _ _ _ _ _ _ _ _ _ _ _ _ _ _ _ _ _ _ _ _ _ _ _ _ \n\nself = <selenium.webdriver.support.wait.WebDriverWait (session=\"db0a757e6adadac881ed0a82f5506cf7\")>\nmethod = <function element_to_be_clickable.<locals>._predicate at 0x7f8106973240>\nmessage = ''\n\n    def until(self, method, message: str = \"\"):\n        \"\"\"Calls the method provided with the driver as an argument until the \\\n        return value does not evaluate to ``False``.\n    \n        :param method: callable(WebDriver)\n        :param message: optional message for :exc:`TimeoutException`\n        :returns: the result of the last call to `method`\n        :raises: :exc:`selenium.common.exceptions.TimeoutException` if timeout occurs\n        \"\"\"\n        screen = None\n        stacktrace = None\n    \n        end_time = time.monotonic() + self._timeout\n        while True:\n            try:\n                value = method(self._driver)\n                if value:\n                    return value\n            except self._ignored_exceptions as exc:\n                screen = getattr(exc, \"screen\", None)\n                stacktrace = getattr(exc, \"stacktrace\", None)\n            time.sleep(self._poll)\n            if time.monotonic() > end_time:\n                break\n>       raise TimeoutException(message, screen, stacktrace)\nE       selenium.common.exceptions.TimeoutException: Message: \nE       Stacktrace:\nE       #0 0x56052c2896b3 <unknown>\nE       #1 0x56052bf5f1e7 <unknown>\nE       #2 0x56052bfa6566 <unknown>\nE       #3 0x56052bfa6651 <unknown>\nE       #4 0x56052bfe3a74 <unknown>\nE       #5 0x56052bfc80ed <unknown>\nE       #6 0x56052bfe1322 <unknown>\nE       #7 0x56052bfc7e93 <unknown>\nE       #8 0x56052bf9a934 <unknown>\nE       #9 0x56052bf9b71e <unknown>\nE       #10 0x56052c24ecb8 <unknown>\nE       #11 0x56052c252bf0 <unknown>\nE       #12 0x56052c25d19c <unknown>\nE       #13 0x56052c253808 <unknown>\nE       #14 0x56052c22027f <unknown>\nE       #15 0x56052c277e88 <unknown>\nE       #16 0x56052c278059 <unknown>\nE       #17 0x56052c288843 <unknown>\nE       #18 0x7f7678c94b43 <unknown>\n\n.venv/lib/python3.11/site-packages/selenium/webdriver/support/wait.py:95: TimeoutException","steps":[{"name":"Click Login link","time":{"start":1697159112441,"stop":1697159122690,"duration":10249},"status":"broken","statusMessage":"selenium.common.exceptions.TimeoutException: Message: \nStacktrace:\n#0 0x56052c2896b3 <unknown>\n#1 0x56052bf5f1e7 <unknown>\n#2 0x56052bfa6566 <unknown>\n#3 0x56052bfa6651 <unknown>\n#4 0x56052bfe3a74 <unknown>\n#5 0x56052bfc80ed <unknown>\n#6 0x56052bfe1322 <unknown>\n#7 0x56052bfc7e93 <unknown>\n#8 0x56052bf9a934 <unknown>\n#9 0x56052bf9b71e <unknown>\n#10 0x56052c24ecb8 <unknown>\n#11 0x56052c252bf0 <unknown>\n#12 0x56052c25d19c <unknown>\n#13 0x56052c253808 <unknown>\n#14 0x56052c22027f <unknown>\n#15 0x56052c277e88 <unknown>\n#16 0x56052c278059 <unknown>\n#17 0x56052c288843 <unknown>\n#18 0x7f7678c94b43 <unknown>\n\n","statusTrace":"  File \"/home/runner/work/kisangateway-test/kisangateway-test/.venv/lib/python3.11/site-packages/allure_commons/_allure.py\", line 192, in impl\n    return func(*a, **kw)\n           ^^^^^^^^^^^^^^\n  File \"/home/runner/work/kisangateway-test/kisangateway-test/pages/about_page.py\", line 20, in click_login_link\n    self.click(self.LOGIN_LINK)\n  File \"/home/runner/work/kisangateway-test/kisangateway-test/pages/base_page.py\", line 38, in click\n    el: WebElement = self.wait.until(\n                     ^^^^^^^^^^^^^^^^\n  File \"/home/runner/work/kisangateway-test/kisangateway-test/.venv/lib/python3.11/site-packages/selenium/webdriver/support/wait.py\", line 95, in until\n    raise TimeoutException(message, screen, stacktrace)\n","steps":[],"attachments":[],"parameters":[],"shouldDisplayMessage":true,"stepsCount":0,"attachmentsCount":0,"hasContent":true}],"attachments":[{"uid":"efd47c1356efc989","name":"public ip address","source":"efd47c1356efc989.txt","type":"text/plain","size":12},{"uid":"11d563f9fcd226d","name":"Cookies","source":"11d563f9fcd226d.json","type":"application/json","size":2},{"uid":"ad7983dea4a97219","name":"Session Storage","source":"ad7983dea4a97219.json","type":"application/json","size":2},{"uid":"f248e861443eca33","name":"Local Storage","source":"f248e861443eca33.json","type":"application/json","size":2},{"uid":"17af630780009156","name":"Console Logs","source":"17af630780009156.json","type":"application/json","size":2},{"uid":"be1c1ca9d5cafd3d","name":"Full Page Screenshot","source":"be1c1ca9d5cafd3d.png","type":"image/png","size":1537971},{"uid":"d0951b9ec2c267d0","name":"URL","source":"d0951b9ec2c267d0.uri","type":"text/uri-list","size":25},{"uid":"26098f7750bdee0f","name":"Network Logs","source":"26098f7750bdee0f.json","type":"application/json","size":13951}],"parameters":[],"shouldDisplayMessage":true,"stepsCount":1,"attachmentsCount":8,"hasContent":true},"afterStages":[],"labels":[{"name":"story","value":"Forgot Password Feature's Functionality"},{"name":"suite","value":"Custom suite"},{"name":"parentSuite","value":"Custom parent suite"},{"name":"subSuite","value":"Custom sub suite"},{"name":"epic","value":"Security"},{"name":"severity","value":"critical"},{"name":"tag","value":"security"},{"name":"host","value":"fv-az402-288"},{"name":"thread","value":"2549-MainThread"},{"name":"framework","value":"pytest"},{"name":"language","value":"cpython3"},{"name":"package","value":"tests.test_forgot_password"},{"name":"resultFormat","value":"allure2"}],"parameters":[],"links":[],"hidden":false,"retry":false,"extra":{"severity":"critical","retries":[],"categories":[{"name":"Test defects","matchedStatuses":[],"flaky":false}],"tags":["security"]},"source":"b3039cc6da42cf76.json","parameterValues":[]}