{"uid":"cbb9ed3a75e287bd","name":"Logout of system test","fullName":"tests.test_login.TestLogin#test_logout","historyId":"b90200cedc51a1ecbba9a19fbdbf8893","time":{"start":1707699667964,"stop":1707699678178,"duration":10214},"description":"Log out from app","descriptionHtml":"<p>Log out from app</p>\n","status":"broken","statusMessage":"selenium.common.exceptions.TimeoutException: Message: \nStacktrace:\n#0 0x55cdb743dd93 <unknown>\n#1 0x55cdb7121337 <unknown>\n#2 0x55cdb716cd60 <unknown>\n#3 0x55cdb716ce51 <unknown>\n#4 0x55cdb71b0bc4 <unknown>\n#5 0x55cdb718f46d <unknown>\n#6 0x55cdb71ae12d <unknown>\n#7 0x55cdb718f1e3 <unknown>\n#8 0x55cdb715f135 <unknown>\n#9 0x55cdb716013e <unknown>\n#10 0x55cdb7401e4b <unknown>\n#11 0x55cdb7405dfa <unknown>\n#12 0x55cdb73ee6d5 <unknown>\n#13 0x55cdb7406a6f <unknown>\n#14 0x55cdb73d269f <unknown>\n#15 0x55cdb742b098 <unknown>\n#16 0x55cdb742b262 <unknown>\n#17 0x55cdb743cf34 <unknown>\n#18 0x7fa3bd494ac3 <unknown>","statusTrace":"self = <tests.test_login.TestLogin object at 0x7f7b19250b10>\njson_data = {'forgot_password': {'error_message': \"We can't find a user with that e-mail address.\", 'success_message': 'A reset li...you page', 'name': 'test', 'new_name': 'another test', 'no_project_found_msg': 'No project matches the criteria', ...}}\nsecret_data = {'email': '', 'password': ''}\n\n    @allure.description(\"Log out from app\")\n    @allure.title(\"Logout of system test\")\n    @allure.story(\"As a user i want to be able to logout after a successful login.\")\n    @pytest.mark.run(order=2)\n    def test_logout(self, json_data: dict, secret_data: dict):\n        # example of a simple text attachment\n        allure.attach(\n            \"<h1>Example html attachment</h1>\",\n            name=\"HTML example\",\n            attachment_type=allure.attachment_type.HTML,\n        )\n        allure.attach(\n            \"Some text content\",\n            name=\"TXT example\",\n            attachment_type=allure.attachment_type.TEXT,\n        )\n        allure.attach(\n            \"first,second,third\\none,two,three\",\n            name=\"CSV example\",\n            attachment_type=allure.attachment_type.CSV,\n        )\n        allure.attach(\n            json.dumps({\"first\": 1, \"second\": 2}, indent=2),\n            name=\"JSON example\",\n            attachment_type=allure.attachment_type.JSON,\n        )\n        xml_content = \"\"\"<?xml version=\"1.0\" encoding=\"UTF-8\"?>\n            <tag>\n                 <inside>...</inside>\n             </tag>\n         \"\"\"\n        allure.attach(\n            xml_content,\n            name=\"some attachment name\",\n            attachment_type=allure.attachment_type.XML,\n        )\n        allure.attach(\n            \"\\n\".join(\n                [\n                    \"https://github.com/allure-framework\",\n                    \"https://github.com/allure-examples\",\n                ]\n            ),\n            name=\"URI List example\",\n            attachment_type=allure.attachment_type.URI_LIST,\n        )\n>       self.about_page.click_login_link()\n\ntests/test_login.py:90: \n_ _ _ _ _ _ _ _ _ _ _ _ _ _ _ _ _ _ _ _ _ _ _ _ _ _ _ _ _ _ _ _ _ _ _ _ _ _ _ _ \npages/about_page.py:20: in click_login_link\n    self.click(self.LOGIN_LINK)\npages/base_page.py:38: in click\n    el: WebElement = self.wait.until(\n_ _ _ _ _ _ _ _ _ _ _ _ _ _ _ _ _ _ _ _ _ _ _ _ _ _ _ _ _ _ _ _ _ _ _ _ _ _ _ _ \n\nself = <selenium.webdriver.support.wait.WebDriverWait (session=\"e331fe3ac527dcd5cd94c9b57530c502\")>\nmethod = <function element_to_be_clickable.<locals>._predicate at 0x7f7b19216a20>\nmessage = ''\n\n    def until(self, method, message: str = \"\"):\n        \"\"\"Calls the method provided with the driver as an argument until the \\\n        return value does not evaluate to ``False``.\n    \n        :param method: callable(WebDriver)\n        :param message: optional message for :exc:`TimeoutException`\n        :returns: the result of the last call to `method`\n        :raises: :exc:`selenium.common.exceptions.TimeoutException` if timeout occurs\n        \"\"\"\n        screen = None\n        stacktrace = None\n    \n        end_time = time.monotonic() + self._timeout\n        while True:\n            try:\n                value = method(self._driver)\n                if value:\n                    return value\n            except self._ignored_exceptions as exc:\n                screen = getattr(exc, \"screen\", None)\n                stacktrace = getattr(exc, \"stacktrace\", None)\n            time.sleep(self._poll)\n            if time.monotonic() > end_time:\n                break\n>       raise TimeoutException(message, screen, stacktrace)\nE       selenium.common.exceptions.TimeoutException: Message: \nE       Stacktrace:\nE       #0 0x55cdb743dd93 <unknown>\nE       #1 0x55cdb7121337 <unknown>\nE       #2 0x55cdb716cd60 <unknown>\nE       #3 0x55cdb716ce51 <unknown>\nE       #4 0x55cdb71b0bc4 <unknown>\nE       #5 0x55cdb718f46d <unknown>\nE       #6 0x55cdb71ae12d <unknown>\nE       #7 0x55cdb718f1e3 <unknown>\nE       #8 0x55cdb715f135 <unknown>\nE       #9 0x55cdb716013e <unknown>\nE       #10 0x55cdb7401e4b <unknown>\nE       #11 0x55cdb7405dfa <unknown>\nE       #12 0x55cdb73ee6d5 <unknown>\nE       #13 0x55cdb7406a6f <unknown>\nE       #14 0x55cdb73d269f <unknown>\nE       #15 0x55cdb742b098 <unknown>\nE       #16 0x55cdb742b262 <unknown>\nE       #17 0x55cdb743cf34 <unknown>\nE       #18 0x7fa3bd494ac3 <unknown>\n\n.venv/lib/python3.11/site-packages/selenium/webdriver/support/wait.py:95: TimeoutException","flaky":false,"newFailed":false,"newBroken":false,"newPassed":false,"retriesCount":0,"retriesStatusChange":false,"beforeStages":[{"name":"base_url","time":{"start":1707699642626,"stop":1707699642626,"duration":0},"status":"passed","steps":[],"attachments":[],"parameters":[],"shouldDisplayMessage":false,"stepsCount":0,"attachmentsCount":0,"hasContent":false,"attachmentStep":false},{"name":"_verify_url","time":{"start":1707699642627,"stop":1707699642627,"duration":0},"status":"passed","steps":[],"attachments":[],"parameters":[],"shouldDisplayMessage":false,"stepsCount":0,"attachmentsCount":0,"hasContent":false,"attachmentStep":false},{"name":"json_data","time":{"start":1707699642627,"stop":1707699642627,"duration":0},"status":"passed","steps":[],"attachments":[],"parameters":[],"shouldDisplayMessage":false,"stepsCount":0,"attachmentsCount":0,"hasContent":false,"attachmentStep":false},{"name":"secret_data","time":{"start":1707699642627,"stop":1707699642627,"duration":0},"status":"passed","steps":[],"attachments":[],"parameters":[],"shouldDisplayMessage":false,"stepsCount":0,"attachmentsCount":0,"hasContent":false,"attachmentStep":false}],"testStage":{"description":"Log out from app","status":"broken","statusMessage":"selenium.common.exceptions.TimeoutException: Message: \nStacktrace:\n#0 0x55cdb743dd93 <unknown>\n#1 0x55cdb7121337 <unknown>\n#2 0x55cdb716cd60 <unknown>\n#3 0x55cdb716ce51 <unknown>\n#4 0x55cdb71b0bc4 <unknown>\n#5 0x55cdb718f46d <unknown>\n#6 0x55cdb71ae12d <unknown>\n#7 0x55cdb718f1e3 <unknown>\n#8 0x55cdb715f135 <unknown>\n#9 0x55cdb716013e <unknown>\n#10 0x55cdb7401e4b <unknown>\n#11 0x55cdb7405dfa <unknown>\n#12 0x55cdb73ee6d5 <unknown>\n#13 0x55cdb7406a6f <unknown>\n#14 0x55cdb73d269f <unknown>\n#15 0x55cdb742b098 <unknown>\n#16 0x55cdb742b262 <unknown>\n#17 0x55cdb743cf34 <unknown>\n#18 0x7fa3bd494ac3 <unknown>","statusTrace":"self = <tests.test_login.TestLogin object at 0x7f7b19250b10>\njson_data = {'forgot_password': {'error_message': \"We can't find a user with that e-mail address.\", 'success_message': 'A reset li...you page', 'name': 'test', 'new_name': 'another test', 'no_project_found_msg': 'No project matches the criteria', ...}}\nsecret_data = {'email': '', 'password': ''}\n\n    @allure.description(\"Log out from app\")\n    @allure.title(\"Logout of system test\")\n    @allure.story(\"As a user i want to be able to logout after a successful login.\")\n    @pytest.mark.run(order=2)\n    def test_logout(self, json_data: dict, secret_data: dict):\n        # example of a simple text attachment\n        allure.attach(\n            \"<h1>Example html attachment</h1>\",\n            name=\"HTML example\",\n            attachment_type=allure.attachment_type.HTML,\n        )\n        allure.attach(\n            \"Some text content\",\n            name=\"TXT example\",\n            attachment_type=allure.attachment_type.TEXT,\n        )\n        allure.attach(\n            \"first,second,third\\none,two,three\",\n            name=\"CSV example\",\n            attachment_type=allure.attachment_type.CSV,\n        )\n        allure.attach(\n            json.dumps({\"first\": 1, \"second\": 2}, indent=2),\n            name=\"JSON example\",\n            attachment_type=allure.attachment_type.JSON,\n        )\n        xml_content = \"\"\"<?xml version=\"1.0\" encoding=\"UTF-8\"?>\n            <tag>\n                 <inside>...</inside>\n             </tag>\n         \"\"\"\n        allure.attach(\n            xml_content,\n            name=\"some attachment name\",\n            attachment_type=allure.attachment_type.XML,\n        )\n        allure.attach(\n            \"\\n\".join(\n                [\n                    \"https://github.com/allure-framework\",\n                    \"https://github.com/allure-examples\",\n                ]\n            ),\n            name=\"URI List example\",\n            attachment_type=allure.attachment_type.URI_LIST,\n        )\n>       self.about_page.click_login_link()\n\ntests/test_login.py:90: \n_ _ _ _ _ _ _ _ _ _ _ _ _ _ _ _ _ _ _ _ _ _ _ _ _ _ _ _ _ _ _ _ _ _ _ _ _ _ _ _ \npages/about_page.py:20: in click_login_link\n    self.click(self.LOGIN_LINK)\npages/base_page.py:38: in click\n    el: WebElement = self.wait.until(\n_ _ _ _ _ _ _ _ _ _ _ _ _ _ _ _ _ _ _ _ _ _ _ _ _ _ _ _ _ _ _ _ _ _ _ _ _ _ _ _ \n\nself = <selenium.webdriver.support.wait.WebDriverWait (session=\"e331fe3ac527dcd5cd94c9b57530c502\")>\nmethod = <function element_to_be_clickable.<locals>._predicate at 0x7f7b19216a20>\nmessage = ''\n\n    def until(self, method, message: str = \"\"):\n        \"\"\"Calls the method provided with the driver as an argument until the \\\n        return value does not evaluate to ``False``.\n    \n        :param method: callable(WebDriver)\n        :param message: optional message for :exc:`TimeoutException`\n        :returns: the result of the last call to `method`\n        :raises: :exc:`selenium.common.exceptions.TimeoutException` if timeout occurs\n        \"\"\"\n        screen = None\n        stacktrace = None\n    \n        end_time = time.monotonic() + self._timeout\n        while True:\n            try:\n                value = method(self._driver)\n                if value:\n                    return value\n            except self._ignored_exceptions as exc:\n                screen = getattr(exc, \"screen\", None)\n                stacktrace = getattr(exc, \"stacktrace\", None)\n            time.sleep(self._poll)\n            if time.monotonic() > end_time:\n                break\n>       raise TimeoutException(message, screen, stacktrace)\nE       selenium.common.exceptions.TimeoutException: Message: \nE       Stacktrace:\nE       #0 0x55cdb743dd93 <unknown>\nE       #1 0x55cdb7121337 <unknown>\nE       #2 0x55cdb716cd60 <unknown>\nE       #3 0x55cdb716ce51 <unknown>\nE       #4 0x55cdb71b0bc4 <unknown>\nE       #5 0x55cdb718f46d <unknown>\nE       #6 0x55cdb71ae12d <unknown>\nE       #7 0x55cdb718f1e3 <unknown>\nE       #8 0x55cdb715f135 <unknown>\nE       #9 0x55cdb716013e <unknown>\nE       #10 0x55cdb7401e4b <unknown>\nE       #11 0x55cdb7405dfa <unknown>\nE       #12 0x55cdb73ee6d5 <unknown>\nE       #13 0x55cdb7406a6f <unknown>\nE       #14 0x55cdb73d269f <unknown>\nE       #15 0x55cdb742b098 <unknown>\nE       #16 0x55cdb742b262 <unknown>\nE       #17 0x55cdb743cf34 <unknown>\nE       #18 0x7fa3bd494ac3 <unknown>\n\n.venv/lib/python3.11/site-packages/selenium/webdriver/support/wait.py:95: TimeoutException","steps":[{"name":"Click Login link","time":{"start":1707699667964,"stop":1707699678177,"duration":10213},"status":"broken","statusMessage":"selenium.common.exceptions.TimeoutException: Message: \nStacktrace:\n#0 0x55cdb743dd93 <unknown>\n#1 0x55cdb7121337 <unknown>\n#2 0x55cdb716cd60 <unknown>\n#3 0x55cdb716ce51 <unknown>\n#4 0x55cdb71b0bc4 <unknown>\n#5 0x55cdb718f46d <unknown>\n#6 0x55cdb71ae12d <unknown>\n#7 0x55cdb718f1e3 <unknown>\n#8 0x55cdb715f135 <unknown>\n#9 0x55cdb716013e <unknown>\n#10 0x55cdb7401e4b <unknown>\n#11 0x55cdb7405dfa <unknown>\n#12 0x55cdb73ee6d5 <unknown>\n#13 0x55cdb7406a6f <unknown>\n#14 0x55cdb73d269f <unknown>\n#15 0x55cdb742b098 <unknown>\n#16 0x55cdb742b262 <unknown>\n#17 0x55cdb743cf34 <unknown>\n#18 0x7fa3bd494ac3 <unknown>\n\n","statusTrace":"  File \"/home/runner/work/kisangateway-test/kisangateway-test/.venv/lib/python3.11/site-packages/allure_commons/_allure.py\", line 192, in impl\n    return func(*a, **kw)\n           ^^^^^^^^^^^^^^\n  File \"/home/runner/work/kisangateway-test/kisangateway-test/pages/about_page.py\", line 20, in click_login_link\n    self.click(self.LOGIN_LINK)\n  File \"/home/runner/work/kisangateway-test/kisangateway-test/pages/base_page.py\", line 38, in click\n    el: WebElement = self.wait.until(\n                     ^^^^^^^^^^^^^^^^\n  File \"/home/runner/work/kisangateway-test/kisangateway-test/.venv/lib/python3.11/site-packages/selenium/webdriver/support/wait.py\", line 95, in until\n    raise TimeoutException(message, screen, stacktrace)\n","steps":[],"attachments":[],"parameters":[],"shouldDisplayMessage":true,"stepsCount":0,"attachmentsCount":0,"hasContent":true,"attachmentStep":false}],"attachments":[{"uid":"a5e8228c657cac4a","name":"HTML example","source":"a5e8228c657cac4a.html","type":"text/html","size":32},{"uid":"fb19640672532a5","name":"TXT example","source":"fb19640672532a5.txt","type":"text/plain","size":17},{"uid":"d81007ca6898a274","name":"CSV example","source":"d81007ca6898a274.csv","type":"text/csv","size":32},{"uid":"344c030cacb498f1","name":"JSON example","source":"344c030cacb498f1.json","type":"application/json","size":31},{"uid":"abcb3fae47864b0b","name":"some attachment name","source":"abcb3fae47864b0b.xml","type":"application/xml","size":124},{"uid":"1c89439a48bd6699","name":"URI List example","source":"1c89439a48bd6699.uri","type":"text/uri-list","size":70},{"uid":"e2ffa4b033a7abbb","name":"public ip address","source":"e2ffa4b033a7abbb.txt","type":"text/plain","size":13},{"uid":"ca4409292fd1194d","name":"Cookies","source":"ca4409292fd1194d.json","type":"application/json","size":2},{"uid":"360f9d2653cd4b10","name":"Session Storage","source":"360f9d2653cd4b10.json","type":"application/json","size":2},{"uid":"8fe084aa5f61b8ab","name":"Local Storage","source":"8fe084aa5f61b8ab.json","type":"application/json","size":77},{"uid":"e7d759f3ea4c3efc","name":"Console Logs","source":"e7d759f3ea4c3efc.json","type":"application/json","size":599},{"uid":"af9f2771bcad8204","name":"Full Page Screenshot","source":"af9f2771bcad8204.png","type":"image/png","size":2477011},{"uid":"17cb34daa8d7c8b6","name":"URL","source":"17cb34daa8d7c8b6.uri","type":"text/uri-list","size":25},{"uid":"43a51c752e8345b9","name":"Network Logs","source":"43a51c752e8345b9.json","type":"application/json","size":1283079}],"parameters":[],"shouldDisplayMessage":true,"stepsCount":1,"attachmentsCount":14,"hasContent":true,"attachmentStep":false},"afterStages":[],"labels":[{"name":"feature","value":"Login"},{"name":"severity","value":"blocker"},{"name":"story","value":"As a user i want to be able to logout after a successful login."},{"name":"epic","value":"Security"},{"name":"tag","value":"run(order=2)"},{"name":"tag","value":"security"},{"name":"parentSuite","value":"tests"},{"name":"suite","value":"test_login"},{"name":"subSuite","value":"TestLogin"},{"name":"host","value":"fv-az841-865"},{"name":"thread","value":"2179-MainThread"},{"name":"framework","value":"pytest"},{"name":"language","value":"cpython3"},{"name":"package","value":"tests.test_login"},{"name":"resultFormat","value":"allure2"}],"parameters":[],"links":[],"hidden":false,"retry":false,"extra":{"severity":"blocker","retries":[],"categories":[{"name":"Test defects","matchedStatuses":[],"flaky":false}],"tags":["run(order=2)","security"]},"source":"cbb9ed3a75e287bd.json","parameterValues":[]}