{"uid":"294b53b27369d780","name":"Exception test","fullName":"tests.test_forgot_password.TestForgotPassword#test_expected_exception_on_page_title","historyId":"cf4fc082d0d58c4cc0a6263c56ab7f00","time":{"start":1709600618735,"stop":1709600628988,"duration":10253},"description":"Exception catching","descriptionHtml":"<p>Exception catching</p>\n","status":"broken","statusMessage":"selenium.common.exceptions.TimeoutException: Message: \nStacktrace:\n#0 0x56418e8ef793 <unknown>\n#1 0x56418e5e31c6 <unknown>\n#2 0x56418e62e358 <unknown>\n#3 0x56418e62e411 <unknown>\n#4 0x56418e671934 <unknown>\n#5 0x56418e6503fd <unknown>\n#6 0x56418e66edd9 <unknown>\n#7 0x56418e650173 <unknown>\n#8 0x56418e6212d3 <unknown>\n#9 0x56418e621c9e <unknown>\n#10 0x56418e8b38cb <unknown>\n#11 0x56418e8b7745 <unknown>\n#12 0x56418e8a02e1 <unknown>\n#13 0x56418e8b82d2 <unknown>\n#14 0x56418e88417f <unknown>\n#15 0x56418e8dddc8 <unknown>\n#16 0x56418e8ddfc3 <unknown>\n#17 0x56418e8ee944 <unknown>\n#18 0x7fd8aba94ac3 <unknown>","statusTrace":"self = <tests.test_forgot_password.TestForgotPassword object at 0x7fec8d672b90>\n\n    @allure.description(\"Exception catching\")\n    @allure.title(\"Exception test\")\n    @allure.link(\"https://github.com/allure-examples/\", name=\"Allure Examples\")\n    @allure.issue(\n        \"https://github.com/allure-examples/allure-examples/issues/1\", name=\"ISSUE-1\"\n    )\n    @allure.testcase(\n        \"https://github.com/allure-examples/allure-examples/issues/2\", name=\"TESTCASE-2\"\n    )\n    def test_expected_exception_on_page_title(self):\n>       self.about_page.click_login_link()\n\ntests/test_forgot_password.py:49: \n_ _ _ _ _ _ _ _ _ _ _ _ _ _ _ _ _ _ _ _ _ _ _ _ _ _ _ _ _ _ _ _ _ _ _ _ _ _ _ _ \npages/about_page.py:20: in click_login_link\n    self.click(self.LOGIN_LINK)\npages/base_page.py:38: in click\n    el: WebElement = self.wait.until(\n_ _ _ _ _ _ _ _ _ _ _ _ _ _ _ _ _ _ _ _ _ _ _ _ _ _ _ _ _ _ _ _ _ _ _ _ _ _ _ _ \n\nself = <selenium.webdriver.support.wait.WebDriverWait (session=\"d077a52615bae732e71277ddd0521709\")>\nmethod = <function element_to_be_clickable.<locals>._predicate at 0x7fec8d68d8a0>\nmessage = ''\n\n    def until(self, method, message: str = \"\"):\n        \"\"\"Calls the method provided with the driver as an argument until the \\\n        return value does not evaluate to ``False``.\n    \n        :param method: callable(WebDriver)\n        :param message: optional message for :exc:`TimeoutException`\n        :returns: the result of the last call to `method`\n        :raises: :exc:`selenium.common.exceptions.TimeoutException` if timeout occurs\n        \"\"\"\n        screen = None\n        stacktrace = None\n    \n        end_time = time.monotonic() + self._timeout\n        while True:\n            try:\n                value = method(self._driver)\n                if value:\n                    return value\n            except self._ignored_exceptions as exc:\n                screen = getattr(exc, \"screen\", None)\n                stacktrace = getattr(exc, \"stacktrace\", None)\n            time.sleep(self._poll)\n            if time.monotonic() > end_time:\n                break\n>       raise TimeoutException(message, screen, stacktrace)\nE       selenium.common.exceptions.TimeoutException: Message: \nE       Stacktrace:\nE       #0 0x56418e8ef793 <unknown>\nE       #1 0x56418e5e31c6 <unknown>\nE       #2 0x56418e62e358 <unknown>\nE       #3 0x56418e62e411 <unknown>\nE       #4 0x56418e671934 <unknown>\nE       #5 0x56418e6503fd <unknown>\nE       #6 0x56418e66edd9 <unknown>\nE       #7 0x56418e650173 <unknown>\nE       #8 0x56418e6212d3 <unknown>\nE       #9 0x56418e621c9e <unknown>\nE       #10 0x56418e8b38cb <unknown>\nE       #11 0x56418e8b7745 <unknown>\nE       #12 0x56418e8a02e1 <unknown>\nE       #13 0x56418e8b82d2 <unknown>\nE       #14 0x56418e88417f <unknown>\nE       #15 0x56418e8dddc8 <unknown>\nE       #16 0x56418e8ddfc3 <unknown>\nE       #17 0x56418e8ee944 <unknown>\nE       #18 0x7fd8aba94ac3 <unknown>\n\n.venv/lib/python3.11/site-packages/selenium/webdriver/support/wait.py:95: TimeoutException","flaky":false,"newFailed":false,"newBroken":false,"newPassed":false,"retriesCount":0,"retriesStatusChange":false,"beforeStages":[{"name":"base_url","time":{"start":1709600418452,"stop":1709600418452,"duration":0},"status":"passed","steps":[],"attachments":[],"parameters":[],"shouldDisplayMessage":false,"stepsCount":0,"attachmentsCount":0,"hasContent":false,"attachmentStep":false},{"name":"_verify_url","time":{"start":1709600418452,"stop":1709600418452,"duration":0},"status":"passed","steps":[],"attachments":[],"parameters":[],"shouldDisplayMessage":false,"stepsCount":0,"attachmentsCount":0,"hasContent":false,"attachmentStep":false}],"testStage":{"description":"Exception catching","status":"broken","statusMessage":"selenium.common.exceptions.TimeoutException: Message: \nStacktrace:\n#0 0x56418e8ef793 <unknown>\n#1 0x56418e5e31c6 <unknown>\n#2 0x56418e62e358 <unknown>\n#3 0x56418e62e411 <unknown>\n#4 0x56418e671934 <unknown>\n#5 0x56418e6503fd <unknown>\n#6 0x56418e66edd9 <unknown>\n#7 0x56418e650173 <unknown>\n#8 0x56418e6212d3 <unknown>\n#9 0x56418e621c9e <unknown>\n#10 0x56418e8b38cb <unknown>\n#11 0x56418e8b7745 <unknown>\n#12 0x56418e8a02e1 <unknown>\n#13 0x56418e8b82d2 <unknown>\n#14 0x56418e88417f <unknown>\n#15 0x56418e8dddc8 <unknown>\n#16 0x56418e8ddfc3 <unknown>\n#17 0x56418e8ee944 <unknown>\n#18 0x7fd8aba94ac3 <unknown>","statusTrace":"self = <tests.test_forgot_password.TestForgotPassword object at 0x7fec8d672b90>\n\n    @allure.description(\"Exception catching\")\n    @allure.title(\"Exception test\")\n    @allure.link(\"https://github.com/allure-examples/\", name=\"Allure Examples\")\n    @allure.issue(\n        \"https://github.com/allure-examples/allure-examples/issues/1\", name=\"ISSUE-1\"\n    )\n    @allure.testcase(\n        \"https://github.com/allure-examples/allure-examples/issues/2\", name=\"TESTCASE-2\"\n    )\n    def test_expected_exception_on_page_title(self):\n>       self.about_page.click_login_link()\n\ntests/test_forgot_password.py:49: \n_ _ _ _ _ _ _ _ _ _ _ _ _ _ _ _ _ _ _ _ _ _ _ _ _ _ _ _ _ _ _ _ _ _ _ _ _ _ _ _ \npages/about_page.py:20: in click_login_link\n    self.click(self.LOGIN_LINK)\npages/base_page.py:38: in click\n    el: WebElement = self.wait.until(\n_ _ _ _ _ _ _ _ _ _ _ _ _ _ _ _ _ _ _ _ _ _ _ _ _ _ _ _ _ _ _ _ _ _ _ _ _ _ _ _ \n\nself = <selenium.webdriver.support.wait.WebDriverWait (session=\"d077a52615bae732e71277ddd0521709\")>\nmethod = <function element_to_be_clickable.<locals>._predicate at 0x7fec8d68d8a0>\nmessage = ''\n\n    def until(self, method, message: str = \"\"):\n        \"\"\"Calls the method provided with the driver as an argument until the \\\n        return value does not evaluate to ``False``.\n    \n        :param method: callable(WebDriver)\n        :param message: optional message for :exc:`TimeoutException`\n        :returns: the result of the last call to `method`\n        :raises: :exc:`selenium.common.exceptions.TimeoutException` if timeout occurs\n        \"\"\"\n        screen = None\n        stacktrace = None\n    \n        end_time = time.monotonic() + self._timeout\n        while True:\n            try:\n                value = method(self._driver)\n                if value:\n                    return value\n            except self._ignored_exceptions as exc:\n                screen = getattr(exc, \"screen\", None)\n                stacktrace = getattr(exc, \"stacktrace\", None)\n            time.sleep(self._poll)\n            if time.monotonic() > end_time:\n                break\n>       raise TimeoutException(message, screen, stacktrace)\nE       selenium.common.exceptions.TimeoutException: Message: \nE       Stacktrace:\nE       #0 0x56418e8ef793 <unknown>\nE       #1 0x56418e5e31c6 <unknown>\nE       #2 0x56418e62e358 <unknown>\nE       #3 0x56418e62e411 <unknown>\nE       #4 0x56418e671934 <unknown>\nE       #5 0x56418e6503fd <unknown>\nE       #6 0x56418e66edd9 <unknown>\nE       #7 0x56418e650173 <unknown>\nE       #8 0x56418e6212d3 <unknown>\nE       #9 0x56418e621c9e <unknown>\nE       #10 0x56418e8b38cb <unknown>\nE       #11 0x56418e8b7745 <unknown>\nE       #12 0x56418e8a02e1 <unknown>\nE       #13 0x56418e8b82d2 <unknown>\nE       #14 0x56418e88417f <unknown>\nE       #15 0x56418e8dddc8 <unknown>\nE       #16 0x56418e8ddfc3 <unknown>\nE       #17 0x56418e8ee944 <unknown>\nE       #18 0x7fd8aba94ac3 <unknown>\n\n.venv/lib/python3.11/site-packages/selenium/webdriver/support/wait.py:95: TimeoutException","steps":[{"name":"Click Login link","time":{"start":1709600618735,"stop":1709600628988,"duration":10253},"status":"broken","statusMessage":"selenium.common.exceptions.TimeoutException: Message: \nStacktrace:\n#0 0x56418e8ef793 <unknown>\n#1 0x56418e5e31c6 <unknown>\n#2 0x56418e62e358 <unknown>\n#3 0x56418e62e411 <unknown>\n#4 0x56418e671934 <unknown>\n#5 0x56418e6503fd <unknown>\n#6 0x56418e66edd9 <unknown>\n#7 0x56418e650173 <unknown>\n#8 0x56418e6212d3 <unknown>\n#9 0x56418e621c9e <unknown>\n#10 0x56418e8b38cb <unknown>\n#11 0x56418e8b7745 <unknown>\n#12 0x56418e8a02e1 <unknown>\n#13 0x56418e8b82d2 <unknown>\n#14 0x56418e88417f <unknown>\n#15 0x56418e8dddc8 <unknown>\n#16 0x56418e8ddfc3 <unknown>\n#17 0x56418e8ee944 <unknown>\n#18 0x7fd8aba94ac3 <unknown>\n\n","statusTrace":"  File \"/home/runner/work/kisangateway-test/kisangateway-test/.venv/lib/python3.11/site-packages/allure_commons/_allure.py\", line 192, in impl\n    return func(*a, **kw)\n           ^^^^^^^^^^^^^^\n  File \"/home/runner/work/kisangateway-test/kisangateway-test/pages/about_page.py\", line 20, in click_login_link\n    self.click(self.LOGIN_LINK)\n  File \"/home/runner/work/kisangateway-test/kisangateway-test/pages/base_page.py\", line 38, in click\n    el: WebElement = self.wait.until(\n                     ^^^^^^^^^^^^^^^^\n  File \"/home/runner/work/kisangateway-test/kisangateway-test/.venv/lib/python3.11/site-packages/selenium/webdriver/support/wait.py\", line 95, in until\n    raise TimeoutException(message, screen, stacktrace)\n","steps":[],"attachments":[],"parameters":[],"shouldDisplayMessage":true,"stepsCount":0,"attachmentsCount":0,"hasContent":true,"attachmentStep":false}],"attachments":[{"uid":"38a610f6e8cfbfa4","name":"public ip address","source":"38a610f6e8cfbfa4.txt","type":"text/plain","size":13},{"uid":"f2194b471f57d35c","name":"Cookies","source":"f2194b471f57d35c.json","type":"application/json","size":527},{"uid":"66ed9c86b7d9d600","name":"Session Storage","source":"66ed9c86b7d9d600.json","type":"application/json","size":2},{"uid":"5a65e50ae130e812","name":"Local Storage","source":"5a65e50ae130e812.json","type":"application/json","size":77},{"uid":"b63bec8bc3f8cca0","name":"Console Logs","source":"b63bec8bc3f8cca0.json","type":"application/json","size":310},{"uid":"5ab86bf596488e38","name":"Full Page Screenshot","source":"5ab86bf596488e38.png","type":"image/png","size":2477225},{"uid":"cfac97b9d182da5a","name":"URL","source":"cfac97b9d182da5a.uri","type":"text/uri-list","size":25},{"uid":"bc4434254823702f","name":"Network Logs","source":"bc4434254823702f.json","type":"application/json","size":1285028}],"parameters":[],"shouldDisplayMessage":true,"stepsCount":1,"attachmentsCount":8,"hasContent":true,"attachmentStep":false},"afterStages":[],"labels":[{"name":"subSuite","value":"Custom sub suite"},{"name":"epic","value":"Security"},{"name":"severity","value":"critical"},{"name":"suite","value":"Custom suite"},{"name":"parentSuite","value":"Custom parent suite"},{"name":"story","value":"Forgot Password Feature's Functionality"},{"name":"tag","value":"security"},{"name":"host","value":"fv-az915-247"},{"name":"thread","value":"2329-MainThread"},{"name":"framework","value":"pytest"},{"name":"language","value":"cpython3"},{"name":"package","value":"tests.test_forgot_password"},{"name":"resultFormat","value":"allure2"}],"parameters":[],"links":[{"name":"TESTCASE-2","url":"https://github.com/allure-examples/allure-examples/issues/2","type":"tms"},{"name":"ISSUE-1","url":"https://github.com/allure-examples/allure-examples/issues/1","type":"issue"},{"name":"Allure Examples","url":"https://github.com/allure-examples/","type":"link"}],"hidden":false,"retry":false,"extra":{"severity":"critical","retries":[],"categories":[{"name":"Test defects","matchedStatuses":[],"flaky":false}],"tags":["security"]},"source":"294b53b27369d780.json","parameterValues":[]}