{"uid":"2fdb509c906ab60d","name":"Rename an existing workspace test","fullName":"tests.test_workspaces.TestWorkspaces#test_rename_workspace","historyId":"d49362deb707221678019bdc76bcec08","time":{"start":1709600459470,"stop":1709600459470,"duration":0},"description":"Rename an existing workspace","descriptionHtml":"<p>Rename an existing workspace</p>\n","status":"broken","statusMessage":"selenium.common.exceptions.TimeoutException: Message: \nStacktrace:\n#0 0x560ed97f1793 <unknown>\n#1 0x560ed94e51c6 <unknown>\n#2 0x560ed9530358 <unknown>\n#3 0x560ed9530411 <unknown>\n#4 0x560ed9573934 <unknown>\n#5 0x560ed95523fd <unknown>\n#6 0x560ed9570dd9 <unknown>\n#7 0x560ed9552173 <unknown>\n#8 0x560ed95232d3 <unknown>\n#9 0x560ed9523c9e <unknown>\n#10 0x560ed97b58cb <unknown>\n#11 0x560ed97b9745 <unknown>\n#12 0x560ed97a22e1 <unknown>\n#13 0x560ed97ba2d2 <unknown>\n#14 0x560ed978617f <unknown>\n#15 0x560ed97dfdc8 <unknown>\n#16 0x560ed97dffc3 <unknown>\n#17 0x560ed97f0944 <unknown>\n#18 0x7ff181a94ac3 <unknown>","statusTrace":"self = <tests.test_workspaces.TestWorkspaces object at 0x7fec8da22d10>\nsecret_data = {'email': '', 'password': ''}\n\n    @pytest.fixture(autouse=True)\n    def setup_method_fixture(self, secret_data: dict):\n>       login(secret_data, self.about_page, self.login_page)\n\ntests/test_workspaces.py:23: \n_ _ _ _ _ _ _ _ _ _ _ _ _ _ _ _ _ _ _ _ _ _ _ _ _ _ _ _ _ _ _ _ _ _ _ _ _ _ _ _ \ntests/test_workspaces.py:13: in login\n    about_page.click_login_link()\npages/about_page.py:20: in click_login_link\n    self.click(self.LOGIN_LINK)\npages/base_page.py:38: in click\n    el: WebElement = self.wait.until(\n_ _ _ _ _ _ _ _ _ _ _ _ _ _ _ _ _ _ _ _ _ _ _ _ _ _ _ _ _ _ _ _ _ _ _ _ _ _ _ _ \n\nself = <selenium.webdriver.support.wait.WebDriverWait (session=\"f10da91b89d9e5636f8bffbdc40982c2\")>\nmethod = <function element_to_be_clickable.<locals>._predicate at 0x7fec8d68de40>\nmessage = ''\n\n    def until(self, method, message: str = \"\"):\n        \"\"\"Calls the method provided with the driver as an argument until the \\\n        return value does not evaluate to ``False``.\n    \n        :param method: callable(WebDriver)\n        :param message: optional message for :exc:`TimeoutException`\n        :returns: the result of the last call to `method`\n        :raises: :exc:`selenium.common.exceptions.TimeoutException` if timeout occurs\n        \"\"\"\n        screen = None\n        stacktrace = None\n    \n        end_time = time.monotonic() + self._timeout\n        while True:\n            try:\n                value = method(self._driver)\n                if value:\n                    return value\n            except self._ignored_exceptions as exc:\n                screen = getattr(exc, \"screen\", None)\n                stacktrace = getattr(exc, \"stacktrace\", None)\n            time.sleep(self._poll)\n            if time.monotonic() > end_time:\n                break\n>       raise TimeoutException(message, screen, stacktrace)\nE       selenium.common.exceptions.TimeoutException: Message: \nE       Stacktrace:\nE       #0 0x560ed97f1793 <unknown>\nE       #1 0x560ed94e51c6 <unknown>\nE       #2 0x560ed9530358 <unknown>\nE       #3 0x560ed9530411 <unknown>\nE       #4 0x560ed9573934 <unknown>\nE       #5 0x560ed95523fd <unknown>\nE       #6 0x560ed9570dd9 <unknown>\nE       #7 0x560ed9552173 <unknown>\nE       #8 0x560ed95232d3 <unknown>\nE       #9 0x560ed9523c9e <unknown>\nE       #10 0x560ed97b58cb <unknown>\nE       #11 0x560ed97b9745 <unknown>\nE       #12 0x560ed97a22e1 <unknown>\nE       #13 0x560ed97ba2d2 <unknown>\nE       #14 0x560ed978617f <unknown>\nE       #15 0x560ed97dfdc8 <unknown>\nE       #16 0x560ed97dffc3 <unknown>\nE       #17 0x560ed97f0944 <unknown>\nE       #18 0x7ff181a94ac3 <unknown>\n\n.venv/lib/python3.11/site-packages/selenium/webdriver/support/wait.py:95: TimeoutException","flaky":false,"newFailed":false,"newBroken":false,"newPassed":false,"retriesCount":0,"retriesStatusChange":false,"beforeStages":[{"name":"json_data","time":{"start":1709600418452,"stop":1709600418453,"duration":1},"status":"passed","steps":[],"attachments":[],"parameters":[],"shouldDisplayMessage":false,"stepsCount":0,"attachmentsCount":0,"hasContent":false,"attachmentStep":false},{"name":"base_url","time":{"start":1709600418452,"stop":1709600418452,"duration":0},"status":"passed","steps":[],"attachments":[],"parameters":[],"shouldDisplayMessage":false,"stepsCount":0,"attachmentsCount":0,"hasContent":false,"attachmentStep":false},{"name":"_verify_url","time":{"start":1709600418452,"stop":1709600418452,"duration":0},"status":"passed","steps":[],"attachments":[],"parameters":[],"shouldDisplayMessage":false,"stepsCount":0,"attachmentsCount":0,"hasContent":false,"attachmentStep":false},{"name":"secret_data","time":{"start":1709600418452,"stop":1709600418452,"duration":0},"status":"passed","steps":[],"attachments":[],"parameters":[],"shouldDisplayMessage":false,"stepsCount":0,"attachmentsCount":0,"hasContent":false,"attachmentStep":false},{"name":"setup_method_fixture","time":{"start":1709600460755,"stop":1709600471047,"duration":10292},"status":"broken","statusMessage":"selenium.common.exceptions.TimeoutException: Message: \nStacktrace:\n#0 0x560ed97f1793 <unknown>\n#1 0x560ed94e51c6 <unknown>\n#2 0x560ed9530358 <unknown>\n#3 0x560ed9530411 <unknown>\n#4 0x560ed9573934 <unknown>\n#5 0x560ed95523fd <unknown>\n#6 0x560ed9570dd9 <unknown>\n#7 0x560ed9552173 <unknown>\n#8 0x560ed95232d3 <unknown>\n#9 0x560ed9523c9e <unknown>\n#10 0x560ed97b58cb <unknown>\n#11 0x560ed97b9745 <unknown>\n#12 0x560ed97a22e1 <unknown>\n#13 0x560ed97ba2d2 <unknown>\n#14 0x560ed978617f <unknown>\n#15 0x560ed97dfdc8 <unknown>\n#16 0x560ed97dffc3 <unknown>\n#17 0x560ed97f0944 <unknown>\n#18 0x7ff181a94ac3 <unknown>\n\n","statusTrace":"  File \"/home/runner/work/kisangateway-test/kisangateway-test/.venv/lib/python3.11/site-packages/pluggy/_callers.py\", line 80, in _multicall\n    res = hook_impl.function(*args)\n          ^^^^^^^^^^^^^^^^^^^^^^^^^\n  File \"/home/runner/work/kisangateway-test/kisangateway-test/.venv/lib/python3.11/site-packages/_pytest/fixtures.py\", line 1123, in pytest_fixture_setup\n    result = call_fixture_func(fixturefunc, request, kwargs)\n             ^^^^^^^^^^^^^^^^^^^^^^^^^^^^^^^^^^^^^^^^^^^^^^^\n  File \"/home/runner/work/kisangateway-test/kisangateway-test/.venv/lib/python3.11/site-packages/_pytest/fixtures.py\", line 902, in call_fixture_func\n    fixture_result = fixturefunc(**kwargs)\n                     ^^^^^^^^^^^^^^^^^^^^^\n  File \"/home/runner/work/kisangateway-test/kisangateway-test/tests/test_workspaces.py\", line 23, in setup_method_fixture\n    login(secret_data, self.about_page, self.login_page)\n  File \"/home/runner/work/kisangateway-test/kisangateway-test/tests/test_workspaces.py\", line 13, in login\n    about_page.click_login_link()\n  File \"/home/runner/work/kisangateway-test/kisangateway-test/.venv/lib/python3.11/site-packages/allure_commons/_allure.py\", line 192, in impl\n    return func(*a, **kw)\n           ^^^^^^^^^^^^^^\n  File \"/home/runner/work/kisangateway-test/kisangateway-test/pages/about_page.py\", line 20, in click_login_link\n    self.click(self.LOGIN_LINK)\n  File \"/home/runner/work/kisangateway-test/kisangateway-test/pages/base_page.py\", line 38, in click\n    el: WebElement = self.wait.until(\n                     ^^^^^^^^^^^^^^^^\n  File \"/home/runner/work/kisangateway-test/kisangateway-test/.venv/lib/python3.11/site-packages/selenium/webdriver/support/wait.py\", line 95, in until\n    raise TimeoutException(message, screen, stacktrace)\n","steps":[{"name":"Click Login link","time":{"start":1709600460755,"stop":1709600471047,"duration":10292},"status":"broken","statusMessage":"selenium.common.exceptions.TimeoutException: Message: \nStacktrace:\n#0 0x560ed97f1793 <unknown>\n#1 0x560ed94e51c6 <unknown>\n#2 0x560ed9530358 <unknown>\n#3 0x560ed9530411 <unknown>\n#4 0x560ed9573934 <unknown>\n#5 0x560ed95523fd <unknown>\n#6 0x560ed9570dd9 <unknown>\n#7 0x560ed9552173 <unknown>\n#8 0x560ed95232d3 <unknown>\n#9 0x560ed9523c9e <unknown>\n#10 0x560ed97b58cb <unknown>\n#11 0x560ed97b9745 <unknown>\n#12 0x560ed97a22e1 <unknown>\n#13 0x560ed97ba2d2 <unknown>\n#14 0x560ed978617f <unknown>\n#15 0x560ed97dfdc8 <unknown>\n#16 0x560ed97dffc3 <unknown>\n#17 0x560ed97f0944 <unknown>\n#18 0x7ff181a94ac3 <unknown>\n\n","statusTrace":"  File \"/home/runner/work/kisangateway-test/kisangateway-test/.venv/lib/python3.11/site-packages/allure_commons/_allure.py\", line 192, in impl\n    return func(*a, **kw)\n           ^^^^^^^^^^^^^^\n  File \"/home/runner/work/kisangateway-test/kisangateway-test/pages/about_page.py\", line 20, in click_login_link\n    self.click(self.LOGIN_LINK)\n  File \"/home/runner/work/kisangateway-test/kisangateway-test/pages/base_page.py\", line 38, in click\n    el: WebElement = self.wait.until(\n                     ^^^^^^^^^^^^^^^^\n  File \"/home/runner/work/kisangateway-test/kisangateway-test/.venv/lib/python3.11/site-packages/selenium/webdriver/support/wait.py\", line 95, in until\n    raise TimeoutException(message, screen, stacktrace)\n","steps":[],"attachments":[],"parameters":[],"shouldDisplayMessage":true,"stepsCount":0,"attachmentsCount":0,"hasContent":true,"attachmentStep":false}],"attachments":[],"parameters":[],"shouldDisplayMessage":false,"stepsCount":1,"attachmentsCount":0,"hasContent":true,"attachmentStep":false}],"testStage":{"description":"Rename an existing workspace","status":"broken","statusMessage":"selenium.common.exceptions.TimeoutException: Message: \nStacktrace:\n#0 0x560ed97f1793 <unknown>\n#1 0x560ed94e51c6 <unknown>\n#2 0x560ed9530358 <unknown>\n#3 0x560ed9530411 <unknown>\n#4 0x560ed9573934 <unknown>\n#5 0x560ed95523fd <unknown>\n#6 0x560ed9570dd9 <unknown>\n#7 0x560ed9552173 <unknown>\n#8 0x560ed95232d3 <unknown>\n#9 0x560ed9523c9e <unknown>\n#10 0x560ed97b58cb <unknown>\n#11 0x560ed97b9745 <unknown>\n#12 0x560ed97a22e1 <unknown>\n#13 0x560ed97ba2d2 <unknown>\n#14 0x560ed978617f <unknown>\n#15 0x560ed97dfdc8 <unknown>\n#16 0x560ed97dffc3 <unknown>\n#17 0x560ed97f0944 <unknown>\n#18 0x7ff181a94ac3 <unknown>","statusTrace":"self = <tests.test_workspaces.TestWorkspaces object at 0x7fec8da22d10>\nsecret_data = {'email': '', 'password': ''}\n\n    @pytest.fixture(autouse=True)\n    def setup_method_fixture(self, secret_data: dict):\n>       login(secret_data, self.about_page, self.login_page)\n\ntests/test_workspaces.py:23: \n_ _ _ _ _ _ _ _ _ _ _ _ _ _ _ _ _ _ _ _ _ _ _ _ _ _ _ _ _ _ _ _ _ _ _ _ _ _ _ _ \ntests/test_workspaces.py:13: in login\n    about_page.click_login_link()\npages/about_page.py:20: in click_login_link\n    self.click(self.LOGIN_LINK)\npages/base_page.py:38: in click\n    el: WebElement = self.wait.until(\n_ _ _ _ _ _ _ _ _ _ _ _ _ _ _ _ _ _ _ _ _ _ _ _ _ _ _ _ _ _ _ _ _ _ _ _ _ _ _ _ \n\nself = <selenium.webdriver.support.wait.WebDriverWait (session=\"f10da91b89d9e5636f8bffbdc40982c2\")>\nmethod = <function element_to_be_clickable.<locals>._predicate at 0x7fec8d68de40>\nmessage = ''\n\n    def until(self, method, message: str = \"\"):\n        \"\"\"Calls the method provided with the driver as an argument until the \\\n        return value does not evaluate to ``False``.\n    \n        :param method: callable(WebDriver)\n        :param message: optional message for :exc:`TimeoutException`\n        :returns: the result of the last call to `method`\n        :raises: :exc:`selenium.common.exceptions.TimeoutException` if timeout occurs\n        \"\"\"\n        screen = None\n        stacktrace = None\n    \n        end_time = time.monotonic() + self._timeout\n        while True:\n            try:\n                value = method(self._driver)\n                if value:\n                    return value\n            except self._ignored_exceptions as exc:\n                screen = getattr(exc, \"screen\", None)\n                stacktrace = getattr(exc, \"stacktrace\", None)\n            time.sleep(self._poll)\n            if time.monotonic() > end_time:\n                break\n>       raise TimeoutException(message, screen, stacktrace)\nE       selenium.common.exceptions.TimeoutException: Message: \nE       Stacktrace:\nE       #0 0x560ed97f1793 <unknown>\nE       #1 0x560ed94e51c6 <unknown>\nE       #2 0x560ed9530358 <unknown>\nE       #3 0x560ed9530411 <unknown>\nE       #4 0x560ed9573934 <unknown>\nE       #5 0x560ed95523fd <unknown>\nE       #6 0x560ed9570dd9 <unknown>\nE       #7 0x560ed9552173 <unknown>\nE       #8 0x560ed95232d3 <unknown>\nE       #9 0x560ed9523c9e <unknown>\nE       #10 0x560ed97b58cb <unknown>\nE       #11 0x560ed97b9745 <unknown>\nE       #12 0x560ed97a22e1 <unknown>\nE       #13 0x560ed97ba2d2 <unknown>\nE       #14 0x560ed978617f <unknown>\nE       #15 0x560ed97dfdc8 <unknown>\nE       #16 0x560ed97dffc3 <unknown>\nE       #17 0x560ed97f0944 <unknown>\nE       #18 0x7ff181a94ac3 <unknown>\n\n.venv/lib/python3.11/site-packages/selenium/webdriver/support/wait.py:95: TimeoutException","steps":[],"attachments":[{"uid":"7d861363d4e9423c","name":"public ip address","source":"7d861363d4e9423c.txt","type":"text/plain","size":13},{"uid":"ef7d4c9ec37a801e","name":"Cookies","source":"ef7d4c9ec37a801e.json","type":"application/json","size":526},{"uid":"9b5168c53a24693a","name":"Session Storage","source":"9b5168c53a24693a.json","type":"application/json","size":2},{"uid":"63cf57fc6e3731b7","name":"Local Storage","source":"63cf57fc6e3731b7.json","type":"application/json","size":77},{"uid":"a4b01cbc5a5358b","name":"Console Logs","source":"a4b01cbc5a5358b.json","type":"application/json","size":310},{"uid":"8d82a63059970252","name":"Full Page Screenshot","source":"8d82a63059970252.png","type":"image/png","size":2477225},{"uid":"4029201749836de6","name":"URL","source":"4029201749836de6.uri","type":"text/uri-list","size":25},{"uid":"384bb17d6ea4e43c","name":"Network Logs","source":"384bb17d6ea4e43c.json","type":"application/json","size":1284977}],"parameters":[],"shouldDisplayMessage":true,"stepsCount":0,"attachmentsCount":8,"hasContent":true,"attachmentStep":false},"afterStages":[],"labels":[{"name":"severity","value":"normal"},{"name":"epic","value":"Workspaces"},{"name":"story","value":"WorkSpaces Creation and Editing Functionality"},{"name":"tag","value":"run(order=2)"},{"name":"parentSuite","value":"tests"},{"name":"suite","value":"test_workspaces"},{"name":"subSuite","value":"TestWorkspaces"},{"name":"host","value":"fv-az915-247"},{"name":"thread","value":"2329-MainThread"},{"name":"framework","value":"pytest"},{"name":"language","value":"cpython3"},{"name":"package","value":"tests.test_workspaces"},{"name":"resultFormat","value":"allure2"}],"parameters":[],"links":[],"hidden":false,"retry":false,"extra":{"severity":"normal","retries":[],"categories":[{"name":"Test defects","matchedStatuses":[],"flaky":false}],"tags":["run(order=2)"]},"source":"2fdb509c906ab60d.json","parameterValues":[]}