{"uid":"33a1521a7b5786c8","name":"Logout of system test","fullName":"tests.test_login.TestLogin#test_logout","historyId":"b90200cedc51a1ecbba9a19fbdbf8893","time":{"start":1709600447984,"stop":1709600458273,"duration":10289},"description":"Log out from app","descriptionHtml":"<p>Log out from app</p>\n","status":"broken","statusMessage":"selenium.common.exceptions.TimeoutException: Message: \nStacktrace:\n#0 0x5570ea8be793 <unknown>\n#1 0x5570ea5b21c6 <unknown>\n#2 0x5570ea5fd358 <unknown>\n#3 0x5570ea5fd411 <unknown>\n#4 0x5570ea640934 <unknown>\n#5 0x5570ea61f3fd <unknown>\n#6 0x5570ea63ddd9 <unknown>\n#7 0x5570ea61f173 <unknown>\n#8 0x5570ea5f02d3 <unknown>\n#9 0x5570ea5f0c9e <unknown>\n#10 0x5570ea8828cb <unknown>\n#11 0x5570ea886745 <unknown>\n#12 0x5570ea86f2e1 <unknown>\n#13 0x5570ea8872d2 <unknown>\n#14 0x5570ea85317f <unknown>\n#15 0x5570ea8acdc8 <unknown>\n#16 0x5570ea8acfc3 <unknown>\n#17 0x5570ea8bd944 <unknown>\n#18 0x7f4bf6094ac3 <unknown>","statusTrace":"self = <tests.test_login.TestLogin object at 0x7fec8d746890>\njson_data = {'forgot_password': {'error_message': \"We can't find a user with that e-mail address.\", 'success_message': 'A reset li...you page', 'name': 'test', 'new_name': 'another test', 'no_project_found_msg': 'No project matches the criteria', ...}}\nsecret_data = {'email': '', 'password': ''}\n\n    @allure.description(\"Log out from app\")\n    @allure.title(\"Logout of system test\")\n    @allure.story(\"As a user i want to be able to logout after a successful login.\")\n    @pytest.mark.run(order=2)\n    def test_logout(self, json_data: dict, secret_data: dict):\n        # example of a simple text attachment\n        allure.attach(\n            \"<h1>Example html attachment</h1>\",\n            name=\"HTML example\",\n            attachment_type=allure.attachment_type.HTML,\n        )\n        allure.attach(\n            \"Some text content\",\n            name=\"TXT example\",\n            attachment_type=allure.attachment_type.TEXT,\n        )\n        allure.attach(\n            \"first,second,third\\none,two,three\",\n            name=\"CSV example\",\n            attachment_type=allure.attachment_type.CSV,\n        )\n        allure.attach(\n            json.dumps({\"first\": 1, \"second\": 2}, indent=2),\n            name=\"JSON example\",\n            attachment_type=allure.attachment_type.JSON,\n        )\n        xml_content = \"\"\"<?xml version=\"1.0\" encoding=\"UTF-8\"?>\n            <tag>\n                 <inside>...</inside>\n             </tag>\n         \"\"\"\n        allure.attach(\n            xml_content,\n            name=\"some attachment name\",\n            attachment_type=allure.attachment_type.XML,\n        )\n        allure.attach(\n            \"\\n\".join(\n                [\n                    \"https://github.com/allure-framework\",\n                    \"https://github.com/allure-examples\",\n                ]\n            ),\n            name=\"URI List example\",\n            attachment_type=allure.attachment_type.URI_LIST,\n        )\n>       self.about_page.click_login_link()\n\ntests/test_login.py:90: \n_ _ _ _ _ _ _ _ _ _ _ _ _ _ _ _ _ _ _ _ _ _ _ _ _ _ _ _ _ _ _ _ _ _ _ _ _ _ _ _ \npages/about_page.py:20: in click_login_link\n    self.click(self.LOGIN_LINK)\npages/base_page.py:38: in click\n    el: WebElement = self.wait.until(\n_ _ _ _ _ _ _ _ _ _ _ _ _ _ _ _ _ _ _ _ _ _ _ _ _ _ _ _ _ _ _ _ _ _ _ _ _ _ _ _ \n\nself = <selenium.webdriver.support.wait.WebDriverWait (session=\"c12ae6eaf14d4d7d1cb010ac19c427f8\")>\nmethod = <function element_to_be_clickable.<locals>._predicate at 0x7fec8d3ad260>\nmessage = ''\n\n    def until(self, method, message: str = \"\"):\n        \"\"\"Calls the method provided with the driver as an argument until the \\\n        return value does not evaluate to ``False``.\n    \n        :param method: callable(WebDriver)\n        :param message: optional message for :exc:`TimeoutException`\n        :returns: the result of the last call to `method`\n        :raises: :exc:`selenium.common.exceptions.TimeoutException` if timeout occurs\n        \"\"\"\n        screen = None\n        stacktrace = None\n    \n        end_time = time.monotonic() + self._timeout\n        while True:\n            try:\n                value = method(self._driver)\n                if value:\n                    return value\n            except self._ignored_exceptions as exc:\n                screen = getattr(exc, \"screen\", None)\n                stacktrace = getattr(exc, \"stacktrace\", None)\n            time.sleep(self._poll)\n            if time.monotonic() > end_time:\n                break\n>       raise TimeoutException(message, screen, stacktrace)\nE       selenium.common.exceptions.TimeoutException: Message: \nE       Stacktrace:\nE       #0 0x5570ea8be793 <unknown>\nE       #1 0x5570ea5b21c6 <unknown>\nE       #2 0x5570ea5fd358 <unknown>\nE       #3 0x5570ea5fd411 <unknown>\nE       #4 0x5570ea640934 <unknown>\nE       #5 0x5570ea61f3fd <unknown>\nE       #6 0x5570ea63ddd9 <unknown>\nE       #7 0x5570ea61f173 <unknown>\nE       #8 0x5570ea5f02d3 <unknown>\nE       #9 0x5570ea5f0c9e <unknown>\nE       #10 0x5570ea8828cb <unknown>\nE       #11 0x5570ea886745 <unknown>\nE       #12 0x5570ea86f2e1 <unknown>\nE       #13 0x5570ea8872d2 <unknown>\nE       #14 0x5570ea85317f <unknown>\nE       #15 0x5570ea8acdc8 <unknown>\nE       #16 0x5570ea8acfc3 <unknown>\nE       #17 0x5570ea8bd944 <unknown>\nE       #18 0x7f4bf6094ac3 <unknown>\n\n.venv/lib/python3.11/site-packages/selenium/webdriver/support/wait.py:95: TimeoutException","flaky":false,"newFailed":false,"newBroken":false,"newPassed":false,"retriesCount":0,"retriesStatusChange":false,"beforeStages":[{"name":"json_data","time":{"start":1709600418452,"stop":1709600418453,"duration":1},"status":"passed","steps":[],"attachments":[],"parameters":[],"shouldDisplayMessage":false,"stepsCount":0,"attachmentsCount":0,"hasContent":false,"attachmentStep":false},{"name":"base_url","time":{"start":1709600418452,"stop":1709600418452,"duration":0},"status":"passed","steps":[],"attachments":[],"parameters":[],"shouldDisplayMessage":false,"stepsCount":0,"attachmentsCount":0,"hasContent":false,"attachmentStep":false},{"name":"_verify_url","time":{"start":1709600418452,"stop":1709600418452,"duration":0},"status":"passed","steps":[],"attachments":[],"parameters":[],"shouldDisplayMessage":false,"stepsCount":0,"attachmentsCount":0,"hasContent":false,"attachmentStep":false},{"name":"secret_data","time":{"start":1709600418452,"stop":1709600418452,"duration":0},"status":"passed","steps":[],"attachments":[],"parameters":[],"shouldDisplayMessage":false,"stepsCount":0,"attachmentsCount":0,"hasContent":false,"attachmentStep":false}],"testStage":{"description":"Log out from app","status":"broken","statusMessage":"selenium.common.exceptions.TimeoutException: Message: \nStacktrace:\n#0 0x5570ea8be793 <unknown>\n#1 0x5570ea5b21c6 <unknown>\n#2 0x5570ea5fd358 <unknown>\n#3 0x5570ea5fd411 <unknown>\n#4 0x5570ea640934 <unknown>\n#5 0x5570ea61f3fd <unknown>\n#6 0x5570ea63ddd9 <unknown>\n#7 0x5570ea61f173 <unknown>\n#8 0x5570ea5f02d3 <unknown>\n#9 0x5570ea5f0c9e <unknown>\n#10 0x5570ea8828cb <unknown>\n#11 0x5570ea886745 <unknown>\n#12 0x5570ea86f2e1 <unknown>\n#13 0x5570ea8872d2 <unknown>\n#14 0x5570ea85317f <unknown>\n#15 0x5570ea8acdc8 <unknown>\n#16 0x5570ea8acfc3 <unknown>\n#17 0x5570ea8bd944 <unknown>\n#18 0x7f4bf6094ac3 <unknown>","statusTrace":"self = <tests.test_login.TestLogin object at 0x7fec8d746890>\njson_data = {'forgot_password': {'error_message': \"We can't find a user with that e-mail address.\", 'success_message': 'A reset li...you page', 'name': 'test', 'new_name': 'another test', 'no_project_found_msg': 'No project matches the criteria', ...}}\nsecret_data = {'email': '', 'password': ''}\n\n    @allure.description(\"Log out from app\")\n    @allure.title(\"Logout of system test\")\n    @allure.story(\"As a user i want to be able to logout after a successful login.\")\n    @pytest.mark.run(order=2)\n    def test_logout(self, json_data: dict, secret_data: dict):\n        # example of a simple text attachment\n        allure.attach(\n            \"<h1>Example html attachment</h1>\",\n            name=\"HTML example\",\n            attachment_type=allure.attachment_type.HTML,\n        )\n        allure.attach(\n            \"Some text content\",\n            name=\"TXT example\",\n            attachment_type=allure.attachment_type.TEXT,\n        )\n        allure.attach(\n            \"first,second,third\\none,two,three\",\n            name=\"CSV example\",\n            attachment_type=allure.attachment_type.CSV,\n        )\n        allure.attach(\n            json.dumps({\"first\": 1, \"second\": 2}, indent=2),\n            name=\"JSON example\",\n            attachment_type=allure.attachment_type.JSON,\n        )\n        xml_content = \"\"\"<?xml version=\"1.0\" encoding=\"UTF-8\"?>\n            <tag>\n                 <inside>...</inside>\n             </tag>\n         \"\"\"\n        allure.attach(\n            xml_content,\n            name=\"some attachment name\",\n            attachment_type=allure.attachment_type.XML,\n        )\n        allure.attach(\n            \"\\n\".join(\n                [\n                    \"https://github.com/allure-framework\",\n                    \"https://github.com/allure-examples\",\n                ]\n            ),\n            name=\"URI List example\",\n            attachment_type=allure.attachment_type.URI_LIST,\n        )\n>       self.about_page.click_login_link()\n\ntests/test_login.py:90: \n_ _ _ _ _ _ _ _ _ _ _ _ _ _ _ _ _ _ _ _ _ _ _ _ _ _ _ _ _ _ _ _ _ _ _ _ _ _ _ _ \npages/about_page.py:20: in click_login_link\n    self.click(self.LOGIN_LINK)\npages/base_page.py:38: in click\n    el: WebElement = self.wait.until(\n_ _ _ _ _ _ _ _ _ _ _ _ _ _ _ _ _ _ _ _ _ _ _ _ _ _ _ _ _ _ _ _ _ _ _ _ _ _ _ _ \n\nself = <selenium.webdriver.support.wait.WebDriverWait (session=\"c12ae6eaf14d4d7d1cb010ac19c427f8\")>\nmethod = <function element_to_be_clickable.<locals>._predicate at 0x7fec8d3ad260>\nmessage = ''\n\n    def until(self, method, message: str = \"\"):\n        \"\"\"Calls the method provided with the driver as an argument until the \\\n        return value does not evaluate to ``False``.\n    \n        :param method: callable(WebDriver)\n        :param message: optional message for :exc:`TimeoutException`\n        :returns: the result of the last call to `method`\n        :raises: :exc:`selenium.common.exceptions.TimeoutException` if timeout occurs\n        \"\"\"\n        screen = None\n        stacktrace = None\n    \n        end_time = time.monotonic() + self._timeout\n        while True:\n            try:\n                value = method(self._driver)\n                if value:\n                    return value\n            except self._ignored_exceptions as exc:\n                screen = getattr(exc, \"screen\", None)\n                stacktrace = getattr(exc, \"stacktrace\", None)\n            time.sleep(self._poll)\n            if time.monotonic() > end_time:\n                break\n>       raise TimeoutException(message, screen, stacktrace)\nE       selenium.common.exceptions.TimeoutException: Message: \nE       Stacktrace:\nE       #0 0x5570ea8be793 <unknown>\nE       #1 0x5570ea5b21c6 <unknown>\nE       #2 0x5570ea5fd358 <unknown>\nE       #3 0x5570ea5fd411 <unknown>\nE       #4 0x5570ea640934 <unknown>\nE       #5 0x5570ea61f3fd <unknown>\nE       #6 0x5570ea63ddd9 <unknown>\nE       #7 0x5570ea61f173 <unknown>\nE       #8 0x5570ea5f02d3 <unknown>\nE       #9 0x5570ea5f0c9e <unknown>\nE       #10 0x5570ea8828cb <unknown>\nE       #11 0x5570ea886745 <unknown>\nE       #12 0x5570ea86f2e1 <unknown>\nE       #13 0x5570ea8872d2 <unknown>\nE       #14 0x5570ea85317f <unknown>\nE       #15 0x5570ea8acdc8 <unknown>\nE       #16 0x5570ea8acfc3 <unknown>\nE       #17 0x5570ea8bd944 <unknown>\nE       #18 0x7f4bf6094ac3 <unknown>\n\n.venv/lib/python3.11/site-packages/selenium/webdriver/support/wait.py:95: TimeoutException","steps":[{"name":"Click Login link","time":{"start":1709600447985,"stop":1709600458272,"duration":10287},"status":"broken","statusMessage":"selenium.common.exceptions.TimeoutException: Message: \nStacktrace:\n#0 0x5570ea8be793 <unknown>\n#1 0x5570ea5b21c6 <unknown>\n#2 0x5570ea5fd358 <unknown>\n#3 0x5570ea5fd411 <unknown>\n#4 0x5570ea640934 <unknown>\n#5 0x5570ea61f3fd <unknown>\n#6 0x5570ea63ddd9 <unknown>\n#7 0x5570ea61f173 <unknown>\n#8 0x5570ea5f02d3 <unknown>\n#9 0x5570ea5f0c9e <unknown>\n#10 0x5570ea8828cb <unknown>\n#11 0x5570ea886745 <unknown>\n#12 0x5570ea86f2e1 <unknown>\n#13 0x5570ea8872d2 <unknown>\n#14 0x5570ea85317f <unknown>\n#15 0x5570ea8acdc8 <unknown>\n#16 0x5570ea8acfc3 <unknown>\n#17 0x5570ea8bd944 <unknown>\n#18 0x7f4bf6094ac3 <unknown>\n\n","statusTrace":"  File \"/home/runner/work/kisangateway-test/kisangateway-test/.venv/lib/python3.11/site-packages/allure_commons/_allure.py\", line 192, in impl\n    return func(*a, **kw)\n           ^^^^^^^^^^^^^^\n  File \"/home/runner/work/kisangateway-test/kisangateway-test/pages/about_page.py\", line 20, in click_login_link\n    self.click(self.LOGIN_LINK)\n  File \"/home/runner/work/kisangateway-test/kisangateway-test/pages/base_page.py\", line 38, in click\n    el: WebElement = self.wait.until(\n                     ^^^^^^^^^^^^^^^^\n  File \"/home/runner/work/kisangateway-test/kisangateway-test/.venv/lib/python3.11/site-packages/selenium/webdriver/support/wait.py\", line 95, in until\n    raise TimeoutException(message, screen, stacktrace)\n","steps":[],"attachments":[],"parameters":[],"shouldDisplayMessage":true,"stepsCount":0,"attachmentsCount":0,"hasContent":true,"attachmentStep":false}],"attachments":[{"uid":"61f1e489a469a439","name":"HTML example","source":"61f1e489a469a439.html","type":"text/html","size":32},{"uid":"3cd326b4f6d7cab3","name":"TXT example","source":"3cd326b4f6d7cab3.txt","type":"text/plain","size":17},{"uid":"8d1835f0b615c9c9","name":"CSV example","source":"8d1835f0b615c9c9.csv","type":"text/csv","size":32},{"uid":"5c803d0274892459","name":"JSON example","source":"5c803d0274892459.json","type":"application/json","size":31},{"uid":"942206af1b2a6620","name":"some attachment name","source":"942206af1b2a6620.xml","type":"application/xml","size":124},{"uid":"597220c8519391f0","name":"URI List example","source":"597220c8519391f0.uri","type":"text/uri-list","size":70},{"uid":"390cab9681a201bd","name":"public ip address","source":"390cab9681a201bd.txt","type":"text/plain","size":13},{"uid":"c52543f041865f2c","name":"Cookies","source":"c52543f041865f2c.json","type":"application/json","size":526},{"uid":"a89b3cd50d27204e","name":"Session Storage","source":"a89b3cd50d27204e.json","type":"application/json","size":2},{"uid":"79cbd96f063399a","name":"Local Storage","source":"79cbd96f063399a.json","type":"application/json","size":77},{"uid":"9287aa421dcf9783","name":"Console Logs","source":"9287aa421dcf9783.json","type":"application/json","size":310},{"uid":"86046b31f32242c2","name":"Full Page Screenshot","source":"86046b31f32242c2.png","type":"image/png","size":2477225},{"uid":"2101fdbaa29b71d3","name":"URL","source":"2101fdbaa29b71d3.uri","type":"text/uri-list","size":25},{"uid":"3a7e16d5ce13def0","name":"Network Logs","source":"3a7e16d5ce13def0.json","type":"application/json","size":1285031}],"parameters":[],"shouldDisplayMessage":true,"stepsCount":1,"attachmentsCount":14,"hasContent":true,"attachmentStep":false},"afterStages":[],"labels":[{"name":"story","value":"As a user i want to be able to logout after a successful login."},{"name":"feature","value":"Login"},{"name":"severity","value":"blocker"},{"name":"epic","value":"Security"},{"name":"tag","value":"run(order=2)"},{"name":"tag","value":"security"},{"name":"parentSuite","value":"tests"},{"name":"suite","value":"test_login"},{"name":"subSuite","value":"TestLogin"},{"name":"host","value":"fv-az915-247"},{"name":"thread","value":"2329-MainThread"},{"name":"framework","value":"pytest"},{"name":"language","value":"cpython3"},{"name":"package","value":"tests.test_login"},{"name":"resultFormat","value":"allure2"}],"parameters":[],"links":[],"hidden":false,"retry":false,"extra":{"severity":"blocker","retries":[],"categories":[{"name":"Test defects","matchedStatuses":[],"flaky":false}],"tags":["run(order=2)","security"]},"source":"33a1521a7b5786c8.json","parameterValues":[]}