{"uid":"8a108b3ae2ab72e5","name":"Forgot Password with invalid email test","fullName":"tests.test_forgot_password.TestForgotPassword#test_invalid_email","historyId":"3743e16c5d15da2a1434ee4e2dd39a43","time":{"start":1709600605964,"stop":1709600616284,"duration":10320},"description":"Forgot Password with invalid email address","descriptionHtml":"<p>Forgot Password with invalid email address</p>\n","status":"broken","statusMessage":"selenium.common.exceptions.TimeoutException: Message: \nStacktrace:\n#0 0x559b81061793 <unknown>\n#1 0x559b80d551c6 <unknown>\n#2 0x559b80da0358 <unknown>\n#3 0x559b80da0411 <unknown>\n#4 0x559b80de3934 <unknown>\n#5 0x559b80dc23fd <unknown>\n#6 0x559b80de0dd9 <unknown>\n#7 0x559b80dc2173 <unknown>\n#8 0x559b80d932d3 <unknown>\n#9 0x559b80d93c9e <unknown>\n#10 0x559b810258cb <unknown>\n#11 0x559b81029745 <unknown>\n#12 0x559b810122e1 <unknown>\n#13 0x559b8102a2d2 <unknown>\n#14 0x559b80ff617f <unknown>\n#15 0x559b8104fdc8 <unknown>\n#16 0x559b8104ffc3 <unknown>\n#17 0x559b81060944 <unknown>\n#18 0x7fdbec494ac3 <unknown>","statusTrace":"self = <tests.test_forgot_password.TestForgotPassword object at 0x7fec8d671f10>\nexcel_reader = <utils.excel_parser.ExcelParser object at 0x7fec8d59c810>\njson_data = {'forgot_password': {'error_message': \"We can't find a user with that e-mail address.\", 'success_message': 'A reset li...you page', 'name': 'test', 'new_name': 'another test', 'no_project_found_msg': 'No project matches the criteria', ...}}\n\n    @allure.description(\"Forgot Password with invalid email address\")\n    @allure.title(\"Forgot Password with invalid email test\")\n    def test_invalid_email(self, excel_reader, json_data: dict):\n        emails = excel_reader.read_from_excel(\"Emails\")\n>       self.about_page.click_login_link()\n\ntests/test_forgot_password.py:31: \n_ _ _ _ _ _ _ _ _ _ _ _ _ _ _ _ _ _ _ _ _ _ _ _ _ _ _ _ _ _ _ _ _ _ _ _ _ _ _ _ \npages/about_page.py:20: in click_login_link\n    self.click(self.LOGIN_LINK)\npages/base_page.py:38: in click\n    el: WebElement = self.wait.until(\n_ _ _ _ _ _ _ _ _ _ _ _ _ _ _ _ _ _ _ _ _ _ _ _ _ _ _ _ _ _ _ _ _ _ _ _ _ _ _ _ \n\nself = <selenium.webdriver.support.wait.WebDriverWait (session=\"af2680f2ba382f2fe3cb0497e3ec92ff\")>\nmethod = <function element_to_be_clickable.<locals>._predicate at 0x7fec8d5b6020>\nmessage = ''\n\n    def until(self, method, message: str = \"\"):\n        \"\"\"Calls the method provided with the driver as an argument until the \\\n        return value does not evaluate to ``False``.\n    \n        :param method: callable(WebDriver)\n        :param message: optional message for :exc:`TimeoutException`\n        :returns: the result of the last call to `method`\n        :raises: :exc:`selenium.common.exceptions.TimeoutException` if timeout occurs\n        \"\"\"\n        screen = None\n        stacktrace = None\n    \n        end_time = time.monotonic() + self._timeout\n        while True:\n            try:\n                value = method(self._driver)\n                if value:\n                    return value\n            except self._ignored_exceptions as exc:\n                screen = getattr(exc, \"screen\", None)\n                stacktrace = getattr(exc, \"stacktrace\", None)\n            time.sleep(self._poll)\n            if time.monotonic() > end_time:\n                break\n>       raise TimeoutException(message, screen, stacktrace)\nE       selenium.common.exceptions.TimeoutException: Message: \nE       Stacktrace:\nE       #0 0x559b81061793 <unknown>\nE       #1 0x559b80d551c6 <unknown>\nE       #2 0x559b80da0358 <unknown>\nE       #3 0x559b80da0411 <unknown>\nE       #4 0x559b80de3934 <unknown>\nE       #5 0x559b80dc23fd <unknown>\nE       #6 0x559b80de0dd9 <unknown>\nE       #7 0x559b80dc2173 <unknown>\nE       #8 0x559b80d932d3 <unknown>\nE       #9 0x559b80d93c9e <unknown>\nE       #10 0x559b810258cb <unknown>\nE       #11 0x559b81029745 <unknown>\nE       #12 0x559b810122e1 <unknown>\nE       #13 0x559b8102a2d2 <unknown>\nE       #14 0x559b80ff617f <unknown>\nE       #15 0x559b8104fdc8 <unknown>\nE       #16 0x559b8104ffc3 <unknown>\nE       #17 0x559b81060944 <unknown>\nE       #18 0x7fdbec494ac3 <unknown>\n\n.venv/lib/python3.11/site-packages/selenium/webdriver/support/wait.py:95: TimeoutException","flaky":false,"newFailed":false,"newBroken":false,"newPassed":false,"retriesCount":0,"retriesStatusChange":false,"beforeStages":[{"name":"json_data","time":{"start":1709600418452,"stop":1709600418453,"duration":1},"status":"passed","steps":[],"attachments":[],"parameters":[],"shouldDisplayMessage":false,"stepsCount":0,"attachmentsCount":0,"hasContent":false,"attachmentStep":false},{"name":"base_url","time":{"start":1709600418452,"stop":1709600418452,"duration":0},"status":"passed","steps":[],"attachments":[],"parameters":[],"shouldDisplayMessage":false,"stepsCount":0,"attachmentsCount":0,"hasContent":false,"attachmentStep":false},{"name":"_verify_url","time":{"start":1709600418452,"stop":1709600418452,"duration":0},"status":"passed","steps":[],"attachments":[],"parameters":[],"shouldDisplayMessage":false,"stepsCount":0,"attachmentsCount":0,"hasContent":false,"attachmentStep":false},{"name":"excel_reader","time":{"start":1709600605963,"stop":1709600605963,"duration":0},"status":"passed","steps":[],"attachments":[],"parameters":[],"shouldDisplayMessage":false,"stepsCount":0,"attachmentsCount":0,"hasContent":false,"attachmentStep":false}],"testStage":{"description":"Forgot Password with invalid email address","status":"broken","statusMessage":"selenium.common.exceptions.TimeoutException: Message: \nStacktrace:\n#0 0x559b81061793 <unknown>\n#1 0x559b80d551c6 <unknown>\n#2 0x559b80da0358 <unknown>\n#3 0x559b80da0411 <unknown>\n#4 0x559b80de3934 <unknown>\n#5 0x559b80dc23fd <unknown>\n#6 0x559b80de0dd9 <unknown>\n#7 0x559b80dc2173 <unknown>\n#8 0x559b80d932d3 <unknown>\n#9 0x559b80d93c9e <unknown>\n#10 0x559b810258cb <unknown>\n#11 0x559b81029745 <unknown>\n#12 0x559b810122e1 <unknown>\n#13 0x559b8102a2d2 <unknown>\n#14 0x559b80ff617f <unknown>\n#15 0x559b8104fdc8 <unknown>\n#16 0x559b8104ffc3 <unknown>\n#17 0x559b81060944 <unknown>\n#18 0x7fdbec494ac3 <unknown>","statusTrace":"self = <tests.test_forgot_password.TestForgotPassword object at 0x7fec8d671f10>\nexcel_reader = <utils.excel_parser.ExcelParser object at 0x7fec8d59c810>\njson_data = {'forgot_password': {'error_message': \"We can't find a user with that e-mail address.\", 'success_message': 'A reset li...you page', 'name': 'test', 'new_name': 'another test', 'no_project_found_msg': 'No project matches the criteria', ...}}\n\n    @allure.description(\"Forgot Password with invalid email address\")\n    @allure.title(\"Forgot Password with invalid email test\")\n    def test_invalid_email(self, excel_reader, json_data: dict):\n        emails = excel_reader.read_from_excel(\"Emails\")\n>       self.about_page.click_login_link()\n\ntests/test_forgot_password.py:31: \n_ _ _ _ _ _ _ _ _ _ _ _ _ _ _ _ _ _ _ _ _ _ _ _ _ _ _ _ _ _ _ _ _ _ _ _ _ _ _ _ \npages/about_page.py:20: in click_login_link\n    self.click(self.LOGIN_LINK)\npages/base_page.py:38: in click\n    el: WebElement = self.wait.until(\n_ _ _ _ _ _ _ _ _ _ _ _ _ _ _ _ _ _ _ _ _ _ _ _ _ _ _ _ _ _ _ _ _ _ _ _ _ _ _ _ \n\nself = <selenium.webdriver.support.wait.WebDriverWait (session=\"af2680f2ba382f2fe3cb0497e3ec92ff\")>\nmethod = <function element_to_be_clickable.<locals>._predicate at 0x7fec8d5b6020>\nmessage = ''\n\n    def until(self, method, message: str = \"\"):\n        \"\"\"Calls the method provided with the driver as an argument until the \\\n        return value does not evaluate to ``False``.\n    \n        :param method: callable(WebDriver)\n        :param message: optional message for :exc:`TimeoutException`\n        :returns: the result of the last call to `method`\n        :raises: :exc:`selenium.common.exceptions.TimeoutException` if timeout occurs\n        \"\"\"\n        screen = None\n        stacktrace = None\n    \n        end_time = time.monotonic() + self._timeout\n        while True:\n            try:\n                value = method(self._driver)\n                if value:\n                    return value\n            except self._ignored_exceptions as exc:\n                screen = getattr(exc, \"screen\", None)\n                stacktrace = getattr(exc, \"stacktrace\", None)\n            time.sleep(self._poll)\n            if time.monotonic() > end_time:\n                break\n>       raise TimeoutException(message, screen, stacktrace)\nE       selenium.common.exceptions.TimeoutException: Message: \nE       Stacktrace:\nE       #0 0x559b81061793 <unknown>\nE       #1 0x559b80d551c6 <unknown>\nE       #2 0x559b80da0358 <unknown>\nE       #3 0x559b80da0411 <unknown>\nE       #4 0x559b80de3934 <unknown>\nE       #5 0x559b80dc23fd <unknown>\nE       #6 0x559b80de0dd9 <unknown>\nE       #7 0x559b80dc2173 <unknown>\nE       #8 0x559b80d932d3 <unknown>\nE       #9 0x559b80d93c9e <unknown>\nE       #10 0x559b810258cb <unknown>\nE       #11 0x559b81029745 <unknown>\nE       #12 0x559b810122e1 <unknown>\nE       #13 0x559b8102a2d2 <unknown>\nE       #14 0x559b80ff617f <unknown>\nE       #15 0x559b8104fdc8 <unknown>\nE       #16 0x559b8104ffc3 <unknown>\nE       #17 0x559b81060944 <unknown>\nE       #18 0x7fdbec494ac3 <unknown>\n\n.venv/lib/python3.11/site-packages/selenium/webdriver/support/wait.py:95: TimeoutException","steps":[{"name":"Click Login link","time":{"start":1709600606025,"stop":1709600616284,"duration":10259},"status":"broken","statusMessage":"selenium.common.exceptions.TimeoutException: Message: \nStacktrace:\n#0 0x559b81061793 <unknown>\n#1 0x559b80d551c6 <unknown>\n#2 0x559b80da0358 <unknown>\n#3 0x559b80da0411 <unknown>\n#4 0x559b80de3934 <unknown>\n#5 0x559b80dc23fd <unknown>\n#6 0x559b80de0dd9 <unknown>\n#7 0x559b80dc2173 <unknown>\n#8 0x559b80d932d3 <unknown>\n#9 0x559b80d93c9e <unknown>\n#10 0x559b810258cb <unknown>\n#11 0x559b81029745 <unknown>\n#12 0x559b810122e1 <unknown>\n#13 0x559b8102a2d2 <unknown>\n#14 0x559b80ff617f <unknown>\n#15 0x559b8104fdc8 <unknown>\n#16 0x559b8104ffc3 <unknown>\n#17 0x559b81060944 <unknown>\n#18 0x7fdbec494ac3 <unknown>\n\n","statusTrace":"  File \"/home/runner/work/kisangateway-test/kisangateway-test/.venv/lib/python3.11/site-packages/allure_commons/_allure.py\", line 192, in impl\n    return func(*a, **kw)\n           ^^^^^^^^^^^^^^\n  File \"/home/runner/work/kisangateway-test/kisangateway-test/pages/about_page.py\", line 20, in click_login_link\n    self.click(self.LOGIN_LINK)\n  File \"/home/runner/work/kisangateway-test/kisangateway-test/pages/base_page.py\", line 38, in click\n    el: WebElement = self.wait.until(\n                     ^^^^^^^^^^^^^^^^\n  File \"/home/runner/work/kisangateway-test/kisangateway-test/.venv/lib/python3.11/site-packages/selenium/webdriver/support/wait.py\", line 95, in until\n    raise TimeoutException(message, screen, stacktrace)\n","steps":[],"attachments":[],"parameters":[],"shouldDisplayMessage":true,"stepsCount":0,"attachmentsCount":0,"hasContent":true,"attachmentStep":false}],"attachments":[{"uid":"33fadf5ed053c02b","name":"public ip address","source":"33fadf5ed053c02b.txt","type":"text/plain","size":13},{"uid":"2ad7738378142257","name":"Cookies","source":"2ad7738378142257.json","type":"application/json","size":526},{"uid":"9f0ffa9f662479bf","name":"Session Storage","source":"9f0ffa9f662479bf.json","type":"application/json","size":2},{"uid":"4d3ad5c59f8c5414","name":"Local Storage","source":"4d3ad5c59f8c5414.json","type":"application/json","size":77},{"uid":"802af5b7d05a4f01","name":"Console Logs","source":"802af5b7d05a4f01.json","type":"application/json","size":310},{"uid":"831b813288cff5f6","name":"Full Page Screenshot","source":"831b813288cff5f6.png","type":"image/png","size":2477225},{"uid":"9c97d77e3f44ceb7","name":"URL","source":"9c97d77e3f44ceb7.uri","type":"text/uri-list","size":25},{"uid":"fa1b8fe2ffff0c62","name":"Network Logs","source":"fa1b8fe2ffff0c62.json","type":"application/json","size":1284980}],"parameters":[],"shouldDisplayMessage":true,"stepsCount":1,"attachmentsCount":8,"hasContent":true,"attachmentStep":false},"afterStages":[],"labels":[{"name":"subSuite","value":"Custom sub suite"},{"name":"epic","value":"Security"},{"name":"severity","value":"critical"},{"name":"suite","value":"Custom suite"},{"name":"parentSuite","value":"Custom parent suite"},{"name":"story","value":"Forgot Password Feature's Functionality"},{"name":"tag","value":"security"},{"name":"host","value":"fv-az915-247"},{"name":"thread","value":"2329-MainThread"},{"name":"framework","value":"pytest"},{"name":"language","value":"cpython3"},{"name":"package","value":"tests.test_forgot_password"},{"name":"resultFormat","value":"allure2"}],"parameters":[],"links":[],"hidden":false,"retry":false,"extra":{"severity":"critical","retries":[],"categories":[{"name":"Test defects","matchedStatuses":[],"flaky":false}],"tags":["security"]},"source":"8a108b3ae2ab72e5.json","parameterValues":[]}