{"uid":"12766b138cb27223","name":"Login with invalid credentials test","fullName":"tests.test_login.TestLogin#test_invalid_login","historyId":"d4a74b5adfb086f235dc50992a7adb79","time":{"start":1710637495196,"stop":1710637505368,"duration":10172},"description":"invalid login","descriptionHtml":"<p>invalid login</p>\n","status":"broken","statusMessage":"selenium.common.exceptions.TimeoutException: Message: \nStacktrace:\n#0 0x61d7e764fec3 <unknown>\n#1 0x61d7e7347ce6 <unknown>\n#2 0x61d7e7392e48 <unknown>\n#3 0x61d7e7392f01 <unknown>\n#4 0x61d7e73d63f4 <unknown>\n#5 0x61d7e73b4edd <unknown>\n#6 0x61d7e73d3899 <unknown>\n#7 0x61d7e73b4c53 <unknown>\n#8 0x61d7e7385db3 <unknown>\n#9 0x61d7e738677e <unknown>\n#10 0x61d7e76157fb <unknown>\n#11 0x61d7e7619815 <unknown>\n#12 0x61d7e7603111 <unknown>\n#13 0x61d7e761a3a2 <unknown>\n#14 0x61d7e75e71ef <unknown>\n#15 0x61d7e763e4b8 <unknown>\n#16 0x61d7e763e6b3 <unknown>\n#17 0x61d7e764f074 <unknown>\n#18 0x7fb769294ac3 <unknown>","statusTrace":"self = <tests.test_login.TestLogin object at 0x7224697be890>\nemail = 'nirt236@gmail.com', password = '123456'\njson_data = {'forgot_password': {'error_message': \"We can't find a user with that e-mail address.\", 'success_message': 'A reset li...you page', 'name': 'test', 'new_name': 'another test', 'no_project_found_msg': 'No project matches the criteria', ...}}\n\n    @allure.description(\"invalid login\")\n    @allure.title(\"Login with invalid credentials test\")\n    @pytest.mark.parametrize(\"email, password\", users)\n    @pytest.mark.run(order=3)\n    def test_invalid_login(self, email: str, password: str, json_data: dict):\n>       self.about_page.click_login_link()\n\ntests/test_login.py:22: \n_ _ _ _ _ _ _ _ _ _ _ _ _ _ _ _ _ _ _ _ _ _ _ _ _ _ _ _ _ _ _ _ _ _ _ _ _ _ _ _ \npages/about_page.py:20: in click_login_link\n    self.click(self.LOGIN_LINK)\npages/base_page.py:38: in click\n    el: WebElement = self.wait.until(\n_ _ _ _ _ _ _ _ _ _ _ _ _ _ _ _ _ _ _ _ _ _ _ _ _ _ _ _ _ _ _ _ _ _ _ _ _ _ _ _ \n\nself = <selenium.webdriver.support.wait.WebDriverWait (session=\"89e11ee3d0c9acf16856e1175bbec298\")>\nmethod = <function element_to_be_clickable.<locals>._predicate at 0x722469451580>\nmessage = ''\n\n    def until(self, method, message: str = \"\"):\n        \"\"\"Calls the method provided with the driver as an argument until the \\\n        return value does not evaluate to ``False``.\n    \n        :param method: callable(WebDriver)\n        :param message: optional message for :exc:`TimeoutException`\n        :returns: the result of the last call to `method`\n        :raises: :exc:`selenium.common.exceptions.TimeoutException` if timeout occurs\n        \"\"\"\n        screen = None\n        stacktrace = None\n    \n        end_time = time.monotonic() + self._timeout\n        while True:\n            try:\n                value = method(self._driver)\n                if value:\n                    return value\n            except self._ignored_exceptions as exc:\n                screen = getattr(exc, \"screen\", None)\n                stacktrace = getattr(exc, \"stacktrace\", None)\n            time.sleep(self._poll)\n            if time.monotonic() > end_time:\n                break\n>       raise TimeoutException(message, screen, stacktrace)\nE       selenium.common.exceptions.TimeoutException: Message: \nE       Stacktrace:\nE       #0 0x61d7e764fec3 <unknown>\nE       #1 0x61d7e7347ce6 <unknown>\nE       #2 0x61d7e7392e48 <unknown>\nE       #3 0x61d7e7392f01 <unknown>\nE       #4 0x61d7e73d63f4 <unknown>\nE       #5 0x61d7e73b4edd <unknown>\nE       #6 0x61d7e73d3899 <unknown>\nE       #7 0x61d7e73b4c53 <unknown>\nE       #8 0x61d7e7385db3 <unknown>\nE       #9 0x61d7e738677e <unknown>\nE       #10 0x61d7e76157fb <unknown>\nE       #11 0x61d7e7619815 <unknown>\nE       #12 0x61d7e7603111 <unknown>\nE       #13 0x61d7e761a3a2 <unknown>\nE       #14 0x61d7e75e71ef <unknown>\nE       #15 0x61d7e763e4b8 <unknown>\nE       #16 0x61d7e763e6b3 <unknown>\nE       #17 0x61d7e764f074 <unknown>\nE       #18 0x7fb769294ac3 <unknown>\n\n.venv/lib/python3.11/site-packages/selenium/webdriver/support/wait.py:95: TimeoutException","flaky":false,"newFailed":false,"newBroken":false,"newPassed":false,"retriesCount":0,"retriesStatusChange":false,"beforeStages":[{"name":"_verify_url","time":{"start":1710637444379,"stop":1710637444379,"duration":0},"status":"passed","steps":[],"attachments":[],"parameters":[],"shouldDisplayMessage":false,"stepsCount":0,"attachmentsCount":0,"hasContent":false,"attachmentStep":false},{"name":"base_url","time":{"start":1710637444379,"stop":1710637444379,"duration":0},"status":"passed","steps":[],"attachments":[],"parameters":[],"shouldDisplayMessage":false,"stepsCount":0,"attachmentsCount":0,"hasContent":false,"attachmentStep":false},{"name":"json_data","time":{"start":1710637444380,"stop":1710637444380,"duration":0},"status":"passed","steps":[],"attachments":[],"parameters":[],"shouldDisplayMessage":false,"stepsCount":0,"attachmentsCount":0,"hasContent":false,"attachmentStep":false}],"testStage":{"description":"invalid login","status":"broken","statusMessage":"selenium.common.exceptions.TimeoutException: Message: \nStacktrace:\n#0 0x61d7e764fec3 <unknown>\n#1 0x61d7e7347ce6 <unknown>\n#2 0x61d7e7392e48 <unknown>\n#3 0x61d7e7392f01 <unknown>\n#4 0x61d7e73d63f4 <unknown>\n#5 0x61d7e73b4edd <unknown>\n#6 0x61d7e73d3899 <unknown>\n#7 0x61d7e73b4c53 <unknown>\n#8 0x61d7e7385db3 <unknown>\n#9 0x61d7e738677e <unknown>\n#10 0x61d7e76157fb <unknown>\n#11 0x61d7e7619815 <unknown>\n#12 0x61d7e7603111 <unknown>\n#13 0x61d7e761a3a2 <unknown>\n#14 0x61d7e75e71ef <unknown>\n#15 0x61d7e763e4b8 <unknown>\n#16 0x61d7e763e6b3 <unknown>\n#17 0x61d7e764f074 <unknown>\n#18 0x7fb769294ac3 <unknown>","statusTrace":"self = <tests.test_login.TestLogin object at 0x7224697be890>\nemail = 'nirt236@gmail.com', password = '123456'\njson_data = {'forgot_password': {'error_message': \"We can't find a user with that e-mail address.\", 'success_message': 'A reset li...you page', 'name': 'test', 'new_name': 'another test', 'no_project_found_msg': 'No project matches the criteria', ...}}\n\n    @allure.description(\"invalid login\")\n    @allure.title(\"Login with invalid credentials test\")\n    @pytest.mark.parametrize(\"email, password\", users)\n    @pytest.mark.run(order=3)\n    def test_invalid_login(self, email: str, password: str, json_data: dict):\n>       self.about_page.click_login_link()\n\ntests/test_login.py:22: \n_ _ _ _ _ _ _ _ _ _ _ _ _ _ _ _ _ _ _ _ _ _ _ _ _ _ _ _ _ _ _ _ _ _ _ _ _ _ _ _ \npages/about_page.py:20: in click_login_link\n    self.click(self.LOGIN_LINK)\npages/base_page.py:38: in click\n    el: WebElement = self.wait.until(\n_ _ _ _ _ _ _ _ _ _ _ _ _ _ _ _ _ _ _ _ _ _ _ _ _ _ _ _ _ _ _ _ _ _ _ _ _ _ _ _ \n\nself = <selenium.webdriver.support.wait.WebDriverWait (session=\"89e11ee3d0c9acf16856e1175bbec298\")>\nmethod = <function element_to_be_clickable.<locals>._predicate at 0x722469451580>\nmessage = ''\n\n    def until(self, method, message: str = \"\"):\n        \"\"\"Calls the method provided with the driver as an argument until the \\\n        return value does not evaluate to ``False``.\n    \n        :param method: callable(WebDriver)\n        :param message: optional message for :exc:`TimeoutException`\n        :returns: the result of the last call to `method`\n        :raises: :exc:`selenium.common.exceptions.TimeoutException` if timeout occurs\n        \"\"\"\n        screen = None\n        stacktrace = None\n    \n        end_time = time.monotonic() + self._timeout\n        while True:\n            try:\n                value = method(self._driver)\n                if value:\n                    return value\n            except self._ignored_exceptions as exc:\n                screen = getattr(exc, \"screen\", None)\n                stacktrace = getattr(exc, \"stacktrace\", None)\n            time.sleep(self._poll)\n            if time.monotonic() > end_time:\n                break\n>       raise TimeoutException(message, screen, stacktrace)\nE       selenium.common.exceptions.TimeoutException: Message: \nE       Stacktrace:\nE       #0 0x61d7e764fec3 <unknown>\nE       #1 0x61d7e7347ce6 <unknown>\nE       #2 0x61d7e7392e48 <unknown>\nE       #3 0x61d7e7392f01 <unknown>\nE       #4 0x61d7e73d63f4 <unknown>\nE       #5 0x61d7e73b4edd <unknown>\nE       #6 0x61d7e73d3899 <unknown>\nE       #7 0x61d7e73b4c53 <unknown>\nE       #8 0x61d7e7385db3 <unknown>\nE       #9 0x61d7e738677e <unknown>\nE       #10 0x61d7e76157fb <unknown>\nE       #11 0x61d7e7619815 <unknown>\nE       #12 0x61d7e7603111 <unknown>\nE       #13 0x61d7e761a3a2 <unknown>\nE       #14 0x61d7e75e71ef <unknown>\nE       #15 0x61d7e763e4b8 <unknown>\nE       #16 0x61d7e763e6b3 <unknown>\nE       #17 0x61d7e764f074 <unknown>\nE       #18 0x7fb769294ac3 <unknown>\n\n.venv/lib/python3.11/site-packages/selenium/webdriver/support/wait.py:95: TimeoutException","steps":[{"name":"Click Login link","time":{"start":1710637495196,"stop":1710637505368,"duration":10172},"status":"broken","statusMessage":"selenium.common.exceptions.TimeoutException: Message: \nStacktrace:\n#0 0x61d7e764fec3 <unknown>\n#1 0x61d7e7347ce6 <unknown>\n#2 0x61d7e7392e48 <unknown>\n#3 0x61d7e7392f01 <unknown>\n#4 0x61d7e73d63f4 <unknown>\n#5 0x61d7e73b4edd <unknown>\n#6 0x61d7e73d3899 <unknown>\n#7 0x61d7e73b4c53 <unknown>\n#8 0x61d7e7385db3 <unknown>\n#9 0x61d7e738677e <unknown>\n#10 0x61d7e76157fb <unknown>\n#11 0x61d7e7619815 <unknown>\n#12 0x61d7e7603111 <unknown>\n#13 0x61d7e761a3a2 <unknown>\n#14 0x61d7e75e71ef <unknown>\n#15 0x61d7e763e4b8 <unknown>\n#16 0x61d7e763e6b3 <unknown>\n#17 0x61d7e764f074 <unknown>\n#18 0x7fb769294ac3 <unknown>\n\n","statusTrace":"  File \"/home/runner/work/kisangateway-test/kisangateway-test/.venv/lib/python3.11/site-packages/allure_commons/_allure.py\", line 192, in impl\n    return func(*a, **kw)\n           ^^^^^^^^^^^^^^\n  File \"/home/runner/work/kisangateway-test/kisangateway-test/pages/about_page.py\", line 20, in click_login_link\n    self.click(self.LOGIN_LINK)\n  File \"/home/runner/work/kisangateway-test/kisangateway-test/pages/base_page.py\", line 38, in click\n    el: WebElement = self.wait.until(\n                     ^^^^^^^^^^^^^^^^\n  File \"/home/runner/work/kisangateway-test/kisangateway-test/.venv/lib/python3.11/site-packages/selenium/webdriver/support/wait.py\", line 95, in until\n    raise TimeoutException(message, screen, stacktrace)\n","steps":[],"attachments":[],"parameters":[],"shouldDisplayMessage":true,"stepsCount":0,"attachmentsCount":0,"hasContent":true,"attachmentStep":false}],"attachments":[{"uid":"1793b6e51cfaf157","name":"public ip address","source":"1793b6e51cfaf157.txt","type":"text/plain","size":13},{"uid":"b6a15b07a21588","name":"Cookies","source":"b6a15b07a21588.json","type":"application/json","size":527},{"uid":"9b19e0fca1bd6650","name":"Session Storage","source":"9b19e0fca1bd6650.json","type":"application/json","size":2},{"uid":"d0c225d861ab66d3","name":"Local Storage","source":"d0c225d861ab66d3.json","type":"application/json","size":77},{"uid":"eaa6097964f1ef79","name":"Console Logs","source":"eaa6097964f1ef79.json","type":"application/json","size":310},{"uid":"9d169a96ef9678fc","name":"Full Page Screenshot","source":"9d169a96ef9678fc.png","type":"image/png","size":2477717},{"uid":"26f987bf24ff869b","name":"URL","source":"26f987bf24ff869b.uri","type":"text/uri-list","size":25},{"uid":"d0f8cfec214dca68","name":"Network Logs","source":"d0f8cfec214dca68.json","type":"application/json","size":1285603}],"parameters":[],"shouldDisplayMessage":true,"stepsCount":1,"attachmentsCount":8,"hasContent":true,"attachmentStep":false},"afterStages":[],"labels":[{"name":"feature","value":"Login"},{"name":"severity","value":"blocker"},{"name":"epic","value":"Security"},{"name":"tag","value":"run(order=3)"},{"name":"tag","value":"security"},{"name":"parentSuite","value":"tests"},{"name":"suite","value":"test_login"},{"name":"subSuite","value":"TestLogin"},{"name":"host","value":"fv-az883-636"},{"name":"thread","value":"2193-MainThread"},{"name":"framework","value":"pytest"},{"name":"language","value":"cpython3"},{"name":"package","value":"tests.test_login"},{"name":"resultFormat","value":"allure2"}],"parameters":[{"name":"email","value":"'nirt236@gmail.com'"},{"name":"password","value":"'123456'"}],"links":[],"hidden":false,"retry":false,"extra":{"severity":"blocker","retries":[],"categories":[{"name":"Test defects","matchedStatuses":[],"flaky":false}],"tags":["run(order=3)","security"]},"source":"12766b138cb27223.json","parameterValues":["'nirt236@gmail.com'","'123456'"]}