{"uid":"bbe2dbb738fdba5b","name":"Rename an existing workspace test","fullName":"tests.test_workspaces.TestWorkspaces#test_rename_workspace","historyId":"d49362deb707221678019bdc76bcec08","time":{"start":1710637481317,"stop":1710637481317,"duration":0},"description":"Rename an existing workspace","descriptionHtml":"<p>Rename an existing workspace</p>\n","status":"broken","statusMessage":"selenium.common.exceptions.TimeoutException: Message: \nStacktrace:\n#0 0x58145a4c5ec3 <unknown>\n#1 0x58145a1bdce6 <unknown>\n#2 0x58145a208e48 <unknown>\n#3 0x58145a208f01 <unknown>\n#4 0x58145a24c3f4 <unknown>\n#5 0x58145a22aedd <unknown>\n#6 0x58145a249899 <unknown>\n#7 0x58145a22ac53 <unknown>\n#8 0x58145a1fbdb3 <unknown>\n#9 0x58145a1fc77e <unknown>\n#10 0x58145a48b7fb <unknown>\n#11 0x58145a48f815 <unknown>\n#12 0x58145a479111 <unknown>\n#13 0x58145a4903a2 <unknown>\n#14 0x58145a45d1ef <unknown>\n#15 0x58145a4b44b8 <unknown>\n#16 0x58145a4b46b3 <unknown>\n#17 0x58145a4c5074 <unknown>\n#18 0x794328894ac3 <unknown>","statusTrace":"self = <tests.test_workspaces.TestWorkspaces object at 0x72246991d8d0>\nsecret_data = {'email': '', 'password': ''}\n\n    @pytest.fixture(autouse=True)\n    def setup_method_fixture(self, secret_data: dict):\n>       login(secret_data, self.about_page, self.login_page)\n\ntests/test_workspaces.py:23: \n_ _ _ _ _ _ _ _ _ _ _ _ _ _ _ _ _ _ _ _ _ _ _ _ _ _ _ _ _ _ _ _ _ _ _ _ _ _ _ _ \ntests/test_workspaces.py:13: in login\n    about_page.click_login_link()\npages/about_page.py:20: in click_login_link\n    self.click(self.LOGIN_LINK)\npages/base_page.py:38: in click\n    el: WebElement = self.wait.until(\n_ _ _ _ _ _ _ _ _ _ _ _ _ _ _ _ _ _ _ _ _ _ _ _ _ _ _ _ _ _ _ _ _ _ _ _ _ _ _ _ \n\nself = <selenium.webdriver.support.wait.WebDriverWait (session=\"8fa682c3aa54fe2abf80763d23e74461\")>\nmethod = <function element_to_be_clickable.<locals>._predicate at 0x722469712020>\nmessage = ''\n\n    def until(self, method, message: str = \"\"):\n        \"\"\"Calls the method provided with the driver as an argument until the \\\n        return value does not evaluate to ``False``.\n    \n        :param method: callable(WebDriver)\n        :param message: optional message for :exc:`TimeoutException`\n        :returns: the result of the last call to `method`\n        :raises: :exc:`selenium.common.exceptions.TimeoutException` if timeout occurs\n        \"\"\"\n        screen = None\n        stacktrace = None\n    \n        end_time = time.monotonic() + self._timeout\n        while True:\n            try:\n                value = method(self._driver)\n                if value:\n                    return value\n            except self._ignored_exceptions as exc:\n                screen = getattr(exc, \"screen\", None)\n                stacktrace = getattr(exc, \"stacktrace\", None)\n            time.sleep(self._poll)\n            if time.monotonic() > end_time:\n                break\n>       raise TimeoutException(message, screen, stacktrace)\nE       selenium.common.exceptions.TimeoutException: Message: \nE       Stacktrace:\nE       #0 0x58145a4c5ec3 <unknown>\nE       #1 0x58145a1bdce6 <unknown>\nE       #2 0x58145a208e48 <unknown>\nE       #3 0x58145a208f01 <unknown>\nE       #4 0x58145a24c3f4 <unknown>\nE       #5 0x58145a22aedd <unknown>\nE       #6 0x58145a249899 <unknown>\nE       #7 0x58145a22ac53 <unknown>\nE       #8 0x58145a1fbdb3 <unknown>\nE       #9 0x58145a1fc77e <unknown>\nE       #10 0x58145a48b7fb <unknown>\nE       #11 0x58145a48f815 <unknown>\nE       #12 0x58145a479111 <unknown>\nE       #13 0x58145a4903a2 <unknown>\nE       #14 0x58145a45d1ef <unknown>\nE       #15 0x58145a4b44b8 <unknown>\nE       #16 0x58145a4b46b3 <unknown>\nE       #17 0x58145a4c5074 <unknown>\nE       #18 0x794328894ac3 <unknown>\n\n.venv/lib/python3.11/site-packages/selenium/webdriver/support/wait.py:95: TimeoutException","flaky":false,"newFailed":false,"newBroken":false,"newPassed":false,"retriesCount":0,"retriesStatusChange":false,"beforeStages":[{"name":"_verify_url","time":{"start":1710637444379,"stop":1710637444379,"duration":0},"status":"passed","steps":[],"attachments":[],"parameters":[],"shouldDisplayMessage":false,"stepsCount":0,"attachmentsCount":0,"hasContent":false,"attachmentStep":false},{"name":"base_url","time":{"start":1710637444379,"stop":1710637444379,"duration":0},"status":"passed","steps":[],"attachments":[],"parameters":[],"shouldDisplayMessage":false,"stepsCount":0,"attachmentsCount":0,"hasContent":false,"attachmentStep":false},{"name":"json_data","time":{"start":1710637444380,"stop":1710637444380,"duration":0},"status":"passed","steps":[],"attachments":[],"parameters":[],"shouldDisplayMessage":false,"stepsCount":0,"attachmentsCount":0,"hasContent":false,"attachmentStep":false},{"name":"secret_data","time":{"start":1710637444380,"stop":1710637444380,"duration":0},"status":"passed","steps":[],"attachments":[],"parameters":[],"shouldDisplayMessage":false,"stepsCount":0,"attachmentsCount":0,"hasContent":false,"attachmentStep":false},{"name":"setup_method_fixture","time":{"start":1710637482583,"stop":1710637492754,"duration":10171},"status":"broken","statusMessage":"selenium.common.exceptions.TimeoutException: Message: \nStacktrace:\n#0 0x58145a4c5ec3 <unknown>\n#1 0x58145a1bdce6 <unknown>\n#2 0x58145a208e48 <unknown>\n#3 0x58145a208f01 <unknown>\n#4 0x58145a24c3f4 <unknown>\n#5 0x58145a22aedd <unknown>\n#6 0x58145a249899 <unknown>\n#7 0x58145a22ac53 <unknown>\n#8 0x58145a1fbdb3 <unknown>\n#9 0x58145a1fc77e <unknown>\n#10 0x58145a48b7fb <unknown>\n#11 0x58145a48f815 <unknown>\n#12 0x58145a479111 <unknown>\n#13 0x58145a4903a2 <unknown>\n#14 0x58145a45d1ef <unknown>\n#15 0x58145a4b44b8 <unknown>\n#16 0x58145a4b46b3 <unknown>\n#17 0x58145a4c5074 <unknown>\n#18 0x794328894ac3 <unknown>\n\n","statusTrace":"  File \"/home/runner/work/kisangateway-test/kisangateway-test/.venv/lib/python3.11/site-packages/pluggy/_callers.py\", line 80, in _multicall\n    res = hook_impl.function(*args)\n          ^^^^^^^^^^^^^^^^^^^^^^^^^\n  File \"/home/runner/work/kisangateway-test/kisangateway-test/.venv/lib/python3.11/site-packages/_pytest/fixtures.py\", line 1123, in pytest_fixture_setup\n    result = call_fixture_func(fixturefunc, request, kwargs)\n             ^^^^^^^^^^^^^^^^^^^^^^^^^^^^^^^^^^^^^^^^^^^^^^^\n  File \"/home/runner/work/kisangateway-test/kisangateway-test/.venv/lib/python3.11/site-packages/_pytest/fixtures.py\", line 902, in call_fixture_func\n    fixture_result = fixturefunc(**kwargs)\n                     ^^^^^^^^^^^^^^^^^^^^^\n  File \"/home/runner/work/kisangateway-test/kisangateway-test/tests/test_workspaces.py\", line 23, in setup_method_fixture\n    login(secret_data, self.about_page, self.login_page)\n  File \"/home/runner/work/kisangateway-test/kisangateway-test/tests/test_workspaces.py\", line 13, in login\n    about_page.click_login_link()\n  File \"/home/runner/work/kisangateway-test/kisangateway-test/.venv/lib/python3.11/site-packages/allure_commons/_allure.py\", line 192, in impl\n    return func(*a, **kw)\n           ^^^^^^^^^^^^^^\n  File \"/home/runner/work/kisangateway-test/kisangateway-test/pages/about_page.py\", line 20, in click_login_link\n    self.click(self.LOGIN_LINK)\n  File \"/home/runner/work/kisangateway-test/kisangateway-test/pages/base_page.py\", line 38, in click\n    el: WebElement = self.wait.until(\n                     ^^^^^^^^^^^^^^^^\n  File \"/home/runner/work/kisangateway-test/kisangateway-test/.venv/lib/python3.11/site-packages/selenium/webdriver/support/wait.py\", line 95, in until\n    raise TimeoutException(message, screen, stacktrace)\n","steps":[{"name":"Click Login link","time":{"start":1710637482584,"stop":1710637492754,"duration":10170},"status":"broken","statusMessage":"selenium.common.exceptions.TimeoutException: Message: \nStacktrace:\n#0 0x58145a4c5ec3 <unknown>\n#1 0x58145a1bdce6 <unknown>\n#2 0x58145a208e48 <unknown>\n#3 0x58145a208f01 <unknown>\n#4 0x58145a24c3f4 <unknown>\n#5 0x58145a22aedd <unknown>\n#6 0x58145a249899 <unknown>\n#7 0x58145a22ac53 <unknown>\n#8 0x58145a1fbdb3 <unknown>\n#9 0x58145a1fc77e <unknown>\n#10 0x58145a48b7fb <unknown>\n#11 0x58145a48f815 <unknown>\n#12 0x58145a479111 <unknown>\n#13 0x58145a4903a2 <unknown>\n#14 0x58145a45d1ef <unknown>\n#15 0x58145a4b44b8 <unknown>\n#16 0x58145a4b46b3 <unknown>\n#17 0x58145a4c5074 <unknown>\n#18 0x794328894ac3 <unknown>\n\n","statusTrace":"  File \"/home/runner/work/kisangateway-test/kisangateway-test/.venv/lib/python3.11/site-packages/allure_commons/_allure.py\", line 192, in impl\n    return func(*a, **kw)\n           ^^^^^^^^^^^^^^\n  File \"/home/runner/work/kisangateway-test/kisangateway-test/pages/about_page.py\", line 20, in click_login_link\n    self.click(self.LOGIN_LINK)\n  File \"/home/runner/work/kisangateway-test/kisangateway-test/pages/base_page.py\", line 38, in click\n    el: WebElement = self.wait.until(\n                     ^^^^^^^^^^^^^^^^\n  File \"/home/runner/work/kisangateway-test/kisangateway-test/.venv/lib/python3.11/site-packages/selenium/webdriver/support/wait.py\", line 95, in until\n    raise TimeoutException(message, screen, stacktrace)\n","steps":[],"attachments":[],"parameters":[],"shouldDisplayMessage":true,"stepsCount":0,"attachmentsCount":0,"hasContent":true,"attachmentStep":false}],"attachments":[],"parameters":[],"shouldDisplayMessage":false,"stepsCount":1,"attachmentsCount":0,"hasContent":true,"attachmentStep":false}],"testStage":{"description":"Rename an existing workspace","status":"broken","statusMessage":"selenium.common.exceptions.TimeoutException: Message: \nStacktrace:\n#0 0x58145a4c5ec3 <unknown>\n#1 0x58145a1bdce6 <unknown>\n#2 0x58145a208e48 <unknown>\n#3 0x58145a208f01 <unknown>\n#4 0x58145a24c3f4 <unknown>\n#5 0x58145a22aedd <unknown>\n#6 0x58145a249899 <unknown>\n#7 0x58145a22ac53 <unknown>\n#8 0x58145a1fbdb3 <unknown>\n#9 0x58145a1fc77e <unknown>\n#10 0x58145a48b7fb <unknown>\n#11 0x58145a48f815 <unknown>\n#12 0x58145a479111 <unknown>\n#13 0x58145a4903a2 <unknown>\n#14 0x58145a45d1ef <unknown>\n#15 0x58145a4b44b8 <unknown>\n#16 0x58145a4b46b3 <unknown>\n#17 0x58145a4c5074 <unknown>\n#18 0x794328894ac3 <unknown>","statusTrace":"self = <tests.test_workspaces.TestWorkspaces object at 0x72246991d8d0>\nsecret_data = {'email': '', 'password': ''}\n\n    @pytest.fixture(autouse=True)\n    def setup_method_fixture(self, secret_data: dict):\n>       login(secret_data, self.about_page, self.login_page)\n\ntests/test_workspaces.py:23: \n_ _ _ _ _ _ _ _ _ _ _ _ _ _ _ _ _ _ _ _ _ _ _ _ _ _ _ _ _ _ _ _ _ _ _ _ _ _ _ _ \ntests/test_workspaces.py:13: in login\n    about_page.click_login_link()\npages/about_page.py:20: in click_login_link\n    self.click(self.LOGIN_LINK)\npages/base_page.py:38: in click\n    el: WebElement = self.wait.until(\n_ _ _ _ _ _ _ _ _ _ _ _ _ _ _ _ _ _ _ _ _ _ _ _ _ _ _ _ _ _ _ _ _ _ _ _ _ _ _ _ \n\nself = <selenium.webdriver.support.wait.WebDriverWait (session=\"8fa682c3aa54fe2abf80763d23e74461\")>\nmethod = <function element_to_be_clickable.<locals>._predicate at 0x722469712020>\nmessage = ''\n\n    def until(self, method, message: str = \"\"):\n        \"\"\"Calls the method provided with the driver as an argument until the \\\n        return value does not evaluate to ``False``.\n    \n        :param method: callable(WebDriver)\n        :param message: optional message for :exc:`TimeoutException`\n        :returns: the result of the last call to `method`\n        :raises: :exc:`selenium.common.exceptions.TimeoutException` if timeout occurs\n        \"\"\"\n        screen = None\n        stacktrace = None\n    \n        end_time = time.monotonic() + self._timeout\n        while True:\n            try:\n                value = method(self._driver)\n                if value:\n                    return value\n            except self._ignored_exceptions as exc:\n                screen = getattr(exc, \"screen\", None)\n                stacktrace = getattr(exc, \"stacktrace\", None)\n            time.sleep(self._poll)\n            if time.monotonic() > end_time:\n                break\n>       raise TimeoutException(message, screen, stacktrace)\nE       selenium.common.exceptions.TimeoutException: Message: \nE       Stacktrace:\nE       #0 0x58145a4c5ec3 <unknown>\nE       #1 0x58145a1bdce6 <unknown>\nE       #2 0x58145a208e48 <unknown>\nE       #3 0x58145a208f01 <unknown>\nE       #4 0x58145a24c3f4 <unknown>\nE       #5 0x58145a22aedd <unknown>\nE       #6 0x58145a249899 <unknown>\nE       #7 0x58145a22ac53 <unknown>\nE       #8 0x58145a1fbdb3 <unknown>\nE       #9 0x58145a1fc77e <unknown>\nE       #10 0x58145a48b7fb <unknown>\nE       #11 0x58145a48f815 <unknown>\nE       #12 0x58145a479111 <unknown>\nE       #13 0x58145a4903a2 <unknown>\nE       #14 0x58145a45d1ef <unknown>\nE       #15 0x58145a4b44b8 <unknown>\nE       #16 0x58145a4b46b3 <unknown>\nE       #17 0x58145a4c5074 <unknown>\nE       #18 0x794328894ac3 <unknown>\n\n.venv/lib/python3.11/site-packages/selenium/webdriver/support/wait.py:95: TimeoutException","steps":[],"attachments":[{"uid":"23c355aa7ad195fd","name":"public ip address","source":"23c355aa7ad195fd.txt","type":"text/plain","size":13},{"uid":"16dc1bf265651c40","name":"Cookies","source":"16dc1bf265651c40.json","type":"application/json","size":527},{"uid":"f715ff6815adc583","name":"Session Storage","source":"f715ff6815adc583.json","type":"application/json","size":2},{"uid":"98726fd4c266bb89","name":"Local Storage","source":"98726fd4c266bb89.json","type":"application/json","size":77},{"uid":"f3458412db07ca68","name":"Console Logs","source":"f3458412db07ca68.json","type":"application/json","size":310},{"uid":"4513c68dd2db8fe2","name":"Full Page Screenshot","source":"4513c68dd2db8fe2.png","type":"image/png","size":2477717},{"uid":"4bd41c16bd957865","name":"URL","source":"4bd41c16bd957865.uri","type":"text/uri-list","size":25},{"uid":"5803ba16e5dcc6f2","name":"Network Logs","source":"5803ba16e5dcc6f2.json","type":"application/json","size":1285555}],"parameters":[],"shouldDisplayMessage":true,"stepsCount":0,"attachmentsCount":8,"hasContent":true,"attachmentStep":false},"afterStages":[],"labels":[{"name":"story","value":"WorkSpaces Creation and Editing Functionality"},{"name":"epic","value":"Workspaces"},{"name":"severity","value":"normal"},{"name":"tag","value":"run(order=2)"},{"name":"parentSuite","value":"tests"},{"name":"suite","value":"test_workspaces"},{"name":"subSuite","value":"TestWorkspaces"},{"name":"host","value":"fv-az883-636"},{"name":"thread","value":"2193-MainThread"},{"name":"framework","value":"pytest"},{"name":"language","value":"cpython3"},{"name":"package","value":"tests.test_workspaces"},{"name":"resultFormat","value":"allure2"}],"parameters":[],"links":[],"hidden":false,"retry":false,"extra":{"severity":"normal","retries":[],"categories":[{"name":"Test defects","matchedStatuses":[],"flaky":false}],"tags":["run(order=2)"]},"source":"bbe2dbb738fdba5b.json","parameterValues":[]}