{"uid":"4f9ce86081199a99","name":"Forgot Password with invalid email test","fullName":"tests.test_forgot_password.TestForgotPassword#test_invalid_email","historyId":"3743e16c5d15da2a1434ee4e2dd39a43","time":{"start":1701306416867,"stop":1701306427202,"duration":10335},"description":"Forgot Password with invalid email address","descriptionHtml":"<p>Forgot Password with invalid email address</p>\n","status":"broken","statusMessage":"selenium.common.exceptions.TimeoutException: Message: \nStacktrace:\n#0 0x55dd520b85e3 <unknown>\n#1 0x55dd51d7b0b7 <unknown>\n#2 0x55dd51dc8f53 <unknown>\n#3 0x55dd51dc9051 <unknown>\n#4 0x55dd51e0e9c4 <unknown>\n#5 0x55dd51deff1d <unknown>\n#6 0x55dd51e0bb3d <unknown>\n#7 0x55dd51defcc3 <unknown>\n#8 0x55dd51dbb0e4 <unknown>\n#9 0x55dd51dbc0ae <unknown>\n#10 0x55dd5207ece1 <unknown>\n#11 0x55dd52082b7e <unknown>\n#12 0x55dd5206c4b5 <unknown>\n#13 0x55dd520837d6 <unknown>\n#14 0x55dd5204fdbf <unknown>\n#15 0x55dd520a6748 <unknown>\n#16 0x55dd520a6917 <unknown>\n#17 0x55dd520b7773 <unknown>\n#18 0x7f9be7c94ac3 <unknown>","statusTrace":"self = <tests.test_forgot_password.TestForgotPassword object at 0x7fb2de0e1150>\nexcel_reader = <utils.excel_parser.ExcelParser object at 0x7fb2dd2e58d0>\njson_data = {'forgot_password': {'error_message': \"We can't find a user with that e-mail address.\", 'success_message': 'A reset li...you page', 'name': 'test', 'new_name': 'another test', 'no_project_found_msg': 'No project matches the criteria', ...}}\n\n    @allure.description(\"Forgot Password with invalid email address\")\n    @allure.title(\"Forgot Password with invalid email test\")\n    def test_invalid_email(self, excel_reader, json_data: dict):\n        emails = excel_reader.read_from_excel(\"Emails\")\n>       self.about_page.click_login_link()\n\ntests/test_forgot_password.py:31: \n_ _ _ _ _ _ _ _ _ _ _ _ _ _ _ _ _ _ _ _ _ _ _ _ _ _ _ _ _ _ _ _ _ _ _ _ _ _ _ _ \npages/about_page.py:20: in click_login_link\n    self.click(self.LOGIN_LINK)\npages/base_page.py:38: in click\n    el: WebElement = self.wait.until(\n_ _ _ _ _ _ _ _ _ _ _ _ _ _ _ _ _ _ _ _ _ _ _ _ _ _ _ _ _ _ _ _ _ _ _ _ _ _ _ _ \n\nself = <selenium.webdriver.support.wait.WebDriverWait (session=\"c147104ce821148cda64df70a926f6e4\")>\nmethod = <function element_to_be_clickable.<locals>._predicate at 0x7fb2dd1c19e0>\nmessage = ''\n\n    def until(self, method, message: str = \"\"):\n        \"\"\"Calls the method provided with the driver as an argument until the \\\n        return value does not evaluate to ``False``.\n    \n        :param method: callable(WebDriver)\n        :param message: optional message for :exc:`TimeoutException`\n        :returns: the result of the last call to `method`\n        :raises: :exc:`selenium.common.exceptions.TimeoutException` if timeout occurs\n        \"\"\"\n        screen = None\n        stacktrace = None\n    \n        end_time = time.monotonic() + self._timeout\n        while True:\n            try:\n                value = method(self._driver)\n                if value:\n                    return value\n            except self._ignored_exceptions as exc:\n                screen = getattr(exc, \"screen\", None)\n                stacktrace = getattr(exc, \"stacktrace\", None)\n            time.sleep(self._poll)\n            if time.monotonic() > end_time:\n                break\n>       raise TimeoutException(message, screen, stacktrace)\nE       selenium.common.exceptions.TimeoutException: Message: \nE       Stacktrace:\nE       #0 0x55dd520b85e3 <unknown>\nE       #1 0x55dd51d7b0b7 <unknown>\nE       #2 0x55dd51dc8f53 <unknown>\nE       #3 0x55dd51dc9051 <unknown>\nE       #4 0x55dd51e0e9c4 <unknown>\nE       #5 0x55dd51deff1d <unknown>\nE       #6 0x55dd51e0bb3d <unknown>\nE       #7 0x55dd51defcc3 <unknown>\nE       #8 0x55dd51dbb0e4 <unknown>\nE       #9 0x55dd51dbc0ae <unknown>\nE       #10 0x55dd5207ece1 <unknown>\nE       #11 0x55dd52082b7e <unknown>\nE       #12 0x55dd5206c4b5 <unknown>\nE       #13 0x55dd520837d6 <unknown>\nE       #14 0x55dd5204fdbf <unknown>\nE       #15 0x55dd520a6748 <unknown>\nE       #16 0x55dd520a6917 <unknown>\nE       #17 0x55dd520b7773 <unknown>\nE       #18 0x7f9be7c94ac3 <unknown>\n\n.venv/lib/python3.11/site-packages/selenium/webdriver/support/wait.py:95: TimeoutException","flaky":false,"newFailed":false,"newBroken":false,"newPassed":false,"retriesCount":0,"retriesStatusChange":false,"beforeStages":[{"name":"_verify_url","time":{"start":1701306237361,"stop":1701306237361,"duration":0},"status":"passed","steps":[],"attachments":[],"parameters":[],"shouldDisplayMessage":false,"stepsCount":0,"attachmentsCount":0,"hasContent":false},{"name":"base_url","time":{"start":1701306237361,"stop":1701306237361,"duration":0},"status":"passed","steps":[],"attachments":[],"parameters":[],"shouldDisplayMessage":false,"stepsCount":0,"attachmentsCount":0,"hasContent":false},{"name":"json_data","time":{"start":1701306237362,"stop":1701306237362,"duration":0},"status":"passed","steps":[],"attachments":[],"parameters":[],"shouldDisplayMessage":false,"stepsCount":0,"attachmentsCount":0,"hasContent":false},{"name":"excel_reader","time":{"start":1701306416866,"stop":1701306416866,"duration":0},"status":"passed","steps":[],"attachments":[],"parameters":[],"shouldDisplayMessage":false,"stepsCount":0,"attachmentsCount":0,"hasContent":false}],"testStage":{"description":"Forgot Password with invalid email address","status":"broken","statusMessage":"selenium.common.exceptions.TimeoutException: Message: \nStacktrace:\n#0 0x55dd520b85e3 <unknown>\n#1 0x55dd51d7b0b7 <unknown>\n#2 0x55dd51dc8f53 <unknown>\n#3 0x55dd51dc9051 <unknown>\n#4 0x55dd51e0e9c4 <unknown>\n#5 0x55dd51deff1d <unknown>\n#6 0x55dd51e0bb3d <unknown>\n#7 0x55dd51defcc3 <unknown>\n#8 0x55dd51dbb0e4 <unknown>\n#9 0x55dd51dbc0ae <unknown>\n#10 0x55dd5207ece1 <unknown>\n#11 0x55dd52082b7e <unknown>\n#12 0x55dd5206c4b5 <unknown>\n#13 0x55dd520837d6 <unknown>\n#14 0x55dd5204fdbf <unknown>\n#15 0x55dd520a6748 <unknown>\n#16 0x55dd520a6917 <unknown>\n#17 0x55dd520b7773 <unknown>\n#18 0x7f9be7c94ac3 <unknown>","statusTrace":"self = <tests.test_forgot_password.TestForgotPassword object at 0x7fb2de0e1150>\nexcel_reader = <utils.excel_parser.ExcelParser object at 0x7fb2dd2e58d0>\njson_data = {'forgot_password': {'error_message': \"We can't find a user with that e-mail address.\", 'success_message': 'A reset li...you page', 'name': 'test', 'new_name': 'another test', 'no_project_found_msg': 'No project matches the criteria', ...}}\n\n    @allure.description(\"Forgot Password with invalid email address\")\n    @allure.title(\"Forgot Password with invalid email test\")\n    def test_invalid_email(self, excel_reader, json_data: dict):\n        emails = excel_reader.read_from_excel(\"Emails\")\n>       self.about_page.click_login_link()\n\ntests/test_forgot_password.py:31: \n_ _ _ _ _ _ _ _ _ _ _ _ _ _ _ _ _ _ _ _ _ _ _ _ _ _ _ _ _ _ _ _ _ _ _ _ _ _ _ _ \npages/about_page.py:20: in click_login_link\n    self.click(self.LOGIN_LINK)\npages/base_page.py:38: in click\n    el: WebElement = self.wait.until(\n_ _ _ _ _ _ _ _ _ _ _ _ _ _ _ _ _ _ _ _ _ _ _ _ _ _ _ _ _ _ _ _ _ _ _ _ _ _ _ _ \n\nself = <selenium.webdriver.support.wait.WebDriverWait (session=\"c147104ce821148cda64df70a926f6e4\")>\nmethod = <function element_to_be_clickable.<locals>._predicate at 0x7fb2dd1c19e0>\nmessage = ''\n\n    def until(self, method, message: str = \"\"):\n        \"\"\"Calls the method provided with the driver as an argument until the \\\n        return value does not evaluate to ``False``.\n    \n        :param method: callable(WebDriver)\n        :param message: optional message for :exc:`TimeoutException`\n        :returns: the result of the last call to `method`\n        :raises: :exc:`selenium.common.exceptions.TimeoutException` if timeout occurs\n        \"\"\"\n        screen = None\n        stacktrace = None\n    \n        end_time = time.monotonic() + self._timeout\n        while True:\n            try:\n                value = method(self._driver)\n                if value:\n                    return value\n            except self._ignored_exceptions as exc:\n                screen = getattr(exc, \"screen\", None)\n                stacktrace = getattr(exc, \"stacktrace\", None)\n            time.sleep(self._poll)\n            if time.monotonic() > end_time:\n                break\n>       raise TimeoutException(message, screen, stacktrace)\nE       selenium.common.exceptions.TimeoutException: Message: \nE       Stacktrace:\nE       #0 0x55dd520b85e3 <unknown>\nE       #1 0x55dd51d7b0b7 <unknown>\nE       #2 0x55dd51dc8f53 <unknown>\nE       #3 0x55dd51dc9051 <unknown>\nE       #4 0x55dd51e0e9c4 <unknown>\nE       #5 0x55dd51deff1d <unknown>\nE       #6 0x55dd51e0bb3d <unknown>\nE       #7 0x55dd51defcc3 <unknown>\nE       #8 0x55dd51dbb0e4 <unknown>\nE       #9 0x55dd51dbc0ae <unknown>\nE       #10 0x55dd5207ece1 <unknown>\nE       #11 0x55dd52082b7e <unknown>\nE       #12 0x55dd5206c4b5 <unknown>\nE       #13 0x55dd520837d6 <unknown>\nE       #14 0x55dd5204fdbf <unknown>\nE       #15 0x55dd520a6748 <unknown>\nE       #16 0x55dd520a6917 <unknown>\nE       #17 0x55dd520b7773 <unknown>\nE       #18 0x7f9be7c94ac3 <unknown>\n\n.venv/lib/python3.11/site-packages/selenium/webdriver/support/wait.py:95: TimeoutException","steps":[{"name":"Click Login link","time":{"start":1701306416899,"stop":1701306427202,"duration":10303},"status":"broken","statusMessage":"selenium.common.exceptions.TimeoutException: Message: \nStacktrace:\n#0 0x55dd520b85e3 <unknown>\n#1 0x55dd51d7b0b7 <unknown>\n#2 0x55dd51dc8f53 <unknown>\n#3 0x55dd51dc9051 <unknown>\n#4 0x55dd51e0e9c4 <unknown>\n#5 0x55dd51deff1d <unknown>\n#6 0x55dd51e0bb3d <unknown>\n#7 0x55dd51defcc3 <unknown>\n#8 0x55dd51dbb0e4 <unknown>\n#9 0x55dd51dbc0ae <unknown>\n#10 0x55dd5207ece1 <unknown>\n#11 0x55dd52082b7e <unknown>\n#12 0x55dd5206c4b5 <unknown>\n#13 0x55dd520837d6 <unknown>\n#14 0x55dd5204fdbf <unknown>\n#15 0x55dd520a6748 <unknown>\n#16 0x55dd520a6917 <unknown>\n#17 0x55dd520b7773 <unknown>\n#18 0x7f9be7c94ac3 <unknown>\n\n","statusTrace":"  File \"/home/runner/work/kisangateway-test/kisangateway-test/.venv/lib/python3.11/site-packages/allure_commons/_allure.py\", line 192, in impl\n    return func(*a, **kw)\n           ^^^^^^^^^^^^^^\n  File \"/home/runner/work/kisangateway-test/kisangateway-test/pages/about_page.py\", line 20, in click_login_link\n    self.click(self.LOGIN_LINK)\n  File \"/home/runner/work/kisangateway-test/kisangateway-test/pages/base_page.py\", line 38, in click\n    el: WebElement = self.wait.until(\n                     ^^^^^^^^^^^^^^^^\n  File \"/home/runner/work/kisangateway-test/kisangateway-test/.venv/lib/python3.11/site-packages/selenium/webdriver/support/wait.py\", line 95, in until\n    raise TimeoutException(message, screen, stacktrace)\n","steps":[],"attachments":[],"parameters":[],"shouldDisplayMessage":true,"stepsCount":0,"attachmentsCount":0,"hasContent":true}],"attachments":[{"uid":"44536fd769a59c6","name":"public ip address","source":"44536fd769a59c6.txt","type":"text/plain","size":12},{"uid":"e8c64a8d36618ef","name":"Cookies","source":"e8c64a8d36618ef.json","type":"application/json","size":2},{"uid":"701afe36e27fad42","name":"Session Storage","source":"701afe36e27fad42.json","type":"application/json","size":2},{"uid":"4b518f71f230291a","name":"Local Storage","source":"4b518f71f230291a.json","type":"application/json","size":2},{"uid":"2416486e5c82ca8a","name":"Console Logs","source":"2416486e5c82ca8a.json","type":"application/json","size":2},{"uid":"d41dade426cf6fb3","name":"Full Page Screenshot","source":"d41dade426cf6fb3.png","type":"image/png","size":2669391},{"uid":"2818cd237b0fe7b2","name":"URL","source":"2818cd237b0fe7b2.uri","type":"text/uri-list","size":25},{"uid":"c3fbc01e55b49932","name":"Network Logs","source":"c3fbc01e55b49932.json","type":"application/json","size":13975}],"parameters":[],"shouldDisplayMessage":true,"stepsCount":1,"attachmentsCount":8,"hasContent":true},"afterStages":[],"labels":[{"name":"epic","value":"Security"},{"name":"suite","value":"Custom suite"},{"name":"severity","value":"critical"},{"name":"parentSuite","value":"Custom parent suite"},{"name":"subSuite","value":"Custom sub suite"},{"name":"story","value":"Forgot Password Feature's Functionality"},{"name":"tag","value":"security"},{"name":"host","value":"fv-az714-44"},{"name":"thread","value":"2268-MainThread"},{"name":"framework","value":"pytest"},{"name":"language","value":"cpython3"},{"name":"package","value":"tests.test_forgot_password"},{"name":"resultFormat","value":"allure2"}],"parameters":[],"links":[],"hidden":false,"retry":false,"extra":{"severity":"critical","retries":[],"categories":[{"name":"Test defects","matchedStatuses":[],"flaky":false}],"tags":["security"]},"source":"4f9ce86081199a99.json","parameterValues":[]}