{"uid":"cdbca68d8ba6954f","name":"Add project to workspace test","fullName":"tests.test_workspaces.TestWorkspaces#test_add_project_to_workspace","historyId":"fc6ee288c49142976b6c23b6071583ec","time":{"start":1701306339174,"stop":1701306339174,"duration":0},"description":"Selecting and adding a project to workspace","descriptionHtml":"<p>Selecting and adding a project to workspace</p>\n","status":"broken","statusMessage":"selenium.common.exceptions.TimeoutException: Message: \nStacktrace:\n#0 0x55a5594895e3 <unknown>\n#1 0x55a55914c0b7 <unknown>\n#2 0x55a559199f53 <unknown>\n#3 0x55a55919a051 <unknown>\n#4 0x55a5591df9c4 <unknown>\n#5 0x55a5591c0f1d <unknown>\n#6 0x55a5591dcb3d <unknown>\n#7 0x55a5591c0cc3 <unknown>\n#8 0x55a55918c0e4 <unknown>\n#9 0x55a55918d0ae <unknown>\n#10 0x55a55944fce1 <unknown>\n#11 0x55a559453b7e <unknown>\n#12 0x55a55943d4b5 <unknown>\n#13 0x55a5594547d6 <unknown>\n#14 0x55a559420dbf <unknown>\n#15 0x55a559477748 <unknown>\n#16 0x55a559477917 <unknown>\n#17 0x55a559488773 <unknown>\n#18 0x7f45d0694ac3 <unknown>","statusTrace":"self = <tests.test_workspaces.TestWorkspaces object at 0x7fb2dd4e5790>\nsecret_data = {'email': '', 'password': ''}\n\n    @pytest.fixture(autouse=True)\n    def setup_method_fixture(self, secret_data: dict):\n>       login(secret_data, self.about_page, self.login_page)\n\ntests/test_workspaces.py:23: \n_ _ _ _ _ _ _ _ _ _ _ _ _ _ _ _ _ _ _ _ _ _ _ _ _ _ _ _ _ _ _ _ _ _ _ _ _ _ _ _ \ntests/test_workspaces.py:13: in login\n    about_page.click_login_link()\npages/about_page.py:20: in click_login_link\n    self.click(self.LOGIN_LINK)\npages/base_page.py:38: in click\n    el: WebElement = self.wait.until(\n_ _ _ _ _ _ _ _ _ _ _ _ _ _ _ _ _ _ _ _ _ _ _ _ _ _ _ _ _ _ _ _ _ _ _ _ _ _ _ _ \n\nself = <selenium.webdriver.support.wait.WebDriverWait (session=\"361b23c0aed066df9fb7f728765feab8\")>\nmethod = <function element_to_be_clickable.<locals>._predicate at 0x7fb2dd1449a0>\nmessage = ''\n\n    def until(self, method, message: str = \"\"):\n        \"\"\"Calls the method provided with the driver as an argument until the \\\n        return value does not evaluate to ``False``.\n    \n        :param method: callable(WebDriver)\n        :param message: optional message for :exc:`TimeoutException`\n        :returns: the result of the last call to `method`\n        :raises: :exc:`selenium.common.exceptions.TimeoutException` if timeout occurs\n        \"\"\"\n        screen = None\n        stacktrace = None\n    \n        end_time = time.monotonic() + self._timeout\n        while True:\n            try:\n                value = method(self._driver)\n                if value:\n                    return value\n            except self._ignored_exceptions as exc:\n                screen = getattr(exc, \"screen\", None)\n                stacktrace = getattr(exc, \"stacktrace\", None)\n            time.sleep(self._poll)\n            if time.monotonic() > end_time:\n                break\n>       raise TimeoutException(message, screen, stacktrace)\nE       selenium.common.exceptions.TimeoutException: Message: \nE       Stacktrace:\nE       #0 0x55a5594895e3 <unknown>\nE       #1 0x55a55914c0b7 <unknown>\nE       #2 0x55a559199f53 <unknown>\nE       #3 0x55a55919a051 <unknown>\nE       #4 0x55a5591df9c4 <unknown>\nE       #5 0x55a5591c0f1d <unknown>\nE       #6 0x55a5591dcb3d <unknown>\nE       #7 0x55a5591c0cc3 <unknown>\nE       #8 0x55a55918c0e4 <unknown>\nE       #9 0x55a55918d0ae <unknown>\nE       #10 0x55a55944fce1 <unknown>\nE       #11 0x55a559453b7e <unknown>\nE       #12 0x55a55943d4b5 <unknown>\nE       #13 0x55a5594547d6 <unknown>\nE       #14 0x55a559420dbf <unknown>\nE       #15 0x55a559477748 <unknown>\nE       #16 0x55a559477917 <unknown>\nE       #17 0x55a559488773 <unknown>\nE       #18 0x7f45d0694ac3 <unknown>\n\n.venv/lib/python3.11/site-packages/selenium/webdriver/support/wait.py:95: TimeoutException","flaky":false,"newFailed":false,"newBroken":false,"newPassed":false,"retriesCount":0,"retriesStatusChange":false,"beforeStages":[{"name":"_verify_url","time":{"start":1701306237361,"stop":1701306237361,"duration":0},"status":"passed","steps":[],"attachments":[],"parameters":[],"shouldDisplayMessage":false,"stepsCount":0,"attachmentsCount":0,"hasContent":false},{"name":"base_url","time":{"start":1701306237361,"stop":1701306237361,"duration":0},"status":"passed","steps":[],"attachments":[],"parameters":[],"shouldDisplayMessage":false,"stepsCount":0,"attachmentsCount":0,"hasContent":false},{"name":"secret_data","time":{"start":1701306237361,"stop":1701306237362,"duration":1},"status":"passed","steps":[],"attachments":[],"parameters":[],"shouldDisplayMessage":false,"stepsCount":0,"attachmentsCount":0,"hasContent":false},{"name":"json_data","time":{"start":1701306237362,"stop":1701306237362,"duration":0},"status":"passed","steps":[],"attachments":[],"parameters":[],"shouldDisplayMessage":false,"stepsCount":0,"attachmentsCount":0,"hasContent":false},{"name":"setup_method_fixture","time":{"start":1701306340281,"stop":1701306350468,"duration":10187},"status":"broken","statusMessage":"selenium.common.exceptions.TimeoutException: Message: \nStacktrace:\n#0 0x55a5594895e3 <unknown>\n#1 0x55a55914c0b7 <unknown>\n#2 0x55a559199f53 <unknown>\n#3 0x55a55919a051 <unknown>\n#4 0x55a5591df9c4 <unknown>\n#5 0x55a5591c0f1d <unknown>\n#6 0x55a5591dcb3d <unknown>\n#7 0x55a5591c0cc3 <unknown>\n#8 0x55a55918c0e4 <unknown>\n#9 0x55a55918d0ae <unknown>\n#10 0x55a55944fce1 <unknown>\n#11 0x55a559453b7e <unknown>\n#12 0x55a55943d4b5 <unknown>\n#13 0x55a5594547d6 <unknown>\n#14 0x55a559420dbf <unknown>\n#15 0x55a559477748 <unknown>\n#16 0x55a559477917 <unknown>\n#17 0x55a559488773 <unknown>\n#18 0x7f45d0694ac3 <unknown>\n\n","statusTrace":"  File \"/home/runner/work/kisangateway-test/kisangateway-test/.venv/lib/python3.11/site-packages/pluggy/_callers.py\", line 80, in _multicall\n    res = hook_impl.function(*args)\n          ^^^^^^^^^^^^^^^^^^^^^^^^^\n  File \"/home/runner/work/kisangateway-test/kisangateway-test/.venv/lib/python3.11/site-packages/_pytest/fixtures.py\", line 1123, in pytest_fixture_setup\n    result = call_fixture_func(fixturefunc, request, kwargs)\n             ^^^^^^^^^^^^^^^^^^^^^^^^^^^^^^^^^^^^^^^^^^^^^^^\n  File \"/home/runner/work/kisangateway-test/kisangateway-test/.venv/lib/python3.11/site-packages/_pytest/fixtures.py\", line 902, in call_fixture_func\n    fixture_result = fixturefunc(**kwargs)\n                     ^^^^^^^^^^^^^^^^^^^^^\n  File \"/home/runner/work/kisangateway-test/kisangateway-test/tests/test_workspaces.py\", line 23, in setup_method_fixture\n    login(secret_data, self.about_page, self.login_page)\n  File \"/home/runner/work/kisangateway-test/kisangateway-test/tests/test_workspaces.py\", line 13, in login\n    about_page.click_login_link()\n  File \"/home/runner/work/kisangateway-test/kisangateway-test/.venv/lib/python3.11/site-packages/allure_commons/_allure.py\", line 192, in impl\n    return func(*a, **kw)\n           ^^^^^^^^^^^^^^\n  File \"/home/runner/work/kisangateway-test/kisangateway-test/pages/about_page.py\", line 20, in click_login_link\n    self.click(self.LOGIN_LINK)\n  File \"/home/runner/work/kisangateway-test/kisangateway-test/pages/base_page.py\", line 38, in click\n    el: WebElement = self.wait.until(\n                     ^^^^^^^^^^^^^^^^\n  File \"/home/runner/work/kisangateway-test/kisangateway-test/.venv/lib/python3.11/site-packages/selenium/webdriver/support/wait.py\", line 95, in until\n    raise TimeoutException(message, screen, stacktrace)\n","steps":[{"name":"Click Login link","time":{"start":1701306340281,"stop":1701306350467,"duration":10186},"status":"broken","statusMessage":"selenium.common.exceptions.TimeoutException: Message: \nStacktrace:\n#0 0x55a5594895e3 <unknown>\n#1 0x55a55914c0b7 <unknown>\n#2 0x55a559199f53 <unknown>\n#3 0x55a55919a051 <unknown>\n#4 0x55a5591df9c4 <unknown>\n#5 0x55a5591c0f1d <unknown>\n#6 0x55a5591dcb3d <unknown>\n#7 0x55a5591c0cc3 <unknown>\n#8 0x55a55918c0e4 <unknown>\n#9 0x55a55918d0ae <unknown>\n#10 0x55a55944fce1 <unknown>\n#11 0x55a559453b7e <unknown>\n#12 0x55a55943d4b5 <unknown>\n#13 0x55a5594547d6 <unknown>\n#14 0x55a559420dbf <unknown>\n#15 0x55a559477748 <unknown>\n#16 0x55a559477917 <unknown>\n#17 0x55a559488773 <unknown>\n#18 0x7f45d0694ac3 <unknown>\n\n","statusTrace":"  File \"/home/runner/work/kisangateway-test/kisangateway-test/.venv/lib/python3.11/site-packages/allure_commons/_allure.py\", line 192, in impl\n    return func(*a, **kw)\n           ^^^^^^^^^^^^^^\n  File \"/home/runner/work/kisangateway-test/kisangateway-test/pages/about_page.py\", line 20, in click_login_link\n    self.click(self.LOGIN_LINK)\n  File \"/home/runner/work/kisangateway-test/kisangateway-test/pages/base_page.py\", line 38, in click\n    el: WebElement = self.wait.until(\n                     ^^^^^^^^^^^^^^^^\n  File \"/home/runner/work/kisangateway-test/kisangateway-test/.venv/lib/python3.11/site-packages/selenium/webdriver/support/wait.py\", line 95, in until\n    raise TimeoutException(message, screen, stacktrace)\n","steps":[],"attachments":[],"parameters":[],"shouldDisplayMessage":true,"stepsCount":0,"attachmentsCount":0,"hasContent":true}],"attachments":[],"parameters":[],"shouldDisplayMessage":false,"stepsCount":1,"attachmentsCount":0,"hasContent":true}],"testStage":{"description":"Selecting and adding a project to workspace","status":"broken","statusMessage":"selenium.common.exceptions.TimeoutException: Message: \nStacktrace:\n#0 0x55a5594895e3 <unknown>\n#1 0x55a55914c0b7 <unknown>\n#2 0x55a559199f53 <unknown>\n#3 0x55a55919a051 <unknown>\n#4 0x55a5591df9c4 <unknown>\n#5 0x55a5591c0f1d <unknown>\n#6 0x55a5591dcb3d <unknown>\n#7 0x55a5591c0cc3 <unknown>\n#8 0x55a55918c0e4 <unknown>\n#9 0x55a55918d0ae <unknown>\n#10 0x55a55944fce1 <unknown>\n#11 0x55a559453b7e <unknown>\n#12 0x55a55943d4b5 <unknown>\n#13 0x55a5594547d6 <unknown>\n#14 0x55a559420dbf <unknown>\n#15 0x55a559477748 <unknown>\n#16 0x55a559477917 <unknown>\n#17 0x55a559488773 <unknown>\n#18 0x7f45d0694ac3 <unknown>","statusTrace":"self = <tests.test_workspaces.TestWorkspaces object at 0x7fb2dd4e5790>\nsecret_data = {'email': '', 'password': ''}\n\n    @pytest.fixture(autouse=True)\n    def setup_method_fixture(self, secret_data: dict):\n>       login(secret_data, self.about_page, self.login_page)\n\ntests/test_workspaces.py:23: \n_ _ _ _ _ _ _ _ _ _ _ _ _ _ _ _ _ _ _ _ _ _ _ _ _ _ _ _ _ _ _ _ _ _ _ _ _ _ _ _ \ntests/test_workspaces.py:13: in login\n    about_page.click_login_link()\npages/about_page.py:20: in click_login_link\n    self.click(self.LOGIN_LINK)\npages/base_page.py:38: in click\n    el: WebElement = self.wait.until(\n_ _ _ _ _ _ _ _ _ _ _ _ _ _ _ _ _ _ _ _ _ _ _ _ _ _ _ _ _ _ _ _ _ _ _ _ _ _ _ _ \n\nself = <selenium.webdriver.support.wait.WebDriverWait (session=\"361b23c0aed066df9fb7f728765feab8\")>\nmethod = <function element_to_be_clickable.<locals>._predicate at 0x7fb2dd1449a0>\nmessage = ''\n\n    def until(self, method, message: str = \"\"):\n        \"\"\"Calls the method provided with the driver as an argument until the \\\n        return value does not evaluate to ``False``.\n    \n        :param method: callable(WebDriver)\n        :param message: optional message for :exc:`TimeoutException`\n        :returns: the result of the last call to `method`\n        :raises: :exc:`selenium.common.exceptions.TimeoutException` if timeout occurs\n        \"\"\"\n        screen = None\n        stacktrace = None\n    \n        end_time = time.monotonic() + self._timeout\n        while True:\n            try:\n                value = method(self._driver)\n                if value:\n                    return value\n            except self._ignored_exceptions as exc:\n                screen = getattr(exc, \"screen\", None)\n                stacktrace = getattr(exc, \"stacktrace\", None)\n            time.sleep(self._poll)\n            if time.monotonic() > end_time:\n                break\n>       raise TimeoutException(message, screen, stacktrace)\nE       selenium.common.exceptions.TimeoutException: Message: \nE       Stacktrace:\nE       #0 0x55a5594895e3 <unknown>\nE       #1 0x55a55914c0b7 <unknown>\nE       #2 0x55a559199f53 <unknown>\nE       #3 0x55a55919a051 <unknown>\nE       #4 0x55a5591df9c4 <unknown>\nE       #5 0x55a5591c0f1d <unknown>\nE       #6 0x55a5591dcb3d <unknown>\nE       #7 0x55a5591c0cc3 <unknown>\nE       #8 0x55a55918c0e4 <unknown>\nE       #9 0x55a55918d0ae <unknown>\nE       #10 0x55a55944fce1 <unknown>\nE       #11 0x55a559453b7e <unknown>\nE       #12 0x55a55943d4b5 <unknown>\nE       #13 0x55a5594547d6 <unknown>\nE       #14 0x55a559420dbf <unknown>\nE       #15 0x55a559477748 <unknown>\nE       #16 0x55a559477917 <unknown>\nE       #17 0x55a559488773 <unknown>\nE       #18 0x7f45d0694ac3 <unknown>\n\n.venv/lib/python3.11/site-packages/selenium/webdriver/support/wait.py:95: TimeoutException","steps":[],"attachments":[{"uid":"f86f6413d8325df3","name":"public ip address","source":"f86f6413d8325df3.txt","type":"text/plain","size":12},{"uid":"f949e60ff59ded58","name":"Cookies","source":"f949e60ff59ded58.json","type":"application/json","size":2},{"uid":"5de7aa1eefc3b38c","name":"Session Storage","source":"5de7aa1eefc3b38c.json","type":"application/json","size":2},{"uid":"17ef43050a11e927","name":"Local Storage","source":"17ef43050a11e927.json","type":"application/json","size":2},{"uid":"3be89d7fbc011059","name":"Console Logs","source":"3be89d7fbc011059.json","type":"application/json","size":2},{"uid":"833999bf6eb18f97","name":"Full Page Screenshot","source":"833999bf6eb18f97.png","type":"image/png","size":2669391},{"uid":"be2f3cf8db900390","name":"URL","source":"be2f3cf8db900390.uri","type":"text/uri-list","size":25},{"uid":"3f03fd4df15e2223","name":"Network Logs","source":"3f03fd4df15e2223.json","type":"application/json","size":14025}],"parameters":[],"shouldDisplayMessage":true,"stepsCount":0,"attachmentsCount":8,"hasContent":true},"afterStages":[],"labels":[{"name":"epic","value":"Workspaces"},{"name":"severity","value":"normal"},{"name":"story","value":"WorkSpaces Creation and Editing Functionality"},{"name":"tag","value":"run(order=5)"},{"name":"parentSuite","value":"tests"},{"name":"suite","value":"test_workspaces"},{"name":"subSuite","value":"TestWorkspaces"},{"name":"host","value":"fv-az714-44"},{"name":"thread","value":"2268-MainThread"},{"name":"framework","value":"pytest"},{"name":"language","value":"cpython3"},{"name":"package","value":"tests.test_workspaces"},{"name":"resultFormat","value":"allure2"}],"parameters":[],"links":[],"hidden":false,"retry":false,"extra":{"severity":"normal","retries":[],"categories":[{"name":"Test defects","matchedStatuses":[],"flaky":false}],"tags":["run(order=5)"]},"source":"cdbca68d8ba6954f.json","parameterValues":[]}