{"uid":"96405e93b7f0eb7a","name":"Login with valid credentials test","fullName":"tests.test_login.TestLogin#test_valid_login","historyId":"e7f254b9bfd5f2bc8d4a1ffa6dc7aebb","time":{"start":1709341128486,"stop":1709341138691,"duration":10205},"description":"valid login","descriptionHtml":"<p>valid login</p>\n","status":"broken","statusMessage":"selenium.common.exceptions.TimeoutException: Message: \nStacktrace:\n#0 0x564ce2aeb793 <unknown>\n#1 0x564ce27df1c6 <unknown>\n#2 0x564ce282a358 <unknown>\n#3 0x564ce282a411 <unknown>\n#4 0x564ce286d934 <unknown>\n#5 0x564ce284c3fd <unknown>\n#6 0x564ce286add9 <unknown>\n#7 0x564ce284c173 <unknown>\n#8 0x564ce281d2d3 <unknown>\n#9 0x564ce281dc9e <unknown>\n#10 0x564ce2aaf8cb <unknown>\n#11 0x564ce2ab3745 <unknown>\n#12 0x564ce2a9c2e1 <unknown>\n#13 0x564ce2ab42d2 <unknown>\n#14 0x564ce2a8017f <unknown>\n#15 0x564ce2ad9dc8 <unknown>\n#16 0x564ce2ad9fc3 <unknown>\n#17 0x564ce2aea944 <unknown>\n#18 0x7f8400094ac3 <unknown>","statusTrace":"self = <tests.test_login.TestLogin object at 0x7ff73e082110>\nsecret_data = {'email': '', 'password': ''}\njson_data = {'forgot_password': {'error_message': \"We can't find a user with that e-mail address.\", 'success_message': 'A reset li...you page', 'name': 'test', 'new_name': 'another test', 'no_project_found_msg': 'No project matches the criteria', ...}}\n\n    @allure.description(\"valid login\")\n    @allure.title(\"Login with valid credentials test\")\n    @allure.tag(\"Tagged test\")\n    @pytest.mark.run(order=1)\n    def test_valid_login(self, secret_data: dict, json_data: dict):\n>       self.about_page.click_login_link()\n\ntests/test_login.py:39: \n_ _ _ _ _ _ _ _ _ _ _ _ _ _ _ _ _ _ _ _ _ _ _ _ _ _ _ _ _ _ _ _ _ _ _ _ _ _ _ _ \npages/about_page.py:20: in click_login_link\n    self.click(self.LOGIN_LINK)\npages/base_page.py:38: in click\n    el: WebElement = self.wait.until(\n_ _ _ _ _ _ _ _ _ _ _ _ _ _ _ _ _ _ _ _ _ _ _ _ _ _ _ _ _ _ _ _ _ _ _ _ _ _ _ _ \n\nself = <selenium.webdriver.support.wait.WebDriverWait (session=\"5016457de4c346c81a1ac9ff83b109ed\")>\nmethod = <function element_to_be_clickable.<locals>._predicate at 0x7ff73dff4900>\nmessage = ''\n\n    def until(self, method, message: str = \"\"):\n        \"\"\"Calls the method provided with the driver as an argument until the \\\n        return value does not evaluate to ``False``.\n    \n        :param method: callable(WebDriver)\n        :param message: optional message for :exc:`TimeoutException`\n        :returns: the result of the last call to `method`\n        :raises: :exc:`selenium.common.exceptions.TimeoutException` if timeout occurs\n        \"\"\"\n        screen = None\n        stacktrace = None\n    \n        end_time = time.monotonic() + self._timeout\n        while True:\n            try:\n                value = method(self._driver)\n                if value:\n                    return value\n            except self._ignored_exceptions as exc:\n                screen = getattr(exc, \"screen\", None)\n                stacktrace = getattr(exc, \"stacktrace\", None)\n            time.sleep(self._poll)\n            if time.monotonic() > end_time:\n                break\n>       raise TimeoutException(message, screen, stacktrace)\nE       selenium.common.exceptions.TimeoutException: Message: \nE       Stacktrace:\nE       #0 0x564ce2aeb793 <unknown>\nE       #1 0x564ce27df1c6 <unknown>\nE       #2 0x564ce282a358 <unknown>\nE       #3 0x564ce282a411 <unknown>\nE       #4 0x564ce286d934 <unknown>\nE       #5 0x564ce284c3fd <unknown>\nE       #6 0x564ce286add9 <unknown>\nE       #7 0x564ce284c173 <unknown>\nE       #8 0x564ce281d2d3 <unknown>\nE       #9 0x564ce281dc9e <unknown>\nE       #10 0x564ce2aaf8cb <unknown>\nE       #11 0x564ce2ab3745 <unknown>\nE       #12 0x564ce2a9c2e1 <unknown>\nE       #13 0x564ce2ab42d2 <unknown>\nE       #14 0x564ce2a8017f <unknown>\nE       #15 0x564ce2ad9dc8 <unknown>\nE       #16 0x564ce2ad9fc3 <unknown>\nE       #17 0x564ce2aea944 <unknown>\nE       #18 0x7f8400094ac3 <unknown>\n\n.venv/lib/python3.11/site-packages/selenium/webdriver/support/wait.py:95: TimeoutException","flaky":false,"newFailed":false,"newBroken":false,"newPassed":false,"retriesCount":0,"retriesStatusChange":false,"beforeStages":[{"name":"_verify_url","time":{"start":1709341128485,"stop":1709341128485,"duration":0},"status":"passed","steps":[],"attachments":[],"parameters":[],"shouldDisplayMessage":false,"stepsCount":0,"attachmentsCount":0,"hasContent":false,"attachmentStep":false},{"name":"base_url","time":{"start":1709341128485,"stop":1709341128485,"duration":0},"status":"passed","steps":[],"attachments":[],"parameters":[],"shouldDisplayMessage":false,"stepsCount":0,"attachmentsCount":0,"hasContent":false,"attachmentStep":false},{"name":"secret_data","time":{"start":1709341128485,"stop":1709341128485,"duration":0},"status":"passed","steps":[],"attachments":[],"parameters":[],"shouldDisplayMessage":false,"stepsCount":0,"attachmentsCount":0,"hasContent":false,"attachmentStep":false},{"name":"json_data","time":{"start":1709341128485,"stop":1709341128485,"duration":0},"status":"passed","steps":[],"attachments":[],"parameters":[],"shouldDisplayMessage":false,"stepsCount":0,"attachmentsCount":0,"hasContent":false,"attachmentStep":false}],"testStage":{"description":"valid login","status":"broken","statusMessage":"selenium.common.exceptions.TimeoutException: Message: \nStacktrace:\n#0 0x564ce2aeb793 <unknown>\n#1 0x564ce27df1c6 <unknown>\n#2 0x564ce282a358 <unknown>\n#3 0x564ce282a411 <unknown>\n#4 0x564ce286d934 <unknown>\n#5 0x564ce284c3fd <unknown>\n#6 0x564ce286add9 <unknown>\n#7 0x564ce284c173 <unknown>\n#8 0x564ce281d2d3 <unknown>\n#9 0x564ce281dc9e <unknown>\n#10 0x564ce2aaf8cb <unknown>\n#11 0x564ce2ab3745 <unknown>\n#12 0x564ce2a9c2e1 <unknown>\n#13 0x564ce2ab42d2 <unknown>\n#14 0x564ce2a8017f <unknown>\n#15 0x564ce2ad9dc8 <unknown>\n#16 0x564ce2ad9fc3 <unknown>\n#17 0x564ce2aea944 <unknown>\n#18 0x7f8400094ac3 <unknown>","statusTrace":"self = <tests.test_login.TestLogin object at 0x7ff73e082110>\nsecret_data = {'email': '', 'password': ''}\njson_data = {'forgot_password': {'error_message': \"We can't find a user with that e-mail address.\", 'success_message': 'A reset li...you page', 'name': 'test', 'new_name': 'another test', 'no_project_found_msg': 'No project matches the criteria', ...}}\n\n    @allure.description(\"valid login\")\n    @allure.title(\"Login with valid credentials test\")\n    @allure.tag(\"Tagged test\")\n    @pytest.mark.run(order=1)\n    def test_valid_login(self, secret_data: dict, json_data: dict):\n>       self.about_page.click_login_link()\n\ntests/test_login.py:39: \n_ _ _ _ _ _ _ _ _ _ _ _ _ _ _ _ _ _ _ _ _ _ _ _ _ _ _ _ _ _ _ _ _ _ _ _ _ _ _ _ \npages/about_page.py:20: in click_login_link\n    self.click(self.LOGIN_LINK)\npages/base_page.py:38: in click\n    el: WebElement = self.wait.until(\n_ _ _ _ _ _ _ _ _ _ _ _ _ _ _ _ _ _ _ _ _ _ _ _ _ _ _ _ _ _ _ _ _ _ _ _ _ _ _ _ \n\nself = <selenium.webdriver.support.wait.WebDriverWait (session=\"5016457de4c346c81a1ac9ff83b109ed\")>\nmethod = <function element_to_be_clickable.<locals>._predicate at 0x7ff73dff4900>\nmessage = ''\n\n    def until(self, method, message: str = \"\"):\n        \"\"\"Calls the method provided with the driver as an argument until the \\\n        return value does not evaluate to ``False``.\n    \n        :param method: callable(WebDriver)\n        :param message: optional message for :exc:`TimeoutException`\n        :returns: the result of the last call to `method`\n        :raises: :exc:`selenium.common.exceptions.TimeoutException` if timeout occurs\n        \"\"\"\n        screen = None\n        stacktrace = None\n    \n        end_time = time.monotonic() + self._timeout\n        while True:\n            try:\n                value = method(self._driver)\n                if value:\n                    return value\n            except self._ignored_exceptions as exc:\n                screen = getattr(exc, \"screen\", None)\n                stacktrace = getattr(exc, \"stacktrace\", None)\n            time.sleep(self._poll)\n            if time.monotonic() > end_time:\n                break\n>       raise TimeoutException(message, screen, stacktrace)\nE       selenium.common.exceptions.TimeoutException: Message: \nE       Stacktrace:\nE       #0 0x564ce2aeb793 <unknown>\nE       #1 0x564ce27df1c6 <unknown>\nE       #2 0x564ce282a358 <unknown>\nE       #3 0x564ce282a411 <unknown>\nE       #4 0x564ce286d934 <unknown>\nE       #5 0x564ce284c3fd <unknown>\nE       #6 0x564ce286add9 <unknown>\nE       #7 0x564ce284c173 <unknown>\nE       #8 0x564ce281d2d3 <unknown>\nE       #9 0x564ce281dc9e <unknown>\nE       #10 0x564ce2aaf8cb <unknown>\nE       #11 0x564ce2ab3745 <unknown>\nE       #12 0x564ce2a9c2e1 <unknown>\nE       #13 0x564ce2ab42d2 <unknown>\nE       #14 0x564ce2a8017f <unknown>\nE       #15 0x564ce2ad9dc8 <unknown>\nE       #16 0x564ce2ad9fc3 <unknown>\nE       #17 0x564ce2aea944 <unknown>\nE       #18 0x7f8400094ac3 <unknown>\n\n.venv/lib/python3.11/site-packages/selenium/webdriver/support/wait.py:95: TimeoutException","steps":[{"name":"Click Login link","time":{"start":1709341128486,"stop":1709341138690,"duration":10204},"status":"broken","statusMessage":"selenium.common.exceptions.TimeoutException: Message: \nStacktrace:\n#0 0x564ce2aeb793 <unknown>\n#1 0x564ce27df1c6 <unknown>\n#2 0x564ce282a358 <unknown>\n#3 0x564ce282a411 <unknown>\n#4 0x564ce286d934 <unknown>\n#5 0x564ce284c3fd <unknown>\n#6 0x564ce286add9 <unknown>\n#7 0x564ce284c173 <unknown>\n#8 0x564ce281d2d3 <unknown>\n#9 0x564ce281dc9e <unknown>\n#10 0x564ce2aaf8cb <unknown>\n#11 0x564ce2ab3745 <unknown>\n#12 0x564ce2a9c2e1 <unknown>\n#13 0x564ce2ab42d2 <unknown>\n#14 0x564ce2a8017f <unknown>\n#15 0x564ce2ad9dc8 <unknown>\n#16 0x564ce2ad9fc3 <unknown>\n#17 0x564ce2aea944 <unknown>\n#18 0x7f8400094ac3 <unknown>\n\n","statusTrace":"  File \"/home/runner/work/kisangateway-test/kisangateway-test/.venv/lib/python3.11/site-packages/allure_commons/_allure.py\", line 192, in impl\n    return func(*a, **kw)\n           ^^^^^^^^^^^^^^\n  File \"/home/runner/work/kisangateway-test/kisangateway-test/pages/about_page.py\", line 20, in click_login_link\n    self.click(self.LOGIN_LINK)\n  File \"/home/runner/work/kisangateway-test/kisangateway-test/pages/base_page.py\", line 38, in click\n    el: WebElement = self.wait.until(\n                     ^^^^^^^^^^^^^^^^\n  File \"/home/runner/work/kisangateway-test/kisangateway-test/.venv/lib/python3.11/site-packages/selenium/webdriver/support/wait.py\", line 95, in until\n    raise TimeoutException(message, screen, stacktrace)\n","steps":[],"attachments":[],"parameters":[],"shouldDisplayMessage":true,"stepsCount":0,"attachmentsCount":0,"hasContent":true,"attachmentStep":false}],"attachments":[{"uid":"fca07289fe163cb3","name":"public ip address","source":"fca07289fe163cb3.txt","type":"text/plain","size":13},{"uid":"de8534f4ddf859db","name":"Cookies","source":"de8534f4ddf859db.json","type":"application/json","size":526},{"uid":"5443f4263014450f","name":"Session Storage","source":"5443f4263014450f.json","type":"application/json","size":2},{"uid":"2975328660f4f2f4","name":"Local Storage","source":"2975328660f4f2f4.json","type":"application/json","size":77},{"uid":"d35373727d76d40b","name":"Console Logs","source":"d35373727d76d40b.json","type":"application/json","size":310},{"uid":"e4a8fea9d12b522e","name":"Full Page Screenshot","source":"e4a8fea9d12b522e.png","type":"image/png","size":2707537},{"uid":"90034ef8b15122ce","name":"URL","source":"90034ef8b15122ce.uri","type":"text/uri-list","size":25},{"uid":"992bc095b857f06d","name":"Network Logs","source":"992bc095b857f06d.json","type":"application/json","size":1284930}],"parameters":[],"shouldDisplayMessage":true,"stepsCount":1,"attachmentsCount":8,"hasContent":true,"attachmentStep":false},"afterStages":[],"labels":[{"name":"severity","value":"blocker"},{"name":"epic","value":"Security"},{"name":"feature","value":"Login"},{"name":"tag","value":"Tagged test"},{"name":"tag","value":"run(order=1)"},{"name":"tag","value":"security"},{"name":"parentSuite","value":"tests"},{"name":"suite","value":"test_login"},{"name":"subSuite","value":"TestLogin"},{"name":"host","value":"fv-az1116-87"},{"name":"thread","value":"2189-MainThread"},{"name":"framework","value":"pytest"},{"name":"language","value":"cpython3"},{"name":"package","value":"tests.test_login"},{"name":"resultFormat","value":"allure2"}],"parameters":[],"links":[],"hidden":false,"retry":false,"extra":{"severity":"blocker","retries":[],"categories":[{"name":"Test defects","matchedStatuses":[],"flaky":false}],"tags":["security","Tagged test","run(order=1)"]},"source":"96405e93b7f0eb7a.json","parameterValues":[]}