{"uid":"666dbae81ec426bb","name":"Create new workspace test","fullName":"tests.test_workspaces.TestWorkspaces#test_create_new_workspace","historyId":"e6e849a753ae10f50b3b38fac5a7fa8e","time":{"start":1706317196992,"stop":1706317196992,"duration":0},"description":"Create new Workspace","descriptionHtml":"<p>Create new Workspace</p>\n","status":"broken","statusMessage":"selenium.common.exceptions.TimeoutException: Message: \nStacktrace:\n#0 0x55d0ed40af83 <unknown>\n#1 0x55d0ed0c3cf7 <unknown>\n#2 0x55d0ed11399e <unknown>\n#3 0x55d0ed113aa1 <unknown>\n#4 0x55d0ed15ed64 <unknown>\n#5 0x55d0ed13d0dd <unknown>\n#6 0x55d0ed15c006 <unknown>\n#7 0x55d0ed13ce53 <unknown>\n#8 0x55d0ed104dd4 <unknown>\n#9 0x55d0ed1061de <unknown>\n#10 0x55d0ed3cf531 <unknown>\n#11 0x55d0ed3d3455 <unknown>\n#12 0x55d0ed3bbf55 <unknown>\n#13 0x55d0ed3d40ef <unknown>\n#14 0x55d0ed39f99f <unknown>\n#15 0x55d0ed3f8008 <unknown>\n#16 0x55d0ed3f81d7 <unknown>\n#17 0x55d0ed40a124 <unknown>\n#18 0x7f448b894ac3 <unknown>","statusTrace":"self = <tests.test_workspaces.TestWorkspaces object at 0x7fe8b2dbde50>\nsecret_data = {'email': '', 'password': ''}\n\n    @pytest.fixture(autouse=True)\n    def setup_method_fixture(self, secret_data: dict):\n>       login(secret_data, self.about_page, self.login_page)\n\ntests/test_workspaces.py:23: \n_ _ _ _ _ _ _ _ _ _ _ _ _ _ _ _ _ _ _ _ _ _ _ _ _ _ _ _ _ _ _ _ _ _ _ _ _ _ _ _ \ntests/test_workspaces.py:13: in login\n    about_page.click_login_link()\npages/about_page.py:20: in click_login_link\n    self.click(self.LOGIN_LINK)\npages/base_page.py:38: in click\n    el: WebElement = self.wait.until(\n_ _ _ _ _ _ _ _ _ _ _ _ _ _ _ _ _ _ _ _ _ _ _ _ _ _ _ _ _ _ _ _ _ _ _ _ _ _ _ _ \n\nself = <selenium.webdriver.support.wait.WebDriverWait (session=\"81188ae987288f7546cffa9843c34fe9\")>\nmethod = <function element_to_be_clickable.<locals>._predicate at 0x7fe8b2ba1440>\nmessage = ''\n\n    def until(self, method, message: str = \"\"):\n        \"\"\"Calls the method provided with the driver as an argument until the \\\n        return value does not evaluate to ``False``.\n    \n        :param method: callable(WebDriver)\n        :param message: optional message for :exc:`TimeoutException`\n        :returns: the result of the last call to `method`\n        :raises: :exc:`selenium.common.exceptions.TimeoutException` if timeout occurs\n        \"\"\"\n        screen = None\n        stacktrace = None\n    \n        end_time = time.monotonic() + self._timeout\n        while True:\n            try:\n                value = method(self._driver)\n                if value:\n                    return value\n            except self._ignored_exceptions as exc:\n                screen = getattr(exc, \"screen\", None)\n                stacktrace = getattr(exc, \"stacktrace\", None)\n            time.sleep(self._poll)\n            if time.monotonic() > end_time:\n                break\n>       raise TimeoutException(message, screen, stacktrace)\nE       selenium.common.exceptions.TimeoutException: Message: \nE       Stacktrace:\nE       #0 0x55d0ed40af83 <unknown>\nE       #1 0x55d0ed0c3cf7 <unknown>\nE       #2 0x55d0ed11399e <unknown>\nE       #3 0x55d0ed113aa1 <unknown>\nE       #4 0x55d0ed15ed64 <unknown>\nE       #5 0x55d0ed13d0dd <unknown>\nE       #6 0x55d0ed15c006 <unknown>\nE       #7 0x55d0ed13ce53 <unknown>\nE       #8 0x55d0ed104dd4 <unknown>\nE       #9 0x55d0ed1061de <unknown>\nE       #10 0x55d0ed3cf531 <unknown>\nE       #11 0x55d0ed3d3455 <unknown>\nE       #12 0x55d0ed3bbf55 <unknown>\nE       #13 0x55d0ed3d40ef <unknown>\nE       #14 0x55d0ed39f99f <unknown>\nE       #15 0x55d0ed3f8008 <unknown>\nE       #16 0x55d0ed3f81d7 <unknown>\nE       #17 0x55d0ed40a124 <unknown>\nE       #18 0x7f448b894ac3 <unknown>\n\n.venv/lib/python3.11/site-packages/selenium/webdriver/support/wait.py:95: TimeoutException","flaky":false,"newFailed":false,"newBroken":false,"newPassed":false,"retriesCount":0,"retriesStatusChange":false,"beforeStages":[{"name":"base_url","time":{"start":1706317185454,"stop":1706317185454,"duration":0},"status":"passed","steps":[],"attachments":[],"parameters":[],"shouldDisplayMessage":false,"stepsCount":0,"attachmentsCount":0,"hasContent":false,"attachmentStep":false},{"name":"secret_data","time":{"start":1706317185454,"stop":1706317185455,"duration":1},"status":"passed","steps":[],"attachments":[],"parameters":[],"shouldDisplayMessage":false,"stepsCount":0,"attachmentsCount":0,"hasContent":false,"attachmentStep":false},{"name":"_verify_url","time":{"start":1706317185454,"stop":1706317185454,"duration":0},"status":"passed","steps":[],"attachments":[],"parameters":[],"shouldDisplayMessage":false,"stepsCount":0,"attachmentsCount":0,"hasContent":false,"attachmentStep":false},{"name":"json_data","time":{"start":1706317185455,"stop":1706317185455,"duration":0},"status":"passed","steps":[],"attachments":[],"parameters":[],"shouldDisplayMessage":false,"stepsCount":0,"attachmentsCount":0,"hasContent":false,"attachmentStep":false},{"name":"setup_method_fixture","time":{"start":1706317198128,"stop":1706317208306,"duration":10178},"status":"broken","statusMessage":"selenium.common.exceptions.TimeoutException: Message: \nStacktrace:\n#0 0x55d0ed40af83 <unknown>\n#1 0x55d0ed0c3cf7 <unknown>\n#2 0x55d0ed11399e <unknown>\n#3 0x55d0ed113aa1 <unknown>\n#4 0x55d0ed15ed64 <unknown>\n#5 0x55d0ed13d0dd <unknown>\n#6 0x55d0ed15c006 <unknown>\n#7 0x55d0ed13ce53 <unknown>\n#8 0x55d0ed104dd4 <unknown>\n#9 0x55d0ed1061de <unknown>\n#10 0x55d0ed3cf531 <unknown>\n#11 0x55d0ed3d3455 <unknown>\n#12 0x55d0ed3bbf55 <unknown>\n#13 0x55d0ed3d40ef <unknown>\n#14 0x55d0ed39f99f <unknown>\n#15 0x55d0ed3f8008 <unknown>\n#16 0x55d0ed3f81d7 <unknown>\n#17 0x55d0ed40a124 <unknown>\n#18 0x7f448b894ac3 <unknown>\n\n","statusTrace":"  File \"/home/runner/work/kisangateway-test/kisangateway-test/.venv/lib/python3.11/site-packages/pluggy/_callers.py\", line 80, in _multicall\n    res = hook_impl.function(*args)\n          ^^^^^^^^^^^^^^^^^^^^^^^^^\n  File \"/home/runner/work/kisangateway-test/kisangateway-test/.venv/lib/python3.11/site-packages/_pytest/fixtures.py\", line 1123, in pytest_fixture_setup\n    result = call_fixture_func(fixturefunc, request, kwargs)\n             ^^^^^^^^^^^^^^^^^^^^^^^^^^^^^^^^^^^^^^^^^^^^^^^\n  File \"/home/runner/work/kisangateway-test/kisangateway-test/.venv/lib/python3.11/site-packages/_pytest/fixtures.py\", line 902, in call_fixture_func\n    fixture_result = fixturefunc(**kwargs)\n                     ^^^^^^^^^^^^^^^^^^^^^\n  File \"/home/runner/work/kisangateway-test/kisangateway-test/tests/test_workspaces.py\", line 23, in setup_method_fixture\n    login(secret_data, self.about_page, self.login_page)\n  File \"/home/runner/work/kisangateway-test/kisangateway-test/tests/test_workspaces.py\", line 13, in login\n    about_page.click_login_link()\n  File \"/home/runner/work/kisangateway-test/kisangateway-test/.venv/lib/python3.11/site-packages/allure_commons/_allure.py\", line 192, in impl\n    return func(*a, **kw)\n           ^^^^^^^^^^^^^^\n  File \"/home/runner/work/kisangateway-test/kisangateway-test/pages/about_page.py\", line 20, in click_login_link\n    self.click(self.LOGIN_LINK)\n  File \"/home/runner/work/kisangateway-test/kisangateway-test/pages/base_page.py\", line 38, in click\n    el: WebElement = self.wait.until(\n                     ^^^^^^^^^^^^^^^^\n  File \"/home/runner/work/kisangateway-test/kisangateway-test/.venv/lib/python3.11/site-packages/selenium/webdriver/support/wait.py\", line 95, in until\n    raise TimeoutException(message, screen, stacktrace)\n","steps":[{"name":"Click Login link","time":{"start":1706317198128,"stop":1706317208306,"duration":10178},"status":"broken","statusMessage":"selenium.common.exceptions.TimeoutException: Message: \nStacktrace:\n#0 0x55d0ed40af83 <unknown>\n#1 0x55d0ed0c3cf7 <unknown>\n#2 0x55d0ed11399e <unknown>\n#3 0x55d0ed113aa1 <unknown>\n#4 0x55d0ed15ed64 <unknown>\n#5 0x55d0ed13d0dd <unknown>\n#6 0x55d0ed15c006 <unknown>\n#7 0x55d0ed13ce53 <unknown>\n#8 0x55d0ed104dd4 <unknown>\n#9 0x55d0ed1061de <unknown>\n#10 0x55d0ed3cf531 <unknown>\n#11 0x55d0ed3d3455 <unknown>\n#12 0x55d0ed3bbf55 <unknown>\n#13 0x55d0ed3d40ef <unknown>\n#14 0x55d0ed39f99f <unknown>\n#15 0x55d0ed3f8008 <unknown>\n#16 0x55d0ed3f81d7 <unknown>\n#17 0x55d0ed40a124 <unknown>\n#18 0x7f448b894ac3 <unknown>\n\n","statusTrace":"  File \"/home/runner/work/kisangateway-test/kisangateway-test/.venv/lib/python3.11/site-packages/allure_commons/_allure.py\", line 192, in impl\n    return func(*a, **kw)\n           ^^^^^^^^^^^^^^\n  File \"/home/runner/work/kisangateway-test/kisangateway-test/pages/about_page.py\", line 20, in click_login_link\n    self.click(self.LOGIN_LINK)\n  File \"/home/runner/work/kisangateway-test/kisangateway-test/pages/base_page.py\", line 38, in click\n    el: WebElement = self.wait.until(\n                     ^^^^^^^^^^^^^^^^\n  File \"/home/runner/work/kisangateway-test/kisangateway-test/.venv/lib/python3.11/site-packages/selenium/webdriver/support/wait.py\", line 95, in until\n    raise TimeoutException(message, screen, stacktrace)\n","steps":[],"attachments":[],"parameters":[],"shouldDisplayMessage":true,"stepsCount":0,"attachmentsCount":0,"hasContent":true,"attachmentStep":false}],"attachments":[],"parameters":[],"shouldDisplayMessage":false,"stepsCount":1,"attachmentsCount":0,"hasContent":true,"attachmentStep":false}],"testStage":{"description":"Create new Workspace","status":"broken","statusMessage":"selenium.common.exceptions.TimeoutException: Message: \nStacktrace:\n#0 0x55d0ed40af83 <unknown>\n#1 0x55d0ed0c3cf7 <unknown>\n#2 0x55d0ed11399e <unknown>\n#3 0x55d0ed113aa1 <unknown>\n#4 0x55d0ed15ed64 <unknown>\n#5 0x55d0ed13d0dd <unknown>\n#6 0x55d0ed15c006 <unknown>\n#7 0x55d0ed13ce53 <unknown>\n#8 0x55d0ed104dd4 <unknown>\n#9 0x55d0ed1061de <unknown>\n#10 0x55d0ed3cf531 <unknown>\n#11 0x55d0ed3d3455 <unknown>\n#12 0x55d0ed3bbf55 <unknown>\n#13 0x55d0ed3d40ef <unknown>\n#14 0x55d0ed39f99f <unknown>\n#15 0x55d0ed3f8008 <unknown>\n#16 0x55d0ed3f81d7 <unknown>\n#17 0x55d0ed40a124 <unknown>\n#18 0x7f448b894ac3 <unknown>","statusTrace":"self = <tests.test_workspaces.TestWorkspaces object at 0x7fe8b2dbde50>\nsecret_data = {'email': '', 'password': ''}\n\n    @pytest.fixture(autouse=True)\n    def setup_method_fixture(self, secret_data: dict):\n>       login(secret_data, self.about_page, self.login_page)\n\ntests/test_workspaces.py:23: \n_ _ _ _ _ _ _ _ _ _ _ _ _ _ _ _ _ _ _ _ _ _ _ _ _ _ _ _ _ _ _ _ _ _ _ _ _ _ _ _ \ntests/test_workspaces.py:13: in login\n    about_page.click_login_link()\npages/about_page.py:20: in click_login_link\n    self.click(self.LOGIN_LINK)\npages/base_page.py:38: in click\n    el: WebElement = self.wait.until(\n_ _ _ _ _ _ _ _ _ _ _ _ _ _ _ _ _ _ _ _ _ _ _ _ _ _ _ _ _ _ _ _ _ _ _ _ _ _ _ _ \n\nself = <selenium.webdriver.support.wait.WebDriverWait (session=\"81188ae987288f7546cffa9843c34fe9\")>\nmethod = <function element_to_be_clickable.<locals>._predicate at 0x7fe8b2ba1440>\nmessage = ''\n\n    def until(self, method, message: str = \"\"):\n        \"\"\"Calls the method provided with the driver as an argument until the \\\n        return value does not evaluate to ``False``.\n    \n        :param method: callable(WebDriver)\n        :param message: optional message for :exc:`TimeoutException`\n        :returns: the result of the last call to `method`\n        :raises: :exc:`selenium.common.exceptions.TimeoutException` if timeout occurs\n        \"\"\"\n        screen = None\n        stacktrace = None\n    \n        end_time = time.monotonic() + self._timeout\n        while True:\n            try:\n                value = method(self._driver)\n                if value:\n                    return value\n            except self._ignored_exceptions as exc:\n                screen = getattr(exc, \"screen\", None)\n                stacktrace = getattr(exc, \"stacktrace\", None)\n            time.sleep(self._poll)\n            if time.monotonic() > end_time:\n                break\n>       raise TimeoutException(message, screen, stacktrace)\nE       selenium.common.exceptions.TimeoutException: Message: \nE       Stacktrace:\nE       #0 0x55d0ed40af83 <unknown>\nE       #1 0x55d0ed0c3cf7 <unknown>\nE       #2 0x55d0ed11399e <unknown>\nE       #3 0x55d0ed113aa1 <unknown>\nE       #4 0x55d0ed15ed64 <unknown>\nE       #5 0x55d0ed13d0dd <unknown>\nE       #6 0x55d0ed15c006 <unknown>\nE       #7 0x55d0ed13ce53 <unknown>\nE       #8 0x55d0ed104dd4 <unknown>\nE       #9 0x55d0ed1061de <unknown>\nE       #10 0x55d0ed3cf531 <unknown>\nE       #11 0x55d0ed3d3455 <unknown>\nE       #12 0x55d0ed3bbf55 <unknown>\nE       #13 0x55d0ed3d40ef <unknown>\nE       #14 0x55d0ed39f99f <unknown>\nE       #15 0x55d0ed3f8008 <unknown>\nE       #16 0x55d0ed3f81d7 <unknown>\nE       #17 0x55d0ed40a124 <unknown>\nE       #18 0x7f448b894ac3 <unknown>\n\n.venv/lib/python3.11/site-packages/selenium/webdriver/support/wait.py:95: TimeoutException","steps":[],"attachments":[{"uid":"f6a6d22ac20624d4","name":"public ip address","source":"f6a6d22ac20624d4.txt","type":"text/plain","size":12},{"uid":"323282e15a28250a","name":"Cookies","source":"323282e15a28250a.json","type":"application/json","size":2},{"uid":"c6b0e6faedd58479","name":"Session Storage","source":"c6b0e6faedd58479.json","type":"application/json","size":2},{"uid":"dff83848e389f6dc","name":"Local Storage","source":"dff83848e389f6dc.json","type":"application/json","size":77},{"uid":"d1fe52a528ce1105","name":"Console Logs","source":"d1fe52a528ce1105.json","type":"application/json","size":599},{"uid":"dc8d18dce50279cb","name":"Full Page Screenshot","source":"dc8d18dce50279cb.png","type":"image/png","size":2647721},{"uid":"7651ebf57edabaf7","name":"URL","source":"7651ebf57edabaf7.uri","type":"text/uri-list","size":25},{"uid":"398bf96a0ad4d1fb","name":"Network Logs","source":"398bf96a0ad4d1fb.json","type":"application/json","size":1234487}],"parameters":[],"shouldDisplayMessage":true,"stepsCount":0,"attachmentsCount":8,"hasContent":true,"attachmentStep":false},"afterStages":[],"labels":[{"name":"severity","value":"normal"},{"name":"epic","value":"Workspaces"},{"name":"story","value":"WorkSpaces Creation and Editing Functionality"},{"name":"tag","value":"run(order=1)"},{"name":"parentSuite","value":"tests"},{"name":"suite","value":"test_workspaces"},{"name":"subSuite","value":"TestWorkspaces"},{"name":"host","value":"fv-az979-741"},{"name":"thread","value":"2218-MainThread"},{"name":"framework","value":"pytest"},{"name":"language","value":"cpython3"},{"name":"package","value":"tests.test_workspaces"},{"name":"resultFormat","value":"allure2"}],"parameters":[],"links":[],"hidden":false,"retry":false,"extra":{"severity":"normal","retries":[],"categories":[{"name":"Test defects","matchedStatuses":[],"flaky":false}],"tags":["run(order=1)"]},"source":"666dbae81ec426bb.json","parameterValues":[]}