{"uid":"eeb989915fef7aec","name":"Exception test","fullName":"tests.test_forgot_password.TestForgotPassword#test_expected_exception_on_page_title","historyId":"cf4fc082d0d58c4cc0a6263c56ab7f00","time":{"start":1702170708048,"stop":1702170718227,"duration":10179},"description":"Exception catching","descriptionHtml":"<p>Exception catching</p>\n","status":"broken","statusMessage":"selenium.common.exceptions.TimeoutException: Message: \nStacktrace:\n#0 0x5565659f95e3 <unknown>\n#1 0x5565656bc0b7 <unknown>\n#2 0x556565709f53 <unknown>\n#3 0x55656570a051 <unknown>\n#4 0x55656574f9c4 <unknown>\n#5 0x556565730f1d <unknown>\n#6 0x55656574cb3d <unknown>\n#7 0x556565730cc3 <unknown>\n#8 0x5565656fc0e4 <unknown>\n#9 0x5565656fd0ae <unknown>\n#10 0x5565659bfce1 <unknown>\n#11 0x5565659c3b7e <unknown>\n#12 0x5565659ad4b5 <unknown>\n#13 0x5565659c47d6 <unknown>\n#14 0x556565990dbf <unknown>\n#15 0x5565659e7748 <unknown>\n#16 0x5565659e7917 <unknown>\n#17 0x5565659f8773 <unknown>\n#18 0x7f7b48294ac3 <unknown>","statusTrace":"self = <tests.test_forgot_password.TestForgotPassword object at 0x7f97a74e6e90>\n\n    @allure.description(\"Exception catching\")\n    @allure.title(\"Exception test\")\n    @allure.link(\"https://github.com/allure-examples/\", name=\"Allure Examples\")\n    @allure.issue(\n        \"https://github.com/allure-examples/allure-examples/issues/1\", name=\"ISSUE-1\"\n    )\n    @allure.testcase(\n        \"https://github.com/allure-examples/allure-examples/issues/2\", name=\"TESTCASE-2\"\n    )\n    def test_expected_exception_on_page_title(self):\n>       self.about_page.click_login_link()\n\ntests/test_forgot_password.py:49: \n_ _ _ _ _ _ _ _ _ _ _ _ _ _ _ _ _ _ _ _ _ _ _ _ _ _ _ _ _ _ _ _ _ _ _ _ _ _ _ _ \npages/about_page.py:20: in click_login_link\n    self.click(self.LOGIN_LINK)\npages/base_page.py:38: in click\n    el: WebElement = self.wait.until(\n_ _ _ _ _ _ _ _ _ _ _ _ _ _ _ _ _ _ _ _ _ _ _ _ _ _ _ _ _ _ _ _ _ _ _ _ _ _ _ _ \n\nself = <selenium.webdriver.support.wait.WebDriverWait (session=\"8a446626d547407b420d3f55bc96bf98\")>\nmethod = <function element_to_be_clickable.<locals>._predicate at 0x7f97a7353740>\nmessage = ''\n\n    def until(self, method, message: str = \"\"):\n        \"\"\"Calls the method provided with the driver as an argument until the \\\n        return value does not evaluate to ``False``.\n    \n        :param method: callable(WebDriver)\n        :param message: optional message for :exc:`TimeoutException`\n        :returns: the result of the last call to `method`\n        :raises: :exc:`selenium.common.exceptions.TimeoutException` if timeout occurs\n        \"\"\"\n        screen = None\n        stacktrace = None\n    \n        end_time = time.monotonic() + self._timeout\n        while True:\n            try:\n                value = method(self._driver)\n                if value:\n                    return value\n            except self._ignored_exceptions as exc:\n                screen = getattr(exc, \"screen\", None)\n                stacktrace = getattr(exc, \"stacktrace\", None)\n            time.sleep(self._poll)\n            if time.monotonic() > end_time:\n                break\n>       raise TimeoutException(message, screen, stacktrace)\nE       selenium.common.exceptions.TimeoutException: Message: \nE       Stacktrace:\nE       #0 0x5565659f95e3 <unknown>\nE       #1 0x5565656bc0b7 <unknown>\nE       #2 0x556565709f53 <unknown>\nE       #3 0x55656570a051 <unknown>\nE       #4 0x55656574f9c4 <unknown>\nE       #5 0x556565730f1d <unknown>\nE       #6 0x55656574cb3d <unknown>\nE       #7 0x556565730cc3 <unknown>\nE       #8 0x5565656fc0e4 <unknown>\nE       #9 0x5565656fd0ae <unknown>\nE       #10 0x5565659bfce1 <unknown>\nE       #11 0x5565659c3b7e <unknown>\nE       #12 0x5565659ad4b5 <unknown>\nE       #13 0x5565659c47d6 <unknown>\nE       #14 0x556565990dbf <unknown>\nE       #15 0x5565659e7748 <unknown>\nE       #16 0x5565659e7917 <unknown>\nE       #17 0x5565659f8773 <unknown>\nE       #18 0x7f7b48294ac3 <unknown>\n\n.venv/lib/python3.11/site-packages/selenium/webdriver/support/wait.py:95: TimeoutException","flaky":false,"newFailed":false,"newBroken":false,"newPassed":false,"retriesCount":0,"retriesStatusChange":false,"beforeStages":[{"name":"_verify_url","time":{"start":1702170517910,"stop":1702170517910,"duration":0},"status":"passed","steps":[],"attachments":[],"parameters":[],"shouldDisplayMessage":false,"stepsCount":0,"attachmentsCount":0,"hasContent":false,"attachmentStep":false},{"name":"base_url","time":{"start":1702170517910,"stop":1702170517910,"duration":0},"status":"passed","steps":[],"attachments":[],"parameters":[],"shouldDisplayMessage":false,"stepsCount":0,"attachmentsCount":0,"hasContent":false,"attachmentStep":false}],"testStage":{"description":"Exception catching","status":"broken","statusMessage":"selenium.common.exceptions.TimeoutException: Message: \nStacktrace:\n#0 0x5565659f95e3 <unknown>\n#1 0x5565656bc0b7 <unknown>\n#2 0x556565709f53 <unknown>\n#3 0x55656570a051 <unknown>\n#4 0x55656574f9c4 <unknown>\n#5 0x556565730f1d <unknown>\n#6 0x55656574cb3d <unknown>\n#7 0x556565730cc3 <unknown>\n#8 0x5565656fc0e4 <unknown>\n#9 0x5565656fd0ae <unknown>\n#10 0x5565659bfce1 <unknown>\n#11 0x5565659c3b7e <unknown>\n#12 0x5565659ad4b5 <unknown>\n#13 0x5565659c47d6 <unknown>\n#14 0x556565990dbf <unknown>\n#15 0x5565659e7748 <unknown>\n#16 0x5565659e7917 <unknown>\n#17 0x5565659f8773 <unknown>\n#18 0x7f7b48294ac3 <unknown>","statusTrace":"self = <tests.test_forgot_password.TestForgotPassword object at 0x7f97a74e6e90>\n\n    @allure.description(\"Exception catching\")\n    @allure.title(\"Exception test\")\n    @allure.link(\"https://github.com/allure-examples/\", name=\"Allure Examples\")\n    @allure.issue(\n        \"https://github.com/allure-examples/allure-examples/issues/1\", name=\"ISSUE-1\"\n    )\n    @allure.testcase(\n        \"https://github.com/allure-examples/allure-examples/issues/2\", name=\"TESTCASE-2\"\n    )\n    def test_expected_exception_on_page_title(self):\n>       self.about_page.click_login_link()\n\ntests/test_forgot_password.py:49: \n_ _ _ _ _ _ _ _ _ _ _ _ _ _ _ _ _ _ _ _ _ _ _ _ _ _ _ _ _ _ _ _ _ _ _ _ _ _ _ _ \npages/about_page.py:20: in click_login_link\n    self.click(self.LOGIN_LINK)\npages/base_page.py:38: in click\n    el: WebElement = self.wait.until(\n_ _ _ _ _ _ _ _ _ _ _ _ _ _ _ _ _ _ _ _ _ _ _ _ _ _ _ _ _ _ _ _ _ _ _ _ _ _ _ _ \n\nself = <selenium.webdriver.support.wait.WebDriverWait (session=\"8a446626d547407b420d3f55bc96bf98\")>\nmethod = <function element_to_be_clickable.<locals>._predicate at 0x7f97a7353740>\nmessage = ''\n\n    def until(self, method, message: str = \"\"):\n        \"\"\"Calls the method provided with the driver as an argument until the \\\n        return value does not evaluate to ``False``.\n    \n        :param method: callable(WebDriver)\n        :param message: optional message for :exc:`TimeoutException`\n        :returns: the result of the last call to `method`\n        :raises: :exc:`selenium.common.exceptions.TimeoutException` if timeout occurs\n        \"\"\"\n        screen = None\n        stacktrace = None\n    \n        end_time = time.monotonic() + self._timeout\n        while True:\n            try:\n                value = method(self._driver)\n                if value:\n                    return value\n            except self._ignored_exceptions as exc:\n                screen = getattr(exc, \"screen\", None)\n                stacktrace = getattr(exc, \"stacktrace\", None)\n            time.sleep(self._poll)\n            if time.monotonic() > end_time:\n                break\n>       raise TimeoutException(message, screen, stacktrace)\nE       selenium.common.exceptions.TimeoutException: Message: \nE       Stacktrace:\nE       #0 0x5565659f95e3 <unknown>\nE       #1 0x5565656bc0b7 <unknown>\nE       #2 0x556565709f53 <unknown>\nE       #3 0x55656570a051 <unknown>\nE       #4 0x55656574f9c4 <unknown>\nE       #5 0x556565730f1d <unknown>\nE       #6 0x55656574cb3d <unknown>\nE       #7 0x556565730cc3 <unknown>\nE       #8 0x5565656fc0e4 <unknown>\nE       #9 0x5565656fd0ae <unknown>\nE       #10 0x5565659bfce1 <unknown>\nE       #11 0x5565659c3b7e <unknown>\nE       #12 0x5565659ad4b5 <unknown>\nE       #13 0x5565659c47d6 <unknown>\nE       #14 0x556565990dbf <unknown>\nE       #15 0x5565659e7748 <unknown>\nE       #16 0x5565659e7917 <unknown>\nE       #17 0x5565659f8773 <unknown>\nE       #18 0x7f7b48294ac3 <unknown>\n\n.venv/lib/python3.11/site-packages/selenium/webdriver/support/wait.py:95: TimeoutException","steps":[{"name":"Click Login link","time":{"start":1702170708048,"stop":1702170718227,"duration":10179},"status":"broken","statusMessage":"selenium.common.exceptions.TimeoutException: Message: \nStacktrace:\n#0 0x5565659f95e3 <unknown>\n#1 0x5565656bc0b7 <unknown>\n#2 0x556565709f53 <unknown>\n#3 0x55656570a051 <unknown>\n#4 0x55656574f9c4 <unknown>\n#5 0x556565730f1d <unknown>\n#6 0x55656574cb3d <unknown>\n#7 0x556565730cc3 <unknown>\n#8 0x5565656fc0e4 <unknown>\n#9 0x5565656fd0ae <unknown>\n#10 0x5565659bfce1 <unknown>\n#11 0x5565659c3b7e <unknown>\n#12 0x5565659ad4b5 <unknown>\n#13 0x5565659c47d6 <unknown>\n#14 0x556565990dbf <unknown>\n#15 0x5565659e7748 <unknown>\n#16 0x5565659e7917 <unknown>\n#17 0x5565659f8773 <unknown>\n#18 0x7f7b48294ac3 <unknown>\n\n","statusTrace":"  File \"/home/runner/work/kisangateway-test/kisangateway-test/.venv/lib/python3.11/site-packages/allure_commons/_allure.py\", line 192, in impl\n    return func(*a, **kw)\n           ^^^^^^^^^^^^^^\n  File \"/home/runner/work/kisangateway-test/kisangateway-test/pages/about_page.py\", line 20, in click_login_link\n    self.click(self.LOGIN_LINK)\n  File \"/home/runner/work/kisangateway-test/kisangateway-test/pages/base_page.py\", line 38, in click\n    el: WebElement = self.wait.until(\n                     ^^^^^^^^^^^^^^^^\n  File \"/home/runner/work/kisangateway-test/kisangateway-test/.venv/lib/python3.11/site-packages/selenium/webdriver/support/wait.py\", line 95, in until\n    raise TimeoutException(message, screen, stacktrace)\n","steps":[],"attachments":[],"parameters":[],"shouldDisplayMessage":true,"stepsCount":0,"attachmentsCount":0,"hasContent":true,"attachmentStep":false}],"attachments":[{"uid":"e066bae5e2fee0f8","name":"public ip address","source":"e066bae5e2fee0f8.txt","type":"text/plain","size":12},{"uid":"99f6cac6ae9a1fb1","name":"Cookies","source":"99f6cac6ae9a1fb1.json","type":"application/json","size":2},{"uid":"e432869c7bd11b3e","name":"Session Storage","source":"e432869c7bd11b3e.json","type":"application/json","size":2},{"uid":"42e6971ff9044c80","name":"Local Storage","source":"42e6971ff9044c80.json","type":"application/json","size":2},{"uid":"c6a9b34391d28b86","name":"Console Logs","source":"c6a9b34391d28b86.json","type":"application/json","size":2},{"uid":"ab3695c7c0371ae6","name":"Full Page Screenshot","source":"ab3695c7c0371ae6.png","type":"image/png","size":2669391},{"uid":"6def11e5facb9544","name":"URL","source":"6def11e5facb9544.uri","type":"text/uri-list","size":25},{"uid":"ccd65db6acf9b269","name":"Network Logs","source":"ccd65db6acf9b269.json","type":"application/json","size":13978}],"parameters":[],"shouldDisplayMessage":true,"stepsCount":1,"attachmentsCount":8,"hasContent":true,"attachmentStep":false},"afterStages":[],"labels":[{"name":"parentSuite","value":"Custom parent suite"},{"name":"epic","value":"Security"},{"name":"suite","value":"Custom suite"},{"name":"severity","value":"critical"},{"name":"story","value":"Forgot Password Feature's Functionality"},{"name":"subSuite","value":"Custom sub suite"},{"name":"tag","value":"security"},{"name":"host","value":"fv-az1456-258"},{"name":"thread","value":"2327-MainThread"},{"name":"framework","value":"pytest"},{"name":"language","value":"cpython3"},{"name":"package","value":"tests.test_forgot_password"},{"name":"resultFormat","value":"allure2"}],"parameters":[],"links":[{"name":"TESTCASE-2","url":"https://github.com/allure-examples/allure-examples/issues/2","type":"tms"},{"name":"ISSUE-1","url":"https://github.com/allure-examples/allure-examples/issues/1","type":"issue"},{"name":"Allure Examples","url":"https://github.com/allure-examples/","type":"link"}],"hidden":false,"retry":false,"extra":{"severity":"critical","retries":[],"categories":[{"name":"Test defects","matchedStatuses":[],"flaky":false}],"tags":["security"]},"source":"eeb989915fef7aec.json","parameterValues":[]}