{"uid":"d11fa8783398be48","name":"Rename an existing workspace test","fullName":"tests.test_workspaces.TestWorkspaces#test_rename_workspace","historyId":"d49362deb707221678019bdc76bcec08","time":{"start":1707094995385,"stop":1707094995385,"duration":0},"description":"Rename an existing workspace","descriptionHtml":"<p>Rename an existing workspace</p>\n","status":"broken","statusMessage":"selenium.common.exceptions.TimeoutException: Message: \nStacktrace:\n#0 0x5607d883ad93 <unknown>\n#1 0x5607d851e337 <unknown>\n#2 0x5607d8569d60 <unknown>\n#3 0x5607d8569e51 <unknown>\n#4 0x5607d85adbc4 <unknown>\n#5 0x5607d858c46d <unknown>\n#6 0x5607d85ab12d <unknown>\n#7 0x5607d858c1e3 <unknown>\n#8 0x5607d855c135 <unknown>\n#9 0x5607d855d13e <unknown>\n#10 0x5607d87fee4b <unknown>\n#11 0x5607d8802dfa <unknown>\n#12 0x5607d87eb6d5 <unknown>\n#13 0x5607d8803a6f <unknown>\n#14 0x5607d87cf69f <unknown>\n#15 0x5607d8828098 <unknown>\n#16 0x5607d8828262 <unknown>\n#17 0x5607d8839f34 <unknown>\n#18 0x7f9444c94ac3 <unknown>","statusTrace":"self = <tests.test_workspaces.TestWorkspaces object at 0x7fb2ca00dd50>\nsecret_data = {'email': '', 'password': ''}\n\n    @pytest.fixture(autouse=True)\n    def setup_method_fixture(self, secret_data: dict):\n>       login(secret_data, self.about_page, self.login_page)\n\ntests/test_workspaces.py:23: \n_ _ _ _ _ _ _ _ _ _ _ _ _ _ _ _ _ _ _ _ _ _ _ _ _ _ _ _ _ _ _ _ _ _ _ _ _ _ _ _ \ntests/test_workspaces.py:13: in login\n    about_page.click_login_link()\npages/about_page.py:20: in click_login_link\n    self.click(self.LOGIN_LINK)\npages/base_page.py:38: in click\n    el: WebElement = self.wait.until(\n_ _ _ _ _ _ _ _ _ _ _ _ _ _ _ _ _ _ _ _ _ _ _ _ _ _ _ _ _ _ _ _ _ _ _ _ _ _ _ _ \n\nself = <selenium.webdriver.support.wait.WebDriverWait (session=\"9fe495e09bb13451d49ca5c6d1fdaa31\")>\nmethod = <function element_to_be_clickable.<locals>._predicate at 0x7fb2c9d8c900>\nmessage = ''\n\n    def until(self, method, message: str = \"\"):\n        \"\"\"Calls the method provided with the driver as an argument until the \\\n        return value does not evaluate to ``False``.\n    \n        :param method: callable(WebDriver)\n        :param message: optional message for :exc:`TimeoutException`\n        :returns: the result of the last call to `method`\n        :raises: :exc:`selenium.common.exceptions.TimeoutException` if timeout occurs\n        \"\"\"\n        screen = None\n        stacktrace = None\n    \n        end_time = time.monotonic() + self._timeout\n        while True:\n            try:\n                value = method(self._driver)\n                if value:\n                    return value\n            except self._ignored_exceptions as exc:\n                screen = getattr(exc, \"screen\", None)\n                stacktrace = getattr(exc, \"stacktrace\", None)\n            time.sleep(self._poll)\n            if time.monotonic() > end_time:\n                break\n>       raise TimeoutException(message, screen, stacktrace)\nE       selenium.common.exceptions.TimeoutException: Message: \nE       Stacktrace:\nE       #0 0x5607d883ad93 <unknown>\nE       #1 0x5607d851e337 <unknown>\nE       #2 0x5607d8569d60 <unknown>\nE       #3 0x5607d8569e51 <unknown>\nE       #4 0x5607d85adbc4 <unknown>\nE       #5 0x5607d858c46d <unknown>\nE       #6 0x5607d85ab12d <unknown>\nE       #7 0x5607d858c1e3 <unknown>\nE       #8 0x5607d855c135 <unknown>\nE       #9 0x5607d855d13e <unknown>\nE       #10 0x5607d87fee4b <unknown>\nE       #11 0x5607d8802dfa <unknown>\nE       #12 0x5607d87eb6d5 <unknown>\nE       #13 0x5607d8803a6f <unknown>\nE       #14 0x5607d87cf69f <unknown>\nE       #15 0x5607d8828098 <unknown>\nE       #16 0x5607d8828262 <unknown>\nE       #17 0x5607d8839f34 <unknown>\nE       #18 0x7f9444c94ac3 <unknown>\n\n.venv/lib/python3.11/site-packages/selenium/webdriver/support/wait.py:95: TimeoutException","flaky":false,"newFailed":false,"newBroken":false,"newPassed":false,"retriesCount":0,"retriesStatusChange":false,"beforeStages":[{"name":"base_url","time":{"start":1707094958867,"stop":1707094958867,"duration":0},"status":"passed","steps":[],"attachments":[],"parameters":[],"shouldDisplayMessage":false,"stepsCount":0,"attachmentsCount":0,"hasContent":false,"attachmentStep":false},{"name":"json_data","time":{"start":1707094958867,"stop":1707094958867,"duration":0},"status":"passed","steps":[],"attachments":[],"parameters":[],"shouldDisplayMessage":false,"stepsCount":0,"attachmentsCount":0,"hasContent":false,"attachmentStep":false},{"name":"_verify_url","time":{"start":1707094958867,"stop":1707094958867,"duration":0},"status":"passed","steps":[],"attachments":[],"parameters":[],"shouldDisplayMessage":false,"stepsCount":0,"attachmentsCount":0,"hasContent":false,"attachmentStep":false},{"name":"secret_data","time":{"start":1707094958867,"stop":1707094958867,"duration":0},"status":"passed","steps":[],"attachments":[],"parameters":[],"shouldDisplayMessage":false,"stepsCount":0,"attachmentsCount":0,"hasContent":false,"attachmentStep":false},{"name":"setup_method_fixture","time":{"start":1707094996479,"stop":1707095006758,"duration":10279},"status":"broken","statusMessage":"selenium.common.exceptions.TimeoutException: Message: \nStacktrace:\n#0 0x5607d883ad93 <unknown>\n#1 0x5607d851e337 <unknown>\n#2 0x5607d8569d60 <unknown>\n#3 0x5607d8569e51 <unknown>\n#4 0x5607d85adbc4 <unknown>\n#5 0x5607d858c46d <unknown>\n#6 0x5607d85ab12d <unknown>\n#7 0x5607d858c1e3 <unknown>\n#8 0x5607d855c135 <unknown>\n#9 0x5607d855d13e <unknown>\n#10 0x5607d87fee4b <unknown>\n#11 0x5607d8802dfa <unknown>\n#12 0x5607d87eb6d5 <unknown>\n#13 0x5607d8803a6f <unknown>\n#14 0x5607d87cf69f <unknown>\n#15 0x5607d8828098 <unknown>\n#16 0x5607d8828262 <unknown>\n#17 0x5607d8839f34 <unknown>\n#18 0x7f9444c94ac3 <unknown>\n\n","statusTrace":"  File \"/home/runner/work/kisangateway-test/kisangateway-test/.venv/lib/python3.11/site-packages/pluggy/_callers.py\", line 80, in _multicall\n    res = hook_impl.function(*args)\n          ^^^^^^^^^^^^^^^^^^^^^^^^^\n  File \"/home/runner/work/kisangateway-test/kisangateway-test/.venv/lib/python3.11/site-packages/_pytest/fixtures.py\", line 1123, in pytest_fixture_setup\n    result = call_fixture_func(fixturefunc, request, kwargs)\n             ^^^^^^^^^^^^^^^^^^^^^^^^^^^^^^^^^^^^^^^^^^^^^^^\n  File \"/home/runner/work/kisangateway-test/kisangateway-test/.venv/lib/python3.11/site-packages/_pytest/fixtures.py\", line 902, in call_fixture_func\n    fixture_result = fixturefunc(**kwargs)\n                     ^^^^^^^^^^^^^^^^^^^^^\n  File \"/home/runner/work/kisangateway-test/kisangateway-test/tests/test_workspaces.py\", line 23, in setup_method_fixture\n    login(secret_data, self.about_page, self.login_page)\n  File \"/home/runner/work/kisangateway-test/kisangateway-test/tests/test_workspaces.py\", line 13, in login\n    about_page.click_login_link()\n  File \"/home/runner/work/kisangateway-test/kisangateway-test/.venv/lib/python3.11/site-packages/allure_commons/_allure.py\", line 192, in impl\n    return func(*a, **kw)\n           ^^^^^^^^^^^^^^\n  File \"/home/runner/work/kisangateway-test/kisangateway-test/pages/about_page.py\", line 20, in click_login_link\n    self.click(self.LOGIN_LINK)\n  File \"/home/runner/work/kisangateway-test/kisangateway-test/pages/base_page.py\", line 38, in click\n    el: WebElement = self.wait.until(\n                     ^^^^^^^^^^^^^^^^\n  File \"/home/runner/work/kisangateway-test/kisangateway-test/.venv/lib/python3.11/site-packages/selenium/webdriver/support/wait.py\", line 95, in until\n    raise TimeoutException(message, screen, stacktrace)\n","steps":[{"name":"Click Login link","time":{"start":1707094996479,"stop":1707095006757,"duration":10278},"status":"broken","statusMessage":"selenium.common.exceptions.TimeoutException: Message: \nStacktrace:\n#0 0x5607d883ad93 <unknown>\n#1 0x5607d851e337 <unknown>\n#2 0x5607d8569d60 <unknown>\n#3 0x5607d8569e51 <unknown>\n#4 0x5607d85adbc4 <unknown>\n#5 0x5607d858c46d <unknown>\n#6 0x5607d85ab12d <unknown>\n#7 0x5607d858c1e3 <unknown>\n#8 0x5607d855c135 <unknown>\n#9 0x5607d855d13e <unknown>\n#10 0x5607d87fee4b <unknown>\n#11 0x5607d8802dfa <unknown>\n#12 0x5607d87eb6d5 <unknown>\n#13 0x5607d8803a6f <unknown>\n#14 0x5607d87cf69f <unknown>\n#15 0x5607d8828098 <unknown>\n#16 0x5607d8828262 <unknown>\n#17 0x5607d8839f34 <unknown>\n#18 0x7f9444c94ac3 <unknown>\n\n","statusTrace":"  File \"/home/runner/work/kisangateway-test/kisangateway-test/.venv/lib/python3.11/site-packages/allure_commons/_allure.py\", line 192, in impl\n    return func(*a, **kw)\n           ^^^^^^^^^^^^^^\n  File \"/home/runner/work/kisangateway-test/kisangateway-test/pages/about_page.py\", line 20, in click_login_link\n    self.click(self.LOGIN_LINK)\n  File \"/home/runner/work/kisangateway-test/kisangateway-test/pages/base_page.py\", line 38, in click\n    el: WebElement = self.wait.until(\n                     ^^^^^^^^^^^^^^^^\n  File \"/home/runner/work/kisangateway-test/kisangateway-test/.venv/lib/python3.11/site-packages/selenium/webdriver/support/wait.py\", line 95, in until\n    raise TimeoutException(message, screen, stacktrace)\n","steps":[],"attachments":[],"parameters":[],"shouldDisplayMessage":true,"stepsCount":0,"attachmentsCount":0,"hasContent":true,"attachmentStep":false}],"attachments":[],"parameters":[],"shouldDisplayMessage":false,"stepsCount":1,"attachmentsCount":0,"hasContent":true,"attachmentStep":false}],"testStage":{"description":"Rename an existing workspace","status":"broken","statusMessage":"selenium.common.exceptions.TimeoutException: Message: \nStacktrace:\n#0 0x5607d883ad93 <unknown>\n#1 0x5607d851e337 <unknown>\n#2 0x5607d8569d60 <unknown>\n#3 0x5607d8569e51 <unknown>\n#4 0x5607d85adbc4 <unknown>\n#5 0x5607d858c46d <unknown>\n#6 0x5607d85ab12d <unknown>\n#7 0x5607d858c1e3 <unknown>\n#8 0x5607d855c135 <unknown>\n#9 0x5607d855d13e <unknown>\n#10 0x5607d87fee4b <unknown>\n#11 0x5607d8802dfa <unknown>\n#12 0x5607d87eb6d5 <unknown>\n#13 0x5607d8803a6f <unknown>\n#14 0x5607d87cf69f <unknown>\n#15 0x5607d8828098 <unknown>\n#16 0x5607d8828262 <unknown>\n#17 0x5607d8839f34 <unknown>\n#18 0x7f9444c94ac3 <unknown>","statusTrace":"self = <tests.test_workspaces.TestWorkspaces object at 0x7fb2ca00dd50>\nsecret_data = {'email': '', 'password': ''}\n\n    @pytest.fixture(autouse=True)\n    def setup_method_fixture(self, secret_data: dict):\n>       login(secret_data, self.about_page, self.login_page)\n\ntests/test_workspaces.py:23: \n_ _ _ _ _ _ _ _ _ _ _ _ _ _ _ _ _ _ _ _ _ _ _ _ _ _ _ _ _ _ _ _ _ _ _ _ _ _ _ _ \ntests/test_workspaces.py:13: in login\n    about_page.click_login_link()\npages/about_page.py:20: in click_login_link\n    self.click(self.LOGIN_LINK)\npages/base_page.py:38: in click\n    el: WebElement = self.wait.until(\n_ _ _ _ _ _ _ _ _ _ _ _ _ _ _ _ _ _ _ _ _ _ _ _ _ _ _ _ _ _ _ _ _ _ _ _ _ _ _ _ \n\nself = <selenium.webdriver.support.wait.WebDriverWait (session=\"9fe495e09bb13451d49ca5c6d1fdaa31\")>\nmethod = <function element_to_be_clickable.<locals>._predicate at 0x7fb2c9d8c900>\nmessage = ''\n\n    def until(self, method, message: str = \"\"):\n        \"\"\"Calls the method provided with the driver as an argument until the \\\n        return value does not evaluate to ``False``.\n    \n        :param method: callable(WebDriver)\n        :param message: optional message for :exc:`TimeoutException`\n        :returns: the result of the last call to `method`\n        :raises: :exc:`selenium.common.exceptions.TimeoutException` if timeout occurs\n        \"\"\"\n        screen = None\n        stacktrace = None\n    \n        end_time = time.monotonic() + self._timeout\n        while True:\n            try:\n                value = method(self._driver)\n                if value:\n                    return value\n            except self._ignored_exceptions as exc:\n                screen = getattr(exc, \"screen\", None)\n                stacktrace = getattr(exc, \"stacktrace\", None)\n            time.sleep(self._poll)\n            if time.monotonic() > end_time:\n                break\n>       raise TimeoutException(message, screen, stacktrace)\nE       selenium.common.exceptions.TimeoutException: Message: \nE       Stacktrace:\nE       #0 0x5607d883ad93 <unknown>\nE       #1 0x5607d851e337 <unknown>\nE       #2 0x5607d8569d60 <unknown>\nE       #3 0x5607d8569e51 <unknown>\nE       #4 0x5607d85adbc4 <unknown>\nE       #5 0x5607d858c46d <unknown>\nE       #6 0x5607d85ab12d <unknown>\nE       #7 0x5607d858c1e3 <unknown>\nE       #8 0x5607d855c135 <unknown>\nE       #9 0x5607d855d13e <unknown>\nE       #10 0x5607d87fee4b <unknown>\nE       #11 0x5607d8802dfa <unknown>\nE       #12 0x5607d87eb6d5 <unknown>\nE       #13 0x5607d8803a6f <unknown>\nE       #14 0x5607d87cf69f <unknown>\nE       #15 0x5607d8828098 <unknown>\nE       #16 0x5607d8828262 <unknown>\nE       #17 0x5607d8839f34 <unknown>\nE       #18 0x7f9444c94ac3 <unknown>\n\n.venv/lib/python3.11/site-packages/selenium/webdriver/support/wait.py:95: TimeoutException","steps":[],"attachments":[{"uid":"33686202ec32c444","name":"public ip address","source":"33686202ec32c444.txt","type":"text/plain","size":15},{"uid":"bf866b0d6f828d28","name":"Cookies","source":"bf866b0d6f828d28.json","type":"application/json","size":2},{"uid":"e5cea8059e8bdf9f","name":"Session Storage","source":"e5cea8059e8bdf9f.json","type":"application/json","size":2},{"uid":"cc83cde2d4fdf74a","name":"Local Storage","source":"cc83cde2d4fdf74a.json","type":"application/json","size":77},{"uid":"e128bbe92414f252","name":"Console Logs","source":"e128bbe92414f252.json","type":"application/json","size":599},{"uid":"96dd6e37b062c5d2","name":"Full Page Screenshot","source":"96dd6e37b062c5d2.png","type":"image/png","size":2649073},{"uid":"ff987c4a106c74ad","name":"URL","source":"ff987c4a106c74ad.uri","type":"text/uri-list","size":25},{"uid":"74ab236d6970f80e","name":"Network Logs","source":"74ab236d6970f80e.json","type":"application/json","size":1281399}],"parameters":[],"shouldDisplayMessage":true,"stepsCount":0,"attachmentsCount":8,"hasContent":true,"attachmentStep":false},"afterStages":[],"labels":[{"name":"story","value":"WorkSpaces Creation and Editing Functionality"},{"name":"severity","value":"normal"},{"name":"epic","value":"Workspaces"},{"name":"tag","value":"run(order=2)"},{"name":"parentSuite","value":"tests"},{"name":"suite","value":"test_workspaces"},{"name":"subSuite","value":"TestWorkspaces"},{"name":"host","value":"fv-az654-220"},{"name":"thread","value":"2148-MainThread"},{"name":"framework","value":"pytest"},{"name":"language","value":"cpython3"},{"name":"package","value":"tests.test_workspaces"},{"name":"resultFormat","value":"allure2"}],"parameters":[],"links":[],"hidden":false,"retry":false,"extra":{"severity":"normal","retries":[],"categories":[{"name":"Test defects","matchedStatuses":[],"flaky":false}],"tags":["run(order=2)"]},"source":"d11fa8783398be48.json","parameterValues":[]}