{"uid":"e6eeeeb24b461440","name":"Search for existing project test","fullName":"tests.test_workspaces.TestWorkspaces#test_search_project","historyId":"3072e00dfd01d41bcf7852018b214f8a","time":{"start":1695085321474,"stop":1695085321474,"duration":0},"description":"Search for an existing project","descriptionHtml":"<p>Search for an existing project</p>\n","status":"broken","statusMessage":"selenium.common.exceptions.TimeoutException: Message: \nStacktrace:\n#0 0x564cc9db8e23 <unknown>\n#1 0x564cc9ae17a7 <unknown>\n#2 0x564cc9b201d3 <unknown>\n#3 0x564cc9b202c1 <unknown>\n#4 0x564cc9b5ba04 <unknown>\n#5 0x564cc9b4103d <unknown>\n#6 0x564cc9b59369 <unknown>\n#7 0x564cc9b40de3 <unknown>\n#8 0x564cc9b14a7b <unknown>\n#9 0x564cc9b1581e <unknown>\n#10 0x564cc9d7a638 <unknown>\n#11 0x564cc9d7e507 <unknown>\n#12 0x564cc9d88c4c <unknown>\n#13 0x564cc9d7f136 <unknown>\n#14 0x564cc9d4d9cf <unknown>\n#15 0x564cc9da2b98 <unknown>\n#16 0x564cc9da2d68 <unknown>\n#17 0x564cc9db1cb3 <unknown>\n#18 0x7f7836494b43 <unknown>","statusTrace":"self = <tests.test_workspaces.TestWorkspaces object at 0x7f0d7e4a3c90>\nsecret_data = {'email': '', 'password': ''}\n\n    @pytest.fixture(autouse=True)\n    def setup_method_fixture(self, secret_data: dict):\n>       login(secret_data, self.about_page, self.login_page)\n\ntests/test_workspaces.py:23: \n_ _ _ _ _ _ _ _ _ _ _ _ _ _ _ _ _ _ _ _ _ _ _ _ _ _ _ _ _ _ _ _ _ _ _ _ _ _ _ _ \ntests/test_workspaces.py:13: in login\n    about_page.click_login_link()\npages/about_page.py:20: in click_login_link\n    self.click(self.LOGIN_LINK)\npages/base_page.py:38: in click\n    el: WebElement = self.wait.until(\n_ _ _ _ _ _ _ _ _ _ _ _ _ _ _ _ _ _ _ _ _ _ _ _ _ _ _ _ _ _ _ _ _ _ _ _ _ _ _ _ \n\nself = <selenium.webdriver.support.wait.WebDriverWait (session=\"8a7d9f258c87d0e6d7b23b961c685df8\")>\nmethod = <function element_to_be_clickable.<locals>._predicate at 0x7f0d7e275580>\nmessage = ''\n\n    def until(self, method, message: str = \"\"):\n        \"\"\"Calls the method provided with the driver as an argument until the \\\n        return value does not evaluate to ``False``.\n    \n        :param method: callable(WebDriver)\n        :param message: optional message for :exc:`TimeoutException`\n        :returns: the result of the last call to `method`\n        :raises: :exc:`selenium.common.exceptions.TimeoutException` if timeout occurs\n        \"\"\"\n        screen = None\n        stacktrace = None\n    \n        end_time = time.monotonic() + self._timeout\n        while True:\n            try:\n                value = method(self._driver)\n                if value:\n                    return value\n            except self._ignored_exceptions as exc:\n                screen = getattr(exc, \"screen\", None)\n                stacktrace = getattr(exc, \"stacktrace\", None)\n            time.sleep(self._poll)\n            if time.monotonic() > end_time:\n                break\n>       raise TimeoutException(message, screen, stacktrace)\nE       selenium.common.exceptions.TimeoutException: Message: \nE       Stacktrace:\nE       #0 0x564cc9db8e23 <unknown>\nE       #1 0x564cc9ae17a7 <unknown>\nE       #2 0x564cc9b201d3 <unknown>\nE       #3 0x564cc9b202c1 <unknown>\nE       #4 0x564cc9b5ba04 <unknown>\nE       #5 0x564cc9b4103d <unknown>\nE       #6 0x564cc9b59369 <unknown>\nE       #7 0x564cc9b40de3 <unknown>\nE       #8 0x564cc9b14a7b <unknown>\nE       #9 0x564cc9b1581e <unknown>\nE       #10 0x564cc9d7a638 <unknown>\nE       #11 0x564cc9d7e507 <unknown>\nE       #12 0x564cc9d88c4c <unknown>\nE       #13 0x564cc9d7f136 <unknown>\nE       #14 0x564cc9d4d9cf <unknown>\nE       #15 0x564cc9da2b98 <unknown>\nE       #16 0x564cc9da2d68 <unknown>\nE       #17 0x564cc9db1cb3 <unknown>\nE       #18 0x7f7836494b43 <unknown>\n\n.venv/lib/python3.11/site-packages/selenium/webdriver/support/wait.py:95: TimeoutException","flaky":false,"newFailed":false,"newBroken":false,"newPassed":false,"retriesCount":0,"retriesStatusChange":false,"beforeStages":[{"name":"base_url","time":{"start":1695085208033,"stop":1695085208033,"duration":0},"status":"passed","steps":[],"attachments":[],"parameters":[],"shouldDisplayMessage":false,"stepsCount":0,"attachmentsCount":0,"hasContent":false},{"name":"_verify_url","time":{"start":1695085208033,"stop":1695085208033,"duration":0},"status":"passed","steps":[],"attachments":[],"parameters":[],"shouldDisplayMessage":false,"stepsCount":0,"attachmentsCount":0,"hasContent":false},{"name":"secret_data","time":{"start":1695085208034,"stop":1695085208034,"duration":0},"status":"passed","steps":[],"attachments":[],"parameters":[],"shouldDisplayMessage":false,"stepsCount":0,"attachmentsCount":0,"hasContent":false},{"name":"json_data","time":{"start":1695085208034,"stop":1695085208034,"duration":0},"status":"passed","steps":[],"attachments":[],"parameters":[],"shouldDisplayMessage":false,"stepsCount":0,"attachmentsCount":0,"hasContent":false},{"name":"setup_method_fixture","time":{"start":1695085322741,"stop":1695085333092,"duration":10351},"status":"broken","statusMessage":"selenium.common.exceptions.TimeoutException: Message: \nStacktrace:\n#0 0x564cc9db8e23 <unknown>\n#1 0x564cc9ae17a7 <unknown>\n#2 0x564cc9b201d3 <unknown>\n#3 0x564cc9b202c1 <unknown>\n#4 0x564cc9b5ba04 <unknown>\n#5 0x564cc9b4103d <unknown>\n#6 0x564cc9b59369 <unknown>\n#7 0x564cc9b40de3 <unknown>\n#8 0x564cc9b14a7b <unknown>\n#9 0x564cc9b1581e <unknown>\n#10 0x564cc9d7a638 <unknown>\n#11 0x564cc9d7e507 <unknown>\n#12 0x564cc9d88c4c <unknown>\n#13 0x564cc9d7f136 <unknown>\n#14 0x564cc9d4d9cf <unknown>\n#15 0x564cc9da2b98 <unknown>\n#16 0x564cc9da2d68 <unknown>\n#17 0x564cc9db1cb3 <unknown>\n#18 0x7f7836494b43 <unknown>\n\n","statusTrace":"  File \"/home/runner/work/kisangateway-test/kisangateway-test/.venv/lib/python3.11/site-packages/pluggy/_callers.py\", line 80, in _multicall\n    res = hook_impl.function(*args)\n          ^^^^^^^^^^^^^^^^^^^^^^^^^\n  File \"/home/runner/work/kisangateway-test/kisangateway-test/.venv/lib/python3.11/site-packages/_pytest/fixtures.py\", line 1123, in pytest_fixture_setup\n    result = call_fixture_func(fixturefunc, request, kwargs)\n             ^^^^^^^^^^^^^^^^^^^^^^^^^^^^^^^^^^^^^^^^^^^^^^^\n  File \"/home/runner/work/kisangateway-test/kisangateway-test/.venv/lib/python3.11/site-packages/_pytest/fixtures.py\", line 902, in call_fixture_func\n    fixture_result = fixturefunc(**kwargs)\n                     ^^^^^^^^^^^^^^^^^^^^^\n  File \"/home/runner/work/kisangateway-test/kisangateway-test/tests/test_workspaces.py\", line 23, in setup_method_fixture\n    login(secret_data, self.about_page, self.login_page)\n  File \"/home/runner/work/kisangateway-test/kisangateway-test/tests/test_workspaces.py\", line 13, in login\n    about_page.click_login_link()\n  File \"/home/runner/work/kisangateway-test/kisangateway-test/.venv/lib/python3.11/site-packages/allure_commons/_allure.py\", line 192, in impl\n    return func(*a, **kw)\n           ^^^^^^^^^^^^^^\n  File \"/home/runner/work/kisangateway-test/kisangateway-test/pages/about_page.py\", line 20, in click_login_link\n    self.click(self.LOGIN_LINK)\n  File \"/home/runner/work/kisangateway-test/kisangateway-test/pages/base_page.py\", line 38, in click\n    el: WebElement = self.wait.until(\n                     ^^^^^^^^^^^^^^^^\n  File \"/home/runner/work/kisangateway-test/kisangateway-test/.venv/lib/python3.11/site-packages/selenium/webdriver/support/wait.py\", line 95, in until\n    raise TimeoutException(message, screen, stacktrace)\n","steps":[{"name":"Click Login link","time":{"start":1695085322741,"stop":1695085333091,"duration":10350},"status":"broken","statusMessage":"selenium.common.exceptions.TimeoutException: Message: \nStacktrace:\n#0 0x564cc9db8e23 <unknown>\n#1 0x564cc9ae17a7 <unknown>\n#2 0x564cc9b201d3 <unknown>\n#3 0x564cc9b202c1 <unknown>\n#4 0x564cc9b5ba04 <unknown>\n#5 0x564cc9b4103d <unknown>\n#6 0x564cc9b59369 <unknown>\n#7 0x564cc9b40de3 <unknown>\n#8 0x564cc9b14a7b <unknown>\n#9 0x564cc9b1581e <unknown>\n#10 0x564cc9d7a638 <unknown>\n#11 0x564cc9d7e507 <unknown>\n#12 0x564cc9d88c4c <unknown>\n#13 0x564cc9d7f136 <unknown>\n#14 0x564cc9d4d9cf <unknown>\n#15 0x564cc9da2b98 <unknown>\n#16 0x564cc9da2d68 <unknown>\n#17 0x564cc9db1cb3 <unknown>\n#18 0x7f7836494b43 <unknown>\n\n","statusTrace":"  File \"/home/runner/work/kisangateway-test/kisangateway-test/.venv/lib/python3.11/site-packages/allure_commons/_allure.py\", line 192, in impl\n    return func(*a, **kw)\n           ^^^^^^^^^^^^^^\n  File \"/home/runner/work/kisangateway-test/kisangateway-test/pages/about_page.py\", line 20, in click_login_link\n    self.click(self.LOGIN_LINK)\n  File \"/home/runner/work/kisangateway-test/kisangateway-test/pages/base_page.py\", line 38, in click\n    el: WebElement = self.wait.until(\n                     ^^^^^^^^^^^^^^^^\n  File \"/home/runner/work/kisangateway-test/kisangateway-test/.venv/lib/python3.11/site-packages/selenium/webdriver/support/wait.py\", line 95, in until\n    raise TimeoutException(message, screen, stacktrace)\n","steps":[],"attachments":[],"parameters":[],"shouldDisplayMessage":true,"stepsCount":0,"attachmentsCount":0,"hasContent":true}],"attachments":[],"parameters":[],"shouldDisplayMessage":false,"stepsCount":1,"attachmentsCount":0,"hasContent":true}],"testStage":{"description":"Search for an existing project","status":"broken","statusMessage":"selenium.common.exceptions.TimeoutException: Message: \nStacktrace:\n#0 0x564cc9db8e23 <unknown>\n#1 0x564cc9ae17a7 <unknown>\n#2 0x564cc9b201d3 <unknown>\n#3 0x564cc9b202c1 <unknown>\n#4 0x564cc9b5ba04 <unknown>\n#5 0x564cc9b4103d <unknown>\n#6 0x564cc9b59369 <unknown>\n#7 0x564cc9b40de3 <unknown>\n#8 0x564cc9b14a7b <unknown>\n#9 0x564cc9b1581e <unknown>\n#10 0x564cc9d7a638 <unknown>\n#11 0x564cc9d7e507 <unknown>\n#12 0x564cc9d88c4c <unknown>\n#13 0x564cc9d7f136 <unknown>\n#14 0x564cc9d4d9cf <unknown>\n#15 0x564cc9da2b98 <unknown>\n#16 0x564cc9da2d68 <unknown>\n#17 0x564cc9db1cb3 <unknown>\n#18 0x7f7836494b43 <unknown>","statusTrace":"self = <tests.test_workspaces.TestWorkspaces object at 0x7f0d7e4a3c90>\nsecret_data = {'email': '', 'password': ''}\n\n    @pytest.fixture(autouse=True)\n    def setup_method_fixture(self, secret_data: dict):\n>       login(secret_data, self.about_page, self.login_page)\n\ntests/test_workspaces.py:23: \n_ _ _ _ _ _ _ _ _ _ _ _ _ _ _ _ _ _ _ _ _ _ _ _ _ _ _ _ _ _ _ _ _ _ _ _ _ _ _ _ \ntests/test_workspaces.py:13: in login\n    about_page.click_login_link()\npages/about_page.py:20: in click_login_link\n    self.click(self.LOGIN_LINK)\npages/base_page.py:38: in click\n    el: WebElement = self.wait.until(\n_ _ _ _ _ _ _ _ _ _ _ _ _ _ _ _ _ _ _ _ _ _ _ _ _ _ _ _ _ _ _ _ _ _ _ _ _ _ _ _ \n\nself = <selenium.webdriver.support.wait.WebDriverWait (session=\"8a7d9f258c87d0e6d7b23b961c685df8\")>\nmethod = <function element_to_be_clickable.<locals>._predicate at 0x7f0d7e275580>\nmessage = ''\n\n    def until(self, method, message: str = \"\"):\n        \"\"\"Calls the method provided with the driver as an argument until the \\\n        return value does not evaluate to ``False``.\n    \n        :param method: callable(WebDriver)\n        :param message: optional message for :exc:`TimeoutException`\n        :returns: the result of the last call to `method`\n        :raises: :exc:`selenium.common.exceptions.TimeoutException` if timeout occurs\n        \"\"\"\n        screen = None\n        stacktrace = None\n    \n        end_time = time.monotonic() + self._timeout\n        while True:\n            try:\n                value = method(self._driver)\n                if value:\n                    return value\n            except self._ignored_exceptions as exc:\n                screen = getattr(exc, \"screen\", None)\n                stacktrace = getattr(exc, \"stacktrace\", None)\n            time.sleep(self._poll)\n            if time.monotonic() > end_time:\n                break\n>       raise TimeoutException(message, screen, stacktrace)\nE       selenium.common.exceptions.TimeoutException: Message: \nE       Stacktrace:\nE       #0 0x564cc9db8e23 <unknown>\nE       #1 0x564cc9ae17a7 <unknown>\nE       #2 0x564cc9b201d3 <unknown>\nE       #3 0x564cc9b202c1 <unknown>\nE       #4 0x564cc9b5ba04 <unknown>\nE       #5 0x564cc9b4103d <unknown>\nE       #6 0x564cc9b59369 <unknown>\nE       #7 0x564cc9b40de3 <unknown>\nE       #8 0x564cc9b14a7b <unknown>\nE       #9 0x564cc9b1581e <unknown>\nE       #10 0x564cc9d7a638 <unknown>\nE       #11 0x564cc9d7e507 <unknown>\nE       #12 0x564cc9d88c4c <unknown>\nE       #13 0x564cc9d7f136 <unknown>\nE       #14 0x564cc9d4d9cf <unknown>\nE       #15 0x564cc9da2b98 <unknown>\nE       #16 0x564cc9da2d68 <unknown>\nE       #17 0x564cc9db1cb3 <unknown>\nE       #18 0x7f7836494b43 <unknown>\n\n.venv/lib/python3.11/site-packages/selenium/webdriver/support/wait.py:95: TimeoutException","steps":[],"attachments":[{"uid":"287bc2599cfdd6ea","name":"public ip address","source":"287bc2599cfdd6ea.txt","type":"text/plain","size":12},{"uid":"5c3bd19b222f68ad","name":"Cookies","source":"5c3bd19b222f68ad.json","type":"application/json","size":2},{"uid":"619a03d87a04aa4f","name":"Session Storage","source":"619a03d87a04aa4f.json","type":"application/json","size":2},{"uid":"c1fb6c741e93f86c","name":"Local Storage","source":"c1fb6c741e93f86c.json","type":"application/json","size":2},{"uid":"d3b6dba9f2c962b7","name":"Console Logs","source":"d3b6dba9f2c962b7.json","type":"application/json","size":2},{"uid":"e9d2d764ea546d54","name":"Full Page Screenshot","source":"e9d2d764ea546d54.png","type":"image/png","size":1543603},{"uid":"7a417efa91eeee18","name":"URL","source":"7a417efa91eeee18.uri","type":"text/uri-list","size":25},{"uid":"d41a21f661acbac3","name":"Network Logs","source":"d41a21f661acbac3.json","type":"application/json","size":2}],"parameters":[],"shouldDisplayMessage":true,"stepsCount":0,"attachmentsCount":8,"hasContent":true},"afterStages":[],"labels":[{"name":"story","value":"WorkSpaces Creation and Editing Functionality"},{"name":"severity","value":"normal"},{"name":"epic","value":"Workspaces"},{"name":"tag","value":"run(order=6)"},{"name":"parentSuite","value":"tests"},{"name":"suite","value":"test_workspaces"},{"name":"subSuite","value":"TestWorkspaces"},{"name":"host","value":"fv-az174-351"},{"name":"thread","value":"2198-MainThread"},{"name":"framework","value":"pytest"},{"name":"language","value":"cpython3"},{"name":"package","value":"tests.test_workspaces"},{"name":"resultFormat","value":"allure2"}],"parameters":[],"links":[],"hidden":false,"retry":false,"extra":{"severity":"normal","retries":[],"categories":[{"name":"Test defects","matchedStatuses":[],"flaky":false}],"tags":["run(order=6)"]},"source":"e6eeeeb24b461440.json","parameterValues":[]}