{"uid":"957887771e16eb64","name":"Login with invalid credentials test","fullName":"tests.test_login.TestLogin#test_invalid_login","historyId":"d4a74b5adfb086f235dc50992a7adb79","time":{"start":1702515927153,"stop":1702515937332,"duration":10179},"description":"invalid login","descriptionHtml":"<p>invalid login</p>\n","status":"broken","statusMessage":"selenium.common.exceptions.TimeoutException: Message: \nStacktrace:\n#0 0x5575e1f6cd33 <unknown>\n#1 0x5575e1c29f87 <unknown>\n#2 0x5575e1c79c0e <unknown>\n#3 0x5575e1c79d11 <unknown>\n#4 0x5575e1cc5004 <unknown>\n#5 0x5575e1ca336d <unknown>\n#6 0x5575e1cc2297 <unknown>\n#7 0x5575e1ca30e3 <unknown>\n#8 0x5575e1c6b044 <unknown>\n#9 0x5575e1c6c44e <unknown>\n#10 0x5575e1f31861 <unknown>\n#11 0x5575e1f35785 <unknown>\n#12 0x5575e1f1f285 <unknown>\n#13 0x5575e1f3641f <unknown>\n#14 0x5575e1f0320f <unknown>\n#15 0x5575e1f5a028 <unknown>\n#16 0x5575e1f5a1f7 <unknown>\n#17 0x5575e1f6bed4 <unknown>\n#18 0x7fc9d6e94ac3 <unknown>","statusTrace":"self = <tests.test_login.TestLogin object at 0x7f54a16a8f50>\nemail = 'nirt236@gmail.com', password = '123456'\njson_data = {'forgot_password': {'error_message': \"We can't find a user with that e-mail address.\", 'success_message': 'A reset li...you page', 'name': 'test', 'new_name': 'another test', 'no_project_found_msg': 'No project matches the criteria', ...}}\n\n    @allure.description(\"invalid login\")\n    @allure.title(\"Login with invalid credentials test\")\n    @pytest.mark.parametrize(\"email, password\", users)\n    @pytest.mark.run(order=3)\n    def test_invalid_login(self, email: str, password: str, json_data: dict):\n>       self.about_page.click_login_link()\n\ntests/test_login.py:22: \n_ _ _ _ _ _ _ _ _ _ _ _ _ _ _ _ _ _ _ _ _ _ _ _ _ _ _ _ _ _ _ _ _ _ _ _ _ _ _ _ \npages/about_page.py:20: in click_login_link\n    self.click(self.LOGIN_LINK)\npages/base_page.py:38: in click\n    el: WebElement = self.wait.until(\n_ _ _ _ _ _ _ _ _ _ _ _ _ _ _ _ _ _ _ _ _ _ _ _ _ _ _ _ _ _ _ _ _ _ _ _ _ _ _ _ \n\nself = <selenium.webdriver.support.wait.WebDriverWait (session=\"67d16069f527531521cb2647ba2a3b23\")>\nmethod = <function element_to_be_clickable.<locals>._predicate at 0x7f54a148eca0>\nmessage = ''\n\n    def until(self, method, message: str = \"\"):\n        \"\"\"Calls the method provided with the driver as an argument until the \\\n        return value does not evaluate to ``False``.\n    \n        :param method: callable(WebDriver)\n        :param message: optional message for :exc:`TimeoutException`\n        :returns: the result of the last call to `method`\n        :raises: :exc:`selenium.common.exceptions.TimeoutException` if timeout occurs\n        \"\"\"\n        screen = None\n        stacktrace = None\n    \n        end_time = time.monotonic() + self._timeout\n        while True:\n            try:\n                value = method(self._driver)\n                if value:\n                    return value\n            except self._ignored_exceptions as exc:\n                screen = getattr(exc, \"screen\", None)\n                stacktrace = getattr(exc, \"stacktrace\", None)\n            time.sleep(self._poll)\n            if time.monotonic() > end_time:\n                break\n>       raise TimeoutException(message, screen, stacktrace)\nE       selenium.common.exceptions.TimeoutException: Message: \nE       Stacktrace:\nE       #0 0x5575e1f6cd33 <unknown>\nE       #1 0x5575e1c29f87 <unknown>\nE       #2 0x5575e1c79c0e <unknown>\nE       #3 0x5575e1c79d11 <unknown>\nE       #4 0x5575e1cc5004 <unknown>\nE       #5 0x5575e1ca336d <unknown>\nE       #6 0x5575e1cc2297 <unknown>\nE       #7 0x5575e1ca30e3 <unknown>\nE       #8 0x5575e1c6b044 <unknown>\nE       #9 0x5575e1c6c44e <unknown>\nE       #10 0x5575e1f31861 <unknown>\nE       #11 0x5575e1f35785 <unknown>\nE       #12 0x5575e1f1f285 <unknown>\nE       #13 0x5575e1f3641f <unknown>\nE       #14 0x5575e1f0320f <unknown>\nE       #15 0x5575e1f5a028 <unknown>\nE       #16 0x5575e1f5a1f7 <unknown>\nE       #17 0x5575e1f6bed4 <unknown>\nE       #18 0x7fc9d6e94ac3 <unknown>\n\n.venv/lib/python3.11/site-packages/selenium/webdriver/support/wait.py:95: TimeoutException","flaky":false,"newFailed":false,"newBroken":false,"newPassed":false,"retriesCount":0,"retriesStatusChange":false,"beforeStages":[{"name":"base_url","time":{"start":1702515877312,"stop":1702515877312,"duration":0},"status":"passed","steps":[],"attachments":[],"parameters":[],"shouldDisplayMessage":false,"stepsCount":0,"attachmentsCount":0,"hasContent":false,"attachmentStep":false},{"name":"json_data","time":{"start":1702515877312,"stop":1702515877313,"duration":1},"status":"passed","steps":[],"attachments":[],"parameters":[],"shouldDisplayMessage":false,"stepsCount":0,"attachmentsCount":0,"hasContent":false,"attachmentStep":false},{"name":"_verify_url","time":{"start":1702515877312,"stop":1702515877312,"duration":0},"status":"passed","steps":[],"attachments":[],"parameters":[],"shouldDisplayMessage":false,"stepsCount":0,"attachmentsCount":0,"hasContent":false,"attachmentStep":false}],"testStage":{"description":"invalid login","status":"broken","statusMessage":"selenium.common.exceptions.TimeoutException: Message: \nStacktrace:\n#0 0x5575e1f6cd33 <unknown>\n#1 0x5575e1c29f87 <unknown>\n#2 0x5575e1c79c0e <unknown>\n#3 0x5575e1c79d11 <unknown>\n#4 0x5575e1cc5004 <unknown>\n#5 0x5575e1ca336d <unknown>\n#6 0x5575e1cc2297 <unknown>\n#7 0x5575e1ca30e3 <unknown>\n#8 0x5575e1c6b044 <unknown>\n#9 0x5575e1c6c44e <unknown>\n#10 0x5575e1f31861 <unknown>\n#11 0x5575e1f35785 <unknown>\n#12 0x5575e1f1f285 <unknown>\n#13 0x5575e1f3641f <unknown>\n#14 0x5575e1f0320f <unknown>\n#15 0x5575e1f5a028 <unknown>\n#16 0x5575e1f5a1f7 <unknown>\n#17 0x5575e1f6bed4 <unknown>\n#18 0x7fc9d6e94ac3 <unknown>","statusTrace":"self = <tests.test_login.TestLogin object at 0x7f54a16a8f50>\nemail = 'nirt236@gmail.com', password = '123456'\njson_data = {'forgot_password': {'error_message': \"We can't find a user with that e-mail address.\", 'success_message': 'A reset li...you page', 'name': 'test', 'new_name': 'another test', 'no_project_found_msg': 'No project matches the criteria', ...}}\n\n    @allure.description(\"invalid login\")\n    @allure.title(\"Login with invalid credentials test\")\n    @pytest.mark.parametrize(\"email, password\", users)\n    @pytest.mark.run(order=3)\n    def test_invalid_login(self, email: str, password: str, json_data: dict):\n>       self.about_page.click_login_link()\n\ntests/test_login.py:22: \n_ _ _ _ _ _ _ _ _ _ _ _ _ _ _ _ _ _ _ _ _ _ _ _ _ _ _ _ _ _ _ _ _ _ _ _ _ _ _ _ \npages/about_page.py:20: in click_login_link\n    self.click(self.LOGIN_LINK)\npages/base_page.py:38: in click\n    el: WebElement = self.wait.until(\n_ _ _ _ _ _ _ _ _ _ _ _ _ _ _ _ _ _ _ _ _ _ _ _ _ _ _ _ _ _ _ _ _ _ _ _ _ _ _ _ \n\nself = <selenium.webdriver.support.wait.WebDriverWait (session=\"67d16069f527531521cb2647ba2a3b23\")>\nmethod = <function element_to_be_clickable.<locals>._predicate at 0x7f54a148eca0>\nmessage = ''\n\n    def until(self, method, message: str = \"\"):\n        \"\"\"Calls the method provided with the driver as an argument until the \\\n        return value does not evaluate to ``False``.\n    \n        :param method: callable(WebDriver)\n        :param message: optional message for :exc:`TimeoutException`\n        :returns: the result of the last call to `method`\n        :raises: :exc:`selenium.common.exceptions.TimeoutException` if timeout occurs\n        \"\"\"\n        screen = None\n        stacktrace = None\n    \n        end_time = time.monotonic() + self._timeout\n        while True:\n            try:\n                value = method(self._driver)\n                if value:\n                    return value\n            except self._ignored_exceptions as exc:\n                screen = getattr(exc, \"screen\", None)\n                stacktrace = getattr(exc, \"stacktrace\", None)\n            time.sleep(self._poll)\n            if time.monotonic() > end_time:\n                break\n>       raise TimeoutException(message, screen, stacktrace)\nE       selenium.common.exceptions.TimeoutException: Message: \nE       Stacktrace:\nE       #0 0x5575e1f6cd33 <unknown>\nE       #1 0x5575e1c29f87 <unknown>\nE       #2 0x5575e1c79c0e <unknown>\nE       #3 0x5575e1c79d11 <unknown>\nE       #4 0x5575e1cc5004 <unknown>\nE       #5 0x5575e1ca336d <unknown>\nE       #6 0x5575e1cc2297 <unknown>\nE       #7 0x5575e1ca30e3 <unknown>\nE       #8 0x5575e1c6b044 <unknown>\nE       #9 0x5575e1c6c44e <unknown>\nE       #10 0x5575e1f31861 <unknown>\nE       #11 0x5575e1f35785 <unknown>\nE       #12 0x5575e1f1f285 <unknown>\nE       #13 0x5575e1f3641f <unknown>\nE       #14 0x5575e1f0320f <unknown>\nE       #15 0x5575e1f5a028 <unknown>\nE       #16 0x5575e1f5a1f7 <unknown>\nE       #17 0x5575e1f6bed4 <unknown>\nE       #18 0x7fc9d6e94ac3 <unknown>\n\n.venv/lib/python3.11/site-packages/selenium/webdriver/support/wait.py:95: TimeoutException","steps":[{"name":"Click Login link","time":{"start":1702515927153,"stop":1702515937332,"duration":10179},"status":"broken","statusMessage":"selenium.common.exceptions.TimeoutException: Message: \nStacktrace:\n#0 0x5575e1f6cd33 <unknown>\n#1 0x5575e1c29f87 <unknown>\n#2 0x5575e1c79c0e <unknown>\n#3 0x5575e1c79d11 <unknown>\n#4 0x5575e1cc5004 <unknown>\n#5 0x5575e1ca336d <unknown>\n#6 0x5575e1cc2297 <unknown>\n#7 0x5575e1ca30e3 <unknown>\n#8 0x5575e1c6b044 <unknown>\n#9 0x5575e1c6c44e <unknown>\n#10 0x5575e1f31861 <unknown>\n#11 0x5575e1f35785 <unknown>\n#12 0x5575e1f1f285 <unknown>\n#13 0x5575e1f3641f <unknown>\n#14 0x5575e1f0320f <unknown>\n#15 0x5575e1f5a028 <unknown>\n#16 0x5575e1f5a1f7 <unknown>\n#17 0x5575e1f6bed4 <unknown>\n#18 0x7fc9d6e94ac3 <unknown>\n\n","statusTrace":"  File \"/home/runner/work/kisangateway-test/kisangateway-test/.venv/lib/python3.11/site-packages/allure_commons/_allure.py\", line 192, in impl\n    return func(*a, **kw)\n           ^^^^^^^^^^^^^^\n  File \"/home/runner/work/kisangateway-test/kisangateway-test/pages/about_page.py\", line 20, in click_login_link\n    self.click(self.LOGIN_LINK)\n  File \"/home/runner/work/kisangateway-test/kisangateway-test/pages/base_page.py\", line 38, in click\n    el: WebElement = self.wait.until(\n                     ^^^^^^^^^^^^^^^^\n  File \"/home/runner/work/kisangateway-test/kisangateway-test/.venv/lib/python3.11/site-packages/selenium/webdriver/support/wait.py\", line 95, in until\n    raise TimeoutException(message, screen, stacktrace)\n","steps":[],"attachments":[],"parameters":[],"shouldDisplayMessage":true,"stepsCount":0,"attachmentsCount":0,"hasContent":true,"attachmentStep":false}],"attachments":[{"uid":"3984fcb9c16c93f5","name":"public ip address","source":"3984fcb9c16c93f5.txt","type":"text/plain","size":13},{"uid":"49839ff954ab014e","name":"Cookies","source":"49839ff954ab014e.json","type":"application/json","size":2},{"uid":"426bb5ad5884ba6a","name":"Session Storage","source":"426bb5ad5884ba6a.json","type":"application/json","size":2},{"uid":"21cbd9048f20feb7","name":"Local Storage","source":"21cbd9048f20feb7.json","type":"application/json","size":2},{"uid":"5ada344f7e226fca","name":"Console Logs","source":"5ada344f7e226fca.json","type":"application/json","size":2},{"uid":"688ee5adc971a762","name":"Full Page Screenshot","source":"688ee5adc971a762.png","type":"image/png","size":2655641},{"uid":"647b412a3bced940","name":"URL","source":"647b412a3bced940.uri","type":"text/uri-list","size":25},{"uid":"3666730031dfd5b2","name":"Network Logs","source":"3666730031dfd5b2.json","type":"application/json","size":14022}],"parameters":[],"shouldDisplayMessage":true,"stepsCount":1,"attachmentsCount":8,"hasContent":true,"attachmentStep":false},"afterStages":[],"labels":[{"name":"epic","value":"Security"},{"name":"severity","value":"blocker"},{"name":"feature","value":"Login"},{"name":"tag","value":"run(order=3)"},{"name":"tag","value":"security"},{"name":"parentSuite","value":"tests"},{"name":"suite","value":"test_login"},{"name":"subSuite","value":"TestLogin"},{"name":"host","value":"fv-az842-590"},{"name":"thread","value":"2281-MainThread"},{"name":"framework","value":"pytest"},{"name":"language","value":"cpython3"},{"name":"package","value":"tests.test_login"},{"name":"resultFormat","value":"allure2"}],"parameters":[{"name":"email","value":"'nirt236@gmail.com'"},{"name":"password","value":"'123456'"}],"links":[],"hidden":false,"retry":false,"extra":{"severity":"blocker","retries":[],"categories":[{"name":"Test defects","matchedStatuses":[],"flaky":false}],"tags":["run(order=3)","security"]},"source":"957887771e16eb64.json","parameterValues":["'nirt236@gmail.com'","'123456'"]}