{"uid":"e2f0894261c49e96","name":"Number of projects displayed in page test","fullName":"tests.test_workspaces.TestWorkspaces#test_number_of_existing_projects","historyId":"ff3981f856ce65274378063348b0abd4","time":{"start":1702515963154,"stop":1702515963154,"duration":0},"description":"Compare between the actual number of projects seen on page and the number shown in workspaces block","descriptionHtml":"<p>Compare between the actual number of projects seen on page and the number shown in workspaces block</p>\n","status":"broken","statusMessage":"selenium.common.exceptions.TimeoutException: Message: \nStacktrace:\n#0 0x55822a8a5d33 <unknown>\n#1 0x55822a562f87 <unknown>\n#2 0x55822a5b2c0e <unknown>\n#3 0x55822a5b2d11 <unknown>\n#4 0x55822a5fe004 <unknown>\n#5 0x55822a5dc36d <unknown>\n#6 0x55822a5fb297 <unknown>\n#7 0x55822a5dc0e3 <unknown>\n#8 0x55822a5a4044 <unknown>\n#9 0x55822a5a544e <unknown>\n#10 0x55822a86a861 <unknown>\n#11 0x55822a86e785 <unknown>\n#12 0x55822a858285 <unknown>\n#13 0x55822a86f41f <unknown>\n#14 0x55822a83c20f <unknown>\n#15 0x55822a893028 <unknown>\n#16 0x55822a8931f7 <unknown>\n#17 0x55822a8a4ed4 <unknown>\n#18 0x7f18fa094ac3 <unknown>","statusTrace":"self = <tests.test_workspaces.TestWorkspaces object at 0x7f54a15e4bd0>\nsecret_data = {'email': '', 'password': ''}\n\n    @pytest.fixture(autouse=True)\n    def setup_method_fixture(self, secret_data: dict):\n>       login(secret_data, self.about_page, self.login_page)\n\ntests/test_workspaces.py:23: \n_ _ _ _ _ _ _ _ _ _ _ _ _ _ _ _ _ _ _ _ _ _ _ _ _ _ _ _ _ _ _ _ _ _ _ _ _ _ _ _ \ntests/test_workspaces.py:13: in login\n    about_page.click_login_link()\npages/about_page.py:20: in click_login_link\n    self.click(self.LOGIN_LINK)\npages/base_page.py:38: in click\n    el: WebElement = self.wait.until(\n_ _ _ _ _ _ _ _ _ _ _ _ _ _ _ _ _ _ _ _ _ _ _ _ _ _ _ _ _ _ _ _ _ _ _ _ _ _ _ _ \n\nself = <selenium.webdriver.support.wait.WebDriverWait (session=\"9b7d3dc4333ae27d2627667b4eb1b074\")>\nmethod = <function element_to_be_clickable.<locals>._predicate at 0x7f54a12484a0>\nmessage = ''\n\n    def until(self, method, message: str = \"\"):\n        \"\"\"Calls the method provided with the driver as an argument until the \\\n        return value does not evaluate to ``False``.\n    \n        :param method: callable(WebDriver)\n        :param message: optional message for :exc:`TimeoutException`\n        :returns: the result of the last call to `method`\n        :raises: :exc:`selenium.common.exceptions.TimeoutException` if timeout occurs\n        \"\"\"\n        screen = None\n        stacktrace = None\n    \n        end_time = time.monotonic() + self._timeout\n        while True:\n            try:\n                value = method(self._driver)\n                if value:\n                    return value\n            except self._ignored_exceptions as exc:\n                screen = getattr(exc, \"screen\", None)\n                stacktrace = getattr(exc, \"stacktrace\", None)\n            time.sleep(self._poll)\n            if time.monotonic() > end_time:\n                break\n>       raise TimeoutException(message, screen, stacktrace)\nE       selenium.common.exceptions.TimeoutException: Message: \nE       Stacktrace:\nE       #0 0x55822a8a5d33 <unknown>\nE       #1 0x55822a562f87 <unknown>\nE       #2 0x55822a5b2c0e <unknown>\nE       #3 0x55822a5b2d11 <unknown>\nE       #4 0x55822a5fe004 <unknown>\nE       #5 0x55822a5dc36d <unknown>\nE       #6 0x55822a5fb297 <unknown>\nE       #7 0x55822a5dc0e3 <unknown>\nE       #8 0x55822a5a4044 <unknown>\nE       #9 0x55822a5a544e <unknown>\nE       #10 0x55822a86a861 <unknown>\nE       #11 0x55822a86e785 <unknown>\nE       #12 0x55822a858285 <unknown>\nE       #13 0x55822a86f41f <unknown>\nE       #14 0x55822a83c20f <unknown>\nE       #15 0x55822a893028 <unknown>\nE       #16 0x55822a8931f7 <unknown>\nE       #17 0x55822a8a4ed4 <unknown>\nE       #18 0x7f18fa094ac3 <unknown>\n\n.venv/lib/python3.11/site-packages/selenium/webdriver/support/wait.py:95: TimeoutException","flaky":false,"newFailed":false,"newBroken":false,"newPassed":false,"retriesCount":0,"retriesStatusChange":false,"beforeStages":[{"name":"secret_data","time":{"start":1702515877312,"stop":1702515877312,"duration":0},"status":"passed","steps":[],"attachments":[],"parameters":[],"shouldDisplayMessage":false,"stepsCount":0,"attachmentsCount":0,"hasContent":false,"attachmentStep":false},{"name":"base_url","time":{"start":1702515877312,"stop":1702515877312,"duration":0},"status":"passed","steps":[],"attachments":[],"parameters":[],"shouldDisplayMessage":false,"stepsCount":0,"attachmentsCount":0,"hasContent":false,"attachmentStep":false},{"name":"_verify_url","time":{"start":1702515877312,"stop":1702515877312,"duration":0},"status":"passed","steps":[],"attachments":[],"parameters":[],"shouldDisplayMessage":false,"stepsCount":0,"attachmentsCount":0,"hasContent":false,"attachmentStep":false},{"name":"setup_method_fixture","time":{"start":1702515964237,"stop":1702515974409,"duration":10172},"status":"broken","statusMessage":"selenium.common.exceptions.TimeoutException: Message: \nStacktrace:\n#0 0x55822a8a5d33 <unknown>\n#1 0x55822a562f87 <unknown>\n#2 0x55822a5b2c0e <unknown>\n#3 0x55822a5b2d11 <unknown>\n#4 0x55822a5fe004 <unknown>\n#5 0x55822a5dc36d <unknown>\n#6 0x55822a5fb297 <unknown>\n#7 0x55822a5dc0e3 <unknown>\n#8 0x55822a5a4044 <unknown>\n#9 0x55822a5a544e <unknown>\n#10 0x55822a86a861 <unknown>\n#11 0x55822a86e785 <unknown>\n#12 0x55822a858285 <unknown>\n#13 0x55822a86f41f <unknown>\n#14 0x55822a83c20f <unknown>\n#15 0x55822a893028 <unknown>\n#16 0x55822a8931f7 <unknown>\n#17 0x55822a8a4ed4 <unknown>\n#18 0x7f18fa094ac3 <unknown>\n\n","statusTrace":"  File \"/home/runner/work/kisangateway-test/kisangateway-test/.venv/lib/python3.11/site-packages/pluggy/_callers.py\", line 80, in _multicall\n    res = hook_impl.function(*args)\n          ^^^^^^^^^^^^^^^^^^^^^^^^^\n  File \"/home/runner/work/kisangateway-test/kisangateway-test/.venv/lib/python3.11/site-packages/_pytest/fixtures.py\", line 1123, in pytest_fixture_setup\n    result = call_fixture_func(fixturefunc, request, kwargs)\n             ^^^^^^^^^^^^^^^^^^^^^^^^^^^^^^^^^^^^^^^^^^^^^^^\n  File \"/home/runner/work/kisangateway-test/kisangateway-test/.venv/lib/python3.11/site-packages/_pytest/fixtures.py\", line 902, in call_fixture_func\n    fixture_result = fixturefunc(**kwargs)\n                     ^^^^^^^^^^^^^^^^^^^^^\n  File \"/home/runner/work/kisangateway-test/kisangateway-test/tests/test_workspaces.py\", line 23, in setup_method_fixture\n    login(secret_data, self.about_page, self.login_page)\n  File \"/home/runner/work/kisangateway-test/kisangateway-test/tests/test_workspaces.py\", line 13, in login\n    about_page.click_login_link()\n  File \"/home/runner/work/kisangateway-test/kisangateway-test/.venv/lib/python3.11/site-packages/allure_commons/_allure.py\", line 192, in impl\n    return func(*a, **kw)\n           ^^^^^^^^^^^^^^\n  File \"/home/runner/work/kisangateway-test/kisangateway-test/pages/about_page.py\", line 20, in click_login_link\n    self.click(self.LOGIN_LINK)\n  File \"/home/runner/work/kisangateway-test/kisangateway-test/pages/base_page.py\", line 38, in click\n    el: WebElement = self.wait.until(\n                     ^^^^^^^^^^^^^^^^\n  File \"/home/runner/work/kisangateway-test/kisangateway-test/.venv/lib/python3.11/site-packages/selenium/webdriver/support/wait.py\", line 95, in until\n    raise TimeoutException(message, screen, stacktrace)\n","steps":[{"name":"Click Login link","time":{"start":1702515964237,"stop":1702515974409,"duration":10172},"status":"broken","statusMessage":"selenium.common.exceptions.TimeoutException: Message: \nStacktrace:\n#0 0x55822a8a5d33 <unknown>\n#1 0x55822a562f87 <unknown>\n#2 0x55822a5b2c0e <unknown>\n#3 0x55822a5b2d11 <unknown>\n#4 0x55822a5fe004 <unknown>\n#5 0x55822a5dc36d <unknown>\n#6 0x55822a5fb297 <unknown>\n#7 0x55822a5dc0e3 <unknown>\n#8 0x55822a5a4044 <unknown>\n#9 0x55822a5a544e <unknown>\n#10 0x55822a86a861 <unknown>\n#11 0x55822a86e785 <unknown>\n#12 0x55822a858285 <unknown>\n#13 0x55822a86f41f <unknown>\n#14 0x55822a83c20f <unknown>\n#15 0x55822a893028 <unknown>\n#16 0x55822a8931f7 <unknown>\n#17 0x55822a8a4ed4 <unknown>\n#18 0x7f18fa094ac3 <unknown>\n\n","statusTrace":"  File \"/home/runner/work/kisangateway-test/kisangateway-test/.venv/lib/python3.11/site-packages/allure_commons/_allure.py\", line 192, in impl\n    return func(*a, **kw)\n           ^^^^^^^^^^^^^^\n  File \"/home/runner/work/kisangateway-test/kisangateway-test/pages/about_page.py\", line 20, in click_login_link\n    self.click(self.LOGIN_LINK)\n  File \"/home/runner/work/kisangateway-test/kisangateway-test/pages/base_page.py\", line 38, in click\n    el: WebElement = self.wait.until(\n                     ^^^^^^^^^^^^^^^^\n  File \"/home/runner/work/kisangateway-test/kisangateway-test/.venv/lib/python3.11/site-packages/selenium/webdriver/support/wait.py\", line 95, in until\n    raise TimeoutException(message, screen, stacktrace)\n","steps":[],"attachments":[],"parameters":[],"shouldDisplayMessage":true,"stepsCount":0,"attachmentsCount":0,"hasContent":true,"attachmentStep":false}],"attachments":[],"parameters":[],"shouldDisplayMessage":false,"stepsCount":1,"attachmentsCount":0,"hasContent":true,"attachmentStep":false}],"testStage":{"description":"Compare between the actual number of projects seen on page and the number shown in workspaces block","status":"broken","statusMessage":"selenium.common.exceptions.TimeoutException: Message: \nStacktrace:\n#0 0x55822a8a5d33 <unknown>\n#1 0x55822a562f87 <unknown>\n#2 0x55822a5b2c0e <unknown>\n#3 0x55822a5b2d11 <unknown>\n#4 0x55822a5fe004 <unknown>\n#5 0x55822a5dc36d <unknown>\n#6 0x55822a5fb297 <unknown>\n#7 0x55822a5dc0e3 <unknown>\n#8 0x55822a5a4044 <unknown>\n#9 0x55822a5a544e <unknown>\n#10 0x55822a86a861 <unknown>\n#11 0x55822a86e785 <unknown>\n#12 0x55822a858285 <unknown>\n#13 0x55822a86f41f <unknown>\n#14 0x55822a83c20f <unknown>\n#15 0x55822a893028 <unknown>\n#16 0x55822a8931f7 <unknown>\n#17 0x55822a8a4ed4 <unknown>\n#18 0x7f18fa094ac3 <unknown>","statusTrace":"self = <tests.test_workspaces.TestWorkspaces object at 0x7f54a15e4bd0>\nsecret_data = {'email': '', 'password': ''}\n\n    @pytest.fixture(autouse=True)\n    def setup_method_fixture(self, secret_data: dict):\n>       login(secret_data, self.about_page, self.login_page)\n\ntests/test_workspaces.py:23: \n_ _ _ _ _ _ _ _ _ _ _ _ _ _ _ _ _ _ _ _ _ _ _ _ _ _ _ _ _ _ _ _ _ _ _ _ _ _ _ _ \ntests/test_workspaces.py:13: in login\n    about_page.click_login_link()\npages/about_page.py:20: in click_login_link\n    self.click(self.LOGIN_LINK)\npages/base_page.py:38: in click\n    el: WebElement = self.wait.until(\n_ _ _ _ _ _ _ _ _ _ _ _ _ _ _ _ _ _ _ _ _ _ _ _ _ _ _ _ _ _ _ _ _ _ _ _ _ _ _ _ \n\nself = <selenium.webdriver.support.wait.WebDriverWait (session=\"9b7d3dc4333ae27d2627667b4eb1b074\")>\nmethod = <function element_to_be_clickable.<locals>._predicate at 0x7f54a12484a0>\nmessage = ''\n\n    def until(self, method, message: str = \"\"):\n        \"\"\"Calls the method provided with the driver as an argument until the \\\n        return value does not evaluate to ``False``.\n    \n        :param method: callable(WebDriver)\n        :param message: optional message for :exc:`TimeoutException`\n        :returns: the result of the last call to `method`\n        :raises: :exc:`selenium.common.exceptions.TimeoutException` if timeout occurs\n        \"\"\"\n        screen = None\n        stacktrace = None\n    \n        end_time = time.monotonic() + self._timeout\n        while True:\n            try:\n                value = method(self._driver)\n                if value:\n                    return value\n            except self._ignored_exceptions as exc:\n                screen = getattr(exc, \"screen\", None)\n                stacktrace = getattr(exc, \"stacktrace\", None)\n            time.sleep(self._poll)\n            if time.monotonic() > end_time:\n                break\n>       raise TimeoutException(message, screen, stacktrace)\nE       selenium.common.exceptions.TimeoutException: Message: \nE       Stacktrace:\nE       #0 0x55822a8a5d33 <unknown>\nE       #1 0x55822a562f87 <unknown>\nE       #2 0x55822a5b2c0e <unknown>\nE       #3 0x55822a5b2d11 <unknown>\nE       #4 0x55822a5fe004 <unknown>\nE       #5 0x55822a5dc36d <unknown>\nE       #6 0x55822a5fb297 <unknown>\nE       #7 0x55822a5dc0e3 <unknown>\nE       #8 0x55822a5a4044 <unknown>\nE       #9 0x55822a5a544e <unknown>\nE       #10 0x55822a86a861 <unknown>\nE       #11 0x55822a86e785 <unknown>\nE       #12 0x55822a858285 <unknown>\nE       #13 0x55822a86f41f <unknown>\nE       #14 0x55822a83c20f <unknown>\nE       #15 0x55822a893028 <unknown>\nE       #16 0x55822a8931f7 <unknown>\nE       #17 0x55822a8a4ed4 <unknown>\nE       #18 0x7f18fa094ac3 <unknown>\n\n.venv/lib/python3.11/site-packages/selenium/webdriver/support/wait.py:95: TimeoutException","steps":[],"attachments":[{"uid":"88c41450016c56ff","name":"public ip address","source":"88c41450016c56ff.txt","type":"text/plain","size":13},{"uid":"fd27b9d1fd844411","name":"Cookies","source":"fd27b9d1fd844411.json","type":"application/json","size":2},{"uid":"8622cbc9e0fa9612","name":"Session Storage","source":"8622cbc9e0fa9612.json","type":"application/json","size":2},{"uid":"c2106ac773f6c699","name":"Local Storage","source":"c2106ac773f6c699.json","type":"application/json","size":2},{"uid":"7053c38b0500d74d","name":"Console Logs","source":"7053c38b0500d74d.json","type":"application/json","size":2},{"uid":"3db392f6a8ace60e","name":"Full Page Screenshot","source":"3db392f6a8ace60e.png","type":"image/png","size":2655641},{"uid":"728ef3eba91949c9","name":"URL","source":"728ef3eba91949c9.uri","type":"text/uri-list","size":25},{"uid":"697b13010969c129","name":"Network Logs","source":"697b13010969c129.json","type":"application/json","size":14025}],"parameters":[],"shouldDisplayMessage":true,"stepsCount":0,"attachmentsCount":8,"hasContent":true,"attachmentStep":false},"afterStages":[],"labels":[{"name":"severity","value":"normal"},{"name":"epic","value":"Workspaces"},{"name":"story","value":"WorkSpaces Creation and Editing Functionality"},{"name":"tag","value":"run(order=4)"},{"name":"parentSuite","value":"tests"},{"name":"suite","value":"test_workspaces"},{"name":"subSuite","value":"TestWorkspaces"},{"name":"host","value":"fv-az842-590"},{"name":"thread","value":"2281-MainThread"},{"name":"framework","value":"pytest"},{"name":"language","value":"cpython3"},{"name":"package","value":"tests.test_workspaces"},{"name":"resultFormat","value":"allure2"}],"parameters":[],"links":[],"hidden":false,"retry":false,"extra":{"severity":"normal","retries":[],"categories":[{"name":"Test defects","matchedStatuses":[],"flaky":false}],"tags":["run(order=4)"]},"source":"e2f0894261c49e96.json","parameterValues":[]}