{"uid":"78b6158b74f114ed","name":"Forgot Password with invalid email test","fullName":"tests.test_forgot_password.TestForgotPassword#test_invalid_email","historyId":"3743e16c5d15da2a1434ee4e2dd39a43","time":{"start":1707786228924,"stop":1707786239306,"duration":10382},"description":"Forgot Password with invalid email address","descriptionHtml":"<p>Forgot Password with invalid email address</p>\n","status":"broken","statusMessage":"selenium.common.exceptions.TimeoutException: Message: \nStacktrace:\n#0 0x55c3fe28ed93 <unknown>\n#1 0x55c3fdf72337 <unknown>\n#2 0x55c3fdfbdd60 <unknown>\n#3 0x55c3fdfbde51 <unknown>\n#4 0x55c3fe001bc4 <unknown>\n#5 0x55c3fdfe046d <unknown>\n#6 0x55c3fdfff12d <unknown>\n#7 0x55c3fdfe01e3 <unknown>\n#8 0x55c3fdfb0135 <unknown>\n#9 0x55c3fdfb113e <unknown>\n#10 0x55c3fe252e4b <unknown>\n#11 0x55c3fe256dfa <unknown>\n#12 0x55c3fe23f6d5 <unknown>\n#13 0x55c3fe257a6f <unknown>\n#14 0x55c3fe22369f <unknown>\n#15 0x55c3fe27c098 <unknown>\n#16 0x55c3fe27c262 <unknown>\n#17 0x55c3fe28df34 <unknown>\n#18 0x7f6797094ac3 <unknown>","statusTrace":"self = <tests.test_forgot_password.TestForgotPassword object at 0x7fb20d6b1990>\nexcel_reader = <utils.excel_parser.ExcelParser object at 0x7fb20c6d8210>\njson_data = {'forgot_password': {'error_message': \"We can't find a user with that e-mail address.\", 'success_message': 'A reset li...you page', 'name': 'test', 'new_name': 'another test', 'no_project_found_msg': 'No project matches the criteria', ...}}\n\n    @allure.description(\"Forgot Password with invalid email address\")\n    @allure.title(\"Forgot Password with invalid email test\")\n    def test_invalid_email(self, excel_reader, json_data: dict):\n        emails = excel_reader.read_from_excel(\"Emails\")\n>       self.about_page.click_login_link()\n\ntests/test_forgot_password.py:31: \n_ _ _ _ _ _ _ _ _ _ _ _ _ _ _ _ _ _ _ _ _ _ _ _ _ _ _ _ _ _ _ _ _ _ _ _ _ _ _ _ \npages/about_page.py:20: in click_login_link\n    self.click(self.LOGIN_LINK)\npages/base_page.py:38: in click\n    el: WebElement = self.wait.until(\n_ _ _ _ _ _ _ _ _ _ _ _ _ _ _ _ _ _ _ _ _ _ _ _ _ _ _ _ _ _ _ _ _ _ _ _ _ _ _ _ \n\nself = <selenium.webdriver.support.wait.WebDriverWait (session=\"f806295bd9bb5161bb76b523023fad6f\")>\nmethod = <function element_to_be_clickable.<locals>._predicate at 0x7fb20c4bdda0>\nmessage = ''\n\n    def until(self, method, message: str = \"\"):\n        \"\"\"Calls the method provided with the driver as an argument until the \\\n        return value does not evaluate to ``False``.\n    \n        :param method: callable(WebDriver)\n        :param message: optional message for :exc:`TimeoutException`\n        :returns: the result of the last call to `method`\n        :raises: :exc:`selenium.common.exceptions.TimeoutException` if timeout occurs\n        \"\"\"\n        screen = None\n        stacktrace = None\n    \n        end_time = time.monotonic() + self._timeout\n        while True:\n            try:\n                value = method(self._driver)\n                if value:\n                    return value\n            except self._ignored_exceptions as exc:\n                screen = getattr(exc, \"screen\", None)\n                stacktrace = getattr(exc, \"stacktrace\", None)\n            time.sleep(self._poll)\n            if time.monotonic() > end_time:\n                break\n>       raise TimeoutException(message, screen, stacktrace)\nE       selenium.common.exceptions.TimeoutException: Message: \nE       Stacktrace:\nE       #0 0x55c3fe28ed93 <unknown>\nE       #1 0x55c3fdf72337 <unknown>\nE       #2 0x55c3fdfbdd60 <unknown>\nE       #3 0x55c3fdfbde51 <unknown>\nE       #4 0x55c3fe001bc4 <unknown>\nE       #5 0x55c3fdfe046d <unknown>\nE       #6 0x55c3fdfff12d <unknown>\nE       #7 0x55c3fdfe01e3 <unknown>\nE       #8 0x55c3fdfb0135 <unknown>\nE       #9 0x55c3fdfb113e <unknown>\nE       #10 0x55c3fe252e4b <unknown>\nE       #11 0x55c3fe256dfa <unknown>\nE       #12 0x55c3fe23f6d5 <unknown>\nE       #13 0x55c3fe257a6f <unknown>\nE       #14 0x55c3fe22369f <unknown>\nE       #15 0x55c3fe27c098 <unknown>\nE       #16 0x55c3fe27c262 <unknown>\nE       #17 0x55c3fe28df34 <unknown>\nE       #18 0x7f6797094ac3 <unknown>\n\n.venv/lib/python3.11/site-packages/selenium/webdriver/support/wait.py:95: TimeoutException","flaky":false,"newFailed":false,"newBroken":false,"newPassed":false,"retriesCount":0,"retriesStatusChange":false,"beforeStages":[{"name":"base_url","time":{"start":1707786052090,"stop":1707786052090,"duration":0},"status":"passed","steps":[],"attachments":[],"parameters":[],"shouldDisplayMessage":false,"stepsCount":0,"attachmentsCount":0,"hasContent":false,"attachmentStep":false},{"name":"_verify_url","time":{"start":1707786052090,"stop":1707786052090,"duration":0},"status":"passed","steps":[],"attachments":[],"parameters":[],"shouldDisplayMessage":false,"stepsCount":0,"attachmentsCount":0,"hasContent":false,"attachmentStep":false},{"name":"json_data","time":{"start":1707786052091,"stop":1707786052091,"duration":0},"status":"passed","steps":[],"attachments":[],"parameters":[],"shouldDisplayMessage":false,"stepsCount":0,"attachmentsCount":0,"hasContent":false,"attachmentStep":false},{"name":"excel_reader","time":{"start":1707786228923,"stop":1707786228923,"duration":0},"status":"passed","steps":[],"attachments":[],"parameters":[],"shouldDisplayMessage":false,"stepsCount":0,"attachmentsCount":0,"hasContent":false,"attachmentStep":false}],"testStage":{"description":"Forgot Password with invalid email address","status":"broken","statusMessage":"selenium.common.exceptions.TimeoutException: Message: \nStacktrace:\n#0 0x55c3fe28ed93 <unknown>\n#1 0x55c3fdf72337 <unknown>\n#2 0x55c3fdfbdd60 <unknown>\n#3 0x55c3fdfbde51 <unknown>\n#4 0x55c3fe001bc4 <unknown>\n#5 0x55c3fdfe046d <unknown>\n#6 0x55c3fdfff12d <unknown>\n#7 0x55c3fdfe01e3 <unknown>\n#8 0x55c3fdfb0135 <unknown>\n#9 0x55c3fdfb113e <unknown>\n#10 0x55c3fe252e4b <unknown>\n#11 0x55c3fe256dfa <unknown>\n#12 0x55c3fe23f6d5 <unknown>\n#13 0x55c3fe257a6f <unknown>\n#14 0x55c3fe22369f <unknown>\n#15 0x55c3fe27c098 <unknown>\n#16 0x55c3fe27c262 <unknown>\n#17 0x55c3fe28df34 <unknown>\n#18 0x7f6797094ac3 <unknown>","statusTrace":"self = <tests.test_forgot_password.TestForgotPassword object at 0x7fb20d6b1990>\nexcel_reader = <utils.excel_parser.ExcelParser object at 0x7fb20c6d8210>\njson_data = {'forgot_password': {'error_message': \"We can't find a user with that e-mail address.\", 'success_message': 'A reset li...you page', 'name': 'test', 'new_name': 'another test', 'no_project_found_msg': 'No project matches the criteria', ...}}\n\n    @allure.description(\"Forgot Password with invalid email address\")\n    @allure.title(\"Forgot Password with invalid email test\")\n    def test_invalid_email(self, excel_reader, json_data: dict):\n        emails = excel_reader.read_from_excel(\"Emails\")\n>       self.about_page.click_login_link()\n\ntests/test_forgot_password.py:31: \n_ _ _ _ _ _ _ _ _ _ _ _ _ _ _ _ _ _ _ _ _ _ _ _ _ _ _ _ _ _ _ _ _ _ _ _ _ _ _ _ \npages/about_page.py:20: in click_login_link\n    self.click(self.LOGIN_LINK)\npages/base_page.py:38: in click\n    el: WebElement = self.wait.until(\n_ _ _ _ _ _ _ _ _ _ _ _ _ _ _ _ _ _ _ _ _ _ _ _ _ _ _ _ _ _ _ _ _ _ _ _ _ _ _ _ \n\nself = <selenium.webdriver.support.wait.WebDriverWait (session=\"f806295bd9bb5161bb76b523023fad6f\")>\nmethod = <function element_to_be_clickable.<locals>._predicate at 0x7fb20c4bdda0>\nmessage = ''\n\n    def until(self, method, message: str = \"\"):\n        \"\"\"Calls the method provided with the driver as an argument until the \\\n        return value does not evaluate to ``False``.\n    \n        :param method: callable(WebDriver)\n        :param message: optional message for :exc:`TimeoutException`\n        :returns: the result of the last call to `method`\n        :raises: :exc:`selenium.common.exceptions.TimeoutException` if timeout occurs\n        \"\"\"\n        screen = None\n        stacktrace = None\n    \n        end_time = time.monotonic() + self._timeout\n        while True:\n            try:\n                value = method(self._driver)\n                if value:\n                    return value\n            except self._ignored_exceptions as exc:\n                screen = getattr(exc, \"screen\", None)\n                stacktrace = getattr(exc, \"stacktrace\", None)\n            time.sleep(self._poll)\n            if time.monotonic() > end_time:\n                break\n>       raise TimeoutException(message, screen, stacktrace)\nE       selenium.common.exceptions.TimeoutException: Message: \nE       Stacktrace:\nE       #0 0x55c3fe28ed93 <unknown>\nE       #1 0x55c3fdf72337 <unknown>\nE       #2 0x55c3fdfbdd60 <unknown>\nE       #3 0x55c3fdfbde51 <unknown>\nE       #4 0x55c3fe001bc4 <unknown>\nE       #5 0x55c3fdfe046d <unknown>\nE       #6 0x55c3fdfff12d <unknown>\nE       #7 0x55c3fdfe01e3 <unknown>\nE       #8 0x55c3fdfb0135 <unknown>\nE       #9 0x55c3fdfb113e <unknown>\nE       #10 0x55c3fe252e4b <unknown>\nE       #11 0x55c3fe256dfa <unknown>\nE       #12 0x55c3fe23f6d5 <unknown>\nE       #13 0x55c3fe257a6f <unknown>\nE       #14 0x55c3fe22369f <unknown>\nE       #15 0x55c3fe27c098 <unknown>\nE       #16 0x55c3fe27c262 <unknown>\nE       #17 0x55c3fe28df34 <unknown>\nE       #18 0x7f6797094ac3 <unknown>\n\n.venv/lib/python3.11/site-packages/selenium/webdriver/support/wait.py:95: TimeoutException","steps":[{"name":"Click Login link","time":{"start":1707786228956,"stop":1707786239306,"duration":10350},"status":"broken","statusMessage":"selenium.common.exceptions.TimeoutException: Message: \nStacktrace:\n#0 0x55c3fe28ed93 <unknown>\n#1 0x55c3fdf72337 <unknown>\n#2 0x55c3fdfbdd60 <unknown>\n#3 0x55c3fdfbde51 <unknown>\n#4 0x55c3fe001bc4 <unknown>\n#5 0x55c3fdfe046d <unknown>\n#6 0x55c3fdfff12d <unknown>\n#7 0x55c3fdfe01e3 <unknown>\n#8 0x55c3fdfb0135 <unknown>\n#9 0x55c3fdfb113e <unknown>\n#10 0x55c3fe252e4b <unknown>\n#11 0x55c3fe256dfa <unknown>\n#12 0x55c3fe23f6d5 <unknown>\n#13 0x55c3fe257a6f <unknown>\n#14 0x55c3fe22369f <unknown>\n#15 0x55c3fe27c098 <unknown>\n#16 0x55c3fe27c262 <unknown>\n#17 0x55c3fe28df34 <unknown>\n#18 0x7f6797094ac3 <unknown>\n\n","statusTrace":"  File \"/home/runner/work/kisangateway-test/kisangateway-test/.venv/lib/python3.11/site-packages/allure_commons/_allure.py\", line 192, in impl\n    return func(*a, **kw)\n           ^^^^^^^^^^^^^^\n  File \"/home/runner/work/kisangateway-test/kisangateway-test/pages/about_page.py\", line 20, in click_login_link\n    self.click(self.LOGIN_LINK)\n  File \"/home/runner/work/kisangateway-test/kisangateway-test/pages/base_page.py\", line 38, in click\n    el: WebElement = self.wait.until(\n                     ^^^^^^^^^^^^^^^^\n  File \"/home/runner/work/kisangateway-test/kisangateway-test/.venv/lib/python3.11/site-packages/selenium/webdriver/support/wait.py\", line 95, in until\n    raise TimeoutException(message, screen, stacktrace)\n","steps":[],"attachments":[],"parameters":[],"shouldDisplayMessage":true,"stepsCount":0,"attachmentsCount":0,"hasContent":true,"attachmentStep":false}],"attachments":[{"uid":"19045b5daab5d43c","name":"public ip address","source":"19045b5daab5d43c.txt","type":"text/plain","size":12},{"uid":"69c3a30db12dbdd9","name":"Cookies","source":"69c3a30db12dbdd9.json","type":"application/json","size":2},{"uid":"d799425699629d9b","name":"Session Storage","source":"d799425699629d9b.json","type":"application/json","size":2},{"uid":"cc7d680287d3867b","name":"Local Storage","source":"cc7d680287d3867b.json","type":"application/json","size":77},{"uid":"83886ff299ba0d4c","name":"Console Logs","source":"83886ff299ba0d4c.json","type":"application/json","size":599},{"uid":"23d2906a9d79bbcf","name":"Full Page Screenshot","source":"23d2906a9d79bbcf.png","type":"image/png","size":2477011},{"uid":"2d982887d2fbaca","name":"URL","source":"2d982887d2fbaca.uri","type":"text/uri-list","size":25},{"uid":"eb8a2a36e2b9966b","name":"Network Logs","source":"eb8a2a36e2b9966b.json","type":"application/json","size":1283239}],"parameters":[],"shouldDisplayMessage":true,"stepsCount":1,"attachmentsCount":8,"hasContent":true,"attachmentStep":false},"afterStages":[],"labels":[{"name":"epic","value":"Security"},{"name":"story","value":"Forgot Password Feature's Functionality"},{"name":"subSuite","value":"Custom sub suite"},{"name":"severity","value":"critical"},{"name":"parentSuite","value":"Custom parent suite"},{"name":"suite","value":"Custom suite"},{"name":"tag","value":"security"},{"name":"host","value":"fv-az1055-799"},{"name":"thread","value":"2172-MainThread"},{"name":"framework","value":"pytest"},{"name":"language","value":"cpython3"},{"name":"package","value":"tests.test_forgot_password"},{"name":"resultFormat","value":"allure2"}],"parameters":[],"links":[],"hidden":false,"retry":false,"extra":{"severity":"critical","retries":[],"categories":[{"name":"Test defects","matchedStatuses":[],"flaky":false}],"tags":["security"]},"source":"78b6158b74f114ed.json","parameterValues":[]}