{"uid":"4ee1cdc869ab60f2","name":"Exception test","fullName":"tests.test_forgot_password.TestForgotPassword#test_expected_exception_on_page_title","historyId":"cf4fc082d0d58c4cc0a6263c56ab7f00","time":{"start":1697418329661,"stop":1697418340038,"duration":10377},"description":"Exception catching","descriptionHtml":"<p>Exception catching</p>\n","status":"broken","statusMessage":"selenium.common.exceptions.TimeoutException: Message: \nStacktrace:\n#0 0x55738014c6b3 <unknown>\n#1 0x55737fe221e7 <unknown>\n#2 0x55737fe69566 <unknown>\n#3 0x55737fe69651 <unknown>\n#4 0x55737fea6a74 <unknown>\n#5 0x55737fe8b0ed <unknown>\n#6 0x55737fea4322 <unknown>\n#7 0x55737fe8ae93 <unknown>\n#8 0x55737fe5d934 <unknown>\n#9 0x55737fe5e71e <unknown>\n#10 0x557380111cb8 <unknown>\n#11 0x557380115bf0 <unknown>\n#12 0x55738012019c <unknown>\n#13 0x557380116808 <unknown>\n#14 0x5573800e327f <unknown>\n#15 0x55738013ae88 <unknown>\n#16 0x55738013b059 <unknown>\n#17 0x55738014b843 <unknown>\n#18 0x7ff9dee94b43 <unknown>","statusTrace":"self = <tests.test_forgot_password.TestForgotPassword object at 0x7f96e99c8750>\n\n    @allure.description(\"Exception catching\")\n    @allure.title(\"Exception test\")\n    @allure.link(\"https://github.com/allure-examples/\", name=\"Allure Examples\")\n    @allure.issue(\n        \"https://github.com/allure-examples/allure-examples/issues/1\", name=\"ISSUE-1\"\n    )\n    @allure.testcase(\n        \"https://github.com/allure-examples/allure-examples/issues/2\", name=\"TESTCASE-2\"\n    )\n    def test_expected_exception_on_page_title(self):\n>       self.about_page.click_login_link()\n\ntests/test_forgot_password.py:49: \n_ _ _ _ _ _ _ _ _ _ _ _ _ _ _ _ _ _ _ _ _ _ _ _ _ _ _ _ _ _ _ _ _ _ _ _ _ _ _ _ \npages/about_page.py:20: in click_login_link\n    self.click(self.LOGIN_LINK)\npages/base_page.py:38: in click\n    el: WebElement = self.wait.until(\n_ _ _ _ _ _ _ _ _ _ _ _ _ _ _ _ _ _ _ _ _ _ _ _ _ _ _ _ _ _ _ _ _ _ _ _ _ _ _ _ \n\nself = <selenium.webdriver.support.wait.WebDriverWait (session=\"dd217b621a6666ee8987045877b0499d\")>\nmethod = <function element_to_be_clickable.<locals>._predicate at 0x7f96e97e47c0>\nmessage = ''\n\n    def until(self, method, message: str = \"\"):\n        \"\"\"Calls the method provided with the driver as an argument until the \\\n        return value does not evaluate to ``False``.\n    \n        :param method: callable(WebDriver)\n        :param message: optional message for :exc:`TimeoutException`\n        :returns: the result of the last call to `method`\n        :raises: :exc:`selenium.common.exceptions.TimeoutException` if timeout occurs\n        \"\"\"\n        screen = None\n        stacktrace = None\n    \n        end_time = time.monotonic() + self._timeout\n        while True:\n            try:\n                value = method(self._driver)\n                if value:\n                    return value\n            except self._ignored_exceptions as exc:\n                screen = getattr(exc, \"screen\", None)\n                stacktrace = getattr(exc, \"stacktrace\", None)\n            time.sleep(self._poll)\n            if time.monotonic() > end_time:\n                break\n>       raise TimeoutException(message, screen, stacktrace)\nE       selenium.common.exceptions.TimeoutException: Message: \nE       Stacktrace:\nE       #0 0x55738014c6b3 <unknown>\nE       #1 0x55737fe221e7 <unknown>\nE       #2 0x55737fe69566 <unknown>\nE       #3 0x55737fe69651 <unknown>\nE       #4 0x55737fea6a74 <unknown>\nE       #5 0x55737fe8b0ed <unknown>\nE       #6 0x55737fea4322 <unknown>\nE       #7 0x55737fe8ae93 <unknown>\nE       #8 0x55737fe5d934 <unknown>\nE       #9 0x55737fe5e71e <unknown>\nE       #10 0x557380111cb8 <unknown>\nE       #11 0x557380115bf0 <unknown>\nE       #12 0x55738012019c <unknown>\nE       #13 0x557380116808 <unknown>\nE       #14 0x5573800e327f <unknown>\nE       #15 0x55738013ae88 <unknown>\nE       #16 0x55738013b059 <unknown>\nE       #17 0x55738014b843 <unknown>\nE       #18 0x7ff9dee94b43 <unknown>\n\n.venv/lib/python3.11/site-packages/selenium/webdriver/support/wait.py:95: TimeoutException","flaky":false,"newFailed":false,"newBroken":false,"newPassed":false,"retriesCount":0,"retriesStatusChange":false,"beforeStages":[{"name":"_verify_url","time":{"start":1697418129640,"stop":1697418129641,"duration":1},"status":"passed","steps":[],"attachments":[],"parameters":[],"shouldDisplayMessage":false,"stepsCount":0,"attachmentsCount":0,"hasContent":false},{"name":"base_url","time":{"start":1697418129640,"stop":1697418129640,"duration":0},"status":"passed","steps":[],"attachments":[],"parameters":[],"shouldDisplayMessage":false,"stepsCount":0,"attachmentsCount":0,"hasContent":false}],"testStage":{"description":"Exception catching","status":"broken","statusMessage":"selenium.common.exceptions.TimeoutException: Message: \nStacktrace:\n#0 0x55738014c6b3 <unknown>\n#1 0x55737fe221e7 <unknown>\n#2 0x55737fe69566 <unknown>\n#3 0x55737fe69651 <unknown>\n#4 0x55737fea6a74 <unknown>\n#5 0x55737fe8b0ed <unknown>\n#6 0x55737fea4322 <unknown>\n#7 0x55737fe8ae93 <unknown>\n#8 0x55737fe5d934 <unknown>\n#9 0x55737fe5e71e <unknown>\n#10 0x557380111cb8 <unknown>\n#11 0x557380115bf0 <unknown>\n#12 0x55738012019c <unknown>\n#13 0x557380116808 <unknown>\n#14 0x5573800e327f <unknown>\n#15 0x55738013ae88 <unknown>\n#16 0x55738013b059 <unknown>\n#17 0x55738014b843 <unknown>\n#18 0x7ff9dee94b43 <unknown>","statusTrace":"self = <tests.test_forgot_password.TestForgotPassword object at 0x7f96e99c8750>\n\n    @allure.description(\"Exception catching\")\n    @allure.title(\"Exception test\")\n    @allure.link(\"https://github.com/allure-examples/\", name=\"Allure Examples\")\n    @allure.issue(\n        \"https://github.com/allure-examples/allure-examples/issues/1\", name=\"ISSUE-1\"\n    )\n    @allure.testcase(\n        \"https://github.com/allure-examples/allure-examples/issues/2\", name=\"TESTCASE-2\"\n    )\n    def test_expected_exception_on_page_title(self):\n>       self.about_page.click_login_link()\n\ntests/test_forgot_password.py:49: \n_ _ _ _ _ _ _ _ _ _ _ _ _ _ _ _ _ _ _ _ _ _ _ _ _ _ _ _ _ _ _ _ _ _ _ _ _ _ _ _ \npages/about_page.py:20: in click_login_link\n    self.click(self.LOGIN_LINK)\npages/base_page.py:38: in click\n    el: WebElement = self.wait.until(\n_ _ _ _ _ _ _ _ _ _ _ _ _ _ _ _ _ _ _ _ _ _ _ _ _ _ _ _ _ _ _ _ _ _ _ _ _ _ _ _ \n\nself = <selenium.webdriver.support.wait.WebDriverWait (session=\"dd217b621a6666ee8987045877b0499d\")>\nmethod = <function element_to_be_clickable.<locals>._predicate at 0x7f96e97e47c0>\nmessage = ''\n\n    def until(self, method, message: str = \"\"):\n        \"\"\"Calls the method provided with the driver as an argument until the \\\n        return value does not evaluate to ``False``.\n    \n        :param method: callable(WebDriver)\n        :param message: optional message for :exc:`TimeoutException`\n        :returns: the result of the last call to `method`\n        :raises: :exc:`selenium.common.exceptions.TimeoutException` if timeout occurs\n        \"\"\"\n        screen = None\n        stacktrace = None\n    \n        end_time = time.monotonic() + self._timeout\n        while True:\n            try:\n                value = method(self._driver)\n                if value:\n                    return value\n            except self._ignored_exceptions as exc:\n                screen = getattr(exc, \"screen\", None)\n                stacktrace = getattr(exc, \"stacktrace\", None)\n            time.sleep(self._poll)\n            if time.monotonic() > end_time:\n                break\n>       raise TimeoutException(message, screen, stacktrace)\nE       selenium.common.exceptions.TimeoutException: Message: \nE       Stacktrace:\nE       #0 0x55738014c6b3 <unknown>\nE       #1 0x55737fe221e7 <unknown>\nE       #2 0x55737fe69566 <unknown>\nE       #3 0x55737fe69651 <unknown>\nE       #4 0x55737fea6a74 <unknown>\nE       #5 0x55737fe8b0ed <unknown>\nE       #6 0x55737fea4322 <unknown>\nE       #7 0x55737fe8ae93 <unknown>\nE       #8 0x55737fe5d934 <unknown>\nE       #9 0x55737fe5e71e <unknown>\nE       #10 0x557380111cb8 <unknown>\nE       #11 0x557380115bf0 <unknown>\nE       #12 0x55738012019c <unknown>\nE       #13 0x557380116808 <unknown>\nE       #14 0x5573800e327f <unknown>\nE       #15 0x55738013ae88 <unknown>\nE       #16 0x55738013b059 <unknown>\nE       #17 0x55738014b843 <unknown>\nE       #18 0x7ff9dee94b43 <unknown>\n\n.venv/lib/python3.11/site-packages/selenium/webdriver/support/wait.py:95: TimeoutException","steps":[{"name":"Click Login link","time":{"start":1697418329661,"stop":1697418340038,"duration":10377},"status":"broken","statusMessage":"selenium.common.exceptions.TimeoutException: Message: \nStacktrace:\n#0 0x55738014c6b3 <unknown>\n#1 0x55737fe221e7 <unknown>\n#2 0x55737fe69566 <unknown>\n#3 0x55737fe69651 <unknown>\n#4 0x55737fea6a74 <unknown>\n#5 0x55737fe8b0ed <unknown>\n#6 0x55737fea4322 <unknown>\n#7 0x55737fe8ae93 <unknown>\n#8 0x55737fe5d934 <unknown>\n#9 0x55737fe5e71e <unknown>\n#10 0x557380111cb8 <unknown>\n#11 0x557380115bf0 <unknown>\n#12 0x55738012019c <unknown>\n#13 0x557380116808 <unknown>\n#14 0x5573800e327f <unknown>\n#15 0x55738013ae88 <unknown>\n#16 0x55738013b059 <unknown>\n#17 0x55738014b843 <unknown>\n#18 0x7ff9dee94b43 <unknown>\n\n","statusTrace":"  File \"/home/runner/work/kisangateway-test/kisangateway-test/.venv/lib/python3.11/site-packages/allure_commons/_allure.py\", line 192, in impl\n    return func(*a, **kw)\n           ^^^^^^^^^^^^^^\n  File \"/home/runner/work/kisangateway-test/kisangateway-test/pages/about_page.py\", line 20, in click_login_link\n    self.click(self.LOGIN_LINK)\n  File \"/home/runner/work/kisangateway-test/kisangateway-test/pages/base_page.py\", line 38, in click\n    el: WebElement = self.wait.until(\n                     ^^^^^^^^^^^^^^^^\n  File \"/home/runner/work/kisangateway-test/kisangateway-test/.venv/lib/python3.11/site-packages/selenium/webdriver/support/wait.py\", line 95, in until\n    raise TimeoutException(message, screen, stacktrace)\n","steps":[],"attachments":[],"parameters":[],"shouldDisplayMessage":true,"stepsCount":0,"attachmentsCount":0,"hasContent":true}],"attachments":[{"uid":"6dca1d12e79632b8","name":"public ip address","source":"6dca1d12e79632b8.txt","type":"text/plain","size":11},{"uid":"2dd2ff703eb4905b","name":"Cookies","source":"2dd2ff703eb4905b.json","type":"application/json","size":2},{"uid":"45c853bc09336479","name":"Session Storage","source":"45c853bc09336479.json","type":"application/json","size":2},{"uid":"ffeddc1e6bcce8cb","name":"Local Storage","source":"ffeddc1e6bcce8cb.json","type":"application/json","size":2},{"uid":"8bb848c9051cdeb4","name":"Console Logs","source":"8bb848c9051cdeb4.json","type":"application/json","size":2},{"uid":"f497ceba5d277ca8","name":"Full Page Screenshot","source":"f497ceba5d277ca8.png","type":"image/png","size":1496512},{"uid":"39497093c611427f","name":"URL","source":"39497093c611427f.uri","type":"text/uri-list","size":25},{"uid":"ee6cc34110389d9b","name":"Network Logs","source":"ee6cc34110389d9b.json","type":"application/json","size":14004}],"parameters":[],"shouldDisplayMessage":true,"stepsCount":1,"attachmentsCount":8,"hasContent":true},"afterStages":[],"labels":[{"name":"severity","value":"critical"},{"name":"story","value":"Forgot Password Feature's Functionality"},{"name":"subSuite","value":"Custom sub suite"},{"name":"suite","value":"Custom suite"},{"name":"parentSuite","value":"Custom parent suite"},{"name":"epic","value":"Security"},{"name":"tag","value":"security"},{"name":"host","value":"fv-az1131-742"},{"name":"thread","value":"2116-MainThread"},{"name":"framework","value":"pytest"},{"name":"language","value":"cpython3"},{"name":"package","value":"tests.test_forgot_password"},{"name":"resultFormat","value":"allure2"}],"parameters":[],"links":[{"name":"TESTCASE-2","url":"https://github.com/allure-examples/allure-examples/issues/2","type":"tms"},{"name":"ISSUE-1","url":"https://github.com/allure-examples/allure-examples/issues/1","type":"issue"},{"name":"Allure Examples","url":"https://github.com/allure-examples/","type":"link"}],"hidden":false,"retry":false,"extra":{"severity":"critical","retries":[],"categories":[{"name":"Test defects","matchedStatuses":[],"flaky":false}],"tags":["security"]},"source":"4ee1cdc869ab60f2.json","parameterValues":[]}