{"uid":"56815ce0cecb91d","name":"Logout of system test","fullName":"tests.test_login.TestLogin#test_logout","historyId":"b90200cedc51a1ecbba9a19fbdbf8893","time":{"start":1703725330416,"stop":1703725340617,"duration":10201},"description":"Log out from app","descriptionHtml":"<p>Log out from app</p>\n","status":"broken","statusMessage":"selenium.common.exceptions.TimeoutException: Message: \nStacktrace:\n#0 0x564c49f2dd33 <unknown>\n#1 0x564c49beaf87 <unknown>\n#2 0x564c49c3ac0e <unknown>\n#3 0x564c49c3ad11 <unknown>\n#4 0x564c49c86004 <unknown>\n#5 0x564c49c6436d <unknown>\n#6 0x564c49c83297 <unknown>\n#7 0x564c49c640e3 <unknown>\n#8 0x564c49c2c044 <unknown>\n#9 0x564c49c2d44e <unknown>\n#10 0x564c49ef2861 <unknown>\n#11 0x564c49ef6785 <unknown>\n#12 0x564c49ee0285 <unknown>\n#13 0x564c49ef741f <unknown>\n#14 0x564c49ec420f <unknown>\n#15 0x564c49f1b028 <unknown>\n#16 0x564c49f1b1f7 <unknown>\n#17 0x564c49f2ced4 <unknown>\n#18 0x7f0882094ac3 <unknown>","statusTrace":"self = <tests.test_login.TestLogin object at 0x7f3cf56455d0>\njson_data = {'forgot_password': {'error_message': \"We can't find a user with that e-mail address.\", 'success_message': 'A reset li...you page', 'name': 'test', 'new_name': 'another test', 'no_project_found_msg': 'No project matches the criteria', ...}}\nsecret_data = {'email': '', 'password': ''}\n\n    @allure.description(\"Log out from app\")\n    @allure.title(\"Logout of system test\")\n    @allure.story(\"As a user i want to be able to logout after a successful login.\")\n    @pytest.mark.run(order=2)\n    def test_logout(self, json_data: dict, secret_data: dict):\n        # example of a simple text attachment\n        allure.attach(\n            \"<h1>Example html attachment</h1>\",\n            name=\"HTML example\",\n            attachment_type=allure.attachment_type.HTML,\n        )\n        allure.attach(\n            \"Some text content\",\n            name=\"TXT example\",\n            attachment_type=allure.attachment_type.TEXT,\n        )\n        allure.attach(\n            \"first,second,third\\none,two,three\",\n            name=\"CSV example\",\n            attachment_type=allure.attachment_type.CSV,\n        )\n        allure.attach(\n            json.dumps({\"first\": 1, \"second\": 2}, indent=2),\n            name=\"JSON example\",\n            attachment_type=allure.attachment_type.JSON,\n        )\n        xml_content = \"\"\"<?xml version=\"1.0\" encoding=\"UTF-8\"?>\n            <tag>\n                 <inside>...</inside>\n             </tag>\n         \"\"\"\n        allure.attach(\n            xml_content,\n            name=\"some attachment name\",\n            attachment_type=allure.attachment_type.XML,\n        )\n        allure.attach(\n            \"\\n\".join(\n                [\n                    \"https://github.com/allure-framework\",\n                    \"https://github.com/allure-examples\",\n                ]\n            ),\n            name=\"URI List example\",\n            attachment_type=allure.attachment_type.URI_LIST,\n        )\n>       self.about_page.click_login_link()\n\ntests/test_login.py:90: \n_ _ _ _ _ _ _ _ _ _ _ _ _ _ _ _ _ _ _ _ _ _ _ _ _ _ _ _ _ _ _ _ _ _ _ _ _ _ _ _ \npages/about_page.py:20: in click_login_link\n    self.click(self.LOGIN_LINK)\npages/base_page.py:38: in click\n    el: WebElement = self.wait.until(\n_ _ _ _ _ _ _ _ _ _ _ _ _ _ _ _ _ _ _ _ _ _ _ _ _ _ _ _ _ _ _ _ _ _ _ _ _ _ _ _ \n\nself = <selenium.webdriver.support.wait.WebDriverWait (session=\"e61cb82f33d8584db0116143d7e87026\")>\nmethod = <function element_to_be_clickable.<locals>._predicate at 0x7f3cf5502980>\nmessage = ''\n\n    def until(self, method, message: str = \"\"):\n        \"\"\"Calls the method provided with the driver as an argument until the \\\n        return value does not evaluate to ``False``.\n    \n        :param method: callable(WebDriver)\n        :param message: optional message for :exc:`TimeoutException`\n        :returns: the result of the last call to `method`\n        :raises: :exc:`selenium.common.exceptions.TimeoutException` if timeout occurs\n        \"\"\"\n        screen = None\n        stacktrace = None\n    \n        end_time = time.monotonic() + self._timeout\n        while True:\n            try:\n                value = method(self._driver)\n                if value:\n                    return value\n            except self._ignored_exceptions as exc:\n                screen = getattr(exc, \"screen\", None)\n                stacktrace = getattr(exc, \"stacktrace\", None)\n            time.sleep(self._poll)\n            if time.monotonic() > end_time:\n                break\n>       raise TimeoutException(message, screen, stacktrace)\nE       selenium.common.exceptions.TimeoutException: Message: \nE       Stacktrace:\nE       #0 0x564c49f2dd33 <unknown>\nE       #1 0x564c49beaf87 <unknown>\nE       #2 0x564c49c3ac0e <unknown>\nE       #3 0x564c49c3ad11 <unknown>\nE       #4 0x564c49c86004 <unknown>\nE       #5 0x564c49c6436d <unknown>\nE       #6 0x564c49c83297 <unknown>\nE       #7 0x564c49c640e3 <unknown>\nE       #8 0x564c49c2c044 <unknown>\nE       #9 0x564c49c2d44e <unknown>\nE       #10 0x564c49ef2861 <unknown>\nE       #11 0x564c49ef6785 <unknown>\nE       #12 0x564c49ee0285 <unknown>\nE       #13 0x564c49ef741f <unknown>\nE       #14 0x564c49ec420f <unknown>\nE       #15 0x564c49f1b028 <unknown>\nE       #16 0x564c49f1b1f7 <unknown>\nE       #17 0x564c49f2ced4 <unknown>\nE       #18 0x7f0882094ac3 <unknown>\n\n.venv/lib/python3.11/site-packages/selenium/webdriver/support/wait.py:95: TimeoutException","flaky":false,"newFailed":false,"newBroken":false,"newPassed":false,"retriesCount":0,"retriesStatusChange":false,"beforeStages":[{"name":"_verify_url","time":{"start":1703725305082,"stop":1703725305082,"duration":0},"status":"passed","steps":[],"attachments":[],"parameters":[],"shouldDisplayMessage":false,"stepsCount":0,"attachmentsCount":0,"hasContent":false,"attachmentStep":false},{"name":"secret_data","time":{"start":1703725305082,"stop":1703725305082,"duration":0},"status":"passed","steps":[],"attachments":[],"parameters":[],"shouldDisplayMessage":false,"stepsCount":0,"attachmentsCount":0,"hasContent":false,"attachmentStep":false},{"name":"base_url","time":{"start":1703725305082,"stop":1703725305082,"duration":0},"status":"passed","steps":[],"attachments":[],"parameters":[],"shouldDisplayMessage":false,"stepsCount":0,"attachmentsCount":0,"hasContent":false,"attachmentStep":false},{"name":"json_data","time":{"start":1703725305082,"stop":1703725305082,"duration":0},"status":"passed","steps":[],"attachments":[],"parameters":[],"shouldDisplayMessage":false,"stepsCount":0,"attachmentsCount":0,"hasContent":false,"attachmentStep":false}],"testStage":{"description":"Log out from app","status":"broken","statusMessage":"selenium.common.exceptions.TimeoutException: Message: \nStacktrace:\n#0 0x564c49f2dd33 <unknown>\n#1 0x564c49beaf87 <unknown>\n#2 0x564c49c3ac0e <unknown>\n#3 0x564c49c3ad11 <unknown>\n#4 0x564c49c86004 <unknown>\n#5 0x564c49c6436d <unknown>\n#6 0x564c49c83297 <unknown>\n#7 0x564c49c640e3 <unknown>\n#8 0x564c49c2c044 <unknown>\n#9 0x564c49c2d44e <unknown>\n#10 0x564c49ef2861 <unknown>\n#11 0x564c49ef6785 <unknown>\n#12 0x564c49ee0285 <unknown>\n#13 0x564c49ef741f <unknown>\n#14 0x564c49ec420f <unknown>\n#15 0x564c49f1b028 <unknown>\n#16 0x564c49f1b1f7 <unknown>\n#17 0x564c49f2ced4 <unknown>\n#18 0x7f0882094ac3 <unknown>","statusTrace":"self = <tests.test_login.TestLogin object at 0x7f3cf56455d0>\njson_data = {'forgot_password': {'error_message': \"We can't find a user with that e-mail address.\", 'success_message': 'A reset li...you page', 'name': 'test', 'new_name': 'another test', 'no_project_found_msg': 'No project matches the criteria', ...}}\nsecret_data = {'email': '', 'password': ''}\n\n    @allure.description(\"Log out from app\")\n    @allure.title(\"Logout of system test\")\n    @allure.story(\"As a user i want to be able to logout after a successful login.\")\n    @pytest.mark.run(order=2)\n    def test_logout(self, json_data: dict, secret_data: dict):\n        # example of a simple text attachment\n        allure.attach(\n            \"<h1>Example html attachment</h1>\",\n            name=\"HTML example\",\n            attachment_type=allure.attachment_type.HTML,\n        )\n        allure.attach(\n            \"Some text content\",\n            name=\"TXT example\",\n            attachment_type=allure.attachment_type.TEXT,\n        )\n        allure.attach(\n            \"first,second,third\\none,two,three\",\n            name=\"CSV example\",\n            attachment_type=allure.attachment_type.CSV,\n        )\n        allure.attach(\n            json.dumps({\"first\": 1, \"second\": 2}, indent=2),\n            name=\"JSON example\",\n            attachment_type=allure.attachment_type.JSON,\n        )\n        xml_content = \"\"\"<?xml version=\"1.0\" encoding=\"UTF-8\"?>\n            <tag>\n                 <inside>...</inside>\n             </tag>\n         \"\"\"\n        allure.attach(\n            xml_content,\n            name=\"some attachment name\",\n            attachment_type=allure.attachment_type.XML,\n        )\n        allure.attach(\n            \"\\n\".join(\n                [\n                    \"https://github.com/allure-framework\",\n                    \"https://github.com/allure-examples\",\n                ]\n            ),\n            name=\"URI List example\",\n            attachment_type=allure.attachment_type.URI_LIST,\n        )\n>       self.about_page.click_login_link()\n\ntests/test_login.py:90: \n_ _ _ _ _ _ _ _ _ _ _ _ _ _ _ _ _ _ _ _ _ _ _ _ _ _ _ _ _ _ _ _ _ _ _ _ _ _ _ _ \npages/about_page.py:20: in click_login_link\n    self.click(self.LOGIN_LINK)\npages/base_page.py:38: in click\n    el: WebElement = self.wait.until(\n_ _ _ _ _ _ _ _ _ _ _ _ _ _ _ _ _ _ _ _ _ _ _ _ _ _ _ _ _ _ _ _ _ _ _ _ _ _ _ _ \n\nself = <selenium.webdriver.support.wait.WebDriverWait (session=\"e61cb82f33d8584db0116143d7e87026\")>\nmethod = <function element_to_be_clickable.<locals>._predicate at 0x7f3cf5502980>\nmessage = ''\n\n    def until(self, method, message: str = \"\"):\n        \"\"\"Calls the method provided with the driver as an argument until the \\\n        return value does not evaluate to ``False``.\n    \n        :param method: callable(WebDriver)\n        :param message: optional message for :exc:`TimeoutException`\n        :returns: the result of the last call to `method`\n        :raises: :exc:`selenium.common.exceptions.TimeoutException` if timeout occurs\n        \"\"\"\n        screen = None\n        stacktrace = None\n    \n        end_time = time.monotonic() + self._timeout\n        while True:\n            try:\n                value = method(self._driver)\n                if value:\n                    return value\n            except self._ignored_exceptions as exc:\n                screen = getattr(exc, \"screen\", None)\n                stacktrace = getattr(exc, \"stacktrace\", None)\n            time.sleep(self._poll)\n            if time.monotonic() > end_time:\n                break\n>       raise TimeoutException(message, screen, stacktrace)\nE       selenium.common.exceptions.TimeoutException: Message: \nE       Stacktrace:\nE       #0 0x564c49f2dd33 <unknown>\nE       #1 0x564c49beaf87 <unknown>\nE       #2 0x564c49c3ac0e <unknown>\nE       #3 0x564c49c3ad11 <unknown>\nE       #4 0x564c49c86004 <unknown>\nE       #5 0x564c49c6436d <unknown>\nE       #6 0x564c49c83297 <unknown>\nE       #7 0x564c49c640e3 <unknown>\nE       #8 0x564c49c2c044 <unknown>\nE       #9 0x564c49c2d44e <unknown>\nE       #10 0x564c49ef2861 <unknown>\nE       #11 0x564c49ef6785 <unknown>\nE       #12 0x564c49ee0285 <unknown>\nE       #13 0x564c49ef741f <unknown>\nE       #14 0x564c49ec420f <unknown>\nE       #15 0x564c49f1b028 <unknown>\nE       #16 0x564c49f1b1f7 <unknown>\nE       #17 0x564c49f2ced4 <unknown>\nE       #18 0x7f0882094ac3 <unknown>\n\n.venv/lib/python3.11/site-packages/selenium/webdriver/support/wait.py:95: TimeoutException","steps":[{"name":"Click Login link","time":{"start":1703725330417,"stop":1703725340617,"duration":10200},"status":"broken","statusMessage":"selenium.common.exceptions.TimeoutException: Message: \nStacktrace:\n#0 0x564c49f2dd33 <unknown>\n#1 0x564c49beaf87 <unknown>\n#2 0x564c49c3ac0e <unknown>\n#3 0x564c49c3ad11 <unknown>\n#4 0x564c49c86004 <unknown>\n#5 0x564c49c6436d <unknown>\n#6 0x564c49c83297 <unknown>\n#7 0x564c49c640e3 <unknown>\n#8 0x564c49c2c044 <unknown>\n#9 0x564c49c2d44e <unknown>\n#10 0x564c49ef2861 <unknown>\n#11 0x564c49ef6785 <unknown>\n#12 0x564c49ee0285 <unknown>\n#13 0x564c49ef741f <unknown>\n#14 0x564c49ec420f <unknown>\n#15 0x564c49f1b028 <unknown>\n#16 0x564c49f1b1f7 <unknown>\n#17 0x564c49f2ced4 <unknown>\n#18 0x7f0882094ac3 <unknown>\n\n","statusTrace":"  File \"/home/runner/work/kisangateway-test/kisangateway-test/.venv/lib/python3.11/site-packages/allure_commons/_allure.py\", line 192, in impl\n    return func(*a, **kw)\n           ^^^^^^^^^^^^^^\n  File \"/home/runner/work/kisangateway-test/kisangateway-test/pages/about_page.py\", line 20, in click_login_link\n    self.click(self.LOGIN_LINK)\n  File \"/home/runner/work/kisangateway-test/kisangateway-test/pages/base_page.py\", line 38, in click\n    el: WebElement = self.wait.until(\n                     ^^^^^^^^^^^^^^^^\n  File \"/home/runner/work/kisangateway-test/kisangateway-test/.venv/lib/python3.11/site-packages/selenium/webdriver/support/wait.py\", line 95, in until\n    raise TimeoutException(message, screen, stacktrace)\n","steps":[],"attachments":[],"parameters":[],"shouldDisplayMessage":true,"stepsCount":0,"attachmentsCount":0,"hasContent":true,"attachmentStep":false}],"attachments":[{"uid":"708234e40dd8a506","name":"HTML example","source":"708234e40dd8a506.html","type":"text/html","size":32},{"uid":"1dbea6ee0d9160f4","name":"TXT example","source":"1dbea6ee0d9160f4.txt","type":"text/plain","size":17},{"uid":"96ff558318e196fd","name":"CSV example","source":"96ff558318e196fd.csv","type":"text/csv","size":32},{"uid":"d348a46a04f09820","name":"JSON example","source":"d348a46a04f09820.json","type":"application/json","size":31},{"uid":"1cb5189130501cbc","name":"some attachment name","source":"1cb5189130501cbc.xml","type":"application/xml","size":124},{"uid":"8ae060c9f3a25697","name":"URI List example","source":"8ae060c9f3a25697.uri","type":"text/uri-list","size":70},{"uid":"40b438df9e57eeb1","name":"public ip address","source":"40b438df9e57eeb1.txt","type":"text/plain","size":12},{"uid":"df7af09e60b9a398","name":"Cookies","source":"df7af09e60b9a398.json","type":"application/json","size":2},{"uid":"9836eb9995dff24","name":"Session Storage","source":"9836eb9995dff24.json","type":"application/json","size":2},{"uid":"40a35839cf80d5cd","name":"Local Storage","source":"40a35839cf80d5cd.json","type":"application/json","size":2},{"uid":"ab4d19a1363c7118","name":"Console Logs","source":"ab4d19a1363c7118.json","type":"application/json","size":2},{"uid":"9d418cbd366765b6","name":"Full Page Screenshot","source":"9d418cbd366765b6.png","type":"image/png","size":2655641},{"uid":"6eaff765db12ab93","name":"URL","source":"6eaff765db12ab93.uri","type":"text/uri-list","size":25},{"uid":"df2814cb86b8fba1","name":"Network Logs","source":"df2814cb86b8fba1.json","type":"application/json","size":13968}],"parameters":[],"shouldDisplayMessage":true,"stepsCount":1,"attachmentsCount":14,"hasContent":true,"attachmentStep":false},"afterStages":[],"labels":[{"name":"epic","value":"Security"},{"name":"feature","value":"Login"},{"name":"story","value":"As a user i want to be able to logout after a successful login."},{"name":"severity","value":"blocker"},{"name":"tag","value":"run(order=2)"},{"name":"tag","value":"security"},{"name":"parentSuite","value":"tests"},{"name":"suite","value":"test_login"},{"name":"subSuite","value":"TestLogin"},{"name":"host","value":"fv-az914-521"},{"name":"thread","value":"2164-MainThread"},{"name":"framework","value":"pytest"},{"name":"language","value":"cpython3"},{"name":"package","value":"tests.test_login"},{"name":"resultFormat","value":"allure2"}],"parameters":[],"links":[],"hidden":false,"retry":false,"extra":{"severity":"blocker","retries":[],"categories":[{"name":"Test defects","matchedStatuses":[],"flaky":false}],"tags":["run(order=2)","security"]},"source":"56815ce0cecb91d.json","parameterValues":[]}