{"uid":"e3ca479e29d5c5c","name":"Number of projects displayed in page test","fullName":"tests.test_workspaces.TestWorkspaces#test_number_of_existing_projects","historyId":"ff3981f856ce65274378063348b0abd4","time":{"start":1701478967523,"stop":1701478967523,"duration":0},"description":"Compare between the actual number of projects seen on page and the number shown in workspaces block","descriptionHtml":"<p>Compare between the actual number of projects seen on page and the number shown in workspaces block</p>\n","status":"broken","statusMessage":"selenium.common.exceptions.TimeoutException: Message: \nStacktrace:\n#0 0x559adb7c05e3 <unknown>\n#1 0x559adb4830b7 <unknown>\n#2 0x559adb4d0f53 <unknown>\n#3 0x559adb4d1051 <unknown>\n#4 0x559adb5169c4 <unknown>\n#5 0x559adb4f7f1d <unknown>\n#6 0x559adb513b3d <unknown>\n#7 0x559adb4f7cc3 <unknown>\n#8 0x559adb4c30e4 <unknown>\n#9 0x559adb4c40ae <unknown>\n#10 0x559adb786ce1 <unknown>\n#11 0x559adb78ab7e <unknown>\n#12 0x559adb7744b5 <unknown>\n#13 0x559adb78b7d6 <unknown>\n#14 0x559adb757dbf <unknown>\n#15 0x559adb7ae748 <unknown>\n#16 0x559adb7ae917 <unknown>\n#17 0x559adb7bf773 <unknown>\n#18 0x7f4751e94ac3 <unknown>","statusTrace":"self = <tests.test_workspaces.TestWorkspaces object at 0x7f5660c4d450>\nsecret_data = {'email': '', 'password': ''}\n\n    @pytest.fixture(autouse=True)\n    def setup_method_fixture(self, secret_data: dict):\n>       login(secret_data, self.about_page, self.login_page)\n\ntests/test_workspaces.py:23: \n_ _ _ _ _ _ _ _ _ _ _ _ _ _ _ _ _ _ _ _ _ _ _ _ _ _ _ _ _ _ _ _ _ _ _ _ _ _ _ _ \ntests/test_workspaces.py:13: in login\n    about_page.click_login_link()\npages/about_page.py:20: in click_login_link\n    self.click(self.LOGIN_LINK)\npages/base_page.py:38: in click\n    el: WebElement = self.wait.until(\n_ _ _ _ _ _ _ _ _ _ _ _ _ _ _ _ _ _ _ _ _ _ _ _ _ _ _ _ _ _ _ _ _ _ _ _ _ _ _ _ \n\nself = <selenium.webdriver.support.wait.WebDriverWait (session=\"a03084ede0accf7e4bdbe7cab99d25d6\")>\nmethod = <function element_to_be_clickable.<locals>._predicate at 0x7f5660b16e80>\nmessage = ''\n\n    def until(self, method, message: str = \"\"):\n        \"\"\"Calls the method provided with the driver as an argument until the \\\n        return value does not evaluate to ``False``.\n    \n        :param method: callable(WebDriver)\n        :param message: optional message for :exc:`TimeoutException`\n        :returns: the result of the last call to `method`\n        :raises: :exc:`selenium.common.exceptions.TimeoutException` if timeout occurs\n        \"\"\"\n        screen = None\n        stacktrace = None\n    \n        end_time = time.monotonic() + self._timeout\n        while True:\n            try:\n                value = method(self._driver)\n                if value:\n                    return value\n            except self._ignored_exceptions as exc:\n                screen = getattr(exc, \"screen\", None)\n                stacktrace = getattr(exc, \"stacktrace\", None)\n            time.sleep(self._poll)\n            if time.monotonic() > end_time:\n                break\n>       raise TimeoutException(message, screen, stacktrace)\nE       selenium.common.exceptions.TimeoutException: Message: \nE       Stacktrace:\nE       #0 0x559adb7c05e3 <unknown>\nE       #1 0x559adb4830b7 <unknown>\nE       #2 0x559adb4d0f53 <unknown>\nE       #3 0x559adb4d1051 <unknown>\nE       #4 0x559adb5169c4 <unknown>\nE       #5 0x559adb4f7f1d <unknown>\nE       #6 0x559adb513b3d <unknown>\nE       #7 0x559adb4f7cc3 <unknown>\nE       #8 0x559adb4c30e4 <unknown>\nE       #9 0x559adb4c40ae <unknown>\nE       #10 0x559adb786ce1 <unknown>\nE       #11 0x559adb78ab7e <unknown>\nE       #12 0x559adb7744b5 <unknown>\nE       #13 0x559adb78b7d6 <unknown>\nE       #14 0x559adb757dbf <unknown>\nE       #15 0x559adb7ae748 <unknown>\nE       #16 0x559adb7ae917 <unknown>\nE       #17 0x559adb7bf773 <unknown>\nE       #18 0x7f4751e94ac3 <unknown>\n\n.venv/lib/python3.11/site-packages/selenium/webdriver/support/wait.py:95: TimeoutException","flaky":false,"newFailed":false,"newBroken":false,"newPassed":false,"retriesCount":0,"retriesStatusChange":false,"beforeStages":[{"name":"base_url","time":{"start":1701478879700,"stop":1701478879700,"duration":0},"status":"passed","steps":[],"attachments":[],"parameters":[],"shouldDisplayMessage":false,"stepsCount":0,"attachmentsCount":0,"hasContent":false},{"name":"_verify_url","time":{"start":1701478879700,"stop":1701478879700,"duration":0},"status":"passed","steps":[],"attachments":[],"parameters":[],"shouldDisplayMessage":false,"stepsCount":0,"attachmentsCount":0,"hasContent":false},{"name":"secret_data","time":{"start":1701478879701,"stop":1701478879701,"duration":0},"status":"passed","steps":[],"attachments":[],"parameters":[],"shouldDisplayMessage":false,"stepsCount":0,"attachmentsCount":0,"hasContent":false},{"name":"setup_method_fixture","time":{"start":1701478968593,"stop":1701478978876,"duration":10283},"status":"broken","statusMessage":"selenium.common.exceptions.TimeoutException: Message: \nStacktrace:\n#0 0x559adb7c05e3 <unknown>\n#1 0x559adb4830b7 <unknown>\n#2 0x559adb4d0f53 <unknown>\n#3 0x559adb4d1051 <unknown>\n#4 0x559adb5169c4 <unknown>\n#5 0x559adb4f7f1d <unknown>\n#6 0x559adb513b3d <unknown>\n#7 0x559adb4f7cc3 <unknown>\n#8 0x559adb4c30e4 <unknown>\n#9 0x559adb4c40ae <unknown>\n#10 0x559adb786ce1 <unknown>\n#11 0x559adb78ab7e <unknown>\n#12 0x559adb7744b5 <unknown>\n#13 0x559adb78b7d6 <unknown>\n#14 0x559adb757dbf <unknown>\n#15 0x559adb7ae748 <unknown>\n#16 0x559adb7ae917 <unknown>\n#17 0x559adb7bf773 <unknown>\n#18 0x7f4751e94ac3 <unknown>\n\n","statusTrace":"  File \"/home/runner/work/kisangateway-test/kisangateway-test/.venv/lib/python3.11/site-packages/pluggy/_callers.py\", line 80, in _multicall\n    res = hook_impl.function(*args)\n          ^^^^^^^^^^^^^^^^^^^^^^^^^\n  File \"/home/runner/work/kisangateway-test/kisangateway-test/.venv/lib/python3.11/site-packages/_pytest/fixtures.py\", line 1123, in pytest_fixture_setup\n    result = call_fixture_func(fixturefunc, request, kwargs)\n             ^^^^^^^^^^^^^^^^^^^^^^^^^^^^^^^^^^^^^^^^^^^^^^^\n  File \"/home/runner/work/kisangateway-test/kisangateway-test/.venv/lib/python3.11/site-packages/_pytest/fixtures.py\", line 902, in call_fixture_func\n    fixture_result = fixturefunc(**kwargs)\n                     ^^^^^^^^^^^^^^^^^^^^^\n  File \"/home/runner/work/kisangateway-test/kisangateway-test/tests/test_workspaces.py\", line 23, in setup_method_fixture\n    login(secret_data, self.about_page, self.login_page)\n  File \"/home/runner/work/kisangateway-test/kisangateway-test/tests/test_workspaces.py\", line 13, in login\n    about_page.click_login_link()\n  File \"/home/runner/work/kisangateway-test/kisangateway-test/.venv/lib/python3.11/site-packages/allure_commons/_allure.py\", line 192, in impl\n    return func(*a, **kw)\n           ^^^^^^^^^^^^^^\n  File \"/home/runner/work/kisangateway-test/kisangateway-test/pages/about_page.py\", line 20, in click_login_link\n    self.click(self.LOGIN_LINK)\n  File \"/home/runner/work/kisangateway-test/kisangateway-test/pages/base_page.py\", line 38, in click\n    el: WebElement = self.wait.until(\n                     ^^^^^^^^^^^^^^^^\n  File \"/home/runner/work/kisangateway-test/kisangateway-test/.venv/lib/python3.11/site-packages/selenium/webdriver/support/wait.py\", line 95, in until\n    raise TimeoutException(message, screen, stacktrace)\n","steps":[{"name":"Click Login link","time":{"start":1701478968594,"stop":1701478978875,"duration":10281},"status":"broken","statusMessage":"selenium.common.exceptions.TimeoutException: Message: \nStacktrace:\n#0 0x559adb7c05e3 <unknown>\n#1 0x559adb4830b7 <unknown>\n#2 0x559adb4d0f53 <unknown>\n#3 0x559adb4d1051 <unknown>\n#4 0x559adb5169c4 <unknown>\n#5 0x559adb4f7f1d <unknown>\n#6 0x559adb513b3d <unknown>\n#7 0x559adb4f7cc3 <unknown>\n#8 0x559adb4c30e4 <unknown>\n#9 0x559adb4c40ae <unknown>\n#10 0x559adb786ce1 <unknown>\n#11 0x559adb78ab7e <unknown>\n#12 0x559adb7744b5 <unknown>\n#13 0x559adb78b7d6 <unknown>\n#14 0x559adb757dbf <unknown>\n#15 0x559adb7ae748 <unknown>\n#16 0x559adb7ae917 <unknown>\n#17 0x559adb7bf773 <unknown>\n#18 0x7f4751e94ac3 <unknown>\n\n","statusTrace":"  File \"/home/runner/work/kisangateway-test/kisangateway-test/.venv/lib/python3.11/site-packages/allure_commons/_allure.py\", line 192, in impl\n    return func(*a, **kw)\n           ^^^^^^^^^^^^^^\n  File \"/home/runner/work/kisangateway-test/kisangateway-test/pages/about_page.py\", line 20, in click_login_link\n    self.click(self.LOGIN_LINK)\n  File \"/home/runner/work/kisangateway-test/kisangateway-test/pages/base_page.py\", line 38, in click\n    el: WebElement = self.wait.until(\n                     ^^^^^^^^^^^^^^^^\n  File \"/home/runner/work/kisangateway-test/kisangateway-test/.venv/lib/python3.11/site-packages/selenium/webdriver/support/wait.py\", line 95, in until\n    raise TimeoutException(message, screen, stacktrace)\n","steps":[],"attachments":[],"parameters":[],"shouldDisplayMessage":true,"stepsCount":0,"attachmentsCount":0,"hasContent":true}],"attachments":[],"parameters":[],"shouldDisplayMessage":false,"stepsCount":1,"attachmentsCount":0,"hasContent":true}],"testStage":{"description":"Compare between the actual number of projects seen on page and the number shown in workspaces block","status":"broken","statusMessage":"selenium.common.exceptions.TimeoutException: Message: \nStacktrace:\n#0 0x559adb7c05e3 <unknown>\n#1 0x559adb4830b7 <unknown>\n#2 0x559adb4d0f53 <unknown>\n#3 0x559adb4d1051 <unknown>\n#4 0x559adb5169c4 <unknown>\n#5 0x559adb4f7f1d <unknown>\n#6 0x559adb513b3d <unknown>\n#7 0x559adb4f7cc3 <unknown>\n#8 0x559adb4c30e4 <unknown>\n#9 0x559adb4c40ae <unknown>\n#10 0x559adb786ce1 <unknown>\n#11 0x559adb78ab7e <unknown>\n#12 0x559adb7744b5 <unknown>\n#13 0x559adb78b7d6 <unknown>\n#14 0x559adb757dbf <unknown>\n#15 0x559adb7ae748 <unknown>\n#16 0x559adb7ae917 <unknown>\n#17 0x559adb7bf773 <unknown>\n#18 0x7f4751e94ac3 <unknown>","statusTrace":"self = <tests.test_workspaces.TestWorkspaces object at 0x7f5660c4d450>\nsecret_data = {'email': '', 'password': ''}\n\n    @pytest.fixture(autouse=True)\n    def setup_method_fixture(self, secret_data: dict):\n>       login(secret_data, self.about_page, self.login_page)\n\ntests/test_workspaces.py:23: \n_ _ _ _ _ _ _ _ _ _ _ _ _ _ _ _ _ _ _ _ _ _ _ _ _ _ _ _ _ _ _ _ _ _ _ _ _ _ _ _ \ntests/test_workspaces.py:13: in login\n    about_page.click_login_link()\npages/about_page.py:20: in click_login_link\n    self.click(self.LOGIN_LINK)\npages/base_page.py:38: in click\n    el: WebElement = self.wait.until(\n_ _ _ _ _ _ _ _ _ _ _ _ _ _ _ _ _ _ _ _ _ _ _ _ _ _ _ _ _ _ _ _ _ _ _ _ _ _ _ _ \n\nself = <selenium.webdriver.support.wait.WebDriverWait (session=\"a03084ede0accf7e4bdbe7cab99d25d6\")>\nmethod = <function element_to_be_clickable.<locals>._predicate at 0x7f5660b16e80>\nmessage = ''\n\n    def until(self, method, message: str = \"\"):\n        \"\"\"Calls the method provided with the driver as an argument until the \\\n        return value does not evaluate to ``False``.\n    \n        :param method: callable(WebDriver)\n        :param message: optional message for :exc:`TimeoutException`\n        :returns: the result of the last call to `method`\n        :raises: :exc:`selenium.common.exceptions.TimeoutException` if timeout occurs\n        \"\"\"\n        screen = None\n        stacktrace = None\n    \n        end_time = time.monotonic() + self._timeout\n        while True:\n            try:\n                value = method(self._driver)\n                if value:\n                    return value\n            except self._ignored_exceptions as exc:\n                screen = getattr(exc, \"screen\", None)\n                stacktrace = getattr(exc, \"stacktrace\", None)\n            time.sleep(self._poll)\n            if time.monotonic() > end_time:\n                break\n>       raise TimeoutException(message, screen, stacktrace)\nE       selenium.common.exceptions.TimeoutException: Message: \nE       Stacktrace:\nE       #0 0x559adb7c05e3 <unknown>\nE       #1 0x559adb4830b7 <unknown>\nE       #2 0x559adb4d0f53 <unknown>\nE       #3 0x559adb4d1051 <unknown>\nE       #4 0x559adb5169c4 <unknown>\nE       #5 0x559adb4f7f1d <unknown>\nE       #6 0x559adb513b3d <unknown>\nE       #7 0x559adb4f7cc3 <unknown>\nE       #8 0x559adb4c30e4 <unknown>\nE       #9 0x559adb4c40ae <unknown>\nE       #10 0x559adb786ce1 <unknown>\nE       #11 0x559adb78ab7e <unknown>\nE       #12 0x559adb7744b5 <unknown>\nE       #13 0x559adb78b7d6 <unknown>\nE       #14 0x559adb757dbf <unknown>\nE       #15 0x559adb7ae748 <unknown>\nE       #16 0x559adb7ae917 <unknown>\nE       #17 0x559adb7bf773 <unknown>\nE       #18 0x7f4751e94ac3 <unknown>\n\n.venv/lib/python3.11/site-packages/selenium/webdriver/support/wait.py:95: TimeoutException","steps":[],"attachments":[{"uid":"7550cf1774c025ea","name":"public ip address","source":"7550cf1774c025ea.txt","type":"text/plain","size":13},{"uid":"287c9c22b76b2d1","name":"Cookies","source":"287c9c22b76b2d1.json","type":"application/json","size":2},{"uid":"44295dffc758c6ec","name":"Session Storage","source":"44295dffc758c6ec.json","type":"application/json","size":2},{"uid":"1f44be6869fdf5ae","name":"Local Storage","source":"1f44be6869fdf5ae.json","type":"application/json","size":2},{"uid":"641e597c6751b314","name":"Console Logs","source":"641e597c6751b314.json","type":"application/json","size":2},{"uid":"69a355e69f298c98","name":"Full Page Screenshot","source":"69a355e69f298c98.png","type":"image/png","size":2669391},{"uid":"2fc6ead9b2a8bbbf","name":"URL","source":"2fc6ead9b2a8bbbf.uri","type":"text/uri-list","size":25},{"uid":"adddccc772a6f473","name":"Network Logs","source":"adddccc772a6f473.json","type":"application/json","size":14024}],"parameters":[],"shouldDisplayMessage":true,"stepsCount":0,"attachmentsCount":8,"hasContent":true},"afterStages":[],"labels":[{"name":"epic","value":"Workspaces"},{"name":"severity","value":"normal"},{"name":"story","value":"WorkSpaces Creation and Editing Functionality"},{"name":"tag","value":"run(order=4)"},{"name":"parentSuite","value":"tests"},{"name":"suite","value":"test_workspaces"},{"name":"subSuite","value":"TestWorkspaces"},{"name":"host","value":"fv-az841-991"},{"name":"thread","value":"2257-MainThread"},{"name":"framework","value":"pytest"},{"name":"language","value":"cpython3"},{"name":"package","value":"tests.test_workspaces"},{"name":"resultFormat","value":"allure2"}],"parameters":[],"links":[],"hidden":false,"retry":false,"extra":{"severity":"normal","retries":[],"categories":[{"name":"Test defects","matchedStatuses":[],"flaky":false}],"tags":["run(order=4)"]},"source":"e3ca479e29d5c5c.json","parameterValues":[]}