{"uid":"6fb93e6e6d3600d8","name":"Forgot Password with valid email test","fullName":"tests.test_forgot_password.TestForgotPassword#test_valid_email","historyId":"7ff7e178fd4f5b4b8deb31c8fc69c6a9","time":{"start":1701047228737,"stop":1701047238939,"duration":10202},"description":"Forgot password with a valid email address","descriptionHtml":"<p>Forgot password with a valid email address</p>\n","status":"broken","statusMessage":"selenium.common.exceptions.TimeoutException: Message: \nStacktrace:\n#0 0x560879ad05e3 <unknown>\n#1 0x5608797930b7 <unknown>\n#2 0x5608797e0f53 <unknown>\n#3 0x5608797e1051 <unknown>\n#4 0x5608798269c4 <unknown>\n#5 0x560879807f1d <unknown>\n#6 0x560879823b3d <unknown>\n#7 0x560879807cc3 <unknown>\n#8 0x5608797d30e4 <unknown>\n#9 0x5608797d40ae <unknown>\n#10 0x560879a96ce1 <unknown>\n#11 0x560879a9ab7e <unknown>\n#12 0x560879a844b5 <unknown>\n#13 0x560879a9b7d6 <unknown>\n#14 0x560879a67dbf <unknown>\n#15 0x560879abe748 <unknown>\n#16 0x560879abe917 <unknown>\n#17 0x560879acf773 <unknown>\n#18 0x7ff828894ac3 <unknown>","statusTrace":"self = <tests.test_forgot_password.TestForgotPassword object at 0x7fe8cc24c1d0>\njson_data = {'forgot_password': {'error_message': \"We can't find a user with that e-mail address.\", 'success_message': 'A reset li...you page', 'name': 'test', 'new_name': 'another test', 'no_project_found_msg': 'No project matches the criteria', ...}}\nsecret_data = {'email': '', 'password': ''}\n\n    @allure.description(\"Forgot password with a valid email address\")\n    @allure.title(\"Forgot Password with valid email test\")\n    def test_valid_email(self, json_data: dict, secret_data: dict):\n>       self.about_page.click_login_link()\n\ntests/test_forgot_password.py:19: \n_ _ _ _ _ _ _ _ _ _ _ _ _ _ _ _ _ _ _ _ _ _ _ _ _ _ _ _ _ _ _ _ _ _ _ _ _ _ _ _ \npages/about_page.py:20: in click_login_link\n    self.click(self.LOGIN_LINK)\npages/base_page.py:38: in click\n    el: WebElement = self.wait.until(\n_ _ _ _ _ _ _ _ _ _ _ _ _ _ _ _ _ _ _ _ _ _ _ _ _ _ _ _ _ _ _ _ _ _ _ _ _ _ _ _ \n\nself = <selenium.webdriver.support.wait.WebDriverWait (session=\"7551c6f2fbb51a73dd0fab66ab64d0bf\")>\nmethod = <function element_to_be_clickable.<locals>._predicate at 0x7fe8ca853060>\nmessage = ''\n\n    def until(self, method, message: str = \"\"):\n        \"\"\"Calls the method provided with the driver as an argument until the \\\n        return value does not evaluate to ``False``.\n    \n        :param method: callable(WebDriver)\n        :param message: optional message for :exc:`TimeoutException`\n        :returns: the result of the last call to `method`\n        :raises: :exc:`selenium.common.exceptions.TimeoutException` if timeout occurs\n        \"\"\"\n        screen = None\n        stacktrace = None\n    \n        end_time = time.monotonic() + self._timeout\n        while True:\n            try:\n                value = method(self._driver)\n                if value:\n                    return value\n            except self._ignored_exceptions as exc:\n                screen = getattr(exc, \"screen\", None)\n                stacktrace = getattr(exc, \"stacktrace\", None)\n            time.sleep(self._poll)\n            if time.monotonic() > end_time:\n                break\n>       raise TimeoutException(message, screen, stacktrace)\nE       selenium.common.exceptions.TimeoutException: Message: \nE       Stacktrace:\nE       #0 0x560879ad05e3 <unknown>\nE       #1 0x5608797930b7 <unknown>\nE       #2 0x5608797e0f53 <unknown>\nE       #3 0x5608797e1051 <unknown>\nE       #4 0x5608798269c4 <unknown>\nE       #5 0x560879807f1d <unknown>\nE       #6 0x560879823b3d <unknown>\nE       #7 0x560879807cc3 <unknown>\nE       #8 0x5608797d30e4 <unknown>\nE       #9 0x5608797d40ae <unknown>\nE       #10 0x560879a96ce1 <unknown>\nE       #11 0x560879a9ab7e <unknown>\nE       #12 0x560879a844b5 <unknown>\nE       #13 0x560879a9b7d6 <unknown>\nE       #14 0x560879a67dbf <unknown>\nE       #15 0x560879abe748 <unknown>\nE       #16 0x560879abe917 <unknown>\nE       #17 0x560879acf773 <unknown>\nE       #18 0x7ff828894ac3 <unknown>\n\n.venv/lib/python3.11/site-packages/selenium/webdriver/support/wait.py:95: TimeoutException","flaky":false,"newFailed":false,"newBroken":false,"newPassed":false,"retriesCount":0,"retriesStatusChange":false,"beforeStages":[{"name":"secret_data","time":{"start":1701047065996,"stop":1701047065997,"duration":1},"status":"passed","steps":[],"attachments":[],"parameters":[],"shouldDisplayMessage":false,"stepsCount":0,"attachmentsCount":0,"hasContent":false},{"name":"base_url","time":{"start":1701047065996,"stop":1701047065996,"duration":0},"status":"passed","steps":[],"attachments":[],"parameters":[],"shouldDisplayMessage":false,"stepsCount":0,"attachmentsCount":0,"hasContent":false},{"name":"_verify_url","time":{"start":1701047065996,"stop":1701047065996,"duration":0},"status":"passed","steps":[],"attachments":[],"parameters":[],"shouldDisplayMessage":false,"stepsCount":0,"attachmentsCount":0,"hasContent":false},{"name":"json_data","time":{"start":1701047065997,"stop":1701047065997,"duration":0},"status":"passed","steps":[],"attachments":[],"parameters":[],"shouldDisplayMessage":false,"stepsCount":0,"attachmentsCount":0,"hasContent":false}],"testStage":{"description":"Forgot password with a valid email address","status":"broken","statusMessage":"selenium.common.exceptions.TimeoutException: Message: \nStacktrace:\n#0 0x560879ad05e3 <unknown>\n#1 0x5608797930b7 <unknown>\n#2 0x5608797e0f53 <unknown>\n#3 0x5608797e1051 <unknown>\n#4 0x5608798269c4 <unknown>\n#5 0x560879807f1d <unknown>\n#6 0x560879823b3d <unknown>\n#7 0x560879807cc3 <unknown>\n#8 0x5608797d30e4 <unknown>\n#9 0x5608797d40ae <unknown>\n#10 0x560879a96ce1 <unknown>\n#11 0x560879a9ab7e <unknown>\n#12 0x560879a844b5 <unknown>\n#13 0x560879a9b7d6 <unknown>\n#14 0x560879a67dbf <unknown>\n#15 0x560879abe748 <unknown>\n#16 0x560879abe917 <unknown>\n#17 0x560879acf773 <unknown>\n#18 0x7ff828894ac3 <unknown>","statusTrace":"self = <tests.test_forgot_password.TestForgotPassword object at 0x7fe8cc24c1d0>\njson_data = {'forgot_password': {'error_message': \"We can't find a user with that e-mail address.\", 'success_message': 'A reset li...you page', 'name': 'test', 'new_name': 'another test', 'no_project_found_msg': 'No project matches the criteria', ...}}\nsecret_data = {'email': '', 'password': ''}\n\n    @allure.description(\"Forgot password with a valid email address\")\n    @allure.title(\"Forgot Password with valid email test\")\n    def test_valid_email(self, json_data: dict, secret_data: dict):\n>       self.about_page.click_login_link()\n\ntests/test_forgot_password.py:19: \n_ _ _ _ _ _ _ _ _ _ _ _ _ _ _ _ _ _ _ _ _ _ _ _ _ _ _ _ _ _ _ _ _ _ _ _ _ _ _ _ \npages/about_page.py:20: in click_login_link\n    self.click(self.LOGIN_LINK)\npages/base_page.py:38: in click\n    el: WebElement = self.wait.until(\n_ _ _ _ _ _ _ _ _ _ _ _ _ _ _ _ _ _ _ _ _ _ _ _ _ _ _ _ _ _ _ _ _ _ _ _ _ _ _ _ \n\nself = <selenium.webdriver.support.wait.WebDriverWait (session=\"7551c6f2fbb51a73dd0fab66ab64d0bf\")>\nmethod = <function element_to_be_clickable.<locals>._predicate at 0x7fe8ca853060>\nmessage = ''\n\n    def until(self, method, message: str = \"\"):\n        \"\"\"Calls the method provided with the driver as an argument until the \\\n        return value does not evaluate to ``False``.\n    \n        :param method: callable(WebDriver)\n        :param message: optional message for :exc:`TimeoutException`\n        :returns: the result of the last call to `method`\n        :raises: :exc:`selenium.common.exceptions.TimeoutException` if timeout occurs\n        \"\"\"\n        screen = None\n        stacktrace = None\n    \n        end_time = time.monotonic() + self._timeout\n        while True:\n            try:\n                value = method(self._driver)\n                if value:\n                    return value\n            except self._ignored_exceptions as exc:\n                screen = getattr(exc, \"screen\", None)\n                stacktrace = getattr(exc, \"stacktrace\", None)\n            time.sleep(self._poll)\n            if time.monotonic() > end_time:\n                break\n>       raise TimeoutException(message, screen, stacktrace)\nE       selenium.common.exceptions.TimeoutException: Message: \nE       Stacktrace:\nE       #0 0x560879ad05e3 <unknown>\nE       #1 0x5608797930b7 <unknown>\nE       #2 0x5608797e0f53 <unknown>\nE       #3 0x5608797e1051 <unknown>\nE       #4 0x5608798269c4 <unknown>\nE       #5 0x560879807f1d <unknown>\nE       #6 0x560879823b3d <unknown>\nE       #7 0x560879807cc3 <unknown>\nE       #8 0x5608797d30e4 <unknown>\nE       #9 0x5608797d40ae <unknown>\nE       #10 0x560879a96ce1 <unknown>\nE       #11 0x560879a9ab7e <unknown>\nE       #12 0x560879a844b5 <unknown>\nE       #13 0x560879a9b7d6 <unknown>\nE       #14 0x560879a67dbf <unknown>\nE       #15 0x560879abe748 <unknown>\nE       #16 0x560879abe917 <unknown>\nE       #17 0x560879acf773 <unknown>\nE       #18 0x7ff828894ac3 <unknown>\n\n.venv/lib/python3.11/site-packages/selenium/webdriver/support/wait.py:95: TimeoutException","steps":[{"name":"Click Login link","time":{"start":1701047228738,"stop":1701047238938,"duration":10200},"status":"broken","statusMessage":"selenium.common.exceptions.TimeoutException: Message: \nStacktrace:\n#0 0x560879ad05e3 <unknown>\n#1 0x5608797930b7 <unknown>\n#2 0x5608797e0f53 <unknown>\n#3 0x5608797e1051 <unknown>\n#4 0x5608798269c4 <unknown>\n#5 0x560879807f1d <unknown>\n#6 0x560879823b3d <unknown>\n#7 0x560879807cc3 <unknown>\n#8 0x5608797d30e4 <unknown>\n#9 0x5608797d40ae <unknown>\n#10 0x560879a96ce1 <unknown>\n#11 0x560879a9ab7e <unknown>\n#12 0x560879a844b5 <unknown>\n#13 0x560879a9b7d6 <unknown>\n#14 0x560879a67dbf <unknown>\n#15 0x560879abe748 <unknown>\n#16 0x560879abe917 <unknown>\n#17 0x560879acf773 <unknown>\n#18 0x7ff828894ac3 <unknown>\n\n","statusTrace":"  File \"/home/runner/work/kisangateway-test/kisangateway-test/.venv/lib/python3.11/site-packages/allure_commons/_allure.py\", line 192, in impl\n    return func(*a, **kw)\n           ^^^^^^^^^^^^^^\n  File \"/home/runner/work/kisangateway-test/kisangateway-test/pages/about_page.py\", line 20, in click_login_link\n    self.click(self.LOGIN_LINK)\n  File \"/home/runner/work/kisangateway-test/kisangateway-test/pages/base_page.py\", line 38, in click\n    el: WebElement = self.wait.until(\n                     ^^^^^^^^^^^^^^^^\n  File \"/home/runner/work/kisangateway-test/kisangateway-test/.venv/lib/python3.11/site-packages/selenium/webdriver/support/wait.py\", line 95, in until\n    raise TimeoutException(message, screen, stacktrace)\n","steps":[],"attachments":[],"parameters":[],"shouldDisplayMessage":true,"stepsCount":0,"attachmentsCount":0,"hasContent":true}],"attachments":[{"uid":"ca193ea5d3e5558f","name":"public ip address","source":"ca193ea5d3e5558f.txt","type":"text/plain","size":12},{"uid":"74c2e33371bed0e4","name":"Cookies","source":"74c2e33371bed0e4.json","type":"application/json","size":2},{"uid":"a212252bae6f4c80","name":"Session Storage","source":"a212252bae6f4c80.json","type":"application/json","size":2},{"uid":"178cf265d5c15bed","name":"Local Storage","source":"178cf265d5c15bed.json","type":"application/json","size":2},{"uid":"142ef7047f19f5c9","name":"Console Logs","source":"142ef7047f19f5c9.json","type":"application/json","size":2},{"uid":"81554967313536cc","name":"Full Page Screenshot","source":"81554967313536cc.png","type":"image/png","size":2669391},{"uid":"e7a699b7ad5e5d4","name":"URL","source":"e7a699b7ad5e5d4.uri","type":"text/uri-list","size":25},{"uid":"ebd998fe67b0a934","name":"Network Logs","source":"ebd998fe67b0a934.json","type":"application/json","size":13975}],"parameters":[],"shouldDisplayMessage":true,"stepsCount":1,"attachmentsCount":8,"hasContent":true},"afterStages":[],"labels":[{"name":"story","value":"Forgot Password Feature's Functionality"},{"name":"subSuite","value":"Custom sub suite"},{"name":"parentSuite","value":"Custom parent suite"},{"name":"suite","value":"Custom suite"},{"name":"epic","value":"Security"},{"name":"severity","value":"critical"},{"name":"tag","value":"security"},{"name":"host","value":"fv-az570-975"},{"name":"thread","value":"2305-MainThread"},{"name":"framework","value":"pytest"},{"name":"language","value":"cpython3"},{"name":"package","value":"tests.test_forgot_password"},{"name":"resultFormat","value":"allure2"}],"parameters":[],"links":[],"hidden":false,"retry":false,"extra":{"severity":"critical","retries":[],"categories":[{"name":"Test defects","matchedStatuses":[],"flaky":false}],"tags":["security"]},"source":"6fb93e6e6d3600d8.json","parameterValues":[]}