{"uid":"cc3de1c2d33184a5","name":"Delete existing workspace","fullName":"tests.test_workspaces.TestWorkspaces#test_delete_workspace","historyId":"426122535a758ca0ac1fcc53a87d9a4f","time":{"start":1708823119065,"stop":1708823119065,"duration":0},"description":"Delete an existing workspace","descriptionHtml":"<p>Delete an existing workspace</p>\n","status":"broken","statusMessage":"selenium.common.exceptions.TimeoutException: Message: \nStacktrace:\n#0 0x55a0501e9303 <unknown>\n#1 0x55a04fece2b7 <unknown>\n#2 0x55a04ff19cc0 <unknown>\n#3 0x55a04ff19db1 <unknown>\n#4 0x55a04ff5db44 <unknown>\n#5 0x55a04ff3c3ad <unknown>\n#6 0x55a04ff5b07c <unknown>\n#7 0x55a04ff3c123 <unknown>\n#8 0x55a04ff0c095 <unknown>\n#9 0x55a04ff0d09e <unknown>\n#10 0x55a0501ad6ab <unknown>\n#11 0x55a0501b14ba <unknown>\n#12 0x55a050199f85 <unknown>\n#13 0x55a0501b212f <unknown>\n#14 0x55a05017de6f <unknown>\n#15 0x55a0501d65f8 <unknown>\n#16 0x55a0501d67c2 <unknown>\n#17 0x55a0501e84a4 <unknown>\n#18 0x7fcbc7894ac3 <unknown>","statusTrace":"self = <tests.test_workspaces.TestWorkspaces object at 0x7f5830238f50>\nsecret_data = {'email': '', 'password': ''}\n\n    @pytest.fixture(autouse=True)\n    def setup_method_fixture(self, secret_data: dict):\n>       login(secret_data, self.about_page, self.login_page)\n\ntests/test_workspaces.py:23: \n_ _ _ _ _ _ _ _ _ _ _ _ _ _ _ _ _ _ _ _ _ _ _ _ _ _ _ _ _ _ _ _ _ _ _ _ _ _ _ _ \ntests/test_workspaces.py:13: in login\n    about_page.click_login_link()\npages/about_page.py:20: in click_login_link\n    self.click(self.LOGIN_LINK)\npages/base_page.py:38: in click\n    el: WebElement = self.wait.until(\n_ _ _ _ _ _ _ _ _ _ _ _ _ _ _ _ _ _ _ _ _ _ _ _ _ _ _ _ _ _ _ _ _ _ _ _ _ _ _ _ \n\nself = <selenium.webdriver.support.wait.WebDriverWait (session=\"6eb95bc6ccb7ee05fbcbae1e124d01c6\")>\nmethod = <function element_to_be_clickable.<locals>._predicate at 0x7f582fe0d940>\nmessage = ''\n\n    def until(self, method, message: str = \"\"):\n        \"\"\"Calls the method provided with the driver as an argument until the \\\n        return value does not evaluate to ``False``.\n    \n        :param method: callable(WebDriver)\n        :param message: optional message for :exc:`TimeoutException`\n        :returns: the result of the last call to `method`\n        :raises: :exc:`selenium.common.exceptions.TimeoutException` if timeout occurs\n        \"\"\"\n        screen = None\n        stacktrace = None\n    \n        end_time = time.monotonic() + self._timeout\n        while True:\n            try:\n                value = method(self._driver)\n                if value:\n                    return value\n            except self._ignored_exceptions as exc:\n                screen = getattr(exc, \"screen\", None)\n                stacktrace = getattr(exc, \"stacktrace\", None)\n            time.sleep(self._poll)\n            if time.monotonic() > end_time:\n                break\n>       raise TimeoutException(message, screen, stacktrace)\nE       selenium.common.exceptions.TimeoutException: Message: \nE       Stacktrace:\nE       #0 0x55a0501e9303 <unknown>\nE       #1 0x55a04fece2b7 <unknown>\nE       #2 0x55a04ff19cc0 <unknown>\nE       #3 0x55a04ff19db1 <unknown>\nE       #4 0x55a04ff5db44 <unknown>\nE       #5 0x55a04ff3c3ad <unknown>\nE       #6 0x55a04ff5b07c <unknown>\nE       #7 0x55a04ff3c123 <unknown>\nE       #8 0x55a04ff0c095 <unknown>\nE       #9 0x55a04ff0d09e <unknown>\nE       #10 0x55a0501ad6ab <unknown>\nE       #11 0x55a0501b14ba <unknown>\nE       #12 0x55a050199f85 <unknown>\nE       #13 0x55a0501b212f <unknown>\nE       #14 0x55a05017de6f <unknown>\nE       #15 0x55a0501d65f8 <unknown>\nE       #16 0x55a0501d67c2 <unknown>\nE       #17 0x55a0501e84a4 <unknown>\nE       #18 0x7fcbc7894ac3 <unknown>\n\n.venv/lib/python3.11/site-packages/selenium/webdriver/support/wait.py:95: TimeoutException","flaky":false,"newFailed":false,"newBroken":false,"newPassed":false,"retriesCount":0,"retriesStatusChange":false,"beforeStages":[{"name":"base_url","time":{"start":1708823041512,"stop":1708823041512,"duration":0},"status":"passed","steps":[],"attachments":[],"parameters":[],"shouldDisplayMessage":false,"stepsCount":0,"attachmentsCount":0,"hasContent":false,"attachmentStep":false},{"name":"secret_data","time":{"start":1708823041512,"stop":1708823041513,"duration":1},"status":"passed","steps":[],"attachments":[],"parameters":[],"shouldDisplayMessage":false,"stepsCount":0,"attachmentsCount":0,"hasContent":false,"attachmentStep":false},{"name":"_verify_url","time":{"start":1708823041512,"stop":1708823041512,"duration":0},"status":"passed","steps":[],"attachments":[],"parameters":[],"shouldDisplayMessage":false,"stepsCount":0,"attachmentsCount":0,"hasContent":false,"attachmentStep":false},{"name":"setup_method_fixture","time":{"start":1708823120501,"stop":1708823130683,"duration":10182},"status":"broken","statusMessage":"selenium.common.exceptions.TimeoutException: Message: \nStacktrace:\n#0 0x55a0501e9303 <unknown>\n#1 0x55a04fece2b7 <unknown>\n#2 0x55a04ff19cc0 <unknown>\n#3 0x55a04ff19db1 <unknown>\n#4 0x55a04ff5db44 <unknown>\n#5 0x55a04ff3c3ad <unknown>\n#6 0x55a04ff5b07c <unknown>\n#7 0x55a04ff3c123 <unknown>\n#8 0x55a04ff0c095 <unknown>\n#9 0x55a04ff0d09e <unknown>\n#10 0x55a0501ad6ab <unknown>\n#11 0x55a0501b14ba <unknown>\n#12 0x55a050199f85 <unknown>\n#13 0x55a0501b212f <unknown>\n#14 0x55a05017de6f <unknown>\n#15 0x55a0501d65f8 <unknown>\n#16 0x55a0501d67c2 <unknown>\n#17 0x55a0501e84a4 <unknown>\n#18 0x7fcbc7894ac3 <unknown>\n\n","statusTrace":"  File \"/home/runner/work/kisangateway-test/kisangateway-test/.venv/lib/python3.11/site-packages/pluggy/_callers.py\", line 80, in _multicall\n    res = hook_impl.function(*args)\n          ^^^^^^^^^^^^^^^^^^^^^^^^^\n  File \"/home/runner/work/kisangateway-test/kisangateway-test/.venv/lib/python3.11/site-packages/_pytest/fixtures.py\", line 1123, in pytest_fixture_setup\n    result = call_fixture_func(fixturefunc, request, kwargs)\n             ^^^^^^^^^^^^^^^^^^^^^^^^^^^^^^^^^^^^^^^^^^^^^^^\n  File \"/home/runner/work/kisangateway-test/kisangateway-test/.venv/lib/python3.11/site-packages/_pytest/fixtures.py\", line 902, in call_fixture_func\n    fixture_result = fixturefunc(**kwargs)\n                     ^^^^^^^^^^^^^^^^^^^^^\n  File \"/home/runner/work/kisangateway-test/kisangateway-test/tests/test_workspaces.py\", line 23, in setup_method_fixture\n    login(secret_data, self.about_page, self.login_page)\n  File \"/home/runner/work/kisangateway-test/kisangateway-test/tests/test_workspaces.py\", line 13, in login\n    about_page.click_login_link()\n  File \"/home/runner/work/kisangateway-test/kisangateway-test/.venv/lib/python3.11/site-packages/allure_commons/_allure.py\", line 192, in impl\n    return func(*a, **kw)\n           ^^^^^^^^^^^^^^\n  File \"/home/runner/work/kisangateway-test/kisangateway-test/pages/about_page.py\", line 20, in click_login_link\n    self.click(self.LOGIN_LINK)\n  File \"/home/runner/work/kisangateway-test/kisangateway-test/pages/base_page.py\", line 38, in click\n    el: WebElement = self.wait.until(\n                     ^^^^^^^^^^^^^^^^\n  File \"/home/runner/work/kisangateway-test/kisangateway-test/.venv/lib/python3.11/site-packages/selenium/webdriver/support/wait.py\", line 95, in until\n    raise TimeoutException(message, screen, stacktrace)\n","steps":[{"name":"Click Login link","time":{"start":1708823120502,"stop":1708823130683,"duration":10181},"status":"broken","statusMessage":"selenium.common.exceptions.TimeoutException: Message: \nStacktrace:\n#0 0x55a0501e9303 <unknown>\n#1 0x55a04fece2b7 <unknown>\n#2 0x55a04ff19cc0 <unknown>\n#3 0x55a04ff19db1 <unknown>\n#4 0x55a04ff5db44 <unknown>\n#5 0x55a04ff3c3ad <unknown>\n#6 0x55a04ff5b07c <unknown>\n#7 0x55a04ff3c123 <unknown>\n#8 0x55a04ff0c095 <unknown>\n#9 0x55a04ff0d09e <unknown>\n#10 0x55a0501ad6ab <unknown>\n#11 0x55a0501b14ba <unknown>\n#12 0x55a050199f85 <unknown>\n#13 0x55a0501b212f <unknown>\n#14 0x55a05017de6f <unknown>\n#15 0x55a0501d65f8 <unknown>\n#16 0x55a0501d67c2 <unknown>\n#17 0x55a0501e84a4 <unknown>\n#18 0x7fcbc7894ac3 <unknown>\n\n","statusTrace":"  File \"/home/runner/work/kisangateway-test/kisangateway-test/.venv/lib/python3.11/site-packages/allure_commons/_allure.py\", line 192, in impl\n    return func(*a, **kw)\n           ^^^^^^^^^^^^^^\n  File \"/home/runner/work/kisangateway-test/kisangateway-test/pages/about_page.py\", line 20, in click_login_link\n    self.click(self.LOGIN_LINK)\n  File \"/home/runner/work/kisangateway-test/kisangateway-test/pages/base_page.py\", line 38, in click\n    el: WebElement = self.wait.until(\n                     ^^^^^^^^^^^^^^^^\n  File \"/home/runner/work/kisangateway-test/kisangateway-test/.venv/lib/python3.11/site-packages/selenium/webdriver/support/wait.py\", line 95, in until\n    raise TimeoutException(message, screen, stacktrace)\n","steps":[],"attachments":[],"parameters":[],"shouldDisplayMessage":true,"stepsCount":0,"attachmentsCount":0,"hasContent":true,"attachmentStep":false}],"attachments":[],"parameters":[],"shouldDisplayMessage":false,"stepsCount":1,"attachmentsCount":0,"hasContent":true,"attachmentStep":false}],"testStage":{"description":"Delete an existing workspace","status":"broken","statusMessage":"selenium.common.exceptions.TimeoutException: Message: \nStacktrace:\n#0 0x55a0501e9303 <unknown>\n#1 0x55a04fece2b7 <unknown>\n#2 0x55a04ff19cc0 <unknown>\n#3 0x55a04ff19db1 <unknown>\n#4 0x55a04ff5db44 <unknown>\n#5 0x55a04ff3c3ad <unknown>\n#6 0x55a04ff5b07c <unknown>\n#7 0x55a04ff3c123 <unknown>\n#8 0x55a04ff0c095 <unknown>\n#9 0x55a04ff0d09e <unknown>\n#10 0x55a0501ad6ab <unknown>\n#11 0x55a0501b14ba <unknown>\n#12 0x55a050199f85 <unknown>\n#13 0x55a0501b212f <unknown>\n#14 0x55a05017de6f <unknown>\n#15 0x55a0501d65f8 <unknown>\n#16 0x55a0501d67c2 <unknown>\n#17 0x55a0501e84a4 <unknown>\n#18 0x7fcbc7894ac3 <unknown>","statusTrace":"self = <tests.test_workspaces.TestWorkspaces object at 0x7f5830238f50>\nsecret_data = {'email': '', 'password': ''}\n\n    @pytest.fixture(autouse=True)\n    def setup_method_fixture(self, secret_data: dict):\n>       login(secret_data, self.about_page, self.login_page)\n\ntests/test_workspaces.py:23: \n_ _ _ _ _ _ _ _ _ _ _ _ _ _ _ _ _ _ _ _ _ _ _ _ _ _ _ _ _ _ _ _ _ _ _ _ _ _ _ _ \ntests/test_workspaces.py:13: in login\n    about_page.click_login_link()\npages/about_page.py:20: in click_login_link\n    self.click(self.LOGIN_LINK)\npages/base_page.py:38: in click\n    el: WebElement = self.wait.until(\n_ _ _ _ _ _ _ _ _ _ _ _ _ _ _ _ _ _ _ _ _ _ _ _ _ _ _ _ _ _ _ _ _ _ _ _ _ _ _ _ \n\nself = <selenium.webdriver.support.wait.WebDriverWait (session=\"6eb95bc6ccb7ee05fbcbae1e124d01c6\")>\nmethod = <function element_to_be_clickable.<locals>._predicate at 0x7f582fe0d940>\nmessage = ''\n\n    def until(self, method, message: str = \"\"):\n        \"\"\"Calls the method provided with the driver as an argument until the \\\n        return value does not evaluate to ``False``.\n    \n        :param method: callable(WebDriver)\n        :param message: optional message for :exc:`TimeoutException`\n        :returns: the result of the last call to `method`\n        :raises: :exc:`selenium.common.exceptions.TimeoutException` if timeout occurs\n        \"\"\"\n        screen = None\n        stacktrace = None\n    \n        end_time = time.monotonic() + self._timeout\n        while True:\n            try:\n                value = method(self._driver)\n                if value:\n                    return value\n            except self._ignored_exceptions as exc:\n                screen = getattr(exc, \"screen\", None)\n                stacktrace = getattr(exc, \"stacktrace\", None)\n            time.sleep(self._poll)\n            if time.monotonic() > end_time:\n                break\n>       raise TimeoutException(message, screen, stacktrace)\nE       selenium.common.exceptions.TimeoutException: Message: \nE       Stacktrace:\nE       #0 0x55a0501e9303 <unknown>\nE       #1 0x55a04fece2b7 <unknown>\nE       #2 0x55a04ff19cc0 <unknown>\nE       #3 0x55a04ff19db1 <unknown>\nE       #4 0x55a04ff5db44 <unknown>\nE       #5 0x55a04ff3c3ad <unknown>\nE       #6 0x55a04ff5b07c <unknown>\nE       #7 0x55a04ff3c123 <unknown>\nE       #8 0x55a04ff0c095 <unknown>\nE       #9 0x55a04ff0d09e <unknown>\nE       #10 0x55a0501ad6ab <unknown>\nE       #11 0x55a0501b14ba <unknown>\nE       #12 0x55a050199f85 <unknown>\nE       #13 0x55a0501b212f <unknown>\nE       #14 0x55a05017de6f <unknown>\nE       #15 0x55a0501d65f8 <unknown>\nE       #16 0x55a0501d67c2 <unknown>\nE       #17 0x55a0501e84a4 <unknown>\nE       #18 0x7fcbc7894ac3 <unknown>\n\n.venv/lib/python3.11/site-packages/selenium/webdriver/support/wait.py:95: TimeoutException","steps":[],"attachments":[{"uid":"3847fcb834ca7696","name":"public ip address","source":"3847fcb834ca7696.txt","type":"text/plain","size":15},{"uid":"95ead6faa52ac328","name":"Cookies","source":"95ead6faa52ac328.json","type":"application/json","size":526},{"uid":"2658f89df85157fb","name":"Session Storage","source":"2658f89df85157fb.json","type":"application/json","size":2},{"uid":"34a8276f8285e4b1","name":"Local Storage","source":"34a8276f8285e4b1.json","type":"application/json","size":77},{"uid":"6d027b529295a98b","name":"Console Logs","source":"6d027b529295a98b.json","type":"application/json","size":310},{"uid":"7891436e558981b4","name":"Full Page Screenshot","source":"7891436e558981b4.png","type":"image/png","size":2476349},{"uid":"4ae35e9926c1686f","name":"URL","source":"4ae35e9926c1686f.uri","type":"text/uri-list","size":25},{"uid":"12e3524e3590661b","name":"Network Logs","source":"12e3524e3590661b.json","type":"application/json","size":1284260}],"parameters":[],"shouldDisplayMessage":true,"stepsCount":0,"attachmentsCount":8,"hasContent":true,"attachmentStep":false},"afterStages":[],"labels":[{"name":"severity","value":"normal"},{"name":"epic","value":"Workspaces"},{"name":"story","value":"WorkSpaces Creation and Editing Functionality"},{"name":"tag","value":"run(order=3)"},{"name":"parentSuite","value":"tests"},{"name":"suite","value":"test_workspaces"},{"name":"subSuite","value":"TestWorkspaces"},{"name":"host","value":"fv-az1020-984"},{"name":"thread","value":"2185-MainThread"},{"name":"framework","value":"pytest"},{"name":"language","value":"cpython3"},{"name":"package","value":"tests.test_workspaces"},{"name":"resultFormat","value":"allure2"}],"parameters":[],"links":[],"hidden":false,"retry":false,"extra":{"severity":"normal","retries":[],"categories":[{"name":"Test defects","matchedStatuses":[],"flaky":false}],"tags":["run(order=3)"]},"source":"cc3de1c2d33184a5.json","parameterValues":[]}