{"uid":"1a38d95920525c8d","name":"Login with valid credentials test","fullName":"tests.test_login.TestLogin#test_valid_login","historyId":"e7f254b9bfd5f2bc8d4a1ffa6dc7aebb","time":{"start":1694825900523,"stop":1694825910852,"duration":10329},"description":"valid login","descriptionHtml":"<p>valid login</p>\n","status":"broken","statusMessage":"selenium.common.exceptions.TimeoutException: Message: \nStacktrace:\n#0 0x55ecf15e8e23 <unknown>\n#1 0x55ecf13117a7 <unknown>\n#2 0x55ecf13501d3 <unknown>\n#3 0x55ecf13502c1 <unknown>\n#4 0x55ecf138ba04 <unknown>\n#5 0x55ecf137103d <unknown>\n#6 0x55ecf1389369 <unknown>\n#7 0x55ecf1370de3 <unknown>\n#8 0x55ecf1344a7b <unknown>\n#9 0x55ecf134581e <unknown>\n#10 0x55ecf15aa638 <unknown>\n#11 0x55ecf15ae507 <unknown>\n#12 0x55ecf15b8c4c <unknown>\n#13 0x55ecf15af136 <unknown>\n#14 0x55ecf157d9cf <unknown>\n#15 0x55ecf15d2b98 <unknown>\n#16 0x55ecf15d2d68 <unknown>\n#17 0x55ecf15e1cb3 <unknown>\n#18 0x7fb454094b43 <unknown>","statusTrace":"self = <tests.test_login.TestLogin object at 0x7efd4d2a1210>\nsecret_data = {'email': '', 'password': ''}\njson_data = {'forgot_password': {'error_message': \"We can't find a user with that e-mail address.\", 'success_message': 'A reset li...you page', 'name': 'test', 'new_name': 'another test', 'no_project_found_msg': 'No project matches the criteria', ...}}\n\n    @allure.description(\"valid login\")\n    @allure.title(\"Login with valid credentials test\")\n    @allure.tag(\"Tagged test\")\n    @pytest.mark.run(order=1)\n    def test_valid_login(self, secret_data: dict, json_data: dict):\n>       self.about_page.click_login_link()\n\ntests/test_login.py:39: \n_ _ _ _ _ _ _ _ _ _ _ _ _ _ _ _ _ _ _ _ _ _ _ _ _ _ _ _ _ _ _ _ _ _ _ _ _ _ _ _ \npages/about_page.py:20: in click_login_link\n    self.click(self.LOGIN_LINK)\npages/base_page.py:38: in click\n    el: WebElement = self.wait.until(\n_ _ _ _ _ _ _ _ _ _ _ _ _ _ _ _ _ _ _ _ _ _ _ _ _ _ _ _ _ _ _ _ _ _ _ _ _ _ _ _ \n\nself = <selenium.webdriver.support.wait.WebDriverWait (session=\"449b1d75e9cb163161662693b52b20ae\")>\nmethod = <function element_to_be_clickable.<locals>._predicate at 0x7efd4d2a5300>\nmessage = ''\n\n    def until(self, method, message: str = \"\"):\n        \"\"\"Calls the method provided with the driver as an argument until the \\\n        return value does not evaluate to ``False``.\n    \n        :param method: callable(WebDriver)\n        :param message: optional message for :exc:`TimeoutException`\n        :returns: the result of the last call to `method`\n        :raises: :exc:`selenium.common.exceptions.TimeoutException` if timeout occurs\n        \"\"\"\n        screen = None\n        stacktrace = None\n    \n        end_time = time.monotonic() + self._timeout\n        while True:\n            try:\n                value = method(self._driver)\n                if value:\n                    return value\n            except self._ignored_exceptions as exc:\n                screen = getattr(exc, \"screen\", None)\n                stacktrace = getattr(exc, \"stacktrace\", None)\n            time.sleep(self._poll)\n            if time.monotonic() > end_time:\n                break\n>       raise TimeoutException(message, screen, stacktrace)\nE       selenium.common.exceptions.TimeoutException: Message: \nE       Stacktrace:\nE       #0 0x55ecf15e8e23 <unknown>\nE       #1 0x55ecf13117a7 <unknown>\nE       #2 0x55ecf13501d3 <unknown>\nE       #3 0x55ecf13502c1 <unknown>\nE       #4 0x55ecf138ba04 <unknown>\nE       #5 0x55ecf137103d <unknown>\nE       #6 0x55ecf1389369 <unknown>\nE       #7 0x55ecf1370de3 <unknown>\nE       #8 0x55ecf1344a7b <unknown>\nE       #9 0x55ecf134581e <unknown>\nE       #10 0x55ecf15aa638 <unknown>\nE       #11 0x55ecf15ae507 <unknown>\nE       #12 0x55ecf15b8c4c <unknown>\nE       #13 0x55ecf15af136 <unknown>\nE       #14 0x55ecf157d9cf <unknown>\nE       #15 0x55ecf15d2b98 <unknown>\nE       #16 0x55ecf15d2d68 <unknown>\nE       #17 0x55ecf15e1cb3 <unknown>\nE       #18 0x7fb454094b43 <unknown>\n\n.venv/lib/python3.11/site-packages/selenium/webdriver/support/wait.py:95: TimeoutException","flaky":false,"newFailed":false,"newBroken":false,"newPassed":false,"retriesCount":0,"retriesStatusChange":false,"beforeStages":[{"name":"_verify_url","time":{"start":1694825900521,"stop":1694825900522,"duration":1},"status":"passed","steps":[],"attachments":[],"parameters":[],"shouldDisplayMessage":false,"stepsCount":0,"attachmentsCount":0,"hasContent":false},{"name":"base_url","time":{"start":1694825900521,"stop":1694825900521,"duration":0},"status":"passed","steps":[],"attachments":[],"parameters":[],"shouldDisplayMessage":false,"stepsCount":0,"attachmentsCount":0,"hasContent":false},{"name":"secret_data","time":{"start":1694825900522,"stop":1694825900522,"duration":0},"status":"passed","steps":[],"attachments":[],"parameters":[],"shouldDisplayMessage":false,"stepsCount":0,"attachmentsCount":0,"hasContent":false},{"name":"json_data","time":{"start":1694825900523,"stop":1694825900523,"duration":0},"status":"passed","steps":[],"attachments":[],"parameters":[],"shouldDisplayMessage":false,"stepsCount":0,"attachmentsCount":0,"hasContent":false}],"testStage":{"description":"valid login","status":"broken","statusMessage":"selenium.common.exceptions.TimeoutException: Message: \nStacktrace:\n#0 0x55ecf15e8e23 <unknown>\n#1 0x55ecf13117a7 <unknown>\n#2 0x55ecf13501d3 <unknown>\n#3 0x55ecf13502c1 <unknown>\n#4 0x55ecf138ba04 <unknown>\n#5 0x55ecf137103d <unknown>\n#6 0x55ecf1389369 <unknown>\n#7 0x55ecf1370de3 <unknown>\n#8 0x55ecf1344a7b <unknown>\n#9 0x55ecf134581e <unknown>\n#10 0x55ecf15aa638 <unknown>\n#11 0x55ecf15ae507 <unknown>\n#12 0x55ecf15b8c4c <unknown>\n#13 0x55ecf15af136 <unknown>\n#14 0x55ecf157d9cf <unknown>\n#15 0x55ecf15d2b98 <unknown>\n#16 0x55ecf15d2d68 <unknown>\n#17 0x55ecf15e1cb3 <unknown>\n#18 0x7fb454094b43 <unknown>","statusTrace":"self = <tests.test_login.TestLogin object at 0x7efd4d2a1210>\nsecret_data = {'email': '', 'password': ''}\njson_data = {'forgot_password': {'error_message': \"We can't find a user with that e-mail address.\", 'success_message': 'A reset li...you page', 'name': 'test', 'new_name': 'another test', 'no_project_found_msg': 'No project matches the criteria', ...}}\n\n    @allure.description(\"valid login\")\n    @allure.title(\"Login with valid credentials test\")\n    @allure.tag(\"Tagged test\")\n    @pytest.mark.run(order=1)\n    def test_valid_login(self, secret_data: dict, json_data: dict):\n>       self.about_page.click_login_link()\n\ntests/test_login.py:39: \n_ _ _ _ _ _ _ _ _ _ _ _ _ _ _ _ _ _ _ _ _ _ _ _ _ _ _ _ _ _ _ _ _ _ _ _ _ _ _ _ \npages/about_page.py:20: in click_login_link\n    self.click(self.LOGIN_LINK)\npages/base_page.py:38: in click\n    el: WebElement = self.wait.until(\n_ _ _ _ _ _ _ _ _ _ _ _ _ _ _ _ _ _ _ _ _ _ _ _ _ _ _ _ _ _ _ _ _ _ _ _ _ _ _ _ \n\nself = <selenium.webdriver.support.wait.WebDriverWait (session=\"449b1d75e9cb163161662693b52b20ae\")>\nmethod = <function element_to_be_clickable.<locals>._predicate at 0x7efd4d2a5300>\nmessage = ''\n\n    def until(self, method, message: str = \"\"):\n        \"\"\"Calls the method provided with the driver as an argument until the \\\n        return value does not evaluate to ``False``.\n    \n        :param method: callable(WebDriver)\n        :param message: optional message for :exc:`TimeoutException`\n        :returns: the result of the last call to `method`\n        :raises: :exc:`selenium.common.exceptions.TimeoutException` if timeout occurs\n        \"\"\"\n        screen = None\n        stacktrace = None\n    \n        end_time = time.monotonic() + self._timeout\n        while True:\n            try:\n                value = method(self._driver)\n                if value:\n                    return value\n            except self._ignored_exceptions as exc:\n                screen = getattr(exc, \"screen\", None)\n                stacktrace = getattr(exc, \"stacktrace\", None)\n            time.sleep(self._poll)\n            if time.monotonic() > end_time:\n                break\n>       raise TimeoutException(message, screen, stacktrace)\nE       selenium.common.exceptions.TimeoutException: Message: \nE       Stacktrace:\nE       #0 0x55ecf15e8e23 <unknown>\nE       #1 0x55ecf13117a7 <unknown>\nE       #2 0x55ecf13501d3 <unknown>\nE       #3 0x55ecf13502c1 <unknown>\nE       #4 0x55ecf138ba04 <unknown>\nE       #5 0x55ecf137103d <unknown>\nE       #6 0x55ecf1389369 <unknown>\nE       #7 0x55ecf1370de3 <unknown>\nE       #8 0x55ecf1344a7b <unknown>\nE       #9 0x55ecf134581e <unknown>\nE       #10 0x55ecf15aa638 <unknown>\nE       #11 0x55ecf15ae507 <unknown>\nE       #12 0x55ecf15b8c4c <unknown>\nE       #13 0x55ecf15af136 <unknown>\nE       #14 0x55ecf157d9cf <unknown>\nE       #15 0x55ecf15d2b98 <unknown>\nE       #16 0x55ecf15d2d68 <unknown>\nE       #17 0x55ecf15e1cb3 <unknown>\nE       #18 0x7fb454094b43 <unknown>\n\n.venv/lib/python3.11/site-packages/selenium/webdriver/support/wait.py:95: TimeoutException","steps":[{"name":"Click Login link","time":{"start":1694825900525,"stop":1694825910850,"duration":10325},"status":"broken","statusMessage":"selenium.common.exceptions.TimeoutException: Message: \nStacktrace:\n#0 0x55ecf15e8e23 <unknown>\n#1 0x55ecf13117a7 <unknown>\n#2 0x55ecf13501d3 <unknown>\n#3 0x55ecf13502c1 <unknown>\n#4 0x55ecf138ba04 <unknown>\n#5 0x55ecf137103d <unknown>\n#6 0x55ecf1389369 <unknown>\n#7 0x55ecf1370de3 <unknown>\n#8 0x55ecf1344a7b <unknown>\n#9 0x55ecf134581e <unknown>\n#10 0x55ecf15aa638 <unknown>\n#11 0x55ecf15ae507 <unknown>\n#12 0x55ecf15b8c4c <unknown>\n#13 0x55ecf15af136 <unknown>\n#14 0x55ecf157d9cf <unknown>\n#15 0x55ecf15d2b98 <unknown>\n#16 0x55ecf15d2d68 <unknown>\n#17 0x55ecf15e1cb3 <unknown>\n#18 0x7fb454094b43 <unknown>\n\n","statusTrace":"  File \"/home/runner/work/kisangateway-test/kisangateway-test/.venv/lib/python3.11/site-packages/allure_commons/_allure.py\", line 192, in impl\n    return func(*a, **kw)\n           ^^^^^^^^^^^^^^\n  File \"/home/runner/work/kisangateway-test/kisangateway-test/pages/about_page.py\", line 20, in click_login_link\n    self.click(self.LOGIN_LINK)\n  File \"/home/runner/work/kisangateway-test/kisangateway-test/pages/base_page.py\", line 38, in click\n    el: WebElement = self.wait.until(\n                     ^^^^^^^^^^^^^^^^\n  File \"/home/runner/work/kisangateway-test/kisangateway-test/.venv/lib/python3.11/site-packages/selenium/webdriver/support/wait.py\", line 95, in until\n    raise TimeoutException(message, screen, stacktrace)\n","steps":[],"attachments":[],"parameters":[],"shouldDisplayMessage":true,"stepsCount":0,"attachmentsCount":0,"hasContent":true}],"attachments":[{"uid":"f5cc075b2aea7347","name":"public ip address","source":"f5cc075b2aea7347.txt","type":"text/plain","size":12},{"uid":"b170019f5ef1b0d3","name":"Cookies","source":"b170019f5ef1b0d3.json","type":"application/json","size":2},{"uid":"9f545944d5e9adce","name":"Session Storage","source":"9f545944d5e9adce.json","type":"application/json","size":2},{"uid":"3b3c9756151bfc9d","name":"Local Storage","source":"3b3c9756151bfc9d.json","type":"application/json","size":2},{"uid":"446fa100f0c73062","name":"Console Logs","source":"446fa100f0c73062.json","type":"application/json","size":2},{"uid":"210daf1601af2b0c","name":"Full Page Screenshot","source":"210daf1601af2b0c.png","type":"image/png","size":1543603},{"uid":"79a430fcc56a743b","name":"URL","source":"79a430fcc56a743b.uri","type":"text/uri-list","size":25},{"uid":"b72cbc1d7a3d52ce","name":"Network Logs","source":"b72cbc1d7a3d52ce.json","type":"application/json","size":2}],"parameters":[],"shouldDisplayMessage":true,"stepsCount":1,"attachmentsCount":8,"hasContent":true},"afterStages":[],"labels":[{"name":"severity","value":"blocker"},{"name":"epic","value":"Security"},{"name":"feature","value":"Login"},{"name":"tag","value":"Tagged test"},{"name":"tag","value":"run(order=1)"},{"name":"tag","value":"security"},{"name":"parentSuite","value":"tests"},{"name":"suite","value":"test_login"},{"name":"subSuite","value":"TestLogin"},{"name":"host","value":"fv-az1235-392"},{"name":"thread","value":"2110-MainThread"},{"name":"framework","value":"pytest"},{"name":"language","value":"cpython3"},{"name":"package","value":"tests.test_login"},{"name":"resultFormat","value":"allure2"}],"parameters":[],"links":[],"hidden":false,"retry":false,"extra":{"severity":"blocker","retries":[],"categories":[{"name":"Test defects","matchedStatuses":[],"flaky":false}],"tags":["security","Tagged test","run(order=1)"]},"source":"1a38d95920525c8d.json","parameterValues":[]}