{"uid":"b294b08165873163","name":"Login with invalid credentials test","fullName":"tests.test_login.TestLogin#test_invalid_login","historyId":"ebd85894ef649ef37954355e1db2cb03","time":{"start":1694825967084,"stop":1694825977567,"duration":10483},"description":"invalid login","descriptionHtml":"<p>invalid login</p>\n","status":"broken","statusMessage":"selenium.common.exceptions.TimeoutException: Message: \nStacktrace:\n#0 0x56555377be23 <unknown>\n#1 0x5655534a47a7 <unknown>\n#2 0x5655534e31d3 <unknown>\n#3 0x5655534e32c1 <unknown>\n#4 0x56555351ea04 <unknown>\n#5 0x56555350403d <unknown>\n#6 0x56555351c369 <unknown>\n#7 0x565553503de3 <unknown>\n#8 0x5655534d7a7b <unknown>\n#9 0x5655534d881e <unknown>\n#10 0x56555373d638 <unknown>\n#11 0x565553741507 <unknown>\n#12 0x56555374bc4c <unknown>\n#13 0x565553742136 <unknown>\n#14 0x5655537109cf <unknown>\n#15 0x565553765b98 <unknown>\n#16 0x565553765d68 <unknown>\n#17 0x565553774cb3 <unknown>\n#18 0x7f05b3494b43 <unknown>","statusTrace":"self = <tests.test_login.TestLogin object at 0x7efd4d254a50>\nemail = 'elias@gmail.com', password = '12345Tr'\njson_data = {'forgot_password': {'error_message': \"We can't find a user with that e-mail address.\", 'success_message': 'A reset li...you page', 'name': 'test', 'new_name': 'another test', 'no_project_found_msg': 'No project matches the criteria', ...}}\n\n    @allure.description(\"invalid login\")\n    @allure.title(\"Login with invalid credentials test\")\n    @pytest.mark.parametrize(\"email, password\", users)\n    @pytest.mark.run(order=3)\n    def test_invalid_login(self, email: str, password: str, json_data: dict):\n>       self.about_page.click_login_link()\n\ntests/test_login.py:22: \n_ _ _ _ _ _ _ _ _ _ _ _ _ _ _ _ _ _ _ _ _ _ _ _ _ _ _ _ _ _ _ _ _ _ _ _ _ _ _ _ \npages/about_page.py:20: in click_login_link\n    self.click(self.LOGIN_LINK)\npages/base_page.py:38: in click\n    el: WebElement = self.wait.until(\n_ _ _ _ _ _ _ _ _ _ _ _ _ _ _ _ _ _ _ _ _ _ _ _ _ _ _ _ _ _ _ _ _ _ _ _ _ _ _ _ \n\nself = <selenium.webdriver.support.wait.WebDriverWait (session=\"b1435ccc1e1b66b25e8f8d76ee1aed7c\")>\nmethod = <function element_to_be_clickable.<locals>._predicate at 0x7efd4d2e23e0>\nmessage = ''\n\n    def until(self, method, message: str = \"\"):\n        \"\"\"Calls the method provided with the driver as an argument until the \\\n        return value does not evaluate to ``False``.\n    \n        :param method: callable(WebDriver)\n        :param message: optional message for :exc:`TimeoutException`\n        :returns: the result of the last call to `method`\n        :raises: :exc:`selenium.common.exceptions.TimeoutException` if timeout occurs\n        \"\"\"\n        screen = None\n        stacktrace = None\n    \n        end_time = time.monotonic() + self._timeout\n        while True:\n            try:\n                value = method(self._driver)\n                if value:\n                    return value\n            except self._ignored_exceptions as exc:\n                screen = getattr(exc, \"screen\", None)\n                stacktrace = getattr(exc, \"stacktrace\", None)\n            time.sleep(self._poll)\n            if time.monotonic() > end_time:\n                break\n>       raise TimeoutException(message, screen, stacktrace)\nE       selenium.common.exceptions.TimeoutException: Message: \nE       Stacktrace:\nE       #0 0x56555377be23 <unknown>\nE       #1 0x5655534a47a7 <unknown>\nE       #2 0x5655534e31d3 <unknown>\nE       #3 0x5655534e32c1 <unknown>\nE       #4 0x56555351ea04 <unknown>\nE       #5 0x56555350403d <unknown>\nE       #6 0x56555351c369 <unknown>\nE       #7 0x565553503de3 <unknown>\nE       #8 0x5655534d7a7b <unknown>\nE       #9 0x5655534d881e <unknown>\nE       #10 0x56555373d638 <unknown>\nE       #11 0x565553741507 <unknown>\nE       #12 0x56555374bc4c <unknown>\nE       #13 0x565553742136 <unknown>\nE       #14 0x5655537109cf <unknown>\nE       #15 0x565553765b98 <unknown>\nE       #16 0x565553765d68 <unknown>\nE       #17 0x565553774cb3 <unknown>\nE       #18 0x7f05b3494b43 <unknown>\n\n.venv/lib/python3.11/site-packages/selenium/webdriver/support/wait.py:95: TimeoutException","flaky":false,"newFailed":false,"newBroken":false,"newPassed":false,"retriesCount":0,"retriesStatusChange":false,"beforeStages":[{"name":"_verify_url","time":{"start":1694825900521,"stop":1694825900522,"duration":1},"status":"passed","steps":[],"attachments":[],"parameters":[],"shouldDisplayMessage":false,"stepsCount":0,"attachmentsCount":0,"hasContent":false},{"name":"base_url","time":{"start":1694825900521,"stop":1694825900521,"duration":0},"status":"passed","steps":[],"attachments":[],"parameters":[],"shouldDisplayMessage":false,"stepsCount":0,"attachmentsCount":0,"hasContent":false},{"name":"json_data","time":{"start":1694825900523,"stop":1694825900523,"duration":0},"status":"passed","steps":[],"attachments":[],"parameters":[],"shouldDisplayMessage":false,"stepsCount":0,"attachmentsCount":0,"hasContent":false}],"testStage":{"description":"invalid login","status":"broken","statusMessage":"selenium.common.exceptions.TimeoutException: Message: \nStacktrace:\n#0 0x56555377be23 <unknown>\n#1 0x5655534a47a7 <unknown>\n#2 0x5655534e31d3 <unknown>\n#3 0x5655534e32c1 <unknown>\n#4 0x56555351ea04 <unknown>\n#5 0x56555350403d <unknown>\n#6 0x56555351c369 <unknown>\n#7 0x565553503de3 <unknown>\n#8 0x5655534d7a7b <unknown>\n#9 0x5655534d881e <unknown>\n#10 0x56555373d638 <unknown>\n#11 0x565553741507 <unknown>\n#12 0x56555374bc4c <unknown>\n#13 0x565553742136 <unknown>\n#14 0x5655537109cf <unknown>\n#15 0x565553765b98 <unknown>\n#16 0x565553765d68 <unknown>\n#17 0x565553774cb3 <unknown>\n#18 0x7f05b3494b43 <unknown>","statusTrace":"self = <tests.test_login.TestLogin object at 0x7efd4d254a50>\nemail = 'elias@gmail.com', password = '12345Tr'\njson_data = {'forgot_password': {'error_message': \"We can't find a user with that e-mail address.\", 'success_message': 'A reset li...you page', 'name': 'test', 'new_name': 'another test', 'no_project_found_msg': 'No project matches the criteria', ...}}\n\n    @allure.description(\"invalid login\")\n    @allure.title(\"Login with invalid credentials test\")\n    @pytest.mark.parametrize(\"email, password\", users)\n    @pytest.mark.run(order=3)\n    def test_invalid_login(self, email: str, password: str, json_data: dict):\n>       self.about_page.click_login_link()\n\ntests/test_login.py:22: \n_ _ _ _ _ _ _ _ _ _ _ _ _ _ _ _ _ _ _ _ _ _ _ _ _ _ _ _ _ _ _ _ _ _ _ _ _ _ _ _ \npages/about_page.py:20: in click_login_link\n    self.click(self.LOGIN_LINK)\npages/base_page.py:38: in click\n    el: WebElement = self.wait.until(\n_ _ _ _ _ _ _ _ _ _ _ _ _ _ _ _ _ _ _ _ _ _ _ _ _ _ _ _ _ _ _ _ _ _ _ _ _ _ _ _ \n\nself = <selenium.webdriver.support.wait.WebDriverWait (session=\"b1435ccc1e1b66b25e8f8d76ee1aed7c\")>\nmethod = <function element_to_be_clickable.<locals>._predicate at 0x7efd4d2e23e0>\nmessage = ''\n\n    def until(self, method, message: str = \"\"):\n        \"\"\"Calls the method provided with the driver as an argument until the \\\n        return value does not evaluate to ``False``.\n    \n        :param method: callable(WebDriver)\n        :param message: optional message for :exc:`TimeoutException`\n        :returns: the result of the last call to `method`\n        :raises: :exc:`selenium.common.exceptions.TimeoutException` if timeout occurs\n        \"\"\"\n        screen = None\n        stacktrace = None\n    \n        end_time = time.monotonic() + self._timeout\n        while True:\n            try:\n                value = method(self._driver)\n                if value:\n                    return value\n            except self._ignored_exceptions as exc:\n                screen = getattr(exc, \"screen\", None)\n                stacktrace = getattr(exc, \"stacktrace\", None)\n            time.sleep(self._poll)\n            if time.monotonic() > end_time:\n                break\n>       raise TimeoutException(message, screen, stacktrace)\nE       selenium.common.exceptions.TimeoutException: Message: \nE       Stacktrace:\nE       #0 0x56555377be23 <unknown>\nE       #1 0x5655534a47a7 <unknown>\nE       #2 0x5655534e31d3 <unknown>\nE       #3 0x5655534e32c1 <unknown>\nE       #4 0x56555351ea04 <unknown>\nE       #5 0x56555350403d <unknown>\nE       #6 0x56555351c369 <unknown>\nE       #7 0x565553503de3 <unknown>\nE       #8 0x5655534d7a7b <unknown>\nE       #9 0x5655534d881e <unknown>\nE       #10 0x56555373d638 <unknown>\nE       #11 0x565553741507 <unknown>\nE       #12 0x56555374bc4c <unknown>\nE       #13 0x565553742136 <unknown>\nE       #14 0x5655537109cf <unknown>\nE       #15 0x565553765b98 <unknown>\nE       #16 0x565553765d68 <unknown>\nE       #17 0x565553774cb3 <unknown>\nE       #18 0x7f05b3494b43 <unknown>\n\n.venv/lib/python3.11/site-packages/selenium/webdriver/support/wait.py:95: TimeoutException","steps":[{"name":"Click Login link","time":{"start":1694825967084,"stop":1694825977566,"duration":10482},"status":"broken","statusMessage":"selenium.common.exceptions.TimeoutException: Message: \nStacktrace:\n#0 0x56555377be23 <unknown>\n#1 0x5655534a47a7 <unknown>\n#2 0x5655534e31d3 <unknown>\n#3 0x5655534e32c1 <unknown>\n#4 0x56555351ea04 <unknown>\n#5 0x56555350403d <unknown>\n#6 0x56555351c369 <unknown>\n#7 0x565553503de3 <unknown>\n#8 0x5655534d7a7b <unknown>\n#9 0x5655534d881e <unknown>\n#10 0x56555373d638 <unknown>\n#11 0x565553741507 <unknown>\n#12 0x56555374bc4c <unknown>\n#13 0x565553742136 <unknown>\n#14 0x5655537109cf <unknown>\n#15 0x565553765b98 <unknown>\n#16 0x565553765d68 <unknown>\n#17 0x565553774cb3 <unknown>\n#18 0x7f05b3494b43 <unknown>\n\n","statusTrace":"  File \"/home/runner/work/kisangateway-test/kisangateway-test/.venv/lib/python3.11/site-packages/allure_commons/_allure.py\", line 192, in impl\n    return func(*a, **kw)\n           ^^^^^^^^^^^^^^\n  File \"/home/runner/work/kisangateway-test/kisangateway-test/pages/about_page.py\", line 20, in click_login_link\n    self.click(self.LOGIN_LINK)\n  File \"/home/runner/work/kisangateway-test/kisangateway-test/pages/base_page.py\", line 38, in click\n    el: WebElement = self.wait.until(\n                     ^^^^^^^^^^^^^^^^\n  File \"/home/runner/work/kisangateway-test/kisangateway-test/.venv/lib/python3.11/site-packages/selenium/webdriver/support/wait.py\", line 95, in until\n    raise TimeoutException(message, screen, stacktrace)\n","steps":[],"attachments":[],"parameters":[],"shouldDisplayMessage":true,"stepsCount":0,"attachmentsCount":0,"hasContent":true}],"attachments":[{"uid":"360ae81658ed73b0","name":"public ip address","source":"360ae81658ed73b0.txt","type":"text/plain","size":12},{"uid":"455ce80eab27b406","name":"Cookies","source":"455ce80eab27b406.json","type":"application/json","size":2},{"uid":"63a2c3730f524d7","name":"Session Storage","source":"63a2c3730f524d7.json","type":"application/json","size":2},{"uid":"4053bd9f6f564d8a","name":"Local Storage","source":"4053bd9f6f564d8a.json","type":"application/json","size":2},{"uid":"93ef4b2b6d8a9d39","name":"Console Logs","source":"93ef4b2b6d8a9d39.json","type":"application/json","size":2},{"uid":"baef158d846a964","name":"Full Page Screenshot","source":"baef158d846a964.png","type":"image/png","size":1543603},{"uid":"9e1ffd52b2bdaa1d","name":"URL","source":"9e1ffd52b2bdaa1d.uri","type":"text/uri-list","size":25},{"uid":"696fcae31dc3cb85","name":"Network Logs","source":"696fcae31dc3cb85.json","type":"application/json","size":2}],"parameters":[],"shouldDisplayMessage":true,"stepsCount":1,"attachmentsCount":8,"hasContent":true},"afterStages":[],"labels":[{"name":"severity","value":"blocker"},{"name":"feature","value":"Login"},{"name":"epic","value":"Security"},{"name":"tag","value":"run(order=3)"},{"name":"tag","value":"security"},{"name":"parentSuite","value":"tests"},{"name":"suite","value":"test_login"},{"name":"subSuite","value":"TestLogin"},{"name":"host","value":"fv-az1235-392"},{"name":"thread","value":"2110-MainThread"},{"name":"framework","value":"pytest"},{"name":"language","value":"cpython3"},{"name":"package","value":"tests.test_login"},{"name":"resultFormat","value":"allure2"}],"parameters":[{"name":"email","value":"'elias@gmail.com'"},{"name":"password","value":"'12345Tr'"}],"links":[],"hidden":false,"retry":false,"extra":{"severity":"blocker","retries":[],"categories":[{"name":"Test defects","matchedStatuses":[],"flaky":false}],"tags":["run(order=3)","security"]},"source":"b294b08165873163.json","parameterValues":["'elias@gmail.com'","'12345Tr'"]}