{"uid":"d3e2659ae7e08baf","name":"Forgot Password with invalid email test","fullName":"tests.test_forgot_password.TestForgotPassword#test_invalid_email","historyId":"3743e16c5d15da2a1434ee4e2dd39a43","time":{"start":1694826087183,"stop":1694826097673,"duration":10490},"description":"Forgot Password with invalid email address","descriptionHtml":"<p>Forgot Password with invalid email address</p>\n","status":"broken","statusMessage":"selenium.common.exceptions.TimeoutException: Message: \nStacktrace:\n#0 0x55d7111a8e23 <unknown>\n#1 0x55d710ed17a7 <unknown>\n#2 0x55d710f101d3 <unknown>\n#3 0x55d710f102c1 <unknown>\n#4 0x55d710f4ba04 <unknown>\n#5 0x55d710f3103d <unknown>\n#6 0x55d710f49369 <unknown>\n#7 0x55d710f30de3 <unknown>\n#8 0x55d710f04a7b <unknown>\n#9 0x55d710f0581e <unknown>\n#10 0x55d71116a638 <unknown>\n#11 0x55d71116e507 <unknown>\n#12 0x55d711178c4c <unknown>\n#13 0x55d71116f136 <unknown>\n#14 0x55d71113d9cf <unknown>\n#15 0x55d711192b98 <unknown>\n#16 0x55d711192d68 <unknown>\n#17 0x55d7111a1cb3 <unknown>\n#18 0x7fc3a9c94b43 <unknown>","statusTrace":"self = <tests.test_forgot_password.TestForgotPassword object at 0x7efd4d24ac90>\nexcel_reader = <utils.excel_parser.ExcelParser object at 0x7efd4d20a190>\njson_data = {'forgot_password': {'error_message': \"We can't find a user with that e-mail address.\", 'success_message': 'A reset li...you page', 'name': 'test', 'new_name': 'another test', 'no_project_found_msg': 'No project matches the criteria', ...}}\n\n    @allure.description(\"Forgot Password with invalid email address\")\n    @allure.title(\"Forgot Password with invalid email test\")\n    def test_invalid_email(self, excel_reader, json_data: dict):\n        emails = excel_reader.read_from_excel(\"Emails\")\n>       self.about_page.click_login_link()\n\ntests/test_forgot_password.py:31: \n_ _ _ _ _ _ _ _ _ _ _ _ _ _ _ _ _ _ _ _ _ _ _ _ _ _ _ _ _ _ _ _ _ _ _ _ _ _ _ _ \npages/about_page.py:20: in click_login_link\n    self.click(self.LOGIN_LINK)\npages/base_page.py:38: in click\n    el: WebElement = self.wait.until(\n_ _ _ _ _ _ _ _ _ _ _ _ _ _ _ _ _ _ _ _ _ _ _ _ _ _ _ _ _ _ _ _ _ _ _ _ _ _ _ _ \n\nself = <selenium.webdriver.support.wait.WebDriverWait (session=\"349bea4695a554306bcbd57e6b80d372\")>\nmethod = <function element_to_be_clickable.<locals>._predicate at 0x7efd4d0923e0>\nmessage = ''\n\n    def until(self, method, message: str = \"\"):\n        \"\"\"Calls the method provided with the driver as an argument until the \\\n        return value does not evaluate to ``False``.\n    \n        :param method: callable(WebDriver)\n        :param message: optional message for :exc:`TimeoutException`\n        :returns: the result of the last call to `method`\n        :raises: :exc:`selenium.common.exceptions.TimeoutException` if timeout occurs\n        \"\"\"\n        screen = None\n        stacktrace = None\n    \n        end_time = time.monotonic() + self._timeout\n        while True:\n            try:\n                value = method(self._driver)\n                if value:\n                    return value\n            except self._ignored_exceptions as exc:\n                screen = getattr(exc, \"screen\", None)\n                stacktrace = getattr(exc, \"stacktrace\", None)\n            time.sleep(self._poll)\n            if time.monotonic() > end_time:\n                break\n>       raise TimeoutException(message, screen, stacktrace)\nE       selenium.common.exceptions.TimeoutException: Message: \nE       Stacktrace:\nE       #0 0x55d7111a8e23 <unknown>\nE       #1 0x55d710ed17a7 <unknown>\nE       #2 0x55d710f101d3 <unknown>\nE       #3 0x55d710f102c1 <unknown>\nE       #4 0x55d710f4ba04 <unknown>\nE       #5 0x55d710f3103d <unknown>\nE       #6 0x55d710f49369 <unknown>\nE       #7 0x55d710f30de3 <unknown>\nE       #8 0x55d710f04a7b <unknown>\nE       #9 0x55d710f0581e <unknown>\nE       #10 0x55d71116a638 <unknown>\nE       #11 0x55d71116e507 <unknown>\nE       #12 0x55d711178c4c <unknown>\nE       #13 0x55d71116f136 <unknown>\nE       #14 0x55d71113d9cf <unknown>\nE       #15 0x55d711192b98 <unknown>\nE       #16 0x55d711192d68 <unknown>\nE       #17 0x55d7111a1cb3 <unknown>\nE       #18 0x7fc3a9c94b43 <unknown>\n\n.venv/lib/python3.11/site-packages/selenium/webdriver/support/wait.py:95: TimeoutException","flaky":false,"newFailed":false,"newBroken":false,"newPassed":false,"retriesCount":0,"retriesStatusChange":false,"beforeStages":[{"name":"_verify_url","time":{"start":1694825900521,"stop":1694825900522,"duration":1},"status":"passed","steps":[],"attachments":[],"parameters":[],"shouldDisplayMessage":false,"stepsCount":0,"attachmentsCount":0,"hasContent":false},{"name":"base_url","time":{"start":1694825900521,"stop":1694825900521,"duration":0},"status":"passed","steps":[],"attachments":[],"parameters":[],"shouldDisplayMessage":false,"stepsCount":0,"attachmentsCount":0,"hasContent":false},{"name":"json_data","time":{"start":1694825900523,"stop":1694825900523,"duration":0},"status":"passed","steps":[],"attachments":[],"parameters":[],"shouldDisplayMessage":false,"stepsCount":0,"attachmentsCount":0,"hasContent":false},{"name":"excel_reader","time":{"start":1694826087182,"stop":1694826087182,"duration":0},"status":"passed","steps":[],"attachments":[],"parameters":[],"shouldDisplayMessage":false,"stepsCount":0,"attachmentsCount":0,"hasContent":false}],"testStage":{"description":"Forgot Password with invalid email address","status":"broken","statusMessage":"selenium.common.exceptions.TimeoutException: Message: \nStacktrace:\n#0 0x55d7111a8e23 <unknown>\n#1 0x55d710ed17a7 <unknown>\n#2 0x55d710f101d3 <unknown>\n#3 0x55d710f102c1 <unknown>\n#4 0x55d710f4ba04 <unknown>\n#5 0x55d710f3103d <unknown>\n#6 0x55d710f49369 <unknown>\n#7 0x55d710f30de3 <unknown>\n#8 0x55d710f04a7b <unknown>\n#9 0x55d710f0581e <unknown>\n#10 0x55d71116a638 <unknown>\n#11 0x55d71116e507 <unknown>\n#12 0x55d711178c4c <unknown>\n#13 0x55d71116f136 <unknown>\n#14 0x55d71113d9cf <unknown>\n#15 0x55d711192b98 <unknown>\n#16 0x55d711192d68 <unknown>\n#17 0x55d7111a1cb3 <unknown>\n#18 0x7fc3a9c94b43 <unknown>","statusTrace":"self = <tests.test_forgot_password.TestForgotPassword object at 0x7efd4d24ac90>\nexcel_reader = <utils.excel_parser.ExcelParser object at 0x7efd4d20a190>\njson_data = {'forgot_password': {'error_message': \"We can't find a user with that e-mail address.\", 'success_message': 'A reset li...you page', 'name': 'test', 'new_name': 'another test', 'no_project_found_msg': 'No project matches the criteria', ...}}\n\n    @allure.description(\"Forgot Password with invalid email address\")\n    @allure.title(\"Forgot Password with invalid email test\")\n    def test_invalid_email(self, excel_reader, json_data: dict):\n        emails = excel_reader.read_from_excel(\"Emails\")\n>       self.about_page.click_login_link()\n\ntests/test_forgot_password.py:31: \n_ _ _ _ _ _ _ _ _ _ _ _ _ _ _ _ _ _ _ _ _ _ _ _ _ _ _ _ _ _ _ _ _ _ _ _ _ _ _ _ \npages/about_page.py:20: in click_login_link\n    self.click(self.LOGIN_LINK)\npages/base_page.py:38: in click\n    el: WebElement = self.wait.until(\n_ _ _ _ _ _ _ _ _ _ _ _ _ _ _ _ _ _ _ _ _ _ _ _ _ _ _ _ _ _ _ _ _ _ _ _ _ _ _ _ \n\nself = <selenium.webdriver.support.wait.WebDriverWait (session=\"349bea4695a554306bcbd57e6b80d372\")>\nmethod = <function element_to_be_clickable.<locals>._predicate at 0x7efd4d0923e0>\nmessage = ''\n\n    def until(self, method, message: str = \"\"):\n        \"\"\"Calls the method provided with the driver as an argument until the \\\n        return value does not evaluate to ``False``.\n    \n        :param method: callable(WebDriver)\n        :param message: optional message for :exc:`TimeoutException`\n        :returns: the result of the last call to `method`\n        :raises: :exc:`selenium.common.exceptions.TimeoutException` if timeout occurs\n        \"\"\"\n        screen = None\n        stacktrace = None\n    \n        end_time = time.monotonic() + self._timeout\n        while True:\n            try:\n                value = method(self._driver)\n                if value:\n                    return value\n            except self._ignored_exceptions as exc:\n                screen = getattr(exc, \"screen\", None)\n                stacktrace = getattr(exc, \"stacktrace\", None)\n            time.sleep(self._poll)\n            if time.monotonic() > end_time:\n                break\n>       raise TimeoutException(message, screen, stacktrace)\nE       selenium.common.exceptions.TimeoutException: Message: \nE       Stacktrace:\nE       #0 0x55d7111a8e23 <unknown>\nE       #1 0x55d710ed17a7 <unknown>\nE       #2 0x55d710f101d3 <unknown>\nE       #3 0x55d710f102c1 <unknown>\nE       #4 0x55d710f4ba04 <unknown>\nE       #5 0x55d710f3103d <unknown>\nE       #6 0x55d710f49369 <unknown>\nE       #7 0x55d710f30de3 <unknown>\nE       #8 0x55d710f04a7b <unknown>\nE       #9 0x55d710f0581e <unknown>\nE       #10 0x55d71116a638 <unknown>\nE       #11 0x55d71116e507 <unknown>\nE       #12 0x55d711178c4c <unknown>\nE       #13 0x55d71116f136 <unknown>\nE       #14 0x55d71113d9cf <unknown>\nE       #15 0x55d711192b98 <unknown>\nE       #16 0x55d711192d68 <unknown>\nE       #17 0x55d7111a1cb3 <unknown>\nE       #18 0x7fc3a9c94b43 <unknown>\n\n.venv/lib/python3.11/site-packages/selenium/webdriver/support/wait.py:95: TimeoutException","steps":[{"name":"Click Login link","time":{"start":1694826087189,"stop":1694826097672,"duration":10483},"status":"broken","statusMessage":"selenium.common.exceptions.TimeoutException: Message: \nStacktrace:\n#0 0x55d7111a8e23 <unknown>\n#1 0x55d710ed17a7 <unknown>\n#2 0x55d710f101d3 <unknown>\n#3 0x55d710f102c1 <unknown>\n#4 0x55d710f4ba04 <unknown>\n#5 0x55d710f3103d <unknown>\n#6 0x55d710f49369 <unknown>\n#7 0x55d710f30de3 <unknown>\n#8 0x55d710f04a7b <unknown>\n#9 0x55d710f0581e <unknown>\n#10 0x55d71116a638 <unknown>\n#11 0x55d71116e507 <unknown>\n#12 0x55d711178c4c <unknown>\n#13 0x55d71116f136 <unknown>\n#14 0x55d71113d9cf <unknown>\n#15 0x55d711192b98 <unknown>\n#16 0x55d711192d68 <unknown>\n#17 0x55d7111a1cb3 <unknown>\n#18 0x7fc3a9c94b43 <unknown>\n\n","statusTrace":"  File \"/home/runner/work/kisangateway-test/kisangateway-test/.venv/lib/python3.11/site-packages/allure_commons/_allure.py\", line 192, in impl\n    return func(*a, **kw)\n           ^^^^^^^^^^^^^^\n  File \"/home/runner/work/kisangateway-test/kisangateway-test/pages/about_page.py\", line 20, in click_login_link\n    self.click(self.LOGIN_LINK)\n  File \"/home/runner/work/kisangateway-test/kisangateway-test/pages/base_page.py\", line 38, in click\n    el: WebElement = self.wait.until(\n                     ^^^^^^^^^^^^^^^^\n  File \"/home/runner/work/kisangateway-test/kisangateway-test/.venv/lib/python3.11/site-packages/selenium/webdriver/support/wait.py\", line 95, in until\n    raise TimeoutException(message, screen, stacktrace)\n","steps":[],"attachments":[],"parameters":[],"shouldDisplayMessage":true,"stepsCount":0,"attachmentsCount":0,"hasContent":true}],"attachments":[{"uid":"4e7fbc2d5098c113","name":"public ip address","source":"4e7fbc2d5098c113.txt","type":"text/plain","size":12},{"uid":"87d6454913f9d015","name":"Cookies","source":"87d6454913f9d015.json","type":"application/json","size":2},{"uid":"9fad4dfafc326e38","name":"Session Storage","source":"9fad4dfafc326e38.json","type":"application/json","size":2},{"uid":"9c663b5d9328c2eb","name":"Local Storage","source":"9c663b5d9328c2eb.json","type":"application/json","size":2},{"uid":"3c5ca14180f55c12","name":"Console Logs","source":"3c5ca14180f55c12.json","type":"application/json","size":2},{"uid":"9c91cdd99902cf3a","name":"Full Page Screenshot","source":"9c91cdd99902cf3a.png","type":"image/png","size":1543603},{"uid":"4c7e015068235ff6","name":"URL","source":"4c7e015068235ff6.uri","type":"text/uri-list","size":25},{"uid":"715c03c0b86f0e3e","name":"Network Logs","source":"715c03c0b86f0e3e.json","type":"application/json","size":2}],"parameters":[],"shouldDisplayMessage":true,"stepsCount":1,"attachmentsCount":8,"hasContent":true},"afterStages":[],"labels":[{"name":"story","value":"Forgot Password Feature's Functionality"},{"name":"suite","value":"Custom suite"},{"name":"parentSuite","value":"Custom parent suite"},{"name":"severity","value":"critical"},{"name":"epic","value":"Security"},{"name":"subSuite","value":"Custom sub suite"},{"name":"tag","value":"security"},{"name":"host","value":"fv-az1235-392"},{"name":"thread","value":"2110-MainThread"},{"name":"framework","value":"pytest"},{"name":"language","value":"cpython3"},{"name":"package","value":"tests.test_forgot_password"},{"name":"resultFormat","value":"allure2"}],"parameters":[],"links":[],"hidden":false,"retry":false,"extra":{"severity":"critical","retries":[],"categories":[{"name":"Test defects","matchedStatuses":[],"flaky":false}],"tags":["security"]},"source":"d3e2659ae7e08baf.json","parameterValues":[]}