{"uid":"7e21e95df108077f","name":"Delete existing project","fullName":"tests.test_workspaces.TestWorkspaces#test_delete_project","historyId":"ec4959b9902b11e4378ec1736393f0f6","time":{"start":1703985025968,"stop":1703985025968,"duration":0},"description":"Deleting an existing project from workspace","descriptionHtml":"<p>Deleting an existing project from workspace</p>\n","status":"broken","statusMessage":"selenium.common.exceptions.TimeoutException: Message: \nStacktrace:\n#0 0x55d508b04d33 <unknown>\n#1 0x55d5087c1f87 <unknown>\n#2 0x55d508811c0e <unknown>\n#3 0x55d508811d11 <unknown>\n#4 0x55d50885d004 <unknown>\n#5 0x55d50883b36d <unknown>\n#6 0x55d50885a297 <unknown>\n#7 0x55d50883b0e3 <unknown>\n#8 0x55d508803044 <unknown>\n#9 0x55d50880444e <unknown>\n#10 0x55d508ac9861 <unknown>\n#11 0x55d508acd785 <unknown>\n#12 0x55d508ab7285 <unknown>\n#13 0x55d508ace41f <unknown>\n#14 0x55d508a9b20f <unknown>\n#15 0x55d508af2028 <unknown>\n#16 0x55d508af21f7 <unknown>\n#17 0x55d508b03ed4 <unknown>\n#18 0x7fe040a94ac3 <unknown>","statusTrace":"self = <tests.test_workspaces.TestWorkspaces object at 0x7fb7ebeaa150>\nsecret_data = {'email': '', 'password': ''}\n\n    @pytest.fixture(autouse=True)\n    def setup_method_fixture(self, secret_data: dict):\n>       login(secret_data, self.about_page, self.login_page)\n\ntests/test_workspaces.py:23: \n_ _ _ _ _ _ _ _ _ _ _ _ _ _ _ _ _ _ _ _ _ _ _ _ _ _ _ _ _ _ _ _ _ _ _ _ _ _ _ _ \ntests/test_workspaces.py:13: in login\n    about_page.click_login_link()\npages/about_page.py:20: in click_login_link\n    self.click(self.LOGIN_LINK)\npages/base_page.py:38: in click\n    el: WebElement = self.wait.until(\n_ _ _ _ _ _ _ _ _ _ _ _ _ _ _ _ _ _ _ _ _ _ _ _ _ _ _ _ _ _ _ _ _ _ _ _ _ _ _ _ \n\nself = <selenium.webdriver.support.wait.WebDriverWait (session=\"762a793688d6f37d7a97042196ba3361\")>\nmethod = <function element_to_be_clickable.<locals>._predicate at 0x7fb7ebc065c0>\nmessage = ''\n\n    def until(self, method, message: str = \"\"):\n        \"\"\"Calls the method provided with the driver as an argument until the \\\n        return value does not evaluate to ``False``.\n    \n        :param method: callable(WebDriver)\n        :param message: optional message for :exc:`TimeoutException`\n        :returns: the result of the last call to `method`\n        :raises: :exc:`selenium.common.exceptions.TimeoutException` if timeout occurs\n        \"\"\"\n        screen = None\n        stacktrace = None\n    \n        end_time = time.monotonic() + self._timeout\n        while True:\n            try:\n                value = method(self._driver)\n                if value:\n                    return value\n            except self._ignored_exceptions as exc:\n                screen = getattr(exc, \"screen\", None)\n                stacktrace = getattr(exc, \"stacktrace\", None)\n            time.sleep(self._poll)\n            if time.monotonic() > end_time:\n                break\n>       raise TimeoutException(message, screen, stacktrace)\nE       selenium.common.exceptions.TimeoutException: Message: \nE       Stacktrace:\nE       #0 0x55d508b04d33 <unknown>\nE       #1 0x55d5087c1f87 <unknown>\nE       #2 0x55d508811c0e <unknown>\nE       #3 0x55d508811d11 <unknown>\nE       #4 0x55d50885d004 <unknown>\nE       #5 0x55d50883b36d <unknown>\nE       #6 0x55d50885a297 <unknown>\nE       #7 0x55d50883b0e3 <unknown>\nE       #8 0x55d508803044 <unknown>\nE       #9 0x55d50880444e <unknown>\nE       #10 0x55d508ac9861 <unknown>\nE       #11 0x55d508acd785 <unknown>\nE       #12 0x55d508ab7285 <unknown>\nE       #13 0x55d508ace41f <unknown>\nE       #14 0x55d508a9b20f <unknown>\nE       #15 0x55d508af2028 <unknown>\nE       #16 0x55d508af21f7 <unknown>\nE       #17 0x55d508b03ed4 <unknown>\nE       #18 0x7fe040a94ac3 <unknown>\n\n.venv/lib/python3.11/site-packages/selenium/webdriver/support/wait.py:95: TimeoutException","flaky":false,"newFailed":false,"newBroken":false,"newPassed":false,"retriesCount":0,"retriesStatusChange":false,"beforeStages":[{"name":"base_url","time":{"start":1703984877860,"stop":1703984877860,"duration":0},"status":"passed","steps":[],"attachments":[],"parameters":[],"shouldDisplayMessage":false,"stepsCount":0,"attachmentsCount":0,"hasContent":false,"attachmentStep":false},{"name":"_verify_url","time":{"start":1703984877860,"stop":1703984877860,"duration":0},"status":"passed","steps":[],"attachments":[],"parameters":[],"shouldDisplayMessage":false,"stepsCount":0,"attachmentsCount":0,"hasContent":false,"attachmentStep":false},{"name":"json_data","time":{"start":1703984877861,"stop":1703984877861,"duration":0},"status":"passed","steps":[],"attachments":[],"parameters":[],"shouldDisplayMessage":false,"stepsCount":0,"attachmentsCount":0,"hasContent":false,"attachmentStep":false},{"name":"secret_data","time":{"start":1703984877861,"stop":1703984877861,"duration":0},"status":"passed","steps":[],"attachments":[],"parameters":[],"shouldDisplayMessage":false,"stepsCount":0,"attachmentsCount":0,"hasContent":false,"attachmentStep":false},{"name":"setup_method_fixture","time":{"start":1703985027047,"stop":1703985037245,"duration":10198},"status":"broken","statusMessage":"selenium.common.exceptions.TimeoutException: Message: \nStacktrace:\n#0 0x55d508b04d33 <unknown>\n#1 0x55d5087c1f87 <unknown>\n#2 0x55d508811c0e <unknown>\n#3 0x55d508811d11 <unknown>\n#4 0x55d50885d004 <unknown>\n#5 0x55d50883b36d <unknown>\n#6 0x55d50885a297 <unknown>\n#7 0x55d50883b0e3 <unknown>\n#8 0x55d508803044 <unknown>\n#9 0x55d50880444e <unknown>\n#10 0x55d508ac9861 <unknown>\n#11 0x55d508acd785 <unknown>\n#12 0x55d508ab7285 <unknown>\n#13 0x55d508ace41f <unknown>\n#14 0x55d508a9b20f <unknown>\n#15 0x55d508af2028 <unknown>\n#16 0x55d508af21f7 <unknown>\n#17 0x55d508b03ed4 <unknown>\n#18 0x7fe040a94ac3 <unknown>\n\n","statusTrace":"  File \"/home/runner/work/kisangateway-test/kisangateway-test/.venv/lib/python3.11/site-packages/pluggy/_callers.py\", line 80, in _multicall\n    res = hook_impl.function(*args)\n          ^^^^^^^^^^^^^^^^^^^^^^^^^\n  File \"/home/runner/work/kisangateway-test/kisangateway-test/.venv/lib/python3.11/site-packages/_pytest/fixtures.py\", line 1123, in pytest_fixture_setup\n    result = call_fixture_func(fixturefunc, request, kwargs)\n             ^^^^^^^^^^^^^^^^^^^^^^^^^^^^^^^^^^^^^^^^^^^^^^^\n  File \"/home/runner/work/kisangateway-test/kisangateway-test/.venv/lib/python3.11/site-packages/_pytest/fixtures.py\", line 902, in call_fixture_func\n    fixture_result = fixturefunc(**kwargs)\n                     ^^^^^^^^^^^^^^^^^^^^^\n  File \"/home/runner/work/kisangateway-test/kisangateway-test/tests/test_workspaces.py\", line 23, in setup_method_fixture\n    login(secret_data, self.about_page, self.login_page)\n  File \"/home/runner/work/kisangateway-test/kisangateway-test/tests/test_workspaces.py\", line 13, in login\n    about_page.click_login_link()\n  File \"/home/runner/work/kisangateway-test/kisangateway-test/.venv/lib/python3.11/site-packages/allure_commons/_allure.py\", line 192, in impl\n    return func(*a, **kw)\n           ^^^^^^^^^^^^^^\n  File \"/home/runner/work/kisangateway-test/kisangateway-test/pages/about_page.py\", line 20, in click_login_link\n    self.click(self.LOGIN_LINK)\n  File \"/home/runner/work/kisangateway-test/kisangateway-test/pages/base_page.py\", line 38, in click\n    el: WebElement = self.wait.until(\n                     ^^^^^^^^^^^^^^^^\n  File \"/home/runner/work/kisangateway-test/kisangateway-test/.venv/lib/python3.11/site-packages/selenium/webdriver/support/wait.py\", line 95, in until\n    raise TimeoutException(message, screen, stacktrace)\n","steps":[{"name":"Click Login link","time":{"start":1703985027048,"stop":1703985037245,"duration":10197},"status":"broken","statusMessage":"selenium.common.exceptions.TimeoutException: Message: \nStacktrace:\n#0 0x55d508b04d33 <unknown>\n#1 0x55d5087c1f87 <unknown>\n#2 0x55d508811c0e <unknown>\n#3 0x55d508811d11 <unknown>\n#4 0x55d50885d004 <unknown>\n#5 0x55d50883b36d <unknown>\n#6 0x55d50885a297 <unknown>\n#7 0x55d50883b0e3 <unknown>\n#8 0x55d508803044 <unknown>\n#9 0x55d50880444e <unknown>\n#10 0x55d508ac9861 <unknown>\n#11 0x55d508acd785 <unknown>\n#12 0x55d508ab7285 <unknown>\n#13 0x55d508ace41f <unknown>\n#14 0x55d508a9b20f <unknown>\n#15 0x55d508af2028 <unknown>\n#16 0x55d508af21f7 <unknown>\n#17 0x55d508b03ed4 <unknown>\n#18 0x7fe040a94ac3 <unknown>\n\n","statusTrace":"  File \"/home/runner/work/kisangateway-test/kisangateway-test/.venv/lib/python3.11/site-packages/allure_commons/_allure.py\", line 192, in impl\n    return func(*a, **kw)\n           ^^^^^^^^^^^^^^\n  File \"/home/runner/work/kisangateway-test/kisangateway-test/pages/about_page.py\", line 20, in click_login_link\n    self.click(self.LOGIN_LINK)\n  File \"/home/runner/work/kisangateway-test/kisangateway-test/pages/base_page.py\", line 38, in click\n    el: WebElement = self.wait.until(\n                     ^^^^^^^^^^^^^^^^\n  File \"/home/runner/work/kisangateway-test/kisangateway-test/.venv/lib/python3.11/site-packages/selenium/webdriver/support/wait.py\", line 95, in until\n    raise TimeoutException(message, screen, stacktrace)\n","steps":[],"attachments":[],"parameters":[],"shouldDisplayMessage":true,"stepsCount":0,"attachmentsCount":0,"hasContent":true,"attachmentStep":false}],"attachments":[],"parameters":[],"shouldDisplayMessage":false,"stepsCount":1,"attachmentsCount":0,"hasContent":true,"attachmentStep":false}],"testStage":{"description":"Deleting an existing project from workspace","status":"broken","statusMessage":"selenium.common.exceptions.TimeoutException: Message: \nStacktrace:\n#0 0x55d508b04d33 <unknown>\n#1 0x55d5087c1f87 <unknown>\n#2 0x55d508811c0e <unknown>\n#3 0x55d508811d11 <unknown>\n#4 0x55d50885d004 <unknown>\n#5 0x55d50883b36d <unknown>\n#6 0x55d50885a297 <unknown>\n#7 0x55d50883b0e3 <unknown>\n#8 0x55d508803044 <unknown>\n#9 0x55d50880444e <unknown>\n#10 0x55d508ac9861 <unknown>\n#11 0x55d508acd785 <unknown>\n#12 0x55d508ab7285 <unknown>\n#13 0x55d508ace41f <unknown>\n#14 0x55d508a9b20f <unknown>\n#15 0x55d508af2028 <unknown>\n#16 0x55d508af21f7 <unknown>\n#17 0x55d508b03ed4 <unknown>\n#18 0x7fe040a94ac3 <unknown>","statusTrace":"self = <tests.test_workspaces.TestWorkspaces object at 0x7fb7ebeaa150>\nsecret_data = {'email': '', 'password': ''}\n\n    @pytest.fixture(autouse=True)\n    def setup_method_fixture(self, secret_data: dict):\n>       login(secret_data, self.about_page, self.login_page)\n\ntests/test_workspaces.py:23: \n_ _ _ _ _ _ _ _ _ _ _ _ _ _ _ _ _ _ _ _ _ _ _ _ _ _ _ _ _ _ _ _ _ _ _ _ _ _ _ _ \ntests/test_workspaces.py:13: in login\n    about_page.click_login_link()\npages/about_page.py:20: in click_login_link\n    self.click(self.LOGIN_LINK)\npages/base_page.py:38: in click\n    el: WebElement = self.wait.until(\n_ _ _ _ _ _ _ _ _ _ _ _ _ _ _ _ _ _ _ _ _ _ _ _ _ _ _ _ _ _ _ _ _ _ _ _ _ _ _ _ \n\nself = <selenium.webdriver.support.wait.WebDriverWait (session=\"762a793688d6f37d7a97042196ba3361\")>\nmethod = <function element_to_be_clickable.<locals>._predicate at 0x7fb7ebc065c0>\nmessage = ''\n\n    def until(self, method, message: str = \"\"):\n        \"\"\"Calls the method provided with the driver as an argument until the \\\n        return value does not evaluate to ``False``.\n    \n        :param method: callable(WebDriver)\n        :param message: optional message for :exc:`TimeoutException`\n        :returns: the result of the last call to `method`\n        :raises: :exc:`selenium.common.exceptions.TimeoutException` if timeout occurs\n        \"\"\"\n        screen = None\n        stacktrace = None\n    \n        end_time = time.monotonic() + self._timeout\n        while True:\n            try:\n                value = method(self._driver)\n                if value:\n                    return value\n            except self._ignored_exceptions as exc:\n                screen = getattr(exc, \"screen\", None)\n                stacktrace = getattr(exc, \"stacktrace\", None)\n            time.sleep(self._poll)\n            if time.monotonic() > end_time:\n                break\n>       raise TimeoutException(message, screen, stacktrace)\nE       selenium.common.exceptions.TimeoutException: Message: \nE       Stacktrace:\nE       #0 0x55d508b04d33 <unknown>\nE       #1 0x55d5087c1f87 <unknown>\nE       #2 0x55d508811c0e <unknown>\nE       #3 0x55d508811d11 <unknown>\nE       #4 0x55d50885d004 <unknown>\nE       #5 0x55d50883b36d <unknown>\nE       #6 0x55d50885a297 <unknown>\nE       #7 0x55d50883b0e3 <unknown>\nE       #8 0x55d508803044 <unknown>\nE       #9 0x55d50880444e <unknown>\nE       #10 0x55d508ac9861 <unknown>\nE       #11 0x55d508acd785 <unknown>\nE       #12 0x55d508ab7285 <unknown>\nE       #13 0x55d508ace41f <unknown>\nE       #14 0x55d508a9b20f <unknown>\nE       #15 0x55d508af2028 <unknown>\nE       #16 0x55d508af21f7 <unknown>\nE       #17 0x55d508b03ed4 <unknown>\nE       #18 0x7fe040a94ac3 <unknown>\n\n.venv/lib/python3.11/site-packages/selenium/webdriver/support/wait.py:95: TimeoutException","steps":[],"attachments":[{"uid":"7a4b6fcc29f84255","name":"public ip address","source":"7a4b6fcc29f84255.txt","type":"text/plain","size":14},{"uid":"e30b7bf9972b30a7","name":"Cookies","source":"e30b7bf9972b30a7.json","type":"application/json","size":2},{"uid":"f86a7d530f2e0f36","name":"Session Storage","source":"f86a7d530f2e0f36.json","type":"application/json","size":2},{"uid":"96d223202dd7161e","name":"Local Storage","source":"96d223202dd7161e.json","type":"application/json","size":2},{"uid":"74c86b05b6b32ab1","name":"Console Logs","source":"74c86b05b6b32ab1.json","type":"application/json","size":2},{"uid":"bc15a8335da83312","name":"Full Page Screenshot","source":"bc15a8335da83312.png","type":"image/png","size":2655641},{"uid":"3c8b927f14e6c5ba","name":"URL","source":"3c8b927f14e6c5ba.uri","type":"text/uri-list","size":25},{"uid":"9d462e88c09f5eb8","name":"Network Logs","source":"9d462e88c09f5eb8.json","type":"application/json","size":14021}],"parameters":[],"shouldDisplayMessage":true,"stepsCount":0,"attachmentsCount":8,"hasContent":true,"attachmentStep":false},"afterStages":[],"labels":[{"name":"story","value":"WorkSpaces Creation and Editing Functionality"},{"name":"epic","value":"Workspaces"},{"name":"severity","value":"normal"},{"name":"tag","value":"run(order=9)"},{"name":"parentSuite","value":"tests"},{"name":"suite","value":"test_workspaces"},{"name":"subSuite","value":"TestWorkspaces"},{"name":"host","value":"fv-az692-848"},{"name":"thread","value":"2248-MainThread"},{"name":"framework","value":"pytest"},{"name":"language","value":"cpython3"},{"name":"package","value":"tests.test_workspaces"},{"name":"resultFormat","value":"allure2"}],"parameters":[],"links":[],"hidden":false,"retry":false,"extra":{"severity":"normal","retries":[],"categories":[{"name":"Test defects","matchedStatuses":[],"flaky":false}],"tags":["run(order=9)"]},"source":"7e21e95df108077f.json","parameterValues":[]}