{"uid":"2865656d6f143b04","name":"Login with valid credentials test","fullName":"tests.test_login.TestLogin#test_valid_login","historyId":"e7f254b9bfd5f2bc8d4a1ffa6dc7aebb","time":{"start":1709427783942,"stop":1709427794112,"duration":10170},"description":"valid login","descriptionHtml":"<p>valid login</p>\n","status":"broken","statusMessage":"selenium.common.exceptions.TimeoutException: Message: \nStacktrace:\n#0 0x5563539e6793 <unknown>\n#1 0x5563536da1c6 <unknown>\n#2 0x556353725358 <unknown>\n#3 0x556353725411 <unknown>\n#4 0x556353768934 <unknown>\n#5 0x5563537473fd <unknown>\n#6 0x556353765dd9 <unknown>\n#7 0x556353747173 <unknown>\n#8 0x5563537182d3 <unknown>\n#9 0x556353718c9e <unknown>\n#10 0x5563539aa8cb <unknown>\n#11 0x5563539ae745 <unknown>\n#12 0x5563539972e1 <unknown>\n#13 0x5563539af2d2 <unknown>\n#14 0x55635397b17f <unknown>\n#15 0x5563539d4dc8 <unknown>\n#16 0x5563539d4fc3 <unknown>\n#17 0x5563539e5944 <unknown>\n#18 0x7f71a5494ac3 <unknown>","statusTrace":"self = <tests.test_login.TestLogin object at 0x7f827b7b0b50>\nsecret_data = {'email': '', 'password': ''}\njson_data = {'forgot_password': {'error_message': \"We can't find a user with that e-mail address.\", 'success_message': 'A reset li...you page', 'name': 'test', 'new_name': 'another test', 'no_project_found_msg': 'No project matches the criteria', ...}}\n\n    @allure.description(\"valid login\")\n    @allure.title(\"Login with valid credentials test\")\n    @allure.tag(\"Tagged test\")\n    @pytest.mark.run(order=1)\n    def test_valid_login(self, secret_data: dict, json_data: dict):\n>       self.about_page.click_login_link()\n\ntests/test_login.py:39: \n_ _ _ _ _ _ _ _ _ _ _ _ _ _ _ _ _ _ _ _ _ _ _ _ _ _ _ _ _ _ _ _ _ _ _ _ _ _ _ _ \npages/about_page.py:20: in click_login_link\n    self.click(self.LOGIN_LINK)\npages/base_page.py:38: in click\n    el: WebElement = self.wait.until(\n_ _ _ _ _ _ _ _ _ _ _ _ _ _ _ _ _ _ _ _ _ _ _ _ _ _ _ _ _ _ _ _ _ _ _ _ _ _ _ _ \n\nself = <selenium.webdriver.support.wait.WebDriverWait (session=\"d2a6592c6bf4ca8067db814776a2354f\")>\nmethod = <function element_to_be_clickable.<locals>._predicate at 0x7f827b740900>\nmessage = ''\n\n    def until(self, method, message: str = \"\"):\n        \"\"\"Calls the method provided with the driver as an argument until the \\\n        return value does not evaluate to ``False``.\n    \n        :param method: callable(WebDriver)\n        :param message: optional message for :exc:`TimeoutException`\n        :returns: the result of the last call to `method`\n        :raises: :exc:`selenium.common.exceptions.TimeoutException` if timeout occurs\n        \"\"\"\n        screen = None\n        stacktrace = None\n    \n        end_time = time.monotonic() + self._timeout\n        while True:\n            try:\n                value = method(self._driver)\n                if value:\n                    return value\n            except self._ignored_exceptions as exc:\n                screen = getattr(exc, \"screen\", None)\n                stacktrace = getattr(exc, \"stacktrace\", None)\n            time.sleep(self._poll)\n            if time.monotonic() > end_time:\n                break\n>       raise TimeoutException(message, screen, stacktrace)\nE       selenium.common.exceptions.TimeoutException: Message: \nE       Stacktrace:\nE       #0 0x5563539e6793 <unknown>\nE       #1 0x5563536da1c6 <unknown>\nE       #2 0x556353725358 <unknown>\nE       #3 0x556353725411 <unknown>\nE       #4 0x556353768934 <unknown>\nE       #5 0x5563537473fd <unknown>\nE       #6 0x556353765dd9 <unknown>\nE       #7 0x556353747173 <unknown>\nE       #8 0x5563537182d3 <unknown>\nE       #9 0x556353718c9e <unknown>\nE       #10 0x5563539aa8cb <unknown>\nE       #11 0x5563539ae745 <unknown>\nE       #12 0x5563539972e1 <unknown>\nE       #13 0x5563539af2d2 <unknown>\nE       #14 0x55635397b17f <unknown>\nE       #15 0x5563539d4dc8 <unknown>\nE       #16 0x5563539d4fc3 <unknown>\nE       #17 0x5563539e5944 <unknown>\nE       #18 0x7f71a5494ac3 <unknown>\n\n.venv/lib/python3.11/site-packages/selenium/webdriver/support/wait.py:95: TimeoutException","flaky":false,"newFailed":false,"newBroken":false,"newPassed":false,"retriesCount":0,"retriesStatusChange":false,"beforeStages":[{"name":"_verify_url","time":{"start":1709427783941,"stop":1709427783941,"duration":0},"status":"passed","steps":[],"attachments":[],"parameters":[],"shouldDisplayMessage":false,"stepsCount":0,"attachmentsCount":0,"hasContent":false,"attachmentStep":false},{"name":"secret_data","time":{"start":1709427783941,"stop":1709427783941,"duration":0},"status":"passed","steps":[],"attachments":[],"parameters":[],"shouldDisplayMessage":false,"stepsCount":0,"attachmentsCount":0,"hasContent":false,"attachmentStep":false},{"name":"base_url","time":{"start":1709427783941,"stop":1709427783941,"duration":0},"status":"passed","steps":[],"attachments":[],"parameters":[],"shouldDisplayMessage":false,"stepsCount":0,"attachmentsCount":0,"hasContent":false,"attachmentStep":false},{"name":"json_data","time":{"start":1709427783942,"stop":1709427783942,"duration":0},"status":"passed","steps":[],"attachments":[],"parameters":[],"shouldDisplayMessage":false,"stepsCount":0,"attachmentsCount":0,"hasContent":false,"attachmentStep":false}],"testStage":{"description":"valid login","status":"broken","statusMessage":"selenium.common.exceptions.TimeoutException: Message: \nStacktrace:\n#0 0x5563539e6793 <unknown>\n#1 0x5563536da1c6 <unknown>\n#2 0x556353725358 <unknown>\n#3 0x556353725411 <unknown>\n#4 0x556353768934 <unknown>\n#5 0x5563537473fd <unknown>\n#6 0x556353765dd9 <unknown>\n#7 0x556353747173 <unknown>\n#8 0x5563537182d3 <unknown>\n#9 0x556353718c9e <unknown>\n#10 0x5563539aa8cb <unknown>\n#11 0x5563539ae745 <unknown>\n#12 0x5563539972e1 <unknown>\n#13 0x5563539af2d2 <unknown>\n#14 0x55635397b17f <unknown>\n#15 0x5563539d4dc8 <unknown>\n#16 0x5563539d4fc3 <unknown>\n#17 0x5563539e5944 <unknown>\n#18 0x7f71a5494ac3 <unknown>","statusTrace":"self = <tests.test_login.TestLogin object at 0x7f827b7b0b50>\nsecret_data = {'email': '', 'password': ''}\njson_data = {'forgot_password': {'error_message': \"We can't find a user with that e-mail address.\", 'success_message': 'A reset li...you page', 'name': 'test', 'new_name': 'another test', 'no_project_found_msg': 'No project matches the criteria', ...}}\n\n    @allure.description(\"valid login\")\n    @allure.title(\"Login with valid credentials test\")\n    @allure.tag(\"Tagged test\")\n    @pytest.mark.run(order=1)\n    def test_valid_login(self, secret_data: dict, json_data: dict):\n>       self.about_page.click_login_link()\n\ntests/test_login.py:39: \n_ _ _ _ _ _ _ _ _ _ _ _ _ _ _ _ _ _ _ _ _ _ _ _ _ _ _ _ _ _ _ _ _ _ _ _ _ _ _ _ \npages/about_page.py:20: in click_login_link\n    self.click(self.LOGIN_LINK)\npages/base_page.py:38: in click\n    el: WebElement = self.wait.until(\n_ _ _ _ _ _ _ _ _ _ _ _ _ _ _ _ _ _ _ _ _ _ _ _ _ _ _ _ _ _ _ _ _ _ _ _ _ _ _ _ \n\nself = <selenium.webdriver.support.wait.WebDriverWait (session=\"d2a6592c6bf4ca8067db814776a2354f\")>\nmethod = <function element_to_be_clickable.<locals>._predicate at 0x7f827b740900>\nmessage = ''\n\n    def until(self, method, message: str = \"\"):\n        \"\"\"Calls the method provided with the driver as an argument until the \\\n        return value does not evaluate to ``False``.\n    \n        :param method: callable(WebDriver)\n        :param message: optional message for :exc:`TimeoutException`\n        :returns: the result of the last call to `method`\n        :raises: :exc:`selenium.common.exceptions.TimeoutException` if timeout occurs\n        \"\"\"\n        screen = None\n        stacktrace = None\n    \n        end_time = time.monotonic() + self._timeout\n        while True:\n            try:\n                value = method(self._driver)\n                if value:\n                    return value\n            except self._ignored_exceptions as exc:\n                screen = getattr(exc, \"screen\", None)\n                stacktrace = getattr(exc, \"stacktrace\", None)\n            time.sleep(self._poll)\n            if time.monotonic() > end_time:\n                break\n>       raise TimeoutException(message, screen, stacktrace)\nE       selenium.common.exceptions.TimeoutException: Message: \nE       Stacktrace:\nE       #0 0x5563539e6793 <unknown>\nE       #1 0x5563536da1c6 <unknown>\nE       #2 0x556353725358 <unknown>\nE       #3 0x556353725411 <unknown>\nE       #4 0x556353768934 <unknown>\nE       #5 0x5563537473fd <unknown>\nE       #6 0x556353765dd9 <unknown>\nE       #7 0x556353747173 <unknown>\nE       #8 0x5563537182d3 <unknown>\nE       #9 0x556353718c9e <unknown>\nE       #10 0x5563539aa8cb <unknown>\nE       #11 0x5563539ae745 <unknown>\nE       #12 0x5563539972e1 <unknown>\nE       #13 0x5563539af2d2 <unknown>\nE       #14 0x55635397b17f <unknown>\nE       #15 0x5563539d4dc8 <unknown>\nE       #16 0x5563539d4fc3 <unknown>\nE       #17 0x5563539e5944 <unknown>\nE       #18 0x7f71a5494ac3 <unknown>\n\n.venv/lib/python3.11/site-packages/selenium/webdriver/support/wait.py:95: TimeoutException","steps":[{"name":"Click Login link","time":{"start":1709427783942,"stop":1709427794111,"duration":10169},"status":"broken","statusMessage":"selenium.common.exceptions.TimeoutException: Message: \nStacktrace:\n#0 0x5563539e6793 <unknown>\n#1 0x5563536da1c6 <unknown>\n#2 0x556353725358 <unknown>\n#3 0x556353725411 <unknown>\n#4 0x556353768934 <unknown>\n#5 0x5563537473fd <unknown>\n#6 0x556353765dd9 <unknown>\n#7 0x556353747173 <unknown>\n#8 0x5563537182d3 <unknown>\n#9 0x556353718c9e <unknown>\n#10 0x5563539aa8cb <unknown>\n#11 0x5563539ae745 <unknown>\n#12 0x5563539972e1 <unknown>\n#13 0x5563539af2d2 <unknown>\n#14 0x55635397b17f <unknown>\n#15 0x5563539d4dc8 <unknown>\n#16 0x5563539d4fc3 <unknown>\n#17 0x5563539e5944 <unknown>\n#18 0x7f71a5494ac3 <unknown>\n\n","statusTrace":"  File \"/home/runner/work/kisangateway-test/kisangateway-test/.venv/lib/python3.11/site-packages/allure_commons/_allure.py\", line 192, in impl\n    return func(*a, **kw)\n           ^^^^^^^^^^^^^^\n  File \"/home/runner/work/kisangateway-test/kisangateway-test/pages/about_page.py\", line 20, in click_login_link\n    self.click(self.LOGIN_LINK)\n  File \"/home/runner/work/kisangateway-test/kisangateway-test/pages/base_page.py\", line 38, in click\n    el: WebElement = self.wait.until(\n                     ^^^^^^^^^^^^^^^^\n  File \"/home/runner/work/kisangateway-test/kisangateway-test/.venv/lib/python3.11/site-packages/selenium/webdriver/support/wait.py\", line 95, in until\n    raise TimeoutException(message, screen, stacktrace)\n","steps":[],"attachments":[],"parameters":[],"shouldDisplayMessage":true,"stepsCount":0,"attachmentsCount":0,"hasContent":true,"attachmentStep":false}],"attachments":[{"uid":"a86e770a99023abf","name":"public ip address","source":"a86e770a99023abf.txt","type":"text/plain","size":12},{"uid":"3b193e8c3a6efd42","name":"Cookies","source":"3b193e8c3a6efd42.json","type":"application/json","size":526},{"uid":"7c94d4ced7c624da","name":"Session Storage","source":"7c94d4ced7c624da.json","type":"application/json","size":2},{"uid":"736c6f6902809096","name":"Local Storage","source":"736c6f6902809096.json","type":"application/json","size":77},{"uid":"48bddde793a6cfe7","name":"Console Logs","source":"48bddde793a6cfe7.json","type":"application/json","size":310},{"uid":"2695c582cd403fca","name":"Full Page Screenshot","source":"2695c582cd403fca.png","type":"image/png","size":2477270},{"uid":"3386453137108389","name":"URL","source":"3386453137108389.uri","type":"text/uri-list","size":25},{"uid":"33ace3dc1a830506","name":"Network Logs","source":"33ace3dc1a830506.json","type":"application/json","size":1284927}],"parameters":[],"shouldDisplayMessage":true,"stepsCount":1,"attachmentsCount":8,"hasContent":true,"attachmentStep":false},"afterStages":[],"labels":[{"name":"epic","value":"Security"},{"name":"feature","value":"Login"},{"name":"tag","value":"Tagged test"},{"name":"severity","value":"blocker"},{"name":"tag","value":"run(order=1)"},{"name":"tag","value":"security"},{"name":"parentSuite","value":"tests"},{"name":"suite","value":"test_login"},{"name":"subSuite","value":"TestLogin"},{"name":"host","value":"fv-az1040-150"},{"name":"thread","value":"2196-MainThread"},{"name":"framework","value":"pytest"},{"name":"language","value":"cpython3"},{"name":"package","value":"tests.test_login"},{"name":"resultFormat","value":"allure2"}],"parameters":[],"links":[],"hidden":false,"retry":false,"extra":{"severity":"blocker","retries":[],"categories":[{"name":"Test defects","matchedStatuses":[],"flaky":false}],"tags":["security","Tagged test","run(order=1)"]},"source":"2865656d6f143b04.json","parameterValues":[]}