{"uid":"402c4677cf9ad91b","name":"Delete existing project","fullName":"tests.test_workspaces.TestWorkspaces#test_delete_project","historyId":"ec4959b9902b11e4378ec1736393f0f6","time":{"start":1694912752076,"stop":1694912752076,"duration":0},"description":"Deleting an existing project from workspace","descriptionHtml":"<p>Deleting an existing project from workspace</p>\n","status":"broken","statusMessage":"selenium.common.exceptions.TimeoutException: Message: \nStacktrace:\n#0 0x5558dc44ce23 <unknown>\n#1 0x5558dc1757a7 <unknown>\n#2 0x5558dc1b41d3 <unknown>\n#3 0x5558dc1b42c1 <unknown>\n#4 0x5558dc1efa04 <unknown>\n#5 0x5558dc1d503d <unknown>\n#6 0x5558dc1ed369 <unknown>\n#7 0x5558dc1d4de3 <unknown>\n#8 0x5558dc1a8a7b <unknown>\n#9 0x5558dc1a981e <unknown>\n#10 0x5558dc40e638 <unknown>\n#11 0x5558dc412507 <unknown>\n#12 0x5558dc41cc4c <unknown>\n#13 0x5558dc413136 <unknown>\n#14 0x5558dc3e19cf <unknown>\n#15 0x5558dc436b98 <unknown>\n#16 0x5558dc436d68 <unknown>\n#17 0x5558dc445cb3 <unknown>\n#18 0x7f7735294b43 <unknown>","statusTrace":"self = <tests.test_workspaces.TestWorkspaces object at 0x7f939c9e0d90>\nsecret_data = {'email': '', 'password': ''}\n\n    @pytest.fixture(autouse=True)\n    def setup_method_fixture(self, secret_data: dict):\n>       login(secret_data, self.about_page, self.login_page)\n\ntests/test_workspaces.py:23: \n_ _ _ _ _ _ _ _ _ _ _ _ _ _ _ _ _ _ _ _ _ _ _ _ _ _ _ _ _ _ _ _ _ _ _ _ _ _ _ _ \ntests/test_workspaces.py:13: in login\n    about_page.click_login_link()\npages/about_page.py:20: in click_login_link\n    self.click(self.LOGIN_LINK)\npages/base_page.py:38: in click\n    el: WebElement = self.wait.until(\n_ _ _ _ _ _ _ _ _ _ _ _ _ _ _ _ _ _ _ _ _ _ _ _ _ _ _ _ _ _ _ _ _ _ _ _ _ _ _ _ \n\nself = <selenium.webdriver.support.wait.WebDriverWait (session=\"4a7ae73a516c3ea794195e24d94e5a03\")>\nmethod = <function element_to_be_clickable.<locals>._predicate at 0x7f939c7bec00>\nmessage = ''\n\n    def until(self, method, message: str = \"\"):\n        \"\"\"Calls the method provided with the driver as an argument until the \\\n        return value does not evaluate to ``False``.\n    \n        :param method: callable(WebDriver)\n        :param message: optional message for :exc:`TimeoutException`\n        :returns: the result of the last call to `method`\n        :raises: :exc:`selenium.common.exceptions.TimeoutException` if timeout occurs\n        \"\"\"\n        screen = None\n        stacktrace = None\n    \n        end_time = time.monotonic() + self._timeout\n        while True:\n            try:\n                value = method(self._driver)\n                if value:\n                    return value\n            except self._ignored_exceptions as exc:\n                screen = getattr(exc, \"screen\", None)\n                stacktrace = getattr(exc, \"stacktrace\", None)\n            time.sleep(self._poll)\n            if time.monotonic() > end_time:\n                break\n>       raise TimeoutException(message, screen, stacktrace)\nE       selenium.common.exceptions.TimeoutException: Message: \nE       Stacktrace:\nE       #0 0x5558dc44ce23 <unknown>\nE       #1 0x5558dc1757a7 <unknown>\nE       #2 0x5558dc1b41d3 <unknown>\nE       #3 0x5558dc1b42c1 <unknown>\nE       #4 0x5558dc1efa04 <unknown>\nE       #5 0x5558dc1d503d <unknown>\nE       #6 0x5558dc1ed369 <unknown>\nE       #7 0x5558dc1d4de3 <unknown>\nE       #8 0x5558dc1a8a7b <unknown>\nE       #9 0x5558dc1a981e <unknown>\nE       #10 0x5558dc40e638 <unknown>\nE       #11 0x5558dc412507 <unknown>\nE       #12 0x5558dc41cc4c <unknown>\nE       #13 0x5558dc413136 <unknown>\nE       #14 0x5558dc3e19cf <unknown>\nE       #15 0x5558dc436b98 <unknown>\nE       #16 0x5558dc436d68 <unknown>\nE       #17 0x5558dc445cb3 <unknown>\nE       #18 0x7f7735294b43 <unknown>\n\n.venv/lib/python3.11/site-packages/selenium/webdriver/support/wait.py:95: TimeoutException","flaky":false,"newFailed":false,"newBroken":false,"newPassed":false,"retriesCount":0,"retriesStatusChange":false,"beforeStages":[{"name":"_verify_url","time":{"start":1694912593254,"stop":1694912593254,"duration":0},"status":"passed","steps":[],"attachments":[],"parameters":[],"shouldDisplayMessage":false,"stepsCount":0,"attachmentsCount":0,"hasContent":false},{"name":"base_url","time":{"start":1694912593254,"stop":1694912593254,"duration":0},"status":"passed","steps":[],"attachments":[],"parameters":[],"shouldDisplayMessage":false,"stepsCount":0,"attachmentsCount":0,"hasContent":false},{"name":"secret_data","time":{"start":1694912593254,"stop":1694912593254,"duration":0},"status":"passed","steps":[],"attachments":[],"parameters":[],"shouldDisplayMessage":false,"stepsCount":0,"attachmentsCount":0,"hasContent":false},{"name":"json_data","time":{"start":1694912593255,"stop":1694912593255,"duration":0},"status":"passed","steps":[],"attachments":[],"parameters":[],"shouldDisplayMessage":false,"stepsCount":0,"attachmentsCount":0,"hasContent":false},{"name":"setup_method_fixture","time":{"start":1694912753683,"stop":1694912764060,"duration":10377},"status":"broken","statusMessage":"selenium.common.exceptions.TimeoutException: Message: \nStacktrace:\n#0 0x5558dc44ce23 <unknown>\n#1 0x5558dc1757a7 <unknown>\n#2 0x5558dc1b41d3 <unknown>\n#3 0x5558dc1b42c1 <unknown>\n#4 0x5558dc1efa04 <unknown>\n#5 0x5558dc1d503d <unknown>\n#6 0x5558dc1ed369 <unknown>\n#7 0x5558dc1d4de3 <unknown>\n#8 0x5558dc1a8a7b <unknown>\n#9 0x5558dc1a981e <unknown>\n#10 0x5558dc40e638 <unknown>\n#11 0x5558dc412507 <unknown>\n#12 0x5558dc41cc4c <unknown>\n#13 0x5558dc413136 <unknown>\n#14 0x5558dc3e19cf <unknown>\n#15 0x5558dc436b98 <unknown>\n#16 0x5558dc436d68 <unknown>\n#17 0x5558dc445cb3 <unknown>\n#18 0x7f7735294b43 <unknown>\n\n","statusTrace":"  File \"/home/runner/work/kisangateway-test/kisangateway-test/.venv/lib/python3.11/site-packages/pluggy/_callers.py\", line 80, in _multicall\n    res = hook_impl.function(*args)\n          ^^^^^^^^^^^^^^^^^^^^^^^^^\n  File \"/home/runner/work/kisangateway-test/kisangateway-test/.venv/lib/python3.11/site-packages/_pytest/fixtures.py\", line 1123, in pytest_fixture_setup\n    result = call_fixture_func(fixturefunc, request, kwargs)\n             ^^^^^^^^^^^^^^^^^^^^^^^^^^^^^^^^^^^^^^^^^^^^^^^\n  File \"/home/runner/work/kisangateway-test/kisangateway-test/.venv/lib/python3.11/site-packages/_pytest/fixtures.py\", line 902, in call_fixture_func\n    fixture_result = fixturefunc(**kwargs)\n                     ^^^^^^^^^^^^^^^^^^^^^\n  File \"/home/runner/work/kisangateway-test/kisangateway-test/tests/test_workspaces.py\", line 23, in setup_method_fixture\n    login(secret_data, self.about_page, self.login_page)\n  File \"/home/runner/work/kisangateway-test/kisangateway-test/tests/test_workspaces.py\", line 13, in login\n    about_page.click_login_link()\n  File \"/home/runner/work/kisangateway-test/kisangateway-test/.venv/lib/python3.11/site-packages/allure_commons/_allure.py\", line 192, in impl\n    return func(*a, **kw)\n           ^^^^^^^^^^^^^^\n  File \"/home/runner/work/kisangateway-test/kisangateway-test/pages/about_page.py\", line 20, in click_login_link\n    self.click(self.LOGIN_LINK)\n  File \"/home/runner/work/kisangateway-test/kisangateway-test/pages/base_page.py\", line 38, in click\n    el: WebElement = self.wait.until(\n                     ^^^^^^^^^^^^^^^^\n  File \"/home/runner/work/kisangateway-test/kisangateway-test/.venv/lib/python3.11/site-packages/selenium/webdriver/support/wait.py\", line 95, in until\n    raise TimeoutException(message, screen, stacktrace)\n","steps":[{"name":"Click Login link","time":{"start":1694912753683,"stop":1694912764060,"duration":10377},"status":"broken","statusMessage":"selenium.common.exceptions.TimeoutException: Message: \nStacktrace:\n#0 0x5558dc44ce23 <unknown>\n#1 0x5558dc1757a7 <unknown>\n#2 0x5558dc1b41d3 <unknown>\n#3 0x5558dc1b42c1 <unknown>\n#4 0x5558dc1efa04 <unknown>\n#5 0x5558dc1d503d <unknown>\n#6 0x5558dc1ed369 <unknown>\n#7 0x5558dc1d4de3 <unknown>\n#8 0x5558dc1a8a7b <unknown>\n#9 0x5558dc1a981e <unknown>\n#10 0x5558dc40e638 <unknown>\n#11 0x5558dc412507 <unknown>\n#12 0x5558dc41cc4c <unknown>\n#13 0x5558dc413136 <unknown>\n#14 0x5558dc3e19cf <unknown>\n#15 0x5558dc436b98 <unknown>\n#16 0x5558dc436d68 <unknown>\n#17 0x5558dc445cb3 <unknown>\n#18 0x7f7735294b43 <unknown>\n\n","statusTrace":"  File \"/home/runner/work/kisangateway-test/kisangateway-test/.venv/lib/python3.11/site-packages/allure_commons/_allure.py\", line 192, in impl\n    return func(*a, **kw)\n           ^^^^^^^^^^^^^^\n  File \"/home/runner/work/kisangateway-test/kisangateway-test/pages/about_page.py\", line 20, in click_login_link\n    self.click(self.LOGIN_LINK)\n  File \"/home/runner/work/kisangateway-test/kisangateway-test/pages/base_page.py\", line 38, in click\n    el: WebElement = self.wait.until(\n                     ^^^^^^^^^^^^^^^^\n  File \"/home/runner/work/kisangateway-test/kisangateway-test/.venv/lib/python3.11/site-packages/selenium/webdriver/support/wait.py\", line 95, in until\n    raise TimeoutException(message, screen, stacktrace)\n","steps":[],"attachments":[],"parameters":[],"shouldDisplayMessage":true,"stepsCount":0,"attachmentsCount":0,"hasContent":true}],"attachments":[],"parameters":[],"shouldDisplayMessage":false,"stepsCount":1,"attachmentsCount":0,"hasContent":true}],"testStage":{"description":"Deleting an existing project from workspace","status":"broken","statusMessage":"selenium.common.exceptions.TimeoutException: Message: \nStacktrace:\n#0 0x5558dc44ce23 <unknown>\n#1 0x5558dc1757a7 <unknown>\n#2 0x5558dc1b41d3 <unknown>\n#3 0x5558dc1b42c1 <unknown>\n#4 0x5558dc1efa04 <unknown>\n#5 0x5558dc1d503d <unknown>\n#6 0x5558dc1ed369 <unknown>\n#7 0x5558dc1d4de3 <unknown>\n#8 0x5558dc1a8a7b <unknown>\n#9 0x5558dc1a981e <unknown>\n#10 0x5558dc40e638 <unknown>\n#11 0x5558dc412507 <unknown>\n#12 0x5558dc41cc4c <unknown>\n#13 0x5558dc413136 <unknown>\n#14 0x5558dc3e19cf <unknown>\n#15 0x5558dc436b98 <unknown>\n#16 0x5558dc436d68 <unknown>\n#17 0x5558dc445cb3 <unknown>\n#18 0x7f7735294b43 <unknown>","statusTrace":"self = <tests.test_workspaces.TestWorkspaces object at 0x7f939c9e0d90>\nsecret_data = {'email': '', 'password': ''}\n\n    @pytest.fixture(autouse=True)\n    def setup_method_fixture(self, secret_data: dict):\n>       login(secret_data, self.about_page, self.login_page)\n\ntests/test_workspaces.py:23: \n_ _ _ _ _ _ _ _ _ _ _ _ _ _ _ _ _ _ _ _ _ _ _ _ _ _ _ _ _ _ _ _ _ _ _ _ _ _ _ _ \ntests/test_workspaces.py:13: in login\n    about_page.click_login_link()\npages/about_page.py:20: in click_login_link\n    self.click(self.LOGIN_LINK)\npages/base_page.py:38: in click\n    el: WebElement = self.wait.until(\n_ _ _ _ _ _ _ _ _ _ _ _ _ _ _ _ _ _ _ _ _ _ _ _ _ _ _ _ _ _ _ _ _ _ _ _ _ _ _ _ \n\nself = <selenium.webdriver.support.wait.WebDriverWait (session=\"4a7ae73a516c3ea794195e24d94e5a03\")>\nmethod = <function element_to_be_clickable.<locals>._predicate at 0x7f939c7bec00>\nmessage = ''\n\n    def until(self, method, message: str = \"\"):\n        \"\"\"Calls the method provided with the driver as an argument until the \\\n        return value does not evaluate to ``False``.\n    \n        :param method: callable(WebDriver)\n        :param message: optional message for :exc:`TimeoutException`\n        :returns: the result of the last call to `method`\n        :raises: :exc:`selenium.common.exceptions.TimeoutException` if timeout occurs\n        \"\"\"\n        screen = None\n        stacktrace = None\n    \n        end_time = time.monotonic() + self._timeout\n        while True:\n            try:\n                value = method(self._driver)\n                if value:\n                    return value\n            except self._ignored_exceptions as exc:\n                screen = getattr(exc, \"screen\", None)\n                stacktrace = getattr(exc, \"stacktrace\", None)\n            time.sleep(self._poll)\n            if time.monotonic() > end_time:\n                break\n>       raise TimeoutException(message, screen, stacktrace)\nE       selenium.common.exceptions.TimeoutException: Message: \nE       Stacktrace:\nE       #0 0x5558dc44ce23 <unknown>\nE       #1 0x5558dc1757a7 <unknown>\nE       #2 0x5558dc1b41d3 <unknown>\nE       #3 0x5558dc1b42c1 <unknown>\nE       #4 0x5558dc1efa04 <unknown>\nE       #5 0x5558dc1d503d <unknown>\nE       #6 0x5558dc1ed369 <unknown>\nE       #7 0x5558dc1d4de3 <unknown>\nE       #8 0x5558dc1a8a7b <unknown>\nE       #9 0x5558dc1a981e <unknown>\nE       #10 0x5558dc40e638 <unknown>\nE       #11 0x5558dc412507 <unknown>\nE       #12 0x5558dc41cc4c <unknown>\nE       #13 0x5558dc413136 <unknown>\nE       #14 0x5558dc3e19cf <unknown>\nE       #15 0x5558dc436b98 <unknown>\nE       #16 0x5558dc436d68 <unknown>\nE       #17 0x5558dc445cb3 <unknown>\nE       #18 0x7f7735294b43 <unknown>\n\n.venv/lib/python3.11/site-packages/selenium/webdriver/support/wait.py:95: TimeoutException","steps":[],"attachments":[{"uid":"568f52cb195b13f8","name":"public ip address","source":"568f52cb195b13f8.txt","type":"text/plain","size":11},{"uid":"b2bf67622c178409","name":"Cookies","source":"b2bf67622c178409.json","type":"application/json","size":2},{"uid":"f25524ea90e4f388","name":"Session Storage","source":"f25524ea90e4f388.json","type":"application/json","size":2},{"uid":"830cf7f11d154572","name":"Local Storage","source":"830cf7f11d154572.json","type":"application/json","size":2},{"uid":"122b1139e3d0ab64","name":"Console Logs","source":"122b1139e3d0ab64.json","type":"application/json","size":2},{"uid":"22425e68eb4cff3c","name":"Full Page Screenshot","source":"22425e68eb4cff3c.png","type":"image/png","size":1543603},{"uid":"e8780443d67903db","name":"URL","source":"e8780443d67903db.uri","type":"text/uri-list","size":25},{"uid":"7933ea3f89ee4aa1","name":"Network Logs","source":"7933ea3f89ee4aa1.json","type":"application/json","size":2}],"parameters":[],"shouldDisplayMessage":true,"stepsCount":0,"attachmentsCount":8,"hasContent":true},"afterStages":[],"labels":[{"name":"severity","value":"normal"},{"name":"story","value":"WorkSpaces Creation and Editing Functionality"},{"name":"epic","value":"Workspaces"},{"name":"tag","value":"run(order=9)"},{"name":"parentSuite","value":"tests"},{"name":"suite","value":"test_workspaces"},{"name":"subSuite","value":"TestWorkspaces"},{"name":"host","value":"fv-az255-997"},{"name":"thread","value":"2090-MainThread"},{"name":"framework","value":"pytest"},{"name":"language","value":"cpython3"},{"name":"package","value":"tests.test_workspaces"},{"name":"resultFormat","value":"allure2"}],"parameters":[],"links":[],"hidden":false,"retry":false,"extra":{"severity":"normal","retries":[],"categories":[{"name":"Test defects","matchedStatuses":[],"flaky":false}],"tags":["run(order=9)"]},"source":"402c4677cf9ad91b.json","parameterValues":[]}