{"uid":"9a64f1b96b163393","name":"Logout of system test","fullName":"tests.test_login.TestLogin#test_logout","historyId":"b90200cedc51a1ecbba9a19fbdbf8893","time":{"start":1704416677300,"stop":1704416687480,"duration":10180},"description":"Log out from app","descriptionHtml":"<p>Log out from app</p>\n","status":"broken","statusMessage":"selenium.common.exceptions.TimeoutException: Message: \nStacktrace:\n#0 0x55e637f40d33 <unknown>\n#1 0x55e637bfdf87 <unknown>\n#2 0x55e637c4dc0e <unknown>\n#3 0x55e637c4dd11 <unknown>\n#4 0x55e637c99004 <unknown>\n#5 0x55e637c7736d <unknown>\n#6 0x55e637c96297 <unknown>\n#7 0x55e637c770e3 <unknown>\n#8 0x55e637c3f044 <unknown>\n#9 0x55e637c4044e <unknown>\n#10 0x55e637f05861 <unknown>\n#11 0x55e637f09785 <unknown>\n#12 0x55e637ef3285 <unknown>\n#13 0x55e637f0a41f <unknown>\n#14 0x55e637ed720f <unknown>\n#15 0x55e637f2e028 <unknown>\n#16 0x55e637f2e1f7 <unknown>\n#17 0x55e637f3fed4 <unknown>\n#18 0x7f249c694ac3 <unknown>","statusTrace":"self = <tests.test_login.TestLogin object at 0x7fae5cd69350>\njson_data = {'forgot_password': {'error_message': \"We can't find a user with that e-mail address.\", 'success_message': 'A reset li...you page', 'name': 'test', 'new_name': 'another test', 'no_project_found_msg': 'No project matches the criteria', ...}}\nsecret_data = {'email': '', 'password': ''}\n\n    @allure.description(\"Log out from app\")\n    @allure.title(\"Logout of system test\")\n    @allure.story(\"As a user i want to be able to logout after a successful login.\")\n    @pytest.mark.run(order=2)\n    def test_logout(self, json_data: dict, secret_data: dict):\n        # example of a simple text attachment\n        allure.attach(\n            \"<h1>Example html attachment</h1>\",\n            name=\"HTML example\",\n            attachment_type=allure.attachment_type.HTML,\n        )\n        allure.attach(\n            \"Some text content\",\n            name=\"TXT example\",\n            attachment_type=allure.attachment_type.TEXT,\n        )\n        allure.attach(\n            \"first,second,third\\none,two,three\",\n            name=\"CSV example\",\n            attachment_type=allure.attachment_type.CSV,\n        )\n        allure.attach(\n            json.dumps({\"first\": 1, \"second\": 2}, indent=2),\n            name=\"JSON example\",\n            attachment_type=allure.attachment_type.JSON,\n        )\n        xml_content = \"\"\"<?xml version=\"1.0\" encoding=\"UTF-8\"?>\n            <tag>\n                 <inside>...</inside>\n             </tag>\n         \"\"\"\n        allure.attach(\n            xml_content,\n            name=\"some attachment name\",\n            attachment_type=allure.attachment_type.XML,\n        )\n        allure.attach(\n            \"\\n\".join(\n                [\n                    \"https://github.com/allure-framework\",\n                    \"https://github.com/allure-examples\",\n                ]\n            ),\n            name=\"URI List example\",\n            attachment_type=allure.attachment_type.URI_LIST,\n        )\n>       self.about_page.click_login_link()\n\ntests/test_login.py:90: \n_ _ _ _ _ _ _ _ _ _ _ _ _ _ _ _ _ _ _ _ _ _ _ _ _ _ _ _ _ _ _ _ _ _ _ _ _ _ _ _ \npages/about_page.py:20: in click_login_link\n    self.click(self.LOGIN_LINK)\npages/base_page.py:38: in click\n    el: WebElement = self.wait.until(\n_ _ _ _ _ _ _ _ _ _ _ _ _ _ _ _ _ _ _ _ _ _ _ _ _ _ _ _ _ _ _ _ _ _ _ _ _ _ _ _ \n\nself = <selenium.webdriver.support.wait.WebDriverWait (session=\"ba595d15ab9322581408014bb7132410\")>\nmethod = <function element_to_be_clickable.<locals>._predicate at 0x7fae5ccba980>\nmessage = ''\n\n    def until(self, method, message: str = \"\"):\n        \"\"\"Calls the method provided with the driver as an argument until the \\\n        return value does not evaluate to ``False``.\n    \n        :param method: callable(WebDriver)\n        :param message: optional message for :exc:`TimeoutException`\n        :returns: the result of the last call to `method`\n        :raises: :exc:`selenium.common.exceptions.TimeoutException` if timeout occurs\n        \"\"\"\n        screen = None\n        stacktrace = None\n    \n        end_time = time.monotonic() + self._timeout\n        while True:\n            try:\n                value = method(self._driver)\n                if value:\n                    return value\n            except self._ignored_exceptions as exc:\n                screen = getattr(exc, \"screen\", None)\n                stacktrace = getattr(exc, \"stacktrace\", None)\n            time.sleep(self._poll)\n            if time.monotonic() > end_time:\n                break\n>       raise TimeoutException(message, screen, stacktrace)\nE       selenium.common.exceptions.TimeoutException: Message: \nE       Stacktrace:\nE       #0 0x55e637f40d33 <unknown>\nE       #1 0x55e637bfdf87 <unknown>\nE       #2 0x55e637c4dc0e <unknown>\nE       #3 0x55e637c4dd11 <unknown>\nE       #4 0x55e637c99004 <unknown>\nE       #5 0x55e637c7736d <unknown>\nE       #6 0x55e637c96297 <unknown>\nE       #7 0x55e637c770e3 <unknown>\nE       #8 0x55e637c3f044 <unknown>\nE       #9 0x55e637c4044e <unknown>\nE       #10 0x55e637f05861 <unknown>\nE       #11 0x55e637f09785 <unknown>\nE       #12 0x55e637ef3285 <unknown>\nE       #13 0x55e637f0a41f <unknown>\nE       #14 0x55e637ed720f <unknown>\nE       #15 0x55e637f2e028 <unknown>\nE       #16 0x55e637f2e1f7 <unknown>\nE       #17 0x55e637f3fed4 <unknown>\nE       #18 0x7f249c694ac3 <unknown>\n\n.venv/lib/python3.11/site-packages/selenium/webdriver/support/wait.py:95: TimeoutException","flaky":false,"newFailed":false,"newBroken":false,"newPassed":false,"retriesCount":0,"retriesStatusChange":false,"beforeStages":[{"name":"json_data","time":{"start":1704416652159,"stop":1704416652159,"duration":0},"status":"passed","steps":[],"attachments":[],"parameters":[],"shouldDisplayMessage":false,"stepsCount":0,"attachmentsCount":0,"hasContent":false,"attachmentStep":false},{"name":"_verify_url","time":{"start":1704416652159,"stop":1704416652159,"duration":0},"status":"passed","steps":[],"attachments":[],"parameters":[],"shouldDisplayMessage":false,"stepsCount":0,"attachmentsCount":0,"hasContent":false,"attachmentStep":false},{"name":"secret_data","time":{"start":1704416652159,"stop":1704416652159,"duration":0},"status":"passed","steps":[],"attachments":[],"parameters":[],"shouldDisplayMessage":false,"stepsCount":0,"attachmentsCount":0,"hasContent":false,"attachmentStep":false},{"name":"base_url","time":{"start":1704416652159,"stop":1704416652159,"duration":0},"status":"passed","steps":[],"attachments":[],"parameters":[],"shouldDisplayMessage":false,"stepsCount":0,"attachmentsCount":0,"hasContent":false,"attachmentStep":false}],"testStage":{"description":"Log out from app","status":"broken","statusMessage":"selenium.common.exceptions.TimeoutException: Message: \nStacktrace:\n#0 0x55e637f40d33 <unknown>\n#1 0x55e637bfdf87 <unknown>\n#2 0x55e637c4dc0e <unknown>\n#3 0x55e637c4dd11 <unknown>\n#4 0x55e637c99004 <unknown>\n#5 0x55e637c7736d <unknown>\n#6 0x55e637c96297 <unknown>\n#7 0x55e637c770e3 <unknown>\n#8 0x55e637c3f044 <unknown>\n#9 0x55e637c4044e <unknown>\n#10 0x55e637f05861 <unknown>\n#11 0x55e637f09785 <unknown>\n#12 0x55e637ef3285 <unknown>\n#13 0x55e637f0a41f <unknown>\n#14 0x55e637ed720f <unknown>\n#15 0x55e637f2e028 <unknown>\n#16 0x55e637f2e1f7 <unknown>\n#17 0x55e637f3fed4 <unknown>\n#18 0x7f249c694ac3 <unknown>","statusTrace":"self = <tests.test_login.TestLogin object at 0x7fae5cd69350>\njson_data = {'forgot_password': {'error_message': \"We can't find a user with that e-mail address.\", 'success_message': 'A reset li...you page', 'name': 'test', 'new_name': 'another test', 'no_project_found_msg': 'No project matches the criteria', ...}}\nsecret_data = {'email': '', 'password': ''}\n\n    @allure.description(\"Log out from app\")\n    @allure.title(\"Logout of system test\")\n    @allure.story(\"As a user i want to be able to logout after a successful login.\")\n    @pytest.mark.run(order=2)\n    def test_logout(self, json_data: dict, secret_data: dict):\n        # example of a simple text attachment\n        allure.attach(\n            \"<h1>Example html attachment</h1>\",\n            name=\"HTML example\",\n            attachment_type=allure.attachment_type.HTML,\n        )\n        allure.attach(\n            \"Some text content\",\n            name=\"TXT example\",\n            attachment_type=allure.attachment_type.TEXT,\n        )\n        allure.attach(\n            \"first,second,third\\none,two,three\",\n            name=\"CSV example\",\n            attachment_type=allure.attachment_type.CSV,\n        )\n        allure.attach(\n            json.dumps({\"first\": 1, \"second\": 2}, indent=2),\n            name=\"JSON example\",\n            attachment_type=allure.attachment_type.JSON,\n        )\n        xml_content = \"\"\"<?xml version=\"1.0\" encoding=\"UTF-8\"?>\n            <tag>\n                 <inside>...</inside>\n             </tag>\n         \"\"\"\n        allure.attach(\n            xml_content,\n            name=\"some attachment name\",\n            attachment_type=allure.attachment_type.XML,\n        )\n        allure.attach(\n            \"\\n\".join(\n                [\n                    \"https://github.com/allure-framework\",\n                    \"https://github.com/allure-examples\",\n                ]\n            ),\n            name=\"URI List example\",\n            attachment_type=allure.attachment_type.URI_LIST,\n        )\n>       self.about_page.click_login_link()\n\ntests/test_login.py:90: \n_ _ _ _ _ _ _ _ _ _ _ _ _ _ _ _ _ _ _ _ _ _ _ _ _ _ _ _ _ _ _ _ _ _ _ _ _ _ _ _ \npages/about_page.py:20: in click_login_link\n    self.click(self.LOGIN_LINK)\npages/base_page.py:38: in click\n    el: WebElement = self.wait.until(\n_ _ _ _ _ _ _ _ _ _ _ _ _ _ _ _ _ _ _ _ _ _ _ _ _ _ _ _ _ _ _ _ _ _ _ _ _ _ _ _ \n\nself = <selenium.webdriver.support.wait.WebDriverWait (session=\"ba595d15ab9322581408014bb7132410\")>\nmethod = <function element_to_be_clickable.<locals>._predicate at 0x7fae5ccba980>\nmessage = ''\n\n    def until(self, method, message: str = \"\"):\n        \"\"\"Calls the method provided with the driver as an argument until the \\\n        return value does not evaluate to ``False``.\n    \n        :param method: callable(WebDriver)\n        :param message: optional message for :exc:`TimeoutException`\n        :returns: the result of the last call to `method`\n        :raises: :exc:`selenium.common.exceptions.TimeoutException` if timeout occurs\n        \"\"\"\n        screen = None\n        stacktrace = None\n    \n        end_time = time.monotonic() + self._timeout\n        while True:\n            try:\n                value = method(self._driver)\n                if value:\n                    return value\n            except self._ignored_exceptions as exc:\n                screen = getattr(exc, \"screen\", None)\n                stacktrace = getattr(exc, \"stacktrace\", None)\n            time.sleep(self._poll)\n            if time.monotonic() > end_time:\n                break\n>       raise TimeoutException(message, screen, stacktrace)\nE       selenium.common.exceptions.TimeoutException: Message: \nE       Stacktrace:\nE       #0 0x55e637f40d33 <unknown>\nE       #1 0x55e637bfdf87 <unknown>\nE       #2 0x55e637c4dc0e <unknown>\nE       #3 0x55e637c4dd11 <unknown>\nE       #4 0x55e637c99004 <unknown>\nE       #5 0x55e637c7736d <unknown>\nE       #6 0x55e637c96297 <unknown>\nE       #7 0x55e637c770e3 <unknown>\nE       #8 0x55e637c3f044 <unknown>\nE       #9 0x55e637c4044e <unknown>\nE       #10 0x55e637f05861 <unknown>\nE       #11 0x55e637f09785 <unknown>\nE       #12 0x55e637ef3285 <unknown>\nE       #13 0x55e637f0a41f <unknown>\nE       #14 0x55e637ed720f <unknown>\nE       #15 0x55e637f2e028 <unknown>\nE       #16 0x55e637f2e1f7 <unknown>\nE       #17 0x55e637f3fed4 <unknown>\nE       #18 0x7f249c694ac3 <unknown>\n\n.venv/lib/python3.11/site-packages/selenium/webdriver/support/wait.py:95: TimeoutException","steps":[{"name":"Click Login link","time":{"start":1704416677301,"stop":1704416687479,"duration":10178},"status":"broken","statusMessage":"selenium.common.exceptions.TimeoutException: Message: \nStacktrace:\n#0 0x55e637f40d33 <unknown>\n#1 0x55e637bfdf87 <unknown>\n#2 0x55e637c4dc0e <unknown>\n#3 0x55e637c4dd11 <unknown>\n#4 0x55e637c99004 <unknown>\n#5 0x55e637c7736d <unknown>\n#6 0x55e637c96297 <unknown>\n#7 0x55e637c770e3 <unknown>\n#8 0x55e637c3f044 <unknown>\n#9 0x55e637c4044e <unknown>\n#10 0x55e637f05861 <unknown>\n#11 0x55e637f09785 <unknown>\n#12 0x55e637ef3285 <unknown>\n#13 0x55e637f0a41f <unknown>\n#14 0x55e637ed720f <unknown>\n#15 0x55e637f2e028 <unknown>\n#16 0x55e637f2e1f7 <unknown>\n#17 0x55e637f3fed4 <unknown>\n#18 0x7f249c694ac3 <unknown>\n\n","statusTrace":"  File \"/home/runner/work/kisangateway-test/kisangateway-test/.venv/lib/python3.11/site-packages/allure_commons/_allure.py\", line 192, in impl\n    return func(*a, **kw)\n           ^^^^^^^^^^^^^^\n  File \"/home/runner/work/kisangateway-test/kisangateway-test/pages/about_page.py\", line 20, in click_login_link\n    self.click(self.LOGIN_LINK)\n  File \"/home/runner/work/kisangateway-test/kisangateway-test/pages/base_page.py\", line 38, in click\n    el: WebElement = self.wait.until(\n                     ^^^^^^^^^^^^^^^^\n  File \"/home/runner/work/kisangateway-test/kisangateway-test/.venv/lib/python3.11/site-packages/selenium/webdriver/support/wait.py\", line 95, in until\n    raise TimeoutException(message, screen, stacktrace)\n","steps":[],"attachments":[],"parameters":[],"shouldDisplayMessage":true,"stepsCount":0,"attachmentsCount":0,"hasContent":true,"attachmentStep":false}],"attachments":[{"uid":"e3eaae773f51cdc6","name":"HTML example","source":"e3eaae773f51cdc6.html","type":"text/html","size":32},{"uid":"5185ed1fe5243f75","name":"TXT example","source":"5185ed1fe5243f75.txt","type":"text/plain","size":17},{"uid":"cf91862510fc570b","name":"CSV example","source":"cf91862510fc570b.csv","type":"text/csv","size":32},{"uid":"6f92e6d892746a70","name":"JSON example","source":"6f92e6d892746a70.json","type":"application/json","size":31},{"uid":"845b35bdf46b936d","name":"some attachment name","source":"845b35bdf46b936d.xml","type":"application/xml","size":124},{"uid":"32b83889d29426b8","name":"URI List example","source":"32b83889d29426b8.uri","type":"text/uri-list","size":70},{"uid":"82050e55c5e6316a","name":"public ip address","source":"82050e55c5e6316a.txt","type":"text/plain","size":11},{"uid":"2fb7fa6e5779187c","name":"Cookies","source":"2fb7fa6e5779187c.json","type":"application/json","size":2},{"uid":"c6f2816987053836","name":"Session Storage","source":"c6f2816987053836.json","type":"application/json","size":2},{"uid":"d2408cddf8f51a20","name":"Local Storage","source":"d2408cddf8f51a20.json","type":"application/json","size":2},{"uid":"eb4ba79d133f90f","name":"Console Logs","source":"eb4ba79d133f90f.json","type":"application/json","size":2},{"uid":"d2ce3f3215e1b87d","name":"Full Page Screenshot","source":"d2ce3f3215e1b87d.png","type":"image/png","size":2655641},{"uid":"5f232de93c6d98b3","name":"URL","source":"5f232de93c6d98b3.uri","type":"text/uri-list","size":25},{"uid":"4c262c7c82ba8a2b","name":"Network Logs","source":"4c262c7c82ba8a2b.json","type":"application/json","size":14529}],"parameters":[],"shouldDisplayMessage":true,"stepsCount":1,"attachmentsCount":14,"hasContent":true,"attachmentStep":false},"afterStages":[],"labels":[{"name":"epic","value":"Security"},{"name":"feature","value":"Login"},{"name":"severity","value":"blocker"},{"name":"story","value":"As a user i want to be able to logout after a successful login."},{"name":"tag","value":"run(order=2)"},{"name":"tag","value":"security"},{"name":"parentSuite","value":"tests"},{"name":"suite","value":"test_login"},{"name":"subSuite","value":"TestLogin"},{"name":"host","value":"fv-az1210-752"},{"name":"thread","value":"2253-MainThread"},{"name":"framework","value":"pytest"},{"name":"language","value":"cpython3"},{"name":"package","value":"tests.test_login"},{"name":"resultFormat","value":"allure2"}],"parameters":[],"links":[],"hidden":false,"retry":false,"extra":{"severity":"blocker","retries":[],"categories":[{"name":"Test defects","matchedStatuses":[],"flaky":false}],"tags":["run(order=2)","security"]},"source":"9a64f1b96b163393.json","parameterValues":[]}