{"uid":"5f54c4aff6f5b9a1","name":"Search for existing project test","fullName":"tests.test_workspaces.TestWorkspaces#test_search_project","historyId":"3072e00dfd01d41bcf7852018b214f8a","time":{"start":1710205313824,"stop":1710205313824,"duration":0},"description":"Search for an existing project","descriptionHtml":"<p>Search for an existing project</p>\n","status":"broken","statusMessage":"selenium.common.exceptions.TimeoutException: Message: \nStacktrace:\n#0 0x5a2e72d6bec3 <unknown>\n#1 0x5a2e72a63ce6 <unknown>\n#2 0x5a2e72aaee48 <unknown>\n#3 0x5a2e72aaef01 <unknown>\n#4 0x5a2e72af23f4 <unknown>\n#5 0x5a2e72ad0edd <unknown>\n#6 0x5a2e72aef899 <unknown>\n#7 0x5a2e72ad0c53 <unknown>\n#8 0x5a2e72aa1db3 <unknown>\n#9 0x5a2e72aa277e <unknown>\n#10 0x5a2e72d317fb <unknown>\n#11 0x5a2e72d35815 <unknown>\n#12 0x5a2e72d1f111 <unknown>\n#13 0x5a2e72d363a2 <unknown>\n#14 0x5a2e72d031ef <unknown>\n#15 0x5a2e72d5a4b8 <unknown>\n#16 0x5a2e72d5a6b3 <unknown>\n#17 0x5a2e72d6b074 <unknown>\n#18 0x768e48894ac3 <unknown>","statusTrace":"self = <tests.test_workspaces.TestWorkspaces object at 0x78e22c3af6d0>\nsecret_data = {'email': '', 'password': ''}\n\n    @pytest.fixture(autouse=True)\n    def setup_method_fixture(self, secret_data: dict):\n>       login(secret_data, self.about_page, self.login_page)\n\ntests/test_workspaces.py:23: \n_ _ _ _ _ _ _ _ _ _ _ _ _ _ _ _ _ _ _ _ _ _ _ _ _ _ _ _ _ _ _ _ _ _ _ _ _ _ _ _ \ntests/test_workspaces.py:13: in login\n    about_page.click_login_link()\npages/about_page.py:20: in click_login_link\n    self.click(self.LOGIN_LINK)\npages/base_page.py:38: in click\n    el: WebElement = self.wait.until(\n_ _ _ _ _ _ _ _ _ _ _ _ _ _ _ _ _ _ _ _ _ _ _ _ _ _ _ _ _ _ _ _ _ _ _ _ _ _ _ _ \n\nself = <selenium.webdriver.support.wait.WebDriverWait (session=\"22dbb0c3d54da640c43b8d536ca77086\")>\nmethod = <function element_to_be_clickable.<locals>._predicate at 0x78e22c31b740>\nmessage = ''\n\n    def until(self, method, message: str = \"\"):\n        \"\"\"Calls the method provided with the driver as an argument until the \\\n        return value does not evaluate to ``False``.\n    \n        :param method: callable(WebDriver)\n        :param message: optional message for :exc:`TimeoutException`\n        :returns: the result of the last call to `method`\n        :raises: :exc:`selenium.common.exceptions.TimeoutException` if timeout occurs\n        \"\"\"\n        screen = None\n        stacktrace = None\n    \n        end_time = time.monotonic() + self._timeout\n        while True:\n            try:\n                value = method(self._driver)\n                if value:\n                    return value\n            except self._ignored_exceptions as exc:\n                screen = getattr(exc, \"screen\", None)\n                stacktrace = getattr(exc, \"stacktrace\", None)\n            time.sleep(self._poll)\n            if time.monotonic() > end_time:\n                break\n>       raise TimeoutException(message, screen, stacktrace)\nE       selenium.common.exceptions.TimeoutException: Message: \nE       Stacktrace:\nE       #0 0x5a2e72d6bec3 <unknown>\nE       #1 0x5a2e72a63ce6 <unknown>\nE       #2 0x5a2e72aaee48 <unknown>\nE       #3 0x5a2e72aaef01 <unknown>\nE       #4 0x5a2e72af23f4 <unknown>\nE       #5 0x5a2e72ad0edd <unknown>\nE       #6 0x5a2e72aef899 <unknown>\nE       #7 0x5a2e72ad0c53 <unknown>\nE       #8 0x5a2e72aa1db3 <unknown>\nE       #9 0x5a2e72aa277e <unknown>\nE       #10 0x5a2e72d317fb <unknown>\nE       #11 0x5a2e72d35815 <unknown>\nE       #12 0x5a2e72d1f111 <unknown>\nE       #13 0x5a2e72d363a2 <unknown>\nE       #14 0x5a2e72d031ef <unknown>\nE       #15 0x5a2e72d5a4b8 <unknown>\nE       #16 0x5a2e72d5a6b3 <unknown>\nE       #17 0x5a2e72d6b074 <unknown>\nE       #18 0x768e48894ac3 <unknown>\n\n.venv/lib/python3.11/site-packages/selenium/webdriver/support/wait.py:95: TimeoutException","flaky":false,"newFailed":false,"newBroken":false,"newPassed":false,"retriesCount":0,"retriesStatusChange":false,"beforeStages":[{"name":"base_url","time":{"start":1710205198342,"stop":1710205198342,"duration":0},"status":"passed","steps":[],"attachments":[],"parameters":[],"shouldDisplayMessage":false,"stepsCount":0,"attachmentsCount":0,"hasContent":false,"attachmentStep":false},{"name":"json_data","time":{"start":1710205198342,"stop":1710205198342,"duration":0},"status":"passed","steps":[],"attachments":[],"parameters":[],"shouldDisplayMessage":false,"stepsCount":0,"attachmentsCount":0,"hasContent":false,"attachmentStep":false},{"name":"secret_data","time":{"start":1710205198342,"stop":1710205198342,"duration":0},"status":"passed","steps":[],"attachments":[],"parameters":[],"shouldDisplayMessage":false,"stepsCount":0,"attachmentsCount":0,"hasContent":false,"attachmentStep":false},{"name":"_verify_url","time":{"start":1710205198342,"stop":1710205198342,"duration":0},"status":"passed","steps":[],"attachments":[],"parameters":[],"shouldDisplayMessage":false,"stepsCount":0,"attachmentsCount":0,"hasContent":false,"attachmentStep":false},{"name":"setup_method_fixture","time":{"start":1710205315213,"stop":1710205325400,"duration":10187},"status":"broken","statusMessage":"selenium.common.exceptions.TimeoutException: Message: \nStacktrace:\n#0 0x5a2e72d6bec3 <unknown>\n#1 0x5a2e72a63ce6 <unknown>\n#2 0x5a2e72aaee48 <unknown>\n#3 0x5a2e72aaef01 <unknown>\n#4 0x5a2e72af23f4 <unknown>\n#5 0x5a2e72ad0edd <unknown>\n#6 0x5a2e72aef899 <unknown>\n#7 0x5a2e72ad0c53 <unknown>\n#8 0x5a2e72aa1db3 <unknown>\n#9 0x5a2e72aa277e <unknown>\n#10 0x5a2e72d317fb <unknown>\n#11 0x5a2e72d35815 <unknown>\n#12 0x5a2e72d1f111 <unknown>\n#13 0x5a2e72d363a2 <unknown>\n#14 0x5a2e72d031ef <unknown>\n#15 0x5a2e72d5a4b8 <unknown>\n#16 0x5a2e72d5a6b3 <unknown>\n#17 0x5a2e72d6b074 <unknown>\n#18 0x768e48894ac3 <unknown>\n\n","statusTrace":"  File \"/home/runner/work/kisangateway-test/kisangateway-test/.venv/lib/python3.11/site-packages/pluggy/_callers.py\", line 80, in _multicall\n    res = hook_impl.function(*args)\n          ^^^^^^^^^^^^^^^^^^^^^^^^^\n  File \"/home/runner/work/kisangateway-test/kisangateway-test/.venv/lib/python3.11/site-packages/_pytest/fixtures.py\", line 1123, in pytest_fixture_setup\n    result = call_fixture_func(fixturefunc, request, kwargs)\n             ^^^^^^^^^^^^^^^^^^^^^^^^^^^^^^^^^^^^^^^^^^^^^^^\n  File \"/home/runner/work/kisangateway-test/kisangateway-test/.venv/lib/python3.11/site-packages/_pytest/fixtures.py\", line 902, in call_fixture_func\n    fixture_result = fixturefunc(**kwargs)\n                     ^^^^^^^^^^^^^^^^^^^^^\n  File \"/home/runner/work/kisangateway-test/kisangateway-test/tests/test_workspaces.py\", line 23, in setup_method_fixture\n    login(secret_data, self.about_page, self.login_page)\n  File \"/home/runner/work/kisangateway-test/kisangateway-test/tests/test_workspaces.py\", line 13, in login\n    about_page.click_login_link()\n  File \"/home/runner/work/kisangateway-test/kisangateway-test/.venv/lib/python3.11/site-packages/allure_commons/_allure.py\", line 192, in impl\n    return func(*a, **kw)\n           ^^^^^^^^^^^^^^\n  File \"/home/runner/work/kisangateway-test/kisangateway-test/pages/about_page.py\", line 20, in click_login_link\n    self.click(self.LOGIN_LINK)\n  File \"/home/runner/work/kisangateway-test/kisangateway-test/pages/base_page.py\", line 38, in click\n    el: WebElement = self.wait.until(\n                     ^^^^^^^^^^^^^^^^\n  File \"/home/runner/work/kisangateway-test/kisangateway-test/.venv/lib/python3.11/site-packages/selenium/webdriver/support/wait.py\", line 95, in until\n    raise TimeoutException(message, screen, stacktrace)\n","steps":[{"name":"Click Login link","time":{"start":1710205315213,"stop":1710205325400,"duration":10187},"status":"broken","statusMessage":"selenium.common.exceptions.TimeoutException: Message: \nStacktrace:\n#0 0x5a2e72d6bec3 <unknown>\n#1 0x5a2e72a63ce6 <unknown>\n#2 0x5a2e72aaee48 <unknown>\n#3 0x5a2e72aaef01 <unknown>\n#4 0x5a2e72af23f4 <unknown>\n#5 0x5a2e72ad0edd <unknown>\n#6 0x5a2e72aef899 <unknown>\n#7 0x5a2e72ad0c53 <unknown>\n#8 0x5a2e72aa1db3 <unknown>\n#9 0x5a2e72aa277e <unknown>\n#10 0x5a2e72d317fb <unknown>\n#11 0x5a2e72d35815 <unknown>\n#12 0x5a2e72d1f111 <unknown>\n#13 0x5a2e72d363a2 <unknown>\n#14 0x5a2e72d031ef <unknown>\n#15 0x5a2e72d5a4b8 <unknown>\n#16 0x5a2e72d5a6b3 <unknown>\n#17 0x5a2e72d6b074 <unknown>\n#18 0x768e48894ac3 <unknown>\n\n","statusTrace":"  File \"/home/runner/work/kisangateway-test/kisangateway-test/.venv/lib/python3.11/site-packages/allure_commons/_allure.py\", line 192, in impl\n    return func(*a, **kw)\n           ^^^^^^^^^^^^^^\n  File \"/home/runner/work/kisangateway-test/kisangateway-test/pages/about_page.py\", line 20, in click_login_link\n    self.click(self.LOGIN_LINK)\n  File \"/home/runner/work/kisangateway-test/kisangateway-test/pages/base_page.py\", line 38, in click\n    el: WebElement = self.wait.until(\n                     ^^^^^^^^^^^^^^^^\n  File \"/home/runner/work/kisangateway-test/kisangateway-test/.venv/lib/python3.11/site-packages/selenium/webdriver/support/wait.py\", line 95, in until\n    raise TimeoutException(message, screen, stacktrace)\n","steps":[],"attachments":[],"parameters":[],"shouldDisplayMessage":true,"stepsCount":0,"attachmentsCount":0,"hasContent":true,"attachmentStep":false}],"attachments":[],"parameters":[],"shouldDisplayMessage":false,"stepsCount":1,"attachmentsCount":0,"hasContent":true,"attachmentStep":false}],"testStage":{"description":"Search for an existing project","status":"broken","statusMessage":"selenium.common.exceptions.TimeoutException: Message: \nStacktrace:\n#0 0x5a2e72d6bec3 <unknown>\n#1 0x5a2e72a63ce6 <unknown>\n#2 0x5a2e72aaee48 <unknown>\n#3 0x5a2e72aaef01 <unknown>\n#4 0x5a2e72af23f4 <unknown>\n#5 0x5a2e72ad0edd <unknown>\n#6 0x5a2e72aef899 <unknown>\n#7 0x5a2e72ad0c53 <unknown>\n#8 0x5a2e72aa1db3 <unknown>\n#9 0x5a2e72aa277e <unknown>\n#10 0x5a2e72d317fb <unknown>\n#11 0x5a2e72d35815 <unknown>\n#12 0x5a2e72d1f111 <unknown>\n#13 0x5a2e72d363a2 <unknown>\n#14 0x5a2e72d031ef <unknown>\n#15 0x5a2e72d5a4b8 <unknown>\n#16 0x5a2e72d5a6b3 <unknown>\n#17 0x5a2e72d6b074 <unknown>\n#18 0x768e48894ac3 <unknown>","statusTrace":"self = <tests.test_workspaces.TestWorkspaces object at 0x78e22c3af6d0>\nsecret_data = {'email': '', 'password': ''}\n\n    @pytest.fixture(autouse=True)\n    def setup_method_fixture(self, secret_data: dict):\n>       login(secret_data, self.about_page, self.login_page)\n\ntests/test_workspaces.py:23: \n_ _ _ _ _ _ _ _ _ _ _ _ _ _ _ _ _ _ _ _ _ _ _ _ _ _ _ _ _ _ _ _ _ _ _ _ _ _ _ _ \ntests/test_workspaces.py:13: in login\n    about_page.click_login_link()\npages/about_page.py:20: in click_login_link\n    self.click(self.LOGIN_LINK)\npages/base_page.py:38: in click\n    el: WebElement = self.wait.until(\n_ _ _ _ _ _ _ _ _ _ _ _ _ _ _ _ _ _ _ _ _ _ _ _ _ _ _ _ _ _ _ _ _ _ _ _ _ _ _ _ \n\nself = <selenium.webdriver.support.wait.WebDriverWait (session=\"22dbb0c3d54da640c43b8d536ca77086\")>\nmethod = <function element_to_be_clickable.<locals>._predicate at 0x78e22c31b740>\nmessage = ''\n\n    def until(self, method, message: str = \"\"):\n        \"\"\"Calls the method provided with the driver as an argument until the \\\n        return value does not evaluate to ``False``.\n    \n        :param method: callable(WebDriver)\n        :param message: optional message for :exc:`TimeoutException`\n        :returns: the result of the last call to `method`\n        :raises: :exc:`selenium.common.exceptions.TimeoutException` if timeout occurs\n        \"\"\"\n        screen = None\n        stacktrace = None\n    \n        end_time = time.monotonic() + self._timeout\n        while True:\n            try:\n                value = method(self._driver)\n                if value:\n                    return value\n            except self._ignored_exceptions as exc:\n                screen = getattr(exc, \"screen\", None)\n                stacktrace = getattr(exc, \"stacktrace\", None)\n            time.sleep(self._poll)\n            if time.monotonic() > end_time:\n                break\n>       raise TimeoutException(message, screen, stacktrace)\nE       selenium.common.exceptions.TimeoutException: Message: \nE       Stacktrace:\nE       #0 0x5a2e72d6bec3 <unknown>\nE       #1 0x5a2e72a63ce6 <unknown>\nE       #2 0x5a2e72aaee48 <unknown>\nE       #3 0x5a2e72aaef01 <unknown>\nE       #4 0x5a2e72af23f4 <unknown>\nE       #5 0x5a2e72ad0edd <unknown>\nE       #6 0x5a2e72aef899 <unknown>\nE       #7 0x5a2e72ad0c53 <unknown>\nE       #8 0x5a2e72aa1db3 <unknown>\nE       #9 0x5a2e72aa277e <unknown>\nE       #10 0x5a2e72d317fb <unknown>\nE       #11 0x5a2e72d35815 <unknown>\nE       #12 0x5a2e72d1f111 <unknown>\nE       #13 0x5a2e72d363a2 <unknown>\nE       #14 0x5a2e72d031ef <unknown>\nE       #15 0x5a2e72d5a4b8 <unknown>\nE       #16 0x5a2e72d5a6b3 <unknown>\nE       #17 0x5a2e72d6b074 <unknown>\nE       #18 0x768e48894ac3 <unknown>\n\n.venv/lib/python3.11/site-packages/selenium/webdriver/support/wait.py:95: TimeoutException","steps":[],"attachments":[{"uid":"3816b73716c48c90","name":"public ip address","source":"3816b73716c48c90.txt","type":"text/plain","size":13},{"uid":"618d649c5a1ed4c","name":"Cookies","source":"618d649c5a1ed4c.json","type":"application/json","size":526},{"uid":"50e97e283c241331","name":"Session Storage","source":"50e97e283c241331.json","type":"application/json","size":2},{"uid":"dd207b9ca02f39cd","name":"Local Storage","source":"dd207b9ca02f39cd.json","type":"application/json","size":77},{"uid":"ee99d2a7a93e163b","name":"Console Logs","source":"ee99d2a7a93e163b.json","type":"application/json","size":310},{"uid":"c34327b0b1cc19fc","name":"Full Page Screenshot","source":"c34327b0b1cc19fc.png","type":"image/png","size":2477225},{"uid":"3b678737f62fb442","name":"URL","source":"3b678737f62fb442.uri","type":"text/uri-list","size":25},{"uid":"5624e3b1a504e073","name":"Network Logs","source":"5624e3b1a504e073.json","type":"application/json","size":1285520}],"parameters":[],"shouldDisplayMessage":true,"stepsCount":0,"attachmentsCount":8,"hasContent":true,"attachmentStep":false},"afterStages":[],"labels":[{"name":"epic","value":"Workspaces"},{"name":"severity","value":"normal"},{"name":"story","value":"WorkSpaces Creation and Editing Functionality"},{"name":"tag","value":"run(order=6)"},{"name":"parentSuite","value":"tests"},{"name":"suite","value":"test_workspaces"},{"name":"subSuite","value":"TestWorkspaces"},{"name":"host","value":"fv-az840-809"},{"name":"thread","value":"2253-MainThread"},{"name":"framework","value":"pytest"},{"name":"language","value":"cpython3"},{"name":"package","value":"tests.test_workspaces"},{"name":"resultFormat","value":"allure2"}],"parameters":[],"links":[],"hidden":false,"retry":false,"extra":{"severity":"normal","retries":[],"categories":[{"name":"Test defects","matchedStatuses":[],"flaky":false}],"tags":["run(order=6)"]},"source":"5f54c4aff6f5b9a1.json","parameterValues":[]}