{"uid":"44f38e60598a334b","name":"Forgot Password with valid email test","fullName":"tests.test_forgot_password.TestForgotPassword#test_valid_email","historyId":"7ff7e178fd4f5b4b8deb31c8fc69c6a9","time":{"start":1700183208527,"stop":1700183218726,"duration":10199},"description":"Forgot password with a valid email address","descriptionHtml":"<p>Forgot password with a valid email address</p>\n","status":"broken","statusMessage":"selenium.common.exceptions.TimeoutException: Message: \nStacktrace:\n#0 0x564409159fb3 <unknown>\n#1 0x564408e2d4a7 <unknown>\n#2 0x564408e74dd6 <unknown>\n#3 0x564408e74ec1 <unknown>\n#4 0x564408eb2354 <unknown>\n#5 0x564408e9696d <unknown>\n#6 0x564408eafc02 <unknown>\n#7 0x564408e96713 <unknown>\n#8 0x564408e6918b <unknown>\n#9 0x564408e69f7e <unknown>\n#10 0x56440911f8d8 <unknown>\n#11 0x564409123800 <unknown>\n#12 0x56440912dcfc <unknown>\n#13 0x564409124418 <unknown>\n#14 0x5644090f142f <unknown>\n#15 0x5644091484e8 <unknown>\n#16 0x5644091486b4 <unknown>\n#17 0x564409159143 <unknown>\n#18 0x7fd1b5294ac3 <unknown>","statusTrace":"self = <tests.test_forgot_password.TestForgotPassword object at 0x7f575824c1d0>\njson_data = {'forgot_password': {'error_message': \"We can't find a user with that e-mail address.\", 'success_message': 'A reset li...you page', 'name': 'test', 'new_name': 'another test', 'no_project_found_msg': 'No project matches the criteria', ...}}\nsecret_data = {'email': '', 'password': ''}\n\n    @allure.description(\"Forgot password with a valid email address\")\n    @allure.title(\"Forgot Password with valid email test\")\n    def test_valid_email(self, json_data: dict, secret_data: dict):\n>       self.about_page.click_login_link()\n\ntests/test_forgot_password.py:19: \n_ _ _ _ _ _ _ _ _ _ _ _ _ _ _ _ _ _ _ _ _ _ _ _ _ _ _ _ _ _ _ _ _ _ _ _ _ _ _ _ \npages/about_page.py:20: in click_login_link\n    self.click(self.LOGIN_LINK)\npages/base_page.py:38: in click\n    el: WebElement = self.wait.until(\n_ _ _ _ _ _ _ _ _ _ _ _ _ _ _ _ _ _ _ _ _ _ _ _ _ _ _ _ _ _ _ _ _ _ _ _ _ _ _ _ \n\nself = <selenium.webdriver.support.wait.WebDriverWait (session=\"994892fd65dfeb907444613bee47e27e\")>\nmethod = <function element_to_be_clickable.<locals>._predicate at 0x7f5756974cc0>\nmessage = ''\n\n    def until(self, method, message: str = \"\"):\n        \"\"\"Calls the method provided with the driver as an argument until the \\\n        return value does not evaluate to ``False``.\n    \n        :param method: callable(WebDriver)\n        :param message: optional message for :exc:`TimeoutException`\n        :returns: the result of the last call to `method`\n        :raises: :exc:`selenium.common.exceptions.TimeoutException` if timeout occurs\n        \"\"\"\n        screen = None\n        stacktrace = None\n    \n        end_time = time.monotonic() + self._timeout\n        while True:\n            try:\n                value = method(self._driver)\n                if value:\n                    return value\n            except self._ignored_exceptions as exc:\n                screen = getattr(exc, \"screen\", None)\n                stacktrace = getattr(exc, \"stacktrace\", None)\n            time.sleep(self._poll)\n            if time.monotonic() > end_time:\n                break\n>       raise TimeoutException(message, screen, stacktrace)\nE       selenium.common.exceptions.TimeoutException: Message: \nE       Stacktrace:\nE       #0 0x564409159fb3 <unknown>\nE       #1 0x564408e2d4a7 <unknown>\nE       #2 0x564408e74dd6 <unknown>\nE       #3 0x564408e74ec1 <unknown>\nE       #4 0x564408eb2354 <unknown>\nE       #5 0x564408e9696d <unknown>\nE       #6 0x564408eafc02 <unknown>\nE       #7 0x564408e96713 <unknown>\nE       #8 0x564408e6918b <unknown>\nE       #9 0x564408e69f7e <unknown>\nE       #10 0x56440911f8d8 <unknown>\nE       #11 0x564409123800 <unknown>\nE       #12 0x56440912dcfc <unknown>\nE       #13 0x564409124418 <unknown>\nE       #14 0x5644090f142f <unknown>\nE       #15 0x5644091484e8 <unknown>\nE       #16 0x5644091486b4 <unknown>\nE       #17 0x564409159143 <unknown>\nE       #18 0x7fd1b5294ac3 <unknown>\n\n.venv/lib/python3.11/site-packages/selenium/webdriver/support/wait.py:95: TimeoutException","flaky":false,"newFailed":false,"newBroken":false,"newPassed":false,"retriesCount":0,"retriesStatusChange":false,"beforeStages":[{"name":"json_data","time":{"start":1700183049147,"stop":1700183049148,"duration":1},"status":"passed","steps":[],"attachments":[],"parameters":[],"shouldDisplayMessage":false,"stepsCount":0,"attachmentsCount":0,"hasContent":false},{"name":"secret_data","time":{"start":1700183049147,"stop":1700183049147,"duration":0},"status":"passed","steps":[],"attachments":[],"parameters":[],"shouldDisplayMessage":false,"stepsCount":0,"attachmentsCount":0,"hasContent":false},{"name":"base_url","time":{"start":1700183049147,"stop":1700183049147,"duration":0},"status":"passed","steps":[],"attachments":[],"parameters":[],"shouldDisplayMessage":false,"stepsCount":0,"attachmentsCount":0,"hasContent":false},{"name":"_verify_url","time":{"start":1700183049147,"stop":1700183049147,"duration":0},"status":"passed","steps":[],"attachments":[],"parameters":[],"shouldDisplayMessage":false,"stepsCount":0,"attachmentsCount":0,"hasContent":false}],"testStage":{"description":"Forgot password with a valid email address","status":"broken","statusMessage":"selenium.common.exceptions.TimeoutException: Message: \nStacktrace:\n#0 0x564409159fb3 <unknown>\n#1 0x564408e2d4a7 <unknown>\n#2 0x564408e74dd6 <unknown>\n#3 0x564408e74ec1 <unknown>\n#4 0x564408eb2354 <unknown>\n#5 0x564408e9696d <unknown>\n#6 0x564408eafc02 <unknown>\n#7 0x564408e96713 <unknown>\n#8 0x564408e6918b <unknown>\n#9 0x564408e69f7e <unknown>\n#10 0x56440911f8d8 <unknown>\n#11 0x564409123800 <unknown>\n#12 0x56440912dcfc <unknown>\n#13 0x564409124418 <unknown>\n#14 0x5644090f142f <unknown>\n#15 0x5644091484e8 <unknown>\n#16 0x5644091486b4 <unknown>\n#17 0x564409159143 <unknown>\n#18 0x7fd1b5294ac3 <unknown>","statusTrace":"self = <tests.test_forgot_password.TestForgotPassword object at 0x7f575824c1d0>\njson_data = {'forgot_password': {'error_message': \"We can't find a user with that e-mail address.\", 'success_message': 'A reset li...you page', 'name': 'test', 'new_name': 'another test', 'no_project_found_msg': 'No project matches the criteria', ...}}\nsecret_data = {'email': '', 'password': ''}\n\n    @allure.description(\"Forgot password with a valid email address\")\n    @allure.title(\"Forgot Password with valid email test\")\n    def test_valid_email(self, json_data: dict, secret_data: dict):\n>       self.about_page.click_login_link()\n\ntests/test_forgot_password.py:19: \n_ _ _ _ _ _ _ _ _ _ _ _ _ _ _ _ _ _ _ _ _ _ _ _ _ _ _ _ _ _ _ _ _ _ _ _ _ _ _ _ \npages/about_page.py:20: in click_login_link\n    self.click(self.LOGIN_LINK)\npages/base_page.py:38: in click\n    el: WebElement = self.wait.until(\n_ _ _ _ _ _ _ _ _ _ _ _ _ _ _ _ _ _ _ _ _ _ _ _ _ _ _ _ _ _ _ _ _ _ _ _ _ _ _ _ \n\nself = <selenium.webdriver.support.wait.WebDriverWait (session=\"994892fd65dfeb907444613bee47e27e\")>\nmethod = <function element_to_be_clickable.<locals>._predicate at 0x7f5756974cc0>\nmessage = ''\n\n    def until(self, method, message: str = \"\"):\n        \"\"\"Calls the method provided with the driver as an argument until the \\\n        return value does not evaluate to ``False``.\n    \n        :param method: callable(WebDriver)\n        :param message: optional message for :exc:`TimeoutException`\n        :returns: the result of the last call to `method`\n        :raises: :exc:`selenium.common.exceptions.TimeoutException` if timeout occurs\n        \"\"\"\n        screen = None\n        stacktrace = None\n    \n        end_time = time.monotonic() + self._timeout\n        while True:\n            try:\n                value = method(self._driver)\n                if value:\n                    return value\n            except self._ignored_exceptions as exc:\n                screen = getattr(exc, \"screen\", None)\n                stacktrace = getattr(exc, \"stacktrace\", None)\n            time.sleep(self._poll)\n            if time.monotonic() > end_time:\n                break\n>       raise TimeoutException(message, screen, stacktrace)\nE       selenium.common.exceptions.TimeoutException: Message: \nE       Stacktrace:\nE       #0 0x564409159fb3 <unknown>\nE       #1 0x564408e2d4a7 <unknown>\nE       #2 0x564408e74dd6 <unknown>\nE       #3 0x564408e74ec1 <unknown>\nE       #4 0x564408eb2354 <unknown>\nE       #5 0x564408e9696d <unknown>\nE       #6 0x564408eafc02 <unknown>\nE       #7 0x564408e96713 <unknown>\nE       #8 0x564408e6918b <unknown>\nE       #9 0x564408e69f7e <unknown>\nE       #10 0x56440911f8d8 <unknown>\nE       #11 0x564409123800 <unknown>\nE       #12 0x56440912dcfc <unknown>\nE       #13 0x564409124418 <unknown>\nE       #14 0x5644090f142f <unknown>\nE       #15 0x5644091484e8 <unknown>\nE       #16 0x5644091486b4 <unknown>\nE       #17 0x564409159143 <unknown>\nE       #18 0x7fd1b5294ac3 <unknown>\n\n.venv/lib/python3.11/site-packages/selenium/webdriver/support/wait.py:95: TimeoutException","steps":[{"name":"Click Login link","time":{"start":1700183208527,"stop":1700183218726,"duration":10199},"status":"broken","statusMessage":"selenium.common.exceptions.TimeoutException: Message: \nStacktrace:\n#0 0x564409159fb3 <unknown>\n#1 0x564408e2d4a7 <unknown>\n#2 0x564408e74dd6 <unknown>\n#3 0x564408e74ec1 <unknown>\n#4 0x564408eb2354 <unknown>\n#5 0x564408e9696d <unknown>\n#6 0x564408eafc02 <unknown>\n#7 0x564408e96713 <unknown>\n#8 0x564408e6918b <unknown>\n#9 0x564408e69f7e <unknown>\n#10 0x56440911f8d8 <unknown>\n#11 0x564409123800 <unknown>\n#12 0x56440912dcfc <unknown>\n#13 0x564409124418 <unknown>\n#14 0x5644090f142f <unknown>\n#15 0x5644091484e8 <unknown>\n#16 0x5644091486b4 <unknown>\n#17 0x564409159143 <unknown>\n#18 0x7fd1b5294ac3 <unknown>\n\n","statusTrace":"  File \"/home/runner/work/kisangateway-test/kisangateway-test/.venv/lib/python3.11/site-packages/allure_commons/_allure.py\", line 192, in impl\n    return func(*a, **kw)\n           ^^^^^^^^^^^^^^\n  File \"/home/runner/work/kisangateway-test/kisangateway-test/pages/about_page.py\", line 20, in click_login_link\n    self.click(self.LOGIN_LINK)\n  File \"/home/runner/work/kisangateway-test/kisangateway-test/pages/base_page.py\", line 38, in click\n    el: WebElement = self.wait.until(\n                     ^^^^^^^^^^^^^^^^\n  File \"/home/runner/work/kisangateway-test/kisangateway-test/.venv/lib/python3.11/site-packages/selenium/webdriver/support/wait.py\", line 95, in until\n    raise TimeoutException(message, screen, stacktrace)\n","steps":[],"attachments":[],"parameters":[],"shouldDisplayMessage":true,"stepsCount":0,"attachmentsCount":0,"hasContent":true}],"attachments":[{"uid":"58a724b2f14b29ef","name":"public ip address","source":"58a724b2f14b29ef.txt","type":"text/plain","size":11},{"uid":"c155d6b5f53774b0","name":"Cookies","source":"c155d6b5f53774b0.json","type":"application/json","size":2},{"uid":"489863a886fc717","name":"Session Storage","source":"489863a886fc717.json","type":"application/json","size":2},{"uid":"309e09aab5aeb162","name":"Local Storage","source":"309e09aab5aeb162.json","type":"application/json","size":2},{"uid":"e09e0d9479ab95ed","name":"Console Logs","source":"e09e0d9479ab95ed.json","type":"application/json","size":2},{"uid":"a8fae4e76ee29932","name":"Full Page Screenshot","source":"a8fae4e76ee29932.png","type":"image/png","size":1496512},{"uid":"e37392e0dc0bf37b","name":"URL","source":"e37392e0dc0bf37b.uri","type":"text/uri-list","size":25},{"uid":"46a71a9e37b6f1e6","name":"Network Logs","source":"46a71a9e37b6f1e6.json","type":"application/json","size":13978}],"parameters":[],"shouldDisplayMessage":true,"stepsCount":1,"attachmentsCount":8,"hasContent":true},"afterStages":[],"labels":[{"name":"subSuite","value":"Custom sub suite"},{"name":"suite","value":"Custom suite"},{"name":"parentSuite","value":"Custom parent suite"},{"name":"story","value":"Forgot Password Feature's Functionality"},{"name":"epic","value":"Security"},{"name":"severity","value":"critical"},{"name":"tag","value":"security"},{"name":"host","value":"fv-az1206-501"},{"name":"thread","value":"2275-MainThread"},{"name":"framework","value":"pytest"},{"name":"language","value":"cpython3"},{"name":"package","value":"tests.test_forgot_password"},{"name":"resultFormat","value":"allure2"}],"parameters":[],"links":[],"hidden":false,"retry":false,"extra":{"severity":"critical","retries":[],"categories":[{"name":"Test defects","matchedStatuses":[],"flaky":false}],"tags":["security"]},"source":"44f38e60598a334b.json","parameterValues":[]}