{"uid":"c477ddc8269eea11","name":"Login with invalid credentials test","fullName":"tests.test_login.TestLogin#test_invalid_login","historyId":"ebd85894ef649ef37954355e1db2cb03","time":{"start":1700183110453,"stop":1700183120721,"duration":10268},"description":"invalid login","descriptionHtml":"<p>invalid login</p>\n","status":"broken","statusMessage":"selenium.common.exceptions.TimeoutException: Message: \nStacktrace:\n#0 0x55fb8b03cfb3 <unknown>\n#1 0x55fb8ad104a7 <unknown>\n#2 0x55fb8ad57dd6 <unknown>\n#3 0x55fb8ad57ec1 <unknown>\n#4 0x55fb8ad95354 <unknown>\n#5 0x55fb8ad7996d <unknown>\n#6 0x55fb8ad92c02 <unknown>\n#7 0x55fb8ad79713 <unknown>\n#8 0x55fb8ad4c18b <unknown>\n#9 0x55fb8ad4cf7e <unknown>\n#10 0x55fb8b0028d8 <unknown>\n#11 0x55fb8b006800 <unknown>\n#12 0x55fb8b010cfc <unknown>\n#13 0x55fb8b007418 <unknown>\n#14 0x55fb8afd442f <unknown>\n#15 0x55fb8b02b4e8 <unknown>\n#16 0x55fb8b02b6b4 <unknown>\n#17 0x55fb8b03c143 <unknown>\n#18 0x7f9839c94ac3 <unknown>","statusTrace":"self = <tests.test_login.TestLogin object at 0x7f5756c0a1d0>\nemail = 'elias@gmail.com', password = '12345Tr'\njson_data = {'forgot_password': {'error_message': \"We can't find a user with that e-mail address.\", 'success_message': 'A reset li...you page', 'name': 'test', 'new_name': 'another test', 'no_project_found_msg': 'No project matches the criteria', ...}}\n\n    @allure.description(\"invalid login\")\n    @allure.title(\"Login with invalid credentials test\")\n    @pytest.mark.parametrize(\"email, password\", users)\n    @pytest.mark.run(order=3)\n    def test_invalid_login(self, email: str, password: str, json_data: dict):\n>       self.about_page.click_login_link()\n\ntests/test_login.py:22: \n_ _ _ _ _ _ _ _ _ _ _ _ _ _ _ _ _ _ _ _ _ _ _ _ _ _ _ _ _ _ _ _ _ _ _ _ _ _ _ _ \npages/about_page.py:20: in click_login_link\n    self.click(self.LOGIN_LINK)\npages/base_page.py:38: in click\n    el: WebElement = self.wait.until(\n_ _ _ _ _ _ _ _ _ _ _ _ _ _ _ _ _ _ _ _ _ _ _ _ _ _ _ _ _ _ _ _ _ _ _ _ _ _ _ _ \n\nself = <selenium.webdriver.support.wait.WebDriverWait (session=\"7c132202d211110cee20f5bdc98c4aac\")>\nmethod = <function element_to_be_clickable.<locals>._predicate at 0x7f5756a3efc0>\nmessage = ''\n\n    def until(self, method, message: str = \"\"):\n        \"\"\"Calls the method provided with the driver as an argument until the \\\n        return value does not evaluate to ``False``.\n    \n        :param method: callable(WebDriver)\n        :param message: optional message for :exc:`TimeoutException`\n        :returns: the result of the last call to `method`\n        :raises: :exc:`selenium.common.exceptions.TimeoutException` if timeout occurs\n        \"\"\"\n        screen = None\n        stacktrace = None\n    \n        end_time = time.monotonic() + self._timeout\n        while True:\n            try:\n                value = method(self._driver)\n                if value:\n                    return value\n            except self._ignored_exceptions as exc:\n                screen = getattr(exc, \"screen\", None)\n                stacktrace = getattr(exc, \"stacktrace\", None)\n            time.sleep(self._poll)\n            if time.monotonic() > end_time:\n                break\n>       raise TimeoutException(message, screen, stacktrace)\nE       selenium.common.exceptions.TimeoutException: Message: \nE       Stacktrace:\nE       #0 0x55fb8b03cfb3 <unknown>\nE       #1 0x55fb8ad104a7 <unknown>\nE       #2 0x55fb8ad57dd6 <unknown>\nE       #3 0x55fb8ad57ec1 <unknown>\nE       #4 0x55fb8ad95354 <unknown>\nE       #5 0x55fb8ad7996d <unknown>\nE       #6 0x55fb8ad92c02 <unknown>\nE       #7 0x55fb8ad79713 <unknown>\nE       #8 0x55fb8ad4c18b <unknown>\nE       #9 0x55fb8ad4cf7e <unknown>\nE       #10 0x55fb8b0028d8 <unknown>\nE       #11 0x55fb8b006800 <unknown>\nE       #12 0x55fb8b010cfc <unknown>\nE       #13 0x55fb8b007418 <unknown>\nE       #14 0x55fb8afd442f <unknown>\nE       #15 0x55fb8b02b4e8 <unknown>\nE       #16 0x55fb8b02b6b4 <unknown>\nE       #17 0x55fb8b03c143 <unknown>\nE       #18 0x7f9839c94ac3 <unknown>\n\n.venv/lib/python3.11/site-packages/selenium/webdriver/support/wait.py:95: TimeoutException","flaky":false,"newFailed":false,"newBroken":false,"newPassed":false,"retriesCount":0,"retriesStatusChange":false,"beforeStages":[{"name":"json_data","time":{"start":1700183049147,"stop":1700183049148,"duration":1},"status":"passed","steps":[],"attachments":[],"parameters":[],"shouldDisplayMessage":false,"stepsCount":0,"attachmentsCount":0,"hasContent":false},{"name":"base_url","time":{"start":1700183049147,"stop":1700183049147,"duration":0},"status":"passed","steps":[],"attachments":[],"parameters":[],"shouldDisplayMessage":false,"stepsCount":0,"attachmentsCount":0,"hasContent":false},{"name":"_verify_url","time":{"start":1700183049147,"stop":1700183049147,"duration":0},"status":"passed","steps":[],"attachments":[],"parameters":[],"shouldDisplayMessage":false,"stepsCount":0,"attachmentsCount":0,"hasContent":false}],"testStage":{"description":"invalid login","status":"broken","statusMessage":"selenium.common.exceptions.TimeoutException: Message: \nStacktrace:\n#0 0x55fb8b03cfb3 <unknown>\n#1 0x55fb8ad104a7 <unknown>\n#2 0x55fb8ad57dd6 <unknown>\n#3 0x55fb8ad57ec1 <unknown>\n#4 0x55fb8ad95354 <unknown>\n#5 0x55fb8ad7996d <unknown>\n#6 0x55fb8ad92c02 <unknown>\n#7 0x55fb8ad79713 <unknown>\n#8 0x55fb8ad4c18b <unknown>\n#9 0x55fb8ad4cf7e <unknown>\n#10 0x55fb8b0028d8 <unknown>\n#11 0x55fb8b006800 <unknown>\n#12 0x55fb8b010cfc <unknown>\n#13 0x55fb8b007418 <unknown>\n#14 0x55fb8afd442f <unknown>\n#15 0x55fb8b02b4e8 <unknown>\n#16 0x55fb8b02b6b4 <unknown>\n#17 0x55fb8b03c143 <unknown>\n#18 0x7f9839c94ac3 <unknown>","statusTrace":"self = <tests.test_login.TestLogin object at 0x7f5756c0a1d0>\nemail = 'elias@gmail.com', password = '12345Tr'\njson_data = {'forgot_password': {'error_message': \"We can't find a user with that e-mail address.\", 'success_message': 'A reset li...you page', 'name': 'test', 'new_name': 'another test', 'no_project_found_msg': 'No project matches the criteria', ...}}\n\n    @allure.description(\"invalid login\")\n    @allure.title(\"Login with invalid credentials test\")\n    @pytest.mark.parametrize(\"email, password\", users)\n    @pytest.mark.run(order=3)\n    def test_invalid_login(self, email: str, password: str, json_data: dict):\n>       self.about_page.click_login_link()\n\ntests/test_login.py:22: \n_ _ _ _ _ _ _ _ _ _ _ _ _ _ _ _ _ _ _ _ _ _ _ _ _ _ _ _ _ _ _ _ _ _ _ _ _ _ _ _ \npages/about_page.py:20: in click_login_link\n    self.click(self.LOGIN_LINK)\npages/base_page.py:38: in click\n    el: WebElement = self.wait.until(\n_ _ _ _ _ _ _ _ _ _ _ _ _ _ _ _ _ _ _ _ _ _ _ _ _ _ _ _ _ _ _ _ _ _ _ _ _ _ _ _ \n\nself = <selenium.webdriver.support.wait.WebDriverWait (session=\"7c132202d211110cee20f5bdc98c4aac\")>\nmethod = <function element_to_be_clickable.<locals>._predicate at 0x7f5756a3efc0>\nmessage = ''\n\n    def until(self, method, message: str = \"\"):\n        \"\"\"Calls the method provided with the driver as an argument until the \\\n        return value does not evaluate to ``False``.\n    \n        :param method: callable(WebDriver)\n        :param message: optional message for :exc:`TimeoutException`\n        :returns: the result of the last call to `method`\n        :raises: :exc:`selenium.common.exceptions.TimeoutException` if timeout occurs\n        \"\"\"\n        screen = None\n        stacktrace = None\n    \n        end_time = time.monotonic() + self._timeout\n        while True:\n            try:\n                value = method(self._driver)\n                if value:\n                    return value\n            except self._ignored_exceptions as exc:\n                screen = getattr(exc, \"screen\", None)\n                stacktrace = getattr(exc, \"stacktrace\", None)\n            time.sleep(self._poll)\n            if time.monotonic() > end_time:\n                break\n>       raise TimeoutException(message, screen, stacktrace)\nE       selenium.common.exceptions.TimeoutException: Message: \nE       Stacktrace:\nE       #0 0x55fb8b03cfb3 <unknown>\nE       #1 0x55fb8ad104a7 <unknown>\nE       #2 0x55fb8ad57dd6 <unknown>\nE       #3 0x55fb8ad57ec1 <unknown>\nE       #4 0x55fb8ad95354 <unknown>\nE       #5 0x55fb8ad7996d <unknown>\nE       #6 0x55fb8ad92c02 <unknown>\nE       #7 0x55fb8ad79713 <unknown>\nE       #8 0x55fb8ad4c18b <unknown>\nE       #9 0x55fb8ad4cf7e <unknown>\nE       #10 0x55fb8b0028d8 <unknown>\nE       #11 0x55fb8b006800 <unknown>\nE       #12 0x55fb8b010cfc <unknown>\nE       #13 0x55fb8b007418 <unknown>\nE       #14 0x55fb8afd442f <unknown>\nE       #15 0x55fb8b02b4e8 <unknown>\nE       #16 0x55fb8b02b6b4 <unknown>\nE       #17 0x55fb8b03c143 <unknown>\nE       #18 0x7f9839c94ac3 <unknown>\n\n.venv/lib/python3.11/site-packages/selenium/webdriver/support/wait.py:95: TimeoutException","steps":[{"name":"Click Login link","time":{"start":1700183110453,"stop":1700183120721,"duration":10268},"status":"broken","statusMessage":"selenium.common.exceptions.TimeoutException: Message: \nStacktrace:\n#0 0x55fb8b03cfb3 <unknown>\n#1 0x55fb8ad104a7 <unknown>\n#2 0x55fb8ad57dd6 <unknown>\n#3 0x55fb8ad57ec1 <unknown>\n#4 0x55fb8ad95354 <unknown>\n#5 0x55fb8ad7996d <unknown>\n#6 0x55fb8ad92c02 <unknown>\n#7 0x55fb8ad79713 <unknown>\n#8 0x55fb8ad4c18b <unknown>\n#9 0x55fb8ad4cf7e <unknown>\n#10 0x55fb8b0028d8 <unknown>\n#11 0x55fb8b006800 <unknown>\n#12 0x55fb8b010cfc <unknown>\n#13 0x55fb8b007418 <unknown>\n#14 0x55fb8afd442f <unknown>\n#15 0x55fb8b02b4e8 <unknown>\n#16 0x55fb8b02b6b4 <unknown>\n#17 0x55fb8b03c143 <unknown>\n#18 0x7f9839c94ac3 <unknown>\n\n","statusTrace":"  File \"/home/runner/work/kisangateway-test/kisangateway-test/.venv/lib/python3.11/site-packages/allure_commons/_allure.py\", line 192, in impl\n    return func(*a, **kw)\n           ^^^^^^^^^^^^^^\n  File \"/home/runner/work/kisangateway-test/kisangateway-test/pages/about_page.py\", line 20, in click_login_link\n    self.click(self.LOGIN_LINK)\n  File \"/home/runner/work/kisangateway-test/kisangateway-test/pages/base_page.py\", line 38, in click\n    el: WebElement = self.wait.until(\n                     ^^^^^^^^^^^^^^^^\n  File \"/home/runner/work/kisangateway-test/kisangateway-test/.venv/lib/python3.11/site-packages/selenium/webdriver/support/wait.py\", line 95, in until\n    raise TimeoutException(message, screen, stacktrace)\n","steps":[],"attachments":[],"parameters":[],"shouldDisplayMessage":true,"stepsCount":0,"attachmentsCount":0,"hasContent":true}],"attachments":[{"uid":"8fac575b0ba8d460","name":"public ip address","source":"8fac575b0ba8d460.txt","type":"text/plain","size":11},{"uid":"305eec8a4055da8a","name":"Cookies","source":"305eec8a4055da8a.json","type":"application/json","size":2},{"uid":"f5dd32311812f696","name":"Session Storage","source":"f5dd32311812f696.json","type":"application/json","size":2},{"uid":"5fd88cd7f2a01bd4","name":"Local Storage","source":"5fd88cd7f2a01bd4.json","type":"application/json","size":2},{"uid":"b2b7c5bca2532b35","name":"Console Logs","source":"b2b7c5bca2532b35.json","type":"application/json","size":2},{"uid":"508ed5bd652e610c","name":"Full Page Screenshot","source":"508ed5bd652e610c.png","type":"image/png","size":1496512},{"uid":"cf8f4f2e8b1bb02a","name":"URL","source":"cf8f4f2e8b1bb02a.uri","type":"text/uri-list","size":25},{"uid":"35cbee344cd2b7c5","name":"Network Logs","source":"35cbee344cd2b7c5.json","type":"application/json","size":13981}],"parameters":[],"shouldDisplayMessage":true,"stepsCount":1,"attachmentsCount":8,"hasContent":true},"afterStages":[],"labels":[{"name":"severity","value":"blocker"},{"name":"epic","value":"Security"},{"name":"feature","value":"Login"},{"name":"tag","value":"run(order=3)"},{"name":"tag","value":"security"},{"name":"parentSuite","value":"tests"},{"name":"suite","value":"test_login"},{"name":"subSuite","value":"TestLogin"},{"name":"host","value":"fv-az1206-501"},{"name":"thread","value":"2275-MainThread"},{"name":"framework","value":"pytest"},{"name":"language","value":"cpython3"},{"name":"package","value":"tests.test_login"},{"name":"resultFormat","value":"allure2"}],"parameters":[{"name":"email","value":"'elias@gmail.com'"},{"name":"password","value":"'12345Tr'"}],"links":[],"hidden":false,"retry":false,"extra":{"severity":"blocker","retries":[],"categories":[{"name":"Test defects","matchedStatuses":[],"flaky":false}],"tags":["run(order=3)","security"]},"source":"c477ddc8269eea11.json","parameterValues":["'elias@gmail.com'","'12345Tr'"]}