{"uid":"e57c288a7f59dade","name":"Rename an existing workspace test","fullName":"tests.test_workspaces.TestWorkspaces#test_rename_workspace","historyId":"d49362deb707221678019bdc76bcec08","time":{"start":1706230962947,"stop":1706230962947,"duration":0},"description":"Rename an existing workspace","descriptionHtml":"<p>Rename an existing workspace</p>\n","status":"broken","statusMessage":"selenium.common.exceptions.TimeoutException: Message: \nStacktrace:\n#0 0x55f32758df83 <unknown>\n#1 0x55f327246cf7 <unknown>\n#2 0x55f32729699e <unknown>\n#3 0x55f327296aa1 <unknown>\n#4 0x55f3272e1d64 <unknown>\n#5 0x55f3272c00dd <unknown>\n#6 0x55f3272df006 <unknown>\n#7 0x55f3272bfe53 <unknown>\n#8 0x55f327287dd4 <unknown>\n#9 0x55f3272891de <unknown>\n#10 0x55f327552531 <unknown>\n#11 0x55f327556455 <unknown>\n#12 0x55f32753ef55 <unknown>\n#13 0x55f3275570ef <unknown>\n#14 0x55f32752299f <unknown>\n#15 0x55f32757b008 <unknown>\n#16 0x55f32757b1d7 <unknown>\n#17 0x55f32758d124 <unknown>\n#18 0x7f3908494ac3 <unknown>","statusTrace":"self = <tests.test_workspaces.TestWorkspaces object at 0x7fa6e9d23890>\nsecret_data = {'email': '', 'password': ''}\n\n    @pytest.fixture(autouse=True)\n    def setup_method_fixture(self, secret_data: dict):\n>       login(secret_data, self.about_page, self.login_page)\n\ntests/test_workspaces.py:23: \n_ _ _ _ _ _ _ _ _ _ _ _ _ _ _ _ _ _ _ _ _ _ _ _ _ _ _ _ _ _ _ _ _ _ _ _ _ _ _ _ \ntests/test_workspaces.py:13: in login\n    about_page.click_login_link()\npages/about_page.py:20: in click_login_link\n    self.click(self.LOGIN_LINK)\npages/base_page.py:38: in click\n    el: WebElement = self.wait.until(\n_ _ _ _ _ _ _ _ _ _ _ _ _ _ _ _ _ _ _ _ _ _ _ _ _ _ _ _ _ _ _ _ _ _ _ _ _ _ _ _ \n\nself = <selenium.webdriver.support.wait.WebDriverWait (session=\"5b971cb360e2540ba934086c832133d7\")>\nmethod = <function element_to_be_clickable.<locals>._predicate at 0x7fa6e9664900>\nmessage = ''\n\n    def until(self, method, message: str = \"\"):\n        \"\"\"Calls the method provided with the driver as an argument until the \\\n        return value does not evaluate to ``False``.\n    \n        :param method: callable(WebDriver)\n        :param message: optional message for :exc:`TimeoutException`\n        :returns: the result of the last call to `method`\n        :raises: :exc:`selenium.common.exceptions.TimeoutException` if timeout occurs\n        \"\"\"\n        screen = None\n        stacktrace = None\n    \n        end_time = time.monotonic() + self._timeout\n        while True:\n            try:\n                value = method(self._driver)\n                if value:\n                    return value\n            except self._ignored_exceptions as exc:\n                screen = getattr(exc, \"screen\", None)\n                stacktrace = getattr(exc, \"stacktrace\", None)\n            time.sleep(self._poll)\n            if time.monotonic() > end_time:\n                break\n>       raise TimeoutException(message, screen, stacktrace)\nE       selenium.common.exceptions.TimeoutException: Message: \nE       Stacktrace:\nE       #0 0x55f32758df83 <unknown>\nE       #1 0x55f327246cf7 <unknown>\nE       #2 0x55f32729699e <unknown>\nE       #3 0x55f327296aa1 <unknown>\nE       #4 0x55f3272e1d64 <unknown>\nE       #5 0x55f3272c00dd <unknown>\nE       #6 0x55f3272df006 <unknown>\nE       #7 0x55f3272bfe53 <unknown>\nE       #8 0x55f327287dd4 <unknown>\nE       #9 0x55f3272891de <unknown>\nE       #10 0x55f327552531 <unknown>\nE       #11 0x55f327556455 <unknown>\nE       #12 0x55f32753ef55 <unknown>\nE       #13 0x55f3275570ef <unknown>\nE       #14 0x55f32752299f <unknown>\nE       #15 0x55f32757b008 <unknown>\nE       #16 0x55f32757b1d7 <unknown>\nE       #17 0x55f32758d124 <unknown>\nE       #18 0x7f3908494ac3 <unknown>\n\n.venv/lib/python3.11/site-packages/selenium/webdriver/support/wait.py:95: TimeoutException","flaky":false,"newFailed":false,"newBroken":false,"newPassed":false,"retriesCount":0,"retriesStatusChange":false,"beforeStages":[{"name":"base_url","time":{"start":1706230926072,"stop":1706230926072,"duration":0},"status":"passed","steps":[],"attachments":[],"parameters":[],"shouldDisplayMessage":false,"stepsCount":0,"attachmentsCount":0,"hasContent":false,"attachmentStep":false},{"name":"_verify_url","time":{"start":1706230926072,"stop":1706230926073,"duration":1},"status":"passed","steps":[],"attachments":[],"parameters":[],"shouldDisplayMessage":false,"stepsCount":0,"attachmentsCount":0,"hasContent":false,"attachmentStep":false},{"name":"json_data","time":{"start":1706230926073,"stop":1706230926073,"duration":0},"status":"passed","steps":[],"attachments":[],"parameters":[],"shouldDisplayMessage":false,"stepsCount":0,"attachmentsCount":0,"hasContent":false,"attachmentStep":false},{"name":"secret_data","time":{"start":1706230926073,"stop":1706230926073,"duration":0},"status":"passed","steps":[],"attachments":[],"parameters":[],"shouldDisplayMessage":false,"stepsCount":0,"attachmentsCount":0,"hasContent":false,"attachmentStep":false},{"name":"setup_method_fixture","time":{"start":1706230964051,"stop":1706230974365,"duration":10314},"status":"broken","statusMessage":"selenium.common.exceptions.TimeoutException: Message: \nStacktrace:\n#0 0x55f32758df83 <unknown>\n#1 0x55f327246cf7 <unknown>\n#2 0x55f32729699e <unknown>\n#3 0x55f327296aa1 <unknown>\n#4 0x55f3272e1d64 <unknown>\n#5 0x55f3272c00dd <unknown>\n#6 0x55f3272df006 <unknown>\n#7 0x55f3272bfe53 <unknown>\n#8 0x55f327287dd4 <unknown>\n#9 0x55f3272891de <unknown>\n#10 0x55f327552531 <unknown>\n#11 0x55f327556455 <unknown>\n#12 0x55f32753ef55 <unknown>\n#13 0x55f3275570ef <unknown>\n#14 0x55f32752299f <unknown>\n#15 0x55f32757b008 <unknown>\n#16 0x55f32757b1d7 <unknown>\n#17 0x55f32758d124 <unknown>\n#18 0x7f3908494ac3 <unknown>\n\n","statusTrace":"  File \"/home/runner/work/kisangateway-test/kisangateway-test/.venv/lib/python3.11/site-packages/pluggy/_callers.py\", line 80, in _multicall\n    res = hook_impl.function(*args)\n          ^^^^^^^^^^^^^^^^^^^^^^^^^\n  File \"/home/runner/work/kisangateway-test/kisangateway-test/.venv/lib/python3.11/site-packages/_pytest/fixtures.py\", line 1123, in pytest_fixture_setup\n    result = call_fixture_func(fixturefunc, request, kwargs)\n             ^^^^^^^^^^^^^^^^^^^^^^^^^^^^^^^^^^^^^^^^^^^^^^^\n  File \"/home/runner/work/kisangateway-test/kisangateway-test/.venv/lib/python3.11/site-packages/_pytest/fixtures.py\", line 902, in call_fixture_func\n    fixture_result = fixturefunc(**kwargs)\n                     ^^^^^^^^^^^^^^^^^^^^^\n  File \"/home/runner/work/kisangateway-test/kisangateway-test/tests/test_workspaces.py\", line 23, in setup_method_fixture\n    login(secret_data, self.about_page, self.login_page)\n  File \"/home/runner/work/kisangateway-test/kisangateway-test/tests/test_workspaces.py\", line 13, in login\n    about_page.click_login_link()\n  File \"/home/runner/work/kisangateway-test/kisangateway-test/.venv/lib/python3.11/site-packages/allure_commons/_allure.py\", line 192, in impl\n    return func(*a, **kw)\n           ^^^^^^^^^^^^^^\n  File \"/home/runner/work/kisangateway-test/kisangateway-test/pages/about_page.py\", line 20, in click_login_link\n    self.click(self.LOGIN_LINK)\n  File \"/home/runner/work/kisangateway-test/kisangateway-test/pages/base_page.py\", line 38, in click\n    el: WebElement = self.wait.until(\n                     ^^^^^^^^^^^^^^^^\n  File \"/home/runner/work/kisangateway-test/kisangateway-test/.venv/lib/python3.11/site-packages/selenium/webdriver/support/wait.py\", line 95, in until\n    raise TimeoutException(message, screen, stacktrace)\n","steps":[{"name":"Click Login link","time":{"start":1706230964051,"stop":1706230974365,"duration":10314},"status":"broken","statusMessage":"selenium.common.exceptions.TimeoutException: Message: \nStacktrace:\n#0 0x55f32758df83 <unknown>\n#1 0x55f327246cf7 <unknown>\n#2 0x55f32729699e <unknown>\n#3 0x55f327296aa1 <unknown>\n#4 0x55f3272e1d64 <unknown>\n#5 0x55f3272c00dd <unknown>\n#6 0x55f3272df006 <unknown>\n#7 0x55f3272bfe53 <unknown>\n#8 0x55f327287dd4 <unknown>\n#9 0x55f3272891de <unknown>\n#10 0x55f327552531 <unknown>\n#11 0x55f327556455 <unknown>\n#12 0x55f32753ef55 <unknown>\n#13 0x55f3275570ef <unknown>\n#14 0x55f32752299f <unknown>\n#15 0x55f32757b008 <unknown>\n#16 0x55f32757b1d7 <unknown>\n#17 0x55f32758d124 <unknown>\n#18 0x7f3908494ac3 <unknown>\n\n","statusTrace":"  File \"/home/runner/work/kisangateway-test/kisangateway-test/.venv/lib/python3.11/site-packages/allure_commons/_allure.py\", line 192, in impl\n    return func(*a, **kw)\n           ^^^^^^^^^^^^^^\n  File \"/home/runner/work/kisangateway-test/kisangateway-test/pages/about_page.py\", line 20, in click_login_link\n    self.click(self.LOGIN_LINK)\n  File \"/home/runner/work/kisangateway-test/kisangateway-test/pages/base_page.py\", line 38, in click\n    el: WebElement = self.wait.until(\n                     ^^^^^^^^^^^^^^^^\n  File \"/home/runner/work/kisangateway-test/kisangateway-test/.venv/lib/python3.11/site-packages/selenium/webdriver/support/wait.py\", line 95, in until\n    raise TimeoutException(message, screen, stacktrace)\n","steps":[],"attachments":[],"parameters":[],"shouldDisplayMessage":true,"stepsCount":0,"attachmentsCount":0,"hasContent":true,"attachmentStep":false}],"attachments":[],"parameters":[],"shouldDisplayMessage":false,"stepsCount":1,"attachmentsCount":0,"hasContent":true,"attachmentStep":false}],"testStage":{"description":"Rename an existing workspace","status":"broken","statusMessage":"selenium.common.exceptions.TimeoutException: Message: \nStacktrace:\n#0 0x55f32758df83 <unknown>\n#1 0x55f327246cf7 <unknown>\n#2 0x55f32729699e <unknown>\n#3 0x55f327296aa1 <unknown>\n#4 0x55f3272e1d64 <unknown>\n#5 0x55f3272c00dd <unknown>\n#6 0x55f3272df006 <unknown>\n#7 0x55f3272bfe53 <unknown>\n#8 0x55f327287dd4 <unknown>\n#9 0x55f3272891de <unknown>\n#10 0x55f327552531 <unknown>\n#11 0x55f327556455 <unknown>\n#12 0x55f32753ef55 <unknown>\n#13 0x55f3275570ef <unknown>\n#14 0x55f32752299f <unknown>\n#15 0x55f32757b008 <unknown>\n#16 0x55f32757b1d7 <unknown>\n#17 0x55f32758d124 <unknown>\n#18 0x7f3908494ac3 <unknown>","statusTrace":"self = <tests.test_workspaces.TestWorkspaces object at 0x7fa6e9d23890>\nsecret_data = {'email': '', 'password': ''}\n\n    @pytest.fixture(autouse=True)\n    def setup_method_fixture(self, secret_data: dict):\n>       login(secret_data, self.about_page, self.login_page)\n\ntests/test_workspaces.py:23: \n_ _ _ _ _ _ _ _ _ _ _ _ _ _ _ _ _ _ _ _ _ _ _ _ _ _ _ _ _ _ _ _ _ _ _ _ _ _ _ _ \ntests/test_workspaces.py:13: in login\n    about_page.click_login_link()\npages/about_page.py:20: in click_login_link\n    self.click(self.LOGIN_LINK)\npages/base_page.py:38: in click\n    el: WebElement = self.wait.until(\n_ _ _ _ _ _ _ _ _ _ _ _ _ _ _ _ _ _ _ _ _ _ _ _ _ _ _ _ _ _ _ _ _ _ _ _ _ _ _ _ \n\nself = <selenium.webdriver.support.wait.WebDriverWait (session=\"5b971cb360e2540ba934086c832133d7\")>\nmethod = <function element_to_be_clickable.<locals>._predicate at 0x7fa6e9664900>\nmessage = ''\n\n    def until(self, method, message: str = \"\"):\n        \"\"\"Calls the method provided with the driver as an argument until the \\\n        return value does not evaluate to ``False``.\n    \n        :param method: callable(WebDriver)\n        :param message: optional message for :exc:`TimeoutException`\n        :returns: the result of the last call to `method`\n        :raises: :exc:`selenium.common.exceptions.TimeoutException` if timeout occurs\n        \"\"\"\n        screen = None\n        stacktrace = None\n    \n        end_time = time.monotonic() + self._timeout\n        while True:\n            try:\n                value = method(self._driver)\n                if value:\n                    return value\n            except self._ignored_exceptions as exc:\n                screen = getattr(exc, \"screen\", None)\n                stacktrace = getattr(exc, \"stacktrace\", None)\n            time.sleep(self._poll)\n            if time.monotonic() > end_time:\n                break\n>       raise TimeoutException(message, screen, stacktrace)\nE       selenium.common.exceptions.TimeoutException: Message: \nE       Stacktrace:\nE       #0 0x55f32758df83 <unknown>\nE       #1 0x55f327246cf7 <unknown>\nE       #2 0x55f32729699e <unknown>\nE       #3 0x55f327296aa1 <unknown>\nE       #4 0x55f3272e1d64 <unknown>\nE       #5 0x55f3272c00dd <unknown>\nE       #6 0x55f3272df006 <unknown>\nE       #7 0x55f3272bfe53 <unknown>\nE       #8 0x55f327287dd4 <unknown>\nE       #9 0x55f3272891de <unknown>\nE       #10 0x55f327552531 <unknown>\nE       #11 0x55f327556455 <unknown>\nE       #12 0x55f32753ef55 <unknown>\nE       #13 0x55f3275570ef <unknown>\nE       #14 0x55f32752299f <unknown>\nE       #15 0x55f32757b008 <unknown>\nE       #16 0x55f32757b1d7 <unknown>\nE       #17 0x55f32758d124 <unknown>\nE       #18 0x7f3908494ac3 <unknown>\n\n.venv/lib/python3.11/site-packages/selenium/webdriver/support/wait.py:95: TimeoutException","steps":[],"attachments":[{"uid":"a2501841875f1416","name":"public ip address","source":"a2501841875f1416.txt","type":"text/plain","size":13},{"uid":"20e7b8ce3cda4a06","name":"Cookies","source":"20e7b8ce3cda4a06.json","type":"application/json","size":2},{"uid":"b4a4f1c8eddefc02","name":"Session Storage","source":"b4a4f1c8eddefc02.json","type":"application/json","size":2},{"uid":"b3aa68e18d8362e3","name":"Local Storage","source":"b3aa68e18d8362e3.json","type":"application/json","size":77},{"uid":"fae7a103cb9de285","name":"Console Logs","source":"fae7a103cb9de285.json","type":"application/json","size":599},{"uid":"9c952cd2276bd5dd","name":"Full Page Screenshot","source":"9c952cd2276bd5dd.png","type":"image/png","size":2647721},{"uid":"748a428fd8a952ca","name":"URL","source":"748a428fd8a952ca.uri","type":"text/uri-list","size":25},{"uid":"6e1ebc79e1c39a9b","name":"Network Logs","source":"6e1ebc79e1c39a9b.json","type":"application/json","size":1234483}],"parameters":[],"shouldDisplayMessage":true,"stepsCount":0,"attachmentsCount":8,"hasContent":true,"attachmentStep":false},"afterStages":[],"labels":[{"name":"epic","value":"Workspaces"},{"name":"story","value":"WorkSpaces Creation and Editing Functionality"},{"name":"severity","value":"normal"},{"name":"tag","value":"run(order=2)"},{"name":"parentSuite","value":"tests"},{"name":"suite","value":"test_workspaces"},{"name":"subSuite","value":"TestWorkspaces"},{"name":"host","value":"fv-az1493-330"},{"name":"thread","value":"2273-MainThread"},{"name":"framework","value":"pytest"},{"name":"language","value":"cpython3"},{"name":"package","value":"tests.test_workspaces"},{"name":"resultFormat","value":"allure2"}],"parameters":[],"links":[],"hidden":false,"retry":false,"extra":{"severity":"normal","retries":[],"categories":[{"name":"Test defects","matchedStatuses":[],"flaky":false}],"tags":["run(order=2)"]},"source":"e57c288a7f59dade.json","parameterValues":[]}