{"uid":"5b19b30798380a99","name":"Login with invalid credentials test","fullName":"tests.test_login.TestLogin#test_invalid_login","historyId":"ebd85894ef649ef37954355e1db2cb03","time":{"start":1705021601391,"stop":1705021611583,"duration":10192},"description":"invalid login","descriptionHtml":"<p>invalid login</p>\n","status":"broken","statusMessage":"selenium.common.exceptions.TimeoutException: Message: \nStacktrace:\n#0 0x561bfda5cf83 <unknown>\n#1 0x561bfd715cf7 <unknown>\n#2 0x561bfd76599e <unknown>\n#3 0x561bfd765aa1 <unknown>\n#4 0x561bfd7b0d64 <unknown>\n#5 0x561bfd78f0dd <unknown>\n#6 0x561bfd7ae006 <unknown>\n#7 0x561bfd78ee53 <unknown>\n#8 0x561bfd756dd4 <unknown>\n#9 0x561bfd7581de <unknown>\n#10 0x561bfda21531 <unknown>\n#11 0x561bfda25455 <unknown>\n#12 0x561bfda0df55 <unknown>\n#13 0x561bfda260ef <unknown>\n#14 0x561bfd9f199f <unknown>\n#15 0x561bfda4a008 <unknown>\n#16 0x561bfda4a1d7 <unknown>\n#17 0x561bfda5c124 <unknown>\n#18 0x7f1f74294ac3 <unknown>","statusTrace":"self = <tests.test_login.TestLogin object at 0x7f1dbe906e10>\nemail = 'elias@gmail.com', password = '12345Tr'\njson_data = {'forgot_password': {'error_message': \"We can't find a user with that e-mail address.\", 'success_message': 'A reset li...you page', 'name': 'test', 'new_name': 'another test', 'no_project_found_msg': 'No project matches the criteria', ...}}\n\n    @allure.description(\"invalid login\")\n    @allure.title(\"Login with invalid credentials test\")\n    @pytest.mark.parametrize(\"email, password\", users)\n    @pytest.mark.run(order=3)\n    def test_invalid_login(self, email: str, password: str, json_data: dict):\n>       self.about_page.click_login_link()\n\ntests/test_login.py:22: \n_ _ _ _ _ _ _ _ _ _ _ _ _ _ _ _ _ _ _ _ _ _ _ _ _ _ _ _ _ _ _ _ _ _ _ _ _ _ _ _ \npages/about_page.py:20: in click_login_link\n    self.click(self.LOGIN_LINK)\npages/base_page.py:38: in click\n    el: WebElement = self.wait.until(\n_ _ _ _ _ _ _ _ _ _ _ _ _ _ _ _ _ _ _ _ _ _ _ _ _ _ _ _ _ _ _ _ _ _ _ _ _ _ _ _ \n\nself = <selenium.webdriver.support.wait.WebDriverWait (session=\"92ad7c4957b70299d2c7510c257f023c\")>\nmethod = <function element_to_be_clickable.<locals>._predicate at 0x7f1dbe491940>\nmessage = ''\n\n    def until(self, method, message: str = \"\"):\n        \"\"\"Calls the method provided with the driver as an argument until the \\\n        return value does not evaluate to ``False``.\n    \n        :param method: callable(WebDriver)\n        :param message: optional message for :exc:`TimeoutException`\n        :returns: the result of the last call to `method`\n        :raises: :exc:`selenium.common.exceptions.TimeoutException` if timeout occurs\n        \"\"\"\n        screen = None\n        stacktrace = None\n    \n        end_time = time.monotonic() + self._timeout\n        while True:\n            try:\n                value = method(self._driver)\n                if value:\n                    return value\n            except self._ignored_exceptions as exc:\n                screen = getattr(exc, \"screen\", None)\n                stacktrace = getattr(exc, \"stacktrace\", None)\n            time.sleep(self._poll)\n            if time.monotonic() > end_time:\n                break\n>       raise TimeoutException(message, screen, stacktrace)\nE       selenium.common.exceptions.TimeoutException: Message: \nE       Stacktrace:\nE       #0 0x561bfda5cf83 <unknown>\nE       #1 0x561bfd715cf7 <unknown>\nE       #2 0x561bfd76599e <unknown>\nE       #3 0x561bfd765aa1 <unknown>\nE       #4 0x561bfd7b0d64 <unknown>\nE       #5 0x561bfd78f0dd <unknown>\nE       #6 0x561bfd7ae006 <unknown>\nE       #7 0x561bfd78ee53 <unknown>\nE       #8 0x561bfd756dd4 <unknown>\nE       #9 0x561bfd7581de <unknown>\nE       #10 0x561bfda21531 <unknown>\nE       #11 0x561bfda25455 <unknown>\nE       #12 0x561bfda0df55 <unknown>\nE       #13 0x561bfda260ef <unknown>\nE       #14 0x561bfd9f199f <unknown>\nE       #15 0x561bfda4a008 <unknown>\nE       #16 0x561bfda4a1d7 <unknown>\nE       #17 0x561bfda5c124 <unknown>\nE       #18 0x7f1f74294ac3 <unknown>\n\n.venv/lib/python3.11/site-packages/selenium/webdriver/support/wait.py:95: TimeoutException","flaky":false,"newFailed":false,"newBroken":false,"newPassed":false,"retriesCount":0,"retriesStatusChange":false,"beforeStages":[{"name":"_verify_url","time":{"start":1705021539215,"stop":1705021539215,"duration":0},"status":"passed","steps":[],"attachments":[],"parameters":[],"shouldDisplayMessage":false,"stepsCount":0,"attachmentsCount":0,"hasContent":false,"attachmentStep":false},{"name":"base_url","time":{"start":1705021539215,"stop":1705021539215,"duration":0},"status":"passed","steps":[],"attachments":[],"parameters":[],"shouldDisplayMessage":false,"stepsCount":0,"attachmentsCount":0,"hasContent":false,"attachmentStep":false},{"name":"json_data","time":{"start":1705021539216,"stop":1705021539216,"duration":0},"status":"passed","steps":[],"attachments":[],"parameters":[],"shouldDisplayMessage":false,"stepsCount":0,"attachmentsCount":0,"hasContent":false,"attachmentStep":false}],"testStage":{"description":"invalid login","status":"broken","statusMessage":"selenium.common.exceptions.TimeoutException: Message: \nStacktrace:\n#0 0x561bfda5cf83 <unknown>\n#1 0x561bfd715cf7 <unknown>\n#2 0x561bfd76599e <unknown>\n#3 0x561bfd765aa1 <unknown>\n#4 0x561bfd7b0d64 <unknown>\n#5 0x561bfd78f0dd <unknown>\n#6 0x561bfd7ae006 <unknown>\n#7 0x561bfd78ee53 <unknown>\n#8 0x561bfd756dd4 <unknown>\n#9 0x561bfd7581de <unknown>\n#10 0x561bfda21531 <unknown>\n#11 0x561bfda25455 <unknown>\n#12 0x561bfda0df55 <unknown>\n#13 0x561bfda260ef <unknown>\n#14 0x561bfd9f199f <unknown>\n#15 0x561bfda4a008 <unknown>\n#16 0x561bfda4a1d7 <unknown>\n#17 0x561bfda5c124 <unknown>\n#18 0x7f1f74294ac3 <unknown>","statusTrace":"self = <tests.test_login.TestLogin object at 0x7f1dbe906e10>\nemail = 'elias@gmail.com', password = '12345Tr'\njson_data = {'forgot_password': {'error_message': \"We can't find a user with that e-mail address.\", 'success_message': 'A reset li...you page', 'name': 'test', 'new_name': 'another test', 'no_project_found_msg': 'No project matches the criteria', ...}}\n\n    @allure.description(\"invalid login\")\n    @allure.title(\"Login with invalid credentials test\")\n    @pytest.mark.parametrize(\"email, password\", users)\n    @pytest.mark.run(order=3)\n    def test_invalid_login(self, email: str, password: str, json_data: dict):\n>       self.about_page.click_login_link()\n\ntests/test_login.py:22: \n_ _ _ _ _ _ _ _ _ _ _ _ _ _ _ _ _ _ _ _ _ _ _ _ _ _ _ _ _ _ _ _ _ _ _ _ _ _ _ _ \npages/about_page.py:20: in click_login_link\n    self.click(self.LOGIN_LINK)\npages/base_page.py:38: in click\n    el: WebElement = self.wait.until(\n_ _ _ _ _ _ _ _ _ _ _ _ _ _ _ _ _ _ _ _ _ _ _ _ _ _ _ _ _ _ _ _ _ _ _ _ _ _ _ _ \n\nself = <selenium.webdriver.support.wait.WebDriverWait (session=\"92ad7c4957b70299d2c7510c257f023c\")>\nmethod = <function element_to_be_clickable.<locals>._predicate at 0x7f1dbe491940>\nmessage = ''\n\n    def until(self, method, message: str = \"\"):\n        \"\"\"Calls the method provided with the driver as an argument until the \\\n        return value does not evaluate to ``False``.\n    \n        :param method: callable(WebDriver)\n        :param message: optional message for :exc:`TimeoutException`\n        :returns: the result of the last call to `method`\n        :raises: :exc:`selenium.common.exceptions.TimeoutException` if timeout occurs\n        \"\"\"\n        screen = None\n        stacktrace = None\n    \n        end_time = time.monotonic() + self._timeout\n        while True:\n            try:\n                value = method(self._driver)\n                if value:\n                    return value\n            except self._ignored_exceptions as exc:\n                screen = getattr(exc, \"screen\", None)\n                stacktrace = getattr(exc, \"stacktrace\", None)\n            time.sleep(self._poll)\n            if time.monotonic() > end_time:\n                break\n>       raise TimeoutException(message, screen, stacktrace)\nE       selenium.common.exceptions.TimeoutException: Message: \nE       Stacktrace:\nE       #0 0x561bfda5cf83 <unknown>\nE       #1 0x561bfd715cf7 <unknown>\nE       #2 0x561bfd76599e <unknown>\nE       #3 0x561bfd765aa1 <unknown>\nE       #4 0x561bfd7b0d64 <unknown>\nE       #5 0x561bfd78f0dd <unknown>\nE       #6 0x561bfd7ae006 <unknown>\nE       #7 0x561bfd78ee53 <unknown>\nE       #8 0x561bfd756dd4 <unknown>\nE       #9 0x561bfd7581de <unknown>\nE       #10 0x561bfda21531 <unknown>\nE       #11 0x561bfda25455 <unknown>\nE       #12 0x561bfda0df55 <unknown>\nE       #13 0x561bfda260ef <unknown>\nE       #14 0x561bfd9f199f <unknown>\nE       #15 0x561bfda4a008 <unknown>\nE       #16 0x561bfda4a1d7 <unknown>\nE       #17 0x561bfda5c124 <unknown>\nE       #18 0x7f1f74294ac3 <unknown>\n\n.venv/lib/python3.11/site-packages/selenium/webdriver/support/wait.py:95: TimeoutException","steps":[{"name":"Click Login link","time":{"start":1705021601391,"stop":1705021611583,"duration":10192},"status":"broken","statusMessage":"selenium.common.exceptions.TimeoutException: Message: \nStacktrace:\n#0 0x561bfda5cf83 <unknown>\n#1 0x561bfd715cf7 <unknown>\n#2 0x561bfd76599e <unknown>\n#3 0x561bfd765aa1 <unknown>\n#4 0x561bfd7b0d64 <unknown>\n#5 0x561bfd78f0dd <unknown>\n#6 0x561bfd7ae006 <unknown>\n#7 0x561bfd78ee53 <unknown>\n#8 0x561bfd756dd4 <unknown>\n#9 0x561bfd7581de <unknown>\n#10 0x561bfda21531 <unknown>\n#11 0x561bfda25455 <unknown>\n#12 0x561bfda0df55 <unknown>\n#13 0x561bfda260ef <unknown>\n#14 0x561bfd9f199f <unknown>\n#15 0x561bfda4a008 <unknown>\n#16 0x561bfda4a1d7 <unknown>\n#17 0x561bfda5c124 <unknown>\n#18 0x7f1f74294ac3 <unknown>\n\n","statusTrace":"  File \"/home/runner/work/kisangateway-test/kisangateway-test/.venv/lib/python3.11/site-packages/allure_commons/_allure.py\", line 192, in impl\n    return func(*a, **kw)\n           ^^^^^^^^^^^^^^\n  File \"/home/runner/work/kisangateway-test/kisangateway-test/pages/about_page.py\", line 20, in click_login_link\n    self.click(self.LOGIN_LINK)\n  File \"/home/runner/work/kisangateway-test/kisangateway-test/pages/base_page.py\", line 38, in click\n    el: WebElement = self.wait.until(\n                     ^^^^^^^^^^^^^^^^\n  File \"/home/runner/work/kisangateway-test/kisangateway-test/.venv/lib/python3.11/site-packages/selenium/webdriver/support/wait.py\", line 95, in until\n    raise TimeoutException(message, screen, stacktrace)\n","steps":[],"attachments":[],"parameters":[],"shouldDisplayMessage":true,"stepsCount":0,"attachmentsCount":0,"hasContent":true,"attachmentStep":false}],"attachments":[{"uid":"f0144ec25167c100","name":"public ip address","source":"f0144ec25167c100.txt","type":"text/plain","size":11},{"uid":"5bfd415635e5ecec","name":"Cookies","source":"5bfd415635e5ecec.json","type":"application/json","size":2},{"uid":"181c441fe1862ec1","name":"Session Storage","source":"181c441fe1862ec1.json","type":"application/json","size":2},{"uid":"668a20f614e5ad52","name":"Local Storage","source":"668a20f614e5ad52.json","type":"application/json","size":2},{"uid":"606d2ce8a79d3b44","name":"Console Logs","source":"606d2ce8a79d3b44.json","type":"application/json","size":2},{"uid":"4cadff78a1461d7d","name":"Full Page Screenshot","source":"4cadff78a1461d7d.png","type":"image/png","size":2655641},{"uid":"b2612c103fb2fa7d","name":"URL","source":"b2612c103fb2fa7d.uri","type":"text/uri-list","size":25},{"uid":"ac055b12799234e","name":"Network Logs","source":"ac055b12799234e.json","type":"application/json","size":14457}],"parameters":[],"shouldDisplayMessage":true,"stepsCount":1,"attachmentsCount":8,"hasContent":true,"attachmentStep":false},"afterStages":[],"labels":[{"name":"epic","value":"Security"},{"name":"severity","value":"blocker"},{"name":"feature","value":"Login"},{"name":"tag","value":"run(order=3)"},{"name":"tag","value":"security"},{"name":"parentSuite","value":"tests"},{"name":"suite","value":"test_login"},{"name":"subSuite","value":"TestLogin"},{"name":"host","value":"fv-az1210-462"},{"name":"thread","value":"2183-MainThread"},{"name":"framework","value":"pytest"},{"name":"language","value":"cpython3"},{"name":"package","value":"tests.test_login"},{"name":"resultFormat","value":"allure2"}],"parameters":[{"name":"email","value":"'elias@gmail.com'"},{"name":"password","value":"'12345Tr'"}],"links":[],"hidden":false,"retry":false,"extra":{"severity":"blocker","retries":[],"categories":[{"name":"Test defects","matchedStatuses":[],"flaky":false}],"tags":["run(order=3)","security"]},"source":"5b19b30798380a99.json","parameterValues":["'elias@gmail.com'","'12345Tr'"]}