{"uid":"84b2a07765d49013","name":"Number of projects displayed in page test","fullName":"tests.test_workspaces.TestWorkspaces#test_number_of_existing_projects","historyId":"ff3981f856ce65274378063348b0abd4","time":{"start":1703811308405,"stop":1703811308405,"duration":0},"description":"Compare between the actual number of projects seen on page and the number shown in workspaces block","descriptionHtml":"<p>Compare between the actual number of projects seen on page and the number shown in workspaces block</p>\n","status":"broken","statusMessage":"selenium.common.exceptions.TimeoutException: Message: \nStacktrace:\n#0 0x5612a76b3d33 <unknown>\n#1 0x5612a7370f87 <unknown>\n#2 0x5612a73c0c0e <unknown>\n#3 0x5612a73c0d11 <unknown>\n#4 0x5612a740c004 <unknown>\n#5 0x5612a73ea36d <unknown>\n#6 0x5612a7409297 <unknown>\n#7 0x5612a73ea0e3 <unknown>\n#8 0x5612a73b2044 <unknown>\n#9 0x5612a73b344e <unknown>\n#10 0x5612a7678861 <unknown>\n#11 0x5612a767c785 <unknown>\n#12 0x5612a7666285 <unknown>\n#13 0x5612a767d41f <unknown>\n#14 0x5612a764a20f <unknown>\n#15 0x5612a76a1028 <unknown>\n#16 0x5612a76a11f7 <unknown>\n#17 0x5612a76b2ed4 <unknown>\n#18 0x7fcb63094ac3 <unknown>","statusTrace":"self = <tests.test_workspaces.TestWorkspaces object at 0x7f1c43d1c410>\nsecret_data = {'email': '', 'password': ''}\n\n    @pytest.fixture(autouse=True)\n    def setup_method_fixture(self, secret_data: dict):\n>       login(secret_data, self.about_page, self.login_page)\n\ntests/test_workspaces.py:23: \n_ _ _ _ _ _ _ _ _ _ _ _ _ _ _ _ _ _ _ _ _ _ _ _ _ _ _ _ _ _ _ _ _ _ _ _ _ _ _ _ \ntests/test_workspaces.py:13: in login\n    about_page.click_login_link()\npages/about_page.py:20: in click_login_link\n    self.click(self.LOGIN_LINK)\npages/base_page.py:38: in click\n    el: WebElement = self.wait.until(\n_ _ _ _ _ _ _ _ _ _ _ _ _ _ _ _ _ _ _ _ _ _ _ _ _ _ _ _ _ _ _ _ _ _ _ _ _ _ _ _ \n\nself = <selenium.webdriver.support.wait.WebDriverWait (session=\"5a62427b0152ea9fdeedb3ecb60d514d\")>\nmethod = <function element_to_be_clickable.<locals>._predicate at 0x7f1c437304a0>\nmessage = ''\n\n    def until(self, method, message: str = \"\"):\n        \"\"\"Calls the method provided with the driver as an argument until the \\\n        return value does not evaluate to ``False``.\n    \n        :param method: callable(WebDriver)\n        :param message: optional message for :exc:`TimeoutException`\n        :returns: the result of the last call to `method`\n        :raises: :exc:`selenium.common.exceptions.TimeoutException` if timeout occurs\n        \"\"\"\n        screen = None\n        stacktrace = None\n    \n        end_time = time.monotonic() + self._timeout\n        while True:\n            try:\n                value = method(self._driver)\n                if value:\n                    return value\n            except self._ignored_exceptions as exc:\n                screen = getattr(exc, \"screen\", None)\n                stacktrace = getattr(exc, \"stacktrace\", None)\n            time.sleep(self._poll)\n            if time.monotonic() > end_time:\n                break\n>       raise TimeoutException(message, screen, stacktrace)\nE       selenium.common.exceptions.TimeoutException: Message: \nE       Stacktrace:\nE       #0 0x5612a76b3d33 <unknown>\nE       #1 0x5612a7370f87 <unknown>\nE       #2 0x5612a73c0c0e <unknown>\nE       #3 0x5612a73c0d11 <unknown>\nE       #4 0x5612a740c004 <unknown>\nE       #5 0x5612a73ea36d <unknown>\nE       #6 0x5612a7409297 <unknown>\nE       #7 0x5612a73ea0e3 <unknown>\nE       #8 0x5612a73b2044 <unknown>\nE       #9 0x5612a73b344e <unknown>\nE       #10 0x5612a7678861 <unknown>\nE       #11 0x5612a767c785 <unknown>\nE       #12 0x5612a7666285 <unknown>\nE       #13 0x5612a767d41f <unknown>\nE       #14 0x5612a764a20f <unknown>\nE       #15 0x5612a76a1028 <unknown>\nE       #16 0x5612a76a11f7 <unknown>\nE       #17 0x5612a76b2ed4 <unknown>\nE       #18 0x7fcb63094ac3 <unknown>\n\n.venv/lib/python3.11/site-packages/selenium/webdriver/support/wait.py:95: TimeoutException","flaky":false,"newFailed":false,"newBroken":false,"newPassed":false,"retriesCount":0,"retriesStatusChange":false,"beforeStages":[{"name":"_verify_url","time":{"start":1703811222291,"stop":1703811222291,"duration":0},"status":"passed","steps":[],"attachments":[],"parameters":[],"shouldDisplayMessage":false,"stepsCount":0,"attachmentsCount":0,"hasContent":false,"attachmentStep":false},{"name":"secret_data","time":{"start":1703811222291,"stop":1703811222292,"duration":1},"status":"passed","steps":[],"attachments":[],"parameters":[],"shouldDisplayMessage":false,"stepsCount":0,"attachmentsCount":0,"hasContent":false,"attachmentStep":false},{"name":"base_url","time":{"start":1703811222291,"stop":1703811222291,"duration":0},"status":"passed","steps":[],"attachments":[],"parameters":[],"shouldDisplayMessage":false,"stepsCount":0,"attachmentsCount":0,"hasContent":false,"attachmentStep":false},{"name":"setup_method_fixture","time":{"start":1703811309489,"stop":1703811319680,"duration":10191},"status":"broken","statusMessage":"selenium.common.exceptions.TimeoutException: Message: \nStacktrace:\n#0 0x5612a76b3d33 <unknown>\n#1 0x5612a7370f87 <unknown>\n#2 0x5612a73c0c0e <unknown>\n#3 0x5612a73c0d11 <unknown>\n#4 0x5612a740c004 <unknown>\n#5 0x5612a73ea36d <unknown>\n#6 0x5612a7409297 <unknown>\n#7 0x5612a73ea0e3 <unknown>\n#8 0x5612a73b2044 <unknown>\n#9 0x5612a73b344e <unknown>\n#10 0x5612a7678861 <unknown>\n#11 0x5612a767c785 <unknown>\n#12 0x5612a7666285 <unknown>\n#13 0x5612a767d41f <unknown>\n#14 0x5612a764a20f <unknown>\n#15 0x5612a76a1028 <unknown>\n#16 0x5612a76a11f7 <unknown>\n#17 0x5612a76b2ed4 <unknown>\n#18 0x7fcb63094ac3 <unknown>\n\n","statusTrace":"  File \"/home/runner/work/kisangateway-test/kisangateway-test/.venv/lib/python3.11/site-packages/pluggy/_callers.py\", line 80, in _multicall\n    res = hook_impl.function(*args)\n          ^^^^^^^^^^^^^^^^^^^^^^^^^\n  File \"/home/runner/work/kisangateway-test/kisangateway-test/.venv/lib/python3.11/site-packages/_pytest/fixtures.py\", line 1123, in pytest_fixture_setup\n    result = call_fixture_func(fixturefunc, request, kwargs)\n             ^^^^^^^^^^^^^^^^^^^^^^^^^^^^^^^^^^^^^^^^^^^^^^^\n  File \"/home/runner/work/kisangateway-test/kisangateway-test/.venv/lib/python3.11/site-packages/_pytest/fixtures.py\", line 902, in call_fixture_func\n    fixture_result = fixturefunc(**kwargs)\n                     ^^^^^^^^^^^^^^^^^^^^^\n  File \"/home/runner/work/kisangateway-test/kisangateway-test/tests/test_workspaces.py\", line 23, in setup_method_fixture\n    login(secret_data, self.about_page, self.login_page)\n  File \"/home/runner/work/kisangateway-test/kisangateway-test/tests/test_workspaces.py\", line 13, in login\n    about_page.click_login_link()\n  File \"/home/runner/work/kisangateway-test/kisangateway-test/.venv/lib/python3.11/site-packages/allure_commons/_allure.py\", line 192, in impl\n    return func(*a, **kw)\n           ^^^^^^^^^^^^^^\n  File \"/home/runner/work/kisangateway-test/kisangateway-test/pages/about_page.py\", line 20, in click_login_link\n    self.click(self.LOGIN_LINK)\n  File \"/home/runner/work/kisangateway-test/kisangateway-test/pages/base_page.py\", line 38, in click\n    el: WebElement = self.wait.until(\n                     ^^^^^^^^^^^^^^^^\n  File \"/home/runner/work/kisangateway-test/kisangateway-test/.venv/lib/python3.11/site-packages/selenium/webdriver/support/wait.py\", line 95, in until\n    raise TimeoutException(message, screen, stacktrace)\n","steps":[{"name":"Click Login link","time":{"start":1703811309489,"stop":1703811319680,"duration":10191},"status":"broken","statusMessage":"selenium.common.exceptions.TimeoutException: Message: \nStacktrace:\n#0 0x5612a76b3d33 <unknown>\n#1 0x5612a7370f87 <unknown>\n#2 0x5612a73c0c0e <unknown>\n#3 0x5612a73c0d11 <unknown>\n#4 0x5612a740c004 <unknown>\n#5 0x5612a73ea36d <unknown>\n#6 0x5612a7409297 <unknown>\n#7 0x5612a73ea0e3 <unknown>\n#8 0x5612a73b2044 <unknown>\n#9 0x5612a73b344e <unknown>\n#10 0x5612a7678861 <unknown>\n#11 0x5612a767c785 <unknown>\n#12 0x5612a7666285 <unknown>\n#13 0x5612a767d41f <unknown>\n#14 0x5612a764a20f <unknown>\n#15 0x5612a76a1028 <unknown>\n#16 0x5612a76a11f7 <unknown>\n#17 0x5612a76b2ed4 <unknown>\n#18 0x7fcb63094ac3 <unknown>\n\n","statusTrace":"  File \"/home/runner/work/kisangateway-test/kisangateway-test/.venv/lib/python3.11/site-packages/allure_commons/_allure.py\", line 192, in impl\n    return func(*a, **kw)\n           ^^^^^^^^^^^^^^\n  File \"/home/runner/work/kisangateway-test/kisangateway-test/pages/about_page.py\", line 20, in click_login_link\n    self.click(self.LOGIN_LINK)\n  File \"/home/runner/work/kisangateway-test/kisangateway-test/pages/base_page.py\", line 38, in click\n    el: WebElement = self.wait.until(\n                     ^^^^^^^^^^^^^^^^\n  File \"/home/runner/work/kisangateway-test/kisangateway-test/.venv/lib/python3.11/site-packages/selenium/webdriver/support/wait.py\", line 95, in until\n    raise TimeoutException(message, screen, stacktrace)\n","steps":[],"attachments":[],"parameters":[],"shouldDisplayMessage":true,"stepsCount":0,"attachmentsCount":0,"hasContent":true,"attachmentStep":false}],"attachments":[],"parameters":[],"shouldDisplayMessage":false,"stepsCount":1,"attachmentsCount":0,"hasContent":true,"attachmentStep":false}],"testStage":{"description":"Compare between the actual number of projects seen on page and the number shown in workspaces block","status":"broken","statusMessage":"selenium.common.exceptions.TimeoutException: Message: \nStacktrace:\n#0 0x5612a76b3d33 <unknown>\n#1 0x5612a7370f87 <unknown>\n#2 0x5612a73c0c0e <unknown>\n#3 0x5612a73c0d11 <unknown>\n#4 0x5612a740c004 <unknown>\n#5 0x5612a73ea36d <unknown>\n#6 0x5612a7409297 <unknown>\n#7 0x5612a73ea0e3 <unknown>\n#8 0x5612a73b2044 <unknown>\n#9 0x5612a73b344e <unknown>\n#10 0x5612a7678861 <unknown>\n#11 0x5612a767c785 <unknown>\n#12 0x5612a7666285 <unknown>\n#13 0x5612a767d41f <unknown>\n#14 0x5612a764a20f <unknown>\n#15 0x5612a76a1028 <unknown>\n#16 0x5612a76a11f7 <unknown>\n#17 0x5612a76b2ed4 <unknown>\n#18 0x7fcb63094ac3 <unknown>","statusTrace":"self = <tests.test_workspaces.TestWorkspaces object at 0x7f1c43d1c410>\nsecret_data = {'email': '', 'password': ''}\n\n    @pytest.fixture(autouse=True)\n    def setup_method_fixture(self, secret_data: dict):\n>       login(secret_data, self.about_page, self.login_page)\n\ntests/test_workspaces.py:23: \n_ _ _ _ _ _ _ _ _ _ _ _ _ _ _ _ _ _ _ _ _ _ _ _ _ _ _ _ _ _ _ _ _ _ _ _ _ _ _ _ \ntests/test_workspaces.py:13: in login\n    about_page.click_login_link()\npages/about_page.py:20: in click_login_link\n    self.click(self.LOGIN_LINK)\npages/base_page.py:38: in click\n    el: WebElement = self.wait.until(\n_ _ _ _ _ _ _ _ _ _ _ _ _ _ _ _ _ _ _ _ _ _ _ _ _ _ _ _ _ _ _ _ _ _ _ _ _ _ _ _ \n\nself = <selenium.webdriver.support.wait.WebDriverWait (session=\"5a62427b0152ea9fdeedb3ecb60d514d\")>\nmethod = <function element_to_be_clickable.<locals>._predicate at 0x7f1c437304a0>\nmessage = ''\n\n    def until(self, method, message: str = \"\"):\n        \"\"\"Calls the method provided with the driver as an argument until the \\\n        return value does not evaluate to ``False``.\n    \n        :param method: callable(WebDriver)\n        :param message: optional message for :exc:`TimeoutException`\n        :returns: the result of the last call to `method`\n        :raises: :exc:`selenium.common.exceptions.TimeoutException` if timeout occurs\n        \"\"\"\n        screen = None\n        stacktrace = None\n    \n        end_time = time.monotonic() + self._timeout\n        while True:\n            try:\n                value = method(self._driver)\n                if value:\n                    return value\n            except self._ignored_exceptions as exc:\n                screen = getattr(exc, \"screen\", None)\n                stacktrace = getattr(exc, \"stacktrace\", None)\n            time.sleep(self._poll)\n            if time.monotonic() > end_time:\n                break\n>       raise TimeoutException(message, screen, stacktrace)\nE       selenium.common.exceptions.TimeoutException: Message: \nE       Stacktrace:\nE       #0 0x5612a76b3d33 <unknown>\nE       #1 0x5612a7370f87 <unknown>\nE       #2 0x5612a73c0c0e <unknown>\nE       #3 0x5612a73c0d11 <unknown>\nE       #4 0x5612a740c004 <unknown>\nE       #5 0x5612a73ea36d <unknown>\nE       #6 0x5612a7409297 <unknown>\nE       #7 0x5612a73ea0e3 <unknown>\nE       #8 0x5612a73b2044 <unknown>\nE       #9 0x5612a73b344e <unknown>\nE       #10 0x5612a7678861 <unknown>\nE       #11 0x5612a767c785 <unknown>\nE       #12 0x5612a7666285 <unknown>\nE       #13 0x5612a767d41f <unknown>\nE       #14 0x5612a764a20f <unknown>\nE       #15 0x5612a76a1028 <unknown>\nE       #16 0x5612a76a11f7 <unknown>\nE       #17 0x5612a76b2ed4 <unknown>\nE       #18 0x7fcb63094ac3 <unknown>\n\n.venv/lib/python3.11/site-packages/selenium/webdriver/support/wait.py:95: TimeoutException","steps":[],"attachments":[{"uid":"a24cd09d99c97279","name":"public ip address","source":"a24cd09d99c97279.txt","type":"text/plain","size":12},{"uid":"7379c67cb7480ac5","name":"Cookies","source":"7379c67cb7480ac5.json","type":"application/json","size":2},{"uid":"6395f7382f800cee","name":"Session Storage","source":"6395f7382f800cee.json","type":"application/json","size":2},{"uid":"bfeb694f77dcd0bf","name":"Local Storage","source":"bfeb694f77dcd0bf.json","type":"application/json","size":2},{"uid":"feeedeb29231dcff","name":"Console Logs","source":"feeedeb29231dcff.json","type":"application/json","size":2},{"uid":"f79dba10860ba9cf","name":"Full Page Screenshot","source":"f79dba10860ba9cf.png","type":"image/png","size":2655641},{"uid":"35019962cc2fb922","name":"URL","source":"35019962cc2fb922.uri","type":"text/uri-list","size":25},{"uid":"426a1a936bb6925a","name":"Network Logs","source":"426a1a936bb6925a.json","type":"application/json","size":13976}],"parameters":[],"shouldDisplayMessage":true,"stepsCount":0,"attachmentsCount":8,"hasContent":true,"attachmentStep":false},"afterStages":[],"labels":[{"name":"epic","value":"Workspaces"},{"name":"story","value":"WorkSpaces Creation and Editing Functionality"},{"name":"severity","value":"normal"},{"name":"tag","value":"run(order=4)"},{"name":"parentSuite","value":"tests"},{"name":"suite","value":"test_workspaces"},{"name":"subSuite","value":"TestWorkspaces"},{"name":"host","value":"fv-az523-358"},{"name":"thread","value":"2201-MainThread"},{"name":"framework","value":"pytest"},{"name":"language","value":"cpython3"},{"name":"package","value":"tests.test_workspaces"},{"name":"resultFormat","value":"allure2"}],"parameters":[],"links":[],"hidden":false,"retry":false,"extra":{"severity":"normal","retries":[],"categories":[{"name":"Test defects","matchedStatuses":[],"flaky":false}],"tags":["run(order=4)"]},"source":"84b2a07765d49013.json","parameterValues":[]}