{"uid":"f9e055a6d40e993","name":"Cancel a project deletion","fullName":"tests.test_workspaces.TestWorkspaces#test_cancel_project_deletion","historyId":"73e48f11612b8be9a40ce0a427a468f9","time":{"start":1703811362074,"stop":1703811362074,"duration":0},"description":"Cancel project deletion","descriptionHtml":"<p>Cancel project deletion</p>\n","status":"broken","statusMessage":"selenium.common.exceptions.TimeoutException: Message: \nStacktrace:\n#0 0x561e884a7d33 <unknown>\n#1 0x561e88164f87 <unknown>\n#2 0x561e881b4c0e <unknown>\n#3 0x561e881b4d11 <unknown>\n#4 0x561e88200004 <unknown>\n#5 0x561e881de36d <unknown>\n#6 0x561e881fd297 <unknown>\n#7 0x561e881de0e3 <unknown>\n#8 0x561e881a6044 <unknown>\n#9 0x561e881a744e <unknown>\n#10 0x561e8846c861 <unknown>\n#11 0x561e88470785 <unknown>\n#12 0x561e8845a285 <unknown>\n#13 0x561e8847141f <unknown>\n#14 0x561e8843e20f <unknown>\n#15 0x561e88495028 <unknown>\n#16 0x561e884951f7 <unknown>\n#17 0x561e884a6ed4 <unknown>\n#18 0x7f6e89a94ac3 <unknown>","statusTrace":"self = <tests.test_workspaces.TestWorkspaces object at 0x7f1c43ac2910>\nsecret_data = {'email': '', 'password': ''}\n\n    @pytest.fixture(autouse=True)\n    def setup_method_fixture(self, secret_data: dict):\n>       login(secret_data, self.about_page, self.login_page)\n\ntests/test_workspaces.py:23: \n_ _ _ _ _ _ _ _ _ _ _ _ _ _ _ _ _ _ _ _ _ _ _ _ _ _ _ _ _ _ _ _ _ _ _ _ _ _ _ _ \ntests/test_workspaces.py:13: in login\n    about_page.click_login_link()\npages/about_page.py:20: in click_login_link\n    self.click(self.LOGIN_LINK)\npages/base_page.py:38: in click\n    el: WebElement = self.wait.until(\n_ _ _ _ _ _ _ _ _ _ _ _ _ _ _ _ _ _ _ _ _ _ _ _ _ _ _ _ _ _ _ _ _ _ _ _ _ _ _ _ \n\nself = <selenium.webdriver.support.wait.WebDriverWait (session=\"9ee36bfbda01654c72f462041e89b3b4\")>\nmethod = <function element_to_be_clickable.<locals>._predicate at 0x7f1c43730d60>\nmessage = ''\n\n    def until(self, method, message: str = \"\"):\n        \"\"\"Calls the method provided with the driver as an argument until the \\\n        return value does not evaluate to ``False``.\n    \n        :param method: callable(WebDriver)\n        :param message: optional message for :exc:`TimeoutException`\n        :returns: the result of the last call to `method`\n        :raises: :exc:`selenium.common.exceptions.TimeoutException` if timeout occurs\n        \"\"\"\n        screen = None\n        stacktrace = None\n    \n        end_time = time.monotonic() + self._timeout\n        while True:\n            try:\n                value = method(self._driver)\n                if value:\n                    return value\n            except self._ignored_exceptions as exc:\n                screen = getattr(exc, \"screen\", None)\n                stacktrace = getattr(exc, \"stacktrace\", None)\n            time.sleep(self._poll)\n            if time.monotonic() > end_time:\n                break\n>       raise TimeoutException(message, screen, stacktrace)\nE       selenium.common.exceptions.TimeoutException: Message: \nE       Stacktrace:\nE       #0 0x561e884a7d33 <unknown>\nE       #1 0x561e88164f87 <unknown>\nE       #2 0x561e881b4c0e <unknown>\nE       #3 0x561e881b4d11 <unknown>\nE       #4 0x561e88200004 <unknown>\nE       #5 0x561e881de36d <unknown>\nE       #6 0x561e881fd297 <unknown>\nE       #7 0x561e881de0e3 <unknown>\nE       #8 0x561e881a6044 <unknown>\nE       #9 0x561e881a744e <unknown>\nE       #10 0x561e8846c861 <unknown>\nE       #11 0x561e88470785 <unknown>\nE       #12 0x561e8845a285 <unknown>\nE       #13 0x561e8847141f <unknown>\nE       #14 0x561e8843e20f <unknown>\nE       #15 0x561e88495028 <unknown>\nE       #16 0x561e884951f7 <unknown>\nE       #17 0x561e884a6ed4 <unknown>\nE       #18 0x7f6e89a94ac3 <unknown>\n\n.venv/lib/python3.11/site-packages/selenium/webdriver/support/wait.py:95: TimeoutException","flaky":false,"newFailed":false,"newBroken":false,"newPassed":false,"retriesCount":0,"retriesStatusChange":false,"beforeStages":[{"name":"_verify_url","time":{"start":1703811222291,"stop":1703811222291,"duration":0},"status":"passed","steps":[],"attachments":[],"parameters":[],"shouldDisplayMessage":false,"stepsCount":0,"attachmentsCount":0,"hasContent":false,"attachmentStep":false},{"name":"secret_data","time":{"start":1703811222291,"stop":1703811222292,"duration":1},"status":"passed","steps":[],"attachments":[],"parameters":[],"shouldDisplayMessage":false,"stepsCount":0,"attachmentsCount":0,"hasContent":false,"attachmentStep":false},{"name":"base_url","time":{"start":1703811222291,"stop":1703811222291,"duration":0},"status":"passed","steps":[],"attachments":[],"parameters":[],"shouldDisplayMessage":false,"stepsCount":0,"attachmentsCount":0,"hasContent":false,"attachmentStep":false},{"name":"json_data","time":{"start":1703811222292,"stop":1703811222292,"duration":0},"status":"passed","steps":[],"attachments":[],"parameters":[],"shouldDisplayMessage":false,"stepsCount":0,"attachmentsCount":0,"hasContent":false,"attachmentStep":false},{"name":"setup_method_fixture","time":{"start":1703811363404,"stop":1703811373580,"duration":10176},"status":"broken","statusMessage":"selenium.common.exceptions.TimeoutException: Message: \nStacktrace:\n#0 0x561e884a7d33 <unknown>\n#1 0x561e88164f87 <unknown>\n#2 0x561e881b4c0e <unknown>\n#3 0x561e881b4d11 <unknown>\n#4 0x561e88200004 <unknown>\n#5 0x561e881de36d <unknown>\n#6 0x561e881fd297 <unknown>\n#7 0x561e881de0e3 <unknown>\n#8 0x561e881a6044 <unknown>\n#9 0x561e881a744e <unknown>\n#10 0x561e8846c861 <unknown>\n#11 0x561e88470785 <unknown>\n#12 0x561e8845a285 <unknown>\n#13 0x561e8847141f <unknown>\n#14 0x561e8843e20f <unknown>\n#15 0x561e88495028 <unknown>\n#16 0x561e884951f7 <unknown>\n#17 0x561e884a6ed4 <unknown>\n#18 0x7f6e89a94ac3 <unknown>\n\n","statusTrace":"  File \"/home/runner/work/kisangateway-test/kisangateway-test/.venv/lib/python3.11/site-packages/pluggy/_callers.py\", line 80, in _multicall\n    res = hook_impl.function(*args)\n          ^^^^^^^^^^^^^^^^^^^^^^^^^\n  File \"/home/runner/work/kisangateway-test/kisangateway-test/.venv/lib/python3.11/site-packages/_pytest/fixtures.py\", line 1123, in pytest_fixture_setup\n    result = call_fixture_func(fixturefunc, request, kwargs)\n             ^^^^^^^^^^^^^^^^^^^^^^^^^^^^^^^^^^^^^^^^^^^^^^^\n  File \"/home/runner/work/kisangateway-test/kisangateway-test/.venv/lib/python3.11/site-packages/_pytest/fixtures.py\", line 902, in call_fixture_func\n    fixture_result = fixturefunc(**kwargs)\n                     ^^^^^^^^^^^^^^^^^^^^^\n  File \"/home/runner/work/kisangateway-test/kisangateway-test/tests/test_workspaces.py\", line 23, in setup_method_fixture\n    login(secret_data, self.about_page, self.login_page)\n  File \"/home/runner/work/kisangateway-test/kisangateway-test/tests/test_workspaces.py\", line 13, in login\n    about_page.click_login_link()\n  File \"/home/runner/work/kisangateway-test/kisangateway-test/.venv/lib/python3.11/site-packages/allure_commons/_allure.py\", line 192, in impl\n    return func(*a, **kw)\n           ^^^^^^^^^^^^^^\n  File \"/home/runner/work/kisangateway-test/kisangateway-test/pages/about_page.py\", line 20, in click_login_link\n    self.click(self.LOGIN_LINK)\n  File \"/home/runner/work/kisangateway-test/kisangateway-test/pages/base_page.py\", line 38, in click\n    el: WebElement = self.wait.until(\n                     ^^^^^^^^^^^^^^^^\n  File \"/home/runner/work/kisangateway-test/kisangateway-test/.venv/lib/python3.11/site-packages/selenium/webdriver/support/wait.py\", line 95, in until\n    raise TimeoutException(message, screen, stacktrace)\n","steps":[{"name":"Click Login link","time":{"start":1703811363404,"stop":1703811373579,"duration":10175},"status":"broken","statusMessage":"selenium.common.exceptions.TimeoutException: Message: \nStacktrace:\n#0 0x561e884a7d33 <unknown>\n#1 0x561e88164f87 <unknown>\n#2 0x561e881b4c0e <unknown>\n#3 0x561e881b4d11 <unknown>\n#4 0x561e88200004 <unknown>\n#5 0x561e881de36d <unknown>\n#6 0x561e881fd297 <unknown>\n#7 0x561e881de0e3 <unknown>\n#8 0x561e881a6044 <unknown>\n#9 0x561e881a744e <unknown>\n#10 0x561e8846c861 <unknown>\n#11 0x561e88470785 <unknown>\n#12 0x561e8845a285 <unknown>\n#13 0x561e8847141f <unknown>\n#14 0x561e8843e20f <unknown>\n#15 0x561e88495028 <unknown>\n#16 0x561e884951f7 <unknown>\n#17 0x561e884a6ed4 <unknown>\n#18 0x7f6e89a94ac3 <unknown>\n\n","statusTrace":"  File \"/home/runner/work/kisangateway-test/kisangateway-test/.venv/lib/python3.11/site-packages/allure_commons/_allure.py\", line 192, in impl\n    return func(*a, **kw)\n           ^^^^^^^^^^^^^^\n  File \"/home/runner/work/kisangateway-test/kisangateway-test/pages/about_page.py\", line 20, in click_login_link\n    self.click(self.LOGIN_LINK)\n  File \"/home/runner/work/kisangateway-test/kisangateway-test/pages/base_page.py\", line 38, in click\n    el: WebElement = self.wait.until(\n                     ^^^^^^^^^^^^^^^^\n  File \"/home/runner/work/kisangateway-test/kisangateway-test/.venv/lib/python3.11/site-packages/selenium/webdriver/support/wait.py\", line 95, in until\n    raise TimeoutException(message, screen, stacktrace)\n","steps":[],"attachments":[],"parameters":[],"shouldDisplayMessage":true,"stepsCount":0,"attachmentsCount":0,"hasContent":true,"attachmentStep":false}],"attachments":[],"parameters":[],"shouldDisplayMessage":false,"stepsCount":1,"attachmentsCount":0,"hasContent":true,"attachmentStep":false}],"testStage":{"description":"Cancel project deletion","status":"broken","statusMessage":"selenium.common.exceptions.TimeoutException: Message: \nStacktrace:\n#0 0x561e884a7d33 <unknown>\n#1 0x561e88164f87 <unknown>\n#2 0x561e881b4c0e <unknown>\n#3 0x561e881b4d11 <unknown>\n#4 0x561e88200004 <unknown>\n#5 0x561e881de36d <unknown>\n#6 0x561e881fd297 <unknown>\n#7 0x561e881de0e3 <unknown>\n#8 0x561e881a6044 <unknown>\n#9 0x561e881a744e <unknown>\n#10 0x561e8846c861 <unknown>\n#11 0x561e88470785 <unknown>\n#12 0x561e8845a285 <unknown>\n#13 0x561e8847141f <unknown>\n#14 0x561e8843e20f <unknown>\n#15 0x561e88495028 <unknown>\n#16 0x561e884951f7 <unknown>\n#17 0x561e884a6ed4 <unknown>\n#18 0x7f6e89a94ac3 <unknown>","statusTrace":"self = <tests.test_workspaces.TestWorkspaces object at 0x7f1c43ac2910>\nsecret_data = {'email': '', 'password': ''}\n\n    @pytest.fixture(autouse=True)\n    def setup_method_fixture(self, secret_data: dict):\n>       login(secret_data, self.about_page, self.login_page)\n\ntests/test_workspaces.py:23: \n_ _ _ _ _ _ _ _ _ _ _ _ _ _ _ _ _ _ _ _ _ _ _ _ _ _ _ _ _ _ _ _ _ _ _ _ _ _ _ _ \ntests/test_workspaces.py:13: in login\n    about_page.click_login_link()\npages/about_page.py:20: in click_login_link\n    self.click(self.LOGIN_LINK)\npages/base_page.py:38: in click\n    el: WebElement = self.wait.until(\n_ _ _ _ _ _ _ _ _ _ _ _ _ _ _ _ _ _ _ _ _ _ _ _ _ _ _ _ _ _ _ _ _ _ _ _ _ _ _ _ \n\nself = <selenium.webdriver.support.wait.WebDriverWait (session=\"9ee36bfbda01654c72f462041e89b3b4\")>\nmethod = <function element_to_be_clickable.<locals>._predicate at 0x7f1c43730d60>\nmessage = ''\n\n    def until(self, method, message: str = \"\"):\n        \"\"\"Calls the method provided with the driver as an argument until the \\\n        return value does not evaluate to ``False``.\n    \n        :param method: callable(WebDriver)\n        :param message: optional message for :exc:`TimeoutException`\n        :returns: the result of the last call to `method`\n        :raises: :exc:`selenium.common.exceptions.TimeoutException` if timeout occurs\n        \"\"\"\n        screen = None\n        stacktrace = None\n    \n        end_time = time.monotonic() + self._timeout\n        while True:\n            try:\n                value = method(self._driver)\n                if value:\n                    return value\n            except self._ignored_exceptions as exc:\n                screen = getattr(exc, \"screen\", None)\n                stacktrace = getattr(exc, \"stacktrace\", None)\n            time.sleep(self._poll)\n            if time.monotonic() > end_time:\n                break\n>       raise TimeoutException(message, screen, stacktrace)\nE       selenium.common.exceptions.TimeoutException: Message: \nE       Stacktrace:\nE       #0 0x561e884a7d33 <unknown>\nE       #1 0x561e88164f87 <unknown>\nE       #2 0x561e881b4c0e <unknown>\nE       #3 0x561e881b4d11 <unknown>\nE       #4 0x561e88200004 <unknown>\nE       #5 0x561e881de36d <unknown>\nE       #6 0x561e881fd297 <unknown>\nE       #7 0x561e881de0e3 <unknown>\nE       #8 0x561e881a6044 <unknown>\nE       #9 0x561e881a744e <unknown>\nE       #10 0x561e8846c861 <unknown>\nE       #11 0x561e88470785 <unknown>\nE       #12 0x561e8845a285 <unknown>\nE       #13 0x561e8847141f <unknown>\nE       #14 0x561e8843e20f <unknown>\nE       #15 0x561e88495028 <unknown>\nE       #16 0x561e884951f7 <unknown>\nE       #17 0x561e884a6ed4 <unknown>\nE       #18 0x7f6e89a94ac3 <unknown>\n\n.venv/lib/python3.11/site-packages/selenium/webdriver/support/wait.py:95: TimeoutException","steps":[],"attachments":[{"uid":"76b650e6832afd03","name":"public ip address","source":"76b650e6832afd03.txt","type":"text/plain","size":12},{"uid":"e12f2372ec124bd4","name":"Cookies","source":"e12f2372ec124bd4.json","type":"application/json","size":2},{"uid":"668155be530af740","name":"Session Storage","source":"668155be530af740.json","type":"application/json","size":2},{"uid":"cf0bd9c1984fecdb","name":"Local Storage","source":"cf0bd9c1984fecdb.json","type":"application/json","size":2},{"uid":"afe1eed21ea49263","name":"Console Logs","source":"afe1eed21ea49263.json","type":"application/json","size":2},{"uid":"53a8e916b385e91b","name":"Full Page Screenshot","source":"53a8e916b385e91b.png","type":"image/png","size":2655641},{"uid":"670b3eacc3fb1b76","name":"URL","source":"670b3eacc3fb1b76.uri","type":"text/uri-list","size":25},{"uid":"32107277104b8235","name":"Network Logs","source":"32107277104b8235.json","type":"application/json","size":14021}],"parameters":[],"shouldDisplayMessage":true,"stepsCount":0,"attachmentsCount":8,"hasContent":true,"attachmentStep":false},"afterStages":[],"labels":[{"name":"epic","value":"Workspaces"},{"name":"story","value":"WorkSpaces Creation and Editing Functionality"},{"name":"severity","value":"normal"},{"name":"tag","value":"run(order=8)"},{"name":"parentSuite","value":"tests"},{"name":"suite","value":"test_workspaces"},{"name":"subSuite","value":"TestWorkspaces"},{"name":"host","value":"fv-az523-358"},{"name":"thread","value":"2201-MainThread"},{"name":"framework","value":"pytest"},{"name":"language","value":"cpython3"},{"name":"package","value":"tests.test_workspaces"},{"name":"resultFormat","value":"allure2"}],"parameters":[],"links":[],"hidden":false,"retry":false,"extra":{"severity":"normal","retries":[],"categories":[{"name":"Test defects","matchedStatuses":[],"flaky":false}],"tags":["run(order=8)"]},"source":"f9e055a6d40e993.json","parameterValues":[]}