{"uid":"1f7b95cd3534f6cf","name":"Forgot Password with valid email test","fullName":"tests.test_forgot_password.TestForgotPassword#test_valid_email","historyId":"7ff7e178fd4f5b4b8deb31c8fc69c6a9","time":{"start":1702688781340,"stop":1702688791527,"duration":10187},"description":"Forgot password with a valid email address","descriptionHtml":"<p>Forgot password with a valid email address</p>\n","status":"broken","statusMessage":"selenium.common.exceptions.TimeoutException: Message: \nStacktrace:\n#0 0x559a01018d33 <unknown>\n#1 0x559a00cd5f87 <unknown>\n#2 0x559a00d25c0e <unknown>\n#3 0x559a00d25d11 <unknown>\n#4 0x559a00d71004 <unknown>\n#5 0x559a00d4f36d <unknown>\n#6 0x559a00d6e297 <unknown>\n#7 0x559a00d4f0e3 <unknown>\n#8 0x559a00d17044 <unknown>\n#9 0x559a00d1844e <unknown>\n#10 0x559a00fdd861 <unknown>\n#11 0x559a00fe1785 <unknown>\n#12 0x559a00fcb285 <unknown>\n#13 0x559a00fe241f <unknown>\n#14 0x559a00faf20f <unknown>\n#15 0x559a01006028 <unknown>\n#16 0x559a010061f7 <unknown>\n#17 0x559a01017ed4 <unknown>\n#18 0x7fba2f494ac3 <unknown>","statusTrace":"self = <tests.test_forgot_password.TestForgotPassword object at 0x7fba217f6bd0>\njson_data = {'forgot_password': {'error_message': \"We can't find a user with that e-mail address.\", 'success_message': 'A reset li...you page', 'name': 'test', 'new_name': 'another test', 'no_project_found_msg': 'No project matches the criteria', ...}}\nsecret_data = {'email': '', 'password': ''}\n\n    @allure.description(\"Forgot password with a valid email address\")\n    @allure.title(\"Forgot Password with valid email test\")\n    def test_valid_email(self, json_data: dict, secret_data: dict):\n>       self.about_page.click_login_link()\n\ntests/test_forgot_password.py:19: \n_ _ _ _ _ _ _ _ _ _ _ _ _ _ _ _ _ _ _ _ _ _ _ _ _ _ _ _ _ _ _ _ _ _ _ _ _ _ _ _ \npages/about_page.py:20: in click_login_link\n    self.click(self.LOGIN_LINK)\npages/base_page.py:38: in click\n    el: WebElement = self.wait.until(\n_ _ _ _ _ _ _ _ _ _ _ _ _ _ _ _ _ _ _ _ _ _ _ _ _ _ _ _ _ _ _ _ _ _ _ _ _ _ _ _ \n\nself = <selenium.webdriver.support.wait.WebDriverWait (session=\"59f12bcde2a6b2838291f8cfb3d042bb\")>\nmethod = <function element_to_be_clickable.<locals>._predicate at 0x7fba20dbf740>\nmessage = ''\n\n    def until(self, method, message: str = \"\"):\n        \"\"\"Calls the method provided with the driver as an argument until the \\\n        return value does not evaluate to ``False``.\n    \n        :param method: callable(WebDriver)\n        :param message: optional message for :exc:`TimeoutException`\n        :returns: the result of the last call to `method`\n        :raises: :exc:`selenium.common.exceptions.TimeoutException` if timeout occurs\n        \"\"\"\n        screen = None\n        stacktrace = None\n    \n        end_time = time.monotonic() + self._timeout\n        while True:\n            try:\n                value = method(self._driver)\n                if value:\n                    return value\n            except self._ignored_exceptions as exc:\n                screen = getattr(exc, \"screen\", None)\n                stacktrace = getattr(exc, \"stacktrace\", None)\n            time.sleep(self._poll)\n            if time.monotonic() > end_time:\n                break\n>       raise TimeoutException(message, screen, stacktrace)\nE       selenium.common.exceptions.TimeoutException: Message: \nE       Stacktrace:\nE       #0 0x559a01018d33 <unknown>\nE       #1 0x559a00cd5f87 <unknown>\nE       #2 0x559a00d25c0e <unknown>\nE       #3 0x559a00d25d11 <unknown>\nE       #4 0x559a00d71004 <unknown>\nE       #5 0x559a00d4f36d <unknown>\nE       #6 0x559a00d6e297 <unknown>\nE       #7 0x559a00d4f0e3 <unknown>\nE       #8 0x559a00d17044 <unknown>\nE       #9 0x559a00d1844e <unknown>\nE       #10 0x559a00fdd861 <unknown>\nE       #11 0x559a00fe1785 <unknown>\nE       #12 0x559a00fcb285 <unknown>\nE       #13 0x559a00fe241f <unknown>\nE       #14 0x559a00faf20f <unknown>\nE       #15 0x559a01006028 <unknown>\nE       #16 0x559a010061f7 <unknown>\nE       #17 0x559a01017ed4 <unknown>\nE       #18 0x7fba2f494ac3 <unknown>\n\n.venv/lib/python3.11/site-packages/selenium/webdriver/support/wait.py:95: TimeoutException","flaky":false,"newFailed":false,"newBroken":false,"newPassed":false,"retriesCount":0,"retriesStatusChange":false,"beforeStages":[{"name":"secret_data","time":{"start":1702688618645,"stop":1702688618645,"duration":0},"status":"passed","steps":[],"attachments":[],"parameters":[],"shouldDisplayMessage":false,"stepsCount":0,"attachmentsCount":0,"hasContent":false,"attachmentStep":false},{"name":"base_url","time":{"start":1702688618645,"stop":1702688618645,"duration":0},"status":"passed","steps":[],"attachments":[],"parameters":[],"shouldDisplayMessage":false,"stepsCount":0,"attachmentsCount":0,"hasContent":false,"attachmentStep":false},{"name":"_verify_url","time":{"start":1702688618645,"stop":1702688618645,"duration":0},"status":"passed","steps":[],"attachments":[],"parameters":[],"shouldDisplayMessage":false,"stepsCount":0,"attachmentsCount":0,"hasContent":false,"attachmentStep":false},{"name":"json_data","time":{"start":1702688618645,"stop":1702688618645,"duration":0},"status":"passed","steps":[],"attachments":[],"parameters":[],"shouldDisplayMessage":false,"stepsCount":0,"attachmentsCount":0,"hasContent":false,"attachmentStep":false}],"testStage":{"description":"Forgot password with a valid email address","status":"broken","statusMessage":"selenium.common.exceptions.TimeoutException: Message: \nStacktrace:\n#0 0x559a01018d33 <unknown>\n#1 0x559a00cd5f87 <unknown>\n#2 0x559a00d25c0e <unknown>\n#3 0x559a00d25d11 <unknown>\n#4 0x559a00d71004 <unknown>\n#5 0x559a00d4f36d <unknown>\n#6 0x559a00d6e297 <unknown>\n#7 0x559a00d4f0e3 <unknown>\n#8 0x559a00d17044 <unknown>\n#9 0x559a00d1844e <unknown>\n#10 0x559a00fdd861 <unknown>\n#11 0x559a00fe1785 <unknown>\n#12 0x559a00fcb285 <unknown>\n#13 0x559a00fe241f <unknown>\n#14 0x559a00faf20f <unknown>\n#15 0x559a01006028 <unknown>\n#16 0x559a010061f7 <unknown>\n#17 0x559a01017ed4 <unknown>\n#18 0x7fba2f494ac3 <unknown>","statusTrace":"self = <tests.test_forgot_password.TestForgotPassword object at 0x7fba217f6bd0>\njson_data = {'forgot_password': {'error_message': \"We can't find a user with that e-mail address.\", 'success_message': 'A reset li...you page', 'name': 'test', 'new_name': 'another test', 'no_project_found_msg': 'No project matches the criteria', ...}}\nsecret_data = {'email': '', 'password': ''}\n\n    @allure.description(\"Forgot password with a valid email address\")\n    @allure.title(\"Forgot Password with valid email test\")\n    def test_valid_email(self, json_data: dict, secret_data: dict):\n>       self.about_page.click_login_link()\n\ntests/test_forgot_password.py:19: \n_ _ _ _ _ _ _ _ _ _ _ _ _ _ _ _ _ _ _ _ _ _ _ _ _ _ _ _ _ _ _ _ _ _ _ _ _ _ _ _ \npages/about_page.py:20: in click_login_link\n    self.click(self.LOGIN_LINK)\npages/base_page.py:38: in click\n    el: WebElement = self.wait.until(\n_ _ _ _ _ _ _ _ _ _ _ _ _ _ _ _ _ _ _ _ _ _ _ _ _ _ _ _ _ _ _ _ _ _ _ _ _ _ _ _ \n\nself = <selenium.webdriver.support.wait.WebDriverWait (session=\"59f12bcde2a6b2838291f8cfb3d042bb\")>\nmethod = <function element_to_be_clickable.<locals>._predicate at 0x7fba20dbf740>\nmessage = ''\n\n    def until(self, method, message: str = \"\"):\n        \"\"\"Calls the method provided with the driver as an argument until the \\\n        return value does not evaluate to ``False``.\n    \n        :param method: callable(WebDriver)\n        :param message: optional message for :exc:`TimeoutException`\n        :returns: the result of the last call to `method`\n        :raises: :exc:`selenium.common.exceptions.TimeoutException` if timeout occurs\n        \"\"\"\n        screen = None\n        stacktrace = None\n    \n        end_time = time.monotonic() + self._timeout\n        while True:\n            try:\n                value = method(self._driver)\n                if value:\n                    return value\n            except self._ignored_exceptions as exc:\n                screen = getattr(exc, \"screen\", None)\n                stacktrace = getattr(exc, \"stacktrace\", None)\n            time.sleep(self._poll)\n            if time.monotonic() > end_time:\n                break\n>       raise TimeoutException(message, screen, stacktrace)\nE       selenium.common.exceptions.TimeoutException: Message: \nE       Stacktrace:\nE       #0 0x559a01018d33 <unknown>\nE       #1 0x559a00cd5f87 <unknown>\nE       #2 0x559a00d25c0e <unknown>\nE       #3 0x559a00d25d11 <unknown>\nE       #4 0x559a00d71004 <unknown>\nE       #5 0x559a00d4f36d <unknown>\nE       #6 0x559a00d6e297 <unknown>\nE       #7 0x559a00d4f0e3 <unknown>\nE       #8 0x559a00d17044 <unknown>\nE       #9 0x559a00d1844e <unknown>\nE       #10 0x559a00fdd861 <unknown>\nE       #11 0x559a00fe1785 <unknown>\nE       #12 0x559a00fcb285 <unknown>\nE       #13 0x559a00fe241f <unknown>\nE       #14 0x559a00faf20f <unknown>\nE       #15 0x559a01006028 <unknown>\nE       #16 0x559a010061f7 <unknown>\nE       #17 0x559a01017ed4 <unknown>\nE       #18 0x7fba2f494ac3 <unknown>\n\n.venv/lib/python3.11/site-packages/selenium/webdriver/support/wait.py:95: TimeoutException","steps":[{"name":"Click Login link","time":{"start":1702688781340,"stop":1702688791527,"duration":10187},"status":"broken","statusMessage":"selenium.common.exceptions.TimeoutException: Message: \nStacktrace:\n#0 0x559a01018d33 <unknown>\n#1 0x559a00cd5f87 <unknown>\n#2 0x559a00d25c0e <unknown>\n#3 0x559a00d25d11 <unknown>\n#4 0x559a00d71004 <unknown>\n#5 0x559a00d4f36d <unknown>\n#6 0x559a00d6e297 <unknown>\n#7 0x559a00d4f0e3 <unknown>\n#8 0x559a00d17044 <unknown>\n#9 0x559a00d1844e <unknown>\n#10 0x559a00fdd861 <unknown>\n#11 0x559a00fe1785 <unknown>\n#12 0x559a00fcb285 <unknown>\n#13 0x559a00fe241f <unknown>\n#14 0x559a00faf20f <unknown>\n#15 0x559a01006028 <unknown>\n#16 0x559a010061f7 <unknown>\n#17 0x559a01017ed4 <unknown>\n#18 0x7fba2f494ac3 <unknown>\n\n","statusTrace":"  File \"/home/runner/work/kisangateway-test/kisangateway-test/.venv/lib/python3.11/site-packages/allure_commons/_allure.py\", line 192, in impl\n    return func(*a, **kw)\n           ^^^^^^^^^^^^^^\n  File \"/home/runner/work/kisangateway-test/kisangateway-test/pages/about_page.py\", line 20, in click_login_link\n    self.click(self.LOGIN_LINK)\n  File \"/home/runner/work/kisangateway-test/kisangateway-test/pages/base_page.py\", line 38, in click\n    el: WebElement = self.wait.until(\n                     ^^^^^^^^^^^^^^^^\n  File \"/home/runner/work/kisangateway-test/kisangateway-test/.venv/lib/python3.11/site-packages/selenium/webdriver/support/wait.py\", line 95, in until\n    raise TimeoutException(message, screen, stacktrace)\n","steps":[],"attachments":[],"parameters":[],"shouldDisplayMessage":true,"stepsCount":0,"attachmentsCount":0,"hasContent":true,"attachmentStep":false}],"attachments":[{"uid":"9f94221c869c939f","name":"public ip address","source":"9f94221c869c939f.txt","type":"text/plain","size":12},{"uid":"f96d182230c3727d","name":"Cookies","source":"f96d182230c3727d.json","type":"application/json","size":2},{"uid":"538634427c07b0c0","name":"Session Storage","source":"538634427c07b0c0.json","type":"application/json","size":2},{"uid":"98963148a942b5c5","name":"Local Storage","source":"98963148a942b5c5.json","type":"application/json","size":2},{"uid":"6b9c6c42e25b9924","name":"Console Logs","source":"6b9c6c42e25b9924.json","type":"application/json","size":2},{"uid":"baac5583b23da1d0","name":"Full Page Screenshot","source":"baac5583b23da1d0.png","type":"image/png","size":2655641},{"uid":"bc8f45b8351988db","name":"URL","source":"bc8f45b8351988db.uri","type":"text/uri-list","size":25},{"uid":"50046ca339f00843","name":"Network Logs","source":"50046ca339f00843.json","type":"application/json","size":13970}],"parameters":[],"shouldDisplayMessage":true,"stepsCount":1,"attachmentsCount":8,"hasContent":true,"attachmentStep":false},"afterStages":[],"labels":[{"name":"story","value":"Forgot Password Feature's Functionality"},{"name":"severity","value":"critical"},{"name":"epic","value":"Security"},{"name":"suite","value":"Custom suite"},{"name":"parentSuite","value":"Custom parent suite"},{"name":"subSuite","value":"Custom sub suite"},{"name":"tag","value":"security"},{"name":"host","value":"fv-az914-961"},{"name":"thread","value":"2265-MainThread"},{"name":"framework","value":"pytest"},{"name":"language","value":"cpython3"},{"name":"package","value":"tests.test_forgot_password"},{"name":"resultFormat","value":"allure2"}],"parameters":[],"links":[],"hidden":false,"retry":false,"extra":{"severity":"critical","retries":[],"categories":[{"name":"Test defects","matchedStatuses":[],"flaky":false}],"tags":["security"]},"source":"1f7b95cd3534f6cf.json","parameterValues":[]}