{"uid":"71c814c5cadfee1","name":"Create new workspace test","fullName":"tests.test_workspaces.TestWorkspaces#test_create_new_workspace","historyId":"e6e849a753ae10f50b3b38fac5a7fa8e","time":{"start":1702688630156,"stop":1702688630156,"duration":0},"description":"Create new Workspace","descriptionHtml":"<p>Create new Workspace</p>\n","status":"broken","statusMessage":"selenium.common.exceptions.TimeoutException: Message: \nStacktrace:\n#0 0x55c481d28d33 <unknown>\n#1 0x55c4819e5f87 <unknown>\n#2 0x55c481a35c0e <unknown>\n#3 0x55c481a35d11 <unknown>\n#4 0x55c481a81004 <unknown>\n#5 0x55c481a5f36d <unknown>\n#6 0x55c481a7e297 <unknown>\n#7 0x55c481a5f0e3 <unknown>\n#8 0x55c481a27044 <unknown>\n#9 0x55c481a2844e <unknown>\n#10 0x55c481ced861 <unknown>\n#11 0x55c481cf1785 <unknown>\n#12 0x55c481cdb285 <unknown>\n#13 0x55c481cf241f <unknown>\n#14 0x55c481cbf20f <unknown>\n#15 0x55c481d16028 <unknown>\n#16 0x55c481d161f7 <unknown>\n#17 0x55c481d27ed4 <unknown>\n#18 0x7fc85b894ac3 <unknown>","statusTrace":"self = <tests.test_workspaces.TestWorkspaces object at 0x7fba210b5cd0>\nsecret_data = {'email': '', 'password': ''}\n\n    @pytest.fixture(autouse=True)\n    def setup_method_fixture(self, secret_data: dict):\n>       login(secret_data, self.about_page, self.login_page)\n\ntests/test_workspaces.py:23: \n_ _ _ _ _ _ _ _ _ _ _ _ _ _ _ _ _ _ _ _ _ _ _ _ _ _ _ _ _ _ _ _ _ _ _ _ _ _ _ _ \ntests/test_workspaces.py:13: in login\n    about_page.click_login_link()\npages/about_page.py:20: in click_login_link\n    self.click(self.LOGIN_LINK)\npages/base_page.py:38: in click\n    el: WebElement = self.wait.until(\n_ _ _ _ _ _ _ _ _ _ _ _ _ _ _ _ _ _ _ _ _ _ _ _ _ _ _ _ _ _ _ _ _ _ _ _ _ _ _ _ \n\nself = <selenium.webdriver.support.wait.WebDriverWait (session=\"3b3208d50824a33878b4b4168960a163\")>\nmethod = <function element_to_be_clickable.<locals>._predicate at 0x7fba20ff8fe0>\nmessage = ''\n\n    def until(self, method, message: str = \"\"):\n        \"\"\"Calls the method provided with the driver as an argument until the \\\n        return value does not evaluate to ``False``.\n    \n        :param method: callable(WebDriver)\n        :param message: optional message for :exc:`TimeoutException`\n        :returns: the result of the last call to `method`\n        :raises: :exc:`selenium.common.exceptions.TimeoutException` if timeout occurs\n        \"\"\"\n        screen = None\n        stacktrace = None\n    \n        end_time = time.monotonic() + self._timeout\n        while True:\n            try:\n                value = method(self._driver)\n                if value:\n                    return value\n            except self._ignored_exceptions as exc:\n                screen = getattr(exc, \"screen\", None)\n                stacktrace = getattr(exc, \"stacktrace\", None)\n            time.sleep(self._poll)\n            if time.monotonic() > end_time:\n                break\n>       raise TimeoutException(message, screen, stacktrace)\nE       selenium.common.exceptions.TimeoutException: Message: \nE       Stacktrace:\nE       #0 0x55c481d28d33 <unknown>\nE       #1 0x55c4819e5f87 <unknown>\nE       #2 0x55c481a35c0e <unknown>\nE       #3 0x55c481a35d11 <unknown>\nE       #4 0x55c481a81004 <unknown>\nE       #5 0x55c481a5f36d <unknown>\nE       #6 0x55c481a7e297 <unknown>\nE       #7 0x55c481a5f0e3 <unknown>\nE       #8 0x55c481a27044 <unknown>\nE       #9 0x55c481a2844e <unknown>\nE       #10 0x55c481ced861 <unknown>\nE       #11 0x55c481cf1785 <unknown>\nE       #12 0x55c481cdb285 <unknown>\nE       #13 0x55c481cf241f <unknown>\nE       #14 0x55c481cbf20f <unknown>\nE       #15 0x55c481d16028 <unknown>\nE       #16 0x55c481d161f7 <unknown>\nE       #17 0x55c481d27ed4 <unknown>\nE       #18 0x7fc85b894ac3 <unknown>\n\n.venv/lib/python3.11/site-packages/selenium/webdriver/support/wait.py:95: TimeoutException","flaky":false,"newFailed":false,"newBroken":false,"newPassed":false,"retriesCount":0,"retriesStatusChange":false,"beforeStages":[{"name":"secret_data","time":{"start":1702688618645,"stop":1702688618645,"duration":0},"status":"passed","steps":[],"attachments":[],"parameters":[],"shouldDisplayMessage":false,"stepsCount":0,"attachmentsCount":0,"hasContent":false,"attachmentStep":false},{"name":"base_url","time":{"start":1702688618645,"stop":1702688618645,"duration":0},"status":"passed","steps":[],"attachments":[],"parameters":[],"shouldDisplayMessage":false,"stepsCount":0,"attachmentsCount":0,"hasContent":false,"attachmentStep":false},{"name":"_verify_url","time":{"start":1702688618645,"stop":1702688618645,"duration":0},"status":"passed","steps":[],"attachments":[],"parameters":[],"shouldDisplayMessage":false,"stepsCount":0,"attachmentsCount":0,"hasContent":false,"attachmentStep":false},{"name":"json_data","time":{"start":1702688618645,"stop":1702688618645,"duration":0},"status":"passed","steps":[],"attachments":[],"parameters":[],"shouldDisplayMessage":false,"stepsCount":0,"attachmentsCount":0,"hasContent":false,"attachmentStep":false},{"name":"setup_method_fixture","time":{"start":1702688631317,"stop":1702688641490,"duration":10173},"status":"broken","statusMessage":"selenium.common.exceptions.TimeoutException: Message: \nStacktrace:\n#0 0x55c481d28d33 <unknown>\n#1 0x55c4819e5f87 <unknown>\n#2 0x55c481a35c0e <unknown>\n#3 0x55c481a35d11 <unknown>\n#4 0x55c481a81004 <unknown>\n#5 0x55c481a5f36d <unknown>\n#6 0x55c481a7e297 <unknown>\n#7 0x55c481a5f0e3 <unknown>\n#8 0x55c481a27044 <unknown>\n#9 0x55c481a2844e <unknown>\n#10 0x55c481ced861 <unknown>\n#11 0x55c481cf1785 <unknown>\n#12 0x55c481cdb285 <unknown>\n#13 0x55c481cf241f <unknown>\n#14 0x55c481cbf20f <unknown>\n#15 0x55c481d16028 <unknown>\n#16 0x55c481d161f7 <unknown>\n#17 0x55c481d27ed4 <unknown>\n#18 0x7fc85b894ac3 <unknown>\n\n","statusTrace":"  File \"/home/runner/work/kisangateway-test/kisangateway-test/.venv/lib/python3.11/site-packages/pluggy/_callers.py\", line 80, in _multicall\n    res = hook_impl.function(*args)\n          ^^^^^^^^^^^^^^^^^^^^^^^^^\n  File \"/home/runner/work/kisangateway-test/kisangateway-test/.venv/lib/python3.11/site-packages/_pytest/fixtures.py\", line 1123, in pytest_fixture_setup\n    result = call_fixture_func(fixturefunc, request, kwargs)\n             ^^^^^^^^^^^^^^^^^^^^^^^^^^^^^^^^^^^^^^^^^^^^^^^\n  File \"/home/runner/work/kisangateway-test/kisangateway-test/.venv/lib/python3.11/site-packages/_pytest/fixtures.py\", line 902, in call_fixture_func\n    fixture_result = fixturefunc(**kwargs)\n                     ^^^^^^^^^^^^^^^^^^^^^\n  File \"/home/runner/work/kisangateway-test/kisangateway-test/tests/test_workspaces.py\", line 23, in setup_method_fixture\n    login(secret_data, self.about_page, self.login_page)\n  File \"/home/runner/work/kisangateway-test/kisangateway-test/tests/test_workspaces.py\", line 13, in login\n    about_page.click_login_link()\n  File \"/home/runner/work/kisangateway-test/kisangateway-test/.venv/lib/python3.11/site-packages/allure_commons/_allure.py\", line 192, in impl\n    return func(*a, **kw)\n           ^^^^^^^^^^^^^^\n  File \"/home/runner/work/kisangateway-test/kisangateway-test/pages/about_page.py\", line 20, in click_login_link\n    self.click(self.LOGIN_LINK)\n  File \"/home/runner/work/kisangateway-test/kisangateway-test/pages/base_page.py\", line 38, in click\n    el: WebElement = self.wait.until(\n                     ^^^^^^^^^^^^^^^^\n  File \"/home/runner/work/kisangateway-test/kisangateway-test/.venv/lib/python3.11/site-packages/selenium/webdriver/support/wait.py\", line 95, in until\n    raise TimeoutException(message, screen, stacktrace)\n","steps":[{"name":"Click Login link","time":{"start":1702688631317,"stop":1702688641490,"duration":10173},"status":"broken","statusMessage":"selenium.common.exceptions.TimeoutException: Message: \nStacktrace:\n#0 0x55c481d28d33 <unknown>\n#1 0x55c4819e5f87 <unknown>\n#2 0x55c481a35c0e <unknown>\n#3 0x55c481a35d11 <unknown>\n#4 0x55c481a81004 <unknown>\n#5 0x55c481a5f36d <unknown>\n#6 0x55c481a7e297 <unknown>\n#7 0x55c481a5f0e3 <unknown>\n#8 0x55c481a27044 <unknown>\n#9 0x55c481a2844e <unknown>\n#10 0x55c481ced861 <unknown>\n#11 0x55c481cf1785 <unknown>\n#12 0x55c481cdb285 <unknown>\n#13 0x55c481cf241f <unknown>\n#14 0x55c481cbf20f <unknown>\n#15 0x55c481d16028 <unknown>\n#16 0x55c481d161f7 <unknown>\n#17 0x55c481d27ed4 <unknown>\n#18 0x7fc85b894ac3 <unknown>\n\n","statusTrace":"  File \"/home/runner/work/kisangateway-test/kisangateway-test/.venv/lib/python3.11/site-packages/allure_commons/_allure.py\", line 192, in impl\n    return func(*a, **kw)\n           ^^^^^^^^^^^^^^\n  File \"/home/runner/work/kisangateway-test/kisangateway-test/pages/about_page.py\", line 20, in click_login_link\n    self.click(self.LOGIN_LINK)\n  File \"/home/runner/work/kisangateway-test/kisangateway-test/pages/base_page.py\", line 38, in click\n    el: WebElement = self.wait.until(\n                     ^^^^^^^^^^^^^^^^\n  File \"/home/runner/work/kisangateway-test/kisangateway-test/.venv/lib/python3.11/site-packages/selenium/webdriver/support/wait.py\", line 95, in until\n    raise TimeoutException(message, screen, stacktrace)\n","steps":[],"attachments":[],"parameters":[],"shouldDisplayMessage":true,"stepsCount":0,"attachmentsCount":0,"hasContent":true,"attachmentStep":false}],"attachments":[],"parameters":[],"shouldDisplayMessage":false,"stepsCount":1,"attachmentsCount":0,"hasContent":true,"attachmentStep":false}],"testStage":{"description":"Create new Workspace","status":"broken","statusMessage":"selenium.common.exceptions.TimeoutException: Message: \nStacktrace:\n#0 0x55c481d28d33 <unknown>\n#1 0x55c4819e5f87 <unknown>\n#2 0x55c481a35c0e <unknown>\n#3 0x55c481a35d11 <unknown>\n#4 0x55c481a81004 <unknown>\n#5 0x55c481a5f36d <unknown>\n#6 0x55c481a7e297 <unknown>\n#7 0x55c481a5f0e3 <unknown>\n#8 0x55c481a27044 <unknown>\n#9 0x55c481a2844e <unknown>\n#10 0x55c481ced861 <unknown>\n#11 0x55c481cf1785 <unknown>\n#12 0x55c481cdb285 <unknown>\n#13 0x55c481cf241f <unknown>\n#14 0x55c481cbf20f <unknown>\n#15 0x55c481d16028 <unknown>\n#16 0x55c481d161f7 <unknown>\n#17 0x55c481d27ed4 <unknown>\n#18 0x7fc85b894ac3 <unknown>","statusTrace":"self = <tests.test_workspaces.TestWorkspaces object at 0x7fba210b5cd0>\nsecret_data = {'email': '', 'password': ''}\n\n    @pytest.fixture(autouse=True)\n    def setup_method_fixture(self, secret_data: dict):\n>       login(secret_data, self.about_page, self.login_page)\n\ntests/test_workspaces.py:23: \n_ _ _ _ _ _ _ _ _ _ _ _ _ _ _ _ _ _ _ _ _ _ _ _ _ _ _ _ _ _ _ _ _ _ _ _ _ _ _ _ \ntests/test_workspaces.py:13: in login\n    about_page.click_login_link()\npages/about_page.py:20: in click_login_link\n    self.click(self.LOGIN_LINK)\npages/base_page.py:38: in click\n    el: WebElement = self.wait.until(\n_ _ _ _ _ _ _ _ _ _ _ _ _ _ _ _ _ _ _ _ _ _ _ _ _ _ _ _ _ _ _ _ _ _ _ _ _ _ _ _ \n\nself = <selenium.webdriver.support.wait.WebDriverWait (session=\"3b3208d50824a33878b4b4168960a163\")>\nmethod = <function element_to_be_clickable.<locals>._predicate at 0x7fba20ff8fe0>\nmessage = ''\n\n    def until(self, method, message: str = \"\"):\n        \"\"\"Calls the method provided with the driver as an argument until the \\\n        return value does not evaluate to ``False``.\n    \n        :param method: callable(WebDriver)\n        :param message: optional message for :exc:`TimeoutException`\n        :returns: the result of the last call to `method`\n        :raises: :exc:`selenium.common.exceptions.TimeoutException` if timeout occurs\n        \"\"\"\n        screen = None\n        stacktrace = None\n    \n        end_time = time.monotonic() + self._timeout\n        while True:\n            try:\n                value = method(self._driver)\n                if value:\n                    return value\n            except self._ignored_exceptions as exc:\n                screen = getattr(exc, \"screen\", None)\n                stacktrace = getattr(exc, \"stacktrace\", None)\n            time.sleep(self._poll)\n            if time.monotonic() > end_time:\n                break\n>       raise TimeoutException(message, screen, stacktrace)\nE       selenium.common.exceptions.TimeoutException: Message: \nE       Stacktrace:\nE       #0 0x55c481d28d33 <unknown>\nE       #1 0x55c4819e5f87 <unknown>\nE       #2 0x55c481a35c0e <unknown>\nE       #3 0x55c481a35d11 <unknown>\nE       #4 0x55c481a81004 <unknown>\nE       #5 0x55c481a5f36d <unknown>\nE       #6 0x55c481a7e297 <unknown>\nE       #7 0x55c481a5f0e3 <unknown>\nE       #8 0x55c481a27044 <unknown>\nE       #9 0x55c481a2844e <unknown>\nE       #10 0x55c481ced861 <unknown>\nE       #11 0x55c481cf1785 <unknown>\nE       #12 0x55c481cdb285 <unknown>\nE       #13 0x55c481cf241f <unknown>\nE       #14 0x55c481cbf20f <unknown>\nE       #15 0x55c481d16028 <unknown>\nE       #16 0x55c481d161f7 <unknown>\nE       #17 0x55c481d27ed4 <unknown>\nE       #18 0x7fc85b894ac3 <unknown>\n\n.venv/lib/python3.11/site-packages/selenium/webdriver/support/wait.py:95: TimeoutException","steps":[],"attachments":[{"uid":"c91ac710dfc4ad2d","name":"public ip address","source":"c91ac710dfc4ad2d.txt","type":"text/plain","size":12},{"uid":"bf898d6571df614e","name":"Cookies","source":"bf898d6571df614e.json","type":"application/json","size":2},{"uid":"6795803421546b02","name":"Session Storage","source":"6795803421546b02.json","type":"application/json","size":2},{"uid":"d396c5c7705267bb","name":"Local Storage","source":"d396c5c7705267bb.json","type":"application/json","size":2},{"uid":"738b2f073b1fcf8b","name":"Console Logs","source":"738b2f073b1fcf8b.json","type":"application/json","size":2},{"uid":"ba88cc1622b376fd","name":"Full Page Screenshot","source":"ba88cc1622b376fd.png","type":"image/png","size":2655641},{"uid":"9bce0925af394bd9","name":"URL","source":"9bce0925af394bd9.uri","type":"text/uri-list","size":25},{"uid":"64b5f0d63d4d3694","name":"Network Logs","source":"64b5f0d63d4d3694.json","type":"application/json","size":13977}],"parameters":[],"shouldDisplayMessage":true,"stepsCount":0,"attachmentsCount":8,"hasContent":true,"attachmentStep":false},"afterStages":[],"labels":[{"name":"story","value":"WorkSpaces Creation and Editing Functionality"},{"name":"severity","value":"normal"},{"name":"epic","value":"Workspaces"},{"name":"tag","value":"run(order=1)"},{"name":"parentSuite","value":"tests"},{"name":"suite","value":"test_workspaces"},{"name":"subSuite","value":"TestWorkspaces"},{"name":"host","value":"fv-az914-961"},{"name":"thread","value":"2265-MainThread"},{"name":"framework","value":"pytest"},{"name":"language","value":"cpython3"},{"name":"package","value":"tests.test_workspaces"},{"name":"resultFormat","value":"allure2"}],"parameters":[],"links":[],"hidden":false,"retry":false,"extra":{"severity":"normal","retries":[],"categories":[{"name":"Test defects","matchedStatuses":[],"flaky":false}],"tags":["run(order=1)"]},"source":"71c814c5cadfee1.json","parameterValues":[]}