{"uid":"eb322295df31860e","name":"Login with valid credentials test","fullName":"tests.test_login.TestLogin#test_valid_login","historyId":"e7f254b9bfd5f2bc8d4a1ffa6dc7aebb","time":{"start":1705799419953,"stop":1705799430190,"duration":10237},"description":"valid login","descriptionHtml":"<p>valid login</p>\n","status":"broken","statusMessage":"selenium.common.exceptions.TimeoutException: Message: \nStacktrace:\n#0 0x5564b2c70f83 <unknown>\n#1 0x5564b2929cf7 <unknown>\n#2 0x5564b297999e <unknown>\n#3 0x5564b2979aa1 <unknown>\n#4 0x5564b29c4d64 <unknown>\n#5 0x5564b29a30dd <unknown>\n#6 0x5564b29c2006 <unknown>\n#7 0x5564b29a2e53 <unknown>\n#8 0x5564b296add4 <unknown>\n#9 0x5564b296c1de <unknown>\n#10 0x5564b2c35531 <unknown>\n#11 0x5564b2c39455 <unknown>\n#12 0x5564b2c21f55 <unknown>\n#13 0x5564b2c3a0ef <unknown>\n#14 0x5564b2c0599f <unknown>\n#15 0x5564b2c5e008 <unknown>\n#16 0x5564b2c5e1d7 <unknown>\n#17 0x5564b2c70124 <unknown>\n#18 0x7fa899894ac3 <unknown>","statusTrace":"self = <tests.test_login.TestLogin object at 0x7f88f7ffc650>\nsecret_data = {'email': '', 'password': ''}\njson_data = {'forgot_password': {'error_message': \"We can't find a user with that e-mail address.\", 'success_message': 'A reset li...you page', 'name': 'test', 'new_name': 'another test', 'no_project_found_msg': 'No project matches the criteria', ...}}\n\n    @allure.description(\"valid login\")\n    @allure.title(\"Login with valid credentials test\")\n    @allure.tag(\"Tagged test\")\n    @pytest.mark.run(order=1)\n    def test_valid_login(self, secret_data: dict, json_data: dict):\n>       self.about_page.click_login_link()\n\ntests/test_login.py:39: \n_ _ _ _ _ _ _ _ _ _ _ _ _ _ _ _ _ _ _ _ _ _ _ _ _ _ _ _ _ _ _ _ _ _ _ _ _ _ _ _ \npages/about_page.py:20: in click_login_link\n    self.click(self.LOGIN_LINK)\npages/base_page.py:38: in click\n    el: WebElement = self.wait.until(\n_ _ _ _ _ _ _ _ _ _ _ _ _ _ _ _ _ _ _ _ _ _ _ _ _ _ _ _ _ _ _ _ _ _ _ _ _ _ _ _ \n\nself = <selenium.webdriver.support.wait.WebDriverWait (session=\"8e676b31f83457043e7e827a240ee980\")>\nmethod = <function element_to_be_clickable.<locals>._predicate at 0x7f88f7e48860>\nmessage = ''\n\n    def until(self, method, message: str = \"\"):\n        \"\"\"Calls the method provided with the driver as an argument until the \\\n        return value does not evaluate to ``False``.\n    \n        :param method: callable(WebDriver)\n        :param message: optional message for :exc:`TimeoutException`\n        :returns: the result of the last call to `method`\n        :raises: :exc:`selenium.common.exceptions.TimeoutException` if timeout occurs\n        \"\"\"\n        screen = None\n        stacktrace = None\n    \n        end_time = time.monotonic() + self._timeout\n        while True:\n            try:\n                value = method(self._driver)\n                if value:\n                    return value\n            except self._ignored_exceptions as exc:\n                screen = getattr(exc, \"screen\", None)\n                stacktrace = getattr(exc, \"stacktrace\", None)\n            time.sleep(self._poll)\n            if time.monotonic() > end_time:\n                break\n>       raise TimeoutException(message, screen, stacktrace)\nE       selenium.common.exceptions.TimeoutException: Message: \nE       Stacktrace:\nE       #0 0x5564b2c70f83 <unknown>\nE       #1 0x5564b2929cf7 <unknown>\nE       #2 0x5564b297999e <unknown>\nE       #3 0x5564b2979aa1 <unknown>\nE       #4 0x5564b29c4d64 <unknown>\nE       #5 0x5564b29a30dd <unknown>\nE       #6 0x5564b29c2006 <unknown>\nE       #7 0x5564b29a2e53 <unknown>\nE       #8 0x5564b296add4 <unknown>\nE       #9 0x5564b296c1de <unknown>\nE       #10 0x5564b2c35531 <unknown>\nE       #11 0x5564b2c39455 <unknown>\nE       #12 0x5564b2c21f55 <unknown>\nE       #13 0x5564b2c3a0ef <unknown>\nE       #14 0x5564b2c0599f <unknown>\nE       #15 0x5564b2c5e008 <unknown>\nE       #16 0x5564b2c5e1d7 <unknown>\nE       #17 0x5564b2c70124 <unknown>\nE       #18 0x7fa899894ac3 <unknown>\n\n.venv/lib/python3.11/site-packages/selenium/webdriver/support/wait.py:95: TimeoutException","flaky":false,"newFailed":false,"newBroken":false,"newPassed":false,"retriesCount":0,"retriesStatusChange":false,"beforeStages":[{"name":"_verify_url","time":{"start":1705799419951,"stop":1705799419951,"duration":0},"status":"passed","steps":[],"attachments":[],"parameters":[],"shouldDisplayMessage":false,"stepsCount":0,"attachmentsCount":0,"hasContent":false,"attachmentStep":false},{"name":"base_url","time":{"start":1705799419951,"stop":1705799419951,"duration":0},"status":"passed","steps":[],"attachments":[],"parameters":[],"shouldDisplayMessage":false,"stepsCount":0,"attachmentsCount":0,"hasContent":false,"attachmentStep":false},{"name":"secret_data","time":{"start":1705799419952,"stop":1705799419952,"duration":0},"status":"passed","steps":[],"attachments":[],"parameters":[],"shouldDisplayMessage":false,"stepsCount":0,"attachmentsCount":0,"hasContent":false,"attachmentStep":false},{"name":"json_data","time":{"start":1705799419952,"stop":1705799419952,"duration":0},"status":"passed","steps":[],"attachments":[],"parameters":[],"shouldDisplayMessage":false,"stepsCount":0,"attachmentsCount":0,"hasContent":false,"attachmentStep":false}],"testStage":{"description":"valid login","status":"broken","statusMessage":"selenium.common.exceptions.TimeoutException: Message: \nStacktrace:\n#0 0x5564b2c70f83 <unknown>\n#1 0x5564b2929cf7 <unknown>\n#2 0x5564b297999e <unknown>\n#3 0x5564b2979aa1 <unknown>\n#4 0x5564b29c4d64 <unknown>\n#5 0x5564b29a30dd <unknown>\n#6 0x5564b29c2006 <unknown>\n#7 0x5564b29a2e53 <unknown>\n#8 0x5564b296add4 <unknown>\n#9 0x5564b296c1de <unknown>\n#10 0x5564b2c35531 <unknown>\n#11 0x5564b2c39455 <unknown>\n#12 0x5564b2c21f55 <unknown>\n#13 0x5564b2c3a0ef <unknown>\n#14 0x5564b2c0599f <unknown>\n#15 0x5564b2c5e008 <unknown>\n#16 0x5564b2c5e1d7 <unknown>\n#17 0x5564b2c70124 <unknown>\n#18 0x7fa899894ac3 <unknown>","statusTrace":"self = <tests.test_login.TestLogin object at 0x7f88f7ffc650>\nsecret_data = {'email': '', 'password': ''}\njson_data = {'forgot_password': {'error_message': \"We can't find a user with that e-mail address.\", 'success_message': 'A reset li...you page', 'name': 'test', 'new_name': 'another test', 'no_project_found_msg': 'No project matches the criteria', ...}}\n\n    @allure.description(\"valid login\")\n    @allure.title(\"Login with valid credentials test\")\n    @allure.tag(\"Tagged test\")\n    @pytest.mark.run(order=1)\n    def test_valid_login(self, secret_data: dict, json_data: dict):\n>       self.about_page.click_login_link()\n\ntests/test_login.py:39: \n_ _ _ _ _ _ _ _ _ _ _ _ _ _ _ _ _ _ _ _ _ _ _ _ _ _ _ _ _ _ _ _ _ _ _ _ _ _ _ _ \npages/about_page.py:20: in click_login_link\n    self.click(self.LOGIN_LINK)\npages/base_page.py:38: in click\n    el: WebElement = self.wait.until(\n_ _ _ _ _ _ _ _ _ _ _ _ _ _ _ _ _ _ _ _ _ _ _ _ _ _ _ _ _ _ _ _ _ _ _ _ _ _ _ _ \n\nself = <selenium.webdriver.support.wait.WebDriverWait (session=\"8e676b31f83457043e7e827a240ee980\")>\nmethod = <function element_to_be_clickable.<locals>._predicate at 0x7f88f7e48860>\nmessage = ''\n\n    def until(self, method, message: str = \"\"):\n        \"\"\"Calls the method provided with the driver as an argument until the \\\n        return value does not evaluate to ``False``.\n    \n        :param method: callable(WebDriver)\n        :param message: optional message for :exc:`TimeoutException`\n        :returns: the result of the last call to `method`\n        :raises: :exc:`selenium.common.exceptions.TimeoutException` if timeout occurs\n        \"\"\"\n        screen = None\n        stacktrace = None\n    \n        end_time = time.monotonic() + self._timeout\n        while True:\n            try:\n                value = method(self._driver)\n                if value:\n                    return value\n            except self._ignored_exceptions as exc:\n                screen = getattr(exc, \"screen\", None)\n                stacktrace = getattr(exc, \"stacktrace\", None)\n            time.sleep(self._poll)\n            if time.monotonic() > end_time:\n                break\n>       raise TimeoutException(message, screen, stacktrace)\nE       selenium.common.exceptions.TimeoutException: Message: \nE       Stacktrace:\nE       #0 0x5564b2c70f83 <unknown>\nE       #1 0x5564b2929cf7 <unknown>\nE       #2 0x5564b297999e <unknown>\nE       #3 0x5564b2979aa1 <unknown>\nE       #4 0x5564b29c4d64 <unknown>\nE       #5 0x5564b29a30dd <unknown>\nE       #6 0x5564b29c2006 <unknown>\nE       #7 0x5564b29a2e53 <unknown>\nE       #8 0x5564b296add4 <unknown>\nE       #9 0x5564b296c1de <unknown>\nE       #10 0x5564b2c35531 <unknown>\nE       #11 0x5564b2c39455 <unknown>\nE       #12 0x5564b2c21f55 <unknown>\nE       #13 0x5564b2c3a0ef <unknown>\nE       #14 0x5564b2c0599f <unknown>\nE       #15 0x5564b2c5e008 <unknown>\nE       #16 0x5564b2c5e1d7 <unknown>\nE       #17 0x5564b2c70124 <unknown>\nE       #18 0x7fa899894ac3 <unknown>\n\n.venv/lib/python3.11/site-packages/selenium/webdriver/support/wait.py:95: TimeoutException","steps":[{"name":"Click Login link","time":{"start":1705799419953,"stop":1705799430189,"duration":10236},"status":"broken","statusMessage":"selenium.common.exceptions.TimeoutException: Message: \nStacktrace:\n#0 0x5564b2c70f83 <unknown>\n#1 0x5564b2929cf7 <unknown>\n#2 0x5564b297999e <unknown>\n#3 0x5564b2979aa1 <unknown>\n#4 0x5564b29c4d64 <unknown>\n#5 0x5564b29a30dd <unknown>\n#6 0x5564b29c2006 <unknown>\n#7 0x5564b29a2e53 <unknown>\n#8 0x5564b296add4 <unknown>\n#9 0x5564b296c1de <unknown>\n#10 0x5564b2c35531 <unknown>\n#11 0x5564b2c39455 <unknown>\n#12 0x5564b2c21f55 <unknown>\n#13 0x5564b2c3a0ef <unknown>\n#14 0x5564b2c0599f <unknown>\n#15 0x5564b2c5e008 <unknown>\n#16 0x5564b2c5e1d7 <unknown>\n#17 0x5564b2c70124 <unknown>\n#18 0x7fa899894ac3 <unknown>\n\n","statusTrace":"  File \"/home/runner/work/kisangateway-test/kisangateway-test/.venv/lib/python3.11/site-packages/allure_commons/_allure.py\", line 192, in impl\n    return func(*a, **kw)\n           ^^^^^^^^^^^^^^\n  File \"/home/runner/work/kisangateway-test/kisangateway-test/pages/about_page.py\", line 20, in click_login_link\n    self.click(self.LOGIN_LINK)\n  File \"/home/runner/work/kisangateway-test/kisangateway-test/pages/base_page.py\", line 38, in click\n    el: WebElement = self.wait.until(\n                     ^^^^^^^^^^^^^^^^\n  File \"/home/runner/work/kisangateway-test/kisangateway-test/.venv/lib/python3.11/site-packages/selenium/webdriver/support/wait.py\", line 95, in until\n    raise TimeoutException(message, screen, stacktrace)\n","steps":[],"attachments":[],"parameters":[],"shouldDisplayMessage":true,"stepsCount":0,"attachmentsCount":0,"hasContent":true,"attachmentStep":false}],"attachments":[{"uid":"f62593c211a69653","name":"public ip address","source":"f62593c211a69653.txt","type":"text/plain","size":13},{"uid":"6bed68477a6b17f2","name":"Cookies","source":"6bed68477a6b17f2.json","type":"application/json","size":2},{"uid":"7d060137baf5a05c","name":"Session Storage","source":"7d060137baf5a05c.json","type":"application/json","size":2},{"uid":"bb595abc49f26542","name":"Local Storage","source":"bb595abc49f26542.json","type":"application/json","size":2},{"uid":"f6905411a0515c75","name":"Console Logs","source":"f6905411a0515c75.json","type":"application/json","size":2},{"uid":"dcea4f209d3228c1","name":"Full Page Screenshot","source":"dcea4f209d3228c1.png","type":"image/png","size":2655641},{"uid":"95903fe44b36b096","name":"URL","source":"95903fe44b36b096.uri","type":"text/uri-list","size":25},{"uid":"1e2a59c7c87e51b0","name":"Network Logs","source":"1e2a59c7c87e51b0.json","type":"application/json","size":14450}],"parameters":[],"shouldDisplayMessage":true,"stepsCount":1,"attachmentsCount":8,"hasContent":true,"attachmentStep":false},"afterStages":[],"labels":[{"name":"severity","value":"blocker"},{"name":"tag","value":"Tagged test"},{"name":"epic","value":"Security"},{"name":"feature","value":"Login"},{"name":"tag","value":"run(order=1)"},{"name":"tag","value":"security"},{"name":"parentSuite","value":"tests"},{"name":"suite","value":"test_login"},{"name":"subSuite","value":"TestLogin"},{"name":"host","value":"fv-az695-494"},{"name":"thread","value":"2334-MainThread"},{"name":"framework","value":"pytest"},{"name":"language","value":"cpython3"},{"name":"package","value":"tests.test_login"},{"name":"resultFormat","value":"allure2"}],"parameters":[],"links":[],"hidden":false,"retry":false,"extra":{"severity":"blocker","retries":[],"categories":[{"name":"Test defects","matchedStatuses":[],"flaky":false}],"tags":["security","Tagged test","run(order=1)"]},"source":"eb322295df31860e.json","parameterValues":[]}