{"uid":"1f363d0e6920d903","name":"Search for non existing project","fullName":"tests.test_workspaces.TestWorkspaces#test_search_for_non_existing_project","historyId":"fd02db7e15fbde7f94675ef36547cabe","time":{"start":1709859701144,"stop":1709859701144,"duration":0},"description":"Search for a non existing project","descriptionHtml":"<p>Search for a non existing project</p>\n","status":"broken","statusMessage":"selenium.common.exceptions.TimeoutException: Message: \nStacktrace:\n#0 0x55a7a9157e93 <unknown>\n#1 0x55a7a8e4fce6 <unknown>\n#2 0x55a7a8e9ae48 <unknown>\n#3 0x55a7a8e9af01 <unknown>\n#4 0x55a7a8ede3f4 <unknown>\n#5 0x55a7a8ebcedd <unknown>\n#6 0x55a7a8edb899 <unknown>\n#7 0x55a7a8ebcc53 <unknown>\n#8 0x55a7a8e8ddb3 <unknown>\n#9 0x55a7a8e8e77e <unknown>\n#10 0x55a7a911d7cb <unknown>\n#11 0x55a7a91217e5 <unknown>\n#12 0x55a7a910b0e1 <unknown>\n#13 0x55a7a9122372 <unknown>\n#14 0x55a7a90ef1bf <unknown>\n#15 0x55a7a9146488 <unknown>\n#16 0x55a7a9146683 <unknown>\n#17 0x55a7a9157044 <unknown>\n#18 0x7f892b494ac3 <unknown>","statusTrace":"self = <tests.test_workspaces.TestWorkspaces object at 0x7fabf1ce1a10>\nsecret_data = {'email': '', 'password': ''}\n\n    @pytest.fixture(autouse=True)\n    def setup_method_fixture(self, secret_data: dict):\n>       login(secret_data, self.about_page, self.login_page)\n\ntests/test_workspaces.py:23: \n_ _ _ _ _ _ _ _ _ _ _ _ _ _ _ _ _ _ _ _ _ _ _ _ _ _ _ _ _ _ _ _ _ _ _ _ _ _ _ _ \ntests/test_workspaces.py:13: in login\n    about_page.click_login_link()\npages/about_page.py:20: in click_login_link\n    self.click(self.LOGIN_LINK)\npages/base_page.py:38: in click\n    el: WebElement = self.wait.until(\n_ _ _ _ _ _ _ _ _ _ _ _ _ _ _ _ _ _ _ _ _ _ _ _ _ _ _ _ _ _ _ _ _ _ _ _ _ _ _ _ \n\nself = <selenium.webdriver.support.wait.WebDriverWait (session=\"4c30e4c5cd1ab25f817706d1bc159dae\")>\nmethod = <function element_to_be_clickable.<locals>._predicate at 0x7fabf19ca7a0>\nmessage = ''\n\n    def until(self, method, message: str = \"\"):\n        \"\"\"Calls the method provided with the driver as an argument until the \\\n        return value does not evaluate to ``False``.\n    \n        :param method: callable(WebDriver)\n        :param message: optional message for :exc:`TimeoutException`\n        :returns: the result of the last call to `method`\n        :raises: :exc:`selenium.common.exceptions.TimeoutException` if timeout occurs\n        \"\"\"\n        screen = None\n        stacktrace = None\n    \n        end_time = time.monotonic() + self._timeout\n        while True:\n            try:\n                value = method(self._driver)\n                if value:\n                    return value\n            except self._ignored_exceptions as exc:\n                screen = getattr(exc, \"screen\", None)\n                stacktrace = getattr(exc, \"stacktrace\", None)\n            time.sleep(self._poll)\n            if time.monotonic() > end_time:\n                break\n>       raise TimeoutException(message, screen, stacktrace)\nE       selenium.common.exceptions.TimeoutException: Message: \nE       Stacktrace:\nE       #0 0x55a7a9157e93 <unknown>\nE       #1 0x55a7a8e4fce6 <unknown>\nE       #2 0x55a7a8e9ae48 <unknown>\nE       #3 0x55a7a8e9af01 <unknown>\nE       #4 0x55a7a8ede3f4 <unknown>\nE       #5 0x55a7a8ebcedd <unknown>\nE       #6 0x55a7a8edb899 <unknown>\nE       #7 0x55a7a8ebcc53 <unknown>\nE       #8 0x55a7a8e8ddb3 <unknown>\nE       #9 0x55a7a8e8e77e <unknown>\nE       #10 0x55a7a911d7cb <unknown>\nE       #11 0x55a7a91217e5 <unknown>\nE       #12 0x55a7a910b0e1 <unknown>\nE       #13 0x55a7a9122372 <unknown>\nE       #14 0x55a7a90ef1bf <unknown>\nE       #15 0x55a7a9146488 <unknown>\nE       #16 0x55a7a9146683 <unknown>\nE       #17 0x55a7a9157044 <unknown>\nE       #18 0x7f892b494ac3 <unknown>\n\n.venv/lib/python3.11/site-packages/selenium/webdriver/support/wait.py:95: TimeoutException","flaky":false,"newFailed":false,"newBroken":false,"newPassed":false,"retriesCount":0,"retriesStatusChange":false,"beforeStages":[{"name":"_verify_url","time":{"start":1709859576985,"stop":1709859576985,"duration":0},"status":"passed","steps":[],"attachments":[],"parameters":[],"shouldDisplayMessage":false,"stepsCount":0,"attachmentsCount":0,"hasContent":false,"attachmentStep":false},{"name":"secret_data","time":{"start":1709859576985,"stop":1709859576986,"duration":1},"status":"passed","steps":[],"attachments":[],"parameters":[],"shouldDisplayMessage":false,"stepsCount":0,"attachmentsCount":0,"hasContent":false,"attachmentStep":false},{"name":"base_url","time":{"start":1709859576985,"stop":1709859576985,"duration":0},"status":"passed","steps":[],"attachments":[],"parameters":[],"shouldDisplayMessage":false,"stepsCount":0,"attachmentsCount":0,"hasContent":false,"attachmentStep":false},{"name":"json_data","time":{"start":1709859576986,"stop":1709859576986,"duration":0},"status":"passed","steps":[],"attachments":[],"parameters":[],"shouldDisplayMessage":false,"stepsCount":0,"attachmentsCount":0,"hasContent":false,"attachmentStep":false},{"name":"setup_method_fixture","time":{"start":1709859702289,"stop":1709859712516,"duration":10227},"status":"broken","statusMessage":"selenium.common.exceptions.TimeoutException: Message: \nStacktrace:\n#0 0x55a7a9157e93 <unknown>\n#1 0x55a7a8e4fce6 <unknown>\n#2 0x55a7a8e9ae48 <unknown>\n#3 0x55a7a8e9af01 <unknown>\n#4 0x55a7a8ede3f4 <unknown>\n#5 0x55a7a8ebcedd <unknown>\n#6 0x55a7a8edb899 <unknown>\n#7 0x55a7a8ebcc53 <unknown>\n#8 0x55a7a8e8ddb3 <unknown>\n#9 0x55a7a8e8e77e <unknown>\n#10 0x55a7a911d7cb <unknown>\n#11 0x55a7a91217e5 <unknown>\n#12 0x55a7a910b0e1 <unknown>\n#13 0x55a7a9122372 <unknown>\n#14 0x55a7a90ef1bf <unknown>\n#15 0x55a7a9146488 <unknown>\n#16 0x55a7a9146683 <unknown>\n#17 0x55a7a9157044 <unknown>\n#18 0x7f892b494ac3 <unknown>\n\n","statusTrace":"  File \"/home/runner/work/kisangateway-test/kisangateway-test/.venv/lib/python3.11/site-packages/pluggy/_callers.py\", line 80, in _multicall\n    res = hook_impl.function(*args)\n          ^^^^^^^^^^^^^^^^^^^^^^^^^\n  File \"/home/runner/work/kisangateway-test/kisangateway-test/.venv/lib/python3.11/site-packages/_pytest/fixtures.py\", line 1123, in pytest_fixture_setup\n    result = call_fixture_func(fixturefunc, request, kwargs)\n             ^^^^^^^^^^^^^^^^^^^^^^^^^^^^^^^^^^^^^^^^^^^^^^^\n  File \"/home/runner/work/kisangateway-test/kisangateway-test/.venv/lib/python3.11/site-packages/_pytest/fixtures.py\", line 902, in call_fixture_func\n    fixture_result = fixturefunc(**kwargs)\n                     ^^^^^^^^^^^^^^^^^^^^^\n  File \"/home/runner/work/kisangateway-test/kisangateway-test/tests/test_workspaces.py\", line 23, in setup_method_fixture\n    login(secret_data, self.about_page, self.login_page)\n  File \"/home/runner/work/kisangateway-test/kisangateway-test/tests/test_workspaces.py\", line 13, in login\n    about_page.click_login_link()\n  File \"/home/runner/work/kisangateway-test/kisangateway-test/.venv/lib/python3.11/site-packages/allure_commons/_allure.py\", line 192, in impl\n    return func(*a, **kw)\n           ^^^^^^^^^^^^^^\n  File \"/home/runner/work/kisangateway-test/kisangateway-test/pages/about_page.py\", line 20, in click_login_link\n    self.click(self.LOGIN_LINK)\n  File \"/home/runner/work/kisangateway-test/kisangateway-test/pages/base_page.py\", line 38, in click\n    el: WebElement = self.wait.until(\n                     ^^^^^^^^^^^^^^^^\n  File \"/home/runner/work/kisangateway-test/kisangateway-test/.venv/lib/python3.11/site-packages/selenium/webdriver/support/wait.py\", line 95, in until\n    raise TimeoutException(message, screen, stacktrace)\n","steps":[{"name":"Click Login link","time":{"start":1709859702289,"stop":1709859712515,"duration":10226},"status":"broken","statusMessage":"selenium.common.exceptions.TimeoutException: Message: \nStacktrace:\n#0 0x55a7a9157e93 <unknown>\n#1 0x55a7a8e4fce6 <unknown>\n#2 0x55a7a8e9ae48 <unknown>\n#3 0x55a7a8e9af01 <unknown>\n#4 0x55a7a8ede3f4 <unknown>\n#5 0x55a7a8ebcedd <unknown>\n#6 0x55a7a8edb899 <unknown>\n#7 0x55a7a8ebcc53 <unknown>\n#8 0x55a7a8e8ddb3 <unknown>\n#9 0x55a7a8e8e77e <unknown>\n#10 0x55a7a911d7cb <unknown>\n#11 0x55a7a91217e5 <unknown>\n#12 0x55a7a910b0e1 <unknown>\n#13 0x55a7a9122372 <unknown>\n#14 0x55a7a90ef1bf <unknown>\n#15 0x55a7a9146488 <unknown>\n#16 0x55a7a9146683 <unknown>\n#17 0x55a7a9157044 <unknown>\n#18 0x7f892b494ac3 <unknown>\n\n","statusTrace":"  File \"/home/runner/work/kisangateway-test/kisangateway-test/.venv/lib/python3.11/site-packages/allure_commons/_allure.py\", line 192, in impl\n    return func(*a, **kw)\n           ^^^^^^^^^^^^^^\n  File \"/home/runner/work/kisangateway-test/kisangateway-test/pages/about_page.py\", line 20, in click_login_link\n    self.click(self.LOGIN_LINK)\n  File \"/home/runner/work/kisangateway-test/kisangateway-test/pages/base_page.py\", line 38, in click\n    el: WebElement = self.wait.until(\n                     ^^^^^^^^^^^^^^^^\n  File \"/home/runner/work/kisangateway-test/kisangateway-test/.venv/lib/python3.11/site-packages/selenium/webdriver/support/wait.py\", line 95, in until\n    raise TimeoutException(message, screen, stacktrace)\n","steps":[],"attachments":[],"parameters":[],"shouldDisplayMessage":true,"stepsCount":0,"attachmentsCount":0,"hasContent":true,"attachmentStep":false}],"attachments":[],"parameters":[],"shouldDisplayMessage":false,"stepsCount":1,"attachmentsCount":0,"hasContent":true,"attachmentStep":false}],"testStage":{"description":"Search for a non existing project","status":"broken","statusMessage":"selenium.common.exceptions.TimeoutException: Message: \nStacktrace:\n#0 0x55a7a9157e93 <unknown>\n#1 0x55a7a8e4fce6 <unknown>\n#2 0x55a7a8e9ae48 <unknown>\n#3 0x55a7a8e9af01 <unknown>\n#4 0x55a7a8ede3f4 <unknown>\n#5 0x55a7a8ebcedd <unknown>\n#6 0x55a7a8edb899 <unknown>\n#7 0x55a7a8ebcc53 <unknown>\n#8 0x55a7a8e8ddb3 <unknown>\n#9 0x55a7a8e8e77e <unknown>\n#10 0x55a7a911d7cb <unknown>\n#11 0x55a7a91217e5 <unknown>\n#12 0x55a7a910b0e1 <unknown>\n#13 0x55a7a9122372 <unknown>\n#14 0x55a7a90ef1bf <unknown>\n#15 0x55a7a9146488 <unknown>\n#16 0x55a7a9146683 <unknown>\n#17 0x55a7a9157044 <unknown>\n#18 0x7f892b494ac3 <unknown>","statusTrace":"self = <tests.test_workspaces.TestWorkspaces object at 0x7fabf1ce1a10>\nsecret_data = {'email': '', 'password': ''}\n\n    @pytest.fixture(autouse=True)\n    def setup_method_fixture(self, secret_data: dict):\n>       login(secret_data, self.about_page, self.login_page)\n\ntests/test_workspaces.py:23: \n_ _ _ _ _ _ _ _ _ _ _ _ _ _ _ _ _ _ _ _ _ _ _ _ _ _ _ _ _ _ _ _ _ _ _ _ _ _ _ _ \ntests/test_workspaces.py:13: in login\n    about_page.click_login_link()\npages/about_page.py:20: in click_login_link\n    self.click(self.LOGIN_LINK)\npages/base_page.py:38: in click\n    el: WebElement = self.wait.until(\n_ _ _ _ _ _ _ _ _ _ _ _ _ _ _ _ _ _ _ _ _ _ _ _ _ _ _ _ _ _ _ _ _ _ _ _ _ _ _ _ \n\nself = <selenium.webdriver.support.wait.WebDriverWait (session=\"4c30e4c5cd1ab25f817706d1bc159dae\")>\nmethod = <function element_to_be_clickable.<locals>._predicate at 0x7fabf19ca7a0>\nmessage = ''\n\n    def until(self, method, message: str = \"\"):\n        \"\"\"Calls the method provided with the driver as an argument until the \\\n        return value does not evaluate to ``False``.\n    \n        :param method: callable(WebDriver)\n        :param message: optional message for :exc:`TimeoutException`\n        :returns: the result of the last call to `method`\n        :raises: :exc:`selenium.common.exceptions.TimeoutException` if timeout occurs\n        \"\"\"\n        screen = None\n        stacktrace = None\n    \n        end_time = time.monotonic() + self._timeout\n        while True:\n            try:\n                value = method(self._driver)\n                if value:\n                    return value\n            except self._ignored_exceptions as exc:\n                screen = getattr(exc, \"screen\", None)\n                stacktrace = getattr(exc, \"stacktrace\", None)\n            time.sleep(self._poll)\n            if time.monotonic() > end_time:\n                break\n>       raise TimeoutException(message, screen, stacktrace)\nE       selenium.common.exceptions.TimeoutException: Message: \nE       Stacktrace:\nE       #0 0x55a7a9157e93 <unknown>\nE       #1 0x55a7a8e4fce6 <unknown>\nE       #2 0x55a7a8e9ae48 <unknown>\nE       #3 0x55a7a8e9af01 <unknown>\nE       #4 0x55a7a8ede3f4 <unknown>\nE       #5 0x55a7a8ebcedd <unknown>\nE       #6 0x55a7a8edb899 <unknown>\nE       #7 0x55a7a8ebcc53 <unknown>\nE       #8 0x55a7a8e8ddb3 <unknown>\nE       #9 0x55a7a8e8e77e <unknown>\nE       #10 0x55a7a911d7cb <unknown>\nE       #11 0x55a7a91217e5 <unknown>\nE       #12 0x55a7a910b0e1 <unknown>\nE       #13 0x55a7a9122372 <unknown>\nE       #14 0x55a7a90ef1bf <unknown>\nE       #15 0x55a7a9146488 <unknown>\nE       #16 0x55a7a9146683 <unknown>\nE       #17 0x55a7a9157044 <unknown>\nE       #18 0x7f892b494ac3 <unknown>\n\n.venv/lib/python3.11/site-packages/selenium/webdriver/support/wait.py:95: TimeoutException","steps":[],"attachments":[{"uid":"83d5f780badea000","name":"public ip address","source":"83d5f780badea000.txt","type":"text/plain","size":13},{"uid":"14e7ea61cabe4d73","name":"Cookies","source":"14e7ea61cabe4d73.json","type":"application/json","size":526},{"uid":"4a5f3c79843377f6","name":"Session Storage","source":"4a5f3c79843377f6.json","type":"application/json","size":2},{"uid":"454b1be893f44973","name":"Local Storage","source":"454b1be893f44973.json","type":"application/json","size":77},{"uid":"4170f17c9ed7136e","name":"Console Logs","source":"4170f17c9ed7136e.json","type":"application/json","size":310},{"uid":"601e9cea6973d0e4","name":"Full Page Screenshot","source":"601e9cea6973d0e4.png","type":"image/png","size":2477225},{"uid":"9a98921d7183b88f","name":"URL","source":"9a98921d7183b88f.uri","type":"text/uri-list","size":25},{"uid":"4e70bcfc8f28d21c","name":"Network Logs","source":"4e70bcfc8f28d21c.json","type":"application/json","size":1285360}],"parameters":[],"shouldDisplayMessage":true,"stepsCount":0,"attachmentsCount":8,"hasContent":true,"attachmentStep":false},"afterStages":[],"labels":[{"name":"story","value":"WorkSpaces Creation and Editing Functionality"},{"name":"severity","value":"normal"},{"name":"epic","value":"Workspaces"},{"name":"tag","value":"run(order=7)"},{"name":"parentSuite","value":"tests"},{"name":"suite","value":"test_workspaces"},{"name":"subSuite","value":"TestWorkspaces"},{"name":"host","value":"fv-az1024-904"},{"name":"thread","value":"2215-MainThread"},{"name":"framework","value":"pytest"},{"name":"language","value":"cpython3"},{"name":"package","value":"tests.test_workspaces"},{"name":"resultFormat","value":"allure2"}],"parameters":[],"links":[],"hidden":false,"retry":false,"extra":{"severity":"normal","retries":[],"categories":[{"name":"Test defects","matchedStatuses":[],"flaky":false}],"tags":["run(order=7)"]},"source":"1f363d0e6920d903.json","parameterValues":[]}