{"uid":"753a61a696718b05","name":"Add project to workspace test","fullName":"tests.test_workspaces.TestWorkspaces#test_add_project_to_workspace","historyId":"fc6ee288c49142976b6c23b6071583ec","time":{"start":1695430793258,"stop":1695430793258,"duration":0},"description":"Selecting and adding a project to workspace","descriptionHtml":"<p>Selecting and adding a project to workspace</p>\n","status":"broken","statusMessage":"selenium.common.exceptions.TimeoutException: Message: \nStacktrace:\n#0 0x560df6d766c3 <unknown>\n#1 0x560df6a4c1e7 <unknown>\n#2 0x560df6a93566 <unknown>\n#3 0x560df6a93651 <unknown>\n#4 0x560df6ad0a74 <unknown>\n#5 0x560df6ab50ed <unknown>\n#6 0x560df6ace322 <unknown>\n#7 0x560df6ab4e93 <unknown>\n#8 0x560df6a87934 <unknown>\n#9 0x560df6a8871e <unknown>\n#10 0x560df6d3bcc8 <unknown>\n#11 0x560df6d3fc00 <unknown>\n#12 0x560df6d4a1ac <unknown>\n#13 0x560df6d40818 <unknown>\n#14 0x560df6d0d28f <unknown>\n#15 0x560df6d64e98 <unknown>\n#16 0x560df6d65069 <unknown>\n#17 0x560df6d75853 <unknown>\n#18 0x7f7f13294b43 <unknown>","statusTrace":"self = <tests.test_workspaces.TestWorkspaces object at 0x7f6ed837fd10>\nsecret_data = {'email': '', 'password': ''}\n\n    @pytest.fixture(autouse=True)\n    def setup_method_fixture(self, secret_data: dict):\n>       login(secret_data, self.about_page, self.login_page)\n\ntests/test_workspaces.py:23: \n_ _ _ _ _ _ _ _ _ _ _ _ _ _ _ _ _ _ _ _ _ _ _ _ _ _ _ _ _ _ _ _ _ _ _ _ _ _ _ _ \ntests/test_workspaces.py:13: in login\n    about_page.click_login_link()\npages/about_page.py:20: in click_login_link\n    self.click(self.LOGIN_LINK)\npages/base_page.py:38: in click\n    el: WebElement = self.wait.until(\n_ _ _ _ _ _ _ _ _ _ _ _ _ _ _ _ _ _ _ _ _ _ _ _ _ _ _ _ _ _ _ _ _ _ _ _ _ _ _ _ \n\nself = <selenium.webdriver.support.wait.WebDriverWait (session=\"6d3da550ff8b26c0df1b257fb3edf558\")>\nmethod = <function element_to_be_clickable.<locals>._predicate at 0x7f6ed81211c0>\nmessage = ''\n\n    def until(self, method, message: str = \"\"):\n        \"\"\"Calls the method provided with the driver as an argument until the \\\n        return value does not evaluate to ``False``.\n    \n        :param method: callable(WebDriver)\n        :param message: optional message for :exc:`TimeoutException`\n        :returns: the result of the last call to `method`\n        :raises: :exc:`selenium.common.exceptions.TimeoutException` if timeout occurs\n        \"\"\"\n        screen = None\n        stacktrace = None\n    \n        end_time = time.monotonic() + self._timeout\n        while True:\n            try:\n                value = method(self._driver)\n                if value:\n                    return value\n            except self._ignored_exceptions as exc:\n                screen = getattr(exc, \"screen\", None)\n                stacktrace = getattr(exc, \"stacktrace\", None)\n            time.sleep(self._poll)\n            if time.monotonic() > end_time:\n                break\n>       raise TimeoutException(message, screen, stacktrace)\nE       selenium.common.exceptions.TimeoutException: Message: \nE       Stacktrace:\nE       #0 0x560df6d766c3 <unknown>\nE       #1 0x560df6a4c1e7 <unknown>\nE       #2 0x560df6a93566 <unknown>\nE       #3 0x560df6a93651 <unknown>\nE       #4 0x560df6ad0a74 <unknown>\nE       #5 0x560df6ab50ed <unknown>\nE       #6 0x560df6ace322 <unknown>\nE       #7 0x560df6ab4e93 <unknown>\nE       #8 0x560df6a87934 <unknown>\nE       #9 0x560df6a8871e <unknown>\nE       #10 0x560df6d3bcc8 <unknown>\nE       #11 0x560df6d3fc00 <unknown>\nE       #12 0x560df6d4a1ac <unknown>\nE       #13 0x560df6d40818 <unknown>\nE       #14 0x560df6d0d28f <unknown>\nE       #15 0x560df6d64e98 <unknown>\nE       #16 0x560df6d65069 <unknown>\nE       #17 0x560df6d75853 <unknown>\nE       #18 0x7f7f13294b43 <unknown>\n\n.venv/lib/python3.11/site-packages/selenium/webdriver/support/wait.py:95: TimeoutException","flaky":false,"newFailed":false,"newBroken":false,"newPassed":false,"retriesCount":0,"retriesStatusChange":false,"beforeStages":[{"name":"base_url","time":{"start":1695430690734,"stop":1695430690734,"duration":0},"status":"passed","steps":[],"attachments":[],"parameters":[],"shouldDisplayMessage":false,"stepsCount":0,"attachmentsCount":0,"hasContent":false},{"name":"json_data","time":{"start":1695430690734,"stop":1695430690735,"duration":1},"status":"passed","steps":[],"attachments":[],"parameters":[],"shouldDisplayMessage":false,"stepsCount":0,"attachmentsCount":0,"hasContent":false},{"name":"_verify_url","time":{"start":1695430690734,"stop":1695430690734,"duration":0},"status":"passed","steps":[],"attachments":[],"parameters":[],"shouldDisplayMessage":false,"stepsCount":0,"attachmentsCount":0,"hasContent":false},{"name":"secret_data","time":{"start":1695430690734,"stop":1695430690734,"duration":0},"status":"passed","steps":[],"attachments":[],"parameters":[],"shouldDisplayMessage":false,"stepsCount":0,"attachmentsCount":0,"hasContent":false},{"name":"setup_method_fixture","time":{"start":1695430794520,"stop":1695430804915,"duration":10395},"status":"broken","statusMessage":"selenium.common.exceptions.TimeoutException: Message: \nStacktrace:\n#0 0x560df6d766c3 <unknown>\n#1 0x560df6a4c1e7 <unknown>\n#2 0x560df6a93566 <unknown>\n#3 0x560df6a93651 <unknown>\n#4 0x560df6ad0a74 <unknown>\n#5 0x560df6ab50ed <unknown>\n#6 0x560df6ace322 <unknown>\n#7 0x560df6ab4e93 <unknown>\n#8 0x560df6a87934 <unknown>\n#9 0x560df6a8871e <unknown>\n#10 0x560df6d3bcc8 <unknown>\n#11 0x560df6d3fc00 <unknown>\n#12 0x560df6d4a1ac <unknown>\n#13 0x560df6d40818 <unknown>\n#14 0x560df6d0d28f <unknown>\n#15 0x560df6d64e98 <unknown>\n#16 0x560df6d65069 <unknown>\n#17 0x560df6d75853 <unknown>\n#18 0x7f7f13294b43 <unknown>\n\n","statusTrace":"  File \"/home/runner/work/kisangateway-test/kisangateway-test/.venv/lib/python3.11/site-packages/pluggy/_callers.py\", line 80, in _multicall\n    res = hook_impl.function(*args)\n          ^^^^^^^^^^^^^^^^^^^^^^^^^\n  File \"/home/runner/work/kisangateway-test/kisangateway-test/.venv/lib/python3.11/site-packages/_pytest/fixtures.py\", line 1123, in pytest_fixture_setup\n    result = call_fixture_func(fixturefunc, request, kwargs)\n             ^^^^^^^^^^^^^^^^^^^^^^^^^^^^^^^^^^^^^^^^^^^^^^^\n  File \"/home/runner/work/kisangateway-test/kisangateway-test/.venv/lib/python3.11/site-packages/_pytest/fixtures.py\", line 902, in call_fixture_func\n    fixture_result = fixturefunc(**kwargs)\n                     ^^^^^^^^^^^^^^^^^^^^^\n  File \"/home/runner/work/kisangateway-test/kisangateway-test/tests/test_workspaces.py\", line 23, in setup_method_fixture\n    login(secret_data, self.about_page, self.login_page)\n  File \"/home/runner/work/kisangateway-test/kisangateway-test/tests/test_workspaces.py\", line 13, in login\n    about_page.click_login_link()\n  File \"/home/runner/work/kisangateway-test/kisangateway-test/.venv/lib/python3.11/site-packages/allure_commons/_allure.py\", line 192, in impl\n    return func(*a, **kw)\n           ^^^^^^^^^^^^^^\n  File \"/home/runner/work/kisangateway-test/kisangateway-test/pages/about_page.py\", line 20, in click_login_link\n    self.click(self.LOGIN_LINK)\n  File \"/home/runner/work/kisangateway-test/kisangateway-test/pages/base_page.py\", line 38, in click\n    el: WebElement = self.wait.until(\n                     ^^^^^^^^^^^^^^^^\n  File \"/home/runner/work/kisangateway-test/kisangateway-test/.venv/lib/python3.11/site-packages/selenium/webdriver/support/wait.py\", line 95, in until\n    raise TimeoutException(message, screen, stacktrace)\n","steps":[{"name":"Click Login link","time":{"start":1695430794520,"stop":1695430804914,"duration":10394},"status":"broken","statusMessage":"selenium.common.exceptions.TimeoutException: Message: \nStacktrace:\n#0 0x560df6d766c3 <unknown>\n#1 0x560df6a4c1e7 <unknown>\n#2 0x560df6a93566 <unknown>\n#3 0x560df6a93651 <unknown>\n#4 0x560df6ad0a74 <unknown>\n#5 0x560df6ab50ed <unknown>\n#6 0x560df6ace322 <unknown>\n#7 0x560df6ab4e93 <unknown>\n#8 0x560df6a87934 <unknown>\n#9 0x560df6a8871e <unknown>\n#10 0x560df6d3bcc8 <unknown>\n#11 0x560df6d3fc00 <unknown>\n#12 0x560df6d4a1ac <unknown>\n#13 0x560df6d40818 <unknown>\n#14 0x560df6d0d28f <unknown>\n#15 0x560df6d64e98 <unknown>\n#16 0x560df6d65069 <unknown>\n#17 0x560df6d75853 <unknown>\n#18 0x7f7f13294b43 <unknown>\n\n","statusTrace":"  File \"/home/runner/work/kisangateway-test/kisangateway-test/.venv/lib/python3.11/site-packages/allure_commons/_allure.py\", line 192, in impl\n    return func(*a, **kw)\n           ^^^^^^^^^^^^^^\n  File \"/home/runner/work/kisangateway-test/kisangateway-test/pages/about_page.py\", line 20, in click_login_link\n    self.click(self.LOGIN_LINK)\n  File \"/home/runner/work/kisangateway-test/kisangateway-test/pages/base_page.py\", line 38, in click\n    el: WebElement = self.wait.until(\n                     ^^^^^^^^^^^^^^^^\n  File \"/home/runner/work/kisangateway-test/kisangateway-test/.venv/lib/python3.11/site-packages/selenium/webdriver/support/wait.py\", line 95, in until\n    raise TimeoutException(message, screen, stacktrace)\n","steps":[],"attachments":[],"parameters":[],"shouldDisplayMessage":true,"stepsCount":0,"attachmentsCount":0,"hasContent":true}],"attachments":[],"parameters":[],"shouldDisplayMessage":false,"stepsCount":1,"attachmentsCount":0,"hasContent":true}],"testStage":{"description":"Selecting and adding a project to workspace","status":"broken","statusMessage":"selenium.common.exceptions.TimeoutException: Message: \nStacktrace:\n#0 0x560df6d766c3 <unknown>\n#1 0x560df6a4c1e7 <unknown>\n#2 0x560df6a93566 <unknown>\n#3 0x560df6a93651 <unknown>\n#4 0x560df6ad0a74 <unknown>\n#5 0x560df6ab50ed <unknown>\n#6 0x560df6ace322 <unknown>\n#7 0x560df6ab4e93 <unknown>\n#8 0x560df6a87934 <unknown>\n#9 0x560df6a8871e <unknown>\n#10 0x560df6d3bcc8 <unknown>\n#11 0x560df6d3fc00 <unknown>\n#12 0x560df6d4a1ac <unknown>\n#13 0x560df6d40818 <unknown>\n#14 0x560df6d0d28f <unknown>\n#15 0x560df6d64e98 <unknown>\n#16 0x560df6d65069 <unknown>\n#17 0x560df6d75853 <unknown>\n#18 0x7f7f13294b43 <unknown>","statusTrace":"self = <tests.test_workspaces.TestWorkspaces object at 0x7f6ed837fd10>\nsecret_data = {'email': '', 'password': ''}\n\n    @pytest.fixture(autouse=True)\n    def setup_method_fixture(self, secret_data: dict):\n>       login(secret_data, self.about_page, self.login_page)\n\ntests/test_workspaces.py:23: \n_ _ _ _ _ _ _ _ _ _ _ _ _ _ _ _ _ _ _ _ _ _ _ _ _ _ _ _ _ _ _ _ _ _ _ _ _ _ _ _ \ntests/test_workspaces.py:13: in login\n    about_page.click_login_link()\npages/about_page.py:20: in click_login_link\n    self.click(self.LOGIN_LINK)\npages/base_page.py:38: in click\n    el: WebElement = self.wait.until(\n_ _ _ _ _ _ _ _ _ _ _ _ _ _ _ _ _ _ _ _ _ _ _ _ _ _ _ _ _ _ _ _ _ _ _ _ _ _ _ _ \n\nself = <selenium.webdriver.support.wait.WebDriverWait (session=\"6d3da550ff8b26c0df1b257fb3edf558\")>\nmethod = <function element_to_be_clickable.<locals>._predicate at 0x7f6ed81211c0>\nmessage = ''\n\n    def until(self, method, message: str = \"\"):\n        \"\"\"Calls the method provided with the driver as an argument until the \\\n        return value does not evaluate to ``False``.\n    \n        :param method: callable(WebDriver)\n        :param message: optional message for :exc:`TimeoutException`\n        :returns: the result of the last call to `method`\n        :raises: :exc:`selenium.common.exceptions.TimeoutException` if timeout occurs\n        \"\"\"\n        screen = None\n        stacktrace = None\n    \n        end_time = time.monotonic() + self._timeout\n        while True:\n            try:\n                value = method(self._driver)\n                if value:\n                    return value\n            except self._ignored_exceptions as exc:\n                screen = getattr(exc, \"screen\", None)\n                stacktrace = getattr(exc, \"stacktrace\", None)\n            time.sleep(self._poll)\n            if time.monotonic() > end_time:\n                break\n>       raise TimeoutException(message, screen, stacktrace)\nE       selenium.common.exceptions.TimeoutException: Message: \nE       Stacktrace:\nE       #0 0x560df6d766c3 <unknown>\nE       #1 0x560df6a4c1e7 <unknown>\nE       #2 0x560df6a93566 <unknown>\nE       #3 0x560df6a93651 <unknown>\nE       #4 0x560df6ad0a74 <unknown>\nE       #5 0x560df6ab50ed <unknown>\nE       #6 0x560df6ace322 <unknown>\nE       #7 0x560df6ab4e93 <unknown>\nE       #8 0x560df6a87934 <unknown>\nE       #9 0x560df6a8871e <unknown>\nE       #10 0x560df6d3bcc8 <unknown>\nE       #11 0x560df6d3fc00 <unknown>\nE       #12 0x560df6d4a1ac <unknown>\nE       #13 0x560df6d40818 <unknown>\nE       #14 0x560df6d0d28f <unknown>\nE       #15 0x560df6d64e98 <unknown>\nE       #16 0x560df6d65069 <unknown>\nE       #17 0x560df6d75853 <unknown>\nE       #18 0x7f7f13294b43 <unknown>\n\n.venv/lib/python3.11/site-packages/selenium/webdriver/support/wait.py:95: TimeoutException","steps":[],"attachments":[{"uid":"eabed293b178cb7e","name":"public ip address","source":"eabed293b178cb7e.txt","type":"text/plain","size":14},{"uid":"47dafb04b617000a","name":"Cookies","source":"47dafb04b617000a.json","type":"application/json","size":2},{"uid":"aeea1581a37e6055","name":"Session Storage","source":"aeea1581a37e6055.json","type":"application/json","size":2},{"uid":"951d3b0f62259ba4","name":"Local Storage","source":"951d3b0f62259ba4.json","type":"application/json","size":2},{"uid":"1b3528019c760bf1","name":"Console Logs","source":"1b3528019c760bf1.json","type":"application/json","size":2},{"uid":"5956f597fc3f11b0","name":"Full Page Screenshot","source":"5956f597fc3f11b0.png","type":"image/png","size":1543603},{"uid":"ae01ecd0279ec7dd","name":"URL","source":"ae01ecd0279ec7dd.uri","type":"text/uri-list","size":25},{"uid":"ef3f30296e50d273","name":"Network Logs","source":"ef3f30296e50d273.json","type":"application/json","size":2}],"parameters":[],"shouldDisplayMessage":true,"stepsCount":0,"attachmentsCount":8,"hasContent":true},"afterStages":[],"labels":[{"name":"story","value":"WorkSpaces Creation and Editing Functionality"},{"name":"epic","value":"Workspaces"},{"name":"severity","value":"normal"},{"name":"tag","value":"run(order=5)"},{"name":"parentSuite","value":"tests"},{"name":"suite","value":"test_workspaces"},{"name":"subSuite","value":"TestWorkspaces"},{"name":"host","value":"fv-az563-422"},{"name":"thread","value":"2084-MainThread"},{"name":"framework","value":"pytest"},{"name":"language","value":"cpython3"},{"name":"package","value":"tests.test_workspaces"},{"name":"resultFormat","value":"allure2"}],"parameters":[],"links":[],"hidden":false,"retry":false,"extra":{"severity":"normal","retries":[],"categories":[{"name":"Test defects","matchedStatuses":[],"flaky":false}],"tags":["run(order=5)"]},"source":"753a61a696718b05.json","parameterValues":[]}