{"uid":"aae33b266ace1111","name":"Login with valid credentials test","fullName":"tests.test_login.TestLogin#test_valid_login","historyId":"e7f254b9bfd5f2bc8d4a1ffa6dc7aebb","time":{"start":1695430690735,"stop":1695430701023,"duration":10288},"description":"valid login","descriptionHtml":"<p>valid login</p>\n","status":"broken","statusMessage":"selenium.common.exceptions.TimeoutException: Message: \nStacktrace:\n#0 0x55f036e1c6c3 <unknown>\n#1 0x55f036af21e7 <unknown>\n#2 0x55f036b39566 <unknown>\n#3 0x55f036b39651 <unknown>\n#4 0x55f036b76a74 <unknown>\n#5 0x55f036b5b0ed <unknown>\n#6 0x55f036b74322 <unknown>\n#7 0x55f036b5ae93 <unknown>\n#8 0x55f036b2d934 <unknown>\n#9 0x55f036b2e71e <unknown>\n#10 0x55f036de1cc8 <unknown>\n#11 0x55f036de5c00 <unknown>\n#12 0x55f036df01ac <unknown>\n#13 0x55f036de6818 <unknown>\n#14 0x55f036db328f <unknown>\n#15 0x55f036e0ae98 <unknown>\n#16 0x55f036e0b069 <unknown>\n#17 0x55f036e1b853 <unknown>\n#18 0x7f3cb7694b43 <unknown>","statusTrace":"self = <tests.test_login.TestLogin object at 0x7f6ed8349d50>\nsecret_data = {'email': '', 'password': ''}\njson_data = {'forgot_password': {'error_message': \"We can't find a user with that e-mail address.\", 'success_message': 'A reset li...you page', 'name': 'test', 'new_name': 'another test', 'no_project_found_msg': 'No project matches the criteria', ...}}\n\n    @allure.description(\"valid login\")\n    @allure.title(\"Login with valid credentials test\")\n    @allure.tag(\"Tagged test\")\n    @pytest.mark.run(order=1)\n    def test_valid_login(self, secret_data: dict, json_data: dict):\n>       self.about_page.click_login_link()\n\ntests/test_login.py:39: \n_ _ _ _ _ _ _ _ _ _ _ _ _ _ _ _ _ _ _ _ _ _ _ _ _ _ _ _ _ _ _ _ _ _ _ _ _ _ _ _ \npages/about_page.py:20: in click_login_link\n    self.click(self.LOGIN_LINK)\npages/base_page.py:38: in click\n    el: WebElement = self.wait.until(\n_ _ _ _ _ _ _ _ _ _ _ _ _ _ _ _ _ _ _ _ _ _ _ _ _ _ _ _ _ _ _ _ _ _ _ _ _ _ _ _ \n\nself = <selenium.webdriver.support.wait.WebDriverWait (session=\"62666584a536f1bb59d40b25a935f190\")>\nmethod = <function element_to_be_clickable.<locals>._predicate at 0x7f6ed8395300>\nmessage = ''\n\n    def until(self, method, message: str = \"\"):\n        \"\"\"Calls the method provided with the driver as an argument until the \\\n        return value does not evaluate to ``False``.\n    \n        :param method: callable(WebDriver)\n        :param message: optional message for :exc:`TimeoutException`\n        :returns: the result of the last call to `method`\n        :raises: :exc:`selenium.common.exceptions.TimeoutException` if timeout occurs\n        \"\"\"\n        screen = None\n        stacktrace = None\n    \n        end_time = time.monotonic() + self._timeout\n        while True:\n            try:\n                value = method(self._driver)\n                if value:\n                    return value\n            except self._ignored_exceptions as exc:\n                screen = getattr(exc, \"screen\", None)\n                stacktrace = getattr(exc, \"stacktrace\", None)\n            time.sleep(self._poll)\n            if time.monotonic() > end_time:\n                break\n>       raise TimeoutException(message, screen, stacktrace)\nE       selenium.common.exceptions.TimeoutException: Message: \nE       Stacktrace:\nE       #0 0x55f036e1c6c3 <unknown>\nE       #1 0x55f036af21e7 <unknown>\nE       #2 0x55f036b39566 <unknown>\nE       #3 0x55f036b39651 <unknown>\nE       #4 0x55f036b76a74 <unknown>\nE       #5 0x55f036b5b0ed <unknown>\nE       #6 0x55f036b74322 <unknown>\nE       #7 0x55f036b5ae93 <unknown>\nE       #8 0x55f036b2d934 <unknown>\nE       #9 0x55f036b2e71e <unknown>\nE       #10 0x55f036de1cc8 <unknown>\nE       #11 0x55f036de5c00 <unknown>\nE       #12 0x55f036df01ac <unknown>\nE       #13 0x55f036de6818 <unknown>\nE       #14 0x55f036db328f <unknown>\nE       #15 0x55f036e0ae98 <unknown>\nE       #16 0x55f036e0b069 <unknown>\nE       #17 0x55f036e1b853 <unknown>\nE       #18 0x7f3cb7694b43 <unknown>\n\n.venv/lib/python3.11/site-packages/selenium/webdriver/support/wait.py:95: TimeoutException","flaky":false,"newFailed":false,"newBroken":false,"newPassed":false,"retriesCount":0,"retriesStatusChange":false,"beforeStages":[{"name":"base_url","time":{"start":1695430690734,"stop":1695430690734,"duration":0},"status":"passed","steps":[],"attachments":[],"parameters":[],"shouldDisplayMessage":false,"stepsCount":0,"attachmentsCount":0,"hasContent":false},{"name":"json_data","time":{"start":1695430690734,"stop":1695430690735,"duration":1},"status":"passed","steps":[],"attachments":[],"parameters":[],"shouldDisplayMessage":false,"stepsCount":0,"attachmentsCount":0,"hasContent":false},{"name":"_verify_url","time":{"start":1695430690734,"stop":1695430690734,"duration":0},"status":"passed","steps":[],"attachments":[],"parameters":[],"shouldDisplayMessage":false,"stepsCount":0,"attachmentsCount":0,"hasContent":false},{"name":"secret_data","time":{"start":1695430690734,"stop":1695430690734,"duration":0},"status":"passed","steps":[],"attachments":[],"parameters":[],"shouldDisplayMessage":false,"stepsCount":0,"attachmentsCount":0,"hasContent":false}],"testStage":{"description":"valid login","status":"broken","statusMessage":"selenium.common.exceptions.TimeoutException: Message: \nStacktrace:\n#0 0x55f036e1c6c3 <unknown>\n#1 0x55f036af21e7 <unknown>\n#2 0x55f036b39566 <unknown>\n#3 0x55f036b39651 <unknown>\n#4 0x55f036b76a74 <unknown>\n#5 0x55f036b5b0ed <unknown>\n#6 0x55f036b74322 <unknown>\n#7 0x55f036b5ae93 <unknown>\n#8 0x55f036b2d934 <unknown>\n#9 0x55f036b2e71e <unknown>\n#10 0x55f036de1cc8 <unknown>\n#11 0x55f036de5c00 <unknown>\n#12 0x55f036df01ac <unknown>\n#13 0x55f036de6818 <unknown>\n#14 0x55f036db328f <unknown>\n#15 0x55f036e0ae98 <unknown>\n#16 0x55f036e0b069 <unknown>\n#17 0x55f036e1b853 <unknown>\n#18 0x7f3cb7694b43 <unknown>","statusTrace":"self = <tests.test_login.TestLogin object at 0x7f6ed8349d50>\nsecret_data = {'email': '', 'password': ''}\njson_data = {'forgot_password': {'error_message': \"We can't find a user with that e-mail address.\", 'success_message': 'A reset li...you page', 'name': 'test', 'new_name': 'another test', 'no_project_found_msg': 'No project matches the criteria', ...}}\n\n    @allure.description(\"valid login\")\n    @allure.title(\"Login with valid credentials test\")\n    @allure.tag(\"Tagged test\")\n    @pytest.mark.run(order=1)\n    def test_valid_login(self, secret_data: dict, json_data: dict):\n>       self.about_page.click_login_link()\n\ntests/test_login.py:39: \n_ _ _ _ _ _ _ _ _ _ _ _ _ _ _ _ _ _ _ _ _ _ _ _ _ _ _ _ _ _ _ _ _ _ _ _ _ _ _ _ \npages/about_page.py:20: in click_login_link\n    self.click(self.LOGIN_LINK)\npages/base_page.py:38: in click\n    el: WebElement = self.wait.until(\n_ _ _ _ _ _ _ _ _ _ _ _ _ _ _ _ _ _ _ _ _ _ _ _ _ _ _ _ _ _ _ _ _ _ _ _ _ _ _ _ \n\nself = <selenium.webdriver.support.wait.WebDriverWait (session=\"62666584a536f1bb59d40b25a935f190\")>\nmethod = <function element_to_be_clickable.<locals>._predicate at 0x7f6ed8395300>\nmessage = ''\n\n    def until(self, method, message: str = \"\"):\n        \"\"\"Calls the method provided with the driver as an argument until the \\\n        return value does not evaluate to ``False``.\n    \n        :param method: callable(WebDriver)\n        :param message: optional message for :exc:`TimeoutException`\n        :returns: the result of the last call to `method`\n        :raises: :exc:`selenium.common.exceptions.TimeoutException` if timeout occurs\n        \"\"\"\n        screen = None\n        stacktrace = None\n    \n        end_time = time.monotonic() + self._timeout\n        while True:\n            try:\n                value = method(self._driver)\n                if value:\n                    return value\n            except self._ignored_exceptions as exc:\n                screen = getattr(exc, \"screen\", None)\n                stacktrace = getattr(exc, \"stacktrace\", None)\n            time.sleep(self._poll)\n            if time.monotonic() > end_time:\n                break\n>       raise TimeoutException(message, screen, stacktrace)\nE       selenium.common.exceptions.TimeoutException: Message: \nE       Stacktrace:\nE       #0 0x55f036e1c6c3 <unknown>\nE       #1 0x55f036af21e7 <unknown>\nE       #2 0x55f036b39566 <unknown>\nE       #3 0x55f036b39651 <unknown>\nE       #4 0x55f036b76a74 <unknown>\nE       #5 0x55f036b5b0ed <unknown>\nE       #6 0x55f036b74322 <unknown>\nE       #7 0x55f036b5ae93 <unknown>\nE       #8 0x55f036b2d934 <unknown>\nE       #9 0x55f036b2e71e <unknown>\nE       #10 0x55f036de1cc8 <unknown>\nE       #11 0x55f036de5c00 <unknown>\nE       #12 0x55f036df01ac <unknown>\nE       #13 0x55f036de6818 <unknown>\nE       #14 0x55f036db328f <unknown>\nE       #15 0x55f036e0ae98 <unknown>\nE       #16 0x55f036e0b069 <unknown>\nE       #17 0x55f036e1b853 <unknown>\nE       #18 0x7f3cb7694b43 <unknown>\n\n.venv/lib/python3.11/site-packages/selenium/webdriver/support/wait.py:95: TimeoutException","steps":[{"name":"Click Login link","time":{"start":1695430690735,"stop":1695430701022,"duration":10287},"status":"broken","statusMessage":"selenium.common.exceptions.TimeoutException: Message: \nStacktrace:\n#0 0x55f036e1c6c3 <unknown>\n#1 0x55f036af21e7 <unknown>\n#2 0x55f036b39566 <unknown>\n#3 0x55f036b39651 <unknown>\n#4 0x55f036b76a74 <unknown>\n#5 0x55f036b5b0ed <unknown>\n#6 0x55f036b74322 <unknown>\n#7 0x55f036b5ae93 <unknown>\n#8 0x55f036b2d934 <unknown>\n#9 0x55f036b2e71e <unknown>\n#10 0x55f036de1cc8 <unknown>\n#11 0x55f036de5c00 <unknown>\n#12 0x55f036df01ac <unknown>\n#13 0x55f036de6818 <unknown>\n#14 0x55f036db328f <unknown>\n#15 0x55f036e0ae98 <unknown>\n#16 0x55f036e0b069 <unknown>\n#17 0x55f036e1b853 <unknown>\n#18 0x7f3cb7694b43 <unknown>\n\n","statusTrace":"  File \"/home/runner/work/kisangateway-test/kisangateway-test/.venv/lib/python3.11/site-packages/allure_commons/_allure.py\", line 192, in impl\n    return func(*a, **kw)\n           ^^^^^^^^^^^^^^\n  File \"/home/runner/work/kisangateway-test/kisangateway-test/pages/about_page.py\", line 20, in click_login_link\n    self.click(self.LOGIN_LINK)\n  File \"/home/runner/work/kisangateway-test/kisangateway-test/pages/base_page.py\", line 38, in click\n    el: WebElement = self.wait.until(\n                     ^^^^^^^^^^^^^^^^\n  File \"/home/runner/work/kisangateway-test/kisangateway-test/.venv/lib/python3.11/site-packages/selenium/webdriver/support/wait.py\", line 95, in until\n    raise TimeoutException(message, screen, stacktrace)\n","steps":[],"attachments":[],"parameters":[],"shouldDisplayMessage":true,"stepsCount":0,"attachmentsCount":0,"hasContent":true}],"attachments":[{"uid":"9589160c88d52c6f","name":"public ip address","source":"9589160c88d52c6f.txt","type":"text/plain","size":14},{"uid":"e87594e43159c7f3","name":"Cookies","source":"e87594e43159c7f3.json","type":"application/json","size":2},{"uid":"d0d9ec12d5c06a47","name":"Session Storage","source":"d0d9ec12d5c06a47.json","type":"application/json","size":2},{"uid":"646dbaee4e3b21ef","name":"Local Storage","source":"646dbaee4e3b21ef.json","type":"application/json","size":2},{"uid":"c02f9f988b687a0b","name":"Console Logs","source":"c02f9f988b687a0b.json","type":"application/json","size":2},{"uid":"7203f60d2939172a","name":"Full Page Screenshot","source":"7203f60d2939172a.png","type":"image/png","size":1543603},{"uid":"1f51b03ecda25e3","name":"URL","source":"1f51b03ecda25e3.uri","type":"text/uri-list","size":25},{"uid":"f7deb3a014cbf2e","name":"Network Logs","source":"f7deb3a014cbf2e.json","type":"application/json","size":2}],"parameters":[],"shouldDisplayMessage":true,"stepsCount":1,"attachmentsCount":8,"hasContent":true},"afterStages":[],"labels":[{"name":"tag","value":"Tagged test"},{"name":"feature","value":"Login"},{"name":"severity","value":"blocker"},{"name":"epic","value":"Security"},{"name":"tag","value":"run(order=1)"},{"name":"tag","value":"security"},{"name":"parentSuite","value":"tests"},{"name":"suite","value":"test_login"},{"name":"subSuite","value":"TestLogin"},{"name":"host","value":"fv-az563-422"},{"name":"thread","value":"2084-MainThread"},{"name":"framework","value":"pytest"},{"name":"language","value":"cpython3"},{"name":"package","value":"tests.test_login"},{"name":"resultFormat","value":"allure2"}],"parameters":[],"links":[],"hidden":false,"retry":false,"extra":{"severity":"blocker","retries":[],"categories":[{"name":"Test defects","matchedStatuses":[],"flaky":false}],"tags":["security","Tagged test","run(order=1)"]},"source":"aae33b266ace1111.json","parameterValues":[]}