{"uid":"e9e2b3be2e00179","name":"Forgot Password with invalid email test","fullName":"tests.test_forgot_password.TestForgotPassword#test_invalid_email","historyId":"3743e16c5d15da2a1434ee4e2dd39a43","time":{"start":1695430871657,"stop":1695430882105,"duration":10448},"description":"Forgot Password with invalid email address","descriptionHtml":"<p>Forgot Password with invalid email address</p>\n","status":"broken","statusMessage":"selenium.common.exceptions.TimeoutException: Message: \nStacktrace:\n#0 0x5612782116c3 <unknown>\n#1 0x561277ee71e7 <unknown>\n#2 0x561277f2e566 <unknown>\n#3 0x561277f2e651 <unknown>\n#4 0x561277f6ba74 <unknown>\n#5 0x561277f500ed <unknown>\n#6 0x561277f69322 <unknown>\n#7 0x561277f4fe93 <unknown>\n#8 0x561277f22934 <unknown>\n#9 0x561277f2371e <unknown>\n#10 0x5612781d6cc8 <unknown>\n#11 0x5612781dac00 <unknown>\n#12 0x5612781e51ac <unknown>\n#13 0x5612781db818 <unknown>\n#14 0x5612781a828f <unknown>\n#15 0x5612781ffe98 <unknown>\n#16 0x561278200069 <unknown>\n#17 0x561278210853 <unknown>\n#18 0x7fb601294b43 <unknown>","statusTrace":"self = <tests.test_forgot_password.TestForgotPassword object at 0x7f6ed83169d0>\nexcel_reader = <utils.excel_parser.ExcelParser object at 0x7f6ed829ce90>\njson_data = {'forgot_password': {'error_message': \"We can't find a user with that e-mail address.\", 'success_message': 'A reset li...you page', 'name': 'test', 'new_name': 'another test', 'no_project_found_msg': 'No project matches the criteria', ...}}\n\n    @allure.description(\"Forgot Password with invalid email address\")\n    @allure.title(\"Forgot Password with invalid email test\")\n    def test_invalid_email(self, excel_reader, json_data: dict):\n        emails = excel_reader.read_from_excel(\"Emails\")\n>       self.about_page.click_login_link()\n\ntests/test_forgot_password.py:31: \n_ _ _ _ _ _ _ _ _ _ _ _ _ _ _ _ _ _ _ _ _ _ _ _ _ _ _ _ _ _ _ _ _ _ _ _ _ _ _ _ \npages/about_page.py:20: in click_login_link\n    self.click(self.LOGIN_LINK)\npages/base_page.py:38: in click\n    el: WebElement = self.wait.until(\n_ _ _ _ _ _ _ _ _ _ _ _ _ _ _ _ _ _ _ _ _ _ _ _ _ _ _ _ _ _ _ _ _ _ _ _ _ _ _ _ \n\nself = <selenium.webdriver.support.wait.WebDriverWait (session=\"f4bbe1acb6dd80a428db22442637c3cc\")>\nmethod = <function element_to_be_clickable.<locals>._predicate at 0x7f6ed81763e0>\nmessage = ''\n\n    def until(self, method, message: str = \"\"):\n        \"\"\"Calls the method provided with the driver as an argument until the \\\n        return value does not evaluate to ``False``.\n    \n        :param method: callable(WebDriver)\n        :param message: optional message for :exc:`TimeoutException`\n        :returns: the result of the last call to `method`\n        :raises: :exc:`selenium.common.exceptions.TimeoutException` if timeout occurs\n        \"\"\"\n        screen = None\n        stacktrace = None\n    \n        end_time = time.monotonic() + self._timeout\n        while True:\n            try:\n                value = method(self._driver)\n                if value:\n                    return value\n            except self._ignored_exceptions as exc:\n                screen = getattr(exc, \"screen\", None)\n                stacktrace = getattr(exc, \"stacktrace\", None)\n            time.sleep(self._poll)\n            if time.monotonic() > end_time:\n                break\n>       raise TimeoutException(message, screen, stacktrace)\nE       selenium.common.exceptions.TimeoutException: Message: \nE       Stacktrace:\nE       #0 0x5612782116c3 <unknown>\nE       #1 0x561277ee71e7 <unknown>\nE       #2 0x561277f2e566 <unknown>\nE       #3 0x561277f2e651 <unknown>\nE       #4 0x561277f6ba74 <unknown>\nE       #5 0x561277f500ed <unknown>\nE       #6 0x561277f69322 <unknown>\nE       #7 0x561277f4fe93 <unknown>\nE       #8 0x561277f22934 <unknown>\nE       #9 0x561277f2371e <unknown>\nE       #10 0x5612781d6cc8 <unknown>\nE       #11 0x5612781dac00 <unknown>\nE       #12 0x5612781e51ac <unknown>\nE       #13 0x5612781db818 <unknown>\nE       #14 0x5612781a828f <unknown>\nE       #15 0x5612781ffe98 <unknown>\nE       #16 0x561278200069 <unknown>\nE       #17 0x561278210853 <unknown>\nE       #18 0x7fb601294b43 <unknown>\n\n.venv/lib/python3.11/site-packages/selenium/webdriver/support/wait.py:95: TimeoutException","flaky":false,"newFailed":false,"newBroken":false,"newPassed":false,"retriesCount":0,"retriesStatusChange":false,"beforeStages":[{"name":"base_url","time":{"start":1695430690734,"stop":1695430690734,"duration":0},"status":"passed","steps":[],"attachments":[],"parameters":[],"shouldDisplayMessage":false,"stepsCount":0,"attachmentsCount":0,"hasContent":false},{"name":"json_data","time":{"start":1695430690734,"stop":1695430690735,"duration":1},"status":"passed","steps":[],"attachments":[],"parameters":[],"shouldDisplayMessage":false,"stepsCount":0,"attachmentsCount":0,"hasContent":false},{"name":"_verify_url","time":{"start":1695430690734,"stop":1695430690734,"duration":0},"status":"passed","steps":[],"attachments":[],"parameters":[],"shouldDisplayMessage":false,"stepsCount":0,"attachmentsCount":0,"hasContent":false},{"name":"excel_reader","time":{"start":1695430871656,"stop":1695430871656,"duration":0},"status":"passed","steps":[],"attachments":[],"parameters":[],"shouldDisplayMessage":false,"stepsCount":0,"attachmentsCount":0,"hasContent":false}],"testStage":{"description":"Forgot Password with invalid email address","status":"broken","statusMessage":"selenium.common.exceptions.TimeoutException: Message: \nStacktrace:\n#0 0x5612782116c3 <unknown>\n#1 0x561277ee71e7 <unknown>\n#2 0x561277f2e566 <unknown>\n#3 0x561277f2e651 <unknown>\n#4 0x561277f6ba74 <unknown>\n#5 0x561277f500ed <unknown>\n#6 0x561277f69322 <unknown>\n#7 0x561277f4fe93 <unknown>\n#8 0x561277f22934 <unknown>\n#9 0x561277f2371e <unknown>\n#10 0x5612781d6cc8 <unknown>\n#11 0x5612781dac00 <unknown>\n#12 0x5612781e51ac <unknown>\n#13 0x5612781db818 <unknown>\n#14 0x5612781a828f <unknown>\n#15 0x5612781ffe98 <unknown>\n#16 0x561278200069 <unknown>\n#17 0x561278210853 <unknown>\n#18 0x7fb601294b43 <unknown>","statusTrace":"self = <tests.test_forgot_password.TestForgotPassword object at 0x7f6ed83169d0>\nexcel_reader = <utils.excel_parser.ExcelParser object at 0x7f6ed829ce90>\njson_data = {'forgot_password': {'error_message': \"We can't find a user with that e-mail address.\", 'success_message': 'A reset li...you page', 'name': 'test', 'new_name': 'another test', 'no_project_found_msg': 'No project matches the criteria', ...}}\n\n    @allure.description(\"Forgot Password with invalid email address\")\n    @allure.title(\"Forgot Password with invalid email test\")\n    def test_invalid_email(self, excel_reader, json_data: dict):\n        emails = excel_reader.read_from_excel(\"Emails\")\n>       self.about_page.click_login_link()\n\ntests/test_forgot_password.py:31: \n_ _ _ _ _ _ _ _ _ _ _ _ _ _ _ _ _ _ _ _ _ _ _ _ _ _ _ _ _ _ _ _ _ _ _ _ _ _ _ _ \npages/about_page.py:20: in click_login_link\n    self.click(self.LOGIN_LINK)\npages/base_page.py:38: in click\n    el: WebElement = self.wait.until(\n_ _ _ _ _ _ _ _ _ _ _ _ _ _ _ _ _ _ _ _ _ _ _ _ _ _ _ _ _ _ _ _ _ _ _ _ _ _ _ _ \n\nself = <selenium.webdriver.support.wait.WebDriverWait (session=\"f4bbe1acb6dd80a428db22442637c3cc\")>\nmethod = <function element_to_be_clickable.<locals>._predicate at 0x7f6ed81763e0>\nmessage = ''\n\n    def until(self, method, message: str = \"\"):\n        \"\"\"Calls the method provided with the driver as an argument until the \\\n        return value does not evaluate to ``False``.\n    \n        :param method: callable(WebDriver)\n        :param message: optional message for :exc:`TimeoutException`\n        :returns: the result of the last call to `method`\n        :raises: :exc:`selenium.common.exceptions.TimeoutException` if timeout occurs\n        \"\"\"\n        screen = None\n        stacktrace = None\n    \n        end_time = time.monotonic() + self._timeout\n        while True:\n            try:\n                value = method(self._driver)\n                if value:\n                    return value\n            except self._ignored_exceptions as exc:\n                screen = getattr(exc, \"screen\", None)\n                stacktrace = getattr(exc, \"stacktrace\", None)\n            time.sleep(self._poll)\n            if time.monotonic() > end_time:\n                break\n>       raise TimeoutException(message, screen, stacktrace)\nE       selenium.common.exceptions.TimeoutException: Message: \nE       Stacktrace:\nE       #0 0x5612782116c3 <unknown>\nE       #1 0x561277ee71e7 <unknown>\nE       #2 0x561277f2e566 <unknown>\nE       #3 0x561277f2e651 <unknown>\nE       #4 0x561277f6ba74 <unknown>\nE       #5 0x561277f500ed <unknown>\nE       #6 0x561277f69322 <unknown>\nE       #7 0x561277f4fe93 <unknown>\nE       #8 0x561277f22934 <unknown>\nE       #9 0x561277f2371e <unknown>\nE       #10 0x5612781d6cc8 <unknown>\nE       #11 0x5612781dac00 <unknown>\nE       #12 0x5612781e51ac <unknown>\nE       #13 0x5612781db818 <unknown>\nE       #14 0x5612781a828f <unknown>\nE       #15 0x5612781ffe98 <unknown>\nE       #16 0x561278200069 <unknown>\nE       #17 0x561278210853 <unknown>\nE       #18 0x7fb601294b43 <unknown>\n\n.venv/lib/python3.11/site-packages/selenium/webdriver/support/wait.py:95: TimeoutException","steps":[{"name":"Click Login link","time":{"start":1695430871679,"stop":1695430882105,"duration":10426},"status":"broken","statusMessage":"selenium.common.exceptions.TimeoutException: Message: \nStacktrace:\n#0 0x5612782116c3 <unknown>\n#1 0x561277ee71e7 <unknown>\n#2 0x561277f2e566 <unknown>\n#3 0x561277f2e651 <unknown>\n#4 0x561277f6ba74 <unknown>\n#5 0x561277f500ed <unknown>\n#6 0x561277f69322 <unknown>\n#7 0x561277f4fe93 <unknown>\n#8 0x561277f22934 <unknown>\n#9 0x561277f2371e <unknown>\n#10 0x5612781d6cc8 <unknown>\n#11 0x5612781dac00 <unknown>\n#12 0x5612781e51ac <unknown>\n#13 0x5612781db818 <unknown>\n#14 0x5612781a828f <unknown>\n#15 0x5612781ffe98 <unknown>\n#16 0x561278200069 <unknown>\n#17 0x561278210853 <unknown>\n#18 0x7fb601294b43 <unknown>\n\n","statusTrace":"  File \"/home/runner/work/kisangateway-test/kisangateway-test/.venv/lib/python3.11/site-packages/allure_commons/_allure.py\", line 192, in impl\n    return func(*a, **kw)\n           ^^^^^^^^^^^^^^\n  File \"/home/runner/work/kisangateway-test/kisangateway-test/pages/about_page.py\", line 20, in click_login_link\n    self.click(self.LOGIN_LINK)\n  File \"/home/runner/work/kisangateway-test/kisangateway-test/pages/base_page.py\", line 38, in click\n    el: WebElement = self.wait.until(\n                     ^^^^^^^^^^^^^^^^\n  File \"/home/runner/work/kisangateway-test/kisangateway-test/.venv/lib/python3.11/site-packages/selenium/webdriver/support/wait.py\", line 95, in until\n    raise TimeoutException(message, screen, stacktrace)\n","steps":[],"attachments":[],"parameters":[],"shouldDisplayMessage":true,"stepsCount":0,"attachmentsCount":0,"hasContent":true}],"attachments":[{"uid":"e3b988e69fe99338","name":"public ip address","source":"e3b988e69fe99338.txt","type":"text/plain","size":14},{"uid":"1a4d53def31fabe4","name":"Cookies","source":"1a4d53def31fabe4.json","type":"application/json","size":2},{"uid":"fa16f70bdd474f5f","name":"Session Storage","source":"fa16f70bdd474f5f.json","type":"application/json","size":2},{"uid":"dfe51a3ffd82e3d3","name":"Local Storage","source":"dfe51a3ffd82e3d3.json","type":"application/json","size":2},{"uid":"7cb8099950e2fb56","name":"Console Logs","source":"7cb8099950e2fb56.json","type":"application/json","size":2},{"uid":"39fb159272cb9df6","name":"Full Page Screenshot","source":"39fb159272cb9df6.png","type":"image/png","size":1543603},{"uid":"5d2aca6f07ae767c","name":"URL","source":"5d2aca6f07ae767c.uri","type":"text/uri-list","size":25},{"uid":"b32255a65d6e1b0e","name":"Network Logs","source":"b32255a65d6e1b0e.json","type":"application/json","size":2}],"parameters":[],"shouldDisplayMessage":true,"stepsCount":1,"attachmentsCount":8,"hasContent":true},"afterStages":[],"labels":[{"name":"story","value":"Forgot Password Feature's Functionality"},{"name":"epic","value":"Security"},{"name":"parentSuite","value":"Custom parent suite"},{"name":"suite","value":"Custom suite"},{"name":"subSuite","value":"Custom sub suite"},{"name":"severity","value":"critical"},{"name":"tag","value":"security"},{"name":"host","value":"fv-az563-422"},{"name":"thread","value":"2084-MainThread"},{"name":"framework","value":"pytest"},{"name":"language","value":"cpython3"},{"name":"package","value":"tests.test_forgot_password"},{"name":"resultFormat","value":"allure2"}],"parameters":[],"links":[],"hidden":false,"retry":false,"extra":{"severity":"critical","retries":[],"categories":[{"name":"Test defects","matchedStatuses":[],"flaky":false}],"tags":["security"]},"source":"e9e2b3be2e00179.json","parameterValues":[]}