{"uid":"a10c6f3509ef2a3a","name":"Number of projects displayed in page test","fullName":"tests.test_workspaces.TestWorkspaces#test_number_of_existing_projects","historyId":"ff3981f856ce65274378063348b0abd4","time":{"start":1698109342910,"stop":1698109342910,"duration":0},"description":"Compare between the actual number of projects seen on page and the number shown in workspaces block","descriptionHtml":"<p>Compare between the actual number of projects seen on page and the number shown in workspaces block</p>\n","status":"broken","statusMessage":"selenium.common.exceptions.TimeoutException: Message: \nStacktrace:\n#0 0x564660a2efb3 <unknown>\n#1 0x5646607024a7 <unknown>\n#2 0x564660749dd6 <unknown>\n#3 0x564660749ec1 <unknown>\n#4 0x564660787354 <unknown>\n#5 0x56466076b96d <unknown>\n#6 0x564660784c02 <unknown>\n#7 0x56466076b713 <unknown>\n#8 0x56466073e18b <unknown>\n#9 0x56466073ef7e <unknown>\n#10 0x5646609f48d8 <unknown>\n#11 0x5646609f8800 <unknown>\n#12 0x564660a02cfc <unknown>\n#13 0x5646609f9418 <unknown>\n#14 0x5646609c642f <unknown>\n#15 0x564660a1d4e8 <unknown>\n#16 0x564660a1d6b4 <unknown>\n#17 0x564660a2e143 <unknown>\n#18 0x7f09b4894ac3 <unknown>","statusTrace":"self = <tests.test_workspaces.TestWorkspaces object at 0x7f913c307bd0>\nsecret_data = {'email': '', 'password': ''}\n\n    @pytest.fixture(autouse=True)\n    def setup_method_fixture(self, secret_data: dict):\n>       login(secret_data, self.about_page, self.login_page)\n\ntests/test_workspaces.py:23: \n_ _ _ _ _ _ _ _ _ _ _ _ _ _ _ _ _ _ _ _ _ _ _ _ _ _ _ _ _ _ _ _ _ _ _ _ _ _ _ _ \ntests/test_workspaces.py:13: in login\n    about_page.click_login_link()\npages/about_page.py:20: in click_login_link\n    self.click(self.LOGIN_LINK)\npages/base_page.py:38: in click\n    el: WebElement = self.wait.until(\n_ _ _ _ _ _ _ _ _ _ _ _ _ _ _ _ _ _ _ _ _ _ _ _ _ _ _ _ _ _ _ _ _ _ _ _ _ _ _ _ \n\nself = <selenium.webdriver.support.wait.WebDriverWait (session=\"70ab1f3414577c3c3bda1e074a395b32\")>\nmethod = <function element_to_be_clickable.<locals>._predicate at 0x7f913c042480>\nmessage = ''\n\n    def until(self, method, message: str = \"\"):\n        \"\"\"Calls the method provided with the driver as an argument until the \\\n        return value does not evaluate to ``False``.\n    \n        :param method: callable(WebDriver)\n        :param message: optional message for :exc:`TimeoutException`\n        :returns: the result of the last call to `method`\n        :raises: :exc:`selenium.common.exceptions.TimeoutException` if timeout occurs\n        \"\"\"\n        screen = None\n        stacktrace = None\n    \n        end_time = time.monotonic() + self._timeout\n        while True:\n            try:\n                value = method(self._driver)\n                if value:\n                    return value\n            except self._ignored_exceptions as exc:\n                screen = getattr(exc, \"screen\", None)\n                stacktrace = getattr(exc, \"stacktrace\", None)\n            time.sleep(self._poll)\n            if time.monotonic() > end_time:\n                break\n>       raise TimeoutException(message, screen, stacktrace)\nE       selenium.common.exceptions.TimeoutException: Message: \nE       Stacktrace:\nE       #0 0x564660a2efb3 <unknown>\nE       #1 0x5646607024a7 <unknown>\nE       #2 0x564660749dd6 <unknown>\nE       #3 0x564660749ec1 <unknown>\nE       #4 0x564660787354 <unknown>\nE       #5 0x56466076b96d <unknown>\nE       #6 0x564660784c02 <unknown>\nE       #7 0x56466076b713 <unknown>\nE       #8 0x56466073e18b <unknown>\nE       #9 0x56466073ef7e <unknown>\nE       #10 0x5646609f48d8 <unknown>\nE       #11 0x5646609f8800 <unknown>\nE       #12 0x564660a02cfc <unknown>\nE       #13 0x5646609f9418 <unknown>\nE       #14 0x5646609c642f <unknown>\nE       #15 0x564660a1d4e8 <unknown>\nE       #16 0x564660a1d6b4 <unknown>\nE       #17 0x564660a2e143 <unknown>\nE       #18 0x7f09b4894ac3 <unknown>\n\n.venv/lib/python3.11/site-packages/selenium/webdriver/support/wait.py:95: TimeoutException","flaky":false,"newFailed":false,"newBroken":false,"newPassed":false,"retriesCount":0,"retriesStatusChange":false,"beforeStages":[{"name":"secret_data","time":{"start":1698109249715,"stop":1698109249716,"duration":1},"status":"passed","steps":[],"attachments":[],"parameters":[],"stepsCount":0,"attachmentsCount":0,"hasContent":false,"shouldDisplayMessage":false},{"name":"_verify_url","time":{"start":1698109249715,"stop":1698109249715,"duration":0},"status":"passed","steps":[],"attachments":[],"parameters":[],"stepsCount":0,"attachmentsCount":0,"hasContent":false,"shouldDisplayMessage":false},{"name":"base_url","time":{"start":1698109249715,"stop":1698109249715,"duration":0},"status":"passed","steps":[],"attachments":[],"parameters":[],"stepsCount":0,"attachmentsCount":0,"hasContent":false,"shouldDisplayMessage":false},{"name":"setup_method_fixture","time":{"start":1698109344329,"stop":1698109354686,"duration":10357},"status":"broken","statusMessage":"selenium.common.exceptions.TimeoutException: Message: \nStacktrace:\n#0 0x564660a2efb3 <unknown>\n#1 0x5646607024a7 <unknown>\n#2 0x564660749dd6 <unknown>\n#3 0x564660749ec1 <unknown>\n#4 0x564660787354 <unknown>\n#5 0x56466076b96d <unknown>\n#6 0x564660784c02 <unknown>\n#7 0x56466076b713 <unknown>\n#8 0x56466073e18b <unknown>\n#9 0x56466073ef7e <unknown>\n#10 0x5646609f48d8 <unknown>\n#11 0x5646609f8800 <unknown>\n#12 0x564660a02cfc <unknown>\n#13 0x5646609f9418 <unknown>\n#14 0x5646609c642f <unknown>\n#15 0x564660a1d4e8 <unknown>\n#16 0x564660a1d6b4 <unknown>\n#17 0x564660a2e143 <unknown>\n#18 0x7f09b4894ac3 <unknown>\n\n","statusTrace":"  File \"/home/runner/work/kisangateway-test/kisangateway-test/.venv/lib/python3.11/site-packages/pluggy/_callers.py\", line 80, in _multicall\n    res = hook_impl.function(*args)\n          ^^^^^^^^^^^^^^^^^^^^^^^^^\n  File \"/home/runner/work/kisangateway-test/kisangateway-test/.venv/lib/python3.11/site-packages/_pytest/fixtures.py\", line 1123, in pytest_fixture_setup\n    result = call_fixture_func(fixturefunc, request, kwargs)\n             ^^^^^^^^^^^^^^^^^^^^^^^^^^^^^^^^^^^^^^^^^^^^^^^\n  File \"/home/runner/work/kisangateway-test/kisangateway-test/.venv/lib/python3.11/site-packages/_pytest/fixtures.py\", line 902, in call_fixture_func\n    fixture_result = fixturefunc(**kwargs)\n                     ^^^^^^^^^^^^^^^^^^^^^\n  File \"/home/runner/work/kisangateway-test/kisangateway-test/tests/test_workspaces.py\", line 23, in setup_method_fixture\n    login(secret_data, self.about_page, self.login_page)\n  File \"/home/runner/work/kisangateway-test/kisangateway-test/tests/test_workspaces.py\", line 13, in login\n    about_page.click_login_link()\n  File \"/home/runner/work/kisangateway-test/kisangateway-test/.venv/lib/python3.11/site-packages/allure_commons/_allure.py\", line 192, in impl\n    return func(*a, **kw)\n           ^^^^^^^^^^^^^^\n  File \"/home/runner/work/kisangateway-test/kisangateway-test/pages/about_page.py\", line 20, in click_login_link\n    self.click(self.LOGIN_LINK)\n  File \"/home/runner/work/kisangateway-test/kisangateway-test/pages/base_page.py\", line 38, in click\n    el: WebElement = self.wait.until(\n                     ^^^^^^^^^^^^^^^^\n  File \"/home/runner/work/kisangateway-test/kisangateway-test/.venv/lib/python3.11/site-packages/selenium/webdriver/support/wait.py\", line 95, in until\n    raise TimeoutException(message, screen, stacktrace)\n","steps":[{"name":"Click Login link","time":{"start":1698109344329,"stop":1698109354685,"duration":10356},"status":"broken","statusMessage":"selenium.common.exceptions.TimeoutException: Message: \nStacktrace:\n#0 0x564660a2efb3 <unknown>\n#1 0x5646607024a7 <unknown>\n#2 0x564660749dd6 <unknown>\n#3 0x564660749ec1 <unknown>\n#4 0x564660787354 <unknown>\n#5 0x56466076b96d <unknown>\n#6 0x564660784c02 <unknown>\n#7 0x56466076b713 <unknown>\n#8 0x56466073e18b <unknown>\n#9 0x56466073ef7e <unknown>\n#10 0x5646609f48d8 <unknown>\n#11 0x5646609f8800 <unknown>\n#12 0x564660a02cfc <unknown>\n#13 0x5646609f9418 <unknown>\n#14 0x5646609c642f <unknown>\n#15 0x564660a1d4e8 <unknown>\n#16 0x564660a1d6b4 <unknown>\n#17 0x564660a2e143 <unknown>\n#18 0x7f09b4894ac3 <unknown>\n\n","statusTrace":"  File \"/home/runner/work/kisangateway-test/kisangateway-test/.venv/lib/python3.11/site-packages/allure_commons/_allure.py\", line 192, in impl\n    return func(*a, **kw)\n           ^^^^^^^^^^^^^^\n  File \"/home/runner/work/kisangateway-test/kisangateway-test/pages/about_page.py\", line 20, in click_login_link\n    self.click(self.LOGIN_LINK)\n  File \"/home/runner/work/kisangateway-test/kisangateway-test/pages/base_page.py\", line 38, in click\n    el: WebElement = self.wait.until(\n                     ^^^^^^^^^^^^^^^^\n  File \"/home/runner/work/kisangateway-test/kisangateway-test/.venv/lib/python3.11/site-packages/selenium/webdriver/support/wait.py\", line 95, in until\n    raise TimeoutException(message, screen, stacktrace)\n","steps":[],"attachments":[],"parameters":[],"stepsCount":0,"attachmentsCount":0,"hasContent":true,"shouldDisplayMessage":true}],"attachments":[],"parameters":[],"stepsCount":1,"attachmentsCount":0,"hasContent":true,"shouldDisplayMessage":false}],"testStage":{"description":"Compare between the actual number of projects seen on page and the number shown in workspaces block","status":"broken","statusMessage":"selenium.common.exceptions.TimeoutException: Message: \nStacktrace:\n#0 0x564660a2efb3 <unknown>\n#1 0x5646607024a7 <unknown>\n#2 0x564660749dd6 <unknown>\n#3 0x564660749ec1 <unknown>\n#4 0x564660787354 <unknown>\n#5 0x56466076b96d <unknown>\n#6 0x564660784c02 <unknown>\n#7 0x56466076b713 <unknown>\n#8 0x56466073e18b <unknown>\n#9 0x56466073ef7e <unknown>\n#10 0x5646609f48d8 <unknown>\n#11 0x5646609f8800 <unknown>\n#12 0x564660a02cfc <unknown>\n#13 0x5646609f9418 <unknown>\n#14 0x5646609c642f <unknown>\n#15 0x564660a1d4e8 <unknown>\n#16 0x564660a1d6b4 <unknown>\n#17 0x564660a2e143 <unknown>\n#18 0x7f09b4894ac3 <unknown>","statusTrace":"self = <tests.test_workspaces.TestWorkspaces object at 0x7f913c307bd0>\nsecret_data = {'email': '', 'password': ''}\n\n    @pytest.fixture(autouse=True)\n    def setup_method_fixture(self, secret_data: dict):\n>       login(secret_data, self.about_page, self.login_page)\n\ntests/test_workspaces.py:23: \n_ _ _ _ _ _ _ _ _ _ _ _ _ _ _ _ _ _ _ _ _ _ _ _ _ _ _ _ _ _ _ _ _ _ _ _ _ _ _ _ \ntests/test_workspaces.py:13: in login\n    about_page.click_login_link()\npages/about_page.py:20: in click_login_link\n    self.click(self.LOGIN_LINK)\npages/base_page.py:38: in click\n    el: WebElement = self.wait.until(\n_ _ _ _ _ _ _ _ _ _ _ _ _ _ _ _ _ _ _ _ _ _ _ _ _ _ _ _ _ _ _ _ _ _ _ _ _ _ _ _ \n\nself = <selenium.webdriver.support.wait.WebDriverWait (session=\"70ab1f3414577c3c3bda1e074a395b32\")>\nmethod = <function element_to_be_clickable.<locals>._predicate at 0x7f913c042480>\nmessage = ''\n\n    def until(self, method, message: str = \"\"):\n        \"\"\"Calls the method provided with the driver as an argument until the \\\n        return value does not evaluate to ``False``.\n    \n        :param method: callable(WebDriver)\n        :param message: optional message for :exc:`TimeoutException`\n        :returns: the result of the last call to `method`\n        :raises: :exc:`selenium.common.exceptions.TimeoutException` if timeout occurs\n        \"\"\"\n        screen = None\n        stacktrace = None\n    \n        end_time = time.monotonic() + self._timeout\n        while True:\n            try:\n                value = method(self._driver)\n                if value:\n                    return value\n            except self._ignored_exceptions as exc:\n                screen = getattr(exc, \"screen\", None)\n                stacktrace = getattr(exc, \"stacktrace\", None)\n            time.sleep(self._poll)\n            if time.monotonic() > end_time:\n                break\n>       raise TimeoutException(message, screen, stacktrace)\nE       selenium.common.exceptions.TimeoutException: Message: \nE       Stacktrace:\nE       #0 0x564660a2efb3 <unknown>\nE       #1 0x5646607024a7 <unknown>\nE       #2 0x564660749dd6 <unknown>\nE       #3 0x564660749ec1 <unknown>\nE       #4 0x564660787354 <unknown>\nE       #5 0x56466076b96d <unknown>\nE       #6 0x564660784c02 <unknown>\nE       #7 0x56466076b713 <unknown>\nE       #8 0x56466073e18b <unknown>\nE       #9 0x56466073ef7e <unknown>\nE       #10 0x5646609f48d8 <unknown>\nE       #11 0x5646609f8800 <unknown>\nE       #12 0x564660a02cfc <unknown>\nE       #13 0x5646609f9418 <unknown>\nE       #14 0x5646609c642f <unknown>\nE       #15 0x564660a1d4e8 <unknown>\nE       #16 0x564660a1d6b4 <unknown>\nE       #17 0x564660a2e143 <unknown>\nE       #18 0x7f09b4894ac3 <unknown>\n\n.venv/lib/python3.11/site-packages/selenium/webdriver/support/wait.py:95: TimeoutException","steps":[],"attachments":[{"uid":"324ccda73f65522d","name":"public ip address","source":"324ccda73f65522d.txt","type":"text/plain","size":13},{"uid":"cb8662b804d88030","name":"Cookies","source":"cb8662b804d88030.json","type":"application/json","size":2},{"uid":"582e5a2f52aceffb","name":"Session Storage","source":"582e5a2f52aceffb.json","type":"application/json","size":2},{"uid":"5b8eb642f7463204","name":"Local Storage","source":"5b8eb642f7463204.json","type":"application/json","size":2},{"uid":"28a71d167e5775f6","name":"Console Logs","source":"28a71d167e5775f6.json","type":"application/json","size":2},{"uid":"b342a9d4761b2e06","name":"Full Page Screenshot","source":"b342a9d4761b2e06.png","type":"image/png","size":1496512},{"uid":"91fe3e7a8600e467","name":"URL","source":"91fe3e7a8600e467.uri","type":"text/uri-list","size":25},{"uid":"2ae75a499bd114e9","name":"Network Logs","source":"2ae75a499bd114e9.json","type":"application/json","size":13954}],"parameters":[],"stepsCount":0,"attachmentsCount":8,"hasContent":true,"shouldDisplayMessage":true},"afterStages":[],"labels":[{"name":"story","value":"WorkSpaces Creation and Editing Functionality"},{"name":"severity","value":"normal"},{"name":"epic","value":"Workspaces"},{"name":"tag","value":"run(order=4)"},{"name":"parentSuite","value":"tests"},{"name":"suite","value":"test_workspaces"},{"name":"subSuite","value":"TestWorkspaces"},{"name":"host","value":"fv-az1135-808"},{"name":"thread","value":"2179-MainThread"},{"name":"framework","value":"pytest"},{"name":"language","value":"cpython3"},{"name":"package","value":"tests.test_workspaces"},{"name":"resultFormat","value":"allure2"}],"parameters":[],"links":[],"hidden":false,"retry":false,"extra":{"severity":"normal","retries":[],"categories":[{"name":"Test defects","matchedStatuses":[],"flaky":false}],"tags":["run(order=4)"]},"source":"a10c6f3509ef2a3a.json","parameterValues":[]}