{"uid":"2fa9199154bcaa77","name":"Forgot Password with invalid email test","fullName":"tests.test_forgot_password.TestForgotPassword#test_invalid_email","historyId":"3743e16c5d15da2a1434ee4e2dd39a43","time":{"start":1707526900291,"stop":1707526910603,"duration":10312},"description":"Forgot Password with invalid email address","descriptionHtml":"<p>Forgot Password with invalid email address</p>\n","status":"broken","statusMessage":"selenium.common.exceptions.TimeoutException: Message: \nStacktrace:\n#0 0x56165a2a2d93 <unknown>\n#1 0x561659f86337 <unknown>\n#2 0x561659fd1d60 <unknown>\n#3 0x561659fd1e51 <unknown>\n#4 0x56165a015bc4 <unknown>\n#5 0x561659ff446d <unknown>\n#6 0x56165a01312d <unknown>\n#7 0x561659ff41e3 <unknown>\n#8 0x561659fc4135 <unknown>\n#9 0x561659fc513e <unknown>\n#10 0x56165a266e4b <unknown>\n#11 0x56165a26adfa <unknown>\n#12 0x56165a2536d5 <unknown>\n#13 0x56165a26ba6f <unknown>\n#14 0x56165a23769f <unknown>\n#15 0x56165a290098 <unknown>\n#16 0x56165a290262 <unknown>\n#17 0x56165a2a1f34 <unknown>\n#18 0x7f19bf694ac3 <unknown>","statusTrace":"self = <tests.test_forgot_password.TestForgotPassword object at 0x7f6e5b672550>\nexcel_reader = <utils.excel_parser.ExcelParser object at 0x7f6e5b1350d0>\njson_data = {'forgot_password': {'error_message': \"We can't find a user with that e-mail address.\", 'success_message': 'A reset li...you page', 'name': 'test', 'new_name': 'another test', 'no_project_found_msg': 'No project matches the criteria', ...}}\n\n    @allure.description(\"Forgot Password with invalid email address\")\n    @allure.title(\"Forgot Password with invalid email test\")\n    def test_invalid_email(self, excel_reader, json_data: dict):\n        emails = excel_reader.read_from_excel(\"Emails\")\n>       self.about_page.click_login_link()\n\ntests/test_forgot_password.py:31: \n_ _ _ _ _ _ _ _ _ _ _ _ _ _ _ _ _ _ _ _ _ _ _ _ _ _ _ _ _ _ _ _ _ _ _ _ _ _ _ _ \npages/about_page.py:20: in click_login_link\n    self.click(self.LOGIN_LINK)\npages/base_page.py:38: in click\n    el: WebElement = self.wait.until(\n_ _ _ _ _ _ _ _ _ _ _ _ _ _ _ _ _ _ _ _ _ _ _ _ _ _ _ _ _ _ _ _ _ _ _ _ _ _ _ _ \n\nself = <selenium.webdriver.support.wait.WebDriverWait (session=\"cb8bc4173cdabe7b26e3943ecac19dab\")>\nmethod = <function element_to_be_clickable.<locals>._predicate at 0x7f6e5b199a80>\nmessage = ''\n\n    def until(self, method, message: str = \"\"):\n        \"\"\"Calls the method provided with the driver as an argument until the \\\n        return value does not evaluate to ``False``.\n    \n        :param method: callable(WebDriver)\n        :param message: optional message for :exc:`TimeoutException`\n        :returns: the result of the last call to `method`\n        :raises: :exc:`selenium.common.exceptions.TimeoutException` if timeout occurs\n        \"\"\"\n        screen = None\n        stacktrace = None\n    \n        end_time = time.monotonic() + self._timeout\n        while True:\n            try:\n                value = method(self._driver)\n                if value:\n                    return value\n            except self._ignored_exceptions as exc:\n                screen = getattr(exc, \"screen\", None)\n                stacktrace = getattr(exc, \"stacktrace\", None)\n            time.sleep(self._poll)\n            if time.monotonic() > end_time:\n                break\n>       raise TimeoutException(message, screen, stacktrace)\nE       selenium.common.exceptions.TimeoutException: Message: \nE       Stacktrace:\nE       #0 0x56165a2a2d93 <unknown>\nE       #1 0x561659f86337 <unknown>\nE       #2 0x561659fd1d60 <unknown>\nE       #3 0x561659fd1e51 <unknown>\nE       #4 0x56165a015bc4 <unknown>\nE       #5 0x561659ff446d <unknown>\nE       #6 0x56165a01312d <unknown>\nE       #7 0x561659ff41e3 <unknown>\nE       #8 0x561659fc4135 <unknown>\nE       #9 0x561659fc513e <unknown>\nE       #10 0x56165a266e4b <unknown>\nE       #11 0x56165a26adfa <unknown>\nE       #12 0x56165a2536d5 <unknown>\nE       #13 0x56165a26ba6f <unknown>\nE       #14 0x56165a23769f <unknown>\nE       #15 0x56165a290098 <unknown>\nE       #16 0x56165a290262 <unknown>\nE       #17 0x56165a2a1f34 <unknown>\nE       #18 0x7f19bf694ac3 <unknown>\n\n.venv/lib/python3.11/site-packages/selenium/webdriver/support/wait.py:95: TimeoutException","flaky":false,"newFailed":false,"newBroken":false,"newPassed":false,"retriesCount":0,"retriesStatusChange":false,"beforeStages":[{"name":"base_url","time":{"start":1707526723109,"stop":1707526723109,"duration":0},"status":"passed","steps":[],"attachments":[],"parameters":[],"shouldDisplayMessage":false,"stepsCount":0,"attachmentsCount":0,"hasContent":false,"attachmentStep":false},{"name":"json_data","time":{"start":1707526723110,"stop":1707526723111,"duration":1},"status":"passed","steps":[],"attachments":[],"parameters":[],"shouldDisplayMessage":false,"stepsCount":0,"attachmentsCount":0,"hasContent":false,"attachmentStep":false},{"name":"_verify_url","time":{"start":1707526723110,"stop":1707526723110,"duration":0},"status":"passed","steps":[],"attachments":[],"parameters":[],"shouldDisplayMessage":false,"stepsCount":0,"attachmentsCount":0,"hasContent":false,"attachmentStep":false},{"name":"excel_reader","time":{"start":1707526900290,"stop":1707526900290,"duration":0},"status":"passed","steps":[],"attachments":[],"parameters":[],"shouldDisplayMessage":false,"stepsCount":0,"attachmentsCount":0,"hasContent":false,"attachmentStep":false}],"testStage":{"description":"Forgot Password with invalid email address","status":"broken","statusMessage":"selenium.common.exceptions.TimeoutException: Message: \nStacktrace:\n#0 0x56165a2a2d93 <unknown>\n#1 0x561659f86337 <unknown>\n#2 0x561659fd1d60 <unknown>\n#3 0x561659fd1e51 <unknown>\n#4 0x56165a015bc4 <unknown>\n#5 0x561659ff446d <unknown>\n#6 0x56165a01312d <unknown>\n#7 0x561659ff41e3 <unknown>\n#8 0x561659fc4135 <unknown>\n#9 0x561659fc513e <unknown>\n#10 0x56165a266e4b <unknown>\n#11 0x56165a26adfa <unknown>\n#12 0x56165a2536d5 <unknown>\n#13 0x56165a26ba6f <unknown>\n#14 0x56165a23769f <unknown>\n#15 0x56165a290098 <unknown>\n#16 0x56165a290262 <unknown>\n#17 0x56165a2a1f34 <unknown>\n#18 0x7f19bf694ac3 <unknown>","statusTrace":"self = <tests.test_forgot_password.TestForgotPassword object at 0x7f6e5b672550>\nexcel_reader = <utils.excel_parser.ExcelParser object at 0x7f6e5b1350d0>\njson_data = {'forgot_password': {'error_message': \"We can't find a user with that e-mail address.\", 'success_message': 'A reset li...you page', 'name': 'test', 'new_name': 'another test', 'no_project_found_msg': 'No project matches the criteria', ...}}\n\n    @allure.description(\"Forgot Password with invalid email address\")\n    @allure.title(\"Forgot Password with invalid email test\")\n    def test_invalid_email(self, excel_reader, json_data: dict):\n        emails = excel_reader.read_from_excel(\"Emails\")\n>       self.about_page.click_login_link()\n\ntests/test_forgot_password.py:31: \n_ _ _ _ _ _ _ _ _ _ _ _ _ _ _ _ _ _ _ _ _ _ _ _ _ _ _ _ _ _ _ _ _ _ _ _ _ _ _ _ \npages/about_page.py:20: in click_login_link\n    self.click(self.LOGIN_LINK)\npages/base_page.py:38: in click\n    el: WebElement = self.wait.until(\n_ _ _ _ _ _ _ _ _ _ _ _ _ _ _ _ _ _ _ _ _ _ _ _ _ _ _ _ _ _ _ _ _ _ _ _ _ _ _ _ \n\nself = <selenium.webdriver.support.wait.WebDriverWait (session=\"cb8bc4173cdabe7b26e3943ecac19dab\")>\nmethod = <function element_to_be_clickable.<locals>._predicate at 0x7f6e5b199a80>\nmessage = ''\n\n    def until(self, method, message: str = \"\"):\n        \"\"\"Calls the method provided with the driver as an argument until the \\\n        return value does not evaluate to ``False``.\n    \n        :param method: callable(WebDriver)\n        :param message: optional message for :exc:`TimeoutException`\n        :returns: the result of the last call to `method`\n        :raises: :exc:`selenium.common.exceptions.TimeoutException` if timeout occurs\n        \"\"\"\n        screen = None\n        stacktrace = None\n    \n        end_time = time.monotonic() + self._timeout\n        while True:\n            try:\n                value = method(self._driver)\n                if value:\n                    return value\n            except self._ignored_exceptions as exc:\n                screen = getattr(exc, \"screen\", None)\n                stacktrace = getattr(exc, \"stacktrace\", None)\n            time.sleep(self._poll)\n            if time.monotonic() > end_time:\n                break\n>       raise TimeoutException(message, screen, stacktrace)\nE       selenium.common.exceptions.TimeoutException: Message: \nE       Stacktrace:\nE       #0 0x56165a2a2d93 <unknown>\nE       #1 0x561659f86337 <unknown>\nE       #2 0x561659fd1d60 <unknown>\nE       #3 0x561659fd1e51 <unknown>\nE       #4 0x56165a015bc4 <unknown>\nE       #5 0x561659ff446d <unknown>\nE       #6 0x56165a01312d <unknown>\nE       #7 0x561659ff41e3 <unknown>\nE       #8 0x561659fc4135 <unknown>\nE       #9 0x561659fc513e <unknown>\nE       #10 0x56165a266e4b <unknown>\nE       #11 0x56165a26adfa <unknown>\nE       #12 0x56165a2536d5 <unknown>\nE       #13 0x56165a26ba6f <unknown>\nE       #14 0x56165a23769f <unknown>\nE       #15 0x56165a290098 <unknown>\nE       #16 0x56165a290262 <unknown>\nE       #17 0x56165a2a1f34 <unknown>\nE       #18 0x7f19bf694ac3 <unknown>\n\n.venv/lib/python3.11/site-packages/selenium/webdriver/support/wait.py:95: TimeoutException","steps":[{"name":"Click Login link","time":{"start":1707526900334,"stop":1707526910603,"duration":10269},"status":"broken","statusMessage":"selenium.common.exceptions.TimeoutException: Message: \nStacktrace:\n#0 0x56165a2a2d93 <unknown>\n#1 0x561659f86337 <unknown>\n#2 0x561659fd1d60 <unknown>\n#3 0x561659fd1e51 <unknown>\n#4 0x56165a015bc4 <unknown>\n#5 0x561659ff446d <unknown>\n#6 0x56165a01312d <unknown>\n#7 0x561659ff41e3 <unknown>\n#8 0x561659fc4135 <unknown>\n#9 0x561659fc513e <unknown>\n#10 0x56165a266e4b <unknown>\n#11 0x56165a26adfa <unknown>\n#12 0x56165a2536d5 <unknown>\n#13 0x56165a26ba6f <unknown>\n#14 0x56165a23769f <unknown>\n#15 0x56165a290098 <unknown>\n#16 0x56165a290262 <unknown>\n#17 0x56165a2a1f34 <unknown>\n#18 0x7f19bf694ac3 <unknown>\n\n","statusTrace":"  File \"/home/runner/work/kisangateway-test/kisangateway-test/.venv/lib/python3.11/site-packages/allure_commons/_allure.py\", line 192, in impl\n    return func(*a, **kw)\n           ^^^^^^^^^^^^^^\n  File \"/home/runner/work/kisangateway-test/kisangateway-test/pages/about_page.py\", line 20, in click_login_link\n    self.click(self.LOGIN_LINK)\n  File \"/home/runner/work/kisangateway-test/kisangateway-test/pages/base_page.py\", line 38, in click\n    el: WebElement = self.wait.until(\n                     ^^^^^^^^^^^^^^^^\n  File \"/home/runner/work/kisangateway-test/kisangateway-test/.venv/lib/python3.11/site-packages/selenium/webdriver/support/wait.py\", line 95, in until\n    raise TimeoutException(message, screen, stacktrace)\n","steps":[],"attachments":[],"parameters":[],"shouldDisplayMessage":true,"stepsCount":0,"attachmentsCount":0,"hasContent":true,"attachmentStep":false}],"attachments":[{"uid":"c1edcf17fa8ff433","name":"public ip address","source":"c1edcf17fa8ff433.txt","type":"text/plain","size":12},{"uid":"64c51aedd9272e7a","name":"Cookies","source":"64c51aedd9272e7a.json","type":"application/json","size":2},{"uid":"a014f6924f5489","name":"Session Storage","source":"a014f6924f5489.json","type":"application/json","size":2},{"uid":"542c844a60868163","name":"Local Storage","source":"542c844a60868163.json","type":"application/json","size":77},{"uid":"bc63209a2cc35279","name":"Console Logs","source":"bc63209a2cc35279.json","type":"application/json","size":599},{"uid":"2c11df565e26e216","name":"Full Page Screenshot","source":"2c11df565e26e216.png","type":"image/png","size":2477011},{"uid":"d779e46c694c4dd3","name":"URL","source":"d779e46c694c4dd3.uri","type":"text/uri-list","size":25},{"uid":"586a5cd7b4538347","name":"Network Logs","source":"586a5cd7b4538347.json","type":"application/json","size":1282524}],"parameters":[],"shouldDisplayMessage":true,"stepsCount":1,"attachmentsCount":8,"hasContent":true,"attachmentStep":false},"afterStages":[],"labels":[{"name":"severity","value":"critical"},{"name":"subSuite","value":"Custom sub suite"},{"name":"suite","value":"Custom suite"},{"name":"story","value":"Forgot Password Feature's Functionality"},{"name":"epic","value":"Security"},{"name":"parentSuite","value":"Custom parent suite"},{"name":"tag","value":"security"},{"name":"host","value":"fv-az568-332"},{"name":"thread","value":"2262-MainThread"},{"name":"framework","value":"pytest"},{"name":"language","value":"cpython3"},{"name":"package","value":"tests.test_forgot_password"},{"name":"resultFormat","value":"allure2"}],"parameters":[],"links":[],"hidden":false,"retry":false,"extra":{"severity":"critical","retries":[],"categories":[{"name":"Test defects","matchedStatuses":[],"flaky":false}],"tags":["security"]},"source":"2fa9199154bcaa77.json","parameterValues":[]}