{"uid":"6efd7200a5379dbf","name":"Logout of system test","fullName":"tests.test_login.TestLogin#test_logout","historyId":"b90200cedc51a1ecbba9a19fbdbf8893","time":{"start":1698454735809,"stop":1698454746280,"duration":10471},"description":"Log out from app","descriptionHtml":"<p>Log out from app</p>\n","status":"broken","statusMessage":"selenium.common.exceptions.TimeoutException: Message: \nStacktrace:\n#0 0x55cfe1902fb3 <unknown>\n#1 0x55cfe15d64a7 <unknown>\n#2 0x55cfe161ddd6 <unknown>\n#3 0x55cfe161dec1 <unknown>\n#4 0x55cfe165b354 <unknown>\n#5 0x55cfe163f96d <unknown>\n#6 0x55cfe1658c02 <unknown>\n#7 0x55cfe163f713 <unknown>\n#8 0x55cfe161218b <unknown>\n#9 0x55cfe1612f7e <unknown>\n#10 0x55cfe18c88d8 <unknown>\n#11 0x55cfe18cc800 <unknown>\n#12 0x55cfe18d6cfc <unknown>\n#13 0x55cfe18cd418 <unknown>\n#14 0x55cfe189a42f <unknown>\n#15 0x55cfe18f14e8 <unknown>\n#16 0x55cfe18f16b4 <unknown>\n#17 0x55cfe1902143 <unknown>\n#18 0x7ff360e94ac3 <unknown>","statusTrace":"self = <tests.test_login.TestLogin object at 0x7fe2924a1d90>\njson_data = {'forgot_password': {'error_message': \"We can't find a user with that e-mail address.\", 'success_message': 'A reset li...you page', 'name': 'test', 'new_name': 'another test', 'no_project_found_msg': 'No project matches the criteria', ...}}\nsecret_data = {'email': '', 'password': ''}\n\n    @allure.description(\"Log out from app\")\n    @allure.title(\"Logout of system test\")\n    @allure.story(\"As a user i want to be able to logout after a successful login.\")\n    @pytest.mark.run(order=2)\n    def test_logout(self, json_data: dict, secret_data: dict):\n        # example of a simple text attachment\n        allure.attach(\n            \"<h1>Example html attachment</h1>\",\n            name=\"HTML example\",\n            attachment_type=allure.attachment_type.HTML,\n        )\n        allure.attach(\n            \"Some text content\",\n            name=\"TXT example\",\n            attachment_type=allure.attachment_type.TEXT,\n        )\n        allure.attach(\n            \"first,second,third\\none,two,three\",\n            name=\"CSV example\",\n            attachment_type=allure.attachment_type.CSV,\n        )\n        allure.attach(\n            json.dumps({\"first\": 1, \"second\": 2}, indent=2),\n            name=\"JSON example\",\n            attachment_type=allure.attachment_type.JSON,\n        )\n        xml_content = \"\"\"<?xml version=\"1.0\" encoding=\"UTF-8\"?>\n            <tag>\n                 <inside>...</inside>\n             </tag>\n         \"\"\"\n        allure.attach(\n            xml_content,\n            name=\"some attachment name\",\n            attachment_type=allure.attachment_type.XML,\n        )\n        allure.attach(\n            \"\\n\".join(\n                [\n                    \"https://github.com/allure-framework\",\n                    \"https://github.com/allure-examples\",\n                ]\n            ),\n            name=\"URI List example\",\n            attachment_type=allure.attachment_type.URI_LIST,\n        )\n>       self.about_page.click_login_link()\n\ntests/test_login.py:90: \n_ _ _ _ _ _ _ _ _ _ _ _ _ _ _ _ _ _ _ _ _ _ _ _ _ _ _ _ _ _ _ _ _ _ _ _ _ _ _ _ \npages/about_page.py:20: in click_login_link\n    self.click(self.LOGIN_LINK)\npages/base_page.py:38: in click\n    el: WebElement = self.wait.until(\n_ _ _ _ _ _ _ _ _ _ _ _ _ _ _ _ _ _ _ _ _ _ _ _ _ _ _ _ _ _ _ _ _ _ _ _ _ _ _ _ \n\nself = <selenium.webdriver.support.wait.WebDriverWait (session=\"d9e5e472828f518cf24343276369917a\")>\nmethod = <function element_to_be_clickable.<locals>._predicate at 0x7fe29240e340>\nmessage = ''\n\n    def until(self, method, message: str = \"\"):\n        \"\"\"Calls the method provided with the driver as an argument until the \\\n        return value does not evaluate to ``False``.\n    \n        :param method: callable(WebDriver)\n        :param message: optional message for :exc:`TimeoutException`\n        :returns: the result of the last call to `method`\n        :raises: :exc:`selenium.common.exceptions.TimeoutException` if timeout occurs\n        \"\"\"\n        screen = None\n        stacktrace = None\n    \n        end_time = time.monotonic() + self._timeout\n        while True:\n            try:\n                value = method(self._driver)\n                if value:\n                    return value\n            except self._ignored_exceptions as exc:\n                screen = getattr(exc, \"screen\", None)\n                stacktrace = getattr(exc, \"stacktrace\", None)\n            time.sleep(self._poll)\n            if time.monotonic() > end_time:\n                break\n>       raise TimeoutException(message, screen, stacktrace)\nE       selenium.common.exceptions.TimeoutException: Message: \nE       Stacktrace:\nE       #0 0x55cfe1902fb3 <unknown>\nE       #1 0x55cfe15d64a7 <unknown>\nE       #2 0x55cfe161ddd6 <unknown>\nE       #3 0x55cfe161dec1 <unknown>\nE       #4 0x55cfe165b354 <unknown>\nE       #5 0x55cfe163f96d <unknown>\nE       #6 0x55cfe1658c02 <unknown>\nE       #7 0x55cfe163f713 <unknown>\nE       #8 0x55cfe161218b <unknown>\nE       #9 0x55cfe1612f7e <unknown>\nE       #10 0x55cfe18c88d8 <unknown>\nE       #11 0x55cfe18cc800 <unknown>\nE       #12 0x55cfe18d6cfc <unknown>\nE       #13 0x55cfe18cd418 <unknown>\nE       #14 0x55cfe189a42f <unknown>\nE       #15 0x55cfe18f14e8 <unknown>\nE       #16 0x55cfe18f16b4 <unknown>\nE       #17 0x55cfe1902143 <unknown>\nE       #18 0x7ff360e94ac3 <unknown>\n\n.venv/lib/python3.11/site-packages/selenium/webdriver/support/wait.py:95: TimeoutException","flaky":false,"newFailed":false,"newBroken":false,"newPassed":false,"retriesCount":0,"retriesStatusChange":false,"beforeStages":[{"name":"base_url","time":{"start":1698454709362,"stop":1698454709362,"duration":0},"status":"passed","steps":[],"attachments":[],"parameters":[],"shouldDisplayMessage":false,"stepsCount":0,"attachmentsCount":0,"hasContent":false},{"name":"secret_data","time":{"start":1698454709362,"stop":1698454709363,"duration":1},"status":"passed","steps":[],"attachments":[],"parameters":[],"shouldDisplayMessage":false,"stepsCount":0,"attachmentsCount":0,"hasContent":false},{"name":"_verify_url","time":{"start":1698454709362,"stop":1698454709362,"duration":0},"status":"passed","steps":[],"attachments":[],"parameters":[],"shouldDisplayMessage":false,"stepsCount":0,"attachmentsCount":0,"hasContent":false},{"name":"json_data","time":{"start":1698454709363,"stop":1698454709363,"duration":0},"status":"passed","steps":[],"attachments":[],"parameters":[],"shouldDisplayMessage":false,"stepsCount":0,"attachmentsCount":0,"hasContent":false}],"testStage":{"description":"Log out from app","status":"broken","statusMessage":"selenium.common.exceptions.TimeoutException: Message: \nStacktrace:\n#0 0x55cfe1902fb3 <unknown>\n#1 0x55cfe15d64a7 <unknown>\n#2 0x55cfe161ddd6 <unknown>\n#3 0x55cfe161dec1 <unknown>\n#4 0x55cfe165b354 <unknown>\n#5 0x55cfe163f96d <unknown>\n#6 0x55cfe1658c02 <unknown>\n#7 0x55cfe163f713 <unknown>\n#8 0x55cfe161218b <unknown>\n#9 0x55cfe1612f7e <unknown>\n#10 0x55cfe18c88d8 <unknown>\n#11 0x55cfe18cc800 <unknown>\n#12 0x55cfe18d6cfc <unknown>\n#13 0x55cfe18cd418 <unknown>\n#14 0x55cfe189a42f <unknown>\n#15 0x55cfe18f14e8 <unknown>\n#16 0x55cfe18f16b4 <unknown>\n#17 0x55cfe1902143 <unknown>\n#18 0x7ff360e94ac3 <unknown>","statusTrace":"self = <tests.test_login.TestLogin object at 0x7fe2924a1d90>\njson_data = {'forgot_password': {'error_message': \"We can't find a user with that e-mail address.\", 'success_message': 'A reset li...you page', 'name': 'test', 'new_name': 'another test', 'no_project_found_msg': 'No project matches the criteria', ...}}\nsecret_data = {'email': '', 'password': ''}\n\n    @allure.description(\"Log out from app\")\n    @allure.title(\"Logout of system test\")\n    @allure.story(\"As a user i want to be able to logout after a successful login.\")\n    @pytest.mark.run(order=2)\n    def test_logout(self, json_data: dict, secret_data: dict):\n        # example of a simple text attachment\n        allure.attach(\n            \"<h1>Example html attachment</h1>\",\n            name=\"HTML example\",\n            attachment_type=allure.attachment_type.HTML,\n        )\n        allure.attach(\n            \"Some text content\",\n            name=\"TXT example\",\n            attachment_type=allure.attachment_type.TEXT,\n        )\n        allure.attach(\n            \"first,second,third\\none,two,three\",\n            name=\"CSV example\",\n            attachment_type=allure.attachment_type.CSV,\n        )\n        allure.attach(\n            json.dumps({\"first\": 1, \"second\": 2}, indent=2),\n            name=\"JSON example\",\n            attachment_type=allure.attachment_type.JSON,\n        )\n        xml_content = \"\"\"<?xml version=\"1.0\" encoding=\"UTF-8\"?>\n            <tag>\n                 <inside>...</inside>\n             </tag>\n         \"\"\"\n        allure.attach(\n            xml_content,\n            name=\"some attachment name\",\n            attachment_type=allure.attachment_type.XML,\n        )\n        allure.attach(\n            \"\\n\".join(\n                [\n                    \"https://github.com/allure-framework\",\n                    \"https://github.com/allure-examples\",\n                ]\n            ),\n            name=\"URI List example\",\n            attachment_type=allure.attachment_type.URI_LIST,\n        )\n>       self.about_page.click_login_link()\n\ntests/test_login.py:90: \n_ _ _ _ _ _ _ _ _ _ _ _ _ _ _ _ _ _ _ _ _ _ _ _ _ _ _ _ _ _ _ _ _ _ _ _ _ _ _ _ \npages/about_page.py:20: in click_login_link\n    self.click(self.LOGIN_LINK)\npages/base_page.py:38: in click\n    el: WebElement = self.wait.until(\n_ _ _ _ _ _ _ _ _ _ _ _ _ _ _ _ _ _ _ _ _ _ _ _ _ _ _ _ _ _ _ _ _ _ _ _ _ _ _ _ \n\nself = <selenium.webdriver.support.wait.WebDriverWait (session=\"d9e5e472828f518cf24343276369917a\")>\nmethod = <function element_to_be_clickable.<locals>._predicate at 0x7fe29240e340>\nmessage = ''\n\n    def until(self, method, message: str = \"\"):\n        \"\"\"Calls the method provided with the driver as an argument until the \\\n        return value does not evaluate to ``False``.\n    \n        :param method: callable(WebDriver)\n        :param message: optional message for :exc:`TimeoutException`\n        :returns: the result of the last call to `method`\n        :raises: :exc:`selenium.common.exceptions.TimeoutException` if timeout occurs\n        \"\"\"\n        screen = None\n        stacktrace = None\n    \n        end_time = time.monotonic() + self._timeout\n        while True:\n            try:\n                value = method(self._driver)\n                if value:\n                    return value\n            except self._ignored_exceptions as exc:\n                screen = getattr(exc, \"screen\", None)\n                stacktrace = getattr(exc, \"stacktrace\", None)\n            time.sleep(self._poll)\n            if time.monotonic() > end_time:\n                break\n>       raise TimeoutException(message, screen, stacktrace)\nE       selenium.common.exceptions.TimeoutException: Message: \nE       Stacktrace:\nE       #0 0x55cfe1902fb3 <unknown>\nE       #1 0x55cfe15d64a7 <unknown>\nE       #2 0x55cfe161ddd6 <unknown>\nE       #3 0x55cfe161dec1 <unknown>\nE       #4 0x55cfe165b354 <unknown>\nE       #5 0x55cfe163f96d <unknown>\nE       #6 0x55cfe1658c02 <unknown>\nE       #7 0x55cfe163f713 <unknown>\nE       #8 0x55cfe161218b <unknown>\nE       #9 0x55cfe1612f7e <unknown>\nE       #10 0x55cfe18c88d8 <unknown>\nE       #11 0x55cfe18cc800 <unknown>\nE       #12 0x55cfe18d6cfc <unknown>\nE       #13 0x55cfe18cd418 <unknown>\nE       #14 0x55cfe189a42f <unknown>\nE       #15 0x55cfe18f14e8 <unknown>\nE       #16 0x55cfe18f16b4 <unknown>\nE       #17 0x55cfe1902143 <unknown>\nE       #18 0x7ff360e94ac3 <unknown>\n\n.venv/lib/python3.11/site-packages/selenium/webdriver/support/wait.py:95: TimeoutException","steps":[{"name":"Click Login link","time":{"start":1698454735809,"stop":1698454746279,"duration":10470},"status":"broken","statusMessage":"selenium.common.exceptions.TimeoutException: Message: \nStacktrace:\n#0 0x55cfe1902fb3 <unknown>\n#1 0x55cfe15d64a7 <unknown>\n#2 0x55cfe161ddd6 <unknown>\n#3 0x55cfe161dec1 <unknown>\n#4 0x55cfe165b354 <unknown>\n#5 0x55cfe163f96d <unknown>\n#6 0x55cfe1658c02 <unknown>\n#7 0x55cfe163f713 <unknown>\n#8 0x55cfe161218b <unknown>\n#9 0x55cfe1612f7e <unknown>\n#10 0x55cfe18c88d8 <unknown>\n#11 0x55cfe18cc800 <unknown>\n#12 0x55cfe18d6cfc <unknown>\n#13 0x55cfe18cd418 <unknown>\n#14 0x55cfe189a42f <unknown>\n#15 0x55cfe18f14e8 <unknown>\n#16 0x55cfe18f16b4 <unknown>\n#17 0x55cfe1902143 <unknown>\n#18 0x7ff360e94ac3 <unknown>\n\n","statusTrace":"  File \"/home/runner/work/kisangateway-test/kisangateway-test/.venv/lib/python3.11/site-packages/allure_commons/_allure.py\", line 192, in impl\n    return func(*a, **kw)\n           ^^^^^^^^^^^^^^\n  File \"/home/runner/work/kisangateway-test/kisangateway-test/pages/about_page.py\", line 20, in click_login_link\n    self.click(self.LOGIN_LINK)\n  File \"/home/runner/work/kisangateway-test/kisangateway-test/pages/base_page.py\", line 38, in click\n    el: WebElement = self.wait.until(\n                     ^^^^^^^^^^^^^^^^\n  File \"/home/runner/work/kisangateway-test/kisangateway-test/.venv/lib/python3.11/site-packages/selenium/webdriver/support/wait.py\", line 95, in until\n    raise TimeoutException(message, screen, stacktrace)\n","steps":[],"attachments":[],"parameters":[],"shouldDisplayMessage":true,"stepsCount":0,"attachmentsCount":0,"hasContent":true}],"attachments":[{"uid":"28fe761fd83fc72c","name":"HTML example","source":"28fe761fd83fc72c.html","type":"text/html","size":32},{"uid":"e0e9c8a15c423801","name":"TXT example","source":"e0e9c8a15c423801.txt","type":"text/plain","size":17},{"uid":"f1e26e03df4193c4","name":"CSV example","source":"f1e26e03df4193c4.csv","type":"text/csv","size":32},{"uid":"50a3a1f23300bb58","name":"JSON example","source":"50a3a1f23300bb58.json","type":"application/json","size":31},{"uid":"fcf4110325e479f1","name":"some attachment name","source":"fcf4110325e479f1.xml","type":"application/xml","size":124},{"uid":"16d35483b207d6fa","name":"URI List example","source":"16d35483b207d6fa.uri","type":"text/uri-list","size":70},{"uid":"fc4590cdf3f60704","name":"public ip address","source":"fc4590cdf3f60704.txt","type":"text/plain","size":15},{"uid":"995c0f5ced0ec2af","name":"Cookies","source":"995c0f5ced0ec2af.json","type":"application/json","size":2},{"uid":"7953cf0e006e5ddc","name":"Session Storage","source":"7953cf0e006e5ddc.json","type":"application/json","size":2},{"uid":"10fde05ee1d92507","name":"Local Storage","source":"10fde05ee1d92507.json","type":"application/json","size":2},{"uid":"4b2fbf3600aa4637","name":"Console Logs","source":"4b2fbf3600aa4637.json","type":"application/json","size":2},{"uid":"14ccb95469e71e7e","name":"Full Page Screenshot","source":"14ccb95469e71e7e.png","type":"image/png","size":1496512},{"uid":"638b3c66111b226c","name":"URL","source":"638b3c66111b226c.uri","type":"text/uri-list","size":25},{"uid":"110e98ed86824683","name":"Network Logs","source":"110e98ed86824683.json","type":"application/json","size":13953}],"parameters":[],"shouldDisplayMessage":true,"stepsCount":1,"attachmentsCount":14,"hasContent":true},"afterStages":[],"labels":[{"name":"severity","value":"blocker"},{"name":"story","value":"As a user i want to be able to logout after a successful login."},{"name":"feature","value":"Login"},{"name":"epic","value":"Security"},{"name":"tag","value":"run(order=2)"},{"name":"tag","value":"security"},{"name":"parentSuite","value":"tests"},{"name":"suite","value":"test_login"},{"name":"subSuite","value":"TestLogin"},{"name":"host","value":"fv-az589-852"},{"name":"thread","value":"2185-MainThread"},{"name":"framework","value":"pytest"},{"name":"language","value":"cpython3"},{"name":"package","value":"tests.test_login"},{"name":"resultFormat","value":"allure2"}],"parameters":[],"links":[],"hidden":false,"retry":false,"extra":{"severity":"blocker","retries":[],"categories":[{"name":"Test defects","matchedStatuses":[],"flaky":false}],"tags":["run(order=2)","security"]},"source":"6efd7200a5379dbf.json","parameterValues":[]}