{"uid":"ab36d3e9d7eb0846","name":"Login with invalid credentials test","fullName":"tests.test_login.TestLogin#test_invalid_login","historyId":"d4a74b5adfb086f235dc50992a7adb79","time":{"start":1698454762623,"stop":1698454773110,"duration":10487},"description":"invalid login","descriptionHtml":"<p>invalid login</p>\n","status":"broken","statusMessage":"selenium.common.exceptions.TimeoutException: Message: \nStacktrace:\n#0 0x561b314e1fb3 <unknown>\n#1 0x561b311b54a7 <unknown>\n#2 0x561b311fcdd6 <unknown>\n#3 0x561b311fcec1 <unknown>\n#4 0x561b3123a354 <unknown>\n#5 0x561b3121e96d <unknown>\n#6 0x561b31237c02 <unknown>\n#7 0x561b3121e713 <unknown>\n#8 0x561b311f118b <unknown>\n#9 0x561b311f1f7e <unknown>\n#10 0x561b314a78d8 <unknown>\n#11 0x561b314ab800 <unknown>\n#12 0x561b314b5cfc <unknown>\n#13 0x561b314ac418 <unknown>\n#14 0x561b3147942f <unknown>\n#15 0x561b314d04e8 <unknown>\n#16 0x561b314d06b4 <unknown>\n#17 0x561b314e1143 <unknown>\n#18 0x7f01a0e94ac3 <unknown>","statusTrace":"self = <tests.test_login.TestLogin object at 0x7fe292615350>\nemail = 'nirt236@gmail.com', password = '123456'\njson_data = {'forgot_password': {'error_message': \"We can't find a user with that e-mail address.\", 'success_message': 'A reset li...you page', 'name': 'test', 'new_name': 'another test', 'no_project_found_msg': 'No project matches the criteria', ...}}\n\n    @allure.description(\"invalid login\")\n    @allure.title(\"Login with invalid credentials test\")\n    @pytest.mark.parametrize(\"email, password\", users)\n    @pytest.mark.run(order=3)\n    def test_invalid_login(self, email: str, password: str, json_data: dict):\n>       self.about_page.click_login_link()\n\ntests/test_login.py:22: \n_ _ _ _ _ _ _ _ _ _ _ _ _ _ _ _ _ _ _ _ _ _ _ _ _ _ _ _ _ _ _ _ _ _ _ _ _ _ _ _ \npages/about_page.py:20: in click_login_link\n    self.click(self.LOGIN_LINK)\npages/base_page.py:38: in click\n    el: WebElement = self.wait.until(\n_ _ _ _ _ _ _ _ _ _ _ _ _ _ _ _ _ _ _ _ _ _ _ _ _ _ _ _ _ _ _ _ _ _ _ _ _ _ _ _ \n\nself = <selenium.webdriver.support.wait.WebDriverWait (session=\"dab5903edfdac64065588bb4f53deb22\")>\nmethod = <function element_to_be_clickable.<locals>._predicate at 0x7fe29226cea0>\nmessage = ''\n\n    def until(self, method, message: str = \"\"):\n        \"\"\"Calls the method provided with the driver as an argument until the \\\n        return value does not evaluate to ``False``.\n    \n        :param method: callable(WebDriver)\n        :param message: optional message for :exc:`TimeoutException`\n        :returns: the result of the last call to `method`\n        :raises: :exc:`selenium.common.exceptions.TimeoutException` if timeout occurs\n        \"\"\"\n        screen = None\n        stacktrace = None\n    \n        end_time = time.monotonic() + self._timeout\n        while True:\n            try:\n                value = method(self._driver)\n                if value:\n                    return value\n            except self._ignored_exceptions as exc:\n                screen = getattr(exc, \"screen\", None)\n                stacktrace = getattr(exc, \"stacktrace\", None)\n            time.sleep(self._poll)\n            if time.monotonic() > end_time:\n                break\n>       raise TimeoutException(message, screen, stacktrace)\nE       selenium.common.exceptions.TimeoutException: Message: \nE       Stacktrace:\nE       #0 0x561b314e1fb3 <unknown>\nE       #1 0x561b311b54a7 <unknown>\nE       #2 0x561b311fcdd6 <unknown>\nE       #3 0x561b311fcec1 <unknown>\nE       #4 0x561b3123a354 <unknown>\nE       #5 0x561b3121e96d <unknown>\nE       #6 0x561b31237c02 <unknown>\nE       #7 0x561b3121e713 <unknown>\nE       #8 0x561b311f118b <unknown>\nE       #9 0x561b311f1f7e <unknown>\nE       #10 0x561b314a78d8 <unknown>\nE       #11 0x561b314ab800 <unknown>\nE       #12 0x561b314b5cfc <unknown>\nE       #13 0x561b314ac418 <unknown>\nE       #14 0x561b3147942f <unknown>\nE       #15 0x561b314d04e8 <unknown>\nE       #16 0x561b314d06b4 <unknown>\nE       #17 0x561b314e1143 <unknown>\nE       #18 0x7f01a0e94ac3 <unknown>\n\n.venv/lib/python3.11/site-packages/selenium/webdriver/support/wait.py:95: TimeoutException","flaky":false,"newFailed":false,"newBroken":false,"newPassed":false,"retriesCount":0,"retriesStatusChange":false,"beforeStages":[{"name":"base_url","time":{"start":1698454709362,"stop":1698454709362,"duration":0},"status":"passed","steps":[],"attachments":[],"parameters":[],"shouldDisplayMessage":false,"stepsCount":0,"attachmentsCount":0,"hasContent":false},{"name":"_verify_url","time":{"start":1698454709362,"stop":1698454709362,"duration":0},"status":"passed","steps":[],"attachments":[],"parameters":[],"shouldDisplayMessage":false,"stepsCount":0,"attachmentsCount":0,"hasContent":false},{"name":"json_data","time":{"start":1698454709363,"stop":1698454709363,"duration":0},"status":"passed","steps":[],"attachments":[],"parameters":[],"shouldDisplayMessage":false,"stepsCount":0,"attachmentsCount":0,"hasContent":false}],"testStage":{"description":"invalid login","status":"broken","statusMessage":"selenium.common.exceptions.TimeoutException: Message: \nStacktrace:\n#0 0x561b314e1fb3 <unknown>\n#1 0x561b311b54a7 <unknown>\n#2 0x561b311fcdd6 <unknown>\n#3 0x561b311fcec1 <unknown>\n#4 0x561b3123a354 <unknown>\n#5 0x561b3121e96d <unknown>\n#6 0x561b31237c02 <unknown>\n#7 0x561b3121e713 <unknown>\n#8 0x561b311f118b <unknown>\n#9 0x561b311f1f7e <unknown>\n#10 0x561b314a78d8 <unknown>\n#11 0x561b314ab800 <unknown>\n#12 0x561b314b5cfc <unknown>\n#13 0x561b314ac418 <unknown>\n#14 0x561b3147942f <unknown>\n#15 0x561b314d04e8 <unknown>\n#16 0x561b314d06b4 <unknown>\n#17 0x561b314e1143 <unknown>\n#18 0x7f01a0e94ac3 <unknown>","statusTrace":"self = <tests.test_login.TestLogin object at 0x7fe292615350>\nemail = 'nirt236@gmail.com', password = '123456'\njson_data = {'forgot_password': {'error_message': \"We can't find a user with that e-mail address.\", 'success_message': 'A reset li...you page', 'name': 'test', 'new_name': 'another test', 'no_project_found_msg': 'No project matches the criteria', ...}}\n\n    @allure.description(\"invalid login\")\n    @allure.title(\"Login with invalid credentials test\")\n    @pytest.mark.parametrize(\"email, password\", users)\n    @pytest.mark.run(order=3)\n    def test_invalid_login(self, email: str, password: str, json_data: dict):\n>       self.about_page.click_login_link()\n\ntests/test_login.py:22: \n_ _ _ _ _ _ _ _ _ _ _ _ _ _ _ _ _ _ _ _ _ _ _ _ _ _ _ _ _ _ _ _ _ _ _ _ _ _ _ _ \npages/about_page.py:20: in click_login_link\n    self.click(self.LOGIN_LINK)\npages/base_page.py:38: in click\n    el: WebElement = self.wait.until(\n_ _ _ _ _ _ _ _ _ _ _ _ _ _ _ _ _ _ _ _ _ _ _ _ _ _ _ _ _ _ _ _ _ _ _ _ _ _ _ _ \n\nself = <selenium.webdriver.support.wait.WebDriverWait (session=\"dab5903edfdac64065588bb4f53deb22\")>\nmethod = <function element_to_be_clickable.<locals>._predicate at 0x7fe29226cea0>\nmessage = ''\n\n    def until(self, method, message: str = \"\"):\n        \"\"\"Calls the method provided with the driver as an argument until the \\\n        return value does not evaluate to ``False``.\n    \n        :param method: callable(WebDriver)\n        :param message: optional message for :exc:`TimeoutException`\n        :returns: the result of the last call to `method`\n        :raises: :exc:`selenium.common.exceptions.TimeoutException` if timeout occurs\n        \"\"\"\n        screen = None\n        stacktrace = None\n    \n        end_time = time.monotonic() + self._timeout\n        while True:\n            try:\n                value = method(self._driver)\n                if value:\n                    return value\n            except self._ignored_exceptions as exc:\n                screen = getattr(exc, \"screen\", None)\n                stacktrace = getattr(exc, \"stacktrace\", None)\n            time.sleep(self._poll)\n            if time.monotonic() > end_time:\n                break\n>       raise TimeoutException(message, screen, stacktrace)\nE       selenium.common.exceptions.TimeoutException: Message: \nE       Stacktrace:\nE       #0 0x561b314e1fb3 <unknown>\nE       #1 0x561b311b54a7 <unknown>\nE       #2 0x561b311fcdd6 <unknown>\nE       #3 0x561b311fcec1 <unknown>\nE       #4 0x561b3123a354 <unknown>\nE       #5 0x561b3121e96d <unknown>\nE       #6 0x561b31237c02 <unknown>\nE       #7 0x561b3121e713 <unknown>\nE       #8 0x561b311f118b <unknown>\nE       #9 0x561b311f1f7e <unknown>\nE       #10 0x561b314a78d8 <unknown>\nE       #11 0x561b314ab800 <unknown>\nE       #12 0x561b314b5cfc <unknown>\nE       #13 0x561b314ac418 <unknown>\nE       #14 0x561b3147942f <unknown>\nE       #15 0x561b314d04e8 <unknown>\nE       #16 0x561b314d06b4 <unknown>\nE       #17 0x561b314e1143 <unknown>\nE       #18 0x7f01a0e94ac3 <unknown>\n\n.venv/lib/python3.11/site-packages/selenium/webdriver/support/wait.py:95: TimeoutException","steps":[{"name":"Click Login link","time":{"start":1698454762623,"stop":1698454773109,"duration":10486},"status":"broken","statusMessage":"selenium.common.exceptions.TimeoutException: Message: \nStacktrace:\n#0 0x561b314e1fb3 <unknown>\n#1 0x561b311b54a7 <unknown>\n#2 0x561b311fcdd6 <unknown>\n#3 0x561b311fcec1 <unknown>\n#4 0x561b3123a354 <unknown>\n#5 0x561b3121e96d <unknown>\n#6 0x561b31237c02 <unknown>\n#7 0x561b3121e713 <unknown>\n#8 0x561b311f118b <unknown>\n#9 0x561b311f1f7e <unknown>\n#10 0x561b314a78d8 <unknown>\n#11 0x561b314ab800 <unknown>\n#12 0x561b314b5cfc <unknown>\n#13 0x561b314ac418 <unknown>\n#14 0x561b3147942f <unknown>\n#15 0x561b314d04e8 <unknown>\n#16 0x561b314d06b4 <unknown>\n#17 0x561b314e1143 <unknown>\n#18 0x7f01a0e94ac3 <unknown>\n\n","statusTrace":"  File \"/home/runner/work/kisangateway-test/kisangateway-test/.venv/lib/python3.11/site-packages/allure_commons/_allure.py\", line 192, in impl\n    return func(*a, **kw)\n           ^^^^^^^^^^^^^^\n  File \"/home/runner/work/kisangateway-test/kisangateway-test/pages/about_page.py\", line 20, in click_login_link\n    self.click(self.LOGIN_LINK)\n  File \"/home/runner/work/kisangateway-test/kisangateway-test/pages/base_page.py\", line 38, in click\n    el: WebElement = self.wait.until(\n                     ^^^^^^^^^^^^^^^^\n  File \"/home/runner/work/kisangateway-test/kisangateway-test/.venv/lib/python3.11/site-packages/selenium/webdriver/support/wait.py\", line 95, in until\n    raise TimeoutException(message, screen, stacktrace)\n","steps":[],"attachments":[],"parameters":[],"shouldDisplayMessage":true,"stepsCount":0,"attachmentsCount":0,"hasContent":true}],"attachments":[{"uid":"8a7869907e3a158b","name":"public ip address","source":"8a7869907e3a158b.txt","type":"text/plain","size":15},{"uid":"b71aac4597c57bdb","name":"Cookies","source":"b71aac4597c57bdb.json","type":"application/json","size":2},{"uid":"b6057e94caabfc57","name":"Session Storage","source":"b6057e94caabfc57.json","type":"application/json","size":2},{"uid":"580f7a0b5f96b691","name":"Local Storage","source":"580f7a0b5f96b691.json","type":"application/json","size":2},{"uid":"1c9945453808d244","name":"Console Logs","source":"1c9945453808d244.json","type":"application/json","size":2},{"uid":"40182eaa463fcd73","name":"Full Page Screenshot","source":"40182eaa463fcd73.png","type":"image/png","size":1496512},{"uid":"c7ffd0c2673afc2d","name":"URL","source":"c7ffd0c2673afc2d.uri","type":"text/uri-list","size":25},{"uid":"42be79196106d43","name":"Network Logs","source":"42be79196106d43.json","type":"application/json","size":14002}],"parameters":[],"shouldDisplayMessage":true,"stepsCount":1,"attachmentsCount":8,"hasContent":true},"afterStages":[],"labels":[{"name":"severity","value":"blocker"},{"name":"feature","value":"Login"},{"name":"epic","value":"Security"},{"name":"tag","value":"run(order=3)"},{"name":"tag","value":"security"},{"name":"parentSuite","value":"tests"},{"name":"suite","value":"test_login"},{"name":"subSuite","value":"TestLogin"},{"name":"host","value":"fv-az589-852"},{"name":"thread","value":"2185-MainThread"},{"name":"framework","value":"pytest"},{"name":"language","value":"cpython3"},{"name":"package","value":"tests.test_login"},{"name":"resultFormat","value":"allure2"}],"parameters":[{"name":"email","value":"'nirt236@gmail.com'"},{"name":"password","value":"'123456'"}],"links":[],"hidden":false,"retry":false,"extra":{"severity":"blocker","retries":[],"categories":[{"name":"Test defects","matchedStatuses":[],"flaky":false}],"tags":["run(order=3)","security"]},"source":"ab36d3e9d7eb0846.json","parameterValues":["'nirt236@gmail.com'","'123456'"]}