{"uid":"f5fffa1cc299f59d","name":"Delete existing project","fullName":"tests.test_workspaces.TestWorkspaces#test_delete_project","historyId":"ec4959b9902b11e4378ec1736393f0f6","time":{"start":1710464628750,"stop":1710464628750,"duration":0},"description":"Deleting an existing project from workspace","descriptionHtml":"<p>Deleting an existing project from workspace</p>\n","status":"broken","statusMessage":"selenium.common.exceptions.TimeoutException: Message: \nStacktrace:\n#0 0x57a7363eaec3 <unknown>\n#1 0x57a7360e2ce6 <unknown>\n#2 0x57a73612de48 <unknown>\n#3 0x57a73612df01 <unknown>\n#4 0x57a7361713f4 <unknown>\n#5 0x57a73614fedd <unknown>\n#6 0x57a73616e899 <unknown>\n#7 0x57a73614fc53 <unknown>\n#8 0x57a736120db3 <unknown>\n#9 0x57a73612177e <unknown>\n#10 0x57a7363b07fb <unknown>\n#11 0x57a7363b4815 <unknown>\n#12 0x57a73639e111 <unknown>\n#13 0x57a7363b53a2 <unknown>\n#14 0x57a7363821ef <unknown>\n#15 0x57a7363d94b8 <unknown>\n#16 0x57a7363d96b3 <unknown>\n#17 0x57a7363ea074 <unknown>\n#18 0x7ab2c8494ac3 <unknown>","statusTrace":"self = <tests.test_workspaces.TestWorkspaces object at 0x7aff0ed14850>\nsecret_data = {'email': '', 'password': ''}\n\n    @pytest.fixture(autouse=True)\n    def setup_method_fixture(self, secret_data: dict):\n>       login(secret_data, self.about_page, self.login_page)\n\ntests/test_workspaces.py:23: \n_ _ _ _ _ _ _ _ _ _ _ _ _ _ _ _ _ _ _ _ _ _ _ _ _ _ _ _ _ _ _ _ _ _ _ _ _ _ _ _ \ntests/test_workspaces.py:13: in login\n    about_page.click_login_link()\npages/about_page.py:20: in click_login_link\n    self.click(self.LOGIN_LINK)\npages/base_page.py:38: in click\n    el: WebElement = self.wait.until(\n_ _ _ _ _ _ _ _ _ _ _ _ _ _ _ _ _ _ _ _ _ _ _ _ _ _ _ _ _ _ _ _ _ _ _ _ _ _ _ _ \n\nself = <selenium.webdriver.support.wait.WebDriverWait (session=\"6f5d693a4b00750d4d5a33ed374615db\")>\nmethod = <function element_to_be_clickable.<locals>._predicate at 0x7aff0e8cb1a0>\nmessage = ''\n\n    def until(self, method, message: str = \"\"):\n        \"\"\"Calls the method provided with the driver as an argument until the \\\n        return value does not evaluate to ``False``.\n    \n        :param method: callable(WebDriver)\n        :param message: optional message for :exc:`TimeoutException`\n        :returns: the result of the last call to `method`\n        :raises: :exc:`selenium.common.exceptions.TimeoutException` if timeout occurs\n        \"\"\"\n        screen = None\n        stacktrace = None\n    \n        end_time = time.monotonic() + self._timeout\n        while True:\n            try:\n                value = method(self._driver)\n                if value:\n                    return value\n            except self._ignored_exceptions as exc:\n                screen = getattr(exc, \"screen\", None)\n                stacktrace = getattr(exc, \"stacktrace\", None)\n            time.sleep(self._poll)\n            if time.monotonic() > end_time:\n                break\n>       raise TimeoutException(message, screen, stacktrace)\nE       selenium.common.exceptions.TimeoutException: Message: \nE       Stacktrace:\nE       #0 0x57a7363eaec3 <unknown>\nE       #1 0x57a7360e2ce6 <unknown>\nE       #2 0x57a73612de48 <unknown>\nE       #3 0x57a73612df01 <unknown>\nE       #4 0x57a7361713f4 <unknown>\nE       #5 0x57a73614fedd <unknown>\nE       #6 0x57a73616e899 <unknown>\nE       #7 0x57a73614fc53 <unknown>\nE       #8 0x57a736120db3 <unknown>\nE       #9 0x57a73612177e <unknown>\nE       #10 0x57a7363b07fb <unknown>\nE       #11 0x57a7363b4815 <unknown>\nE       #12 0x57a73639e111 <unknown>\nE       #13 0x57a7363b53a2 <unknown>\nE       #14 0x57a7363821ef <unknown>\nE       #15 0x57a7363d94b8 <unknown>\nE       #16 0x57a7363d96b3 <unknown>\nE       #17 0x57a7363ea074 <unknown>\nE       #18 0x7ab2c8494ac3 <unknown>\n\n.venv/lib/python3.11/site-packages/selenium/webdriver/support/wait.py:95: TimeoutException","flaky":false,"newFailed":false,"newBroken":false,"newPassed":false,"retriesCount":0,"retriesStatusChange":false,"beforeStages":[{"name":"secret_data","time":{"start":1710464464295,"stop":1710464464295,"duration":0},"status":"passed","steps":[],"attachments":[],"parameters":[],"shouldDisplayMessage":false,"stepsCount":0,"attachmentsCount":0,"hasContent":false,"attachmentStep":false},{"name":"json_data","time":{"start":1710464464295,"stop":1710464464295,"duration":0},"status":"passed","steps":[],"attachments":[],"parameters":[],"shouldDisplayMessage":false,"stepsCount":0,"attachmentsCount":0,"hasContent":false,"attachmentStep":false},{"name":"_verify_url","time":{"start":1710464464295,"stop":1710464464295,"duration":0},"status":"passed","steps":[],"attachments":[],"parameters":[],"shouldDisplayMessage":false,"stepsCount":0,"attachmentsCount":0,"hasContent":false,"attachmentStep":false},{"name":"base_url","time":{"start":1710464464295,"stop":1710464464295,"duration":0},"status":"passed","steps":[],"attachments":[],"parameters":[],"shouldDisplayMessage":false,"stepsCount":0,"attachmentsCount":0,"hasContent":false,"attachmentStep":false},{"name":"setup_method_fixture","time":{"start":1710464629945,"stop":1710464640232,"duration":10287},"status":"broken","statusMessage":"selenium.common.exceptions.TimeoutException: Message: \nStacktrace:\n#0 0x57a7363eaec3 <unknown>\n#1 0x57a7360e2ce6 <unknown>\n#2 0x57a73612de48 <unknown>\n#3 0x57a73612df01 <unknown>\n#4 0x57a7361713f4 <unknown>\n#5 0x57a73614fedd <unknown>\n#6 0x57a73616e899 <unknown>\n#7 0x57a73614fc53 <unknown>\n#8 0x57a736120db3 <unknown>\n#9 0x57a73612177e <unknown>\n#10 0x57a7363b07fb <unknown>\n#11 0x57a7363b4815 <unknown>\n#12 0x57a73639e111 <unknown>\n#13 0x57a7363b53a2 <unknown>\n#14 0x57a7363821ef <unknown>\n#15 0x57a7363d94b8 <unknown>\n#16 0x57a7363d96b3 <unknown>\n#17 0x57a7363ea074 <unknown>\n#18 0x7ab2c8494ac3 <unknown>\n\n","statusTrace":"  File \"/home/runner/work/kisangateway-test/kisangateway-test/.venv/lib/python3.11/site-packages/pluggy/_callers.py\", line 80, in _multicall\n    res = hook_impl.function(*args)\n          ^^^^^^^^^^^^^^^^^^^^^^^^^\n  File \"/home/runner/work/kisangateway-test/kisangateway-test/.venv/lib/python3.11/site-packages/_pytest/fixtures.py\", line 1123, in pytest_fixture_setup\n    result = call_fixture_func(fixturefunc, request, kwargs)\n             ^^^^^^^^^^^^^^^^^^^^^^^^^^^^^^^^^^^^^^^^^^^^^^^\n  File \"/home/runner/work/kisangateway-test/kisangateway-test/.venv/lib/python3.11/site-packages/_pytest/fixtures.py\", line 902, in call_fixture_func\n    fixture_result = fixturefunc(**kwargs)\n                     ^^^^^^^^^^^^^^^^^^^^^\n  File \"/home/runner/work/kisangateway-test/kisangateway-test/tests/test_workspaces.py\", line 23, in setup_method_fixture\n    login(secret_data, self.about_page, self.login_page)\n  File \"/home/runner/work/kisangateway-test/kisangateway-test/tests/test_workspaces.py\", line 13, in login\n    about_page.click_login_link()\n  File \"/home/runner/work/kisangateway-test/kisangateway-test/.venv/lib/python3.11/site-packages/allure_commons/_allure.py\", line 192, in impl\n    return func(*a, **kw)\n           ^^^^^^^^^^^^^^\n  File \"/home/runner/work/kisangateway-test/kisangateway-test/pages/about_page.py\", line 20, in click_login_link\n    self.click(self.LOGIN_LINK)\n  File \"/home/runner/work/kisangateway-test/kisangateway-test/pages/base_page.py\", line 38, in click\n    el: WebElement = self.wait.until(\n                     ^^^^^^^^^^^^^^^^\n  File \"/home/runner/work/kisangateway-test/kisangateway-test/.venv/lib/python3.11/site-packages/selenium/webdriver/support/wait.py\", line 95, in until\n    raise TimeoutException(message, screen, stacktrace)\n","steps":[{"name":"Click Login link","time":{"start":1710464629945,"stop":1710464640231,"duration":10286},"status":"broken","statusMessage":"selenium.common.exceptions.TimeoutException: Message: \nStacktrace:\n#0 0x57a7363eaec3 <unknown>\n#1 0x57a7360e2ce6 <unknown>\n#2 0x57a73612de48 <unknown>\n#3 0x57a73612df01 <unknown>\n#4 0x57a7361713f4 <unknown>\n#5 0x57a73614fedd <unknown>\n#6 0x57a73616e899 <unknown>\n#7 0x57a73614fc53 <unknown>\n#8 0x57a736120db3 <unknown>\n#9 0x57a73612177e <unknown>\n#10 0x57a7363b07fb <unknown>\n#11 0x57a7363b4815 <unknown>\n#12 0x57a73639e111 <unknown>\n#13 0x57a7363b53a2 <unknown>\n#14 0x57a7363821ef <unknown>\n#15 0x57a7363d94b8 <unknown>\n#16 0x57a7363d96b3 <unknown>\n#17 0x57a7363ea074 <unknown>\n#18 0x7ab2c8494ac3 <unknown>\n\n","statusTrace":"  File \"/home/runner/work/kisangateway-test/kisangateway-test/.venv/lib/python3.11/site-packages/allure_commons/_allure.py\", line 192, in impl\n    return func(*a, **kw)\n           ^^^^^^^^^^^^^^\n  File \"/home/runner/work/kisangateway-test/kisangateway-test/pages/about_page.py\", line 20, in click_login_link\n    self.click(self.LOGIN_LINK)\n  File \"/home/runner/work/kisangateway-test/kisangateway-test/pages/base_page.py\", line 38, in click\n    el: WebElement = self.wait.until(\n                     ^^^^^^^^^^^^^^^^\n  File \"/home/runner/work/kisangateway-test/kisangateway-test/.venv/lib/python3.11/site-packages/selenium/webdriver/support/wait.py\", line 95, in until\n    raise TimeoutException(message, screen, stacktrace)\n","steps":[],"attachments":[],"parameters":[],"shouldDisplayMessage":true,"stepsCount":0,"attachmentsCount":0,"hasContent":true,"attachmentStep":false}],"attachments":[],"parameters":[],"shouldDisplayMessage":false,"stepsCount":1,"attachmentsCount":0,"hasContent":true,"attachmentStep":false}],"testStage":{"description":"Deleting an existing project from workspace","status":"broken","statusMessage":"selenium.common.exceptions.TimeoutException: Message: \nStacktrace:\n#0 0x57a7363eaec3 <unknown>\n#1 0x57a7360e2ce6 <unknown>\n#2 0x57a73612de48 <unknown>\n#3 0x57a73612df01 <unknown>\n#4 0x57a7361713f4 <unknown>\n#5 0x57a73614fedd <unknown>\n#6 0x57a73616e899 <unknown>\n#7 0x57a73614fc53 <unknown>\n#8 0x57a736120db3 <unknown>\n#9 0x57a73612177e <unknown>\n#10 0x57a7363b07fb <unknown>\n#11 0x57a7363b4815 <unknown>\n#12 0x57a73639e111 <unknown>\n#13 0x57a7363b53a2 <unknown>\n#14 0x57a7363821ef <unknown>\n#15 0x57a7363d94b8 <unknown>\n#16 0x57a7363d96b3 <unknown>\n#17 0x57a7363ea074 <unknown>\n#18 0x7ab2c8494ac3 <unknown>","statusTrace":"self = <tests.test_workspaces.TestWorkspaces object at 0x7aff0ed14850>\nsecret_data = {'email': '', 'password': ''}\n\n    @pytest.fixture(autouse=True)\n    def setup_method_fixture(self, secret_data: dict):\n>       login(secret_data, self.about_page, self.login_page)\n\ntests/test_workspaces.py:23: \n_ _ _ _ _ _ _ _ _ _ _ _ _ _ _ _ _ _ _ _ _ _ _ _ _ _ _ _ _ _ _ _ _ _ _ _ _ _ _ _ \ntests/test_workspaces.py:13: in login\n    about_page.click_login_link()\npages/about_page.py:20: in click_login_link\n    self.click(self.LOGIN_LINK)\npages/base_page.py:38: in click\n    el: WebElement = self.wait.until(\n_ _ _ _ _ _ _ _ _ _ _ _ _ _ _ _ _ _ _ _ _ _ _ _ _ _ _ _ _ _ _ _ _ _ _ _ _ _ _ _ \n\nself = <selenium.webdriver.support.wait.WebDriverWait (session=\"6f5d693a4b00750d4d5a33ed374615db\")>\nmethod = <function element_to_be_clickable.<locals>._predicate at 0x7aff0e8cb1a0>\nmessage = ''\n\n    def until(self, method, message: str = \"\"):\n        \"\"\"Calls the method provided with the driver as an argument until the \\\n        return value does not evaluate to ``False``.\n    \n        :param method: callable(WebDriver)\n        :param message: optional message for :exc:`TimeoutException`\n        :returns: the result of the last call to `method`\n        :raises: :exc:`selenium.common.exceptions.TimeoutException` if timeout occurs\n        \"\"\"\n        screen = None\n        stacktrace = None\n    \n        end_time = time.monotonic() + self._timeout\n        while True:\n            try:\n                value = method(self._driver)\n                if value:\n                    return value\n            except self._ignored_exceptions as exc:\n                screen = getattr(exc, \"screen\", None)\n                stacktrace = getattr(exc, \"stacktrace\", None)\n            time.sleep(self._poll)\n            if time.monotonic() > end_time:\n                break\n>       raise TimeoutException(message, screen, stacktrace)\nE       selenium.common.exceptions.TimeoutException: Message: \nE       Stacktrace:\nE       #0 0x57a7363eaec3 <unknown>\nE       #1 0x57a7360e2ce6 <unknown>\nE       #2 0x57a73612de48 <unknown>\nE       #3 0x57a73612df01 <unknown>\nE       #4 0x57a7361713f4 <unknown>\nE       #5 0x57a73614fedd <unknown>\nE       #6 0x57a73616e899 <unknown>\nE       #7 0x57a73614fc53 <unknown>\nE       #8 0x57a736120db3 <unknown>\nE       #9 0x57a73612177e <unknown>\nE       #10 0x57a7363b07fb <unknown>\nE       #11 0x57a7363b4815 <unknown>\nE       #12 0x57a73639e111 <unknown>\nE       #13 0x57a7363b53a2 <unknown>\nE       #14 0x57a7363821ef <unknown>\nE       #15 0x57a7363d94b8 <unknown>\nE       #16 0x57a7363d96b3 <unknown>\nE       #17 0x57a7363ea074 <unknown>\nE       #18 0x7ab2c8494ac3 <unknown>\n\n.venv/lib/python3.11/site-packages/selenium/webdriver/support/wait.py:95: TimeoutException","steps":[],"attachments":[{"uid":"455c51930a16fa87","name":"public ip address","source":"455c51930a16fa87.txt","type":"text/plain","size":13},{"uid":"4498518b5e711c87","name":"Cookies","source":"4498518b5e711c87.json","type":"application/json","size":526},{"uid":"a60b4ef3a11c87bb","name":"Session Storage","source":"a60b4ef3a11c87bb.json","type":"application/json","size":2},{"uid":"af0d9e8e2a312b77","name":"Local Storage","source":"af0d9e8e2a312b77.json","type":"application/json","size":77},{"uid":"caca2a2ee72cda48","name":"Console Logs","source":"caca2a2ee72cda48.json","type":"application/json","size":310},{"uid":"d02bc2a52f3adb1e","name":"Full Page Screenshot","source":"d02bc2a52f3adb1e.png","type":"image/png","size":2477717},{"uid":"fd109f4011d2add2","name":"URL","source":"fd109f4011d2add2.uri","type":"text/uri-list","size":25},{"uid":"d9b23932d0fad8cd","name":"Network Logs","source":"d9b23932d0fad8cd.json","type":"application/json","size":1285600}],"parameters":[],"shouldDisplayMessage":true,"stepsCount":0,"attachmentsCount":8,"hasContent":true,"attachmentStep":false},"afterStages":[],"labels":[{"name":"severity","value":"normal"},{"name":"story","value":"WorkSpaces Creation and Editing Functionality"},{"name":"epic","value":"Workspaces"},{"name":"tag","value":"run(order=9)"},{"name":"parentSuite","value":"tests"},{"name":"suite","value":"test_workspaces"},{"name":"subSuite","value":"TestWorkspaces"},{"name":"host","value":"fv-az1429-791"},{"name":"thread","value":"2245-MainThread"},{"name":"framework","value":"pytest"},{"name":"language","value":"cpython3"},{"name":"package","value":"tests.test_workspaces"},{"name":"resultFormat","value":"allure2"}],"parameters":[],"links":[],"hidden":false,"retry":false,"extra":{"severity":"normal","retries":[],"categories":[{"name":"Test defects","matchedStatuses":[],"flaky":false}],"tags":["run(order=9)"]},"source":"f5fffa1cc299f59d.json","parameterValues":[]}