{"uid":"9c29d35ea9c68aba","name":"Login with invalid credentials test","fullName":"tests.test_login.TestLogin#test_invalid_login","historyId":"d4a74b5adfb086f235dc50992a7adb79","time":{"start":1703380095947,"stop":1703380106147,"duration":10200},"description":"invalid login","descriptionHtml":"<p>invalid login</p>\n","status":"broken","statusMessage":"selenium.common.exceptions.TimeoutException: Message: \nStacktrace:\n#0 0x5560eec19d33 <unknown>\n#1 0x5560ee8d6f87 <unknown>\n#2 0x5560ee926c0e <unknown>\n#3 0x5560ee926d11 <unknown>\n#4 0x5560ee972004 <unknown>\n#5 0x5560ee95036d <unknown>\n#6 0x5560ee96f297 <unknown>\n#7 0x5560ee9500e3 <unknown>\n#8 0x5560ee918044 <unknown>\n#9 0x5560ee91944e <unknown>\n#10 0x5560eebde861 <unknown>\n#11 0x5560eebe2785 <unknown>\n#12 0x5560eebcc285 <unknown>\n#13 0x5560eebe341f <unknown>\n#14 0x5560eebb020f <unknown>\n#15 0x5560eec07028 <unknown>\n#16 0x5560eec071f7 <unknown>\n#17 0x5560eec18ed4 <unknown>\n#18 0x7f2deba94ac3 <unknown>","statusTrace":"self = <tests.test_login.TestLogin object at 0x7f12f2e17c10>\nemail = 'nirt236@gmail.com', password = '123456'\njson_data = {'forgot_password': {'error_message': \"We can't find a user with that e-mail address.\", 'success_message': 'A reset li...you page', 'name': 'test', 'new_name': 'another test', 'no_project_found_msg': 'No project matches the criteria', ...}}\n\n    @allure.description(\"invalid login\")\n    @allure.title(\"Login with invalid credentials test\")\n    @pytest.mark.parametrize(\"email, password\", users)\n    @pytest.mark.run(order=3)\n    def test_invalid_login(self, email: str, password: str, json_data: dict):\n>       self.about_page.click_login_link()\n\ntests/test_login.py:22: \n_ _ _ _ _ _ _ _ _ _ _ _ _ _ _ _ _ _ _ _ _ _ _ _ _ _ _ _ _ _ _ _ _ _ _ _ _ _ _ _ \npages/about_page.py:20: in click_login_link\n    self.click(self.LOGIN_LINK)\npages/base_page.py:38: in click\n    el: WebElement = self.wait.until(\n_ _ _ _ _ _ _ _ _ _ _ _ _ _ _ _ _ _ _ _ _ _ _ _ _ _ _ _ _ _ _ _ _ _ _ _ _ _ _ _ \n\nself = <selenium.webdriver.support.wait.WebDriverWait (session=\"2056d11b330fe6d3d8501a2c75a16c17\")>\nmethod = <function element_to_be_clickable.<locals>._predicate at 0x7f12f2bfec00>\nmessage = ''\n\n    def until(self, method, message: str = \"\"):\n        \"\"\"Calls the method provided with the driver as an argument until the \\\n        return value does not evaluate to ``False``.\n    \n        :param method: callable(WebDriver)\n        :param message: optional message for :exc:`TimeoutException`\n        :returns: the result of the last call to `method`\n        :raises: :exc:`selenium.common.exceptions.TimeoutException` if timeout occurs\n        \"\"\"\n        screen = None\n        stacktrace = None\n    \n        end_time = time.monotonic() + self._timeout\n        while True:\n            try:\n                value = method(self._driver)\n                if value:\n                    return value\n            except self._ignored_exceptions as exc:\n                screen = getattr(exc, \"screen\", None)\n                stacktrace = getattr(exc, \"stacktrace\", None)\n            time.sleep(self._poll)\n            if time.monotonic() > end_time:\n                break\n>       raise TimeoutException(message, screen, stacktrace)\nE       selenium.common.exceptions.TimeoutException: Message: \nE       Stacktrace:\nE       #0 0x5560eec19d33 <unknown>\nE       #1 0x5560ee8d6f87 <unknown>\nE       #2 0x5560ee926c0e <unknown>\nE       #3 0x5560ee926d11 <unknown>\nE       #4 0x5560ee972004 <unknown>\nE       #5 0x5560ee95036d <unknown>\nE       #6 0x5560ee96f297 <unknown>\nE       #7 0x5560ee9500e3 <unknown>\nE       #8 0x5560ee918044 <unknown>\nE       #9 0x5560ee91944e <unknown>\nE       #10 0x5560eebde861 <unknown>\nE       #11 0x5560eebe2785 <unknown>\nE       #12 0x5560eebcc285 <unknown>\nE       #13 0x5560eebe341f <unknown>\nE       #14 0x5560eebb020f <unknown>\nE       #15 0x5560eec07028 <unknown>\nE       #16 0x5560eec071f7 <unknown>\nE       #17 0x5560eec18ed4 <unknown>\nE       #18 0x7f2deba94ac3 <unknown>\n\n.venv/lib/python3.11/site-packages/selenium/webdriver/support/wait.py:95: TimeoutException","flaky":false,"newFailed":false,"newBroken":false,"newPassed":false,"retriesCount":0,"retriesStatusChange":false,"beforeStages":[{"name":"json_data","time":{"start":1703380045022,"stop":1703380045023,"duration":1},"status":"passed","steps":[],"attachments":[],"parameters":[],"shouldDisplayMessage":false,"stepsCount":0,"attachmentsCount":0,"hasContent":false,"attachmentStep":false},{"name":"_verify_url","time":{"start":1703380045022,"stop":1703380045022,"duration":0},"status":"passed","steps":[],"attachments":[],"parameters":[],"shouldDisplayMessage":false,"stepsCount":0,"attachmentsCount":0,"hasContent":false,"attachmentStep":false},{"name":"base_url","time":{"start":1703380045022,"stop":1703380045022,"duration":0},"status":"passed","steps":[],"attachments":[],"parameters":[],"shouldDisplayMessage":false,"stepsCount":0,"attachmentsCount":0,"hasContent":false,"attachmentStep":false}],"testStage":{"description":"invalid login","status":"broken","statusMessage":"selenium.common.exceptions.TimeoutException: Message: \nStacktrace:\n#0 0x5560eec19d33 <unknown>\n#1 0x5560ee8d6f87 <unknown>\n#2 0x5560ee926c0e <unknown>\n#3 0x5560ee926d11 <unknown>\n#4 0x5560ee972004 <unknown>\n#5 0x5560ee95036d <unknown>\n#6 0x5560ee96f297 <unknown>\n#7 0x5560ee9500e3 <unknown>\n#8 0x5560ee918044 <unknown>\n#9 0x5560ee91944e <unknown>\n#10 0x5560eebde861 <unknown>\n#11 0x5560eebe2785 <unknown>\n#12 0x5560eebcc285 <unknown>\n#13 0x5560eebe341f <unknown>\n#14 0x5560eebb020f <unknown>\n#15 0x5560eec07028 <unknown>\n#16 0x5560eec071f7 <unknown>\n#17 0x5560eec18ed4 <unknown>\n#18 0x7f2deba94ac3 <unknown>","statusTrace":"self = <tests.test_login.TestLogin object at 0x7f12f2e17c10>\nemail = 'nirt236@gmail.com', password = '123456'\njson_data = {'forgot_password': {'error_message': \"We can't find a user with that e-mail address.\", 'success_message': 'A reset li...you page', 'name': 'test', 'new_name': 'another test', 'no_project_found_msg': 'No project matches the criteria', ...}}\n\n    @allure.description(\"invalid login\")\n    @allure.title(\"Login with invalid credentials test\")\n    @pytest.mark.parametrize(\"email, password\", users)\n    @pytest.mark.run(order=3)\n    def test_invalid_login(self, email: str, password: str, json_data: dict):\n>       self.about_page.click_login_link()\n\ntests/test_login.py:22: \n_ _ _ _ _ _ _ _ _ _ _ _ _ _ _ _ _ _ _ _ _ _ _ _ _ _ _ _ _ _ _ _ _ _ _ _ _ _ _ _ \npages/about_page.py:20: in click_login_link\n    self.click(self.LOGIN_LINK)\npages/base_page.py:38: in click\n    el: WebElement = self.wait.until(\n_ _ _ _ _ _ _ _ _ _ _ _ _ _ _ _ _ _ _ _ _ _ _ _ _ _ _ _ _ _ _ _ _ _ _ _ _ _ _ _ \n\nself = <selenium.webdriver.support.wait.WebDriverWait (session=\"2056d11b330fe6d3d8501a2c75a16c17\")>\nmethod = <function element_to_be_clickable.<locals>._predicate at 0x7f12f2bfec00>\nmessage = ''\n\n    def until(self, method, message: str = \"\"):\n        \"\"\"Calls the method provided with the driver as an argument until the \\\n        return value does not evaluate to ``False``.\n    \n        :param method: callable(WebDriver)\n        :param message: optional message for :exc:`TimeoutException`\n        :returns: the result of the last call to `method`\n        :raises: :exc:`selenium.common.exceptions.TimeoutException` if timeout occurs\n        \"\"\"\n        screen = None\n        stacktrace = None\n    \n        end_time = time.monotonic() + self._timeout\n        while True:\n            try:\n                value = method(self._driver)\n                if value:\n                    return value\n            except self._ignored_exceptions as exc:\n                screen = getattr(exc, \"screen\", None)\n                stacktrace = getattr(exc, \"stacktrace\", None)\n            time.sleep(self._poll)\n            if time.monotonic() > end_time:\n                break\n>       raise TimeoutException(message, screen, stacktrace)\nE       selenium.common.exceptions.TimeoutException: Message: \nE       Stacktrace:\nE       #0 0x5560eec19d33 <unknown>\nE       #1 0x5560ee8d6f87 <unknown>\nE       #2 0x5560ee926c0e <unknown>\nE       #3 0x5560ee926d11 <unknown>\nE       #4 0x5560ee972004 <unknown>\nE       #5 0x5560ee95036d <unknown>\nE       #6 0x5560ee96f297 <unknown>\nE       #7 0x5560ee9500e3 <unknown>\nE       #8 0x5560ee918044 <unknown>\nE       #9 0x5560ee91944e <unknown>\nE       #10 0x5560eebde861 <unknown>\nE       #11 0x5560eebe2785 <unknown>\nE       #12 0x5560eebcc285 <unknown>\nE       #13 0x5560eebe341f <unknown>\nE       #14 0x5560eebb020f <unknown>\nE       #15 0x5560eec07028 <unknown>\nE       #16 0x5560eec071f7 <unknown>\nE       #17 0x5560eec18ed4 <unknown>\nE       #18 0x7f2deba94ac3 <unknown>\n\n.venv/lib/python3.11/site-packages/selenium/webdriver/support/wait.py:95: TimeoutException","steps":[{"name":"Click Login link","time":{"start":1703380095947,"stop":1703380106146,"duration":10199},"status":"broken","statusMessage":"selenium.common.exceptions.TimeoutException: Message: \nStacktrace:\n#0 0x5560eec19d33 <unknown>\n#1 0x5560ee8d6f87 <unknown>\n#2 0x5560ee926c0e <unknown>\n#3 0x5560ee926d11 <unknown>\n#4 0x5560ee972004 <unknown>\n#5 0x5560ee95036d <unknown>\n#6 0x5560ee96f297 <unknown>\n#7 0x5560ee9500e3 <unknown>\n#8 0x5560ee918044 <unknown>\n#9 0x5560ee91944e <unknown>\n#10 0x5560eebde861 <unknown>\n#11 0x5560eebe2785 <unknown>\n#12 0x5560eebcc285 <unknown>\n#13 0x5560eebe341f <unknown>\n#14 0x5560eebb020f <unknown>\n#15 0x5560eec07028 <unknown>\n#16 0x5560eec071f7 <unknown>\n#17 0x5560eec18ed4 <unknown>\n#18 0x7f2deba94ac3 <unknown>\n\n","statusTrace":"  File \"/home/runner/work/kisangateway-test/kisangateway-test/.venv/lib/python3.11/site-packages/allure_commons/_allure.py\", line 192, in impl\n    return func(*a, **kw)\n           ^^^^^^^^^^^^^^\n  File \"/home/runner/work/kisangateway-test/kisangateway-test/pages/about_page.py\", line 20, in click_login_link\n    self.click(self.LOGIN_LINK)\n  File \"/home/runner/work/kisangateway-test/kisangateway-test/pages/base_page.py\", line 38, in click\n    el: WebElement = self.wait.until(\n                     ^^^^^^^^^^^^^^^^\n  File \"/home/runner/work/kisangateway-test/kisangateway-test/.venv/lib/python3.11/site-packages/selenium/webdriver/support/wait.py\", line 95, in until\n    raise TimeoutException(message, screen, stacktrace)\n","steps":[],"attachments":[],"parameters":[],"shouldDisplayMessage":true,"stepsCount":0,"attachmentsCount":0,"hasContent":true,"attachmentStep":false}],"attachments":[{"uid":"58a291402f8cadb4","name":"public ip address","source":"58a291402f8cadb4.txt","type":"text/plain","size":14},{"uid":"697cb524c961741f","name":"Cookies","source":"697cb524c961741f.json","type":"application/json","size":2},{"uid":"d1f82ea30b55c19f","name":"Session Storage","source":"d1f82ea30b55c19f.json","type":"application/json","size":2},{"uid":"e8da8e9e26514d99","name":"Local Storage","source":"e8da8e9e26514d99.json","type":"application/json","size":2},{"uid":"c5a9b19802e1177c","name":"Console Logs","source":"c5a9b19802e1177c.json","type":"application/json","size":2},{"uid":"600b58298fc676c9","name":"Full Page Screenshot","source":"600b58298fc676c9.png","type":"image/png","size":2655641},{"uid":"134b9845613e8006","name":"URL","source":"134b9845613e8006.uri","type":"text/uri-list","size":25},{"uid":"5a5aca8db8c63a29","name":"Network Logs","source":"5a5aca8db8c63a29.json","type":"application/json","size":14024}],"parameters":[],"shouldDisplayMessage":true,"stepsCount":1,"attachmentsCount":8,"hasContent":true,"attachmentStep":false},"afterStages":[],"labels":[{"name":"severity","value":"blocker"},{"name":"epic","value":"Security"},{"name":"feature","value":"Login"},{"name":"tag","value":"run(order=3)"},{"name":"tag","value":"security"},{"name":"parentSuite","value":"tests"},{"name":"suite","value":"test_login"},{"name":"subSuite","value":"TestLogin"},{"name":"host","value":"fv-az973-512"},{"name":"thread","value":"2177-MainThread"},{"name":"framework","value":"pytest"},{"name":"language","value":"cpython3"},{"name":"package","value":"tests.test_login"},{"name":"resultFormat","value":"allure2"}],"parameters":[{"name":"email","value":"'nirt236@gmail.com'"},{"name":"password","value":"'123456'"}],"links":[],"hidden":false,"retry":false,"extra":{"severity":"blocker","retries":[],"categories":[{"name":"Test defects","matchedStatuses":[],"flaky":false}],"tags":["run(order=3)","security"]},"source":"9c29d35ea9c68aba.json","parameterValues":["'nirt236@gmail.com'","'123456'"]}