{"uid":"3a67e06746908987","name":"Number of projects displayed in page test","fullName":"tests.test_workspaces.TestWorkspaces#test_number_of_existing_projects","historyId":"ff3981f856ce65274378063348b0abd4","time":{"start":1697590988263,"stop":1697590988263,"duration":0},"description":"Compare between the actual number of projects seen on page and the number shown in workspaces block","descriptionHtml":"<p>Compare between the actual number of projects seen on page and the number shown in workspaces block</p>\n","status":"broken","statusMessage":"selenium.common.exceptions.TimeoutException: Message: \nStacktrace:\n#0 0x55d725e246b3 <unknown>\n#1 0x55d725afa1e7 <unknown>\n#2 0x55d725b41566 <unknown>\n#3 0x55d725b41651 <unknown>\n#4 0x55d725b7ea74 <unknown>\n#5 0x55d725b630ed <unknown>\n#6 0x55d725b7c322 <unknown>\n#7 0x55d725b62e93 <unknown>\n#8 0x55d725b35934 <unknown>\n#9 0x55d725b3671e <unknown>\n#10 0x55d725de9cb8 <unknown>\n#11 0x55d725dedbf0 <unknown>\n#12 0x55d725df819c <unknown>\n#13 0x55d725dee808 <unknown>\n#14 0x55d725dbb27f <unknown>\n#15 0x55d725e12e88 <unknown>\n#16 0x55d725e13059 <unknown>\n#17 0x55d725e23843 <unknown>\n#18 0x7f5616094b43 <unknown>","statusTrace":"self = <tests.test_workspaces.TestWorkspaces object at 0x7fa6e8cc7790>\nsecret_data = {'email': '', 'password': ''}\n\n    @pytest.fixture(autouse=True)\n    def setup_method_fixture(self, secret_data: dict):\n>       login(secret_data, self.about_page, self.login_page)\n\ntests/test_workspaces.py:23: \n_ _ _ _ _ _ _ _ _ _ _ _ _ _ _ _ _ _ _ _ _ _ _ _ _ _ _ _ _ _ _ _ _ _ _ _ _ _ _ _ \ntests/test_workspaces.py:13: in login\n    about_page.click_login_link()\npages/about_page.py:20: in click_login_link\n    self.click(self.LOGIN_LINK)\npages/base_page.py:38: in click\n    el: WebElement = self.wait.until(\n_ _ _ _ _ _ _ _ _ _ _ _ _ _ _ _ _ _ _ _ _ _ _ _ _ _ _ _ _ _ _ _ _ _ _ _ _ _ _ _ \n\nself = <selenium.webdriver.support.wait.WebDriverWait (session=\"2cb4abb6560979ec0fb3d4f90b06ea96\")>\nmethod = <function element_to_be_clickable.<locals>._predicate at 0x7fa6e8cfbce0>\nmessage = ''\n\n    def until(self, method, message: str = \"\"):\n        \"\"\"Calls the method provided with the driver as an argument until the \\\n        return value does not evaluate to ``False``.\n    \n        :param method: callable(WebDriver)\n        :param message: optional message for :exc:`TimeoutException`\n        :returns: the result of the last call to `method`\n        :raises: :exc:`selenium.common.exceptions.TimeoutException` if timeout occurs\n        \"\"\"\n        screen = None\n        stacktrace = None\n    \n        end_time = time.monotonic() + self._timeout\n        while True:\n            try:\n                value = method(self._driver)\n                if value:\n                    return value\n            except self._ignored_exceptions as exc:\n                screen = getattr(exc, \"screen\", None)\n                stacktrace = getattr(exc, \"stacktrace\", None)\n            time.sleep(self._poll)\n            if time.monotonic() > end_time:\n                break\n>       raise TimeoutException(message, screen, stacktrace)\nE       selenium.common.exceptions.TimeoutException: Message: \nE       Stacktrace:\nE       #0 0x55d725e246b3 <unknown>\nE       #1 0x55d725afa1e7 <unknown>\nE       #2 0x55d725b41566 <unknown>\nE       #3 0x55d725b41651 <unknown>\nE       #4 0x55d725b7ea74 <unknown>\nE       #5 0x55d725b630ed <unknown>\nE       #6 0x55d725b7c322 <unknown>\nE       #7 0x55d725b62e93 <unknown>\nE       #8 0x55d725b35934 <unknown>\nE       #9 0x55d725b3671e <unknown>\nE       #10 0x55d725de9cb8 <unknown>\nE       #11 0x55d725dedbf0 <unknown>\nE       #12 0x55d725df819c <unknown>\nE       #13 0x55d725dee808 <unknown>\nE       #14 0x55d725dbb27f <unknown>\nE       #15 0x55d725e12e88 <unknown>\nE       #16 0x55d725e13059 <unknown>\nE       #17 0x55d725e23843 <unknown>\nE       #18 0x7f5616094b43 <unknown>\n\n.venv/lib/python3.11/site-packages/selenium/webdriver/support/wait.py:95: TimeoutException","flaky":false,"newFailed":false,"newBroken":false,"newPassed":false,"retriesCount":0,"retriesStatusChange":false,"beforeStages":[{"name":"base_url","time":{"start":1697590894650,"stop":1697590894650,"duration":0},"status":"passed","steps":[],"attachments":[],"parameters":[],"stepsCount":0,"attachmentsCount":0,"hasContent":false,"shouldDisplayMessage":false},{"name":"secret_data","time":{"start":1697590894650,"stop":1697590894651,"duration":1},"status":"passed","steps":[],"attachments":[],"parameters":[],"stepsCount":0,"attachmentsCount":0,"hasContent":false,"shouldDisplayMessage":false},{"name":"_verify_url","time":{"start":1697590894650,"stop":1697590894650,"duration":0},"status":"passed","steps":[],"attachments":[],"parameters":[],"stepsCount":0,"attachmentsCount":0,"hasContent":false,"shouldDisplayMessage":false},{"name":"setup_method_fixture","time":{"start":1697590989799,"stop":1697591000209,"duration":10410},"status":"broken","statusMessage":"selenium.common.exceptions.TimeoutException: Message: \nStacktrace:\n#0 0x55d725e246b3 <unknown>\n#1 0x55d725afa1e7 <unknown>\n#2 0x55d725b41566 <unknown>\n#3 0x55d725b41651 <unknown>\n#4 0x55d725b7ea74 <unknown>\n#5 0x55d725b630ed <unknown>\n#6 0x55d725b7c322 <unknown>\n#7 0x55d725b62e93 <unknown>\n#8 0x55d725b35934 <unknown>\n#9 0x55d725b3671e <unknown>\n#10 0x55d725de9cb8 <unknown>\n#11 0x55d725dedbf0 <unknown>\n#12 0x55d725df819c <unknown>\n#13 0x55d725dee808 <unknown>\n#14 0x55d725dbb27f <unknown>\n#15 0x55d725e12e88 <unknown>\n#16 0x55d725e13059 <unknown>\n#17 0x55d725e23843 <unknown>\n#18 0x7f5616094b43 <unknown>\n\n","statusTrace":"  File \"/home/runner/work/kisangateway-test/kisangateway-test/.venv/lib/python3.11/site-packages/pluggy/_callers.py\", line 80, in _multicall\n    res = hook_impl.function(*args)\n          ^^^^^^^^^^^^^^^^^^^^^^^^^\n  File \"/home/runner/work/kisangateway-test/kisangateway-test/.venv/lib/python3.11/site-packages/_pytest/fixtures.py\", line 1123, in pytest_fixture_setup\n    result = call_fixture_func(fixturefunc, request, kwargs)\n             ^^^^^^^^^^^^^^^^^^^^^^^^^^^^^^^^^^^^^^^^^^^^^^^\n  File \"/home/runner/work/kisangateway-test/kisangateway-test/.venv/lib/python3.11/site-packages/_pytest/fixtures.py\", line 902, in call_fixture_func\n    fixture_result = fixturefunc(**kwargs)\n                     ^^^^^^^^^^^^^^^^^^^^^\n  File \"/home/runner/work/kisangateway-test/kisangateway-test/tests/test_workspaces.py\", line 23, in setup_method_fixture\n    login(secret_data, self.about_page, self.login_page)\n  File \"/home/runner/work/kisangateway-test/kisangateway-test/tests/test_workspaces.py\", line 13, in login\n    about_page.click_login_link()\n  File \"/home/runner/work/kisangateway-test/kisangateway-test/.venv/lib/python3.11/site-packages/allure_commons/_allure.py\", line 192, in impl\n    return func(*a, **kw)\n           ^^^^^^^^^^^^^^\n  File \"/home/runner/work/kisangateway-test/kisangateway-test/pages/about_page.py\", line 20, in click_login_link\n    self.click(self.LOGIN_LINK)\n  File \"/home/runner/work/kisangateway-test/kisangateway-test/pages/base_page.py\", line 38, in click\n    el: WebElement = self.wait.until(\n                     ^^^^^^^^^^^^^^^^\n  File \"/home/runner/work/kisangateway-test/kisangateway-test/.venv/lib/python3.11/site-packages/selenium/webdriver/support/wait.py\", line 95, in until\n    raise TimeoutException(message, screen, stacktrace)\n","steps":[{"name":"Click Login link","time":{"start":1697590989799,"stop":1697591000208,"duration":10409},"status":"broken","statusMessage":"selenium.common.exceptions.TimeoutException: Message: \nStacktrace:\n#0 0x55d725e246b3 <unknown>\n#1 0x55d725afa1e7 <unknown>\n#2 0x55d725b41566 <unknown>\n#3 0x55d725b41651 <unknown>\n#4 0x55d725b7ea74 <unknown>\n#5 0x55d725b630ed <unknown>\n#6 0x55d725b7c322 <unknown>\n#7 0x55d725b62e93 <unknown>\n#8 0x55d725b35934 <unknown>\n#9 0x55d725b3671e <unknown>\n#10 0x55d725de9cb8 <unknown>\n#11 0x55d725dedbf0 <unknown>\n#12 0x55d725df819c <unknown>\n#13 0x55d725dee808 <unknown>\n#14 0x55d725dbb27f <unknown>\n#15 0x55d725e12e88 <unknown>\n#16 0x55d725e13059 <unknown>\n#17 0x55d725e23843 <unknown>\n#18 0x7f5616094b43 <unknown>\n\n","statusTrace":"  File \"/home/runner/work/kisangateway-test/kisangateway-test/.venv/lib/python3.11/site-packages/allure_commons/_allure.py\", line 192, in impl\n    return func(*a, **kw)\n           ^^^^^^^^^^^^^^\n  File \"/home/runner/work/kisangateway-test/kisangateway-test/pages/about_page.py\", line 20, in click_login_link\n    self.click(self.LOGIN_LINK)\n  File \"/home/runner/work/kisangateway-test/kisangateway-test/pages/base_page.py\", line 38, in click\n    el: WebElement = self.wait.until(\n                     ^^^^^^^^^^^^^^^^\n  File \"/home/runner/work/kisangateway-test/kisangateway-test/.venv/lib/python3.11/site-packages/selenium/webdriver/support/wait.py\", line 95, in until\n    raise TimeoutException(message, screen, stacktrace)\n","steps":[],"attachments":[],"parameters":[],"stepsCount":0,"attachmentsCount":0,"hasContent":true,"shouldDisplayMessage":true}],"attachments":[],"parameters":[],"stepsCount":1,"attachmentsCount":0,"hasContent":true,"shouldDisplayMessage":false}],"testStage":{"description":"Compare between the actual number of projects seen on page and the number shown in workspaces block","status":"broken","statusMessage":"selenium.common.exceptions.TimeoutException: Message: \nStacktrace:\n#0 0x55d725e246b3 <unknown>\n#1 0x55d725afa1e7 <unknown>\n#2 0x55d725b41566 <unknown>\n#3 0x55d725b41651 <unknown>\n#4 0x55d725b7ea74 <unknown>\n#5 0x55d725b630ed <unknown>\n#6 0x55d725b7c322 <unknown>\n#7 0x55d725b62e93 <unknown>\n#8 0x55d725b35934 <unknown>\n#9 0x55d725b3671e <unknown>\n#10 0x55d725de9cb8 <unknown>\n#11 0x55d725dedbf0 <unknown>\n#12 0x55d725df819c <unknown>\n#13 0x55d725dee808 <unknown>\n#14 0x55d725dbb27f <unknown>\n#15 0x55d725e12e88 <unknown>\n#16 0x55d725e13059 <unknown>\n#17 0x55d725e23843 <unknown>\n#18 0x7f5616094b43 <unknown>","statusTrace":"self = <tests.test_workspaces.TestWorkspaces object at 0x7fa6e8cc7790>\nsecret_data = {'email': '', 'password': ''}\n\n    @pytest.fixture(autouse=True)\n    def setup_method_fixture(self, secret_data: dict):\n>       login(secret_data, self.about_page, self.login_page)\n\ntests/test_workspaces.py:23: \n_ _ _ _ _ _ _ _ _ _ _ _ _ _ _ _ _ _ _ _ _ _ _ _ _ _ _ _ _ _ _ _ _ _ _ _ _ _ _ _ \ntests/test_workspaces.py:13: in login\n    about_page.click_login_link()\npages/about_page.py:20: in click_login_link\n    self.click(self.LOGIN_LINK)\npages/base_page.py:38: in click\n    el: WebElement = self.wait.until(\n_ _ _ _ _ _ _ _ _ _ _ _ _ _ _ _ _ _ _ _ _ _ _ _ _ _ _ _ _ _ _ _ _ _ _ _ _ _ _ _ \n\nself = <selenium.webdriver.support.wait.WebDriverWait (session=\"2cb4abb6560979ec0fb3d4f90b06ea96\")>\nmethod = <function element_to_be_clickable.<locals>._predicate at 0x7fa6e8cfbce0>\nmessage = ''\n\n    def until(self, method, message: str = \"\"):\n        \"\"\"Calls the method provided with the driver as an argument until the \\\n        return value does not evaluate to ``False``.\n    \n        :param method: callable(WebDriver)\n        :param message: optional message for :exc:`TimeoutException`\n        :returns: the result of the last call to `method`\n        :raises: :exc:`selenium.common.exceptions.TimeoutException` if timeout occurs\n        \"\"\"\n        screen = None\n        stacktrace = None\n    \n        end_time = time.monotonic() + self._timeout\n        while True:\n            try:\n                value = method(self._driver)\n                if value:\n                    return value\n            except self._ignored_exceptions as exc:\n                screen = getattr(exc, \"screen\", None)\n                stacktrace = getattr(exc, \"stacktrace\", None)\n            time.sleep(self._poll)\n            if time.monotonic() > end_time:\n                break\n>       raise TimeoutException(message, screen, stacktrace)\nE       selenium.common.exceptions.TimeoutException: Message: \nE       Stacktrace:\nE       #0 0x55d725e246b3 <unknown>\nE       #1 0x55d725afa1e7 <unknown>\nE       #2 0x55d725b41566 <unknown>\nE       #3 0x55d725b41651 <unknown>\nE       #4 0x55d725b7ea74 <unknown>\nE       #5 0x55d725b630ed <unknown>\nE       #6 0x55d725b7c322 <unknown>\nE       #7 0x55d725b62e93 <unknown>\nE       #8 0x55d725b35934 <unknown>\nE       #9 0x55d725b3671e <unknown>\nE       #10 0x55d725de9cb8 <unknown>\nE       #11 0x55d725dedbf0 <unknown>\nE       #12 0x55d725df819c <unknown>\nE       #13 0x55d725dee808 <unknown>\nE       #14 0x55d725dbb27f <unknown>\nE       #15 0x55d725e12e88 <unknown>\nE       #16 0x55d725e13059 <unknown>\nE       #17 0x55d725e23843 <unknown>\nE       #18 0x7f5616094b43 <unknown>\n\n.venv/lib/python3.11/site-packages/selenium/webdriver/support/wait.py:95: TimeoutException","steps":[],"attachments":[{"uid":"197fe2e4f6569650","name":"public ip address","source":"197fe2e4f6569650.txt","type":"text/plain","size":11},{"uid":"43f3bb667aab42c0","name":"Cookies","source":"43f3bb667aab42c0.json","type":"application/json","size":2},{"uid":"cd375e74c8b76657","name":"Session Storage","source":"cd375e74c8b76657.json","type":"application/json","size":2},{"uid":"e9b2be416751636f","name":"Local Storage","source":"e9b2be416751636f.json","type":"application/json","size":2},{"uid":"14f799675c65e28d","name":"Console Logs","source":"14f799675c65e28d.json","type":"application/json","size":2},{"uid":"f9375b97e21f20ad","name":"Full Page Screenshot","source":"f9375b97e21f20ad.png","type":"image/png","size":1496512},{"uid":"b182aef75edc7cff","name":"URL","source":"b182aef75edc7cff.uri","type":"text/uri-list","size":25},{"uid":"c85e6f454609974e","name":"Network Logs","source":"c85e6f454609974e.json","type":"application/json","size":14000}],"parameters":[],"stepsCount":0,"attachmentsCount":8,"hasContent":true,"shouldDisplayMessage":true},"afterStages":[],"labels":[{"name":"epic","value":"Workspaces"},{"name":"story","value":"WorkSpaces Creation and Editing Functionality"},{"name":"severity","value":"normal"},{"name":"tag","value":"run(order=4)"},{"name":"parentSuite","value":"tests"},{"name":"suite","value":"test_workspaces"},{"name":"subSuite","value":"TestWorkspaces"},{"name":"host","value":"fv-az255-233"},{"name":"thread","value":"2099-MainThread"},{"name":"framework","value":"pytest"},{"name":"language","value":"cpython3"},{"name":"package","value":"tests.test_workspaces"},{"name":"resultFormat","value":"allure2"}],"parameters":[],"links":[],"hidden":false,"retry":false,"extra":{"severity":"normal","retries":[],"categories":[{"name":"Test defects","matchedStatuses":[],"flaky":false}],"tags":["run(order=4)"]},"source":"3a67e06746908987.json","parameterValues":[]}