{"uid":"a0446c8abf767b87","name":"Login with valid credentials test","fullName":"tests.test_login.TestLogin#test_valid_login","historyId":"e7f254b9bfd5f2bc8d4a1ffa6dc7aebb","time":{"start":1697590894653,"stop":1697590904672,"duration":10019},"description":"valid login","descriptionHtml":"<p>valid login</p>\n","status":"broken","statusMessage":"selenium.common.exceptions.TimeoutException: Message: \nStacktrace:\n#0 0x55f3458326b3 <unknown>\n#1 0x55f3455081e7 <unknown>\n#2 0x55f34554f566 <unknown>\n#3 0x55f34554f651 <unknown>\n#4 0x55f34558ca74 <unknown>\n#5 0x55f3455710ed <unknown>\n#6 0x55f34558a322 <unknown>\n#7 0x55f345570e93 <unknown>\n#8 0x55f345543934 <unknown>\n#9 0x55f34554471e <unknown>\n#10 0x55f3457f7cb8 <unknown>\n#11 0x55f3457fbbf0 <unknown>\n#12 0x55f34580619c <unknown>\n#13 0x55f3457fc808 <unknown>\n#14 0x55f3457c927f <unknown>\n#15 0x55f345820e88 <unknown>\n#16 0x55f345821059 <unknown>\n#17 0x55f345831843 <unknown>\n#18 0x7f8f00e94b43 <unknown>","statusTrace":"self = <tests.test_login.TestLogin object at 0x7fa6e8c91bd0>\nsecret_data = {'email': '', 'password': ''}\njson_data = {'forgot_password': {'error_message': \"We can't find a user with that e-mail address.\", 'success_message': 'A reset li...you page', 'name': 'test', 'new_name': 'another test', 'no_project_found_msg': 'No project matches the criteria', ...}}\n\n    @allure.description(\"valid login\")\n    @allure.title(\"Login with valid credentials test\")\n    @allure.tag(\"Tagged test\")\n    @pytest.mark.run(order=1)\n    def test_valid_login(self, secret_data: dict, json_data: dict):\n>       self.about_page.click_login_link()\n\ntests/test_login.py:39: \n_ _ _ _ _ _ _ _ _ _ _ _ _ _ _ _ _ _ _ _ _ _ _ _ _ _ _ _ _ _ _ _ _ _ _ _ _ _ _ _ \npages/about_page.py:20: in click_login_link\n    self.click(self.LOGIN_LINK)\npages/base_page.py:38: in click\n    el: WebElement = self.wait.until(\n_ _ _ _ _ _ _ _ _ _ _ _ _ _ _ _ _ _ _ _ _ _ _ _ _ _ _ _ _ _ _ _ _ _ _ _ _ _ _ _ \n\nself = <selenium.webdriver.support.wait.WebDriverWait (session=\"341316584bfce7357db6f7a4f61889fa\")>\nmethod = <function element_to_be_clickable.<locals>._predicate at 0x7fa6e8cdd300>\nmessage = ''\n\n    def until(self, method, message: str = \"\"):\n        \"\"\"Calls the method provided with the driver as an argument until the \\\n        return value does not evaluate to ``False``.\n    \n        :param method: callable(WebDriver)\n        :param message: optional message for :exc:`TimeoutException`\n        :returns: the result of the last call to `method`\n        :raises: :exc:`selenium.common.exceptions.TimeoutException` if timeout occurs\n        \"\"\"\n        screen = None\n        stacktrace = None\n    \n        end_time = time.monotonic() + self._timeout\n        while True:\n            try:\n                value = method(self._driver)\n                if value:\n                    return value\n            except self._ignored_exceptions as exc:\n                screen = getattr(exc, \"screen\", None)\n                stacktrace = getattr(exc, \"stacktrace\", None)\n            time.sleep(self._poll)\n            if time.monotonic() > end_time:\n                break\n>       raise TimeoutException(message, screen, stacktrace)\nE       selenium.common.exceptions.TimeoutException: Message: \nE       Stacktrace:\nE       #0 0x55f3458326b3 <unknown>\nE       #1 0x55f3455081e7 <unknown>\nE       #2 0x55f34554f566 <unknown>\nE       #3 0x55f34554f651 <unknown>\nE       #4 0x55f34558ca74 <unknown>\nE       #5 0x55f3455710ed <unknown>\nE       #6 0x55f34558a322 <unknown>\nE       #7 0x55f345570e93 <unknown>\nE       #8 0x55f345543934 <unknown>\nE       #9 0x55f34554471e <unknown>\nE       #10 0x55f3457f7cb8 <unknown>\nE       #11 0x55f3457fbbf0 <unknown>\nE       #12 0x55f34580619c <unknown>\nE       #13 0x55f3457fc808 <unknown>\nE       #14 0x55f3457c927f <unknown>\nE       #15 0x55f345820e88 <unknown>\nE       #16 0x55f345821059 <unknown>\nE       #17 0x55f345831843 <unknown>\nE       #18 0x7f8f00e94b43 <unknown>\n\n.venv/lib/python3.11/site-packages/selenium/webdriver/support/wait.py:95: TimeoutException","flaky":false,"newFailed":false,"newBroken":false,"newPassed":false,"retriesCount":0,"retriesStatusChange":false,"beforeStages":[{"name":"base_url","time":{"start":1697590894650,"stop":1697590894650,"duration":0},"status":"passed","steps":[],"attachments":[],"parameters":[],"stepsCount":0,"attachmentsCount":0,"hasContent":false,"shouldDisplayMessage":false},{"name":"secret_data","time":{"start":1697590894650,"stop":1697590894651,"duration":1},"status":"passed","steps":[],"attachments":[],"parameters":[],"stepsCount":0,"attachmentsCount":0,"hasContent":false,"shouldDisplayMessage":false},{"name":"_verify_url","time":{"start":1697590894650,"stop":1697590894650,"duration":0},"status":"passed","steps":[],"attachments":[],"parameters":[],"stepsCount":0,"attachmentsCount":0,"hasContent":false,"shouldDisplayMessage":false},{"name":"json_data","time":{"start":1697590894651,"stop":1697590894651,"duration":0},"status":"passed","steps":[],"attachments":[],"parameters":[],"stepsCount":0,"attachmentsCount":0,"hasContent":false,"shouldDisplayMessage":false}],"testStage":{"description":"valid login","status":"broken","statusMessage":"selenium.common.exceptions.TimeoutException: Message: \nStacktrace:\n#0 0x55f3458326b3 <unknown>\n#1 0x55f3455081e7 <unknown>\n#2 0x55f34554f566 <unknown>\n#3 0x55f34554f651 <unknown>\n#4 0x55f34558ca74 <unknown>\n#5 0x55f3455710ed <unknown>\n#6 0x55f34558a322 <unknown>\n#7 0x55f345570e93 <unknown>\n#8 0x55f345543934 <unknown>\n#9 0x55f34554471e <unknown>\n#10 0x55f3457f7cb8 <unknown>\n#11 0x55f3457fbbf0 <unknown>\n#12 0x55f34580619c <unknown>\n#13 0x55f3457fc808 <unknown>\n#14 0x55f3457c927f <unknown>\n#15 0x55f345820e88 <unknown>\n#16 0x55f345821059 <unknown>\n#17 0x55f345831843 <unknown>\n#18 0x7f8f00e94b43 <unknown>","statusTrace":"self = <tests.test_login.TestLogin object at 0x7fa6e8c91bd0>\nsecret_data = {'email': '', 'password': ''}\njson_data = {'forgot_password': {'error_message': \"We can't find a user with that e-mail address.\", 'success_message': 'A reset li...you page', 'name': 'test', 'new_name': 'another test', 'no_project_found_msg': 'No project matches the criteria', ...}}\n\n    @allure.description(\"valid login\")\n    @allure.title(\"Login with valid credentials test\")\n    @allure.tag(\"Tagged test\")\n    @pytest.mark.run(order=1)\n    def test_valid_login(self, secret_data: dict, json_data: dict):\n>       self.about_page.click_login_link()\n\ntests/test_login.py:39: \n_ _ _ _ _ _ _ _ _ _ _ _ _ _ _ _ _ _ _ _ _ _ _ _ _ _ _ _ _ _ _ _ _ _ _ _ _ _ _ _ \npages/about_page.py:20: in click_login_link\n    self.click(self.LOGIN_LINK)\npages/base_page.py:38: in click\n    el: WebElement = self.wait.until(\n_ _ _ _ _ _ _ _ _ _ _ _ _ _ _ _ _ _ _ _ _ _ _ _ _ _ _ _ _ _ _ _ _ _ _ _ _ _ _ _ \n\nself = <selenium.webdriver.support.wait.WebDriverWait (session=\"341316584bfce7357db6f7a4f61889fa\")>\nmethod = <function element_to_be_clickable.<locals>._predicate at 0x7fa6e8cdd300>\nmessage = ''\n\n    def until(self, method, message: str = \"\"):\n        \"\"\"Calls the method provided with the driver as an argument until the \\\n        return value does not evaluate to ``False``.\n    \n        :param method: callable(WebDriver)\n        :param message: optional message for :exc:`TimeoutException`\n        :returns: the result of the last call to `method`\n        :raises: :exc:`selenium.common.exceptions.TimeoutException` if timeout occurs\n        \"\"\"\n        screen = None\n        stacktrace = None\n    \n        end_time = time.monotonic() + self._timeout\n        while True:\n            try:\n                value = method(self._driver)\n                if value:\n                    return value\n            except self._ignored_exceptions as exc:\n                screen = getattr(exc, \"screen\", None)\n                stacktrace = getattr(exc, \"stacktrace\", None)\n            time.sleep(self._poll)\n            if time.monotonic() > end_time:\n                break\n>       raise TimeoutException(message, screen, stacktrace)\nE       selenium.common.exceptions.TimeoutException: Message: \nE       Stacktrace:\nE       #0 0x55f3458326b3 <unknown>\nE       #1 0x55f3455081e7 <unknown>\nE       #2 0x55f34554f566 <unknown>\nE       #3 0x55f34554f651 <unknown>\nE       #4 0x55f34558ca74 <unknown>\nE       #5 0x55f3455710ed <unknown>\nE       #6 0x55f34558a322 <unknown>\nE       #7 0x55f345570e93 <unknown>\nE       #8 0x55f345543934 <unknown>\nE       #9 0x55f34554471e <unknown>\nE       #10 0x55f3457f7cb8 <unknown>\nE       #11 0x55f3457fbbf0 <unknown>\nE       #12 0x55f34580619c <unknown>\nE       #13 0x55f3457fc808 <unknown>\nE       #14 0x55f3457c927f <unknown>\nE       #15 0x55f345820e88 <unknown>\nE       #16 0x55f345821059 <unknown>\nE       #17 0x55f345831843 <unknown>\nE       #18 0x7f8f00e94b43 <unknown>\n\n.venv/lib/python3.11/site-packages/selenium/webdriver/support/wait.py:95: TimeoutException","steps":[{"name":"Click Login link","time":{"start":1697590894653,"stop":1697590904671,"duration":10018},"status":"broken","statusMessage":"selenium.common.exceptions.TimeoutException: Message: \nStacktrace:\n#0 0x55f3458326b3 <unknown>\n#1 0x55f3455081e7 <unknown>\n#2 0x55f34554f566 <unknown>\n#3 0x55f34554f651 <unknown>\n#4 0x55f34558ca74 <unknown>\n#5 0x55f3455710ed <unknown>\n#6 0x55f34558a322 <unknown>\n#7 0x55f345570e93 <unknown>\n#8 0x55f345543934 <unknown>\n#9 0x55f34554471e <unknown>\n#10 0x55f3457f7cb8 <unknown>\n#11 0x55f3457fbbf0 <unknown>\n#12 0x55f34580619c <unknown>\n#13 0x55f3457fc808 <unknown>\n#14 0x55f3457c927f <unknown>\n#15 0x55f345820e88 <unknown>\n#16 0x55f345821059 <unknown>\n#17 0x55f345831843 <unknown>\n#18 0x7f8f00e94b43 <unknown>\n\n","statusTrace":"  File \"/home/runner/work/kisangateway-test/kisangateway-test/.venv/lib/python3.11/site-packages/allure_commons/_allure.py\", line 192, in impl\n    return func(*a, **kw)\n           ^^^^^^^^^^^^^^\n  File \"/home/runner/work/kisangateway-test/kisangateway-test/pages/about_page.py\", line 20, in click_login_link\n    self.click(self.LOGIN_LINK)\n  File \"/home/runner/work/kisangateway-test/kisangateway-test/pages/base_page.py\", line 38, in click\n    el: WebElement = self.wait.until(\n                     ^^^^^^^^^^^^^^^^\n  File \"/home/runner/work/kisangateway-test/kisangateway-test/.venv/lib/python3.11/site-packages/selenium/webdriver/support/wait.py\", line 95, in until\n    raise TimeoutException(message, screen, stacktrace)\n","steps":[],"attachments":[],"parameters":[],"stepsCount":0,"attachmentsCount":0,"hasContent":true,"shouldDisplayMessage":true}],"attachments":[{"uid":"958b5a082ba73214","name":"public ip address","source":"958b5a082ba73214.txt","type":"text/plain","size":11},{"uid":"4ea24484c1653677","name":"Cookies","source":"4ea24484c1653677.json","type":"application/json","size":2},{"uid":"383be17ee2bf9da3","name":"Session Storage","source":"383be17ee2bf9da3.json","type":"application/json","size":2},{"uid":"66a34e08f6f92591","name":"Local Storage","source":"66a34e08f6f92591.json","type":"application/json","size":2},{"uid":"9a0e48765594d4f2","name":"Console Logs","source":"9a0e48765594d4f2.json","type":"application/json","size":823},{"uid":"3b56cafa6b2fb005","name":"Full Page Screenshot","source":"3b56cafa6b2fb005.png","type":"image/png","size":1496512},{"uid":"fb7ec967b78c08a4","name":"URL","source":"fb7ec967b78c08a4.uri","type":"text/uri-list","size":25},{"uid":"2aff2b8a0ca479c4","name":"Network Logs","source":"2aff2b8a0ca479c4.json","type":"application/json","size":13953}],"parameters":[],"stepsCount":1,"attachmentsCount":8,"hasContent":true,"shouldDisplayMessage":true},"afterStages":[],"labels":[{"name":"feature","value":"Login"},{"name":"severity","value":"blocker"},{"name":"epic","value":"Security"},{"name":"tag","value":"Tagged test"},{"name":"tag","value":"run(order=1)"},{"name":"tag","value":"security"},{"name":"parentSuite","value":"tests"},{"name":"suite","value":"test_login"},{"name":"subSuite","value":"TestLogin"},{"name":"host","value":"fv-az255-233"},{"name":"thread","value":"2099-MainThread"},{"name":"framework","value":"pytest"},{"name":"language","value":"cpython3"},{"name":"package","value":"tests.test_login"},{"name":"resultFormat","value":"allure2"}],"parameters":[],"links":[],"hidden":false,"retry":false,"extra":{"severity":"blocker","retries":[],"categories":[{"name":"Test defects","matchedStatuses":[],"flaky":false}],"tags":["security","Tagged test","run(order=1)"]},"source":"a0446c8abf767b87.json","parameterValues":[]}