{"uid":"a2369504484ba92c","name":"Search for existing project test","fullName":"tests.test_workspaces.TestWorkspaces#test_search_project","historyId":"3072e00dfd01d41bcf7852018b214f8a","time":{"start":1697591015724,"stop":1697591015724,"duration":0},"description":"Search for an existing project","descriptionHtml":"<p>Search for an existing project</p>\n","status":"broken","statusMessage":"selenium.common.exceptions.TimeoutException: Message: \nStacktrace:\n#0 0x560e1d1306b3 <unknown>\n#1 0x560e1ce061e7 <unknown>\n#2 0x560e1ce4d566 <unknown>\n#3 0x560e1ce4d651 <unknown>\n#4 0x560e1ce8aa74 <unknown>\n#5 0x560e1ce6f0ed <unknown>\n#6 0x560e1ce88322 <unknown>\n#7 0x560e1ce6ee93 <unknown>\n#8 0x560e1ce41934 <unknown>\n#9 0x560e1ce4271e <unknown>\n#10 0x560e1d0f5cb8 <unknown>\n#11 0x560e1d0f9bf0 <unknown>\n#12 0x560e1d10419c <unknown>\n#13 0x560e1d0fa808 <unknown>\n#14 0x560e1d0c727f <unknown>\n#15 0x560e1d11ee88 <unknown>\n#16 0x560e1d11f059 <unknown>\n#17 0x560e1d12f843 <unknown>\n#18 0x7f18a8494b43 <unknown>","statusTrace":"self = <tests.test_workspaces.TestWorkspaces object at 0x7fa6e8cc7cd0>\nsecret_data = {'email': '', 'password': ''}\n\n    @pytest.fixture(autouse=True)\n    def setup_method_fixture(self, secret_data: dict):\n>       login(secret_data, self.about_page, self.login_page)\n\ntests/test_workspaces.py:23: \n_ _ _ _ _ _ _ _ _ _ _ _ _ _ _ _ _ _ _ _ _ _ _ _ _ _ _ _ _ _ _ _ _ _ _ _ _ _ _ _ \ntests/test_workspaces.py:13: in login\n    about_page.click_login_link()\npages/about_page.py:20: in click_login_link\n    self.click(self.LOGIN_LINK)\npages/base_page.py:38: in click\n    el: WebElement = self.wait.until(\n_ _ _ _ _ _ _ _ _ _ _ _ _ _ _ _ _ _ _ _ _ _ _ _ _ _ _ _ _ _ _ _ _ _ _ _ _ _ _ _ \n\nself = <selenium.webdriver.support.wait.WebDriverWait (session=\"e8dd5bc8178a0daf7d234474411a3627\")>\nmethod = <function element_to_be_clickable.<locals>._predicate at 0x7fa6e8c0d620>\nmessage = ''\n\n    def until(self, method, message: str = \"\"):\n        \"\"\"Calls the method provided with the driver as an argument until the \\\n        return value does not evaluate to ``False``.\n    \n        :param method: callable(WebDriver)\n        :param message: optional message for :exc:`TimeoutException`\n        :returns: the result of the last call to `method`\n        :raises: :exc:`selenium.common.exceptions.TimeoutException` if timeout occurs\n        \"\"\"\n        screen = None\n        stacktrace = None\n    \n        end_time = time.monotonic() + self._timeout\n        while True:\n            try:\n                value = method(self._driver)\n                if value:\n                    return value\n            except self._ignored_exceptions as exc:\n                screen = getattr(exc, \"screen\", None)\n                stacktrace = getattr(exc, \"stacktrace\", None)\n            time.sleep(self._poll)\n            if time.monotonic() > end_time:\n                break\n>       raise TimeoutException(message, screen, stacktrace)\nE       selenium.common.exceptions.TimeoutException: Message: \nE       Stacktrace:\nE       #0 0x560e1d1306b3 <unknown>\nE       #1 0x560e1ce061e7 <unknown>\nE       #2 0x560e1ce4d566 <unknown>\nE       #3 0x560e1ce4d651 <unknown>\nE       #4 0x560e1ce8aa74 <unknown>\nE       #5 0x560e1ce6f0ed <unknown>\nE       #6 0x560e1ce88322 <unknown>\nE       #7 0x560e1ce6ee93 <unknown>\nE       #8 0x560e1ce41934 <unknown>\nE       #9 0x560e1ce4271e <unknown>\nE       #10 0x560e1d0f5cb8 <unknown>\nE       #11 0x560e1d0f9bf0 <unknown>\nE       #12 0x560e1d10419c <unknown>\nE       #13 0x560e1d0fa808 <unknown>\nE       #14 0x560e1d0c727f <unknown>\nE       #15 0x560e1d11ee88 <unknown>\nE       #16 0x560e1d11f059 <unknown>\nE       #17 0x560e1d12f843 <unknown>\nE       #18 0x7f18a8494b43 <unknown>\n\n.venv/lib/python3.11/site-packages/selenium/webdriver/support/wait.py:95: TimeoutException","flaky":false,"newFailed":false,"newBroken":false,"newPassed":false,"retriesCount":0,"retriesStatusChange":false,"beforeStages":[{"name":"base_url","time":{"start":1697590894650,"stop":1697590894650,"duration":0},"status":"passed","steps":[],"attachments":[],"parameters":[],"stepsCount":0,"attachmentsCount":0,"hasContent":false,"shouldDisplayMessage":false},{"name":"secret_data","time":{"start":1697590894650,"stop":1697590894651,"duration":1},"status":"passed","steps":[],"attachments":[],"parameters":[],"stepsCount":0,"attachmentsCount":0,"hasContent":false,"shouldDisplayMessage":false},{"name":"_verify_url","time":{"start":1697590894650,"stop":1697590894650,"duration":0},"status":"passed","steps":[],"attachments":[],"parameters":[],"stepsCount":0,"attachmentsCount":0,"hasContent":false,"shouldDisplayMessage":false},{"name":"json_data","time":{"start":1697590894651,"stop":1697590894651,"duration":0},"status":"passed","steps":[],"attachments":[],"parameters":[],"stepsCount":0,"attachmentsCount":0,"hasContent":false,"shouldDisplayMessage":false},{"name":"setup_method_fixture","time":{"start":1697591017278,"stop":1697591027694,"duration":10416},"status":"broken","statusMessage":"selenium.common.exceptions.TimeoutException: Message: \nStacktrace:\n#0 0x560e1d1306b3 <unknown>\n#1 0x560e1ce061e7 <unknown>\n#2 0x560e1ce4d566 <unknown>\n#3 0x560e1ce4d651 <unknown>\n#4 0x560e1ce8aa74 <unknown>\n#5 0x560e1ce6f0ed <unknown>\n#6 0x560e1ce88322 <unknown>\n#7 0x560e1ce6ee93 <unknown>\n#8 0x560e1ce41934 <unknown>\n#9 0x560e1ce4271e <unknown>\n#10 0x560e1d0f5cb8 <unknown>\n#11 0x560e1d0f9bf0 <unknown>\n#12 0x560e1d10419c <unknown>\n#13 0x560e1d0fa808 <unknown>\n#14 0x560e1d0c727f <unknown>\n#15 0x560e1d11ee88 <unknown>\n#16 0x560e1d11f059 <unknown>\n#17 0x560e1d12f843 <unknown>\n#18 0x7f18a8494b43 <unknown>\n\n","statusTrace":"  File \"/home/runner/work/kisangateway-test/kisangateway-test/.venv/lib/python3.11/site-packages/pluggy/_callers.py\", line 80, in _multicall\n    res = hook_impl.function(*args)\n          ^^^^^^^^^^^^^^^^^^^^^^^^^\n  File \"/home/runner/work/kisangateway-test/kisangateway-test/.venv/lib/python3.11/site-packages/_pytest/fixtures.py\", line 1123, in pytest_fixture_setup\n    result = call_fixture_func(fixturefunc, request, kwargs)\n             ^^^^^^^^^^^^^^^^^^^^^^^^^^^^^^^^^^^^^^^^^^^^^^^\n  File \"/home/runner/work/kisangateway-test/kisangateway-test/.venv/lib/python3.11/site-packages/_pytest/fixtures.py\", line 902, in call_fixture_func\n    fixture_result = fixturefunc(**kwargs)\n                     ^^^^^^^^^^^^^^^^^^^^^\n  File \"/home/runner/work/kisangateway-test/kisangateway-test/tests/test_workspaces.py\", line 23, in setup_method_fixture\n    login(secret_data, self.about_page, self.login_page)\n  File \"/home/runner/work/kisangateway-test/kisangateway-test/tests/test_workspaces.py\", line 13, in login\n    about_page.click_login_link()\n  File \"/home/runner/work/kisangateway-test/kisangateway-test/.venv/lib/python3.11/site-packages/allure_commons/_allure.py\", line 192, in impl\n    return func(*a, **kw)\n           ^^^^^^^^^^^^^^\n  File \"/home/runner/work/kisangateway-test/kisangateway-test/pages/about_page.py\", line 20, in click_login_link\n    self.click(self.LOGIN_LINK)\n  File \"/home/runner/work/kisangateway-test/kisangateway-test/pages/base_page.py\", line 38, in click\n    el: WebElement = self.wait.until(\n                     ^^^^^^^^^^^^^^^^\n  File \"/home/runner/work/kisangateway-test/kisangateway-test/.venv/lib/python3.11/site-packages/selenium/webdriver/support/wait.py\", line 95, in until\n    raise TimeoutException(message, screen, stacktrace)\n","steps":[{"name":"Click Login link","time":{"start":1697591017278,"stop":1697591027693,"duration":10415},"status":"broken","statusMessage":"selenium.common.exceptions.TimeoutException: Message: \nStacktrace:\n#0 0x560e1d1306b3 <unknown>\n#1 0x560e1ce061e7 <unknown>\n#2 0x560e1ce4d566 <unknown>\n#3 0x560e1ce4d651 <unknown>\n#4 0x560e1ce8aa74 <unknown>\n#5 0x560e1ce6f0ed <unknown>\n#6 0x560e1ce88322 <unknown>\n#7 0x560e1ce6ee93 <unknown>\n#8 0x560e1ce41934 <unknown>\n#9 0x560e1ce4271e <unknown>\n#10 0x560e1d0f5cb8 <unknown>\n#11 0x560e1d0f9bf0 <unknown>\n#12 0x560e1d10419c <unknown>\n#13 0x560e1d0fa808 <unknown>\n#14 0x560e1d0c727f <unknown>\n#15 0x560e1d11ee88 <unknown>\n#16 0x560e1d11f059 <unknown>\n#17 0x560e1d12f843 <unknown>\n#18 0x7f18a8494b43 <unknown>\n\n","statusTrace":"  File \"/home/runner/work/kisangateway-test/kisangateway-test/.venv/lib/python3.11/site-packages/allure_commons/_allure.py\", line 192, in impl\n    return func(*a, **kw)\n           ^^^^^^^^^^^^^^\n  File \"/home/runner/work/kisangateway-test/kisangateway-test/pages/about_page.py\", line 20, in click_login_link\n    self.click(self.LOGIN_LINK)\n  File \"/home/runner/work/kisangateway-test/kisangateway-test/pages/base_page.py\", line 38, in click\n    el: WebElement = self.wait.until(\n                     ^^^^^^^^^^^^^^^^\n  File \"/home/runner/work/kisangateway-test/kisangateway-test/.venv/lib/python3.11/site-packages/selenium/webdriver/support/wait.py\", line 95, in until\n    raise TimeoutException(message, screen, stacktrace)\n","steps":[],"attachments":[],"parameters":[],"stepsCount":0,"attachmentsCount":0,"hasContent":true,"shouldDisplayMessage":true}],"attachments":[],"parameters":[],"stepsCount":1,"attachmentsCount":0,"hasContent":true,"shouldDisplayMessage":false}],"testStage":{"description":"Search for an existing project","status":"broken","statusMessage":"selenium.common.exceptions.TimeoutException: Message: \nStacktrace:\n#0 0x560e1d1306b3 <unknown>\n#1 0x560e1ce061e7 <unknown>\n#2 0x560e1ce4d566 <unknown>\n#3 0x560e1ce4d651 <unknown>\n#4 0x560e1ce8aa74 <unknown>\n#5 0x560e1ce6f0ed <unknown>\n#6 0x560e1ce88322 <unknown>\n#7 0x560e1ce6ee93 <unknown>\n#8 0x560e1ce41934 <unknown>\n#9 0x560e1ce4271e <unknown>\n#10 0x560e1d0f5cb8 <unknown>\n#11 0x560e1d0f9bf0 <unknown>\n#12 0x560e1d10419c <unknown>\n#13 0x560e1d0fa808 <unknown>\n#14 0x560e1d0c727f <unknown>\n#15 0x560e1d11ee88 <unknown>\n#16 0x560e1d11f059 <unknown>\n#17 0x560e1d12f843 <unknown>\n#18 0x7f18a8494b43 <unknown>","statusTrace":"self = <tests.test_workspaces.TestWorkspaces object at 0x7fa6e8cc7cd0>\nsecret_data = {'email': '', 'password': ''}\n\n    @pytest.fixture(autouse=True)\n    def setup_method_fixture(self, secret_data: dict):\n>       login(secret_data, self.about_page, self.login_page)\n\ntests/test_workspaces.py:23: \n_ _ _ _ _ _ _ _ _ _ _ _ _ _ _ _ _ _ _ _ _ _ _ _ _ _ _ _ _ _ _ _ _ _ _ _ _ _ _ _ \ntests/test_workspaces.py:13: in login\n    about_page.click_login_link()\npages/about_page.py:20: in click_login_link\n    self.click(self.LOGIN_LINK)\npages/base_page.py:38: in click\n    el: WebElement = self.wait.until(\n_ _ _ _ _ _ _ _ _ _ _ _ _ _ _ _ _ _ _ _ _ _ _ _ _ _ _ _ _ _ _ _ _ _ _ _ _ _ _ _ \n\nself = <selenium.webdriver.support.wait.WebDriverWait (session=\"e8dd5bc8178a0daf7d234474411a3627\")>\nmethod = <function element_to_be_clickable.<locals>._predicate at 0x7fa6e8c0d620>\nmessage = ''\n\n    def until(self, method, message: str = \"\"):\n        \"\"\"Calls the method provided with the driver as an argument until the \\\n        return value does not evaluate to ``False``.\n    \n        :param method: callable(WebDriver)\n        :param message: optional message for :exc:`TimeoutException`\n        :returns: the result of the last call to `method`\n        :raises: :exc:`selenium.common.exceptions.TimeoutException` if timeout occurs\n        \"\"\"\n        screen = None\n        stacktrace = None\n    \n        end_time = time.monotonic() + self._timeout\n        while True:\n            try:\n                value = method(self._driver)\n                if value:\n                    return value\n            except self._ignored_exceptions as exc:\n                screen = getattr(exc, \"screen\", None)\n                stacktrace = getattr(exc, \"stacktrace\", None)\n            time.sleep(self._poll)\n            if time.monotonic() > end_time:\n                break\n>       raise TimeoutException(message, screen, stacktrace)\nE       selenium.common.exceptions.TimeoutException: Message: \nE       Stacktrace:\nE       #0 0x560e1d1306b3 <unknown>\nE       #1 0x560e1ce061e7 <unknown>\nE       #2 0x560e1ce4d566 <unknown>\nE       #3 0x560e1ce4d651 <unknown>\nE       #4 0x560e1ce8aa74 <unknown>\nE       #5 0x560e1ce6f0ed <unknown>\nE       #6 0x560e1ce88322 <unknown>\nE       #7 0x560e1ce6ee93 <unknown>\nE       #8 0x560e1ce41934 <unknown>\nE       #9 0x560e1ce4271e <unknown>\nE       #10 0x560e1d0f5cb8 <unknown>\nE       #11 0x560e1d0f9bf0 <unknown>\nE       #12 0x560e1d10419c <unknown>\nE       #13 0x560e1d0fa808 <unknown>\nE       #14 0x560e1d0c727f <unknown>\nE       #15 0x560e1d11ee88 <unknown>\nE       #16 0x560e1d11f059 <unknown>\nE       #17 0x560e1d12f843 <unknown>\nE       #18 0x7f18a8494b43 <unknown>\n\n.venv/lib/python3.11/site-packages/selenium/webdriver/support/wait.py:95: TimeoutException","steps":[],"attachments":[{"uid":"67a37be0ed39be77","name":"public ip address","source":"67a37be0ed39be77.txt","type":"text/plain","size":11},{"uid":"12a706474788058a","name":"Cookies","source":"12a706474788058a.json","type":"application/json","size":2},{"uid":"53a9590b638be1b5","name":"Session Storage","source":"53a9590b638be1b5.json","type":"application/json","size":2},{"uid":"c228579c4441fb25","name":"Local Storage","source":"c228579c4441fb25.json","type":"application/json","size":2},{"uid":"a714bd7097c613ee","name":"Console Logs","source":"a714bd7097c613ee.json","type":"application/json","size":2},{"uid":"c6758b8c76a59359","name":"Full Page Screenshot","source":"c6758b8c76a59359.png","type":"image/png","size":1496512},{"uid":"bc62cbe4e11e9ada","name":"URL","source":"bc62cbe4e11e9ada.uri","type":"text/uri-list","size":25},{"uid":"aac497429a309a72","name":"Network Logs","source":"aac497429a309a72.json","type":"application/json","size":14001}],"parameters":[],"stepsCount":0,"attachmentsCount":8,"hasContent":true,"shouldDisplayMessage":true},"afterStages":[],"labels":[{"name":"epic","value":"Workspaces"},{"name":"story","value":"WorkSpaces Creation and Editing Functionality"},{"name":"severity","value":"normal"},{"name":"tag","value":"run(order=6)"},{"name":"parentSuite","value":"tests"},{"name":"suite","value":"test_workspaces"},{"name":"subSuite","value":"TestWorkspaces"},{"name":"host","value":"fv-az255-233"},{"name":"thread","value":"2099-MainThread"},{"name":"framework","value":"pytest"},{"name":"language","value":"cpython3"},{"name":"package","value":"tests.test_workspaces"},{"name":"resultFormat","value":"allure2"}],"parameters":[],"links":[],"hidden":false,"retry":false,"extra":{"severity":"normal","retries":[],"categories":[{"name":"Test defects","matchedStatuses":[],"flaky":false}],"tags":["run(order=6)"]},"source":"a2369504484ba92c.json","parameterValues":[]}