{"uid":"4bbed398e834414c","name":"Login with invalid credentials test","fullName":"tests.test_login.TestLogin#test_invalid_login","historyId":"d4a74b5adfb086f235dc50992a7adb79","time":{"start":1699491823882,"stop":1699491834122,"duration":10240},"description":"invalid login","descriptionHtml":"<p>invalid login</p>\n","status":"broken","statusMessage":"selenium.common.exceptions.TimeoutException: Message: \nStacktrace:\n#0 0x56489e926fb3 <unknown>\n#1 0x56489e5fa4a7 <unknown>\n#2 0x56489e641dd6 <unknown>\n#3 0x56489e641ec1 <unknown>\n#4 0x56489e67f354 <unknown>\n#5 0x56489e66396d <unknown>\n#6 0x56489e67cc02 <unknown>\n#7 0x56489e663713 <unknown>\n#8 0x56489e63618b <unknown>\n#9 0x56489e636f7e <unknown>\n#10 0x56489e8ec8d8 <unknown>\n#11 0x56489e8f0800 <unknown>\n#12 0x56489e8facfc <unknown>\n#13 0x56489e8f1418 <unknown>\n#14 0x56489e8be42f <unknown>\n#15 0x56489e9154e8 <unknown>\n#16 0x56489e9156b4 <unknown>\n#17 0x56489e926143 <unknown>\n#18 0x7f0910894ac3 <unknown>","statusTrace":"self = <tests.test_login.TestLogin object at 0x7f5dd37f0310>\nemail = 'nirt236@gmail.com', password = '123456'\njson_data = {'forgot_password': {'error_message': \"We can't find a user with that e-mail address.\", 'success_message': 'A reset li...you page', 'name': 'test', 'new_name': 'another test', 'no_project_found_msg': 'No project matches the criteria', ...}}\n\n    @allure.description(\"invalid login\")\n    @allure.title(\"Login with invalid credentials test\")\n    @pytest.mark.parametrize(\"email, password\", users)\n    @pytest.mark.run(order=3)\n    def test_invalid_login(self, email: str, password: str, json_data: dict):\n>       self.about_page.click_login_link()\n\ntests/test_login.py:22: \n_ _ _ _ _ _ _ _ _ _ _ _ _ _ _ _ _ _ _ _ _ _ _ _ _ _ _ _ _ _ _ _ _ _ _ _ _ _ _ _ \npages/about_page.py:20: in click_login_link\n    self.click(self.LOGIN_LINK)\npages/base_page.py:38: in click\n    el: WebElement = self.wait.until(\n_ _ _ _ _ _ _ _ _ _ _ _ _ _ _ _ _ _ _ _ _ _ _ _ _ _ _ _ _ _ _ _ _ _ _ _ _ _ _ _ \n\nself = <selenium.webdriver.support.wait.WebDriverWait (session=\"628b8a55d8093a5659c0496f9971b69e\")>\nmethod = <function element_to_be_clickable.<locals>._predicate at 0x7f5dd33a0ea0>\nmessage = ''\n\n    def until(self, method, message: str = \"\"):\n        \"\"\"Calls the method provided with the driver as an argument until the \\\n        return value does not evaluate to ``False``.\n    \n        :param method: callable(WebDriver)\n        :param message: optional message for :exc:`TimeoutException`\n        :returns: the result of the last call to `method`\n        :raises: :exc:`selenium.common.exceptions.TimeoutException` if timeout occurs\n        \"\"\"\n        screen = None\n        stacktrace = None\n    \n        end_time = time.monotonic() + self._timeout\n        while True:\n            try:\n                value = method(self._driver)\n                if value:\n                    return value\n            except self._ignored_exceptions as exc:\n                screen = getattr(exc, \"screen\", None)\n                stacktrace = getattr(exc, \"stacktrace\", None)\n            time.sleep(self._poll)\n            if time.monotonic() > end_time:\n                break\n>       raise TimeoutException(message, screen, stacktrace)\nE       selenium.common.exceptions.TimeoutException: Message: \nE       Stacktrace:\nE       #0 0x56489e926fb3 <unknown>\nE       #1 0x56489e5fa4a7 <unknown>\nE       #2 0x56489e641dd6 <unknown>\nE       #3 0x56489e641ec1 <unknown>\nE       #4 0x56489e67f354 <unknown>\nE       #5 0x56489e66396d <unknown>\nE       #6 0x56489e67cc02 <unknown>\nE       #7 0x56489e663713 <unknown>\nE       #8 0x56489e63618b <unknown>\nE       #9 0x56489e636f7e <unknown>\nE       #10 0x56489e8ec8d8 <unknown>\nE       #11 0x56489e8f0800 <unknown>\nE       #12 0x56489e8facfc <unknown>\nE       #13 0x56489e8f1418 <unknown>\nE       #14 0x56489e8be42f <unknown>\nE       #15 0x56489e9154e8 <unknown>\nE       #16 0x56489e9156b4 <unknown>\nE       #17 0x56489e926143 <unknown>\nE       #18 0x7f0910894ac3 <unknown>\n\n.venv/lib/python3.11/site-packages/selenium/webdriver/support/wait.py:95: TimeoutException","flaky":false,"newFailed":false,"newBroken":false,"newPassed":false,"retriesCount":0,"retriesStatusChange":false,"beforeStages":[{"name":"base_url","time":{"start":1699491770936,"stop":1699491770936,"duration":0},"status":"passed","steps":[],"attachments":[],"parameters":[],"shouldDisplayMessage":false,"stepsCount":0,"attachmentsCount":0,"hasContent":false},{"name":"_verify_url","time":{"start":1699491770936,"stop":1699491770936,"duration":0},"status":"passed","steps":[],"attachments":[],"parameters":[],"shouldDisplayMessage":false,"stepsCount":0,"attachmentsCount":0,"hasContent":false},{"name":"json_data","time":{"start":1699491770937,"stop":1699491770937,"duration":0},"status":"passed","steps":[],"attachments":[],"parameters":[],"shouldDisplayMessage":false,"stepsCount":0,"attachmentsCount":0,"hasContent":false}],"testStage":{"description":"invalid login","status":"broken","statusMessage":"selenium.common.exceptions.TimeoutException: Message: \nStacktrace:\n#0 0x56489e926fb3 <unknown>\n#1 0x56489e5fa4a7 <unknown>\n#2 0x56489e641dd6 <unknown>\n#3 0x56489e641ec1 <unknown>\n#4 0x56489e67f354 <unknown>\n#5 0x56489e66396d <unknown>\n#6 0x56489e67cc02 <unknown>\n#7 0x56489e663713 <unknown>\n#8 0x56489e63618b <unknown>\n#9 0x56489e636f7e <unknown>\n#10 0x56489e8ec8d8 <unknown>\n#11 0x56489e8f0800 <unknown>\n#12 0x56489e8facfc <unknown>\n#13 0x56489e8f1418 <unknown>\n#14 0x56489e8be42f <unknown>\n#15 0x56489e9154e8 <unknown>\n#16 0x56489e9156b4 <unknown>\n#17 0x56489e926143 <unknown>\n#18 0x7f0910894ac3 <unknown>","statusTrace":"self = <tests.test_login.TestLogin object at 0x7f5dd37f0310>\nemail = 'nirt236@gmail.com', password = '123456'\njson_data = {'forgot_password': {'error_message': \"We can't find a user with that e-mail address.\", 'success_message': 'A reset li...you page', 'name': 'test', 'new_name': 'another test', 'no_project_found_msg': 'No project matches the criteria', ...}}\n\n    @allure.description(\"invalid login\")\n    @allure.title(\"Login with invalid credentials test\")\n    @pytest.mark.parametrize(\"email, password\", users)\n    @pytest.mark.run(order=3)\n    def test_invalid_login(self, email: str, password: str, json_data: dict):\n>       self.about_page.click_login_link()\n\ntests/test_login.py:22: \n_ _ _ _ _ _ _ _ _ _ _ _ _ _ _ _ _ _ _ _ _ _ _ _ _ _ _ _ _ _ _ _ _ _ _ _ _ _ _ _ \npages/about_page.py:20: in click_login_link\n    self.click(self.LOGIN_LINK)\npages/base_page.py:38: in click\n    el: WebElement = self.wait.until(\n_ _ _ _ _ _ _ _ _ _ _ _ _ _ _ _ _ _ _ _ _ _ _ _ _ _ _ _ _ _ _ _ _ _ _ _ _ _ _ _ \n\nself = <selenium.webdriver.support.wait.WebDriverWait (session=\"628b8a55d8093a5659c0496f9971b69e\")>\nmethod = <function element_to_be_clickable.<locals>._predicate at 0x7f5dd33a0ea0>\nmessage = ''\n\n    def until(self, method, message: str = \"\"):\n        \"\"\"Calls the method provided with the driver as an argument until the \\\n        return value does not evaluate to ``False``.\n    \n        :param method: callable(WebDriver)\n        :param message: optional message for :exc:`TimeoutException`\n        :returns: the result of the last call to `method`\n        :raises: :exc:`selenium.common.exceptions.TimeoutException` if timeout occurs\n        \"\"\"\n        screen = None\n        stacktrace = None\n    \n        end_time = time.monotonic() + self._timeout\n        while True:\n            try:\n                value = method(self._driver)\n                if value:\n                    return value\n            except self._ignored_exceptions as exc:\n                screen = getattr(exc, \"screen\", None)\n                stacktrace = getattr(exc, \"stacktrace\", None)\n            time.sleep(self._poll)\n            if time.monotonic() > end_time:\n                break\n>       raise TimeoutException(message, screen, stacktrace)\nE       selenium.common.exceptions.TimeoutException: Message: \nE       Stacktrace:\nE       #0 0x56489e926fb3 <unknown>\nE       #1 0x56489e5fa4a7 <unknown>\nE       #2 0x56489e641dd6 <unknown>\nE       #3 0x56489e641ec1 <unknown>\nE       #4 0x56489e67f354 <unknown>\nE       #5 0x56489e66396d <unknown>\nE       #6 0x56489e67cc02 <unknown>\nE       #7 0x56489e663713 <unknown>\nE       #8 0x56489e63618b <unknown>\nE       #9 0x56489e636f7e <unknown>\nE       #10 0x56489e8ec8d8 <unknown>\nE       #11 0x56489e8f0800 <unknown>\nE       #12 0x56489e8facfc <unknown>\nE       #13 0x56489e8f1418 <unknown>\nE       #14 0x56489e8be42f <unknown>\nE       #15 0x56489e9154e8 <unknown>\nE       #16 0x56489e9156b4 <unknown>\nE       #17 0x56489e926143 <unknown>\nE       #18 0x7f0910894ac3 <unknown>\n\n.venv/lib/python3.11/site-packages/selenium/webdriver/support/wait.py:95: TimeoutException","steps":[{"name":"Click Login link","time":{"start":1699491823882,"stop":1699491834122,"duration":10240},"status":"broken","statusMessage":"selenium.common.exceptions.TimeoutException: Message: \nStacktrace:\n#0 0x56489e926fb3 <unknown>\n#1 0x56489e5fa4a7 <unknown>\n#2 0x56489e641dd6 <unknown>\n#3 0x56489e641ec1 <unknown>\n#4 0x56489e67f354 <unknown>\n#5 0x56489e66396d <unknown>\n#6 0x56489e67cc02 <unknown>\n#7 0x56489e663713 <unknown>\n#8 0x56489e63618b <unknown>\n#9 0x56489e636f7e <unknown>\n#10 0x56489e8ec8d8 <unknown>\n#11 0x56489e8f0800 <unknown>\n#12 0x56489e8facfc <unknown>\n#13 0x56489e8f1418 <unknown>\n#14 0x56489e8be42f <unknown>\n#15 0x56489e9154e8 <unknown>\n#16 0x56489e9156b4 <unknown>\n#17 0x56489e926143 <unknown>\n#18 0x7f0910894ac3 <unknown>\n\n","statusTrace":"  File \"/home/runner/work/kisangateway-test/kisangateway-test/.venv/lib/python3.11/site-packages/allure_commons/_allure.py\", line 192, in impl\n    return func(*a, **kw)\n           ^^^^^^^^^^^^^^\n  File \"/home/runner/work/kisangateway-test/kisangateway-test/pages/about_page.py\", line 20, in click_login_link\n    self.click(self.LOGIN_LINK)\n  File \"/home/runner/work/kisangateway-test/kisangateway-test/pages/base_page.py\", line 38, in click\n    el: WebElement = self.wait.until(\n                     ^^^^^^^^^^^^^^^^\n  File \"/home/runner/work/kisangateway-test/kisangateway-test/.venv/lib/python3.11/site-packages/selenium/webdriver/support/wait.py\", line 95, in until\n    raise TimeoutException(message, screen, stacktrace)\n","steps":[],"attachments":[],"parameters":[],"shouldDisplayMessage":true,"stepsCount":0,"attachmentsCount":0,"hasContent":true}],"attachments":[{"uid":"e7e66948fb1be044","name":"public ip address","source":"e7e66948fb1be044.txt","type":"text/plain","size":12},{"uid":"59cf84c44b6ac2e7","name":"Cookies","source":"59cf84c44b6ac2e7.json","type":"application/json","size":2},{"uid":"f226a79a4b5edf4e","name":"Session Storage","source":"f226a79a4b5edf4e.json","type":"application/json","size":2},{"uid":"fcd05ef726d67afc","name":"Local Storage","source":"fcd05ef726d67afc.json","type":"application/json","size":2},{"uid":"b18769441c4b6864","name":"Console Logs","source":"b18769441c4b6864.json","type":"application/json","size":2},{"uid":"2e2b3debafdcf8d1","name":"Full Page Screenshot","source":"2e2b3debafdcf8d1.png","type":"image/png","size":1496512},{"uid":"69dc72f1da4135a0","name":"URL","source":"69dc72f1da4135a0.uri","type":"text/uri-list","size":25},{"uid":"de82cd41c0007b37","name":"Network Logs","source":"de82cd41c0007b37.json","type":"application/json","size":13996}],"parameters":[],"shouldDisplayMessage":true,"stepsCount":1,"attachmentsCount":8,"hasContent":true},"afterStages":[],"labels":[{"name":"feature","value":"Login"},{"name":"severity","value":"blocker"},{"name":"epic","value":"Security"},{"name":"tag","value":"run(order=3)"},{"name":"tag","value":"security"},{"name":"parentSuite","value":"tests"},{"name":"suite","value":"test_login"},{"name":"subSuite","value":"TestLogin"},{"name":"host","value":"fv-az581-725"},{"name":"thread","value":"2179-MainThread"},{"name":"framework","value":"pytest"},{"name":"language","value":"cpython3"},{"name":"package","value":"tests.test_login"},{"name":"resultFormat","value":"allure2"}],"parameters":[{"name":"email","value":"'nirt236@gmail.com'"},{"name":"password","value":"'123456'"}],"links":[],"hidden":false,"retry":false,"extra":{"severity":"blocker","retries":[],"categories":[{"name":"Test defects","matchedStatuses":[],"flaky":false}],"tags":["run(order=3)","security"]},"source":"4bbed398e834414c.json","parameterValues":["'nirt236@gmail.com'","'123456'"]}