{"uid":"cd92d5553ec46229","name":"Login with invalid credentials test","fullName":"tests.test_login.TestLogin#test_invalid_login","historyId":"ebd85894ef649ef37954355e1db2cb03","time":{"start":1699491837575,"stop":1699491847765,"duration":10190},"description":"invalid login","descriptionHtml":"<p>invalid login</p>\n","status":"broken","statusMessage":"selenium.common.exceptions.TimeoutException: Message: \nStacktrace:\n#0 0x56475a412fb3 <unknown>\n#1 0x56475a0e64a7 <unknown>\n#2 0x56475a12ddd6 <unknown>\n#3 0x56475a12dec1 <unknown>\n#4 0x56475a16b354 <unknown>\n#5 0x56475a14f96d <unknown>\n#6 0x56475a168c02 <unknown>\n#7 0x56475a14f713 <unknown>\n#8 0x56475a12218b <unknown>\n#9 0x56475a122f7e <unknown>\n#10 0x56475a3d88d8 <unknown>\n#11 0x56475a3dc800 <unknown>\n#12 0x56475a3e6cfc <unknown>\n#13 0x56475a3dd418 <unknown>\n#14 0x56475a3aa42f <unknown>\n#15 0x56475a4014e8 <unknown>\n#16 0x56475a4016b4 <unknown>\n#17 0x56475a412143 <unknown>\n#18 0x7fbc48c94ac3 <unknown>","statusTrace":"self = <tests.test_login.TestLogin object at 0x7f5dd37f0110>\nemail = 'elias@gmail.com', password = '12345Tr'\njson_data = {'forgot_password': {'error_message': \"We can't find a user with that e-mail address.\", 'success_message': 'A reset li...you page', 'name': 'test', 'new_name': 'another test', 'no_project_found_msg': 'No project matches the criteria', ...}}\n\n    @allure.description(\"invalid login\")\n    @allure.title(\"Login with invalid credentials test\")\n    @pytest.mark.parametrize(\"email, password\", users)\n    @pytest.mark.run(order=3)\n    def test_invalid_login(self, email: str, password: str, json_data: dict):\n>       self.about_page.click_login_link()\n\ntests/test_login.py:22: \n_ _ _ _ _ _ _ _ _ _ _ _ _ _ _ _ _ _ _ _ _ _ _ _ _ _ _ _ _ _ _ _ _ _ _ _ _ _ _ _ \npages/about_page.py:20: in click_login_link\n    self.click(self.LOGIN_LINK)\npages/base_page.py:38: in click\n    el: WebElement = self.wait.until(\n_ _ _ _ _ _ _ _ _ _ _ _ _ _ _ _ _ _ _ _ _ _ _ _ _ _ _ _ _ _ _ _ _ _ _ _ _ _ _ _ \n\nself = <selenium.webdriver.support.wait.WebDriverWait (session=\"1ec31dd90062afa5b2da0a3e7a168054\")>\nmethod = <function element_to_be_clickable.<locals>._predicate at 0x7f5dd361f100>\nmessage = ''\n\n    def until(self, method, message: str = \"\"):\n        \"\"\"Calls the method provided with the driver as an argument until the \\\n        return value does not evaluate to ``False``.\n    \n        :param method: callable(WebDriver)\n        :param message: optional message for :exc:`TimeoutException`\n        :returns: the result of the last call to `method`\n        :raises: :exc:`selenium.common.exceptions.TimeoutException` if timeout occurs\n        \"\"\"\n        screen = None\n        stacktrace = None\n    \n        end_time = time.monotonic() + self._timeout\n        while True:\n            try:\n                value = method(self._driver)\n                if value:\n                    return value\n            except self._ignored_exceptions as exc:\n                screen = getattr(exc, \"screen\", None)\n                stacktrace = getattr(exc, \"stacktrace\", None)\n            time.sleep(self._poll)\n            if time.monotonic() > end_time:\n                break\n>       raise TimeoutException(message, screen, stacktrace)\nE       selenium.common.exceptions.TimeoutException: Message: \nE       Stacktrace:\nE       #0 0x56475a412fb3 <unknown>\nE       #1 0x56475a0e64a7 <unknown>\nE       #2 0x56475a12ddd6 <unknown>\nE       #3 0x56475a12dec1 <unknown>\nE       #4 0x56475a16b354 <unknown>\nE       #5 0x56475a14f96d <unknown>\nE       #6 0x56475a168c02 <unknown>\nE       #7 0x56475a14f713 <unknown>\nE       #8 0x56475a12218b <unknown>\nE       #9 0x56475a122f7e <unknown>\nE       #10 0x56475a3d88d8 <unknown>\nE       #11 0x56475a3dc800 <unknown>\nE       #12 0x56475a3e6cfc <unknown>\nE       #13 0x56475a3dd418 <unknown>\nE       #14 0x56475a3aa42f <unknown>\nE       #15 0x56475a4014e8 <unknown>\nE       #16 0x56475a4016b4 <unknown>\nE       #17 0x56475a412143 <unknown>\nE       #18 0x7fbc48c94ac3 <unknown>\n\n.venv/lib/python3.11/site-packages/selenium/webdriver/support/wait.py:95: TimeoutException","flaky":false,"newFailed":false,"newBroken":false,"newPassed":false,"retriesCount":0,"retriesStatusChange":false,"beforeStages":[{"name":"base_url","time":{"start":1699491770936,"stop":1699491770936,"duration":0},"status":"passed","steps":[],"attachments":[],"parameters":[],"shouldDisplayMessage":false,"stepsCount":0,"attachmentsCount":0,"hasContent":false},{"name":"_verify_url","time":{"start":1699491770936,"stop":1699491770936,"duration":0},"status":"passed","steps":[],"attachments":[],"parameters":[],"shouldDisplayMessage":false,"stepsCount":0,"attachmentsCount":0,"hasContent":false},{"name":"json_data","time":{"start":1699491770937,"stop":1699491770937,"duration":0},"status":"passed","steps":[],"attachments":[],"parameters":[],"shouldDisplayMessage":false,"stepsCount":0,"attachmentsCount":0,"hasContent":false}],"testStage":{"description":"invalid login","status":"broken","statusMessage":"selenium.common.exceptions.TimeoutException: Message: \nStacktrace:\n#0 0x56475a412fb3 <unknown>\n#1 0x56475a0e64a7 <unknown>\n#2 0x56475a12ddd6 <unknown>\n#3 0x56475a12dec1 <unknown>\n#4 0x56475a16b354 <unknown>\n#5 0x56475a14f96d <unknown>\n#6 0x56475a168c02 <unknown>\n#7 0x56475a14f713 <unknown>\n#8 0x56475a12218b <unknown>\n#9 0x56475a122f7e <unknown>\n#10 0x56475a3d88d8 <unknown>\n#11 0x56475a3dc800 <unknown>\n#12 0x56475a3e6cfc <unknown>\n#13 0x56475a3dd418 <unknown>\n#14 0x56475a3aa42f <unknown>\n#15 0x56475a4014e8 <unknown>\n#16 0x56475a4016b4 <unknown>\n#17 0x56475a412143 <unknown>\n#18 0x7fbc48c94ac3 <unknown>","statusTrace":"self = <tests.test_login.TestLogin object at 0x7f5dd37f0110>\nemail = 'elias@gmail.com', password = '12345Tr'\njson_data = {'forgot_password': {'error_message': \"We can't find a user with that e-mail address.\", 'success_message': 'A reset li...you page', 'name': 'test', 'new_name': 'another test', 'no_project_found_msg': 'No project matches the criteria', ...}}\n\n    @allure.description(\"invalid login\")\n    @allure.title(\"Login with invalid credentials test\")\n    @pytest.mark.parametrize(\"email, password\", users)\n    @pytest.mark.run(order=3)\n    def test_invalid_login(self, email: str, password: str, json_data: dict):\n>       self.about_page.click_login_link()\n\ntests/test_login.py:22: \n_ _ _ _ _ _ _ _ _ _ _ _ _ _ _ _ _ _ _ _ _ _ _ _ _ _ _ _ _ _ _ _ _ _ _ _ _ _ _ _ \npages/about_page.py:20: in click_login_link\n    self.click(self.LOGIN_LINK)\npages/base_page.py:38: in click\n    el: WebElement = self.wait.until(\n_ _ _ _ _ _ _ _ _ _ _ _ _ _ _ _ _ _ _ _ _ _ _ _ _ _ _ _ _ _ _ _ _ _ _ _ _ _ _ _ \n\nself = <selenium.webdriver.support.wait.WebDriverWait (session=\"1ec31dd90062afa5b2da0a3e7a168054\")>\nmethod = <function element_to_be_clickable.<locals>._predicate at 0x7f5dd361f100>\nmessage = ''\n\n    def until(self, method, message: str = \"\"):\n        \"\"\"Calls the method provided with the driver as an argument until the \\\n        return value does not evaluate to ``False``.\n    \n        :param method: callable(WebDriver)\n        :param message: optional message for :exc:`TimeoutException`\n        :returns: the result of the last call to `method`\n        :raises: :exc:`selenium.common.exceptions.TimeoutException` if timeout occurs\n        \"\"\"\n        screen = None\n        stacktrace = None\n    \n        end_time = time.monotonic() + self._timeout\n        while True:\n            try:\n                value = method(self._driver)\n                if value:\n                    return value\n            except self._ignored_exceptions as exc:\n                screen = getattr(exc, \"screen\", None)\n                stacktrace = getattr(exc, \"stacktrace\", None)\n            time.sleep(self._poll)\n            if time.monotonic() > end_time:\n                break\n>       raise TimeoutException(message, screen, stacktrace)\nE       selenium.common.exceptions.TimeoutException: Message: \nE       Stacktrace:\nE       #0 0x56475a412fb3 <unknown>\nE       #1 0x56475a0e64a7 <unknown>\nE       #2 0x56475a12ddd6 <unknown>\nE       #3 0x56475a12dec1 <unknown>\nE       #4 0x56475a16b354 <unknown>\nE       #5 0x56475a14f96d <unknown>\nE       #6 0x56475a168c02 <unknown>\nE       #7 0x56475a14f713 <unknown>\nE       #8 0x56475a12218b <unknown>\nE       #9 0x56475a122f7e <unknown>\nE       #10 0x56475a3d88d8 <unknown>\nE       #11 0x56475a3dc800 <unknown>\nE       #12 0x56475a3e6cfc <unknown>\nE       #13 0x56475a3dd418 <unknown>\nE       #14 0x56475a3aa42f <unknown>\nE       #15 0x56475a4014e8 <unknown>\nE       #16 0x56475a4016b4 <unknown>\nE       #17 0x56475a412143 <unknown>\nE       #18 0x7fbc48c94ac3 <unknown>\n\n.venv/lib/python3.11/site-packages/selenium/webdriver/support/wait.py:95: TimeoutException","steps":[{"name":"Click Login link","time":{"start":1699491837575,"stop":1699491847764,"duration":10189},"status":"broken","statusMessage":"selenium.common.exceptions.TimeoutException: Message: \nStacktrace:\n#0 0x56475a412fb3 <unknown>\n#1 0x56475a0e64a7 <unknown>\n#2 0x56475a12ddd6 <unknown>\n#3 0x56475a12dec1 <unknown>\n#4 0x56475a16b354 <unknown>\n#5 0x56475a14f96d <unknown>\n#6 0x56475a168c02 <unknown>\n#7 0x56475a14f713 <unknown>\n#8 0x56475a12218b <unknown>\n#9 0x56475a122f7e <unknown>\n#10 0x56475a3d88d8 <unknown>\n#11 0x56475a3dc800 <unknown>\n#12 0x56475a3e6cfc <unknown>\n#13 0x56475a3dd418 <unknown>\n#14 0x56475a3aa42f <unknown>\n#15 0x56475a4014e8 <unknown>\n#16 0x56475a4016b4 <unknown>\n#17 0x56475a412143 <unknown>\n#18 0x7fbc48c94ac3 <unknown>\n\n","statusTrace":"  File \"/home/runner/work/kisangateway-test/kisangateway-test/.venv/lib/python3.11/site-packages/allure_commons/_allure.py\", line 192, in impl\n    return func(*a, **kw)\n           ^^^^^^^^^^^^^^\n  File \"/home/runner/work/kisangateway-test/kisangateway-test/pages/about_page.py\", line 20, in click_login_link\n    self.click(self.LOGIN_LINK)\n  File \"/home/runner/work/kisangateway-test/kisangateway-test/pages/base_page.py\", line 38, in click\n    el: WebElement = self.wait.until(\n                     ^^^^^^^^^^^^^^^^\n  File \"/home/runner/work/kisangateway-test/kisangateway-test/.venv/lib/python3.11/site-packages/selenium/webdriver/support/wait.py\", line 95, in until\n    raise TimeoutException(message, screen, stacktrace)\n","steps":[],"attachments":[],"parameters":[],"shouldDisplayMessage":true,"stepsCount":0,"attachmentsCount":0,"hasContent":true}],"attachments":[{"uid":"12fb249d42a1790c","name":"public ip address","source":"12fb249d42a1790c.txt","type":"text/plain","size":12},{"uid":"67d0550ebe86ff58","name":"Cookies","source":"67d0550ebe86ff58.json","type":"application/json","size":2},{"uid":"45ba66f75bf9f50","name":"Session Storage","source":"45ba66f75bf9f50.json","type":"application/json","size":2},{"uid":"5de1865e1022ec1b","name":"Local Storage","source":"5de1865e1022ec1b.json","type":"application/json","size":2},{"uid":"9b8bd2527fc1e2ff","name":"Console Logs","source":"9b8bd2527fc1e2ff.json","type":"application/json","size":2},{"uid":"edc64b9f5250a76f","name":"Full Page Screenshot","source":"edc64b9f5250a76f.png","type":"image/png","size":1496512},{"uid":"8960cee9224fdd52","name":"URL","source":"8960cee9224fdd52.uri","type":"text/uri-list","size":25},{"uid":"e7a09944ccce7033","name":"Network Logs","source":"e7a09944ccce7033.json","type":"application/json","size":13949}],"parameters":[],"shouldDisplayMessage":true,"stepsCount":1,"attachmentsCount":8,"hasContent":true},"afterStages":[],"labels":[{"name":"feature","value":"Login"},{"name":"severity","value":"blocker"},{"name":"epic","value":"Security"},{"name":"tag","value":"run(order=3)"},{"name":"tag","value":"security"},{"name":"parentSuite","value":"tests"},{"name":"suite","value":"test_login"},{"name":"subSuite","value":"TestLogin"},{"name":"host","value":"fv-az581-725"},{"name":"thread","value":"2179-MainThread"},{"name":"framework","value":"pytest"},{"name":"language","value":"cpython3"},{"name":"package","value":"tests.test_login"},{"name":"resultFormat","value":"allure2"}],"parameters":[{"name":"email","value":"'elias@gmail.com'"},{"name":"password","value":"'12345Tr'"}],"links":[],"hidden":false,"retry":false,"extra":{"severity":"blocker","retries":[],"categories":[{"name":"Test defects","matchedStatuses":[],"flaky":false}],"tags":["run(order=3)","security"]},"source":"cd92d5553ec46229.json","parameterValues":["'elias@gmail.com'","'12345Tr'"]}