{"uid":"9c7986c7d7551b8b","name":"Exception test","fullName":"tests.test_forgot_password.TestForgotPassword#test_expected_exception_on_page_title","historyId":"cf4fc082d0d58c4cc0a6263c56ab7f00","time":{"start":1705540151391,"stop":1705540161571,"duration":10180},"description":"Exception catching","descriptionHtml":"<p>Exception catching</p>\n","status":"broken","statusMessage":"selenium.common.exceptions.TimeoutException: Message: \nStacktrace:\n#0 0x55eee6fc8f83 <unknown>\n#1 0x55eee6c81cf7 <unknown>\n#2 0x55eee6cd199e <unknown>\n#3 0x55eee6cd1aa1 <unknown>\n#4 0x55eee6d1cd64 <unknown>\n#5 0x55eee6cfb0dd <unknown>\n#6 0x55eee6d1a006 <unknown>\n#7 0x55eee6cfae53 <unknown>\n#8 0x55eee6cc2dd4 <unknown>\n#9 0x55eee6cc41de <unknown>\n#10 0x55eee6f8d531 <unknown>\n#11 0x55eee6f91455 <unknown>\n#12 0x55eee6f79f55 <unknown>\n#13 0x55eee6f920ef <unknown>\n#14 0x55eee6f5d99f <unknown>\n#15 0x55eee6fb6008 <unknown>\n#16 0x55eee6fb61d7 <unknown>\n#17 0x55eee6fc8124 <unknown>\n#18 0x7f2f81a94ac3 <unknown>","statusTrace":"self = <tests.test_forgot_password.TestForgotPassword object at 0x7f7f54d870d0>\n\n    @allure.description(\"Exception catching\")\n    @allure.title(\"Exception test\")\n    @allure.link(\"https://github.com/allure-examples/\", name=\"Allure Examples\")\n    @allure.issue(\n        \"https://github.com/allure-examples/allure-examples/issues/1\", name=\"ISSUE-1\"\n    )\n    @allure.testcase(\n        \"https://github.com/allure-examples/allure-examples/issues/2\", name=\"TESTCASE-2\"\n    )\n    def test_expected_exception_on_page_title(self):\n>       self.about_page.click_login_link()\n\ntests/test_forgot_password.py:49: \n_ _ _ _ _ _ _ _ _ _ _ _ _ _ _ _ _ _ _ _ _ _ _ _ _ _ _ _ _ _ _ _ _ _ _ _ _ _ _ _ \npages/about_page.py:20: in click_login_link\n    self.click(self.LOGIN_LINK)\npages/base_page.py:38: in click\n    el: WebElement = self.wait.until(\n_ _ _ _ _ _ _ _ _ _ _ _ _ _ _ _ _ _ _ _ _ _ _ _ _ _ _ _ _ _ _ _ _ _ _ _ _ _ _ _ \n\nself = <selenium.webdriver.support.wait.WebDriverWait (session=\"14d720f939a8eeb9d1427c3e260f9954\")>\nmethod = <function element_to_be_clickable.<locals>._predicate at 0x7f7f54b47ce0>\nmessage = ''\n\n    def until(self, method, message: str = \"\"):\n        \"\"\"Calls the method provided with the driver as an argument until the \\\n        return value does not evaluate to ``False``.\n    \n        :param method: callable(WebDriver)\n        :param message: optional message for :exc:`TimeoutException`\n        :returns: the result of the last call to `method`\n        :raises: :exc:`selenium.common.exceptions.TimeoutException` if timeout occurs\n        \"\"\"\n        screen = None\n        stacktrace = None\n    \n        end_time = time.monotonic() + self._timeout\n        while True:\n            try:\n                value = method(self._driver)\n                if value:\n                    return value\n            except self._ignored_exceptions as exc:\n                screen = getattr(exc, \"screen\", None)\n                stacktrace = getattr(exc, \"stacktrace\", None)\n            time.sleep(self._poll)\n            if time.monotonic() > end_time:\n                break\n>       raise TimeoutException(message, screen, stacktrace)\nE       selenium.common.exceptions.TimeoutException: Message: \nE       Stacktrace:\nE       #0 0x55eee6fc8f83 <unknown>\nE       #1 0x55eee6c81cf7 <unknown>\nE       #2 0x55eee6cd199e <unknown>\nE       #3 0x55eee6cd1aa1 <unknown>\nE       #4 0x55eee6d1cd64 <unknown>\nE       #5 0x55eee6cfb0dd <unknown>\nE       #6 0x55eee6d1a006 <unknown>\nE       #7 0x55eee6cfae53 <unknown>\nE       #8 0x55eee6cc2dd4 <unknown>\nE       #9 0x55eee6cc41de <unknown>\nE       #10 0x55eee6f8d531 <unknown>\nE       #11 0x55eee6f91455 <unknown>\nE       #12 0x55eee6f79f55 <unknown>\nE       #13 0x55eee6f920ef <unknown>\nE       #14 0x55eee6f5d99f <unknown>\nE       #15 0x55eee6fb6008 <unknown>\nE       #16 0x55eee6fb61d7 <unknown>\nE       #17 0x55eee6fc8124 <unknown>\nE       #18 0x7f2f81a94ac3 <unknown>\n\n.venv/lib/python3.11/site-packages/selenium/webdriver/support/wait.py:95: TimeoutException","flaky":false,"newFailed":false,"newBroken":false,"newPassed":false,"retriesCount":0,"retriesStatusChange":false,"beforeStages":[{"name":"base_url","time":{"start":1705539965266,"stop":1705539965266,"duration":0},"status":"passed","steps":[],"attachments":[],"parameters":[],"shouldDisplayMessage":false,"stepsCount":0,"attachmentsCount":0,"hasContent":false,"attachmentStep":false},{"name":"_verify_url","time":{"start":1705539965266,"stop":1705539965266,"duration":0},"status":"passed","steps":[],"attachments":[],"parameters":[],"shouldDisplayMessage":false,"stepsCount":0,"attachmentsCount":0,"hasContent":false,"attachmentStep":false}],"testStage":{"description":"Exception catching","status":"broken","statusMessage":"selenium.common.exceptions.TimeoutException: Message: \nStacktrace:\n#0 0x55eee6fc8f83 <unknown>\n#1 0x55eee6c81cf7 <unknown>\n#2 0x55eee6cd199e <unknown>\n#3 0x55eee6cd1aa1 <unknown>\n#4 0x55eee6d1cd64 <unknown>\n#5 0x55eee6cfb0dd <unknown>\n#6 0x55eee6d1a006 <unknown>\n#7 0x55eee6cfae53 <unknown>\n#8 0x55eee6cc2dd4 <unknown>\n#9 0x55eee6cc41de <unknown>\n#10 0x55eee6f8d531 <unknown>\n#11 0x55eee6f91455 <unknown>\n#12 0x55eee6f79f55 <unknown>\n#13 0x55eee6f920ef <unknown>\n#14 0x55eee6f5d99f <unknown>\n#15 0x55eee6fb6008 <unknown>\n#16 0x55eee6fb61d7 <unknown>\n#17 0x55eee6fc8124 <unknown>\n#18 0x7f2f81a94ac3 <unknown>","statusTrace":"self = <tests.test_forgot_password.TestForgotPassword object at 0x7f7f54d870d0>\n\n    @allure.description(\"Exception catching\")\n    @allure.title(\"Exception test\")\n    @allure.link(\"https://github.com/allure-examples/\", name=\"Allure Examples\")\n    @allure.issue(\n        \"https://github.com/allure-examples/allure-examples/issues/1\", name=\"ISSUE-1\"\n    )\n    @allure.testcase(\n        \"https://github.com/allure-examples/allure-examples/issues/2\", name=\"TESTCASE-2\"\n    )\n    def test_expected_exception_on_page_title(self):\n>       self.about_page.click_login_link()\n\ntests/test_forgot_password.py:49: \n_ _ _ _ _ _ _ _ _ _ _ _ _ _ _ _ _ _ _ _ _ _ _ _ _ _ _ _ _ _ _ _ _ _ _ _ _ _ _ _ \npages/about_page.py:20: in click_login_link\n    self.click(self.LOGIN_LINK)\npages/base_page.py:38: in click\n    el: WebElement = self.wait.until(\n_ _ _ _ _ _ _ _ _ _ _ _ _ _ _ _ _ _ _ _ _ _ _ _ _ _ _ _ _ _ _ _ _ _ _ _ _ _ _ _ \n\nself = <selenium.webdriver.support.wait.WebDriverWait (session=\"14d720f939a8eeb9d1427c3e260f9954\")>\nmethod = <function element_to_be_clickable.<locals>._predicate at 0x7f7f54b47ce0>\nmessage = ''\n\n    def until(self, method, message: str = \"\"):\n        \"\"\"Calls the method provided with the driver as an argument until the \\\n        return value does not evaluate to ``False``.\n    \n        :param method: callable(WebDriver)\n        :param message: optional message for :exc:`TimeoutException`\n        :returns: the result of the last call to `method`\n        :raises: :exc:`selenium.common.exceptions.TimeoutException` if timeout occurs\n        \"\"\"\n        screen = None\n        stacktrace = None\n    \n        end_time = time.monotonic() + self._timeout\n        while True:\n            try:\n                value = method(self._driver)\n                if value:\n                    return value\n            except self._ignored_exceptions as exc:\n                screen = getattr(exc, \"screen\", None)\n                stacktrace = getattr(exc, \"stacktrace\", None)\n            time.sleep(self._poll)\n            if time.monotonic() > end_time:\n                break\n>       raise TimeoutException(message, screen, stacktrace)\nE       selenium.common.exceptions.TimeoutException: Message: \nE       Stacktrace:\nE       #0 0x55eee6fc8f83 <unknown>\nE       #1 0x55eee6c81cf7 <unknown>\nE       #2 0x55eee6cd199e <unknown>\nE       #3 0x55eee6cd1aa1 <unknown>\nE       #4 0x55eee6d1cd64 <unknown>\nE       #5 0x55eee6cfb0dd <unknown>\nE       #6 0x55eee6d1a006 <unknown>\nE       #7 0x55eee6cfae53 <unknown>\nE       #8 0x55eee6cc2dd4 <unknown>\nE       #9 0x55eee6cc41de <unknown>\nE       #10 0x55eee6f8d531 <unknown>\nE       #11 0x55eee6f91455 <unknown>\nE       #12 0x55eee6f79f55 <unknown>\nE       #13 0x55eee6f920ef <unknown>\nE       #14 0x55eee6f5d99f <unknown>\nE       #15 0x55eee6fb6008 <unknown>\nE       #16 0x55eee6fb61d7 <unknown>\nE       #17 0x55eee6fc8124 <unknown>\nE       #18 0x7f2f81a94ac3 <unknown>\n\n.venv/lib/python3.11/site-packages/selenium/webdriver/support/wait.py:95: TimeoutException","steps":[{"name":"Click Login link","time":{"start":1705540151391,"stop":1705540161571,"duration":10180},"status":"broken","statusMessage":"selenium.common.exceptions.TimeoutException: Message: \nStacktrace:\n#0 0x55eee6fc8f83 <unknown>\n#1 0x55eee6c81cf7 <unknown>\n#2 0x55eee6cd199e <unknown>\n#3 0x55eee6cd1aa1 <unknown>\n#4 0x55eee6d1cd64 <unknown>\n#5 0x55eee6cfb0dd <unknown>\n#6 0x55eee6d1a006 <unknown>\n#7 0x55eee6cfae53 <unknown>\n#8 0x55eee6cc2dd4 <unknown>\n#9 0x55eee6cc41de <unknown>\n#10 0x55eee6f8d531 <unknown>\n#11 0x55eee6f91455 <unknown>\n#12 0x55eee6f79f55 <unknown>\n#13 0x55eee6f920ef <unknown>\n#14 0x55eee6f5d99f <unknown>\n#15 0x55eee6fb6008 <unknown>\n#16 0x55eee6fb61d7 <unknown>\n#17 0x55eee6fc8124 <unknown>\n#18 0x7f2f81a94ac3 <unknown>\n\n","statusTrace":"  File \"/home/runner/work/kisangateway-test/kisangateway-test/.venv/lib/python3.11/site-packages/allure_commons/_allure.py\", line 192, in impl\n    return func(*a, **kw)\n           ^^^^^^^^^^^^^^\n  File \"/home/runner/work/kisangateway-test/kisangateway-test/pages/about_page.py\", line 20, in click_login_link\n    self.click(self.LOGIN_LINK)\n  File \"/home/runner/work/kisangateway-test/kisangateway-test/pages/base_page.py\", line 38, in click\n    el: WebElement = self.wait.until(\n                     ^^^^^^^^^^^^^^^^\n  File \"/home/runner/work/kisangateway-test/kisangateway-test/.venv/lib/python3.11/site-packages/selenium/webdriver/support/wait.py\", line 95, in until\n    raise TimeoutException(message, screen, stacktrace)\n","steps":[],"attachments":[],"parameters":[],"shouldDisplayMessage":true,"stepsCount":0,"attachmentsCount":0,"hasContent":true,"attachmentStep":false}],"attachments":[{"uid":"4eed434a31705577","name":"public ip address","source":"4eed434a31705577.txt","type":"text/plain","size":13},{"uid":"da2aef30859980e3","name":"Cookies","source":"da2aef30859980e3.json","type":"application/json","size":2},{"uid":"f1cf277ba23f55ab","name":"Session Storage","source":"f1cf277ba23f55ab.json","type":"application/json","size":2},{"uid":"8d8afea5b4d2fd3e","name":"Local Storage","source":"8d8afea5b4d2fd3e.json","type":"application/json","size":2},{"uid":"658bb0dc4893c969","name":"Console Logs","source":"658bb0dc4893c969.json","type":"application/json","size":2},{"uid":"9fa092c3d7f29ee3","name":"Full Page Screenshot","source":"9fa092c3d7f29ee3.png","type":"image/png","size":2655641},{"uid":"d54d726ccfd6fe5d","name":"URL","source":"d54d726ccfd6fe5d.uri","type":"text/uri-list","size":25},{"uid":"a18bc73733ea2edc","name":"Network Logs","source":"a18bc73733ea2edc.json","type":"application/json","size":14448}],"parameters":[],"shouldDisplayMessage":true,"stepsCount":1,"attachmentsCount":8,"hasContent":true,"attachmentStep":false},"afterStages":[],"labels":[{"name":"parentSuite","value":"Custom parent suite"},{"name":"story","value":"Forgot Password Feature's Functionality"},{"name":"suite","value":"Custom suite"},{"name":"severity","value":"critical"},{"name":"subSuite","value":"Custom sub suite"},{"name":"epic","value":"Security"},{"name":"tag","value":"security"},{"name":"host","value":"fv-az885-186"},{"name":"thread","value":"2167-MainThread"},{"name":"framework","value":"pytest"},{"name":"language","value":"cpython3"},{"name":"package","value":"tests.test_forgot_password"},{"name":"resultFormat","value":"allure2"}],"parameters":[],"links":[{"name":"TESTCASE-2","url":"https://github.com/allure-examples/allure-examples/issues/2","type":"tms"},{"name":"ISSUE-1","url":"https://github.com/allure-examples/allure-examples/issues/1","type":"issue"},{"name":"Allure Examples","url":"https://github.com/allure-examples/","type":"link"}],"hidden":false,"retry":false,"extra":{"severity":"critical","retries":[],"categories":[{"name":"Test defects","matchedStatuses":[],"flaky":false}],"tags":["security"]},"source":"9c7986c7d7551b8b.json","parameterValues":[]}