{"uid":"396641ccc0a01487","name":"Forgot Password with valid email test","fullName":"tests.test_forgot_password.TestForgotPassword#test_valid_email","historyId":"7ff7e178fd4f5b4b8deb31c8fc69c6a9","time":{"start":1696122691307,"stop":1696122701681,"duration":10374},"description":"Forgot password with a valid email address","descriptionHtml":"<p>Forgot password with a valid email address</p>\n","status":"broken","statusMessage":"selenium.common.exceptions.TimeoutException: Message: \nStacktrace:\n#0 0x5624454856b3 <unknown>\n#1 0x56244515b1e7 <unknown>\n#2 0x5624451a2566 <unknown>\n#3 0x5624451a2651 <unknown>\n#4 0x5624451dfa74 <unknown>\n#5 0x5624451c40ed <unknown>\n#6 0x5624451dd322 <unknown>\n#7 0x5624451c3e93 <unknown>\n#8 0x562445196934 <unknown>\n#9 0x56244519771e <unknown>\n#10 0x56244544acb8 <unknown>\n#11 0x56244544ebf0 <unknown>\n#12 0x56244545919c <unknown>\n#13 0x56244544f808 <unknown>\n#14 0x56244541c27f <unknown>\n#15 0x562445473e88 <unknown>\n#16 0x562445474059 <unknown>\n#17 0x562445484843 <unknown>\n#18 0x7fd3cf094b43 <unknown>","statusTrace":"self = <tests.test_forgot_password.TestForgotPassword object at 0x7f6e05b3a8d0>\njson_data = {'forgot_password': {'error_message': \"We can't find a user with that e-mail address.\", 'success_message': 'A reset li...you page', 'name': 'test', 'new_name': 'another test', 'no_project_found_msg': 'No project matches the criteria', ...}}\nsecret_data = {'email': '', 'password': ''}\n\n    @allure.description(\"Forgot password with a valid email address\")\n    @allure.title(\"Forgot Password with valid email test\")\n    def test_valid_email(self, json_data: dict, secret_data: dict):\n>       self.about_page.click_login_link()\n\ntests/test_forgot_password.py:19: \n_ _ _ _ _ _ _ _ _ _ _ _ _ _ _ _ _ _ _ _ _ _ _ _ _ _ _ _ _ _ _ _ _ _ _ _ _ _ _ _ \npages/about_page.py:20: in click_login_link\n    self.click(self.LOGIN_LINK)\npages/base_page.py:38: in click\n    el: WebElement = self.wait.until(\n_ _ _ _ _ _ _ _ _ _ _ _ _ _ _ _ _ _ _ _ _ _ _ _ _ _ _ _ _ _ _ _ _ _ _ _ _ _ _ _ \n\nself = <selenium.webdriver.support.wait.WebDriverWait (session=\"72ea5f7e3e4cdbde723fe8ea43f3a235\")>\nmethod = <function element_to_be_clickable.<locals>._predicate at 0x7f6e0588b6a0>\nmessage = ''\n\n    def until(self, method, message: str = \"\"):\n        \"\"\"Calls the method provided with the driver as an argument until the \\\n        return value does not evaluate to ``False``.\n    \n        :param method: callable(WebDriver)\n        :param message: optional message for :exc:`TimeoutException`\n        :returns: the result of the last call to `method`\n        :raises: :exc:`selenium.common.exceptions.TimeoutException` if timeout occurs\n        \"\"\"\n        screen = None\n        stacktrace = None\n    \n        end_time = time.monotonic() + self._timeout\n        while True:\n            try:\n                value = method(self._driver)\n                if value:\n                    return value\n            except self._ignored_exceptions as exc:\n                screen = getattr(exc, \"screen\", None)\n                stacktrace = getattr(exc, \"stacktrace\", None)\n            time.sleep(self._poll)\n            if time.monotonic() > end_time:\n                break\n>       raise TimeoutException(message, screen, stacktrace)\nE       selenium.common.exceptions.TimeoutException: Message: \nE       Stacktrace:\nE       #0 0x5624454856b3 <unknown>\nE       #1 0x56244515b1e7 <unknown>\nE       #2 0x5624451a2566 <unknown>\nE       #3 0x5624451a2651 <unknown>\nE       #4 0x5624451dfa74 <unknown>\nE       #5 0x5624451c40ed <unknown>\nE       #6 0x5624451dd322 <unknown>\nE       #7 0x5624451c3e93 <unknown>\nE       #8 0x562445196934 <unknown>\nE       #9 0x56244519771e <unknown>\nE       #10 0x56244544acb8 <unknown>\nE       #11 0x56244544ebf0 <unknown>\nE       #12 0x56244545919c <unknown>\nE       #13 0x56244544f808 <unknown>\nE       #14 0x56244541c27f <unknown>\nE       #15 0x562445473e88 <unknown>\nE       #16 0x562445474059 <unknown>\nE       #17 0x562445484843 <unknown>\nE       #18 0x7fd3cf094b43 <unknown>\n\n.venv/lib/python3.11/site-packages/selenium/webdriver/support/wait.py:95: TimeoutException","flaky":false,"newFailed":false,"newBroken":false,"newPassed":false,"retriesCount":0,"retriesStatusChange":false,"beforeStages":[{"name":"_verify_url","time":{"start":1696122514004,"stop":1696122514004,"duration":0},"status":"passed","steps":[],"attachments":[],"parameters":[],"stepsCount":0,"attachmentsCount":0,"hasContent":false,"shouldDisplayMessage":false},{"name":"base_url","time":{"start":1696122514004,"stop":1696122514004,"duration":0},"status":"passed","steps":[],"attachments":[],"parameters":[],"stepsCount":0,"attachmentsCount":0,"hasContent":false,"shouldDisplayMessage":false},{"name":"secret_data","time":{"start":1696122514004,"stop":1696122514004,"duration":0},"status":"passed","steps":[],"attachments":[],"parameters":[],"stepsCount":0,"attachmentsCount":0,"hasContent":false,"shouldDisplayMessage":false},{"name":"json_data","time":{"start":1696122514005,"stop":1696122514005,"duration":0},"status":"passed","steps":[],"attachments":[],"parameters":[],"stepsCount":0,"attachmentsCount":0,"hasContent":false,"shouldDisplayMessage":false}],"testStage":{"description":"Forgot password with a valid email address","status":"broken","statusMessage":"selenium.common.exceptions.TimeoutException: Message: \nStacktrace:\n#0 0x5624454856b3 <unknown>\n#1 0x56244515b1e7 <unknown>\n#2 0x5624451a2566 <unknown>\n#3 0x5624451a2651 <unknown>\n#4 0x5624451dfa74 <unknown>\n#5 0x5624451c40ed <unknown>\n#6 0x5624451dd322 <unknown>\n#7 0x5624451c3e93 <unknown>\n#8 0x562445196934 <unknown>\n#9 0x56244519771e <unknown>\n#10 0x56244544acb8 <unknown>\n#11 0x56244544ebf0 <unknown>\n#12 0x56244545919c <unknown>\n#13 0x56244544f808 <unknown>\n#14 0x56244541c27f <unknown>\n#15 0x562445473e88 <unknown>\n#16 0x562445474059 <unknown>\n#17 0x562445484843 <unknown>\n#18 0x7fd3cf094b43 <unknown>","statusTrace":"self = <tests.test_forgot_password.TestForgotPassword object at 0x7f6e05b3a8d0>\njson_data = {'forgot_password': {'error_message': \"We can't find a user with that e-mail address.\", 'success_message': 'A reset li...you page', 'name': 'test', 'new_name': 'another test', 'no_project_found_msg': 'No project matches the criteria', ...}}\nsecret_data = {'email': '', 'password': ''}\n\n    @allure.description(\"Forgot password with a valid email address\")\n    @allure.title(\"Forgot Password with valid email test\")\n    def test_valid_email(self, json_data: dict, secret_data: dict):\n>       self.about_page.click_login_link()\n\ntests/test_forgot_password.py:19: \n_ _ _ _ _ _ _ _ _ _ _ _ _ _ _ _ _ _ _ _ _ _ _ _ _ _ _ _ _ _ _ _ _ _ _ _ _ _ _ _ \npages/about_page.py:20: in click_login_link\n    self.click(self.LOGIN_LINK)\npages/base_page.py:38: in click\n    el: WebElement = self.wait.until(\n_ _ _ _ _ _ _ _ _ _ _ _ _ _ _ _ _ _ _ _ _ _ _ _ _ _ _ _ _ _ _ _ _ _ _ _ _ _ _ _ \n\nself = <selenium.webdriver.support.wait.WebDriverWait (session=\"72ea5f7e3e4cdbde723fe8ea43f3a235\")>\nmethod = <function element_to_be_clickable.<locals>._predicate at 0x7f6e0588b6a0>\nmessage = ''\n\n    def until(self, method, message: str = \"\"):\n        \"\"\"Calls the method provided with the driver as an argument until the \\\n        return value does not evaluate to ``False``.\n    \n        :param method: callable(WebDriver)\n        :param message: optional message for :exc:`TimeoutException`\n        :returns: the result of the last call to `method`\n        :raises: :exc:`selenium.common.exceptions.TimeoutException` if timeout occurs\n        \"\"\"\n        screen = None\n        stacktrace = None\n    \n        end_time = time.monotonic() + self._timeout\n        while True:\n            try:\n                value = method(self._driver)\n                if value:\n                    return value\n            except self._ignored_exceptions as exc:\n                screen = getattr(exc, \"screen\", None)\n                stacktrace = getattr(exc, \"stacktrace\", None)\n            time.sleep(self._poll)\n            if time.monotonic() > end_time:\n                break\n>       raise TimeoutException(message, screen, stacktrace)\nE       selenium.common.exceptions.TimeoutException: Message: \nE       Stacktrace:\nE       #0 0x5624454856b3 <unknown>\nE       #1 0x56244515b1e7 <unknown>\nE       #2 0x5624451a2566 <unknown>\nE       #3 0x5624451a2651 <unknown>\nE       #4 0x5624451dfa74 <unknown>\nE       #5 0x5624451c40ed <unknown>\nE       #6 0x5624451dd322 <unknown>\nE       #7 0x5624451c3e93 <unknown>\nE       #8 0x562445196934 <unknown>\nE       #9 0x56244519771e <unknown>\nE       #10 0x56244544acb8 <unknown>\nE       #11 0x56244544ebf0 <unknown>\nE       #12 0x56244545919c <unknown>\nE       #13 0x56244544f808 <unknown>\nE       #14 0x56244541c27f <unknown>\nE       #15 0x562445473e88 <unknown>\nE       #16 0x562445474059 <unknown>\nE       #17 0x562445484843 <unknown>\nE       #18 0x7fd3cf094b43 <unknown>\n\n.venv/lib/python3.11/site-packages/selenium/webdriver/support/wait.py:95: TimeoutException","steps":[{"name":"Click Login link","time":{"start":1696122691307,"stop":1696122701680,"duration":10373},"status":"broken","statusMessage":"selenium.common.exceptions.TimeoutException: Message: \nStacktrace:\n#0 0x5624454856b3 <unknown>\n#1 0x56244515b1e7 <unknown>\n#2 0x5624451a2566 <unknown>\n#3 0x5624451a2651 <unknown>\n#4 0x5624451dfa74 <unknown>\n#5 0x5624451c40ed <unknown>\n#6 0x5624451dd322 <unknown>\n#7 0x5624451c3e93 <unknown>\n#8 0x562445196934 <unknown>\n#9 0x56244519771e <unknown>\n#10 0x56244544acb8 <unknown>\n#11 0x56244544ebf0 <unknown>\n#12 0x56244545919c <unknown>\n#13 0x56244544f808 <unknown>\n#14 0x56244541c27f <unknown>\n#15 0x562445473e88 <unknown>\n#16 0x562445474059 <unknown>\n#17 0x562445484843 <unknown>\n#18 0x7fd3cf094b43 <unknown>\n\n","statusTrace":"  File \"/home/runner/work/kisangateway-test/kisangateway-test/.venv/lib/python3.11/site-packages/allure_commons/_allure.py\", line 192, in impl\n    return func(*a, **kw)\n           ^^^^^^^^^^^^^^\n  File \"/home/runner/work/kisangateway-test/kisangateway-test/pages/about_page.py\", line 20, in click_login_link\n    self.click(self.LOGIN_LINK)\n  File \"/home/runner/work/kisangateway-test/kisangateway-test/pages/base_page.py\", line 38, in click\n    el: WebElement = self.wait.until(\n                     ^^^^^^^^^^^^^^^^\n  File \"/home/runner/work/kisangateway-test/kisangateway-test/.venv/lib/python3.11/site-packages/selenium/webdriver/support/wait.py\", line 95, in until\n    raise TimeoutException(message, screen, stacktrace)\n","steps":[],"attachments":[],"parameters":[],"stepsCount":0,"attachmentsCount":0,"hasContent":true,"shouldDisplayMessage":true}],"attachments":[{"uid":"ed71c24607f648bd","name":"public ip address","source":"ed71c24607f648bd.txt","type":"text/plain","size":11},{"uid":"9e047bac4c56296c","name":"Cookies","source":"9e047bac4c56296c.json","type":"application/json","size":2},{"uid":"9ea788b232627363","name":"Session Storage","source":"9ea788b232627363.json","type":"application/json","size":2},{"uid":"43c377c6da0344ef","name":"Local Storage","source":"43c377c6da0344ef.json","type":"application/json","size":2},{"uid":"472894603396cdf0","name":"Console Logs","source":"472894603396cdf0.json","type":"application/json","size":2},{"uid":"7c5343224ecf906e","name":"Full Page Screenshot","source":"7c5343224ecf906e.png","type":"image/png","size":1537971},{"uid":"7d5509a4efda7405","name":"URL","source":"7d5509a4efda7405.uri","type":"text/uri-list","size":25},{"uid":"d1f589a3c6e4f29e","name":"Network Logs","source":"d1f589a3c6e4f29e.json","type":"application/json","size":13991}],"parameters":[],"stepsCount":1,"attachmentsCount":8,"hasContent":true,"shouldDisplayMessage":true},"afterStages":[],"labels":[{"name":"subSuite","value":"Custom sub suite"},{"name":"suite","value":"Custom suite"},{"name":"severity","value":"critical"},{"name":"epic","value":"Security"},{"name":"parentSuite","value":"Custom parent suite"},{"name":"story","value":"Forgot Password Feature's Functionality"},{"name":"tag","value":"security"},{"name":"host","value":"fv-az565-198"},{"name":"thread","value":"2096-MainThread"},{"name":"framework","value":"pytest"},{"name":"language","value":"cpython3"},{"name":"package","value":"tests.test_forgot_password"},{"name":"resultFormat","value":"allure2"}],"parameters":[],"links":[],"hidden":false,"retry":false,"extra":{"severity":"critical","retries":[],"categories":[{"name":"Test defects","matchedStatuses":[],"flaky":false}],"tags":["security"]},"source":"396641ccc0a01487.json","parameterValues":[]}