{"uid":"30af6f3cdb436d31","name":"Delete existing workspace","fullName":"tests.test_workspaces.TestWorkspaces#test_delete_workspace","historyId":"426122535a758ca0ac1fcc53a87d9a4f","time":{"start":1698541529676,"stop":1698541529676,"duration":0},"description":"Delete an existing workspace","descriptionHtml":"<p>Delete an existing workspace</p>\n","status":"broken","statusMessage":"selenium.common.exceptions.TimeoutException: Message: \nStacktrace:\n#0 0x555f2ee91fb3 <unknown>\n#1 0x555f2eb654a7 <unknown>\n#2 0x555f2ebacdd6 <unknown>\n#3 0x555f2ebacec1 <unknown>\n#4 0x555f2ebea354 <unknown>\n#5 0x555f2ebce96d <unknown>\n#6 0x555f2ebe7c02 <unknown>\n#7 0x555f2ebce713 <unknown>\n#8 0x555f2eba118b <unknown>\n#9 0x555f2eba1f7e <unknown>\n#10 0x555f2ee578d8 <unknown>\n#11 0x555f2ee5b800 <unknown>\n#12 0x555f2ee65cfc <unknown>\n#13 0x555f2ee5c418 <unknown>\n#14 0x555f2ee2942f <unknown>\n#15 0x555f2ee804e8 <unknown>\n#16 0x555f2ee806b4 <unknown>\n#17 0x555f2ee91143 <unknown>\n#18 0x7f7ff2c94ac3 <unknown>","statusTrace":"self = <tests.test_workspaces.TestWorkspaces object at 0x7f46b7e38c10>\nsecret_data = {'email': '', 'password': ''}\n\n    @pytest.fixture(autouse=True)\n    def setup_method_fixture(self, secret_data: dict):\n>       login(secret_data, self.about_page, self.login_page)\n\ntests/test_workspaces.py:23: \n_ _ _ _ _ _ _ _ _ _ _ _ _ _ _ _ _ _ _ _ _ _ _ _ _ _ _ _ _ _ _ _ _ _ _ _ _ _ _ _ \ntests/test_workspaces.py:13: in login\n    about_page.click_login_link()\npages/about_page.py:20: in click_login_link\n    self.click(self.LOGIN_LINK)\npages/base_page.py:38: in click\n    el: WebElement = self.wait.until(\n_ _ _ _ _ _ _ _ _ _ _ _ _ _ _ _ _ _ _ _ _ _ _ _ _ _ _ _ _ _ _ _ _ _ _ _ _ _ _ _ \n\nself = <selenium.webdriver.support.wait.WebDriverWait (session=\"39398ae4d28816324d470be1c87c3a49\")>\nmethod = <function element_to_be_clickable.<locals>._predicate at 0x7f46b7ba4360>\nmessage = ''\n\n    def until(self, method, message: str = \"\"):\n        \"\"\"Calls the method provided with the driver as an argument until the \\\n        return value does not evaluate to ``False``.\n    \n        :param method: callable(WebDriver)\n        :param message: optional message for :exc:`TimeoutException`\n        :returns: the result of the last call to `method`\n        :raises: :exc:`selenium.common.exceptions.TimeoutException` if timeout occurs\n        \"\"\"\n        screen = None\n        stacktrace = None\n    \n        end_time = time.monotonic() + self._timeout\n        while True:\n            try:\n                value = method(self._driver)\n                if value:\n                    return value\n            except self._ignored_exceptions as exc:\n                screen = getattr(exc, \"screen\", None)\n                stacktrace = getattr(exc, \"stacktrace\", None)\n            time.sleep(self._poll)\n            if time.monotonic() > end_time:\n                break\n>       raise TimeoutException(message, screen, stacktrace)\nE       selenium.common.exceptions.TimeoutException: Message: \nE       Stacktrace:\nE       #0 0x555f2ee91fb3 <unknown>\nE       #1 0x555f2eb654a7 <unknown>\nE       #2 0x555f2ebacdd6 <unknown>\nE       #3 0x555f2ebacec1 <unknown>\nE       #4 0x555f2ebea354 <unknown>\nE       #5 0x555f2ebce96d <unknown>\nE       #6 0x555f2ebe7c02 <unknown>\nE       #7 0x555f2ebce713 <unknown>\nE       #8 0x555f2eba118b <unknown>\nE       #9 0x555f2eba1f7e <unknown>\nE       #10 0x555f2ee578d8 <unknown>\nE       #11 0x555f2ee5b800 <unknown>\nE       #12 0x555f2ee65cfc <unknown>\nE       #13 0x555f2ee5c418 <unknown>\nE       #14 0x555f2ee2942f <unknown>\nE       #15 0x555f2ee804e8 <unknown>\nE       #16 0x555f2ee806b4 <unknown>\nE       #17 0x555f2ee91143 <unknown>\nE       #18 0x7f7ff2c94ac3 <unknown>\n\n.venv/lib/python3.11/site-packages/selenium/webdriver/support/wait.py:95: TimeoutException","flaky":false,"newFailed":false,"newBroken":false,"newPassed":false,"retriesCount":0,"retriesStatusChange":false,"beforeStages":[{"name":"_verify_url","time":{"start":1698541452532,"stop":1698541452532,"duration":0},"status":"passed","steps":[],"attachments":[],"parameters":[],"shouldDisplayMessage":false,"stepsCount":0,"attachmentsCount":0,"hasContent":false},{"name":"base_url","time":{"start":1698541452532,"stop":1698541452532,"duration":0},"status":"passed","steps":[],"attachments":[],"parameters":[],"shouldDisplayMessage":false,"stepsCount":0,"attachmentsCount":0,"hasContent":false},{"name":"secret_data","time":{"start":1698541452532,"stop":1698541452533,"duration":1},"status":"passed","steps":[],"attachments":[],"parameters":[],"shouldDisplayMessage":false,"stepsCount":0,"attachmentsCount":0,"hasContent":false},{"name":"setup_method_fixture","time":{"start":1698541531064,"stop":1698541541388,"duration":10324},"status":"broken","statusMessage":"selenium.common.exceptions.TimeoutException: Message: \nStacktrace:\n#0 0x555f2ee91fb3 <unknown>\n#1 0x555f2eb654a7 <unknown>\n#2 0x555f2ebacdd6 <unknown>\n#3 0x555f2ebacec1 <unknown>\n#4 0x555f2ebea354 <unknown>\n#5 0x555f2ebce96d <unknown>\n#6 0x555f2ebe7c02 <unknown>\n#7 0x555f2ebce713 <unknown>\n#8 0x555f2eba118b <unknown>\n#9 0x555f2eba1f7e <unknown>\n#10 0x555f2ee578d8 <unknown>\n#11 0x555f2ee5b800 <unknown>\n#12 0x555f2ee65cfc <unknown>\n#13 0x555f2ee5c418 <unknown>\n#14 0x555f2ee2942f <unknown>\n#15 0x555f2ee804e8 <unknown>\n#16 0x555f2ee806b4 <unknown>\n#17 0x555f2ee91143 <unknown>\n#18 0x7f7ff2c94ac3 <unknown>\n\n","statusTrace":"  File \"/home/runner/work/kisangateway-test/kisangateway-test/.venv/lib/python3.11/site-packages/pluggy/_callers.py\", line 80, in _multicall\n    res = hook_impl.function(*args)\n          ^^^^^^^^^^^^^^^^^^^^^^^^^\n  File \"/home/runner/work/kisangateway-test/kisangateway-test/.venv/lib/python3.11/site-packages/_pytest/fixtures.py\", line 1123, in pytest_fixture_setup\n    result = call_fixture_func(fixturefunc, request, kwargs)\n             ^^^^^^^^^^^^^^^^^^^^^^^^^^^^^^^^^^^^^^^^^^^^^^^\n  File \"/home/runner/work/kisangateway-test/kisangateway-test/.venv/lib/python3.11/site-packages/_pytest/fixtures.py\", line 902, in call_fixture_func\n    fixture_result = fixturefunc(**kwargs)\n                     ^^^^^^^^^^^^^^^^^^^^^\n  File \"/home/runner/work/kisangateway-test/kisangateway-test/tests/test_workspaces.py\", line 23, in setup_method_fixture\n    login(secret_data, self.about_page, self.login_page)\n  File \"/home/runner/work/kisangateway-test/kisangateway-test/tests/test_workspaces.py\", line 13, in login\n    about_page.click_login_link()\n  File \"/home/runner/work/kisangateway-test/kisangateway-test/.venv/lib/python3.11/site-packages/allure_commons/_allure.py\", line 192, in impl\n    return func(*a, **kw)\n           ^^^^^^^^^^^^^^\n  File \"/home/runner/work/kisangateway-test/kisangateway-test/pages/about_page.py\", line 20, in click_login_link\n    self.click(self.LOGIN_LINK)\n  File \"/home/runner/work/kisangateway-test/kisangateway-test/pages/base_page.py\", line 38, in click\n    el: WebElement = self.wait.until(\n                     ^^^^^^^^^^^^^^^^\n  File \"/home/runner/work/kisangateway-test/kisangateway-test/.venv/lib/python3.11/site-packages/selenium/webdriver/support/wait.py\", line 95, in until\n    raise TimeoutException(message, screen, stacktrace)\n","steps":[{"name":"Click Login link","time":{"start":1698541531064,"stop":1698541541388,"duration":10324},"status":"broken","statusMessage":"selenium.common.exceptions.TimeoutException: Message: \nStacktrace:\n#0 0x555f2ee91fb3 <unknown>\n#1 0x555f2eb654a7 <unknown>\n#2 0x555f2ebacdd6 <unknown>\n#3 0x555f2ebacec1 <unknown>\n#4 0x555f2ebea354 <unknown>\n#5 0x555f2ebce96d <unknown>\n#6 0x555f2ebe7c02 <unknown>\n#7 0x555f2ebce713 <unknown>\n#8 0x555f2eba118b <unknown>\n#9 0x555f2eba1f7e <unknown>\n#10 0x555f2ee578d8 <unknown>\n#11 0x555f2ee5b800 <unknown>\n#12 0x555f2ee65cfc <unknown>\n#13 0x555f2ee5c418 <unknown>\n#14 0x555f2ee2942f <unknown>\n#15 0x555f2ee804e8 <unknown>\n#16 0x555f2ee806b4 <unknown>\n#17 0x555f2ee91143 <unknown>\n#18 0x7f7ff2c94ac3 <unknown>\n\n","statusTrace":"  File \"/home/runner/work/kisangateway-test/kisangateway-test/.venv/lib/python3.11/site-packages/allure_commons/_allure.py\", line 192, in impl\n    return func(*a, **kw)\n           ^^^^^^^^^^^^^^\n  File \"/home/runner/work/kisangateway-test/kisangateway-test/pages/about_page.py\", line 20, in click_login_link\n    self.click(self.LOGIN_LINK)\n  File \"/home/runner/work/kisangateway-test/kisangateway-test/pages/base_page.py\", line 38, in click\n    el: WebElement = self.wait.until(\n                     ^^^^^^^^^^^^^^^^\n  File \"/home/runner/work/kisangateway-test/kisangateway-test/.venv/lib/python3.11/site-packages/selenium/webdriver/support/wait.py\", line 95, in until\n    raise TimeoutException(message, screen, stacktrace)\n","steps":[],"attachments":[],"parameters":[],"shouldDisplayMessage":true,"stepsCount":0,"attachmentsCount":0,"hasContent":true}],"attachments":[],"parameters":[],"shouldDisplayMessage":false,"stepsCount":1,"attachmentsCount":0,"hasContent":true}],"testStage":{"description":"Delete an existing workspace","status":"broken","statusMessage":"selenium.common.exceptions.TimeoutException: Message: \nStacktrace:\n#0 0x555f2ee91fb3 <unknown>\n#1 0x555f2eb654a7 <unknown>\n#2 0x555f2ebacdd6 <unknown>\n#3 0x555f2ebacec1 <unknown>\n#4 0x555f2ebea354 <unknown>\n#5 0x555f2ebce96d <unknown>\n#6 0x555f2ebe7c02 <unknown>\n#7 0x555f2ebce713 <unknown>\n#8 0x555f2eba118b <unknown>\n#9 0x555f2eba1f7e <unknown>\n#10 0x555f2ee578d8 <unknown>\n#11 0x555f2ee5b800 <unknown>\n#12 0x555f2ee65cfc <unknown>\n#13 0x555f2ee5c418 <unknown>\n#14 0x555f2ee2942f <unknown>\n#15 0x555f2ee804e8 <unknown>\n#16 0x555f2ee806b4 <unknown>\n#17 0x555f2ee91143 <unknown>\n#18 0x7f7ff2c94ac3 <unknown>","statusTrace":"self = <tests.test_workspaces.TestWorkspaces object at 0x7f46b7e38c10>\nsecret_data = {'email': '', 'password': ''}\n\n    @pytest.fixture(autouse=True)\n    def setup_method_fixture(self, secret_data: dict):\n>       login(secret_data, self.about_page, self.login_page)\n\ntests/test_workspaces.py:23: \n_ _ _ _ _ _ _ _ _ _ _ _ _ _ _ _ _ _ _ _ _ _ _ _ _ _ _ _ _ _ _ _ _ _ _ _ _ _ _ _ \ntests/test_workspaces.py:13: in login\n    about_page.click_login_link()\npages/about_page.py:20: in click_login_link\n    self.click(self.LOGIN_LINK)\npages/base_page.py:38: in click\n    el: WebElement = self.wait.until(\n_ _ _ _ _ _ _ _ _ _ _ _ _ _ _ _ _ _ _ _ _ _ _ _ _ _ _ _ _ _ _ _ _ _ _ _ _ _ _ _ \n\nself = <selenium.webdriver.support.wait.WebDriverWait (session=\"39398ae4d28816324d470be1c87c3a49\")>\nmethod = <function element_to_be_clickable.<locals>._predicate at 0x7f46b7ba4360>\nmessage = ''\n\n    def until(self, method, message: str = \"\"):\n        \"\"\"Calls the method provided with the driver as an argument until the \\\n        return value does not evaluate to ``False``.\n    \n        :param method: callable(WebDriver)\n        :param message: optional message for :exc:`TimeoutException`\n        :returns: the result of the last call to `method`\n        :raises: :exc:`selenium.common.exceptions.TimeoutException` if timeout occurs\n        \"\"\"\n        screen = None\n        stacktrace = None\n    \n        end_time = time.monotonic() + self._timeout\n        while True:\n            try:\n                value = method(self._driver)\n                if value:\n                    return value\n            except self._ignored_exceptions as exc:\n                screen = getattr(exc, \"screen\", None)\n                stacktrace = getattr(exc, \"stacktrace\", None)\n            time.sleep(self._poll)\n            if time.monotonic() > end_time:\n                break\n>       raise TimeoutException(message, screen, stacktrace)\nE       selenium.common.exceptions.TimeoutException: Message: \nE       Stacktrace:\nE       #0 0x555f2ee91fb3 <unknown>\nE       #1 0x555f2eb654a7 <unknown>\nE       #2 0x555f2ebacdd6 <unknown>\nE       #3 0x555f2ebacec1 <unknown>\nE       #4 0x555f2ebea354 <unknown>\nE       #5 0x555f2ebce96d <unknown>\nE       #6 0x555f2ebe7c02 <unknown>\nE       #7 0x555f2ebce713 <unknown>\nE       #8 0x555f2eba118b <unknown>\nE       #9 0x555f2eba1f7e <unknown>\nE       #10 0x555f2ee578d8 <unknown>\nE       #11 0x555f2ee5b800 <unknown>\nE       #12 0x555f2ee65cfc <unknown>\nE       #13 0x555f2ee5c418 <unknown>\nE       #14 0x555f2ee2942f <unknown>\nE       #15 0x555f2ee804e8 <unknown>\nE       #16 0x555f2ee806b4 <unknown>\nE       #17 0x555f2ee91143 <unknown>\nE       #18 0x7f7ff2c94ac3 <unknown>\n\n.venv/lib/python3.11/site-packages/selenium/webdriver/support/wait.py:95: TimeoutException","steps":[],"attachments":[{"uid":"296e94467d2e689f","name":"public ip address","source":"296e94467d2e689f.txt","type":"text/plain","size":12},{"uid":"db37ffcf33714e8a","name":"Cookies","source":"db37ffcf33714e8a.json","type":"application/json","size":2},{"uid":"72de303a26ab2363","name":"Session Storage","source":"72de303a26ab2363.json","type":"application/json","size":2},{"uid":"dc5f4610c6f1656d","name":"Local Storage","source":"dc5f4610c6f1656d.json","type":"application/json","size":2},{"uid":"f94b052e67cbad1a","name":"Console Logs","source":"f94b052e67cbad1a.json","type":"application/json","size":2},{"uid":"de98e0d9972e0df2","name":"Full Page Screenshot","source":"de98e0d9972e0df2.png","type":"image/png","size":1496512},{"uid":"97eec58966cf2d17","name":"URL","source":"97eec58966cf2d17.uri","type":"text/uri-list","size":25},{"uid":"7c18b7b69bcba976","name":"Network Logs","source":"7c18b7b69bcba976.json","type":"application/json","size":14002}],"parameters":[],"shouldDisplayMessage":true,"stepsCount":0,"attachmentsCount":8,"hasContent":true},"afterStages":[],"labels":[{"name":"story","value":"WorkSpaces Creation and Editing Functionality"},{"name":"epic","value":"Workspaces"},{"name":"severity","value":"normal"},{"name":"tag","value":"run(order=3)"},{"name":"parentSuite","value":"tests"},{"name":"suite","value":"test_workspaces"},{"name":"subSuite","value":"TestWorkspaces"},{"name":"host","value":"fv-az400-226"},{"name":"thread","value":"2214-MainThread"},{"name":"framework","value":"pytest"},{"name":"language","value":"cpython3"},{"name":"package","value":"tests.test_workspaces"},{"name":"resultFormat","value":"allure2"}],"parameters":[],"links":[],"hidden":false,"retry":false,"extra":{"severity":"normal","retries":[],"categories":[{"name":"Test defects","matchedStatuses":[],"flaky":false}],"tags":["run(order=3)"]},"source":"30af6f3cdb436d31.json","parameterValues":[]}