{"uid":"8ce50965b1bce88b","name":"Forgot Password with invalid email test","fullName":"tests.test_forgot_password.TestForgotPassword#test_invalid_email","historyId":"3743e16c5d15da2a1434ee4e2dd39a43","time":{"start":1701393156129,"stop":1701393166321,"duration":10192},"description":"Forgot Password with invalid email address","descriptionHtml":"<p>Forgot Password with invalid email address</p>\n","status":"broken","statusMessage":"selenium.common.exceptions.TimeoutException: Message: \nStacktrace:\n#0 0x55aa1c1a35e3 <unknown>\n#1 0x55aa1be660b7 <unknown>\n#2 0x55aa1beb3f53 <unknown>\n#3 0x55aa1beb4051 <unknown>\n#4 0x55aa1bef99c4 <unknown>\n#5 0x55aa1bedaf1d <unknown>\n#6 0x55aa1bef6b3d <unknown>\n#7 0x55aa1bedacc3 <unknown>\n#8 0x55aa1bea60e4 <unknown>\n#9 0x55aa1bea70ae <unknown>\n#10 0x55aa1c169ce1 <unknown>\n#11 0x55aa1c16db7e <unknown>\n#12 0x55aa1c1574b5 <unknown>\n#13 0x55aa1c16e7d6 <unknown>\n#14 0x55aa1c13adbf <unknown>\n#15 0x55aa1c191748 <unknown>\n#16 0x55aa1c191917 <unknown>\n#17 0x55aa1c1a2773 <unknown>\n#18 0x7f3d9ec94ac3 <unknown>","statusTrace":"self = <tests.test_forgot_password.TestForgotPassword object at 0x7f744fff2250>\nexcel_reader = <utils.excel_parser.ExcelParser object at 0x7f744fc68fd0>\njson_data = {'forgot_password': {'error_message': \"We can't find a user with that e-mail address.\", 'success_message': 'A reset li...you page', 'name': 'test', 'new_name': 'another test', 'no_project_found_msg': 'No project matches the criteria', ...}}\n\n    @allure.description(\"Forgot Password with invalid email address\")\n    @allure.title(\"Forgot Password with invalid email test\")\n    def test_invalid_email(self, excel_reader, json_data: dict):\n        emails = excel_reader.read_from_excel(\"Emails\")\n>       self.about_page.click_login_link()\n\ntests/test_forgot_password.py:31: \n_ _ _ _ _ _ _ _ _ _ _ _ _ _ _ _ _ _ _ _ _ _ _ _ _ _ _ _ _ _ _ _ _ _ _ _ _ _ _ _ \npages/about_page.py:20: in click_login_link\n    self.click(self.LOGIN_LINK)\npages/base_page.py:38: in click\n    el: WebElement = self.wait.until(\n_ _ _ _ _ _ _ _ _ _ _ _ _ _ _ _ _ _ _ _ _ _ _ _ _ _ _ _ _ _ _ _ _ _ _ _ _ _ _ _ \n\nself = <selenium.webdriver.support.wait.WebDriverWait (session=\"181c05cffff2ca2ddd3cb018a8f6f613\")>\nmethod = <function element_to_be_clickable.<locals>._predicate at 0x7f744fc49440>\nmessage = ''\n\n    def until(self, method, message: str = \"\"):\n        \"\"\"Calls the method provided with the driver as an argument until the \\\n        return value does not evaluate to ``False``.\n    \n        :param method: callable(WebDriver)\n        :param message: optional message for :exc:`TimeoutException`\n        :returns: the result of the last call to `method`\n        :raises: :exc:`selenium.common.exceptions.TimeoutException` if timeout occurs\n        \"\"\"\n        screen = None\n        stacktrace = None\n    \n        end_time = time.monotonic() + self._timeout\n        while True:\n            try:\n                value = method(self._driver)\n                if value:\n                    return value\n            except self._ignored_exceptions as exc:\n                screen = getattr(exc, \"screen\", None)\n                stacktrace = getattr(exc, \"stacktrace\", None)\n            time.sleep(self._poll)\n            if time.monotonic() > end_time:\n                break\n>       raise TimeoutException(message, screen, stacktrace)\nE       selenium.common.exceptions.TimeoutException: Message: \nE       Stacktrace:\nE       #0 0x55aa1c1a35e3 <unknown>\nE       #1 0x55aa1be660b7 <unknown>\nE       #2 0x55aa1beb3f53 <unknown>\nE       #3 0x55aa1beb4051 <unknown>\nE       #4 0x55aa1bef99c4 <unknown>\nE       #5 0x55aa1bedaf1d <unknown>\nE       #6 0x55aa1bef6b3d <unknown>\nE       #7 0x55aa1bedacc3 <unknown>\nE       #8 0x55aa1bea60e4 <unknown>\nE       #9 0x55aa1bea70ae <unknown>\nE       #10 0x55aa1c169ce1 <unknown>\nE       #11 0x55aa1c16db7e <unknown>\nE       #12 0x55aa1c1574b5 <unknown>\nE       #13 0x55aa1c16e7d6 <unknown>\nE       #14 0x55aa1c13adbf <unknown>\nE       #15 0x55aa1c191748 <unknown>\nE       #16 0x55aa1c191917 <unknown>\nE       #17 0x55aa1c1a2773 <unknown>\nE       #18 0x7f3d9ec94ac3 <unknown>\n\n.venv/lib/python3.11/site-packages/selenium/webdriver/support/wait.py:95: TimeoutException","flaky":false,"newFailed":false,"newBroken":false,"newPassed":false,"retriesCount":0,"retriesStatusChange":false,"beforeStages":[{"name":"base_url","time":{"start":1701392979716,"stop":1701392979716,"duration":0},"status":"passed","steps":[],"attachments":[],"parameters":[],"shouldDisplayMessage":false,"stepsCount":0,"attachmentsCount":0,"hasContent":false},{"name":"_verify_url","time":{"start":1701392979716,"stop":1701392979716,"duration":0},"status":"passed","steps":[],"attachments":[],"parameters":[],"shouldDisplayMessage":false,"stepsCount":0,"attachmentsCount":0,"hasContent":false},{"name":"json_data","time":{"start":1701392979716,"stop":1701392979716,"duration":0},"status":"passed","steps":[],"attachments":[],"parameters":[],"shouldDisplayMessage":false,"stepsCount":0,"attachmentsCount":0,"hasContent":false},{"name":"excel_reader","time":{"start":1701393156128,"stop":1701393156128,"duration":0},"status":"passed","steps":[],"attachments":[],"parameters":[],"shouldDisplayMessage":false,"stepsCount":0,"attachmentsCount":0,"hasContent":false}],"testStage":{"description":"Forgot Password with invalid email address","status":"broken","statusMessage":"selenium.common.exceptions.TimeoutException: Message: \nStacktrace:\n#0 0x55aa1c1a35e3 <unknown>\n#1 0x55aa1be660b7 <unknown>\n#2 0x55aa1beb3f53 <unknown>\n#3 0x55aa1beb4051 <unknown>\n#4 0x55aa1bef99c4 <unknown>\n#5 0x55aa1bedaf1d <unknown>\n#6 0x55aa1bef6b3d <unknown>\n#7 0x55aa1bedacc3 <unknown>\n#8 0x55aa1bea60e4 <unknown>\n#9 0x55aa1bea70ae <unknown>\n#10 0x55aa1c169ce1 <unknown>\n#11 0x55aa1c16db7e <unknown>\n#12 0x55aa1c1574b5 <unknown>\n#13 0x55aa1c16e7d6 <unknown>\n#14 0x55aa1c13adbf <unknown>\n#15 0x55aa1c191748 <unknown>\n#16 0x55aa1c191917 <unknown>\n#17 0x55aa1c1a2773 <unknown>\n#18 0x7f3d9ec94ac3 <unknown>","statusTrace":"self = <tests.test_forgot_password.TestForgotPassword object at 0x7f744fff2250>\nexcel_reader = <utils.excel_parser.ExcelParser object at 0x7f744fc68fd0>\njson_data = {'forgot_password': {'error_message': \"We can't find a user with that e-mail address.\", 'success_message': 'A reset li...you page', 'name': 'test', 'new_name': 'another test', 'no_project_found_msg': 'No project matches the criteria', ...}}\n\n    @allure.description(\"Forgot Password with invalid email address\")\n    @allure.title(\"Forgot Password with invalid email test\")\n    def test_invalid_email(self, excel_reader, json_data: dict):\n        emails = excel_reader.read_from_excel(\"Emails\")\n>       self.about_page.click_login_link()\n\ntests/test_forgot_password.py:31: \n_ _ _ _ _ _ _ _ _ _ _ _ _ _ _ _ _ _ _ _ _ _ _ _ _ _ _ _ _ _ _ _ _ _ _ _ _ _ _ _ \npages/about_page.py:20: in click_login_link\n    self.click(self.LOGIN_LINK)\npages/base_page.py:38: in click\n    el: WebElement = self.wait.until(\n_ _ _ _ _ _ _ _ _ _ _ _ _ _ _ _ _ _ _ _ _ _ _ _ _ _ _ _ _ _ _ _ _ _ _ _ _ _ _ _ \n\nself = <selenium.webdriver.support.wait.WebDriverWait (session=\"181c05cffff2ca2ddd3cb018a8f6f613\")>\nmethod = <function element_to_be_clickable.<locals>._predicate at 0x7f744fc49440>\nmessage = ''\n\n    def until(self, method, message: str = \"\"):\n        \"\"\"Calls the method provided with the driver as an argument until the \\\n        return value does not evaluate to ``False``.\n    \n        :param method: callable(WebDriver)\n        :param message: optional message for :exc:`TimeoutException`\n        :returns: the result of the last call to `method`\n        :raises: :exc:`selenium.common.exceptions.TimeoutException` if timeout occurs\n        \"\"\"\n        screen = None\n        stacktrace = None\n    \n        end_time = time.monotonic() + self._timeout\n        while True:\n            try:\n                value = method(self._driver)\n                if value:\n                    return value\n            except self._ignored_exceptions as exc:\n                screen = getattr(exc, \"screen\", None)\n                stacktrace = getattr(exc, \"stacktrace\", None)\n            time.sleep(self._poll)\n            if time.monotonic() > end_time:\n                break\n>       raise TimeoutException(message, screen, stacktrace)\nE       selenium.common.exceptions.TimeoutException: Message: \nE       Stacktrace:\nE       #0 0x55aa1c1a35e3 <unknown>\nE       #1 0x55aa1be660b7 <unknown>\nE       #2 0x55aa1beb3f53 <unknown>\nE       #3 0x55aa1beb4051 <unknown>\nE       #4 0x55aa1bef99c4 <unknown>\nE       #5 0x55aa1bedaf1d <unknown>\nE       #6 0x55aa1bef6b3d <unknown>\nE       #7 0x55aa1bedacc3 <unknown>\nE       #8 0x55aa1bea60e4 <unknown>\nE       #9 0x55aa1bea70ae <unknown>\nE       #10 0x55aa1c169ce1 <unknown>\nE       #11 0x55aa1c16db7e <unknown>\nE       #12 0x55aa1c1574b5 <unknown>\nE       #13 0x55aa1c16e7d6 <unknown>\nE       #14 0x55aa1c13adbf <unknown>\nE       #15 0x55aa1c191748 <unknown>\nE       #16 0x55aa1c191917 <unknown>\nE       #17 0x55aa1c1a2773 <unknown>\nE       #18 0x7f3d9ec94ac3 <unknown>\n\n.venv/lib/python3.11/site-packages/selenium/webdriver/support/wait.py:95: TimeoutException","steps":[{"name":"Click Login link","time":{"start":1701393156133,"stop":1701393166320,"duration":10187},"status":"broken","statusMessage":"selenium.common.exceptions.TimeoutException: Message: \nStacktrace:\n#0 0x55aa1c1a35e3 <unknown>\n#1 0x55aa1be660b7 <unknown>\n#2 0x55aa1beb3f53 <unknown>\n#3 0x55aa1beb4051 <unknown>\n#4 0x55aa1bef99c4 <unknown>\n#5 0x55aa1bedaf1d <unknown>\n#6 0x55aa1bef6b3d <unknown>\n#7 0x55aa1bedacc3 <unknown>\n#8 0x55aa1bea60e4 <unknown>\n#9 0x55aa1bea70ae <unknown>\n#10 0x55aa1c169ce1 <unknown>\n#11 0x55aa1c16db7e <unknown>\n#12 0x55aa1c1574b5 <unknown>\n#13 0x55aa1c16e7d6 <unknown>\n#14 0x55aa1c13adbf <unknown>\n#15 0x55aa1c191748 <unknown>\n#16 0x55aa1c191917 <unknown>\n#17 0x55aa1c1a2773 <unknown>\n#18 0x7f3d9ec94ac3 <unknown>\n\n","statusTrace":"  File \"/home/runner/work/kisangateway-test/kisangateway-test/.venv/lib/python3.11/site-packages/allure_commons/_allure.py\", line 192, in impl\n    return func(*a, **kw)\n           ^^^^^^^^^^^^^^\n  File \"/home/runner/work/kisangateway-test/kisangateway-test/pages/about_page.py\", line 20, in click_login_link\n    self.click(self.LOGIN_LINK)\n  File \"/home/runner/work/kisangateway-test/kisangateway-test/pages/base_page.py\", line 38, in click\n    el: WebElement = self.wait.until(\n                     ^^^^^^^^^^^^^^^^\n  File \"/home/runner/work/kisangateway-test/kisangateway-test/.venv/lib/python3.11/site-packages/selenium/webdriver/support/wait.py\", line 95, in until\n    raise TimeoutException(message, screen, stacktrace)\n","steps":[],"attachments":[],"parameters":[],"shouldDisplayMessage":true,"stepsCount":0,"attachmentsCount":0,"hasContent":true}],"attachments":[{"uid":"59d114b8287be9ec","name":"public ip address","source":"59d114b8287be9ec.txt","type":"text/plain","size":12},{"uid":"213e7b74ba4aacc9","name":"Cookies","source":"213e7b74ba4aacc9.json","type":"application/json","size":2},{"uid":"9d773153486fdd3","name":"Session Storage","source":"9d773153486fdd3.json","type":"application/json","size":2},{"uid":"51c7aae6f65353ac","name":"Local Storage","source":"51c7aae6f65353ac.json","type":"application/json","size":2},{"uid":"21697a6b664e004a","name":"Console Logs","source":"21697a6b664e004a.json","type":"application/json","size":2},{"uid":"7f288467a20b6cdf","name":"Full Page Screenshot","source":"7f288467a20b6cdf.png","type":"image/png","size":2669391},{"uid":"4f1cbaa0f6f70375","name":"URL","source":"4f1cbaa0f6f70375.uri","type":"text/uri-list","size":25},{"uid":"7bd4dbf1fdb48ed4","name":"Network Logs","source":"7bd4dbf1fdb48ed4.json","type":"application/json","size":13982}],"parameters":[],"shouldDisplayMessage":true,"stepsCount":1,"attachmentsCount":8,"hasContent":true},"afterStages":[],"labels":[{"name":"subSuite","value":"Custom sub suite"},{"name":"severity","value":"critical"},{"name":"epic","value":"Security"},{"name":"story","value":"Forgot Password Feature's Functionality"},{"name":"suite","value":"Custom suite"},{"name":"parentSuite","value":"Custom parent suite"},{"name":"tag","value":"security"},{"name":"host","value":"fv-az842-240"},{"name":"thread","value":"2323-MainThread"},{"name":"framework","value":"pytest"},{"name":"language","value":"cpython3"},{"name":"package","value":"tests.test_forgot_password"},{"name":"resultFormat","value":"allure2"}],"parameters":[],"links":[],"hidden":false,"retry":false,"extra":{"severity":"critical","retries":[],"categories":[{"name":"Test defects","matchedStatuses":[],"flaky":false}],"tags":["security"]},"source":"8ce50965b1bce88b.json","parameterValues":[]}