{"uid":"4a9b8df631dcd332","name":"Delete existing workspace","fullName":"tests.test_workspaces.TestWorkspaces#test_delete_workspace","historyId":"426122535a758ca0ac1fcc53a87d9a4f","time":{"start":1700615272837,"stop":1700615272837,"duration":0},"description":"Delete an existing workspace","descriptionHtml":"<p>Delete an existing workspace</p>\n","status":"broken","statusMessage":"selenium.common.exceptions.TimeoutException: Message: \nStacktrace:\n#0 0x55c51e7215e3 <unknown>\n#1 0x55c51e3e40b7 <unknown>\n#2 0x55c51e431f53 <unknown>\n#3 0x55c51e432051 <unknown>\n#4 0x55c51e4779c4 <unknown>\n#5 0x55c51e458f1d <unknown>\n#6 0x55c51e474b3d <unknown>\n#7 0x55c51e458cc3 <unknown>\n#8 0x55c51e4240e4 <unknown>\n#9 0x55c51e4250ae <unknown>\n#10 0x55c51e6e7ce1 <unknown>\n#11 0x55c51e6ebb7e <unknown>\n#12 0x55c51e6d54b5 <unknown>\n#13 0x55c51e6ec7d6 <unknown>\n#14 0x55c51e6b8dbf <unknown>\n#15 0x55c51e70f748 <unknown>\n#16 0x55c51e70f917 <unknown>\n#17 0x55c51e720773 <unknown>\n#18 0x7f60ed094ac3 <unknown>","statusTrace":"self = <tests.test_workspaces.TestWorkspaces object at 0x7fd2fa83fbd0>\nsecret_data = {'email': '', 'password': ''}\n\n    @pytest.fixture(autouse=True)\n    def setup_method_fixture(self, secret_data: dict):\n>       login(secret_data, self.about_page, self.login_page)\n\ntests/test_workspaces.py:23: \n_ _ _ _ _ _ _ _ _ _ _ _ _ _ _ _ _ _ _ _ _ _ _ _ _ _ _ _ _ _ _ _ _ _ _ _ _ _ _ _ \ntests/test_workspaces.py:13: in login\n    about_page.click_login_link()\npages/about_page.py:20: in click_login_link\n    self.click(self.LOGIN_LINK)\npages/base_page.py:38: in click\n    el: WebElement = self.wait.until(\n_ _ _ _ _ _ _ _ _ _ _ _ _ _ _ _ _ _ _ _ _ _ _ _ _ _ _ _ _ _ _ _ _ _ _ _ _ _ _ _ \n\nself = <selenium.webdriver.support.wait.WebDriverWait (session=\"570f9a7d42ef326d12ce83f57cf67714\")>\nmethod = <function element_to_be_clickable.<locals>._predicate at 0x7fd2fa508540>\nmessage = ''\n\n    def until(self, method, message: str = \"\"):\n        \"\"\"Calls the method provided with the driver as an argument until the \\\n        return value does not evaluate to ``False``.\n    \n        :param method: callable(WebDriver)\n        :param message: optional message for :exc:`TimeoutException`\n        :returns: the result of the last call to `method`\n        :raises: :exc:`selenium.common.exceptions.TimeoutException` if timeout occurs\n        \"\"\"\n        screen = None\n        stacktrace = None\n    \n        end_time = time.monotonic() + self._timeout\n        while True:\n            try:\n                value = method(self._driver)\n                if value:\n                    return value\n            except self._ignored_exceptions as exc:\n                screen = getattr(exc, \"screen\", None)\n                stacktrace = getattr(exc, \"stacktrace\", None)\n            time.sleep(self._poll)\n            if time.monotonic() > end_time:\n                break\n>       raise TimeoutException(message, screen, stacktrace)\nE       selenium.common.exceptions.TimeoutException: Message: \nE       Stacktrace:\nE       #0 0x55c51e7215e3 <unknown>\nE       #1 0x55c51e3e40b7 <unknown>\nE       #2 0x55c51e431f53 <unknown>\nE       #3 0x55c51e432051 <unknown>\nE       #4 0x55c51e4779c4 <unknown>\nE       #5 0x55c51e458f1d <unknown>\nE       #6 0x55c51e474b3d <unknown>\nE       #7 0x55c51e458cc3 <unknown>\nE       #8 0x55c51e4240e4 <unknown>\nE       #9 0x55c51e4250ae <unknown>\nE       #10 0x55c51e6e7ce1 <unknown>\nE       #11 0x55c51e6ebb7e <unknown>\nE       #12 0x55c51e6d54b5 <unknown>\nE       #13 0x55c51e6ec7d6 <unknown>\nE       #14 0x55c51e6b8dbf <unknown>\nE       #15 0x55c51e70f748 <unknown>\nE       #16 0x55c51e70f917 <unknown>\nE       #17 0x55c51e720773 <unknown>\nE       #18 0x7f60ed094ac3 <unknown>\n\n.venv/lib/python3.11/site-packages/selenium/webdriver/support/wait.py:95: TimeoutException","flaky":false,"newFailed":false,"newBroken":false,"newPassed":false,"retriesCount":0,"retriesStatusChange":false,"beforeStages":[{"name":"base_url","time":{"start":1700615198251,"stop":1700615198251,"duration":0},"status":"passed","steps":[],"attachments":[],"parameters":[],"shouldDisplayMessage":false,"stepsCount":0,"attachmentsCount":0,"hasContent":false},{"name":"secret_data","time":{"start":1700615198251,"stop":1700615198252,"duration":1},"status":"passed","steps":[],"attachments":[],"parameters":[],"shouldDisplayMessage":false,"stepsCount":0,"attachmentsCount":0,"hasContent":false},{"name":"_verify_url","time":{"start":1700615198251,"stop":1700615198251,"duration":0},"status":"passed","steps":[],"attachments":[],"parameters":[],"shouldDisplayMessage":false,"stepsCount":0,"attachmentsCount":0,"hasContent":false},{"name":"setup_method_fixture","time":{"start":1700615273958,"stop":1700615284153,"duration":10195},"status":"broken","statusMessage":"selenium.common.exceptions.TimeoutException: Message: \nStacktrace:\n#0 0x55c51e7215e3 <unknown>\n#1 0x55c51e3e40b7 <unknown>\n#2 0x55c51e431f53 <unknown>\n#3 0x55c51e432051 <unknown>\n#4 0x55c51e4779c4 <unknown>\n#5 0x55c51e458f1d <unknown>\n#6 0x55c51e474b3d <unknown>\n#7 0x55c51e458cc3 <unknown>\n#8 0x55c51e4240e4 <unknown>\n#9 0x55c51e4250ae <unknown>\n#10 0x55c51e6e7ce1 <unknown>\n#11 0x55c51e6ebb7e <unknown>\n#12 0x55c51e6d54b5 <unknown>\n#13 0x55c51e6ec7d6 <unknown>\n#14 0x55c51e6b8dbf <unknown>\n#15 0x55c51e70f748 <unknown>\n#16 0x55c51e70f917 <unknown>\n#17 0x55c51e720773 <unknown>\n#18 0x7f60ed094ac3 <unknown>\n\n","statusTrace":"  File \"/home/runner/work/kisangateway-test/kisangateway-test/.venv/lib/python3.11/site-packages/pluggy/_callers.py\", line 80, in _multicall\n    res = hook_impl.function(*args)\n          ^^^^^^^^^^^^^^^^^^^^^^^^^\n  File \"/home/runner/work/kisangateway-test/kisangateway-test/.venv/lib/python3.11/site-packages/_pytest/fixtures.py\", line 1123, in pytest_fixture_setup\n    result = call_fixture_func(fixturefunc, request, kwargs)\n             ^^^^^^^^^^^^^^^^^^^^^^^^^^^^^^^^^^^^^^^^^^^^^^^\n  File \"/home/runner/work/kisangateway-test/kisangateway-test/.venv/lib/python3.11/site-packages/_pytest/fixtures.py\", line 902, in call_fixture_func\n    fixture_result = fixturefunc(**kwargs)\n                     ^^^^^^^^^^^^^^^^^^^^^\n  File \"/home/runner/work/kisangateway-test/kisangateway-test/tests/test_workspaces.py\", line 23, in setup_method_fixture\n    login(secret_data, self.about_page, self.login_page)\n  File \"/home/runner/work/kisangateway-test/kisangateway-test/tests/test_workspaces.py\", line 13, in login\n    about_page.click_login_link()\n  File \"/home/runner/work/kisangateway-test/kisangateway-test/.venv/lib/python3.11/site-packages/allure_commons/_allure.py\", line 192, in impl\n    return func(*a, **kw)\n           ^^^^^^^^^^^^^^\n  File \"/home/runner/work/kisangateway-test/kisangateway-test/pages/about_page.py\", line 20, in click_login_link\n    self.click(self.LOGIN_LINK)\n  File \"/home/runner/work/kisangateway-test/kisangateway-test/pages/base_page.py\", line 38, in click\n    el: WebElement = self.wait.until(\n                     ^^^^^^^^^^^^^^^^\n  File \"/home/runner/work/kisangateway-test/kisangateway-test/.venv/lib/python3.11/site-packages/selenium/webdriver/support/wait.py\", line 95, in until\n    raise TimeoutException(message, screen, stacktrace)\n","steps":[{"name":"Click Login link","time":{"start":1700615273958,"stop":1700615284153,"duration":10195},"status":"broken","statusMessage":"selenium.common.exceptions.TimeoutException: Message: \nStacktrace:\n#0 0x55c51e7215e3 <unknown>\n#1 0x55c51e3e40b7 <unknown>\n#2 0x55c51e431f53 <unknown>\n#3 0x55c51e432051 <unknown>\n#4 0x55c51e4779c4 <unknown>\n#5 0x55c51e458f1d <unknown>\n#6 0x55c51e474b3d <unknown>\n#7 0x55c51e458cc3 <unknown>\n#8 0x55c51e4240e4 <unknown>\n#9 0x55c51e4250ae <unknown>\n#10 0x55c51e6e7ce1 <unknown>\n#11 0x55c51e6ebb7e <unknown>\n#12 0x55c51e6d54b5 <unknown>\n#13 0x55c51e6ec7d6 <unknown>\n#14 0x55c51e6b8dbf <unknown>\n#15 0x55c51e70f748 <unknown>\n#16 0x55c51e70f917 <unknown>\n#17 0x55c51e720773 <unknown>\n#18 0x7f60ed094ac3 <unknown>\n\n","statusTrace":"  File \"/home/runner/work/kisangateway-test/kisangateway-test/.venv/lib/python3.11/site-packages/allure_commons/_allure.py\", line 192, in impl\n    return func(*a, **kw)\n           ^^^^^^^^^^^^^^\n  File \"/home/runner/work/kisangateway-test/kisangateway-test/pages/about_page.py\", line 20, in click_login_link\n    self.click(self.LOGIN_LINK)\n  File \"/home/runner/work/kisangateway-test/kisangateway-test/pages/base_page.py\", line 38, in click\n    el: WebElement = self.wait.until(\n                     ^^^^^^^^^^^^^^^^\n  File \"/home/runner/work/kisangateway-test/kisangateway-test/.venv/lib/python3.11/site-packages/selenium/webdriver/support/wait.py\", line 95, in until\n    raise TimeoutException(message, screen, stacktrace)\n","steps":[],"attachments":[],"parameters":[],"shouldDisplayMessage":true,"stepsCount":0,"attachmentsCount":0,"hasContent":true}],"attachments":[],"parameters":[],"shouldDisplayMessage":false,"stepsCount":1,"attachmentsCount":0,"hasContent":true}],"testStage":{"description":"Delete an existing workspace","status":"broken","statusMessage":"selenium.common.exceptions.TimeoutException: Message: \nStacktrace:\n#0 0x55c51e7215e3 <unknown>\n#1 0x55c51e3e40b7 <unknown>\n#2 0x55c51e431f53 <unknown>\n#3 0x55c51e432051 <unknown>\n#4 0x55c51e4779c4 <unknown>\n#5 0x55c51e458f1d <unknown>\n#6 0x55c51e474b3d <unknown>\n#7 0x55c51e458cc3 <unknown>\n#8 0x55c51e4240e4 <unknown>\n#9 0x55c51e4250ae <unknown>\n#10 0x55c51e6e7ce1 <unknown>\n#11 0x55c51e6ebb7e <unknown>\n#12 0x55c51e6d54b5 <unknown>\n#13 0x55c51e6ec7d6 <unknown>\n#14 0x55c51e6b8dbf <unknown>\n#15 0x55c51e70f748 <unknown>\n#16 0x55c51e70f917 <unknown>\n#17 0x55c51e720773 <unknown>\n#18 0x7f60ed094ac3 <unknown>","statusTrace":"self = <tests.test_workspaces.TestWorkspaces object at 0x7fd2fa83fbd0>\nsecret_data = {'email': '', 'password': ''}\n\n    @pytest.fixture(autouse=True)\n    def setup_method_fixture(self, secret_data: dict):\n>       login(secret_data, self.about_page, self.login_page)\n\ntests/test_workspaces.py:23: \n_ _ _ _ _ _ _ _ _ _ _ _ _ _ _ _ _ _ _ _ _ _ _ _ _ _ _ _ _ _ _ _ _ _ _ _ _ _ _ _ \ntests/test_workspaces.py:13: in login\n    about_page.click_login_link()\npages/about_page.py:20: in click_login_link\n    self.click(self.LOGIN_LINK)\npages/base_page.py:38: in click\n    el: WebElement = self.wait.until(\n_ _ _ _ _ _ _ _ _ _ _ _ _ _ _ _ _ _ _ _ _ _ _ _ _ _ _ _ _ _ _ _ _ _ _ _ _ _ _ _ \n\nself = <selenium.webdriver.support.wait.WebDriverWait (session=\"570f9a7d42ef326d12ce83f57cf67714\")>\nmethod = <function element_to_be_clickable.<locals>._predicate at 0x7fd2fa508540>\nmessage = ''\n\n    def until(self, method, message: str = \"\"):\n        \"\"\"Calls the method provided with the driver as an argument until the \\\n        return value does not evaluate to ``False``.\n    \n        :param method: callable(WebDriver)\n        :param message: optional message for :exc:`TimeoutException`\n        :returns: the result of the last call to `method`\n        :raises: :exc:`selenium.common.exceptions.TimeoutException` if timeout occurs\n        \"\"\"\n        screen = None\n        stacktrace = None\n    \n        end_time = time.monotonic() + self._timeout\n        while True:\n            try:\n                value = method(self._driver)\n                if value:\n                    return value\n            except self._ignored_exceptions as exc:\n                screen = getattr(exc, \"screen\", None)\n                stacktrace = getattr(exc, \"stacktrace\", None)\n            time.sleep(self._poll)\n            if time.monotonic() > end_time:\n                break\n>       raise TimeoutException(message, screen, stacktrace)\nE       selenium.common.exceptions.TimeoutException: Message: \nE       Stacktrace:\nE       #0 0x55c51e7215e3 <unknown>\nE       #1 0x55c51e3e40b7 <unknown>\nE       #2 0x55c51e431f53 <unknown>\nE       #3 0x55c51e432051 <unknown>\nE       #4 0x55c51e4779c4 <unknown>\nE       #5 0x55c51e458f1d <unknown>\nE       #6 0x55c51e474b3d <unknown>\nE       #7 0x55c51e458cc3 <unknown>\nE       #8 0x55c51e4240e4 <unknown>\nE       #9 0x55c51e4250ae <unknown>\nE       #10 0x55c51e6e7ce1 <unknown>\nE       #11 0x55c51e6ebb7e <unknown>\nE       #12 0x55c51e6d54b5 <unknown>\nE       #13 0x55c51e6ec7d6 <unknown>\nE       #14 0x55c51e6b8dbf <unknown>\nE       #15 0x55c51e70f748 <unknown>\nE       #16 0x55c51e70f917 <unknown>\nE       #17 0x55c51e720773 <unknown>\nE       #18 0x7f60ed094ac3 <unknown>\n\n.venv/lib/python3.11/site-packages/selenium/webdriver/support/wait.py:95: TimeoutException","steps":[],"attachments":[{"uid":"54c6cc1a06f868e0","name":"public ip address","source":"54c6cc1a06f868e0.txt","type":"text/plain","size":13},{"uid":"1b267aa478f164eb","name":"Cookies","source":"1b267aa478f164eb.json","type":"application/json","size":2},{"uid":"4ce3648dd1660264","name":"Session Storage","source":"4ce3648dd1660264.json","type":"application/json","size":2},{"uid":"2e3195bbd6d73196","name":"Local Storage","source":"2e3195bbd6d73196.json","type":"application/json","size":2},{"uid":"7d089234401a672b","name":"Console Logs","source":"7d089234401a672b.json","type":"application/json","size":2},{"uid":"1b26571e6a125579","name":"Full Page Screenshot","source":"1b26571e6a125579.png","type":"image/png","size":2669391},{"uid":"aa1f1a60c2be846a","name":"URL","source":"aa1f1a60c2be846a.uri","type":"text/uri-list","size":25},{"uid":"bfaf1a7614d10d86","name":"Network Logs","source":"bfaf1a7614d10d86.json","type":"application/json","size":14026}],"parameters":[],"shouldDisplayMessage":true,"stepsCount":0,"attachmentsCount":8,"hasContent":true},"afterStages":[],"labels":[{"name":"epic","value":"Workspaces"},{"name":"severity","value":"normal"},{"name":"story","value":"WorkSpaces Creation and Editing Functionality"},{"name":"tag","value":"run(order=3)"},{"name":"parentSuite","value":"tests"},{"name":"suite","value":"test_workspaces"},{"name":"subSuite","value":"TestWorkspaces"},{"name":"host","value":"fv-az1498-487"},{"name":"thread","value":"2280-MainThread"},{"name":"framework","value":"pytest"},{"name":"language","value":"cpython3"},{"name":"package","value":"tests.test_workspaces"},{"name":"resultFormat","value":"allure2"}],"parameters":[],"links":[],"hidden":false,"retry":false,"extra":{"severity":"normal","retries":[],"categories":[{"name":"Test defects","matchedStatuses":[],"flaky":false}],"tags":["run(order=3)"]},"source":"4a9b8df631dcd332.json","parameterValues":[]}