{"uid":"c72070496394a45f","name":"Logout of system test","fullName":"tests.test_login.TestLogin#test_logout","historyId":"b90200cedc51a1ecbba9a19fbdbf8893","time":{"start":1700615223875,"stop":1700615234071,"duration":10196},"description":"Log out from app","descriptionHtml":"<p>Log out from app</p>\n","status":"broken","statusMessage":"selenium.common.exceptions.TimeoutException: Message: \nStacktrace:\n#0 0x56233f4d55e3 <unknown>\n#1 0x56233f1980b7 <unknown>\n#2 0x56233f1e5f53 <unknown>\n#3 0x56233f1e6051 <unknown>\n#4 0x56233f22b9c4 <unknown>\n#5 0x56233f20cf1d <unknown>\n#6 0x56233f228b3d <unknown>\n#7 0x56233f20ccc3 <unknown>\n#8 0x56233f1d80e4 <unknown>\n#9 0x56233f1d90ae <unknown>\n#10 0x56233f49bce1 <unknown>\n#11 0x56233f49fb7e <unknown>\n#12 0x56233f4894b5 <unknown>\n#13 0x56233f4a07d6 <unknown>\n#14 0x56233f46cdbf <unknown>\n#15 0x56233f4c3748 <unknown>\n#16 0x56233f4c3917 <unknown>\n#17 0x56233f4d4773 <unknown>\n#18 0x7fb095494ac3 <unknown>","statusTrace":"self = <tests.test_login.TestLogin object at 0x7fd2fa83ed90>\njson_data = {'forgot_password': {'error_message': \"We can't find a user with that e-mail address.\", 'success_message': 'A reset li...you page', 'name': 'test', 'new_name': 'another test', 'no_project_found_msg': 'No project matches the criteria', ...}}\nsecret_data = {'email': '', 'password': ''}\n\n    @allure.description(\"Log out from app\")\n    @allure.title(\"Logout of system test\")\n    @allure.story(\"As a user i want to be able to logout after a successful login.\")\n    @pytest.mark.run(order=2)\n    def test_logout(self, json_data: dict, secret_data: dict):\n        # example of a simple text attachment\n        allure.attach(\n            \"<h1>Example html attachment</h1>\",\n            name=\"HTML example\",\n            attachment_type=allure.attachment_type.HTML,\n        )\n        allure.attach(\n            \"Some text content\",\n            name=\"TXT example\",\n            attachment_type=allure.attachment_type.TEXT,\n        )\n        allure.attach(\n            \"first,second,third\\none,two,three\",\n            name=\"CSV example\",\n            attachment_type=allure.attachment_type.CSV,\n        )\n        allure.attach(\n            json.dumps({\"first\": 1, \"second\": 2}, indent=2),\n            name=\"JSON example\",\n            attachment_type=allure.attachment_type.JSON,\n        )\n        xml_content = \"\"\"<?xml version=\"1.0\" encoding=\"UTF-8\"?>\n            <tag>\n                 <inside>...</inside>\n             </tag>\n         \"\"\"\n        allure.attach(\n            xml_content,\n            name=\"some attachment name\",\n            attachment_type=allure.attachment_type.XML,\n        )\n        allure.attach(\n            \"\\n\".join(\n                [\n                    \"https://github.com/allure-framework\",\n                    \"https://github.com/allure-examples\",\n                ]\n            ),\n            name=\"URI List example\",\n            attachment_type=allure.attachment_type.URI_LIST,\n        )\n>       self.about_page.click_login_link()\n\ntests/test_login.py:90: \n_ _ _ _ _ _ _ _ _ _ _ _ _ _ _ _ _ _ _ _ _ _ _ _ _ _ _ _ _ _ _ _ _ _ _ _ _ _ _ _ \npages/about_page.py:20: in click_login_link\n    self.click(self.LOGIN_LINK)\npages/base_page.py:38: in click\n    el: WebElement = self.wait.until(\n_ _ _ _ _ _ _ _ _ _ _ _ _ _ _ _ _ _ _ _ _ _ _ _ _ _ _ _ _ _ _ _ _ _ _ _ _ _ _ _ \n\nself = <selenium.webdriver.support.wait.WebDriverWait (session=\"9b0f27b5499afd713f4477f4ef8b5d20\")>\nmethod = <function element_to_be_clickable.<locals>._predicate at 0x7fd2fa76e2a0>\nmessage = ''\n\n    def until(self, method, message: str = \"\"):\n        \"\"\"Calls the method provided with the driver as an argument until the \\\n        return value does not evaluate to ``False``.\n    \n        :param method: callable(WebDriver)\n        :param message: optional message for :exc:`TimeoutException`\n        :returns: the result of the last call to `method`\n        :raises: :exc:`selenium.common.exceptions.TimeoutException` if timeout occurs\n        \"\"\"\n        screen = None\n        stacktrace = None\n    \n        end_time = time.monotonic() + self._timeout\n        while True:\n            try:\n                value = method(self._driver)\n                if value:\n                    return value\n            except self._ignored_exceptions as exc:\n                screen = getattr(exc, \"screen\", None)\n                stacktrace = getattr(exc, \"stacktrace\", None)\n            time.sleep(self._poll)\n            if time.monotonic() > end_time:\n                break\n>       raise TimeoutException(message, screen, stacktrace)\nE       selenium.common.exceptions.TimeoutException: Message: \nE       Stacktrace:\nE       #0 0x56233f4d55e3 <unknown>\nE       #1 0x56233f1980b7 <unknown>\nE       #2 0x56233f1e5f53 <unknown>\nE       #3 0x56233f1e6051 <unknown>\nE       #4 0x56233f22b9c4 <unknown>\nE       #5 0x56233f20cf1d <unknown>\nE       #6 0x56233f228b3d <unknown>\nE       #7 0x56233f20ccc3 <unknown>\nE       #8 0x56233f1d80e4 <unknown>\nE       #9 0x56233f1d90ae <unknown>\nE       #10 0x56233f49bce1 <unknown>\nE       #11 0x56233f49fb7e <unknown>\nE       #12 0x56233f4894b5 <unknown>\nE       #13 0x56233f4a07d6 <unknown>\nE       #14 0x56233f46cdbf <unknown>\nE       #15 0x56233f4c3748 <unknown>\nE       #16 0x56233f4c3917 <unknown>\nE       #17 0x56233f4d4773 <unknown>\nE       #18 0x7fb095494ac3 <unknown>\n\n.venv/lib/python3.11/site-packages/selenium/webdriver/support/wait.py:95: TimeoutException","flaky":false,"newFailed":false,"newBroken":false,"newPassed":false,"retriesCount":0,"retriesStatusChange":false,"beforeStages":[{"name":"base_url","time":{"start":1700615198251,"stop":1700615198251,"duration":0},"status":"passed","steps":[],"attachments":[],"parameters":[],"shouldDisplayMessage":false,"stepsCount":0,"attachmentsCount":0,"hasContent":false},{"name":"secret_data","time":{"start":1700615198251,"stop":1700615198252,"duration":1},"status":"passed","steps":[],"attachments":[],"parameters":[],"shouldDisplayMessage":false,"stepsCount":0,"attachmentsCount":0,"hasContent":false},{"name":"_verify_url","time":{"start":1700615198251,"stop":1700615198251,"duration":0},"status":"passed","steps":[],"attachments":[],"parameters":[],"shouldDisplayMessage":false,"stepsCount":0,"attachmentsCount":0,"hasContent":false},{"name":"json_data","time":{"start":1700615198252,"stop":1700615198252,"duration":0},"status":"passed","steps":[],"attachments":[],"parameters":[],"shouldDisplayMessage":false,"stepsCount":0,"attachmentsCount":0,"hasContent":false}],"testStage":{"description":"Log out from app","status":"broken","statusMessage":"selenium.common.exceptions.TimeoutException: Message: \nStacktrace:\n#0 0x56233f4d55e3 <unknown>\n#1 0x56233f1980b7 <unknown>\n#2 0x56233f1e5f53 <unknown>\n#3 0x56233f1e6051 <unknown>\n#4 0x56233f22b9c4 <unknown>\n#5 0x56233f20cf1d <unknown>\n#6 0x56233f228b3d <unknown>\n#7 0x56233f20ccc3 <unknown>\n#8 0x56233f1d80e4 <unknown>\n#9 0x56233f1d90ae <unknown>\n#10 0x56233f49bce1 <unknown>\n#11 0x56233f49fb7e <unknown>\n#12 0x56233f4894b5 <unknown>\n#13 0x56233f4a07d6 <unknown>\n#14 0x56233f46cdbf <unknown>\n#15 0x56233f4c3748 <unknown>\n#16 0x56233f4c3917 <unknown>\n#17 0x56233f4d4773 <unknown>\n#18 0x7fb095494ac3 <unknown>","statusTrace":"self = <tests.test_login.TestLogin object at 0x7fd2fa83ed90>\njson_data = {'forgot_password': {'error_message': \"We can't find a user with that e-mail address.\", 'success_message': 'A reset li...you page', 'name': 'test', 'new_name': 'another test', 'no_project_found_msg': 'No project matches the criteria', ...}}\nsecret_data = {'email': '', 'password': ''}\n\n    @allure.description(\"Log out from app\")\n    @allure.title(\"Logout of system test\")\n    @allure.story(\"As a user i want to be able to logout after a successful login.\")\n    @pytest.mark.run(order=2)\n    def test_logout(self, json_data: dict, secret_data: dict):\n        # example of a simple text attachment\n        allure.attach(\n            \"<h1>Example html attachment</h1>\",\n            name=\"HTML example\",\n            attachment_type=allure.attachment_type.HTML,\n        )\n        allure.attach(\n            \"Some text content\",\n            name=\"TXT example\",\n            attachment_type=allure.attachment_type.TEXT,\n        )\n        allure.attach(\n            \"first,second,third\\none,two,three\",\n            name=\"CSV example\",\n            attachment_type=allure.attachment_type.CSV,\n        )\n        allure.attach(\n            json.dumps({\"first\": 1, \"second\": 2}, indent=2),\n            name=\"JSON example\",\n            attachment_type=allure.attachment_type.JSON,\n        )\n        xml_content = \"\"\"<?xml version=\"1.0\" encoding=\"UTF-8\"?>\n            <tag>\n                 <inside>...</inside>\n             </tag>\n         \"\"\"\n        allure.attach(\n            xml_content,\n            name=\"some attachment name\",\n            attachment_type=allure.attachment_type.XML,\n        )\n        allure.attach(\n            \"\\n\".join(\n                [\n                    \"https://github.com/allure-framework\",\n                    \"https://github.com/allure-examples\",\n                ]\n            ),\n            name=\"URI List example\",\n            attachment_type=allure.attachment_type.URI_LIST,\n        )\n>       self.about_page.click_login_link()\n\ntests/test_login.py:90: \n_ _ _ _ _ _ _ _ _ _ _ _ _ _ _ _ _ _ _ _ _ _ _ _ _ _ _ _ _ _ _ _ _ _ _ _ _ _ _ _ \npages/about_page.py:20: in click_login_link\n    self.click(self.LOGIN_LINK)\npages/base_page.py:38: in click\n    el: WebElement = self.wait.until(\n_ _ _ _ _ _ _ _ _ _ _ _ _ _ _ _ _ _ _ _ _ _ _ _ _ _ _ _ _ _ _ _ _ _ _ _ _ _ _ _ \n\nself = <selenium.webdriver.support.wait.WebDriverWait (session=\"9b0f27b5499afd713f4477f4ef8b5d20\")>\nmethod = <function element_to_be_clickable.<locals>._predicate at 0x7fd2fa76e2a0>\nmessage = ''\n\n    def until(self, method, message: str = \"\"):\n        \"\"\"Calls the method provided with the driver as an argument until the \\\n        return value does not evaluate to ``False``.\n    \n        :param method: callable(WebDriver)\n        :param message: optional message for :exc:`TimeoutException`\n        :returns: the result of the last call to `method`\n        :raises: :exc:`selenium.common.exceptions.TimeoutException` if timeout occurs\n        \"\"\"\n        screen = None\n        stacktrace = None\n    \n        end_time = time.monotonic() + self._timeout\n        while True:\n            try:\n                value = method(self._driver)\n                if value:\n                    return value\n            except self._ignored_exceptions as exc:\n                screen = getattr(exc, \"screen\", None)\n                stacktrace = getattr(exc, \"stacktrace\", None)\n            time.sleep(self._poll)\n            if time.monotonic() > end_time:\n                break\n>       raise TimeoutException(message, screen, stacktrace)\nE       selenium.common.exceptions.TimeoutException: Message: \nE       Stacktrace:\nE       #0 0x56233f4d55e3 <unknown>\nE       #1 0x56233f1980b7 <unknown>\nE       #2 0x56233f1e5f53 <unknown>\nE       #3 0x56233f1e6051 <unknown>\nE       #4 0x56233f22b9c4 <unknown>\nE       #5 0x56233f20cf1d <unknown>\nE       #6 0x56233f228b3d <unknown>\nE       #7 0x56233f20ccc3 <unknown>\nE       #8 0x56233f1d80e4 <unknown>\nE       #9 0x56233f1d90ae <unknown>\nE       #10 0x56233f49bce1 <unknown>\nE       #11 0x56233f49fb7e <unknown>\nE       #12 0x56233f4894b5 <unknown>\nE       #13 0x56233f4a07d6 <unknown>\nE       #14 0x56233f46cdbf <unknown>\nE       #15 0x56233f4c3748 <unknown>\nE       #16 0x56233f4c3917 <unknown>\nE       #17 0x56233f4d4773 <unknown>\nE       #18 0x7fb095494ac3 <unknown>\n\n.venv/lib/python3.11/site-packages/selenium/webdriver/support/wait.py:95: TimeoutException","steps":[{"name":"Click Login link","time":{"start":1700615223876,"stop":1700615234070,"duration":10194},"status":"broken","statusMessage":"selenium.common.exceptions.TimeoutException: Message: \nStacktrace:\n#0 0x56233f4d55e3 <unknown>\n#1 0x56233f1980b7 <unknown>\n#2 0x56233f1e5f53 <unknown>\n#3 0x56233f1e6051 <unknown>\n#4 0x56233f22b9c4 <unknown>\n#5 0x56233f20cf1d <unknown>\n#6 0x56233f228b3d <unknown>\n#7 0x56233f20ccc3 <unknown>\n#8 0x56233f1d80e4 <unknown>\n#9 0x56233f1d90ae <unknown>\n#10 0x56233f49bce1 <unknown>\n#11 0x56233f49fb7e <unknown>\n#12 0x56233f4894b5 <unknown>\n#13 0x56233f4a07d6 <unknown>\n#14 0x56233f46cdbf <unknown>\n#15 0x56233f4c3748 <unknown>\n#16 0x56233f4c3917 <unknown>\n#17 0x56233f4d4773 <unknown>\n#18 0x7fb095494ac3 <unknown>\n\n","statusTrace":"  File \"/home/runner/work/kisangateway-test/kisangateway-test/.venv/lib/python3.11/site-packages/allure_commons/_allure.py\", line 192, in impl\n    return func(*a, **kw)\n           ^^^^^^^^^^^^^^\n  File \"/home/runner/work/kisangateway-test/kisangateway-test/pages/about_page.py\", line 20, in click_login_link\n    self.click(self.LOGIN_LINK)\n  File \"/home/runner/work/kisangateway-test/kisangateway-test/pages/base_page.py\", line 38, in click\n    el: WebElement = self.wait.until(\n                     ^^^^^^^^^^^^^^^^\n  File \"/home/runner/work/kisangateway-test/kisangateway-test/.venv/lib/python3.11/site-packages/selenium/webdriver/support/wait.py\", line 95, in until\n    raise TimeoutException(message, screen, stacktrace)\n","steps":[],"attachments":[],"parameters":[],"shouldDisplayMessage":true,"stepsCount":0,"attachmentsCount":0,"hasContent":true}],"attachments":[{"uid":"e2a1d45ca7b9940b","name":"HTML example","source":"e2a1d45ca7b9940b.html","type":"text/html","size":32},{"uid":"29238d1398f1b125","name":"TXT example","source":"29238d1398f1b125.txt","type":"text/plain","size":17},{"uid":"38b0fdb732eb38b3","name":"CSV example","source":"38b0fdb732eb38b3.csv","type":"text/csv","size":32},{"uid":"b525704da77ad3f4","name":"JSON example","source":"b525704da77ad3f4.json","type":"application/json","size":31},{"uid":"63e4ea3035cc54c8","name":"some attachment name","source":"63e4ea3035cc54c8.xml","type":"application/xml","size":124},{"uid":"924fb6972025747b","name":"URI List example","source":"924fb6972025747b.uri","type":"text/uri-list","size":70},{"uid":"25cf18f34315b253","name":"public ip address","source":"25cf18f34315b253.txt","type":"text/plain","size":13},{"uid":"1514eb2b44c819e","name":"Cookies","source":"1514eb2b44c819e.json","type":"application/json","size":2},{"uid":"eb0838075b6f83e6","name":"Session Storage","source":"eb0838075b6f83e6.json","type":"application/json","size":2},{"uid":"735ff133e8e32a9d","name":"Local Storage","source":"735ff133e8e32a9d.json","type":"application/json","size":2},{"uid":"f11aa133ba1fbeae","name":"Console Logs","source":"f11aa133ba1fbeae.json","type":"application/json","size":2},{"uid":"162533dc73b295d","name":"Full Page Screenshot","source":"162533dc73b295d.png","type":"image/png","size":2669391},{"uid":"3011a366f97e07f","name":"URL","source":"3011a366f97e07f.uri","type":"text/uri-list","size":25},{"uid":"38967d0a9a0ad8a6","name":"Network Logs","source":"38967d0a9a0ad8a6.json","type":"application/json","size":13977}],"parameters":[],"shouldDisplayMessage":true,"stepsCount":1,"attachmentsCount":14,"hasContent":true},"afterStages":[],"labels":[{"name":"severity","value":"blocker"},{"name":"epic","value":"Security"},{"name":"feature","value":"Login"},{"name":"story","value":"As a user i want to be able to logout after a successful login."},{"name":"tag","value":"run(order=2)"},{"name":"tag","value":"security"},{"name":"parentSuite","value":"tests"},{"name":"suite","value":"test_login"},{"name":"subSuite","value":"TestLogin"},{"name":"host","value":"fv-az1498-487"},{"name":"thread","value":"2280-MainThread"},{"name":"framework","value":"pytest"},{"name":"language","value":"cpython3"},{"name":"package","value":"tests.test_login"},{"name":"resultFormat","value":"allure2"}],"parameters":[],"links":[],"hidden":false,"retry":false,"extra":{"severity":"blocker","retries":[],"categories":[{"name":"Test defects","matchedStatuses":[],"flaky":false}],"tags":["run(order=2)","security"]},"source":"c72070496394a45f.json","parameterValues":[]}