{"uid":"e2aba0f68b3abe8e","name":"Forgot Password with valid email test","fullName":"tests.test_forgot_password.TestForgotPassword#test_valid_email","historyId":"7ff7e178fd4f5b4b8deb31c8fc69c6a9","time":{"start":1700615361544,"stop":1700615371734,"duration":10190},"description":"Forgot password with a valid email address","descriptionHtml":"<p>Forgot password with a valid email address</p>\n","status":"broken","statusMessage":"selenium.common.exceptions.TimeoutException: Message: \nStacktrace:\n#0 0x555782bf65e3 <unknown>\n#1 0x5557828b90b7 <unknown>\n#2 0x555782906f53 <unknown>\n#3 0x555782907051 <unknown>\n#4 0x55578294c9c4 <unknown>\n#5 0x55578292df1d <unknown>\n#6 0x555782949b3d <unknown>\n#7 0x55578292dcc3 <unknown>\n#8 0x5557828f90e4 <unknown>\n#9 0x5557828fa0ae <unknown>\n#10 0x555782bbcce1 <unknown>\n#11 0x555782bc0b7e <unknown>\n#12 0x555782baa4b5 <unknown>\n#13 0x555782bc17d6 <unknown>\n#14 0x555782b8ddbf <unknown>\n#15 0x555782be4748 <unknown>\n#16 0x555782be4917 <unknown>\n#17 0x555782bf5773 <unknown>\n#18 0x7f8b4f494ac3 <unknown>","statusTrace":"self = <tests.test_forgot_password.TestForgotPassword object at 0x7fd2fb6065d0>\njson_data = {'forgot_password': {'error_message': \"We can't find a user with that e-mail address.\", 'success_message': 'A reset li...you page', 'name': 'test', 'new_name': 'another test', 'no_project_found_msg': 'No project matches the criteria', ...}}\nsecret_data = {'email': '', 'password': ''}\n\n    @allure.description(\"Forgot password with a valid email address\")\n    @allure.title(\"Forgot Password with valid email test\")\n    def test_valid_email(self, json_data: dict, secret_data: dict):\n>       self.about_page.click_login_link()\n\ntests/test_forgot_password.py:19: \n_ _ _ _ _ _ _ _ _ _ _ _ _ _ _ _ _ _ _ _ _ _ _ _ _ _ _ _ _ _ _ _ _ _ _ _ _ _ _ _ \npages/about_page.py:20: in click_login_link\n    self.click(self.LOGIN_LINK)\npages/base_page.py:38: in click\n    el: WebElement = self.wait.until(\n_ _ _ _ _ _ _ _ _ _ _ _ _ _ _ _ _ _ _ _ _ _ _ _ _ _ _ _ _ _ _ _ _ _ _ _ _ _ _ _ \n\nself = <selenium.webdriver.support.wait.WebDriverWait (session=\"43486d7c882356e0d5a72d49db505a6e\")>\nmethod = <function element_to_be_clickable.<locals>._predicate at 0x7fd2fa5099e0>\nmessage = ''\n\n    def until(self, method, message: str = \"\"):\n        \"\"\"Calls the method provided with the driver as an argument until the \\\n        return value does not evaluate to ``False``.\n    \n        :param method: callable(WebDriver)\n        :param message: optional message for :exc:`TimeoutException`\n        :returns: the result of the last call to `method`\n        :raises: :exc:`selenium.common.exceptions.TimeoutException` if timeout occurs\n        \"\"\"\n        screen = None\n        stacktrace = None\n    \n        end_time = time.monotonic() + self._timeout\n        while True:\n            try:\n                value = method(self._driver)\n                if value:\n                    return value\n            except self._ignored_exceptions as exc:\n                screen = getattr(exc, \"screen\", None)\n                stacktrace = getattr(exc, \"stacktrace\", None)\n            time.sleep(self._poll)\n            if time.monotonic() > end_time:\n                break\n>       raise TimeoutException(message, screen, stacktrace)\nE       selenium.common.exceptions.TimeoutException: Message: \nE       Stacktrace:\nE       #0 0x555782bf65e3 <unknown>\nE       #1 0x5557828b90b7 <unknown>\nE       #2 0x555782906f53 <unknown>\nE       #3 0x555782907051 <unknown>\nE       #4 0x55578294c9c4 <unknown>\nE       #5 0x55578292df1d <unknown>\nE       #6 0x555782949b3d <unknown>\nE       #7 0x55578292dcc3 <unknown>\nE       #8 0x5557828f90e4 <unknown>\nE       #9 0x5557828fa0ae <unknown>\nE       #10 0x555782bbcce1 <unknown>\nE       #11 0x555782bc0b7e <unknown>\nE       #12 0x555782baa4b5 <unknown>\nE       #13 0x555782bc17d6 <unknown>\nE       #14 0x555782b8ddbf <unknown>\nE       #15 0x555782be4748 <unknown>\nE       #16 0x555782be4917 <unknown>\nE       #17 0x555782bf5773 <unknown>\nE       #18 0x7f8b4f494ac3 <unknown>\n\n.venv/lib/python3.11/site-packages/selenium/webdriver/support/wait.py:95: TimeoutException","flaky":false,"newFailed":false,"newBroken":false,"newPassed":false,"retriesCount":0,"retriesStatusChange":false,"beforeStages":[{"name":"base_url","time":{"start":1700615198251,"stop":1700615198251,"duration":0},"status":"passed","steps":[],"attachments":[],"parameters":[],"shouldDisplayMessage":false,"stepsCount":0,"attachmentsCount":0,"hasContent":false},{"name":"secret_data","time":{"start":1700615198251,"stop":1700615198252,"duration":1},"status":"passed","steps":[],"attachments":[],"parameters":[],"shouldDisplayMessage":false,"stepsCount":0,"attachmentsCount":0,"hasContent":false},{"name":"_verify_url","time":{"start":1700615198251,"stop":1700615198251,"duration":0},"status":"passed","steps":[],"attachments":[],"parameters":[],"shouldDisplayMessage":false,"stepsCount":0,"attachmentsCount":0,"hasContent":false},{"name":"json_data","time":{"start":1700615198252,"stop":1700615198252,"duration":0},"status":"passed","steps":[],"attachments":[],"parameters":[],"shouldDisplayMessage":false,"stepsCount":0,"attachmentsCount":0,"hasContent":false}],"testStage":{"description":"Forgot password with a valid email address","status":"broken","statusMessage":"selenium.common.exceptions.TimeoutException: Message: \nStacktrace:\n#0 0x555782bf65e3 <unknown>\n#1 0x5557828b90b7 <unknown>\n#2 0x555782906f53 <unknown>\n#3 0x555782907051 <unknown>\n#4 0x55578294c9c4 <unknown>\n#5 0x55578292df1d <unknown>\n#6 0x555782949b3d <unknown>\n#7 0x55578292dcc3 <unknown>\n#8 0x5557828f90e4 <unknown>\n#9 0x5557828fa0ae <unknown>\n#10 0x555782bbcce1 <unknown>\n#11 0x555782bc0b7e <unknown>\n#12 0x555782baa4b5 <unknown>\n#13 0x555782bc17d6 <unknown>\n#14 0x555782b8ddbf <unknown>\n#15 0x555782be4748 <unknown>\n#16 0x555782be4917 <unknown>\n#17 0x555782bf5773 <unknown>\n#18 0x7f8b4f494ac3 <unknown>","statusTrace":"self = <tests.test_forgot_password.TestForgotPassword object at 0x7fd2fb6065d0>\njson_data = {'forgot_password': {'error_message': \"We can't find a user with that e-mail address.\", 'success_message': 'A reset li...you page', 'name': 'test', 'new_name': 'another test', 'no_project_found_msg': 'No project matches the criteria', ...}}\nsecret_data = {'email': '', 'password': ''}\n\n    @allure.description(\"Forgot password with a valid email address\")\n    @allure.title(\"Forgot Password with valid email test\")\n    def test_valid_email(self, json_data: dict, secret_data: dict):\n>       self.about_page.click_login_link()\n\ntests/test_forgot_password.py:19: \n_ _ _ _ _ _ _ _ _ _ _ _ _ _ _ _ _ _ _ _ _ _ _ _ _ _ _ _ _ _ _ _ _ _ _ _ _ _ _ _ \npages/about_page.py:20: in click_login_link\n    self.click(self.LOGIN_LINK)\npages/base_page.py:38: in click\n    el: WebElement = self.wait.until(\n_ _ _ _ _ _ _ _ _ _ _ _ _ _ _ _ _ _ _ _ _ _ _ _ _ _ _ _ _ _ _ _ _ _ _ _ _ _ _ _ \n\nself = <selenium.webdriver.support.wait.WebDriverWait (session=\"43486d7c882356e0d5a72d49db505a6e\")>\nmethod = <function element_to_be_clickable.<locals>._predicate at 0x7fd2fa5099e0>\nmessage = ''\n\n    def until(self, method, message: str = \"\"):\n        \"\"\"Calls the method provided with the driver as an argument until the \\\n        return value does not evaluate to ``False``.\n    \n        :param method: callable(WebDriver)\n        :param message: optional message for :exc:`TimeoutException`\n        :returns: the result of the last call to `method`\n        :raises: :exc:`selenium.common.exceptions.TimeoutException` if timeout occurs\n        \"\"\"\n        screen = None\n        stacktrace = None\n    \n        end_time = time.monotonic() + self._timeout\n        while True:\n            try:\n                value = method(self._driver)\n                if value:\n                    return value\n            except self._ignored_exceptions as exc:\n                screen = getattr(exc, \"screen\", None)\n                stacktrace = getattr(exc, \"stacktrace\", None)\n            time.sleep(self._poll)\n            if time.monotonic() > end_time:\n                break\n>       raise TimeoutException(message, screen, stacktrace)\nE       selenium.common.exceptions.TimeoutException: Message: \nE       Stacktrace:\nE       #0 0x555782bf65e3 <unknown>\nE       #1 0x5557828b90b7 <unknown>\nE       #2 0x555782906f53 <unknown>\nE       #3 0x555782907051 <unknown>\nE       #4 0x55578294c9c4 <unknown>\nE       #5 0x55578292df1d <unknown>\nE       #6 0x555782949b3d <unknown>\nE       #7 0x55578292dcc3 <unknown>\nE       #8 0x5557828f90e4 <unknown>\nE       #9 0x5557828fa0ae <unknown>\nE       #10 0x555782bbcce1 <unknown>\nE       #11 0x555782bc0b7e <unknown>\nE       #12 0x555782baa4b5 <unknown>\nE       #13 0x555782bc17d6 <unknown>\nE       #14 0x555782b8ddbf <unknown>\nE       #15 0x555782be4748 <unknown>\nE       #16 0x555782be4917 <unknown>\nE       #17 0x555782bf5773 <unknown>\nE       #18 0x7f8b4f494ac3 <unknown>\n\n.venv/lib/python3.11/site-packages/selenium/webdriver/support/wait.py:95: TimeoutException","steps":[{"name":"Click Login link","time":{"start":1700615361544,"stop":1700615371734,"duration":10190},"status":"broken","statusMessage":"selenium.common.exceptions.TimeoutException: Message: \nStacktrace:\n#0 0x555782bf65e3 <unknown>\n#1 0x5557828b90b7 <unknown>\n#2 0x555782906f53 <unknown>\n#3 0x555782907051 <unknown>\n#4 0x55578294c9c4 <unknown>\n#5 0x55578292df1d <unknown>\n#6 0x555782949b3d <unknown>\n#7 0x55578292dcc3 <unknown>\n#8 0x5557828f90e4 <unknown>\n#9 0x5557828fa0ae <unknown>\n#10 0x555782bbcce1 <unknown>\n#11 0x555782bc0b7e <unknown>\n#12 0x555782baa4b5 <unknown>\n#13 0x555782bc17d6 <unknown>\n#14 0x555782b8ddbf <unknown>\n#15 0x555782be4748 <unknown>\n#16 0x555782be4917 <unknown>\n#17 0x555782bf5773 <unknown>\n#18 0x7f8b4f494ac3 <unknown>\n\n","statusTrace":"  File \"/home/runner/work/kisangateway-test/kisangateway-test/.venv/lib/python3.11/site-packages/allure_commons/_allure.py\", line 192, in impl\n    return func(*a, **kw)\n           ^^^^^^^^^^^^^^\n  File \"/home/runner/work/kisangateway-test/kisangateway-test/pages/about_page.py\", line 20, in click_login_link\n    self.click(self.LOGIN_LINK)\n  File \"/home/runner/work/kisangateway-test/kisangateway-test/pages/base_page.py\", line 38, in click\n    el: WebElement = self.wait.until(\n                     ^^^^^^^^^^^^^^^^\n  File \"/home/runner/work/kisangateway-test/kisangateway-test/.venv/lib/python3.11/site-packages/selenium/webdriver/support/wait.py\", line 95, in until\n    raise TimeoutException(message, screen, stacktrace)\n","steps":[],"attachments":[],"parameters":[],"shouldDisplayMessage":true,"stepsCount":0,"attachmentsCount":0,"hasContent":true}],"attachments":[{"uid":"fd30cefe2ad954d6","name":"public ip address","source":"fd30cefe2ad954d6.txt","type":"text/plain","size":13},{"uid":"c18dab52720433d7","name":"Cookies","source":"c18dab52720433d7.json","type":"application/json","size":2},{"uid":"3e0ccee5e3693dd5","name":"Session Storage","source":"3e0ccee5e3693dd5.json","type":"application/json","size":2},{"uid":"a6cd21b4e76cdaf9","name":"Local Storage","source":"a6cd21b4e76cdaf9.json","type":"application/json","size":2},{"uid":"724958b64de5aa6","name":"Console Logs","source":"724958b64de5aa6.json","type":"application/json","size":2},{"uid":"346d502c5a47dca1","name":"Full Page Screenshot","source":"346d502c5a47dca1.png","type":"image/png","size":2669391},{"uid":"1ac35375a2920c8b","name":"URL","source":"1ac35375a2920c8b.uri","type":"text/uri-list","size":25},{"uid":"d7a055408439e1b6","name":"Network Logs","source":"d7a055408439e1b6.json","type":"application/json","size":13974}],"parameters":[],"shouldDisplayMessage":true,"stepsCount":1,"attachmentsCount":8,"hasContent":true},"afterStages":[],"labels":[{"name":"parentSuite","value":"Custom parent suite"},{"name":"severity","value":"critical"},{"name":"epic","value":"Security"},{"name":"subSuite","value":"Custom sub suite"},{"name":"suite","value":"Custom suite"},{"name":"story","value":"Forgot Password Feature's Functionality"},{"name":"tag","value":"security"},{"name":"host","value":"fv-az1498-487"},{"name":"thread","value":"2280-MainThread"},{"name":"framework","value":"pytest"},{"name":"language","value":"cpython3"},{"name":"package","value":"tests.test_forgot_password"},{"name":"resultFormat","value":"allure2"}],"parameters":[],"links":[],"hidden":false,"retry":false,"extra":{"severity":"critical","retries":[],"categories":[{"name":"Test defects","matchedStatuses":[],"flaky":false}],"tags":["security"]},"source":"e2aba0f68b3abe8e.json","parameterValues":[]}