{"uid":"f743273fd8ac05a5","name":"Forgot Password with invalid email test","fullName":"tests.test_forgot_password.TestForgotPassword#test_invalid_email","historyId":"3743e16c5d15da2a1434ee4e2dd39a43","time":{"start":1700615374003,"stop":1700615384360,"duration":10357},"description":"Forgot Password with invalid email address","descriptionHtml":"<p>Forgot Password with invalid email address</p>\n","status":"broken","statusMessage":"selenium.common.exceptions.TimeoutException: Message: \nStacktrace:\n#0 0x560bee8b85e3 <unknown>\n#1 0x560bee57b0b7 <unknown>\n#2 0x560bee5c8f53 <unknown>\n#3 0x560bee5c9051 <unknown>\n#4 0x560bee60e9c4 <unknown>\n#5 0x560bee5eff1d <unknown>\n#6 0x560bee60bb3d <unknown>\n#7 0x560bee5efcc3 <unknown>\n#8 0x560bee5bb0e4 <unknown>\n#9 0x560bee5bc0ae <unknown>\n#10 0x560bee87ece1 <unknown>\n#11 0x560bee882b7e <unknown>\n#12 0x560bee86c4b5 <unknown>\n#13 0x560bee8837d6 <unknown>\n#14 0x560bee84fdbf <unknown>\n#15 0x560bee8a6748 <unknown>\n#16 0x560bee8a6917 <unknown>\n#17 0x560bee8b7773 <unknown>\n#18 0x7f9654294ac3 <unknown>","statusTrace":"self = <tests.test_forgot_password.TestForgotPassword object at 0x7fd2fc164f90>\nexcel_reader = <utils.excel_parser.ExcelParser object at 0x7fd2fa680410>\njson_data = {'forgot_password': {'error_message': \"We can't find a user with that e-mail address.\", 'success_message': 'A reset li...you page', 'name': 'test', 'new_name': 'another test', 'no_project_found_msg': 'No project matches the criteria', ...}}\n\n    @allure.description(\"Forgot Password with invalid email address\")\n    @allure.title(\"Forgot Password with invalid email test\")\n    def test_invalid_email(self, excel_reader, json_data: dict):\n        emails = excel_reader.read_from_excel(\"Emails\")\n>       self.about_page.click_login_link()\n\ntests/test_forgot_password.py:31: \n_ _ _ _ _ _ _ _ _ _ _ _ _ _ _ _ _ _ _ _ _ _ _ _ _ _ _ _ _ _ _ _ _ _ _ _ _ _ _ _ \npages/about_page.py:20: in click_login_link\n    self.click(self.LOGIN_LINK)\npages/base_page.py:38: in click\n    el: WebElement = self.wait.until(\n_ _ _ _ _ _ _ _ _ _ _ _ _ _ _ _ _ _ _ _ _ _ _ _ _ _ _ _ _ _ _ _ _ _ _ _ _ _ _ _ \n\nself = <selenium.webdriver.support.wait.WebDriverWait (session=\"76ba308dc29550e946a5368119840afa\")>\nmethod = <function element_to_be_clickable.<locals>._predicate at 0x7fd2fa621440>\nmessage = ''\n\n    def until(self, method, message: str = \"\"):\n        \"\"\"Calls the method provided with the driver as an argument until the \\\n        return value does not evaluate to ``False``.\n    \n        :param method: callable(WebDriver)\n        :param message: optional message for :exc:`TimeoutException`\n        :returns: the result of the last call to `method`\n        :raises: :exc:`selenium.common.exceptions.TimeoutException` if timeout occurs\n        \"\"\"\n        screen = None\n        stacktrace = None\n    \n        end_time = time.monotonic() + self._timeout\n        while True:\n            try:\n                value = method(self._driver)\n                if value:\n                    return value\n            except self._ignored_exceptions as exc:\n                screen = getattr(exc, \"screen\", None)\n                stacktrace = getattr(exc, \"stacktrace\", None)\n            time.sleep(self._poll)\n            if time.monotonic() > end_time:\n                break\n>       raise TimeoutException(message, screen, stacktrace)\nE       selenium.common.exceptions.TimeoutException: Message: \nE       Stacktrace:\nE       #0 0x560bee8b85e3 <unknown>\nE       #1 0x560bee57b0b7 <unknown>\nE       #2 0x560bee5c8f53 <unknown>\nE       #3 0x560bee5c9051 <unknown>\nE       #4 0x560bee60e9c4 <unknown>\nE       #5 0x560bee5eff1d <unknown>\nE       #6 0x560bee60bb3d <unknown>\nE       #7 0x560bee5efcc3 <unknown>\nE       #8 0x560bee5bb0e4 <unknown>\nE       #9 0x560bee5bc0ae <unknown>\nE       #10 0x560bee87ece1 <unknown>\nE       #11 0x560bee882b7e <unknown>\nE       #12 0x560bee86c4b5 <unknown>\nE       #13 0x560bee8837d6 <unknown>\nE       #14 0x560bee84fdbf <unknown>\nE       #15 0x560bee8a6748 <unknown>\nE       #16 0x560bee8a6917 <unknown>\nE       #17 0x560bee8b7773 <unknown>\nE       #18 0x7f9654294ac3 <unknown>\n\n.venv/lib/python3.11/site-packages/selenium/webdriver/support/wait.py:95: TimeoutException","flaky":false,"newFailed":false,"newBroken":false,"newPassed":false,"retriesCount":0,"retriesStatusChange":false,"beforeStages":[{"name":"base_url","time":{"start":1700615198251,"stop":1700615198251,"duration":0},"status":"passed","steps":[],"attachments":[],"parameters":[],"shouldDisplayMessage":false,"stepsCount":0,"attachmentsCount":0,"hasContent":false},{"name":"_verify_url","time":{"start":1700615198251,"stop":1700615198251,"duration":0},"status":"passed","steps":[],"attachments":[],"parameters":[],"shouldDisplayMessage":false,"stepsCount":0,"attachmentsCount":0,"hasContent":false},{"name":"json_data","time":{"start":1700615198252,"stop":1700615198252,"duration":0},"status":"passed","steps":[],"attachments":[],"parameters":[],"shouldDisplayMessage":false,"stepsCount":0,"attachmentsCount":0,"hasContent":false},{"name":"excel_reader","time":{"start":1700615374003,"stop":1700615374003,"duration":0},"status":"passed","steps":[],"attachments":[],"parameters":[],"shouldDisplayMessage":false,"stepsCount":0,"attachmentsCount":0,"hasContent":false}],"testStage":{"description":"Forgot Password with invalid email address","status":"broken","statusMessage":"selenium.common.exceptions.TimeoutException: Message: \nStacktrace:\n#0 0x560bee8b85e3 <unknown>\n#1 0x560bee57b0b7 <unknown>\n#2 0x560bee5c8f53 <unknown>\n#3 0x560bee5c9051 <unknown>\n#4 0x560bee60e9c4 <unknown>\n#5 0x560bee5eff1d <unknown>\n#6 0x560bee60bb3d <unknown>\n#7 0x560bee5efcc3 <unknown>\n#8 0x560bee5bb0e4 <unknown>\n#9 0x560bee5bc0ae <unknown>\n#10 0x560bee87ece1 <unknown>\n#11 0x560bee882b7e <unknown>\n#12 0x560bee86c4b5 <unknown>\n#13 0x560bee8837d6 <unknown>\n#14 0x560bee84fdbf <unknown>\n#15 0x560bee8a6748 <unknown>\n#16 0x560bee8a6917 <unknown>\n#17 0x560bee8b7773 <unknown>\n#18 0x7f9654294ac3 <unknown>","statusTrace":"self = <tests.test_forgot_password.TestForgotPassword object at 0x7fd2fc164f90>\nexcel_reader = <utils.excel_parser.ExcelParser object at 0x7fd2fa680410>\njson_data = {'forgot_password': {'error_message': \"We can't find a user with that e-mail address.\", 'success_message': 'A reset li...you page', 'name': 'test', 'new_name': 'another test', 'no_project_found_msg': 'No project matches the criteria', ...}}\n\n    @allure.description(\"Forgot Password with invalid email address\")\n    @allure.title(\"Forgot Password with invalid email test\")\n    def test_invalid_email(self, excel_reader, json_data: dict):\n        emails = excel_reader.read_from_excel(\"Emails\")\n>       self.about_page.click_login_link()\n\ntests/test_forgot_password.py:31: \n_ _ _ _ _ _ _ _ _ _ _ _ _ _ _ _ _ _ _ _ _ _ _ _ _ _ _ _ _ _ _ _ _ _ _ _ _ _ _ _ \npages/about_page.py:20: in click_login_link\n    self.click(self.LOGIN_LINK)\npages/base_page.py:38: in click\n    el: WebElement = self.wait.until(\n_ _ _ _ _ _ _ _ _ _ _ _ _ _ _ _ _ _ _ _ _ _ _ _ _ _ _ _ _ _ _ _ _ _ _ _ _ _ _ _ \n\nself = <selenium.webdriver.support.wait.WebDriverWait (session=\"76ba308dc29550e946a5368119840afa\")>\nmethod = <function element_to_be_clickable.<locals>._predicate at 0x7fd2fa621440>\nmessage = ''\n\n    def until(self, method, message: str = \"\"):\n        \"\"\"Calls the method provided with the driver as an argument until the \\\n        return value does not evaluate to ``False``.\n    \n        :param method: callable(WebDriver)\n        :param message: optional message for :exc:`TimeoutException`\n        :returns: the result of the last call to `method`\n        :raises: :exc:`selenium.common.exceptions.TimeoutException` if timeout occurs\n        \"\"\"\n        screen = None\n        stacktrace = None\n    \n        end_time = time.monotonic() + self._timeout\n        while True:\n            try:\n                value = method(self._driver)\n                if value:\n                    return value\n            except self._ignored_exceptions as exc:\n                screen = getattr(exc, \"screen\", None)\n                stacktrace = getattr(exc, \"stacktrace\", None)\n            time.sleep(self._poll)\n            if time.monotonic() > end_time:\n                break\n>       raise TimeoutException(message, screen, stacktrace)\nE       selenium.common.exceptions.TimeoutException: Message: \nE       Stacktrace:\nE       #0 0x560bee8b85e3 <unknown>\nE       #1 0x560bee57b0b7 <unknown>\nE       #2 0x560bee5c8f53 <unknown>\nE       #3 0x560bee5c9051 <unknown>\nE       #4 0x560bee60e9c4 <unknown>\nE       #5 0x560bee5eff1d <unknown>\nE       #6 0x560bee60bb3d <unknown>\nE       #7 0x560bee5efcc3 <unknown>\nE       #8 0x560bee5bb0e4 <unknown>\nE       #9 0x560bee5bc0ae <unknown>\nE       #10 0x560bee87ece1 <unknown>\nE       #11 0x560bee882b7e <unknown>\nE       #12 0x560bee86c4b5 <unknown>\nE       #13 0x560bee8837d6 <unknown>\nE       #14 0x560bee84fdbf <unknown>\nE       #15 0x560bee8a6748 <unknown>\nE       #16 0x560bee8a6917 <unknown>\nE       #17 0x560bee8b7773 <unknown>\nE       #18 0x7f9654294ac3 <unknown>\n\n.venv/lib/python3.11/site-packages/selenium/webdriver/support/wait.py:95: TimeoutException","steps":[{"name":"Click Login link","time":{"start":1700615374061,"stop":1700615384360,"duration":10299},"status":"broken","statusMessage":"selenium.common.exceptions.TimeoutException: Message: \nStacktrace:\n#0 0x560bee8b85e3 <unknown>\n#1 0x560bee57b0b7 <unknown>\n#2 0x560bee5c8f53 <unknown>\n#3 0x560bee5c9051 <unknown>\n#4 0x560bee60e9c4 <unknown>\n#5 0x560bee5eff1d <unknown>\n#6 0x560bee60bb3d <unknown>\n#7 0x560bee5efcc3 <unknown>\n#8 0x560bee5bb0e4 <unknown>\n#9 0x560bee5bc0ae <unknown>\n#10 0x560bee87ece1 <unknown>\n#11 0x560bee882b7e <unknown>\n#12 0x560bee86c4b5 <unknown>\n#13 0x560bee8837d6 <unknown>\n#14 0x560bee84fdbf <unknown>\n#15 0x560bee8a6748 <unknown>\n#16 0x560bee8a6917 <unknown>\n#17 0x560bee8b7773 <unknown>\n#18 0x7f9654294ac3 <unknown>\n\n","statusTrace":"  File \"/home/runner/work/kisangateway-test/kisangateway-test/.venv/lib/python3.11/site-packages/allure_commons/_allure.py\", line 192, in impl\n    return func(*a, **kw)\n           ^^^^^^^^^^^^^^\n  File \"/home/runner/work/kisangateway-test/kisangateway-test/pages/about_page.py\", line 20, in click_login_link\n    self.click(self.LOGIN_LINK)\n  File \"/home/runner/work/kisangateway-test/kisangateway-test/pages/base_page.py\", line 38, in click\n    el: WebElement = self.wait.until(\n                     ^^^^^^^^^^^^^^^^\n  File \"/home/runner/work/kisangateway-test/kisangateway-test/.venv/lib/python3.11/site-packages/selenium/webdriver/support/wait.py\", line 95, in until\n    raise TimeoutException(message, screen, stacktrace)\n","steps":[],"attachments":[],"parameters":[],"shouldDisplayMessage":true,"stepsCount":0,"attachmentsCount":0,"hasContent":true}],"attachments":[{"uid":"7b8c0591e4fa8ba2","name":"public ip address","source":"7b8c0591e4fa8ba2.txt","type":"text/plain","size":13},{"uid":"4737ef57446db858","name":"Cookies","source":"4737ef57446db858.json","type":"application/json","size":2},{"uid":"d618ad55b049e6f5","name":"Session Storage","source":"d618ad55b049e6f5.json","type":"application/json","size":2},{"uid":"93bcc0dc42b9c6ac","name":"Local Storage","source":"93bcc0dc42b9c6ac.json","type":"application/json","size":2},{"uid":"d67e29f713a0ee77","name":"Console Logs","source":"d67e29f713a0ee77.json","type":"application/json","size":2},{"uid":"6797d787aba2e4ce","name":"Full Page Screenshot","source":"6797d787aba2e4ce.png","type":"image/png","size":2669391},{"uid":"11111c35607c9b42","name":"URL","source":"11111c35607c9b42.uri","type":"text/uri-list","size":25},{"uid":"12d3d7bea0f0ac40","name":"Network Logs","source":"12d3d7bea0f0ac40.json","type":"application/json","size":13974}],"parameters":[],"shouldDisplayMessage":true,"stepsCount":1,"attachmentsCount":8,"hasContent":true},"afterStages":[],"labels":[{"name":"parentSuite","value":"Custom parent suite"},{"name":"severity","value":"critical"},{"name":"epic","value":"Security"},{"name":"subSuite","value":"Custom sub suite"},{"name":"suite","value":"Custom suite"},{"name":"story","value":"Forgot Password Feature's Functionality"},{"name":"tag","value":"security"},{"name":"host","value":"fv-az1498-487"},{"name":"thread","value":"2280-MainThread"},{"name":"framework","value":"pytest"},{"name":"language","value":"cpython3"},{"name":"package","value":"tests.test_forgot_password"},{"name":"resultFormat","value":"allure2"}],"parameters":[],"links":[],"hidden":false,"retry":false,"extra":{"severity":"critical","retries":[],"categories":[{"name":"Test defects","matchedStatuses":[],"flaky":false}],"tags":["security"]},"source":"f743273fd8ac05a5.json","parameterValues":[]}