{"uid":"5244f35993aeab41","name":"Search for existing project test","fullName":"tests.test_workspaces.TestWorkspaces#test_search_project","historyId":"3072e00dfd01d41bcf7852018b214f8a","time":{"start":1699751318162,"stop":1699751318162,"duration":0},"description":"Search for an existing project","descriptionHtml":"<p>Search for an existing project</p>\n","status":"broken","statusMessage":"selenium.common.exceptions.TimeoutException: Message: \nStacktrace:\n#0 0x55a67f4fafb3 <unknown>\n#1 0x55a67f1ce4a7 <unknown>\n#2 0x55a67f215dd6 <unknown>\n#3 0x55a67f215ec1 <unknown>\n#4 0x55a67f253354 <unknown>\n#5 0x55a67f23796d <unknown>\n#6 0x55a67f250c02 <unknown>\n#7 0x55a67f237713 <unknown>\n#8 0x55a67f20a18b <unknown>\n#9 0x55a67f20af7e <unknown>\n#10 0x55a67f4c08d8 <unknown>\n#11 0x55a67f4c4800 <unknown>\n#12 0x55a67f4cecfc <unknown>\n#13 0x55a67f4c5418 <unknown>\n#14 0x55a67f49242f <unknown>\n#15 0x55a67f4e94e8 <unknown>\n#16 0x55a67f4e96b4 <unknown>\n#17 0x55a67f4fa143 <unknown>\n#18 0x7f86d8694ac3 <unknown>","statusTrace":"self = <tests.test_workspaces.TestWorkspaces object at 0x7f3acf9c05d0>\nsecret_data = {'email': '', 'password': ''}\n\n    @pytest.fixture(autouse=True)\n    def setup_method_fixture(self, secret_data: dict):\n>       login(secret_data, self.about_page, self.login_page)\n\ntests/test_workspaces.py:23: \n_ _ _ _ _ _ _ _ _ _ _ _ _ _ _ _ _ _ _ _ _ _ _ _ _ _ _ _ _ _ _ _ _ _ _ _ _ _ _ _ \ntests/test_workspaces.py:13: in login\n    about_page.click_login_link()\npages/about_page.py:20: in click_login_link\n    self.click(self.LOGIN_LINK)\npages/base_page.py:38: in click\n    el: WebElement = self.wait.until(\n_ _ _ _ _ _ _ _ _ _ _ _ _ _ _ _ _ _ _ _ _ _ _ _ _ _ _ _ _ _ _ _ _ _ _ _ _ _ _ _ \n\nself = <selenium.webdriver.support.wait.WebDriverWait (session=\"e91e68aa63241d83b5037895d43173ac\")>\nmethod = <function element_to_be_clickable.<locals>._predicate at 0x7f3acf967060>\nmessage = ''\n\n    def until(self, method, message: str = \"\"):\n        \"\"\"Calls the method provided with the driver as an argument until the \\\n        return value does not evaluate to ``False``.\n    \n        :param method: callable(WebDriver)\n        :param message: optional message for :exc:`TimeoutException`\n        :returns: the result of the last call to `method`\n        :raises: :exc:`selenium.common.exceptions.TimeoutException` if timeout occurs\n        \"\"\"\n        screen = None\n        stacktrace = None\n    \n        end_time = time.monotonic() + self._timeout\n        while True:\n            try:\n                value = method(self._driver)\n                if value:\n                    return value\n            except self._ignored_exceptions as exc:\n                screen = getattr(exc, \"screen\", None)\n                stacktrace = getattr(exc, \"stacktrace\", None)\n            time.sleep(self._poll)\n            if time.monotonic() > end_time:\n                break\n>       raise TimeoutException(message, screen, stacktrace)\nE       selenium.common.exceptions.TimeoutException: Message: \nE       Stacktrace:\nE       #0 0x55a67f4fafb3 <unknown>\nE       #1 0x55a67f1ce4a7 <unknown>\nE       #2 0x55a67f215dd6 <unknown>\nE       #3 0x55a67f215ec1 <unknown>\nE       #4 0x55a67f253354 <unknown>\nE       #5 0x55a67f23796d <unknown>\nE       #6 0x55a67f250c02 <unknown>\nE       #7 0x55a67f237713 <unknown>\nE       #8 0x55a67f20a18b <unknown>\nE       #9 0x55a67f20af7e <unknown>\nE       #10 0x55a67f4c08d8 <unknown>\nE       #11 0x55a67f4c4800 <unknown>\nE       #12 0x55a67f4cecfc <unknown>\nE       #13 0x55a67f4c5418 <unknown>\nE       #14 0x55a67f49242f <unknown>\nE       #15 0x55a67f4e94e8 <unknown>\nE       #16 0x55a67f4e96b4 <unknown>\nE       #17 0x55a67f4fa143 <unknown>\nE       #18 0x7f86d8694ac3 <unknown>\n\n.venv/lib/python3.11/site-packages/selenium/webdriver/support/wait.py:95: TimeoutException","flaky":false,"newFailed":false,"newBroken":false,"newPassed":false,"retriesCount":0,"retriesStatusChange":false,"beforeStages":[{"name":"base_url","time":{"start":1699751197380,"stop":1699751197380,"duration":0},"status":"passed","steps":[],"attachments":[],"parameters":[],"shouldDisplayMessage":false,"stepsCount":0,"attachmentsCount":0,"hasContent":false},{"name":"secret_data","time":{"start":1699751197381,"stop":1699751197381,"duration":0},"status":"passed","steps":[],"attachments":[],"parameters":[],"shouldDisplayMessage":false,"stepsCount":0,"attachmentsCount":0,"hasContent":false},{"name":"_verify_url","time":{"start":1699751197381,"stop":1699751197381,"duration":0},"status":"passed","steps":[],"attachments":[],"parameters":[],"shouldDisplayMessage":false,"stepsCount":0,"attachmentsCount":0,"hasContent":false},{"name":"json_data","time":{"start":1699751197381,"stop":1699751197382,"duration":1},"status":"passed","steps":[],"attachments":[],"parameters":[],"shouldDisplayMessage":false,"stepsCount":0,"attachmentsCount":0,"hasContent":false},{"name":"setup_method_fixture","time":{"start":1699751319743,"stop":1699751330121,"duration":10378},"status":"broken","statusMessage":"selenium.common.exceptions.TimeoutException: Message: \nStacktrace:\n#0 0x55a67f4fafb3 <unknown>\n#1 0x55a67f1ce4a7 <unknown>\n#2 0x55a67f215dd6 <unknown>\n#3 0x55a67f215ec1 <unknown>\n#4 0x55a67f253354 <unknown>\n#5 0x55a67f23796d <unknown>\n#6 0x55a67f250c02 <unknown>\n#7 0x55a67f237713 <unknown>\n#8 0x55a67f20a18b <unknown>\n#9 0x55a67f20af7e <unknown>\n#10 0x55a67f4c08d8 <unknown>\n#11 0x55a67f4c4800 <unknown>\n#12 0x55a67f4cecfc <unknown>\n#13 0x55a67f4c5418 <unknown>\n#14 0x55a67f49242f <unknown>\n#15 0x55a67f4e94e8 <unknown>\n#16 0x55a67f4e96b4 <unknown>\n#17 0x55a67f4fa143 <unknown>\n#18 0x7f86d8694ac3 <unknown>\n\n","statusTrace":"  File \"/home/runner/work/kisangateway-test/kisangateway-test/.venv/lib/python3.11/site-packages/pluggy/_callers.py\", line 80, in _multicall\n    res = hook_impl.function(*args)\n          ^^^^^^^^^^^^^^^^^^^^^^^^^\n  File \"/home/runner/work/kisangateway-test/kisangateway-test/.venv/lib/python3.11/site-packages/_pytest/fixtures.py\", line 1123, in pytest_fixture_setup\n    result = call_fixture_func(fixturefunc, request, kwargs)\n             ^^^^^^^^^^^^^^^^^^^^^^^^^^^^^^^^^^^^^^^^^^^^^^^\n  File \"/home/runner/work/kisangateway-test/kisangateway-test/.venv/lib/python3.11/site-packages/_pytest/fixtures.py\", line 902, in call_fixture_func\n    fixture_result = fixturefunc(**kwargs)\n                     ^^^^^^^^^^^^^^^^^^^^^\n  File \"/home/runner/work/kisangateway-test/kisangateway-test/tests/test_workspaces.py\", line 23, in setup_method_fixture\n    login(secret_data, self.about_page, self.login_page)\n  File \"/home/runner/work/kisangateway-test/kisangateway-test/tests/test_workspaces.py\", line 13, in login\n    about_page.click_login_link()\n  File \"/home/runner/work/kisangateway-test/kisangateway-test/.venv/lib/python3.11/site-packages/allure_commons/_allure.py\", line 192, in impl\n    return func(*a, **kw)\n           ^^^^^^^^^^^^^^\n  File \"/home/runner/work/kisangateway-test/kisangateway-test/pages/about_page.py\", line 20, in click_login_link\n    self.click(self.LOGIN_LINK)\n  File \"/home/runner/work/kisangateway-test/kisangateway-test/pages/base_page.py\", line 38, in click\n    el: WebElement = self.wait.until(\n                     ^^^^^^^^^^^^^^^^\n  File \"/home/runner/work/kisangateway-test/kisangateway-test/.venv/lib/python3.11/site-packages/selenium/webdriver/support/wait.py\", line 95, in until\n    raise TimeoutException(message, screen, stacktrace)\n","steps":[{"name":"Click Login link","time":{"start":1699751319743,"stop":1699751330120,"duration":10377},"status":"broken","statusMessage":"selenium.common.exceptions.TimeoutException: Message: \nStacktrace:\n#0 0x55a67f4fafb3 <unknown>\n#1 0x55a67f1ce4a7 <unknown>\n#2 0x55a67f215dd6 <unknown>\n#3 0x55a67f215ec1 <unknown>\n#4 0x55a67f253354 <unknown>\n#5 0x55a67f23796d <unknown>\n#6 0x55a67f250c02 <unknown>\n#7 0x55a67f237713 <unknown>\n#8 0x55a67f20a18b <unknown>\n#9 0x55a67f20af7e <unknown>\n#10 0x55a67f4c08d8 <unknown>\n#11 0x55a67f4c4800 <unknown>\n#12 0x55a67f4cecfc <unknown>\n#13 0x55a67f4c5418 <unknown>\n#14 0x55a67f49242f <unknown>\n#15 0x55a67f4e94e8 <unknown>\n#16 0x55a67f4e96b4 <unknown>\n#17 0x55a67f4fa143 <unknown>\n#18 0x7f86d8694ac3 <unknown>\n\n","statusTrace":"  File \"/home/runner/work/kisangateway-test/kisangateway-test/.venv/lib/python3.11/site-packages/allure_commons/_allure.py\", line 192, in impl\n    return func(*a, **kw)\n           ^^^^^^^^^^^^^^\n  File \"/home/runner/work/kisangateway-test/kisangateway-test/pages/about_page.py\", line 20, in click_login_link\n    self.click(self.LOGIN_LINK)\n  File \"/home/runner/work/kisangateway-test/kisangateway-test/pages/base_page.py\", line 38, in click\n    el: WebElement = self.wait.until(\n                     ^^^^^^^^^^^^^^^^\n  File \"/home/runner/work/kisangateway-test/kisangateway-test/.venv/lib/python3.11/site-packages/selenium/webdriver/support/wait.py\", line 95, in until\n    raise TimeoutException(message, screen, stacktrace)\n","steps":[],"attachments":[],"parameters":[],"shouldDisplayMessage":true,"stepsCount":0,"attachmentsCount":0,"hasContent":true}],"attachments":[],"parameters":[],"shouldDisplayMessage":false,"stepsCount":1,"attachmentsCount":0,"hasContent":true}],"testStage":{"description":"Search for an existing project","status":"broken","statusMessage":"selenium.common.exceptions.TimeoutException: Message: \nStacktrace:\n#0 0x55a67f4fafb3 <unknown>\n#1 0x55a67f1ce4a7 <unknown>\n#2 0x55a67f215dd6 <unknown>\n#3 0x55a67f215ec1 <unknown>\n#4 0x55a67f253354 <unknown>\n#5 0x55a67f23796d <unknown>\n#6 0x55a67f250c02 <unknown>\n#7 0x55a67f237713 <unknown>\n#8 0x55a67f20a18b <unknown>\n#9 0x55a67f20af7e <unknown>\n#10 0x55a67f4c08d8 <unknown>\n#11 0x55a67f4c4800 <unknown>\n#12 0x55a67f4cecfc <unknown>\n#13 0x55a67f4c5418 <unknown>\n#14 0x55a67f49242f <unknown>\n#15 0x55a67f4e94e8 <unknown>\n#16 0x55a67f4e96b4 <unknown>\n#17 0x55a67f4fa143 <unknown>\n#18 0x7f86d8694ac3 <unknown>","statusTrace":"self = <tests.test_workspaces.TestWorkspaces object at 0x7f3acf9c05d0>\nsecret_data = {'email': '', 'password': ''}\n\n    @pytest.fixture(autouse=True)\n    def setup_method_fixture(self, secret_data: dict):\n>       login(secret_data, self.about_page, self.login_page)\n\ntests/test_workspaces.py:23: \n_ _ _ _ _ _ _ _ _ _ _ _ _ _ _ _ _ _ _ _ _ _ _ _ _ _ _ _ _ _ _ _ _ _ _ _ _ _ _ _ \ntests/test_workspaces.py:13: in login\n    about_page.click_login_link()\npages/about_page.py:20: in click_login_link\n    self.click(self.LOGIN_LINK)\npages/base_page.py:38: in click\n    el: WebElement = self.wait.until(\n_ _ _ _ _ _ _ _ _ _ _ _ _ _ _ _ _ _ _ _ _ _ _ _ _ _ _ _ _ _ _ _ _ _ _ _ _ _ _ _ \n\nself = <selenium.webdriver.support.wait.WebDriverWait (session=\"e91e68aa63241d83b5037895d43173ac\")>\nmethod = <function element_to_be_clickable.<locals>._predicate at 0x7f3acf967060>\nmessage = ''\n\n    def until(self, method, message: str = \"\"):\n        \"\"\"Calls the method provided with the driver as an argument until the \\\n        return value does not evaluate to ``False``.\n    \n        :param method: callable(WebDriver)\n        :param message: optional message for :exc:`TimeoutException`\n        :returns: the result of the last call to `method`\n        :raises: :exc:`selenium.common.exceptions.TimeoutException` if timeout occurs\n        \"\"\"\n        screen = None\n        stacktrace = None\n    \n        end_time = time.monotonic() + self._timeout\n        while True:\n            try:\n                value = method(self._driver)\n                if value:\n                    return value\n            except self._ignored_exceptions as exc:\n                screen = getattr(exc, \"screen\", None)\n                stacktrace = getattr(exc, \"stacktrace\", None)\n            time.sleep(self._poll)\n            if time.monotonic() > end_time:\n                break\n>       raise TimeoutException(message, screen, stacktrace)\nE       selenium.common.exceptions.TimeoutException: Message: \nE       Stacktrace:\nE       #0 0x55a67f4fafb3 <unknown>\nE       #1 0x55a67f1ce4a7 <unknown>\nE       #2 0x55a67f215dd6 <unknown>\nE       #3 0x55a67f215ec1 <unknown>\nE       #4 0x55a67f253354 <unknown>\nE       #5 0x55a67f23796d <unknown>\nE       #6 0x55a67f250c02 <unknown>\nE       #7 0x55a67f237713 <unknown>\nE       #8 0x55a67f20a18b <unknown>\nE       #9 0x55a67f20af7e <unknown>\nE       #10 0x55a67f4c08d8 <unknown>\nE       #11 0x55a67f4c4800 <unknown>\nE       #12 0x55a67f4cecfc <unknown>\nE       #13 0x55a67f4c5418 <unknown>\nE       #14 0x55a67f49242f <unknown>\nE       #15 0x55a67f4e94e8 <unknown>\nE       #16 0x55a67f4e96b4 <unknown>\nE       #17 0x55a67f4fa143 <unknown>\nE       #18 0x7f86d8694ac3 <unknown>\n\n.venv/lib/python3.11/site-packages/selenium/webdriver/support/wait.py:95: TimeoutException","steps":[],"attachments":[{"uid":"e3cb95b168730607","name":"public ip address","source":"e3cb95b168730607.txt","type":"text/plain","size":12},{"uid":"ef7f7b5279cb7d44","name":"Cookies","source":"ef7f7b5279cb7d44.json","type":"application/json","size":2},{"uid":"77c2f9603c1b3fb6","name":"Session Storage","source":"77c2f9603c1b3fb6.json","type":"application/json","size":2},{"uid":"dbb798b4c2083431","name":"Local Storage","source":"dbb798b4c2083431.json","type":"application/json","size":2},{"uid":"ece8e77e6cbcde5e","name":"Console Logs","source":"ece8e77e6cbcde5e.json","type":"application/json","size":2},{"uid":"164958e4ae2ff102","name":"Full Page Screenshot","source":"164958e4ae2ff102.png","type":"image/png","size":1496512},{"uid":"b6588977ecad4a82","name":"URL","source":"b6588977ecad4a82.uri","type":"text/uri-list","size":25},{"uid":"a7bd2d5a0264deab","name":"Network Logs","source":"a7bd2d5a0264deab.json","type":"application/json","size":13975}],"parameters":[],"shouldDisplayMessage":true,"stepsCount":0,"attachmentsCount":8,"hasContent":true},"afterStages":[],"labels":[{"name":"epic","value":"Workspaces"},{"name":"story","value":"WorkSpaces Creation and Editing Functionality"},{"name":"severity","value":"normal"},{"name":"tag","value":"run(order=6)"},{"name":"parentSuite","value":"tests"},{"name":"suite","value":"test_workspaces"},{"name":"subSuite","value":"TestWorkspaces"},{"name":"host","value":"fv-az176-439"},{"name":"thread","value":"2199-MainThread"},{"name":"framework","value":"pytest"},{"name":"language","value":"cpython3"},{"name":"package","value":"tests.test_workspaces"},{"name":"resultFormat","value":"allure2"}],"parameters":[],"links":[],"hidden":false,"retry":false,"extra":{"severity":"normal","retries":[],"categories":[{"name":"Test defects","matchedStatuses":[],"flaky":false}],"tags":["run(order=6)"]},"source":"5244f35993aeab41.json","parameterValues":[]}