{"uid":"c2519f884da6e0cb","name":"Add project to workspace test","fullName":"tests.test_workspaces.TestWorkspaces#test_add_project_to_workspace","historyId":"fc6ee288c49142976b6c23b6071583ec","time":{"start":1699751304020,"stop":1699751304020,"duration":0},"description":"Selecting and adding a project to workspace","descriptionHtml":"<p>Selecting and adding a project to workspace</p>\n","status":"broken","statusMessage":"selenium.common.exceptions.TimeoutException: Message: \nStacktrace:\n#0 0x560a9fa38fb3 <unknown>\n#1 0x560a9f70c4a7 <unknown>\n#2 0x560a9f753dd6 <unknown>\n#3 0x560a9f753ec1 <unknown>\n#4 0x560a9f791354 <unknown>\n#5 0x560a9f77596d <unknown>\n#6 0x560a9f78ec02 <unknown>\n#7 0x560a9f775713 <unknown>\n#8 0x560a9f74818b <unknown>\n#9 0x560a9f748f7e <unknown>\n#10 0x560a9f9fe8d8 <unknown>\n#11 0x560a9fa02800 <unknown>\n#12 0x560a9fa0ccfc <unknown>\n#13 0x560a9fa03418 <unknown>\n#14 0x560a9f9d042f <unknown>\n#15 0x560a9fa274e8 <unknown>\n#16 0x560a9fa276b4 <unknown>\n#17 0x560a9fa38143 <unknown>\n#18 0x7f01bb294ac3 <unknown>","statusTrace":"self = <tests.test_workspaces.TestWorkspaces object at 0x7f3acf9c0410>\nsecret_data = {'email': '', 'password': ''}\n\n    @pytest.fixture(autouse=True)\n    def setup_method_fixture(self, secret_data: dict):\n>       login(secret_data, self.about_page, self.login_page)\n\ntests/test_workspaces.py:23: \n_ _ _ _ _ _ _ _ _ _ _ _ _ _ _ _ _ _ _ _ _ _ _ _ _ _ _ _ _ _ _ _ _ _ _ _ _ _ _ _ \ntests/test_workspaces.py:13: in login\n    about_page.click_login_link()\npages/about_page.py:20: in click_login_link\n    self.click(self.LOGIN_LINK)\npages/base_page.py:38: in click\n    el: WebElement = self.wait.until(\n_ _ _ _ _ _ _ _ _ _ _ _ _ _ _ _ _ _ _ _ _ _ _ _ _ _ _ _ _ _ _ _ _ _ _ _ _ _ _ _ \n\nself = <selenium.webdriver.support.wait.WebDriverWait (session=\"e2f403c9a21a2da6451ad583276381c5\")>\nmethod = <function element_to_be_clickable.<locals>._predicate at 0x7f3acf739300>\nmessage = ''\n\n    def until(self, method, message: str = \"\"):\n        \"\"\"Calls the method provided with the driver as an argument until the \\\n        return value does not evaluate to ``False``.\n    \n        :param method: callable(WebDriver)\n        :param message: optional message for :exc:`TimeoutException`\n        :returns: the result of the last call to `method`\n        :raises: :exc:`selenium.common.exceptions.TimeoutException` if timeout occurs\n        \"\"\"\n        screen = None\n        stacktrace = None\n    \n        end_time = time.monotonic() + self._timeout\n        while True:\n            try:\n                value = method(self._driver)\n                if value:\n                    return value\n            except self._ignored_exceptions as exc:\n                screen = getattr(exc, \"screen\", None)\n                stacktrace = getattr(exc, \"stacktrace\", None)\n            time.sleep(self._poll)\n            if time.monotonic() > end_time:\n                break\n>       raise TimeoutException(message, screen, stacktrace)\nE       selenium.common.exceptions.TimeoutException: Message: \nE       Stacktrace:\nE       #0 0x560a9fa38fb3 <unknown>\nE       #1 0x560a9f70c4a7 <unknown>\nE       #2 0x560a9f753dd6 <unknown>\nE       #3 0x560a9f753ec1 <unknown>\nE       #4 0x560a9f791354 <unknown>\nE       #5 0x560a9f77596d <unknown>\nE       #6 0x560a9f78ec02 <unknown>\nE       #7 0x560a9f775713 <unknown>\nE       #8 0x560a9f74818b <unknown>\nE       #9 0x560a9f748f7e <unknown>\nE       #10 0x560a9f9fe8d8 <unknown>\nE       #11 0x560a9fa02800 <unknown>\nE       #12 0x560a9fa0ccfc <unknown>\nE       #13 0x560a9fa03418 <unknown>\nE       #14 0x560a9f9d042f <unknown>\nE       #15 0x560a9fa274e8 <unknown>\nE       #16 0x560a9fa276b4 <unknown>\nE       #17 0x560a9fa38143 <unknown>\nE       #18 0x7f01bb294ac3 <unknown>\n\n.venv/lib/python3.11/site-packages/selenium/webdriver/support/wait.py:95: TimeoutException","flaky":false,"newFailed":false,"newBroken":false,"newPassed":false,"retriesCount":0,"retriesStatusChange":false,"beforeStages":[{"name":"base_url","time":{"start":1699751197380,"stop":1699751197380,"duration":0},"status":"passed","steps":[],"attachments":[],"parameters":[],"shouldDisplayMessage":false,"stepsCount":0,"attachmentsCount":0,"hasContent":false},{"name":"secret_data","time":{"start":1699751197381,"stop":1699751197381,"duration":0},"status":"passed","steps":[],"attachments":[],"parameters":[],"shouldDisplayMessage":false,"stepsCount":0,"attachmentsCount":0,"hasContent":false},{"name":"_verify_url","time":{"start":1699751197381,"stop":1699751197381,"duration":0},"status":"passed","steps":[],"attachments":[],"parameters":[],"shouldDisplayMessage":false,"stepsCount":0,"attachmentsCount":0,"hasContent":false},{"name":"json_data","time":{"start":1699751197381,"stop":1699751197382,"duration":1},"status":"passed","steps":[],"attachments":[],"parameters":[],"shouldDisplayMessage":false,"stepsCount":0,"attachmentsCount":0,"hasContent":false},{"name":"setup_method_fixture","time":{"start":1699751305673,"stop":1699751316059,"duration":10386},"status":"broken","statusMessage":"selenium.common.exceptions.TimeoutException: Message: \nStacktrace:\n#0 0x560a9fa38fb3 <unknown>\n#1 0x560a9f70c4a7 <unknown>\n#2 0x560a9f753dd6 <unknown>\n#3 0x560a9f753ec1 <unknown>\n#4 0x560a9f791354 <unknown>\n#5 0x560a9f77596d <unknown>\n#6 0x560a9f78ec02 <unknown>\n#7 0x560a9f775713 <unknown>\n#8 0x560a9f74818b <unknown>\n#9 0x560a9f748f7e <unknown>\n#10 0x560a9f9fe8d8 <unknown>\n#11 0x560a9fa02800 <unknown>\n#12 0x560a9fa0ccfc <unknown>\n#13 0x560a9fa03418 <unknown>\n#14 0x560a9f9d042f <unknown>\n#15 0x560a9fa274e8 <unknown>\n#16 0x560a9fa276b4 <unknown>\n#17 0x560a9fa38143 <unknown>\n#18 0x7f01bb294ac3 <unknown>\n\n","statusTrace":"  File \"/home/runner/work/kisangateway-test/kisangateway-test/.venv/lib/python3.11/site-packages/pluggy/_callers.py\", line 80, in _multicall\n    res = hook_impl.function(*args)\n          ^^^^^^^^^^^^^^^^^^^^^^^^^\n  File \"/home/runner/work/kisangateway-test/kisangateway-test/.venv/lib/python3.11/site-packages/_pytest/fixtures.py\", line 1123, in pytest_fixture_setup\n    result = call_fixture_func(fixturefunc, request, kwargs)\n             ^^^^^^^^^^^^^^^^^^^^^^^^^^^^^^^^^^^^^^^^^^^^^^^\n  File \"/home/runner/work/kisangateway-test/kisangateway-test/.venv/lib/python3.11/site-packages/_pytest/fixtures.py\", line 902, in call_fixture_func\n    fixture_result = fixturefunc(**kwargs)\n                     ^^^^^^^^^^^^^^^^^^^^^\n  File \"/home/runner/work/kisangateway-test/kisangateway-test/tests/test_workspaces.py\", line 23, in setup_method_fixture\n    login(secret_data, self.about_page, self.login_page)\n  File \"/home/runner/work/kisangateway-test/kisangateway-test/tests/test_workspaces.py\", line 13, in login\n    about_page.click_login_link()\n  File \"/home/runner/work/kisangateway-test/kisangateway-test/.venv/lib/python3.11/site-packages/allure_commons/_allure.py\", line 192, in impl\n    return func(*a, **kw)\n           ^^^^^^^^^^^^^^\n  File \"/home/runner/work/kisangateway-test/kisangateway-test/pages/about_page.py\", line 20, in click_login_link\n    self.click(self.LOGIN_LINK)\n  File \"/home/runner/work/kisangateway-test/kisangateway-test/pages/base_page.py\", line 38, in click\n    el: WebElement = self.wait.until(\n                     ^^^^^^^^^^^^^^^^\n  File \"/home/runner/work/kisangateway-test/kisangateway-test/.venv/lib/python3.11/site-packages/selenium/webdriver/support/wait.py\", line 95, in until\n    raise TimeoutException(message, screen, stacktrace)\n","steps":[{"name":"Click Login link","time":{"start":1699751305673,"stop":1699751316059,"duration":10386},"status":"broken","statusMessage":"selenium.common.exceptions.TimeoutException: Message: \nStacktrace:\n#0 0x560a9fa38fb3 <unknown>\n#1 0x560a9f70c4a7 <unknown>\n#2 0x560a9f753dd6 <unknown>\n#3 0x560a9f753ec1 <unknown>\n#4 0x560a9f791354 <unknown>\n#5 0x560a9f77596d <unknown>\n#6 0x560a9f78ec02 <unknown>\n#7 0x560a9f775713 <unknown>\n#8 0x560a9f74818b <unknown>\n#9 0x560a9f748f7e <unknown>\n#10 0x560a9f9fe8d8 <unknown>\n#11 0x560a9fa02800 <unknown>\n#12 0x560a9fa0ccfc <unknown>\n#13 0x560a9fa03418 <unknown>\n#14 0x560a9f9d042f <unknown>\n#15 0x560a9fa274e8 <unknown>\n#16 0x560a9fa276b4 <unknown>\n#17 0x560a9fa38143 <unknown>\n#18 0x7f01bb294ac3 <unknown>\n\n","statusTrace":"  File \"/home/runner/work/kisangateway-test/kisangateway-test/.venv/lib/python3.11/site-packages/allure_commons/_allure.py\", line 192, in impl\n    return func(*a, **kw)\n           ^^^^^^^^^^^^^^\n  File \"/home/runner/work/kisangateway-test/kisangateway-test/pages/about_page.py\", line 20, in click_login_link\n    self.click(self.LOGIN_LINK)\n  File \"/home/runner/work/kisangateway-test/kisangateway-test/pages/base_page.py\", line 38, in click\n    el: WebElement = self.wait.until(\n                     ^^^^^^^^^^^^^^^^\n  File \"/home/runner/work/kisangateway-test/kisangateway-test/.venv/lib/python3.11/site-packages/selenium/webdriver/support/wait.py\", line 95, in until\n    raise TimeoutException(message, screen, stacktrace)\n","steps":[],"attachments":[],"parameters":[],"shouldDisplayMessage":true,"stepsCount":0,"attachmentsCount":0,"hasContent":true}],"attachments":[],"parameters":[],"shouldDisplayMessage":false,"stepsCount":1,"attachmentsCount":0,"hasContent":true}],"testStage":{"description":"Selecting and adding a project to workspace","status":"broken","statusMessage":"selenium.common.exceptions.TimeoutException: Message: \nStacktrace:\n#0 0x560a9fa38fb3 <unknown>\n#1 0x560a9f70c4a7 <unknown>\n#2 0x560a9f753dd6 <unknown>\n#3 0x560a9f753ec1 <unknown>\n#4 0x560a9f791354 <unknown>\n#5 0x560a9f77596d <unknown>\n#6 0x560a9f78ec02 <unknown>\n#7 0x560a9f775713 <unknown>\n#8 0x560a9f74818b <unknown>\n#9 0x560a9f748f7e <unknown>\n#10 0x560a9f9fe8d8 <unknown>\n#11 0x560a9fa02800 <unknown>\n#12 0x560a9fa0ccfc <unknown>\n#13 0x560a9fa03418 <unknown>\n#14 0x560a9f9d042f <unknown>\n#15 0x560a9fa274e8 <unknown>\n#16 0x560a9fa276b4 <unknown>\n#17 0x560a9fa38143 <unknown>\n#18 0x7f01bb294ac3 <unknown>","statusTrace":"self = <tests.test_workspaces.TestWorkspaces object at 0x7f3acf9c0410>\nsecret_data = {'email': '', 'password': ''}\n\n    @pytest.fixture(autouse=True)\n    def setup_method_fixture(self, secret_data: dict):\n>       login(secret_data, self.about_page, self.login_page)\n\ntests/test_workspaces.py:23: \n_ _ _ _ _ _ _ _ _ _ _ _ _ _ _ _ _ _ _ _ _ _ _ _ _ _ _ _ _ _ _ _ _ _ _ _ _ _ _ _ \ntests/test_workspaces.py:13: in login\n    about_page.click_login_link()\npages/about_page.py:20: in click_login_link\n    self.click(self.LOGIN_LINK)\npages/base_page.py:38: in click\n    el: WebElement = self.wait.until(\n_ _ _ _ _ _ _ _ _ _ _ _ _ _ _ _ _ _ _ _ _ _ _ _ _ _ _ _ _ _ _ _ _ _ _ _ _ _ _ _ \n\nself = <selenium.webdriver.support.wait.WebDriverWait (session=\"e2f403c9a21a2da6451ad583276381c5\")>\nmethod = <function element_to_be_clickable.<locals>._predicate at 0x7f3acf739300>\nmessage = ''\n\n    def until(self, method, message: str = \"\"):\n        \"\"\"Calls the method provided with the driver as an argument until the \\\n        return value does not evaluate to ``False``.\n    \n        :param method: callable(WebDriver)\n        :param message: optional message for :exc:`TimeoutException`\n        :returns: the result of the last call to `method`\n        :raises: :exc:`selenium.common.exceptions.TimeoutException` if timeout occurs\n        \"\"\"\n        screen = None\n        stacktrace = None\n    \n        end_time = time.monotonic() + self._timeout\n        while True:\n            try:\n                value = method(self._driver)\n                if value:\n                    return value\n            except self._ignored_exceptions as exc:\n                screen = getattr(exc, \"screen\", None)\n                stacktrace = getattr(exc, \"stacktrace\", None)\n            time.sleep(self._poll)\n            if time.monotonic() > end_time:\n                break\n>       raise TimeoutException(message, screen, stacktrace)\nE       selenium.common.exceptions.TimeoutException: Message: \nE       Stacktrace:\nE       #0 0x560a9fa38fb3 <unknown>\nE       #1 0x560a9f70c4a7 <unknown>\nE       #2 0x560a9f753dd6 <unknown>\nE       #3 0x560a9f753ec1 <unknown>\nE       #4 0x560a9f791354 <unknown>\nE       #5 0x560a9f77596d <unknown>\nE       #6 0x560a9f78ec02 <unknown>\nE       #7 0x560a9f775713 <unknown>\nE       #8 0x560a9f74818b <unknown>\nE       #9 0x560a9f748f7e <unknown>\nE       #10 0x560a9f9fe8d8 <unknown>\nE       #11 0x560a9fa02800 <unknown>\nE       #12 0x560a9fa0ccfc <unknown>\nE       #13 0x560a9fa03418 <unknown>\nE       #14 0x560a9f9d042f <unknown>\nE       #15 0x560a9fa274e8 <unknown>\nE       #16 0x560a9fa276b4 <unknown>\nE       #17 0x560a9fa38143 <unknown>\nE       #18 0x7f01bb294ac3 <unknown>\n\n.venv/lib/python3.11/site-packages/selenium/webdriver/support/wait.py:95: TimeoutException","steps":[],"attachments":[{"uid":"d1ad302a6c66d4fe","name":"public ip address","source":"d1ad302a6c66d4fe.txt","type":"text/plain","size":12},{"uid":"7bfaeceac1e9a0e0","name":"Cookies","source":"7bfaeceac1e9a0e0.json","type":"application/json","size":2},{"uid":"55a1fea6f6f42c62","name":"Session Storage","source":"55a1fea6f6f42c62.json","type":"application/json","size":2},{"uid":"d5dc2893b3fdd83e","name":"Local Storage","source":"d5dc2893b3fdd83e.json","type":"application/json","size":2},{"uid":"a9c638e255e6b28c","name":"Console Logs","source":"a9c638e255e6b28c.json","type":"application/json","size":2},{"uid":"8a15e4db12a6f132","name":"Full Page Screenshot","source":"8a15e4db12a6f132.png","type":"image/png","size":1496512},{"uid":"f496c40477a109a5","name":"URL","source":"f496c40477a109a5.uri","type":"text/uri-list","size":25},{"uid":"4ca872692ffb87d7","name":"Network Logs","source":"4ca872692ffb87d7.json","type":"application/json","size":13976}],"parameters":[],"shouldDisplayMessage":true,"stepsCount":0,"attachmentsCount":8,"hasContent":true},"afterStages":[],"labels":[{"name":"epic","value":"Workspaces"},{"name":"story","value":"WorkSpaces Creation and Editing Functionality"},{"name":"severity","value":"normal"},{"name":"tag","value":"run(order=5)"},{"name":"parentSuite","value":"tests"},{"name":"suite","value":"test_workspaces"},{"name":"subSuite","value":"TestWorkspaces"},{"name":"host","value":"fv-az176-439"},{"name":"thread","value":"2199-MainThread"},{"name":"framework","value":"pytest"},{"name":"language","value":"cpython3"},{"name":"package","value":"tests.test_workspaces"},{"name":"resultFormat","value":"allure2"}],"parameters":[],"links":[],"hidden":false,"retry":false,"extra":{"severity":"normal","retries":[],"categories":[{"name":"Test defects","matchedStatuses":[],"flaky":false}],"tags":["run(order=5)"]},"source":"c2519f884da6e0cb.json","parameterValues":[]}