{"uid":"cd6598c3ca61a66b","name":"Forgot Password with invalid email test","fullName":"tests.test_forgot_password.TestForgotPassword#test_invalid_email","historyId":"3743e16c5d15da2a1434ee4e2dd39a43","time":{"start":1699751387796,"stop":1699751398242,"duration":10446},"description":"Forgot Password with invalid email address","descriptionHtml":"<p>Forgot Password with invalid email address</p>\n","status":"broken","statusMessage":"selenium.common.exceptions.TimeoutException: Message: \nStacktrace:\n#0 0x55ce9025efb3 <unknown>\n#1 0x55ce8ff324a7 <unknown>\n#2 0x55ce8ff79dd6 <unknown>\n#3 0x55ce8ff79ec1 <unknown>\n#4 0x55ce8ffb7354 <unknown>\n#5 0x55ce8ff9b96d <unknown>\n#6 0x55ce8ffb4c02 <unknown>\n#7 0x55ce8ff9b713 <unknown>\n#8 0x55ce8ff6e18b <unknown>\n#9 0x55ce8ff6ef7e <unknown>\n#10 0x55ce902248d8 <unknown>\n#11 0x55ce90228800 <unknown>\n#12 0x55ce90232cfc <unknown>\n#13 0x55ce90229418 <unknown>\n#14 0x55ce901f642f <unknown>\n#15 0x55ce9024d4e8 <unknown>\n#16 0x55ce9024d6b4 <unknown>\n#17 0x55ce9025e143 <unknown>\n#18 0x7f5331e94ac3 <unknown>","statusTrace":"self = <tests.test_forgot_password.TestForgotPassword object at 0x7f3acfa9e490>\nexcel_reader = <utils.excel_parser.ExcelParser object at 0x7f3acf636910>\njson_data = {'forgot_password': {'error_message': \"We can't find a user with that e-mail address.\", 'success_message': 'A reset li...you page', 'name': 'test', 'new_name': 'another test', 'no_project_found_msg': 'No project matches the criteria', ...}}\n\n    @allure.description(\"Forgot Password with invalid email address\")\n    @allure.title(\"Forgot Password with invalid email test\")\n    def test_invalid_email(self, excel_reader, json_data: dict):\n        emails = excel_reader.read_from_excel(\"Emails\")\n>       self.about_page.click_login_link()\n\ntests/test_forgot_password.py:31: \n_ _ _ _ _ _ _ _ _ _ _ _ _ _ _ _ _ _ _ _ _ _ _ _ _ _ _ _ _ _ _ _ _ _ _ _ _ _ _ _ \npages/about_page.py:20: in click_login_link\n    self.click(self.LOGIN_LINK)\npages/base_page.py:38: in click\n    el: WebElement = self.wait.until(\n_ _ _ _ _ _ _ _ _ _ _ _ _ _ _ _ _ _ _ _ _ _ _ _ _ _ _ _ _ _ _ _ _ _ _ _ _ _ _ _ \n\nself = <selenium.webdriver.support.wait.WebDriverWait (session=\"5244150021616f25a3ba6ba4cf556446\")>\nmethod = <function element_to_be_clickable.<locals>._predicate at 0x7f3acf791440>\nmessage = ''\n\n    def until(self, method, message: str = \"\"):\n        \"\"\"Calls the method provided with the driver as an argument until the \\\n        return value does not evaluate to ``False``.\n    \n        :param method: callable(WebDriver)\n        :param message: optional message for :exc:`TimeoutException`\n        :returns: the result of the last call to `method`\n        :raises: :exc:`selenium.common.exceptions.TimeoutException` if timeout occurs\n        \"\"\"\n        screen = None\n        stacktrace = None\n    \n        end_time = time.monotonic() + self._timeout\n        while True:\n            try:\n                value = method(self._driver)\n                if value:\n                    return value\n            except self._ignored_exceptions as exc:\n                screen = getattr(exc, \"screen\", None)\n                stacktrace = getattr(exc, \"stacktrace\", None)\n            time.sleep(self._poll)\n            if time.monotonic() > end_time:\n                break\n>       raise TimeoutException(message, screen, stacktrace)\nE       selenium.common.exceptions.TimeoutException: Message: \nE       Stacktrace:\nE       #0 0x55ce9025efb3 <unknown>\nE       #1 0x55ce8ff324a7 <unknown>\nE       #2 0x55ce8ff79dd6 <unknown>\nE       #3 0x55ce8ff79ec1 <unknown>\nE       #4 0x55ce8ffb7354 <unknown>\nE       #5 0x55ce8ff9b96d <unknown>\nE       #6 0x55ce8ffb4c02 <unknown>\nE       #7 0x55ce8ff9b713 <unknown>\nE       #8 0x55ce8ff6e18b <unknown>\nE       #9 0x55ce8ff6ef7e <unknown>\nE       #10 0x55ce902248d8 <unknown>\nE       #11 0x55ce90228800 <unknown>\nE       #12 0x55ce90232cfc <unknown>\nE       #13 0x55ce90229418 <unknown>\nE       #14 0x55ce901f642f <unknown>\nE       #15 0x55ce9024d4e8 <unknown>\nE       #16 0x55ce9024d6b4 <unknown>\nE       #17 0x55ce9025e143 <unknown>\nE       #18 0x7f5331e94ac3 <unknown>\n\n.venv/lib/python3.11/site-packages/selenium/webdriver/support/wait.py:95: TimeoutException","flaky":false,"newFailed":false,"newBroken":false,"newPassed":false,"retriesCount":0,"retriesStatusChange":false,"beforeStages":[{"name":"base_url","time":{"start":1699751197380,"stop":1699751197380,"duration":0},"status":"passed","steps":[],"attachments":[],"parameters":[],"shouldDisplayMessage":false,"stepsCount":0,"attachmentsCount":0,"hasContent":false},{"name":"_verify_url","time":{"start":1699751197381,"stop":1699751197381,"duration":0},"status":"passed","steps":[],"attachments":[],"parameters":[],"shouldDisplayMessage":false,"stepsCount":0,"attachmentsCount":0,"hasContent":false},{"name":"json_data","time":{"start":1699751197381,"stop":1699751197382,"duration":1},"status":"passed","steps":[],"attachments":[],"parameters":[],"shouldDisplayMessage":false,"stepsCount":0,"attachmentsCount":0,"hasContent":false},{"name":"excel_reader","time":{"start":1699751387795,"stop":1699751387795,"duration":0},"status":"passed","steps":[],"attachments":[],"parameters":[],"shouldDisplayMessage":false,"stepsCount":0,"attachmentsCount":0,"hasContent":false}],"testStage":{"description":"Forgot Password with invalid email address","status":"broken","statusMessage":"selenium.common.exceptions.TimeoutException: Message: \nStacktrace:\n#0 0x55ce9025efb3 <unknown>\n#1 0x55ce8ff324a7 <unknown>\n#2 0x55ce8ff79dd6 <unknown>\n#3 0x55ce8ff79ec1 <unknown>\n#4 0x55ce8ffb7354 <unknown>\n#5 0x55ce8ff9b96d <unknown>\n#6 0x55ce8ffb4c02 <unknown>\n#7 0x55ce8ff9b713 <unknown>\n#8 0x55ce8ff6e18b <unknown>\n#9 0x55ce8ff6ef7e <unknown>\n#10 0x55ce902248d8 <unknown>\n#11 0x55ce90228800 <unknown>\n#12 0x55ce90232cfc <unknown>\n#13 0x55ce90229418 <unknown>\n#14 0x55ce901f642f <unknown>\n#15 0x55ce9024d4e8 <unknown>\n#16 0x55ce9024d6b4 <unknown>\n#17 0x55ce9025e143 <unknown>\n#18 0x7f5331e94ac3 <unknown>","statusTrace":"self = <tests.test_forgot_password.TestForgotPassword object at 0x7f3acfa9e490>\nexcel_reader = <utils.excel_parser.ExcelParser object at 0x7f3acf636910>\njson_data = {'forgot_password': {'error_message': \"We can't find a user with that e-mail address.\", 'success_message': 'A reset li...you page', 'name': 'test', 'new_name': 'another test', 'no_project_found_msg': 'No project matches the criteria', ...}}\n\n    @allure.description(\"Forgot Password with invalid email address\")\n    @allure.title(\"Forgot Password with invalid email test\")\n    def test_invalid_email(self, excel_reader, json_data: dict):\n        emails = excel_reader.read_from_excel(\"Emails\")\n>       self.about_page.click_login_link()\n\ntests/test_forgot_password.py:31: \n_ _ _ _ _ _ _ _ _ _ _ _ _ _ _ _ _ _ _ _ _ _ _ _ _ _ _ _ _ _ _ _ _ _ _ _ _ _ _ _ \npages/about_page.py:20: in click_login_link\n    self.click(self.LOGIN_LINK)\npages/base_page.py:38: in click\n    el: WebElement = self.wait.until(\n_ _ _ _ _ _ _ _ _ _ _ _ _ _ _ _ _ _ _ _ _ _ _ _ _ _ _ _ _ _ _ _ _ _ _ _ _ _ _ _ \n\nself = <selenium.webdriver.support.wait.WebDriverWait (session=\"5244150021616f25a3ba6ba4cf556446\")>\nmethod = <function element_to_be_clickable.<locals>._predicate at 0x7f3acf791440>\nmessage = ''\n\n    def until(self, method, message: str = \"\"):\n        \"\"\"Calls the method provided with the driver as an argument until the \\\n        return value does not evaluate to ``False``.\n    \n        :param method: callable(WebDriver)\n        :param message: optional message for :exc:`TimeoutException`\n        :returns: the result of the last call to `method`\n        :raises: :exc:`selenium.common.exceptions.TimeoutException` if timeout occurs\n        \"\"\"\n        screen = None\n        stacktrace = None\n    \n        end_time = time.monotonic() + self._timeout\n        while True:\n            try:\n                value = method(self._driver)\n                if value:\n                    return value\n            except self._ignored_exceptions as exc:\n                screen = getattr(exc, \"screen\", None)\n                stacktrace = getattr(exc, \"stacktrace\", None)\n            time.sleep(self._poll)\n            if time.monotonic() > end_time:\n                break\n>       raise TimeoutException(message, screen, stacktrace)\nE       selenium.common.exceptions.TimeoutException: Message: \nE       Stacktrace:\nE       #0 0x55ce9025efb3 <unknown>\nE       #1 0x55ce8ff324a7 <unknown>\nE       #2 0x55ce8ff79dd6 <unknown>\nE       #3 0x55ce8ff79ec1 <unknown>\nE       #4 0x55ce8ffb7354 <unknown>\nE       #5 0x55ce8ff9b96d <unknown>\nE       #6 0x55ce8ffb4c02 <unknown>\nE       #7 0x55ce8ff9b713 <unknown>\nE       #8 0x55ce8ff6e18b <unknown>\nE       #9 0x55ce8ff6ef7e <unknown>\nE       #10 0x55ce902248d8 <unknown>\nE       #11 0x55ce90228800 <unknown>\nE       #12 0x55ce90232cfc <unknown>\nE       #13 0x55ce90229418 <unknown>\nE       #14 0x55ce901f642f <unknown>\nE       #15 0x55ce9024d4e8 <unknown>\nE       #16 0x55ce9024d6b4 <unknown>\nE       #17 0x55ce9025e143 <unknown>\nE       #18 0x7f5331e94ac3 <unknown>\n\n.venv/lib/python3.11/site-packages/selenium/webdriver/support/wait.py:95: TimeoutException","steps":[{"name":"Click Login link","time":{"start":1699751387821,"stop":1699751398241,"duration":10420},"status":"broken","statusMessage":"selenium.common.exceptions.TimeoutException: Message: \nStacktrace:\n#0 0x55ce9025efb3 <unknown>\n#1 0x55ce8ff324a7 <unknown>\n#2 0x55ce8ff79dd6 <unknown>\n#3 0x55ce8ff79ec1 <unknown>\n#4 0x55ce8ffb7354 <unknown>\n#5 0x55ce8ff9b96d <unknown>\n#6 0x55ce8ffb4c02 <unknown>\n#7 0x55ce8ff9b713 <unknown>\n#8 0x55ce8ff6e18b <unknown>\n#9 0x55ce8ff6ef7e <unknown>\n#10 0x55ce902248d8 <unknown>\n#11 0x55ce90228800 <unknown>\n#12 0x55ce90232cfc <unknown>\n#13 0x55ce90229418 <unknown>\n#14 0x55ce901f642f <unknown>\n#15 0x55ce9024d4e8 <unknown>\n#16 0x55ce9024d6b4 <unknown>\n#17 0x55ce9025e143 <unknown>\n#18 0x7f5331e94ac3 <unknown>\n\n","statusTrace":"  File \"/home/runner/work/kisangateway-test/kisangateway-test/.venv/lib/python3.11/site-packages/allure_commons/_allure.py\", line 192, in impl\n    return func(*a, **kw)\n           ^^^^^^^^^^^^^^\n  File \"/home/runner/work/kisangateway-test/kisangateway-test/pages/about_page.py\", line 20, in click_login_link\n    self.click(self.LOGIN_LINK)\n  File \"/home/runner/work/kisangateway-test/kisangateway-test/pages/base_page.py\", line 38, in click\n    el: WebElement = self.wait.until(\n                     ^^^^^^^^^^^^^^^^\n  File \"/home/runner/work/kisangateway-test/kisangateway-test/.venv/lib/python3.11/site-packages/selenium/webdriver/support/wait.py\", line 95, in until\n    raise TimeoutException(message, screen, stacktrace)\n","steps":[],"attachments":[],"parameters":[],"shouldDisplayMessage":true,"stepsCount":0,"attachmentsCount":0,"hasContent":true}],"attachments":[{"uid":"51fe4f2d00b6ec7f","name":"public ip address","source":"51fe4f2d00b6ec7f.txt","type":"text/plain","size":12},{"uid":"b51284863395849f","name":"Cookies","source":"b51284863395849f.json","type":"application/json","size":2},{"uid":"3ad5e1298a006390","name":"Session Storage","source":"3ad5e1298a006390.json","type":"application/json","size":2},{"uid":"18f0e75ad76bc6a1","name":"Local Storage","source":"18f0e75ad76bc6a1.json","type":"application/json","size":2},{"uid":"94b761b0cc4983b7","name":"Console Logs","source":"94b761b0cc4983b7.json","type":"application/json","size":2},{"uid":"d28a87bfc5c443d0","name":"Full Page Screenshot","source":"d28a87bfc5c443d0.png","type":"image/png","size":1496512},{"uid":"da3f439f1fbc9418","name":"URL","source":"da3f439f1fbc9418.uri","type":"text/uri-list","size":25},{"uid":"4838c2fc34d0b02","name":"Network Logs","source":"4838c2fc34d0b02.json","type":"application/json","size":13977}],"parameters":[],"shouldDisplayMessage":true,"stepsCount":1,"attachmentsCount":8,"hasContent":true},"afterStages":[],"labels":[{"name":"subSuite","value":"Custom sub suite"},{"name":"parentSuite","value":"Custom parent suite"},{"name":"epic","value":"Security"},{"name":"severity","value":"critical"},{"name":"story","value":"Forgot Password Feature's Functionality"},{"name":"suite","value":"Custom suite"},{"name":"tag","value":"security"},{"name":"host","value":"fv-az176-439"},{"name":"thread","value":"2199-MainThread"},{"name":"framework","value":"pytest"},{"name":"language","value":"cpython3"},{"name":"package","value":"tests.test_forgot_password"},{"name":"resultFormat","value":"allure2"}],"parameters":[],"links":[],"hidden":false,"retry":false,"extra":{"severity":"critical","retries":[],"categories":[{"name":"Test defects","matchedStatuses":[],"flaky":false}],"tags":["security"]},"source":"cd6598c3ca61a66b.json","parameterValues":[]}