{"uid":"1c132f6a3c940720","name":"Login with valid credentials test","fullName":"tests.test_login.TestLogin#test_valid_login","historyId":"e7f254b9bfd5f2bc8d4a1ffa6dc7aebb","time":{"start":1700096662204,"stop":1700096672383,"duration":10179},"description":"valid login","descriptionHtml":"<p>valid login</p>\n","status":"broken","statusMessage":"selenium.common.exceptions.TimeoutException: Message: \nStacktrace:\n#0 0x55667bae5fb3 <unknown>\n#1 0x55667b7b94a7 <unknown>\n#2 0x55667b800dd6 <unknown>\n#3 0x55667b800ec1 <unknown>\n#4 0x55667b83e354 <unknown>\n#5 0x55667b82296d <unknown>\n#6 0x55667b83bc02 <unknown>\n#7 0x55667b822713 <unknown>\n#8 0x55667b7f518b <unknown>\n#9 0x55667b7f5f7e <unknown>\n#10 0x55667baab8d8 <unknown>\n#11 0x55667baaf800 <unknown>\n#12 0x55667bab9cfc <unknown>\n#13 0x55667bab0418 <unknown>\n#14 0x55667ba7d42f <unknown>\n#15 0x55667bad44e8 <unknown>\n#16 0x55667bad46b4 <unknown>\n#17 0x55667bae5143 <unknown>\n#18 0x7f4272e94ac3 <unknown>","statusTrace":"self = <tests.test_login.TestLogin object at 0x7fdf68e59610>\nsecret_data = {'email': '', 'password': ''}\njson_data = {'forgot_password': {'error_message': \"We can't find a user with that e-mail address.\", 'success_message': 'A reset li...you page', 'name': 'test', 'new_name': 'another test', 'no_project_found_msg': 'No project matches the criteria', ...}}\n\n    @allure.description(\"valid login\")\n    @allure.title(\"Login with valid credentials test\")\n    @allure.tag(\"Tagged test\")\n    @pytest.mark.run(order=1)\n    def test_valid_login(self, secret_data: dict, json_data: dict):\n>       self.about_page.click_login_link()\n\ntests/test_login.py:39: \n_ _ _ _ _ _ _ _ _ _ _ _ _ _ _ _ _ _ _ _ _ _ _ _ _ _ _ _ _ _ _ _ _ _ _ _ _ _ _ _ \npages/about_page.py:20: in click_login_link\n    self.click(self.LOGIN_LINK)\npages/base_page.py:38: in click\n    el: WebElement = self.wait.until(\n_ _ _ _ _ _ _ _ _ _ _ _ _ _ _ _ _ _ _ _ _ _ _ _ _ _ _ _ _ _ _ _ _ _ _ _ _ _ _ _ \n\nself = <selenium.webdriver.support.wait.WebDriverWait (session=\"932c28e583ed6f82a5e5bf757885f1f6\")>\nmethod = <function element_to_be_clickable.<locals>._predicate at 0x7fdf68e3c220>\nmessage = ''\n\n    def until(self, method, message: str = \"\"):\n        \"\"\"Calls the method provided with the driver as an argument until the \\\n        return value does not evaluate to ``False``.\n    \n        :param method: callable(WebDriver)\n        :param message: optional message for :exc:`TimeoutException`\n        :returns: the result of the last call to `method`\n        :raises: :exc:`selenium.common.exceptions.TimeoutException` if timeout occurs\n        \"\"\"\n        screen = None\n        stacktrace = None\n    \n        end_time = time.monotonic() + self._timeout\n        while True:\n            try:\n                value = method(self._driver)\n                if value:\n                    return value\n            except self._ignored_exceptions as exc:\n                screen = getattr(exc, \"screen\", None)\n                stacktrace = getattr(exc, \"stacktrace\", None)\n            time.sleep(self._poll)\n            if time.monotonic() > end_time:\n                break\n>       raise TimeoutException(message, screen, stacktrace)\nE       selenium.common.exceptions.TimeoutException: Message: \nE       Stacktrace:\nE       #0 0x55667bae5fb3 <unknown>\nE       #1 0x55667b7b94a7 <unknown>\nE       #2 0x55667b800dd6 <unknown>\nE       #3 0x55667b800ec1 <unknown>\nE       #4 0x55667b83e354 <unknown>\nE       #5 0x55667b82296d <unknown>\nE       #6 0x55667b83bc02 <unknown>\nE       #7 0x55667b822713 <unknown>\nE       #8 0x55667b7f518b <unknown>\nE       #9 0x55667b7f5f7e <unknown>\nE       #10 0x55667baab8d8 <unknown>\nE       #11 0x55667baaf800 <unknown>\nE       #12 0x55667bab9cfc <unknown>\nE       #13 0x55667bab0418 <unknown>\nE       #14 0x55667ba7d42f <unknown>\nE       #15 0x55667bad44e8 <unknown>\nE       #16 0x55667bad46b4 <unknown>\nE       #17 0x55667bae5143 <unknown>\nE       #18 0x7f4272e94ac3 <unknown>\n\n.venv/lib/python3.11/site-packages/selenium/webdriver/support/wait.py:95: TimeoutException","flaky":false,"newFailed":false,"newBroken":false,"newPassed":false,"retriesCount":0,"retriesStatusChange":false,"beforeStages":[{"name":"base_url","time":{"start":1700096662202,"stop":1700096662202,"duration":0},"status":"passed","steps":[],"attachments":[],"parameters":[],"shouldDisplayMessage":false,"stepsCount":0,"attachmentsCount":0,"hasContent":false},{"name":"_verify_url","time":{"start":1700096662203,"stop":1700096662203,"duration":0},"status":"passed","steps":[],"attachments":[],"parameters":[],"shouldDisplayMessage":false,"stepsCount":0,"attachmentsCount":0,"hasContent":false},{"name":"json_data","time":{"start":1700096662203,"stop":1700096662204,"duration":1},"status":"passed","steps":[],"attachments":[],"parameters":[],"shouldDisplayMessage":false,"stepsCount":0,"attachmentsCount":0,"hasContent":false},{"name":"secret_data","time":{"start":1700096662203,"stop":1700096662203,"duration":0},"status":"passed","steps":[],"attachments":[],"parameters":[],"shouldDisplayMessage":false,"stepsCount":0,"attachmentsCount":0,"hasContent":false}],"testStage":{"description":"valid login","status":"broken","statusMessage":"selenium.common.exceptions.TimeoutException: Message: \nStacktrace:\n#0 0x55667bae5fb3 <unknown>\n#1 0x55667b7b94a7 <unknown>\n#2 0x55667b800dd6 <unknown>\n#3 0x55667b800ec1 <unknown>\n#4 0x55667b83e354 <unknown>\n#5 0x55667b82296d <unknown>\n#6 0x55667b83bc02 <unknown>\n#7 0x55667b822713 <unknown>\n#8 0x55667b7f518b <unknown>\n#9 0x55667b7f5f7e <unknown>\n#10 0x55667baab8d8 <unknown>\n#11 0x55667baaf800 <unknown>\n#12 0x55667bab9cfc <unknown>\n#13 0x55667bab0418 <unknown>\n#14 0x55667ba7d42f <unknown>\n#15 0x55667bad44e8 <unknown>\n#16 0x55667bad46b4 <unknown>\n#17 0x55667bae5143 <unknown>\n#18 0x7f4272e94ac3 <unknown>","statusTrace":"self = <tests.test_login.TestLogin object at 0x7fdf68e59610>\nsecret_data = {'email': '', 'password': ''}\njson_data = {'forgot_password': {'error_message': \"We can't find a user with that e-mail address.\", 'success_message': 'A reset li...you page', 'name': 'test', 'new_name': 'another test', 'no_project_found_msg': 'No project matches the criteria', ...}}\n\n    @allure.description(\"valid login\")\n    @allure.title(\"Login with valid credentials test\")\n    @allure.tag(\"Tagged test\")\n    @pytest.mark.run(order=1)\n    def test_valid_login(self, secret_data: dict, json_data: dict):\n>       self.about_page.click_login_link()\n\ntests/test_login.py:39: \n_ _ _ _ _ _ _ _ _ _ _ _ _ _ _ _ _ _ _ _ _ _ _ _ _ _ _ _ _ _ _ _ _ _ _ _ _ _ _ _ \npages/about_page.py:20: in click_login_link\n    self.click(self.LOGIN_LINK)\npages/base_page.py:38: in click\n    el: WebElement = self.wait.until(\n_ _ _ _ _ _ _ _ _ _ _ _ _ _ _ _ _ _ _ _ _ _ _ _ _ _ _ _ _ _ _ _ _ _ _ _ _ _ _ _ \n\nself = <selenium.webdriver.support.wait.WebDriverWait (session=\"932c28e583ed6f82a5e5bf757885f1f6\")>\nmethod = <function element_to_be_clickable.<locals>._predicate at 0x7fdf68e3c220>\nmessage = ''\n\n    def until(self, method, message: str = \"\"):\n        \"\"\"Calls the method provided with the driver as an argument until the \\\n        return value does not evaluate to ``False``.\n    \n        :param method: callable(WebDriver)\n        :param message: optional message for :exc:`TimeoutException`\n        :returns: the result of the last call to `method`\n        :raises: :exc:`selenium.common.exceptions.TimeoutException` if timeout occurs\n        \"\"\"\n        screen = None\n        stacktrace = None\n    \n        end_time = time.monotonic() + self._timeout\n        while True:\n            try:\n                value = method(self._driver)\n                if value:\n                    return value\n            except self._ignored_exceptions as exc:\n                screen = getattr(exc, \"screen\", None)\n                stacktrace = getattr(exc, \"stacktrace\", None)\n            time.sleep(self._poll)\n            if time.monotonic() > end_time:\n                break\n>       raise TimeoutException(message, screen, stacktrace)\nE       selenium.common.exceptions.TimeoutException: Message: \nE       Stacktrace:\nE       #0 0x55667bae5fb3 <unknown>\nE       #1 0x55667b7b94a7 <unknown>\nE       #2 0x55667b800dd6 <unknown>\nE       #3 0x55667b800ec1 <unknown>\nE       #4 0x55667b83e354 <unknown>\nE       #5 0x55667b82296d <unknown>\nE       #6 0x55667b83bc02 <unknown>\nE       #7 0x55667b822713 <unknown>\nE       #8 0x55667b7f518b <unknown>\nE       #9 0x55667b7f5f7e <unknown>\nE       #10 0x55667baab8d8 <unknown>\nE       #11 0x55667baaf800 <unknown>\nE       #12 0x55667bab9cfc <unknown>\nE       #13 0x55667bab0418 <unknown>\nE       #14 0x55667ba7d42f <unknown>\nE       #15 0x55667bad44e8 <unknown>\nE       #16 0x55667bad46b4 <unknown>\nE       #17 0x55667bae5143 <unknown>\nE       #18 0x7f4272e94ac3 <unknown>\n\n.venv/lib/python3.11/site-packages/selenium/webdriver/support/wait.py:95: TimeoutException","steps":[{"name":"Click Login link","time":{"start":1700096662204,"stop":1700096672382,"duration":10178},"status":"broken","statusMessage":"selenium.common.exceptions.TimeoutException: Message: \nStacktrace:\n#0 0x55667bae5fb3 <unknown>\n#1 0x55667b7b94a7 <unknown>\n#2 0x55667b800dd6 <unknown>\n#3 0x55667b800ec1 <unknown>\n#4 0x55667b83e354 <unknown>\n#5 0x55667b82296d <unknown>\n#6 0x55667b83bc02 <unknown>\n#7 0x55667b822713 <unknown>\n#8 0x55667b7f518b <unknown>\n#9 0x55667b7f5f7e <unknown>\n#10 0x55667baab8d8 <unknown>\n#11 0x55667baaf800 <unknown>\n#12 0x55667bab9cfc <unknown>\n#13 0x55667bab0418 <unknown>\n#14 0x55667ba7d42f <unknown>\n#15 0x55667bad44e8 <unknown>\n#16 0x55667bad46b4 <unknown>\n#17 0x55667bae5143 <unknown>\n#18 0x7f4272e94ac3 <unknown>\n\n","statusTrace":"  File \"/home/runner/work/kisangateway-test/kisangateway-test/.venv/lib/python3.11/site-packages/allure_commons/_allure.py\", line 192, in impl\n    return func(*a, **kw)\n           ^^^^^^^^^^^^^^\n  File \"/home/runner/work/kisangateway-test/kisangateway-test/pages/about_page.py\", line 20, in click_login_link\n    self.click(self.LOGIN_LINK)\n  File \"/home/runner/work/kisangateway-test/kisangateway-test/pages/base_page.py\", line 38, in click\n    el: WebElement = self.wait.until(\n                     ^^^^^^^^^^^^^^^^\n  File \"/home/runner/work/kisangateway-test/kisangateway-test/.venv/lib/python3.11/site-packages/selenium/webdriver/support/wait.py\", line 95, in until\n    raise TimeoutException(message, screen, stacktrace)\n","steps":[],"attachments":[],"parameters":[],"shouldDisplayMessage":true,"stepsCount":0,"attachmentsCount":0,"hasContent":true}],"attachments":[{"uid":"987212456dc68e0c","name":"public ip address","source":"987212456dc68e0c.txt","type":"text/plain","size":12},{"uid":"5251ad8089c06a90","name":"Cookies","source":"5251ad8089c06a90.json","type":"application/json","size":2},{"uid":"ddcaf2976e0b376","name":"Session Storage","source":"ddcaf2976e0b376.json","type":"application/json","size":2},{"uid":"cfe0ab0debd09571","name":"Local Storage","source":"cfe0ab0debd09571.json","type":"application/json","size":2},{"uid":"f99853d129d92dbc","name":"Console Logs","source":"f99853d129d92dbc.json","type":"application/json","size":2},{"uid":"80bd43bb8d6ff6ca","name":"Full Page Screenshot","source":"80bd43bb8d6ff6ca.png","type":"image/png","size":1496503},{"uid":"6c8c385394f1fd79","name":"URL","source":"6c8c385394f1fd79.uri","type":"text/uri-list","size":25},{"uid":"2ddb4d0931e4ea0","name":"Network Logs","source":"2ddb4d0931e4ea0.json","type":"application/json","size":14024}],"parameters":[],"shouldDisplayMessage":true,"stepsCount":1,"attachmentsCount":8,"hasContent":true},"afterStages":[],"labels":[{"name":"feature","value":"Login"},{"name":"severity","value":"blocker"},{"name":"tag","value":"Tagged test"},{"name":"epic","value":"Security"},{"name":"tag","value":"run(order=1)"},{"name":"tag","value":"security"},{"name":"parentSuite","value":"tests"},{"name":"suite","value":"test_login"},{"name":"subSuite","value":"TestLogin"},{"name":"host","value":"fv-az849-88"},{"name":"thread","value":"2275-MainThread"},{"name":"framework","value":"pytest"},{"name":"language","value":"cpython3"},{"name":"package","value":"tests.test_login"},{"name":"resultFormat","value":"allure2"}],"parameters":[],"links":[],"hidden":false,"retry":false,"extra":{"severity":"blocker","retries":[],"categories":[{"name":"Test defects","matchedStatuses":[],"flaky":false}],"tags":["security","Tagged test","run(order=1)"]},"source":"1c132f6a3c940720.json","parameterValues":[]}