{"uid":"4b0e15e137d6ca05","name":"Delete existing workspace","fullName":"tests.test_workspaces.TestWorkspaces#test_delete_workspace","historyId":"426122535a758ca0ac1fcc53a87d9a4f","time":{"start":1700096734019,"stop":1700096734019,"duration":0},"description":"Delete an existing workspace","descriptionHtml":"<p>Delete an existing workspace</p>\n","status":"broken","statusMessage":"selenium.common.exceptions.TimeoutException: Message: \nStacktrace:\n#0 0x5589066fefb3 <unknown>\n#1 0x5589063d24a7 <unknown>\n#2 0x558906419dd6 <unknown>\n#3 0x558906419ec1 <unknown>\n#4 0x558906457354 <unknown>\n#5 0x55890643b96d <unknown>\n#6 0x558906454c02 <unknown>\n#7 0x55890643b713 <unknown>\n#8 0x55890640e18b <unknown>\n#9 0x55890640ef7e <unknown>\n#10 0x5589066c48d8 <unknown>\n#11 0x5589066c8800 <unknown>\n#12 0x5589066d2cfc <unknown>\n#13 0x5589066c9418 <unknown>\n#14 0x55890669642f <unknown>\n#15 0x5589066ed4e8 <unknown>\n#16 0x5589066ed6b4 <unknown>\n#17 0x5589066fe143 <unknown>\n#18 0x7fddec694ac3 <unknown>","statusTrace":"self = <tests.test_workspaces.TestWorkspaces object at 0x7fdf68e58a50>\nsecret_data = {'email': '', 'password': ''}\n\n    @pytest.fixture(autouse=True)\n    def setup_method_fixture(self, secret_data: dict):\n>       login(secret_data, self.about_page, self.login_page)\n\ntests/test_workspaces.py:23: \n_ _ _ _ _ _ _ _ _ _ _ _ _ _ _ _ _ _ _ _ _ _ _ _ _ _ _ _ _ _ _ _ _ _ _ _ _ _ _ _ \ntests/test_workspaces.py:13: in login\n    about_page.click_login_link()\npages/about_page.py:20: in click_login_link\n    self.click(self.LOGIN_LINK)\npages/base_page.py:38: in click\n    el: WebElement = self.wait.until(\n_ _ _ _ _ _ _ _ _ _ _ _ _ _ _ _ _ _ _ _ _ _ _ _ _ _ _ _ _ _ _ _ _ _ _ _ _ _ _ _ \n\nself = <selenium.webdriver.support.wait.WebDriverWait (session=\"e40ba945f1bf0d39e86638c883caa566\")>\nmethod = <function element_to_be_clickable.<locals>._predicate at 0x7fdf68a754e0>\nmessage = ''\n\n    def until(self, method, message: str = \"\"):\n        \"\"\"Calls the method provided with the driver as an argument until the \\\n        return value does not evaluate to ``False``.\n    \n        :param method: callable(WebDriver)\n        :param message: optional message for :exc:`TimeoutException`\n        :returns: the result of the last call to `method`\n        :raises: :exc:`selenium.common.exceptions.TimeoutException` if timeout occurs\n        \"\"\"\n        screen = None\n        stacktrace = None\n    \n        end_time = time.monotonic() + self._timeout\n        while True:\n            try:\n                value = method(self._driver)\n                if value:\n                    return value\n            except self._ignored_exceptions as exc:\n                screen = getattr(exc, \"screen\", None)\n                stacktrace = getattr(exc, \"stacktrace\", None)\n            time.sleep(self._poll)\n            if time.monotonic() > end_time:\n                break\n>       raise TimeoutException(message, screen, stacktrace)\nE       selenium.common.exceptions.TimeoutException: Message: \nE       Stacktrace:\nE       #0 0x5589066fefb3 <unknown>\nE       #1 0x5589063d24a7 <unknown>\nE       #2 0x558906419dd6 <unknown>\nE       #3 0x558906419ec1 <unknown>\nE       #4 0x558906457354 <unknown>\nE       #5 0x55890643b96d <unknown>\nE       #6 0x558906454c02 <unknown>\nE       #7 0x55890643b713 <unknown>\nE       #8 0x55890640e18b <unknown>\nE       #9 0x55890640ef7e <unknown>\nE       #10 0x5589066c48d8 <unknown>\nE       #11 0x5589066c8800 <unknown>\nE       #12 0x5589066d2cfc <unknown>\nE       #13 0x5589066c9418 <unknown>\nE       #14 0x55890669642f <unknown>\nE       #15 0x5589066ed4e8 <unknown>\nE       #16 0x5589066ed6b4 <unknown>\nE       #17 0x5589066fe143 <unknown>\nE       #18 0x7fddec694ac3 <unknown>\n\n.venv/lib/python3.11/site-packages/selenium/webdriver/support/wait.py:95: TimeoutException","flaky":false,"newFailed":false,"newBroken":false,"newPassed":false,"retriesCount":0,"retriesStatusChange":false,"beforeStages":[{"name":"base_url","time":{"start":1700096662202,"stop":1700096662202,"duration":0},"status":"passed","steps":[],"attachments":[],"parameters":[],"shouldDisplayMessage":false,"stepsCount":0,"attachmentsCount":0,"hasContent":false},{"name":"_verify_url","time":{"start":1700096662203,"stop":1700096662203,"duration":0},"status":"passed","steps":[],"attachments":[],"parameters":[],"shouldDisplayMessage":false,"stepsCount":0,"attachmentsCount":0,"hasContent":false},{"name":"secret_data","time":{"start":1700096662203,"stop":1700096662203,"duration":0},"status":"passed","steps":[],"attachments":[],"parameters":[],"shouldDisplayMessage":false,"stepsCount":0,"attachmentsCount":0,"hasContent":false},{"name":"setup_method_fixture","time":{"start":1700096735101,"stop":1700096745299,"duration":10198},"status":"broken","statusMessage":"selenium.common.exceptions.TimeoutException: Message: \nStacktrace:\n#0 0x5589066fefb3 <unknown>\n#1 0x5589063d24a7 <unknown>\n#2 0x558906419dd6 <unknown>\n#3 0x558906419ec1 <unknown>\n#4 0x558906457354 <unknown>\n#5 0x55890643b96d <unknown>\n#6 0x558906454c02 <unknown>\n#7 0x55890643b713 <unknown>\n#8 0x55890640e18b <unknown>\n#9 0x55890640ef7e <unknown>\n#10 0x5589066c48d8 <unknown>\n#11 0x5589066c8800 <unknown>\n#12 0x5589066d2cfc <unknown>\n#13 0x5589066c9418 <unknown>\n#14 0x55890669642f <unknown>\n#15 0x5589066ed4e8 <unknown>\n#16 0x5589066ed6b4 <unknown>\n#17 0x5589066fe143 <unknown>\n#18 0x7fddec694ac3 <unknown>\n\n","statusTrace":"  File \"/home/runner/work/kisangateway-test/kisangateway-test/.venv/lib/python3.11/site-packages/pluggy/_callers.py\", line 80, in _multicall\n    res = hook_impl.function(*args)\n          ^^^^^^^^^^^^^^^^^^^^^^^^^\n  File \"/home/runner/work/kisangateway-test/kisangateway-test/.venv/lib/python3.11/site-packages/_pytest/fixtures.py\", line 1123, in pytest_fixture_setup\n    result = call_fixture_func(fixturefunc, request, kwargs)\n             ^^^^^^^^^^^^^^^^^^^^^^^^^^^^^^^^^^^^^^^^^^^^^^^\n  File \"/home/runner/work/kisangateway-test/kisangateway-test/.venv/lib/python3.11/site-packages/_pytest/fixtures.py\", line 902, in call_fixture_func\n    fixture_result = fixturefunc(**kwargs)\n                     ^^^^^^^^^^^^^^^^^^^^^\n  File \"/home/runner/work/kisangateway-test/kisangateway-test/tests/test_workspaces.py\", line 23, in setup_method_fixture\n    login(secret_data, self.about_page, self.login_page)\n  File \"/home/runner/work/kisangateway-test/kisangateway-test/tests/test_workspaces.py\", line 13, in login\n    about_page.click_login_link()\n  File \"/home/runner/work/kisangateway-test/kisangateway-test/.venv/lib/python3.11/site-packages/allure_commons/_allure.py\", line 192, in impl\n    return func(*a, **kw)\n           ^^^^^^^^^^^^^^\n  File \"/home/runner/work/kisangateway-test/kisangateway-test/pages/about_page.py\", line 20, in click_login_link\n    self.click(self.LOGIN_LINK)\n  File \"/home/runner/work/kisangateway-test/kisangateway-test/pages/base_page.py\", line 38, in click\n    el: WebElement = self.wait.until(\n                     ^^^^^^^^^^^^^^^^\n  File \"/home/runner/work/kisangateway-test/kisangateway-test/.venv/lib/python3.11/site-packages/selenium/webdriver/support/wait.py\", line 95, in until\n    raise TimeoutException(message, screen, stacktrace)\n","steps":[{"name":"Click Login link","time":{"start":1700096735101,"stop":1700096745298,"duration":10197},"status":"broken","statusMessage":"selenium.common.exceptions.TimeoutException: Message: \nStacktrace:\n#0 0x5589066fefb3 <unknown>\n#1 0x5589063d24a7 <unknown>\n#2 0x558906419dd6 <unknown>\n#3 0x558906419ec1 <unknown>\n#4 0x558906457354 <unknown>\n#5 0x55890643b96d <unknown>\n#6 0x558906454c02 <unknown>\n#7 0x55890643b713 <unknown>\n#8 0x55890640e18b <unknown>\n#9 0x55890640ef7e <unknown>\n#10 0x5589066c48d8 <unknown>\n#11 0x5589066c8800 <unknown>\n#12 0x5589066d2cfc <unknown>\n#13 0x5589066c9418 <unknown>\n#14 0x55890669642f <unknown>\n#15 0x5589066ed4e8 <unknown>\n#16 0x5589066ed6b4 <unknown>\n#17 0x5589066fe143 <unknown>\n#18 0x7fddec694ac3 <unknown>\n\n","statusTrace":"  File \"/home/runner/work/kisangateway-test/kisangateway-test/.venv/lib/python3.11/site-packages/allure_commons/_allure.py\", line 192, in impl\n    return func(*a, **kw)\n           ^^^^^^^^^^^^^^\n  File \"/home/runner/work/kisangateway-test/kisangateway-test/pages/about_page.py\", line 20, in click_login_link\n    self.click(self.LOGIN_LINK)\n  File \"/home/runner/work/kisangateway-test/kisangateway-test/pages/base_page.py\", line 38, in click\n    el: WebElement = self.wait.until(\n                     ^^^^^^^^^^^^^^^^\n  File \"/home/runner/work/kisangateway-test/kisangateway-test/.venv/lib/python3.11/site-packages/selenium/webdriver/support/wait.py\", line 95, in until\n    raise TimeoutException(message, screen, stacktrace)\n","steps":[],"attachments":[],"parameters":[],"shouldDisplayMessage":true,"stepsCount":0,"attachmentsCount":0,"hasContent":true}],"attachments":[],"parameters":[],"shouldDisplayMessage":false,"stepsCount":1,"attachmentsCount":0,"hasContent":true}],"testStage":{"description":"Delete an existing workspace","status":"broken","statusMessage":"selenium.common.exceptions.TimeoutException: Message: \nStacktrace:\n#0 0x5589066fefb3 <unknown>\n#1 0x5589063d24a7 <unknown>\n#2 0x558906419dd6 <unknown>\n#3 0x558906419ec1 <unknown>\n#4 0x558906457354 <unknown>\n#5 0x55890643b96d <unknown>\n#6 0x558906454c02 <unknown>\n#7 0x55890643b713 <unknown>\n#8 0x55890640e18b <unknown>\n#9 0x55890640ef7e <unknown>\n#10 0x5589066c48d8 <unknown>\n#11 0x5589066c8800 <unknown>\n#12 0x5589066d2cfc <unknown>\n#13 0x5589066c9418 <unknown>\n#14 0x55890669642f <unknown>\n#15 0x5589066ed4e8 <unknown>\n#16 0x5589066ed6b4 <unknown>\n#17 0x5589066fe143 <unknown>\n#18 0x7fddec694ac3 <unknown>","statusTrace":"self = <tests.test_workspaces.TestWorkspaces object at 0x7fdf68e58a50>\nsecret_data = {'email': '', 'password': ''}\n\n    @pytest.fixture(autouse=True)\n    def setup_method_fixture(self, secret_data: dict):\n>       login(secret_data, self.about_page, self.login_page)\n\ntests/test_workspaces.py:23: \n_ _ _ _ _ _ _ _ _ _ _ _ _ _ _ _ _ _ _ _ _ _ _ _ _ _ _ _ _ _ _ _ _ _ _ _ _ _ _ _ \ntests/test_workspaces.py:13: in login\n    about_page.click_login_link()\npages/about_page.py:20: in click_login_link\n    self.click(self.LOGIN_LINK)\npages/base_page.py:38: in click\n    el: WebElement = self.wait.until(\n_ _ _ _ _ _ _ _ _ _ _ _ _ _ _ _ _ _ _ _ _ _ _ _ _ _ _ _ _ _ _ _ _ _ _ _ _ _ _ _ \n\nself = <selenium.webdriver.support.wait.WebDriverWait (session=\"e40ba945f1bf0d39e86638c883caa566\")>\nmethod = <function element_to_be_clickable.<locals>._predicate at 0x7fdf68a754e0>\nmessage = ''\n\n    def until(self, method, message: str = \"\"):\n        \"\"\"Calls the method provided with the driver as an argument until the \\\n        return value does not evaluate to ``False``.\n    \n        :param method: callable(WebDriver)\n        :param message: optional message for :exc:`TimeoutException`\n        :returns: the result of the last call to `method`\n        :raises: :exc:`selenium.common.exceptions.TimeoutException` if timeout occurs\n        \"\"\"\n        screen = None\n        stacktrace = None\n    \n        end_time = time.monotonic() + self._timeout\n        while True:\n            try:\n                value = method(self._driver)\n                if value:\n                    return value\n            except self._ignored_exceptions as exc:\n                screen = getattr(exc, \"screen\", None)\n                stacktrace = getattr(exc, \"stacktrace\", None)\n            time.sleep(self._poll)\n            if time.monotonic() > end_time:\n                break\n>       raise TimeoutException(message, screen, stacktrace)\nE       selenium.common.exceptions.TimeoutException: Message: \nE       Stacktrace:\nE       #0 0x5589066fefb3 <unknown>\nE       #1 0x5589063d24a7 <unknown>\nE       #2 0x558906419dd6 <unknown>\nE       #3 0x558906419ec1 <unknown>\nE       #4 0x558906457354 <unknown>\nE       #5 0x55890643b96d <unknown>\nE       #6 0x558906454c02 <unknown>\nE       #7 0x55890643b713 <unknown>\nE       #8 0x55890640e18b <unknown>\nE       #9 0x55890640ef7e <unknown>\nE       #10 0x5589066c48d8 <unknown>\nE       #11 0x5589066c8800 <unknown>\nE       #12 0x5589066d2cfc <unknown>\nE       #13 0x5589066c9418 <unknown>\nE       #14 0x55890669642f <unknown>\nE       #15 0x5589066ed4e8 <unknown>\nE       #16 0x5589066ed6b4 <unknown>\nE       #17 0x5589066fe143 <unknown>\nE       #18 0x7fddec694ac3 <unknown>\n\n.venv/lib/python3.11/site-packages/selenium/webdriver/support/wait.py:95: TimeoutException","steps":[],"attachments":[{"uid":"81177efa1a7e3727","name":"public ip address","source":"81177efa1a7e3727.txt","type":"text/plain","size":12},{"uid":"3f30a7ef534936a0","name":"Cookies","source":"3f30a7ef534936a0.json","type":"application/json","size":2},{"uid":"4aff897b31c20446","name":"Session Storage","source":"4aff897b31c20446.json","type":"application/json","size":2},{"uid":"3d5e9d5480933148","name":"Local Storage","source":"3d5e9d5480933148.json","type":"application/json","size":2},{"uid":"2e0b67432df051a8","name":"Console Logs","source":"2e0b67432df051a8.json","type":"application/json","size":2},{"uid":"ccd07c5d7b7d9e7d","name":"Full Page Screenshot","source":"ccd07c5d7b7d9e7d.png","type":"image/png","size":1496512},{"uid":"29d3772517bb8cf6","name":"URL","source":"29d3772517bb8cf6.uri","type":"text/uri-list","size":25},{"uid":"a5116286f4d62e6c","name":"Network Logs","source":"a5116286f4d62e6c.json","type":"application/json","size":14029}],"parameters":[],"shouldDisplayMessage":true,"stepsCount":0,"attachmentsCount":8,"hasContent":true},"afterStages":[],"labels":[{"name":"severity","value":"normal"},{"name":"story","value":"WorkSpaces Creation and Editing Functionality"},{"name":"epic","value":"Workspaces"},{"name":"tag","value":"run(order=3)"},{"name":"parentSuite","value":"tests"},{"name":"suite","value":"test_workspaces"},{"name":"subSuite","value":"TestWorkspaces"},{"name":"host","value":"fv-az849-88"},{"name":"thread","value":"2275-MainThread"},{"name":"framework","value":"pytest"},{"name":"language","value":"cpython3"},{"name":"package","value":"tests.test_workspaces"},{"name":"resultFormat","value":"allure2"}],"parameters":[],"links":[],"hidden":false,"retry":false,"extra":{"severity":"normal","retries":[],"categories":[{"name":"Test defects","matchedStatuses":[],"flaky":false}],"tags":["run(order=3)"]},"source":"4b0e15e137d6ca05.json","parameterValues":[]}