{"uid":"56626378e6573fba","name":"Cancel a project deletion","fullName":"tests.test_workspaces.TestWorkspaces#test_cancel_project_deletion","historyId":"73e48f11612b8be9a40ce0a427a468f9","time":{"start":1700096794672,"stop":1700096794672,"duration":0},"description":"Cancel project deletion","descriptionHtml":"<p>Cancel project deletion</p>\n","status":"broken","statusMessage":"selenium.common.exceptions.TimeoutException: Message: \nStacktrace:\n#0 0x5559554adfb3 <unknown>\n#1 0x5559551814a7 <unknown>\n#2 0x5559551c8dd6 <unknown>\n#3 0x5559551c8ec1 <unknown>\n#4 0x555955206354 <unknown>\n#5 0x5559551ea96d <unknown>\n#6 0x555955203c02 <unknown>\n#7 0x5559551ea713 <unknown>\n#8 0x5559551bd18b <unknown>\n#9 0x5559551bdf7e <unknown>\n#10 0x5559554738d8 <unknown>\n#11 0x555955477800 <unknown>\n#12 0x555955481cfc <unknown>\n#13 0x555955478418 <unknown>\n#14 0x55595544542f <unknown>\n#15 0x55595549c4e8 <unknown>\n#16 0x55595549c6b4 <unknown>\n#17 0x5559554ad143 <unknown>\n#18 0x7f233ec94ac3 <unknown>","statusTrace":"self = <tests.test_workspaces.TestWorkspaces object at 0x7fdf68edd150>\nsecret_data = {'email': '', 'password': ''}\n\n    @pytest.fixture(autouse=True)\n    def setup_method_fixture(self, secret_data: dict):\n>       login(secret_data, self.about_page, self.login_page)\n\ntests/test_workspaces.py:23: \n_ _ _ _ _ _ _ _ _ _ _ _ _ _ _ _ _ _ _ _ _ _ _ _ _ _ _ _ _ _ _ _ _ _ _ _ _ _ _ _ \ntests/test_workspaces.py:13: in login\n    about_page.click_login_link()\npages/about_page.py:20: in click_login_link\n    self.click(self.LOGIN_LINK)\npages/base_page.py:38: in click\n    el: WebElement = self.wait.until(\n_ _ _ _ _ _ _ _ _ _ _ _ _ _ _ _ _ _ _ _ _ _ _ _ _ _ _ _ _ _ _ _ _ _ _ _ _ _ _ _ \n\nself = <selenium.webdriver.support.wait.WebDriverWait (session=\"1d79b97645e3a17fc8c4d041faec4827\")>\nmethod = <function element_to_be_clickable.<locals>._predicate at 0x7fdf68e12d40>\nmessage = ''\n\n    def until(self, method, message: str = \"\"):\n        \"\"\"Calls the method provided with the driver as an argument until the \\\n        return value does not evaluate to ``False``.\n    \n        :param method: callable(WebDriver)\n        :param message: optional message for :exc:`TimeoutException`\n        :returns: the result of the last call to `method`\n        :raises: :exc:`selenium.common.exceptions.TimeoutException` if timeout occurs\n        \"\"\"\n        screen = None\n        stacktrace = None\n    \n        end_time = time.monotonic() + self._timeout\n        while True:\n            try:\n                value = method(self._driver)\n                if value:\n                    return value\n            except self._ignored_exceptions as exc:\n                screen = getattr(exc, \"screen\", None)\n                stacktrace = getattr(exc, \"stacktrace\", None)\n            time.sleep(self._poll)\n            if time.monotonic() > end_time:\n                break\n>       raise TimeoutException(message, screen, stacktrace)\nE       selenium.common.exceptions.TimeoutException: Message: \nE       Stacktrace:\nE       #0 0x5559554adfb3 <unknown>\nE       #1 0x5559551814a7 <unknown>\nE       #2 0x5559551c8dd6 <unknown>\nE       #3 0x5559551c8ec1 <unknown>\nE       #4 0x555955206354 <unknown>\nE       #5 0x5559551ea96d <unknown>\nE       #6 0x555955203c02 <unknown>\nE       #7 0x5559551ea713 <unknown>\nE       #8 0x5559551bd18b <unknown>\nE       #9 0x5559551bdf7e <unknown>\nE       #10 0x5559554738d8 <unknown>\nE       #11 0x555955477800 <unknown>\nE       #12 0x555955481cfc <unknown>\nE       #13 0x555955478418 <unknown>\nE       #14 0x55595544542f <unknown>\nE       #15 0x55595549c4e8 <unknown>\nE       #16 0x55595549c6b4 <unknown>\nE       #17 0x5559554ad143 <unknown>\nE       #18 0x7f233ec94ac3 <unknown>\n\n.venv/lib/python3.11/site-packages/selenium/webdriver/support/wait.py:95: TimeoutException","flaky":false,"newFailed":false,"newBroken":false,"newPassed":false,"retriesCount":0,"retriesStatusChange":false,"beforeStages":[{"name":"base_url","time":{"start":1700096662202,"stop":1700096662202,"duration":0},"status":"passed","steps":[],"attachments":[],"parameters":[],"shouldDisplayMessage":false,"stepsCount":0,"attachmentsCount":0,"hasContent":false},{"name":"_verify_url","time":{"start":1700096662203,"stop":1700096662203,"duration":0},"status":"passed","steps":[],"attachments":[],"parameters":[],"shouldDisplayMessage":false,"stepsCount":0,"attachmentsCount":0,"hasContent":false},{"name":"json_data","time":{"start":1700096662203,"stop":1700096662204,"duration":1},"status":"passed","steps":[],"attachments":[],"parameters":[],"shouldDisplayMessage":false,"stepsCount":0,"attachmentsCount":0,"hasContent":false},{"name":"secret_data","time":{"start":1700096662203,"stop":1700096662203,"duration":0},"status":"passed","steps":[],"attachments":[],"parameters":[],"shouldDisplayMessage":false,"stepsCount":0,"attachmentsCount":0,"hasContent":false},{"name":"setup_method_fixture","time":{"start":1700096795733,"stop":1700096805994,"duration":10261},"status":"broken","statusMessage":"selenium.common.exceptions.TimeoutException: Message: \nStacktrace:\n#0 0x5559554adfb3 <unknown>\n#1 0x5559551814a7 <unknown>\n#2 0x5559551c8dd6 <unknown>\n#3 0x5559551c8ec1 <unknown>\n#4 0x555955206354 <unknown>\n#5 0x5559551ea96d <unknown>\n#6 0x555955203c02 <unknown>\n#7 0x5559551ea713 <unknown>\n#8 0x5559551bd18b <unknown>\n#9 0x5559551bdf7e <unknown>\n#10 0x5559554738d8 <unknown>\n#11 0x555955477800 <unknown>\n#12 0x555955481cfc <unknown>\n#13 0x555955478418 <unknown>\n#14 0x55595544542f <unknown>\n#15 0x55595549c4e8 <unknown>\n#16 0x55595549c6b4 <unknown>\n#17 0x5559554ad143 <unknown>\n#18 0x7f233ec94ac3 <unknown>\n\n","statusTrace":"  File \"/home/runner/work/kisangateway-test/kisangateway-test/.venv/lib/python3.11/site-packages/pluggy/_callers.py\", line 80, in _multicall\n    res = hook_impl.function(*args)\n          ^^^^^^^^^^^^^^^^^^^^^^^^^\n  File \"/home/runner/work/kisangateway-test/kisangateway-test/.venv/lib/python3.11/site-packages/_pytest/fixtures.py\", line 1123, in pytest_fixture_setup\n    result = call_fixture_func(fixturefunc, request, kwargs)\n             ^^^^^^^^^^^^^^^^^^^^^^^^^^^^^^^^^^^^^^^^^^^^^^^\n  File \"/home/runner/work/kisangateway-test/kisangateway-test/.venv/lib/python3.11/site-packages/_pytest/fixtures.py\", line 902, in call_fixture_func\n    fixture_result = fixturefunc(**kwargs)\n                     ^^^^^^^^^^^^^^^^^^^^^\n  File \"/home/runner/work/kisangateway-test/kisangateway-test/tests/test_workspaces.py\", line 23, in setup_method_fixture\n    login(secret_data, self.about_page, self.login_page)\n  File \"/home/runner/work/kisangateway-test/kisangateway-test/tests/test_workspaces.py\", line 13, in login\n    about_page.click_login_link()\n  File \"/home/runner/work/kisangateway-test/kisangateway-test/.venv/lib/python3.11/site-packages/allure_commons/_allure.py\", line 192, in impl\n    return func(*a, **kw)\n           ^^^^^^^^^^^^^^\n  File \"/home/runner/work/kisangateway-test/kisangateway-test/pages/about_page.py\", line 20, in click_login_link\n    self.click(self.LOGIN_LINK)\n  File \"/home/runner/work/kisangateway-test/kisangateway-test/pages/base_page.py\", line 38, in click\n    el: WebElement = self.wait.until(\n                     ^^^^^^^^^^^^^^^^\n  File \"/home/runner/work/kisangateway-test/kisangateway-test/.venv/lib/python3.11/site-packages/selenium/webdriver/support/wait.py\", line 95, in until\n    raise TimeoutException(message, screen, stacktrace)\n","steps":[{"name":"Click Login link","time":{"start":1700096795734,"stop":1700096805994,"duration":10260},"status":"broken","statusMessage":"selenium.common.exceptions.TimeoutException: Message: \nStacktrace:\n#0 0x5559554adfb3 <unknown>\n#1 0x5559551814a7 <unknown>\n#2 0x5559551c8dd6 <unknown>\n#3 0x5559551c8ec1 <unknown>\n#4 0x555955206354 <unknown>\n#5 0x5559551ea96d <unknown>\n#6 0x555955203c02 <unknown>\n#7 0x5559551ea713 <unknown>\n#8 0x5559551bd18b <unknown>\n#9 0x5559551bdf7e <unknown>\n#10 0x5559554738d8 <unknown>\n#11 0x555955477800 <unknown>\n#12 0x555955481cfc <unknown>\n#13 0x555955478418 <unknown>\n#14 0x55595544542f <unknown>\n#15 0x55595549c4e8 <unknown>\n#16 0x55595549c6b4 <unknown>\n#17 0x5559554ad143 <unknown>\n#18 0x7f233ec94ac3 <unknown>\n\n","statusTrace":"  File \"/home/runner/work/kisangateway-test/kisangateway-test/.venv/lib/python3.11/site-packages/allure_commons/_allure.py\", line 192, in impl\n    return func(*a, **kw)\n           ^^^^^^^^^^^^^^\n  File \"/home/runner/work/kisangateway-test/kisangateway-test/pages/about_page.py\", line 20, in click_login_link\n    self.click(self.LOGIN_LINK)\n  File \"/home/runner/work/kisangateway-test/kisangateway-test/pages/base_page.py\", line 38, in click\n    el: WebElement = self.wait.until(\n                     ^^^^^^^^^^^^^^^^\n  File \"/home/runner/work/kisangateway-test/kisangateway-test/.venv/lib/python3.11/site-packages/selenium/webdriver/support/wait.py\", line 95, in until\n    raise TimeoutException(message, screen, stacktrace)\n","steps":[],"attachments":[],"parameters":[],"shouldDisplayMessage":true,"stepsCount":0,"attachmentsCount":0,"hasContent":true}],"attachments":[],"parameters":[],"shouldDisplayMessage":false,"stepsCount":1,"attachmentsCount":0,"hasContent":true}],"testStage":{"description":"Cancel project deletion","status":"broken","statusMessage":"selenium.common.exceptions.TimeoutException: Message: \nStacktrace:\n#0 0x5559554adfb3 <unknown>\n#1 0x5559551814a7 <unknown>\n#2 0x5559551c8dd6 <unknown>\n#3 0x5559551c8ec1 <unknown>\n#4 0x555955206354 <unknown>\n#5 0x5559551ea96d <unknown>\n#6 0x555955203c02 <unknown>\n#7 0x5559551ea713 <unknown>\n#8 0x5559551bd18b <unknown>\n#9 0x5559551bdf7e <unknown>\n#10 0x5559554738d8 <unknown>\n#11 0x555955477800 <unknown>\n#12 0x555955481cfc <unknown>\n#13 0x555955478418 <unknown>\n#14 0x55595544542f <unknown>\n#15 0x55595549c4e8 <unknown>\n#16 0x55595549c6b4 <unknown>\n#17 0x5559554ad143 <unknown>\n#18 0x7f233ec94ac3 <unknown>","statusTrace":"self = <tests.test_workspaces.TestWorkspaces object at 0x7fdf68edd150>\nsecret_data = {'email': '', 'password': ''}\n\n    @pytest.fixture(autouse=True)\n    def setup_method_fixture(self, secret_data: dict):\n>       login(secret_data, self.about_page, self.login_page)\n\ntests/test_workspaces.py:23: \n_ _ _ _ _ _ _ _ _ _ _ _ _ _ _ _ _ _ _ _ _ _ _ _ _ _ _ _ _ _ _ _ _ _ _ _ _ _ _ _ \ntests/test_workspaces.py:13: in login\n    about_page.click_login_link()\npages/about_page.py:20: in click_login_link\n    self.click(self.LOGIN_LINK)\npages/base_page.py:38: in click\n    el: WebElement = self.wait.until(\n_ _ _ _ _ _ _ _ _ _ _ _ _ _ _ _ _ _ _ _ _ _ _ _ _ _ _ _ _ _ _ _ _ _ _ _ _ _ _ _ \n\nself = <selenium.webdriver.support.wait.WebDriverWait (session=\"1d79b97645e3a17fc8c4d041faec4827\")>\nmethod = <function element_to_be_clickable.<locals>._predicate at 0x7fdf68e12d40>\nmessage = ''\n\n    def until(self, method, message: str = \"\"):\n        \"\"\"Calls the method provided with the driver as an argument until the \\\n        return value does not evaluate to ``False``.\n    \n        :param method: callable(WebDriver)\n        :param message: optional message for :exc:`TimeoutException`\n        :returns: the result of the last call to `method`\n        :raises: :exc:`selenium.common.exceptions.TimeoutException` if timeout occurs\n        \"\"\"\n        screen = None\n        stacktrace = None\n    \n        end_time = time.monotonic() + self._timeout\n        while True:\n            try:\n                value = method(self._driver)\n                if value:\n                    return value\n            except self._ignored_exceptions as exc:\n                screen = getattr(exc, \"screen\", None)\n                stacktrace = getattr(exc, \"stacktrace\", None)\n            time.sleep(self._poll)\n            if time.monotonic() > end_time:\n                break\n>       raise TimeoutException(message, screen, stacktrace)\nE       selenium.common.exceptions.TimeoutException: Message: \nE       Stacktrace:\nE       #0 0x5559554adfb3 <unknown>\nE       #1 0x5559551814a7 <unknown>\nE       #2 0x5559551c8dd6 <unknown>\nE       #3 0x5559551c8ec1 <unknown>\nE       #4 0x555955206354 <unknown>\nE       #5 0x5559551ea96d <unknown>\nE       #6 0x555955203c02 <unknown>\nE       #7 0x5559551ea713 <unknown>\nE       #8 0x5559551bd18b <unknown>\nE       #9 0x5559551bdf7e <unknown>\nE       #10 0x5559554738d8 <unknown>\nE       #11 0x555955477800 <unknown>\nE       #12 0x555955481cfc <unknown>\nE       #13 0x555955478418 <unknown>\nE       #14 0x55595544542f <unknown>\nE       #15 0x55595549c4e8 <unknown>\nE       #16 0x55595549c6b4 <unknown>\nE       #17 0x5559554ad143 <unknown>\nE       #18 0x7f233ec94ac3 <unknown>\n\n.venv/lib/python3.11/site-packages/selenium/webdriver/support/wait.py:95: TimeoutException","steps":[],"attachments":[{"uid":"4c3341c67719a3f","name":"public ip address","source":"4c3341c67719a3f.txt","type":"text/plain","size":12},{"uid":"fc484ec6f9007148","name":"Cookies","source":"fc484ec6f9007148.json","type":"application/json","size":2},{"uid":"d22ea393fc490fa9","name":"Session Storage","source":"d22ea393fc490fa9.json","type":"application/json","size":2},{"uid":"d81c5322d8d4e36","name":"Local Storage","source":"d81c5322d8d4e36.json","type":"application/json","size":2},{"uid":"eef860644e98d1f9","name":"Console Logs","source":"eef860644e98d1f9.json","type":"application/json","size":2},{"uid":"8d8872ed1ee27b0c","name":"Full Page Screenshot","source":"8d8872ed1ee27b0c.png","type":"image/png","size":1496512},{"uid":"8630bcbf96d213ab","name":"URL","source":"8630bcbf96d213ab.uri","type":"text/uri-list","size":25},{"uid":"c4f7d0e1fbe44c98","name":"Network Logs","source":"c4f7d0e1fbe44c98.json","type":"application/json","size":13976}],"parameters":[],"shouldDisplayMessage":true,"stepsCount":0,"attachmentsCount":8,"hasContent":true},"afterStages":[],"labels":[{"name":"severity","value":"normal"},{"name":"story","value":"WorkSpaces Creation and Editing Functionality"},{"name":"epic","value":"Workspaces"},{"name":"tag","value":"run(order=8)"},{"name":"parentSuite","value":"tests"},{"name":"suite","value":"test_workspaces"},{"name":"subSuite","value":"TestWorkspaces"},{"name":"host","value":"fv-az849-88"},{"name":"thread","value":"2275-MainThread"},{"name":"framework","value":"pytest"},{"name":"language","value":"cpython3"},{"name":"package","value":"tests.test_workspaces"},{"name":"resultFormat","value":"allure2"}],"parameters":[],"links":[],"hidden":false,"retry":false,"extra":{"severity":"normal","retries":[],"categories":[{"name":"Test defects","matchedStatuses":[],"flaky":false}],"tags":["run(order=8)"]},"source":"56626378e6573fba.json","parameterValues":[]}