{"uid":"d5997e1050b4875a","name":"Login with valid credentials test","fullName":"tests.test_login.TestLogin#test_valid_login","historyId":"e7f254b9bfd5f2bc8d4a1ffa6dc7aebb","time":{"start":1696035535489,"stop":1696035545724,"duration":10235},"description":"valid login","descriptionHtml":"<p>valid login</p>\n","status":"broken","statusMessage":"selenium.common.exceptions.TimeoutException: Message: \nStacktrace:\n#0 0x5556b50ac6b3 <unknown>\n#1 0x5556b4d821e7 <unknown>\n#2 0x5556b4dc9566 <unknown>\n#3 0x5556b4dc9651 <unknown>\n#4 0x5556b4e06a74 <unknown>\n#5 0x5556b4deb0ed <unknown>\n#6 0x5556b4e04322 <unknown>\n#7 0x5556b4deae93 <unknown>\n#8 0x5556b4dbd934 <unknown>\n#9 0x5556b4dbe71e <unknown>\n#10 0x5556b5071cb8 <unknown>\n#11 0x5556b5075bf0 <unknown>\n#12 0x5556b508019c <unknown>\n#13 0x5556b5076808 <unknown>\n#14 0x5556b504327f <unknown>\n#15 0x5556b509ae88 <unknown>\n#16 0x5556b509b059 <unknown>\n#17 0x5556b50ab843 <unknown>\n#18 0x7f1da7c94b43 <unknown>","statusTrace":"self = <tests.test_login.TestLogin object at 0x7f4401d90110>\nsecret_data = {'email': '', 'password': ''}\njson_data = {'forgot_password': {'error_message': \"We can't find a user with that e-mail address.\", 'success_message': 'A reset li...you page', 'name': 'test', 'new_name': 'another test', 'no_project_found_msg': 'No project matches the criteria', ...}}\n\n    @allure.description(\"valid login\")\n    @allure.title(\"Login with valid credentials test\")\n    @allure.tag(\"Tagged test\")\n    @pytest.mark.run(order=1)\n    def test_valid_login(self, secret_data: dict, json_data: dict):\n>       self.about_page.click_login_link()\n\ntests/test_login.py:39: \n_ _ _ _ _ _ _ _ _ _ _ _ _ _ _ _ _ _ _ _ _ _ _ _ _ _ _ _ _ _ _ _ _ _ _ _ _ _ _ _ \npages/about_page.py:20: in click_login_link\n    self.click(self.LOGIN_LINK)\npages/base_page.py:38: in click\n    el: WebElement = self.wait.until(\n_ _ _ _ _ _ _ _ _ _ _ _ _ _ _ _ _ _ _ _ _ _ _ _ _ _ _ _ _ _ _ _ _ _ _ _ _ _ _ _ \n\nself = <selenium.webdriver.support.wait.WebDriverWait (session=\"46006a253099733a660b69ce5ad9a597\")>\nmethod = <function element_to_be_clickable.<locals>._predicate at 0x7f4401db9300>\nmessage = ''\n\n    def until(self, method, message: str = \"\"):\n        \"\"\"Calls the method provided with the driver as an argument until the \\\n        return value does not evaluate to ``False``.\n    \n        :param method: callable(WebDriver)\n        :param message: optional message for :exc:`TimeoutException`\n        :returns: the result of the last call to `method`\n        :raises: :exc:`selenium.common.exceptions.TimeoutException` if timeout occurs\n        \"\"\"\n        screen = None\n        stacktrace = None\n    \n        end_time = time.monotonic() + self._timeout\n        while True:\n            try:\n                value = method(self._driver)\n                if value:\n                    return value\n            except self._ignored_exceptions as exc:\n                screen = getattr(exc, \"screen\", None)\n                stacktrace = getattr(exc, \"stacktrace\", None)\n            time.sleep(self._poll)\n            if time.monotonic() > end_time:\n                break\n>       raise TimeoutException(message, screen, stacktrace)\nE       selenium.common.exceptions.TimeoutException: Message: \nE       Stacktrace:\nE       #0 0x5556b50ac6b3 <unknown>\nE       #1 0x5556b4d821e7 <unknown>\nE       #2 0x5556b4dc9566 <unknown>\nE       #3 0x5556b4dc9651 <unknown>\nE       #4 0x5556b4e06a74 <unknown>\nE       #5 0x5556b4deb0ed <unknown>\nE       #6 0x5556b4e04322 <unknown>\nE       #7 0x5556b4deae93 <unknown>\nE       #8 0x5556b4dbd934 <unknown>\nE       #9 0x5556b4dbe71e <unknown>\nE       #10 0x5556b5071cb8 <unknown>\nE       #11 0x5556b5075bf0 <unknown>\nE       #12 0x5556b508019c <unknown>\nE       #13 0x5556b5076808 <unknown>\nE       #14 0x5556b504327f <unknown>\nE       #15 0x5556b509ae88 <unknown>\nE       #16 0x5556b509b059 <unknown>\nE       #17 0x5556b50ab843 <unknown>\nE       #18 0x7f1da7c94b43 <unknown>\n\n.venv/lib/python3.11/site-packages/selenium/webdriver/support/wait.py:95: TimeoutException","flaky":false,"newFailed":false,"newBroken":false,"newPassed":false,"retriesCount":0,"retriesStatusChange":false,"beforeStages":[{"name":"base_url","time":{"start":1696035535488,"stop":1696035535488,"duration":0},"status":"passed","steps":[],"attachments":[],"parameters":[],"shouldDisplayMessage":false,"stepsCount":0,"attachmentsCount":0,"hasContent":false},{"name":"_verify_url","time":{"start":1696035535488,"stop":1696035535488,"duration":0},"status":"passed","steps":[],"attachments":[],"parameters":[],"shouldDisplayMessage":false,"stepsCount":0,"attachmentsCount":0,"hasContent":false},{"name":"secret_data","time":{"start":1696035535488,"stop":1696035535488,"duration":0},"status":"passed","steps":[],"attachments":[],"parameters":[],"shouldDisplayMessage":false,"stepsCount":0,"attachmentsCount":0,"hasContent":false},{"name":"json_data","time":{"start":1696035535489,"stop":1696035535489,"duration":0},"status":"passed","steps":[],"attachments":[],"parameters":[],"shouldDisplayMessage":false,"stepsCount":0,"attachmentsCount":0,"hasContent":false}],"testStage":{"description":"valid login","status":"broken","statusMessage":"selenium.common.exceptions.TimeoutException: Message: \nStacktrace:\n#0 0x5556b50ac6b3 <unknown>\n#1 0x5556b4d821e7 <unknown>\n#2 0x5556b4dc9566 <unknown>\n#3 0x5556b4dc9651 <unknown>\n#4 0x5556b4e06a74 <unknown>\n#5 0x5556b4deb0ed <unknown>\n#6 0x5556b4e04322 <unknown>\n#7 0x5556b4deae93 <unknown>\n#8 0x5556b4dbd934 <unknown>\n#9 0x5556b4dbe71e <unknown>\n#10 0x5556b5071cb8 <unknown>\n#11 0x5556b5075bf0 <unknown>\n#12 0x5556b508019c <unknown>\n#13 0x5556b5076808 <unknown>\n#14 0x5556b504327f <unknown>\n#15 0x5556b509ae88 <unknown>\n#16 0x5556b509b059 <unknown>\n#17 0x5556b50ab843 <unknown>\n#18 0x7f1da7c94b43 <unknown>","statusTrace":"self = <tests.test_login.TestLogin object at 0x7f4401d90110>\nsecret_data = {'email': '', 'password': ''}\njson_data = {'forgot_password': {'error_message': \"We can't find a user with that e-mail address.\", 'success_message': 'A reset li...you page', 'name': 'test', 'new_name': 'another test', 'no_project_found_msg': 'No project matches the criteria', ...}}\n\n    @allure.description(\"valid login\")\n    @allure.title(\"Login with valid credentials test\")\n    @allure.tag(\"Tagged test\")\n    @pytest.mark.run(order=1)\n    def test_valid_login(self, secret_data: dict, json_data: dict):\n>       self.about_page.click_login_link()\n\ntests/test_login.py:39: \n_ _ _ _ _ _ _ _ _ _ _ _ _ _ _ _ _ _ _ _ _ _ _ _ _ _ _ _ _ _ _ _ _ _ _ _ _ _ _ _ \npages/about_page.py:20: in click_login_link\n    self.click(self.LOGIN_LINK)\npages/base_page.py:38: in click\n    el: WebElement = self.wait.until(\n_ _ _ _ _ _ _ _ _ _ _ _ _ _ _ _ _ _ _ _ _ _ _ _ _ _ _ _ _ _ _ _ _ _ _ _ _ _ _ _ \n\nself = <selenium.webdriver.support.wait.WebDriverWait (session=\"46006a253099733a660b69ce5ad9a597\")>\nmethod = <function element_to_be_clickable.<locals>._predicate at 0x7f4401db9300>\nmessage = ''\n\n    def until(self, method, message: str = \"\"):\n        \"\"\"Calls the method provided with the driver as an argument until the \\\n        return value does not evaluate to ``False``.\n    \n        :param method: callable(WebDriver)\n        :param message: optional message for :exc:`TimeoutException`\n        :returns: the result of the last call to `method`\n        :raises: :exc:`selenium.common.exceptions.TimeoutException` if timeout occurs\n        \"\"\"\n        screen = None\n        stacktrace = None\n    \n        end_time = time.monotonic() + self._timeout\n        while True:\n            try:\n                value = method(self._driver)\n                if value:\n                    return value\n            except self._ignored_exceptions as exc:\n                screen = getattr(exc, \"screen\", None)\n                stacktrace = getattr(exc, \"stacktrace\", None)\n            time.sleep(self._poll)\n            if time.monotonic() > end_time:\n                break\n>       raise TimeoutException(message, screen, stacktrace)\nE       selenium.common.exceptions.TimeoutException: Message: \nE       Stacktrace:\nE       #0 0x5556b50ac6b3 <unknown>\nE       #1 0x5556b4d821e7 <unknown>\nE       #2 0x5556b4dc9566 <unknown>\nE       #3 0x5556b4dc9651 <unknown>\nE       #4 0x5556b4e06a74 <unknown>\nE       #5 0x5556b4deb0ed <unknown>\nE       #6 0x5556b4e04322 <unknown>\nE       #7 0x5556b4deae93 <unknown>\nE       #8 0x5556b4dbd934 <unknown>\nE       #9 0x5556b4dbe71e <unknown>\nE       #10 0x5556b5071cb8 <unknown>\nE       #11 0x5556b5075bf0 <unknown>\nE       #12 0x5556b508019c <unknown>\nE       #13 0x5556b5076808 <unknown>\nE       #14 0x5556b504327f <unknown>\nE       #15 0x5556b509ae88 <unknown>\nE       #16 0x5556b509b059 <unknown>\nE       #17 0x5556b50ab843 <unknown>\nE       #18 0x7f1da7c94b43 <unknown>\n\n.venv/lib/python3.11/site-packages/selenium/webdriver/support/wait.py:95: TimeoutException","steps":[{"name":"Click Login link","time":{"start":1696035535489,"stop":1696035545723,"duration":10234},"status":"broken","statusMessage":"selenium.common.exceptions.TimeoutException: Message: \nStacktrace:\n#0 0x5556b50ac6b3 <unknown>\n#1 0x5556b4d821e7 <unknown>\n#2 0x5556b4dc9566 <unknown>\n#3 0x5556b4dc9651 <unknown>\n#4 0x5556b4e06a74 <unknown>\n#5 0x5556b4deb0ed <unknown>\n#6 0x5556b4e04322 <unknown>\n#7 0x5556b4deae93 <unknown>\n#8 0x5556b4dbd934 <unknown>\n#9 0x5556b4dbe71e <unknown>\n#10 0x5556b5071cb8 <unknown>\n#11 0x5556b5075bf0 <unknown>\n#12 0x5556b508019c <unknown>\n#13 0x5556b5076808 <unknown>\n#14 0x5556b504327f <unknown>\n#15 0x5556b509ae88 <unknown>\n#16 0x5556b509b059 <unknown>\n#17 0x5556b50ab843 <unknown>\n#18 0x7f1da7c94b43 <unknown>\n\n","statusTrace":"  File \"/home/runner/work/kisangateway-test/kisangateway-test/.venv/lib/python3.11/site-packages/allure_commons/_allure.py\", line 192, in impl\n    return func(*a, **kw)\n           ^^^^^^^^^^^^^^\n  File \"/home/runner/work/kisangateway-test/kisangateway-test/pages/about_page.py\", line 20, in click_login_link\n    self.click(self.LOGIN_LINK)\n  File \"/home/runner/work/kisangateway-test/kisangateway-test/pages/base_page.py\", line 38, in click\n    el: WebElement = self.wait.until(\n                     ^^^^^^^^^^^^^^^^\n  File \"/home/runner/work/kisangateway-test/kisangateway-test/.venv/lib/python3.11/site-packages/selenium/webdriver/support/wait.py\", line 95, in until\n    raise TimeoutException(message, screen, stacktrace)\n","steps":[],"attachments":[],"parameters":[],"shouldDisplayMessage":true,"stepsCount":0,"attachmentsCount":0,"hasContent":true}],"attachments":[{"uid":"57cfa3212804176f","name":"public ip address","source":"57cfa3212804176f.txt","type":"text/plain","size":10},{"uid":"232b9985285b2a38","name":"Cookies","source":"232b9985285b2a38.json","type":"application/json","size":2},{"uid":"f74673c7a162b07a","name":"Session Storage","source":"f74673c7a162b07a.json","type":"application/json","size":2},{"uid":"4bb4a78465f0eaac","name":"Local Storage","source":"4bb4a78465f0eaac.json","type":"application/json","size":2},{"uid":"d2987e7d742173bf","name":"Console Logs","source":"d2987e7d742173bf.json","type":"application/json","size":2},{"uid":"61e352d6f38e8071","name":"Full Page Screenshot","source":"61e352d6f38e8071.png","type":"image/png","size":1543603},{"uid":"f02db63cd91b2eba","name":"URL","source":"f02db63cd91b2eba.uri","type":"text/uri-list","size":25},{"uid":"d34dd1663ed6280f","name":"Network Logs","source":"d34dd1663ed6280f.json","type":"application/json","size":2}],"parameters":[],"shouldDisplayMessage":true,"stepsCount":1,"attachmentsCount":8,"hasContent":true},"afterStages":[],"labels":[{"name":"epic","value":"Security"},{"name":"severity","value":"blocker"},{"name":"feature","value":"Login"},{"name":"tag","value":"Tagged test"},{"name":"tag","value":"run(order=1)"},{"name":"tag","value":"security"},{"name":"parentSuite","value":"tests"},{"name":"suite","value":"test_login"},{"name":"subSuite","value":"TestLogin"},{"name":"host","value":"fv-az445-150"},{"name":"thread","value":"2102-MainThread"},{"name":"framework","value":"pytest"},{"name":"language","value":"cpython3"},{"name":"package","value":"tests.test_login"},{"name":"resultFormat","value":"allure2"}],"parameters":[],"links":[],"hidden":false,"retry":false,"extra":{"severity":"blocker","retries":[],"categories":[{"name":"Test defects","matchedStatuses":[],"flaky":false}],"tags":["security","Tagged test","run(order=1)"]},"source":"d5997e1050b4875a.json","parameterValues":[]}