{"uid":"56ea5860482e9b14","name":"Forgot Password with valid email test","fullName":"tests.test_forgot_password.TestForgotPassword#test_valid_email","historyId":"7ff7e178fd4f5b4b8deb31c8fc69c6a9","time":{"start":1697936879423,"stop":1697936889768,"duration":10345},"description":"Forgot password with a valid email address","descriptionHtml":"<p>Forgot password with a valid email address</p>\n","status":"broken","statusMessage":"selenium.common.exceptions.TimeoutException: Message: \nStacktrace:\n#0 0x55b83dc97fb3 <unknown>\n#1 0x55b83d96b4a7 <unknown>\n#2 0x55b83d9b2dd6 <unknown>\n#3 0x55b83d9b2ec1 <unknown>\n#4 0x55b83d9f0354 <unknown>\n#5 0x55b83d9d496d <unknown>\n#6 0x55b83d9edc02 <unknown>\n#7 0x55b83d9d4713 <unknown>\n#8 0x55b83d9a718b <unknown>\n#9 0x55b83d9a7f7e <unknown>\n#10 0x55b83dc5d8d8 <unknown>\n#11 0x55b83dc61800 <unknown>\n#12 0x55b83dc6bcfc <unknown>\n#13 0x55b83dc62418 <unknown>\n#14 0x55b83dc2f42f <unknown>\n#15 0x55b83dc864e8 <unknown>\n#16 0x55b83dc866b4 <unknown>\n#17 0x55b83dc97143 <unknown>\n#18 0x7ffba4294ac3 <unknown>","statusTrace":"self = <tests.test_forgot_password.TestForgotPassword object at 0x7f13ec1791d0>\njson_data = {'forgot_password': {'error_message': \"We can't find a user with that e-mail address.\", 'success_message': 'A reset li...you page', 'name': 'test', 'new_name': 'another test', 'no_project_found_msg': 'No project matches the criteria', ...}}\nsecret_data = {'email': '', 'password': ''}\n\n    @allure.description(\"Forgot password with a valid email address\")\n    @allure.title(\"Forgot Password with valid email test\")\n    def test_valid_email(self, json_data: dict, secret_data: dict):\n>       self.about_page.click_login_link()\n\ntests/test_forgot_password.py:19: \n_ _ _ _ _ _ _ _ _ _ _ _ _ _ _ _ _ _ _ _ _ _ _ _ _ _ _ _ _ _ _ _ _ _ _ _ _ _ _ _ \npages/about_page.py:20: in click_login_link\n    self.click(self.LOGIN_LINK)\npages/base_page.py:38: in click\n    el: WebElement = self.wait.until(\n_ _ _ _ _ _ _ _ _ _ _ _ _ _ _ _ _ _ _ _ _ _ _ _ _ _ _ _ _ _ _ _ _ _ _ _ _ _ _ _ \n\nself = <selenium.webdriver.support.wait.WebDriverWait (session=\"4869c11fd8856e752721fd597e71a248\")>\nmethod = <function element_to_be_clickable.<locals>._predicate at 0x7f13ebefb1a0>\nmessage = ''\n\n    def until(self, method, message: str = \"\"):\n        \"\"\"Calls the method provided with the driver as an argument until the \\\n        return value does not evaluate to ``False``.\n    \n        :param method: callable(WebDriver)\n        :param message: optional message for :exc:`TimeoutException`\n        :returns: the result of the last call to `method`\n        :raises: :exc:`selenium.common.exceptions.TimeoutException` if timeout occurs\n        \"\"\"\n        screen = None\n        stacktrace = None\n    \n        end_time = time.monotonic() + self._timeout\n        while True:\n            try:\n                value = method(self._driver)\n                if value:\n                    return value\n            except self._ignored_exceptions as exc:\n                screen = getattr(exc, \"screen\", None)\n                stacktrace = getattr(exc, \"stacktrace\", None)\n            time.sleep(self._poll)\n            if time.monotonic() > end_time:\n                break\n>       raise TimeoutException(message, screen, stacktrace)\nE       selenium.common.exceptions.TimeoutException: Message: \nE       Stacktrace:\nE       #0 0x55b83dc97fb3 <unknown>\nE       #1 0x55b83d96b4a7 <unknown>\nE       #2 0x55b83d9b2dd6 <unknown>\nE       #3 0x55b83d9b2ec1 <unknown>\nE       #4 0x55b83d9f0354 <unknown>\nE       #5 0x55b83d9d496d <unknown>\nE       #6 0x55b83d9edc02 <unknown>\nE       #7 0x55b83d9d4713 <unknown>\nE       #8 0x55b83d9a718b <unknown>\nE       #9 0x55b83d9a7f7e <unknown>\nE       #10 0x55b83dc5d8d8 <unknown>\nE       #11 0x55b83dc61800 <unknown>\nE       #12 0x55b83dc6bcfc <unknown>\nE       #13 0x55b83dc62418 <unknown>\nE       #14 0x55b83dc2f42f <unknown>\nE       #15 0x55b83dc864e8 <unknown>\nE       #16 0x55b83dc866b4 <unknown>\nE       #17 0x55b83dc97143 <unknown>\nE       #18 0x7ffba4294ac3 <unknown>\n\n.venv/lib/python3.11/site-packages/selenium/webdriver/support/wait.py:95: TimeoutException","flaky":false,"newFailed":false,"newBroken":false,"newPassed":false,"retriesCount":0,"retriesStatusChange":false,"beforeStages":[{"name":"_verify_url","time":{"start":1697936705515,"stop":1697936705516,"duration":1},"status":"passed","steps":[],"attachments":[],"parameters":[],"shouldDisplayMessage":false,"stepsCount":0,"attachmentsCount":0,"hasContent":false},{"name":"base_url","time":{"start":1697936705515,"stop":1697936705515,"duration":0},"status":"passed","steps":[],"attachments":[],"parameters":[],"shouldDisplayMessage":false,"stepsCount":0,"attachmentsCount":0,"hasContent":false},{"name":"secret_data","time":{"start":1697936705517,"stop":1697936705517,"duration":0},"status":"passed","steps":[],"attachments":[],"parameters":[],"shouldDisplayMessage":false,"stepsCount":0,"attachmentsCount":0,"hasContent":false},{"name":"json_data","time":{"start":1697936705517,"stop":1697936705517,"duration":0},"status":"passed","steps":[],"attachments":[],"parameters":[],"shouldDisplayMessage":false,"stepsCount":0,"attachmentsCount":0,"hasContent":false}],"testStage":{"description":"Forgot password with a valid email address","status":"broken","statusMessage":"selenium.common.exceptions.TimeoutException: Message: \nStacktrace:\n#0 0x55b83dc97fb3 <unknown>\n#1 0x55b83d96b4a7 <unknown>\n#2 0x55b83d9b2dd6 <unknown>\n#3 0x55b83d9b2ec1 <unknown>\n#4 0x55b83d9f0354 <unknown>\n#5 0x55b83d9d496d <unknown>\n#6 0x55b83d9edc02 <unknown>\n#7 0x55b83d9d4713 <unknown>\n#8 0x55b83d9a718b <unknown>\n#9 0x55b83d9a7f7e <unknown>\n#10 0x55b83dc5d8d8 <unknown>\n#11 0x55b83dc61800 <unknown>\n#12 0x55b83dc6bcfc <unknown>\n#13 0x55b83dc62418 <unknown>\n#14 0x55b83dc2f42f <unknown>\n#15 0x55b83dc864e8 <unknown>\n#16 0x55b83dc866b4 <unknown>\n#17 0x55b83dc97143 <unknown>\n#18 0x7ffba4294ac3 <unknown>","statusTrace":"self = <tests.test_forgot_password.TestForgotPassword object at 0x7f13ec1791d0>\njson_data = {'forgot_password': {'error_message': \"We can't find a user with that e-mail address.\", 'success_message': 'A reset li...you page', 'name': 'test', 'new_name': 'another test', 'no_project_found_msg': 'No project matches the criteria', ...}}\nsecret_data = {'email': '', 'password': ''}\n\n    @allure.description(\"Forgot password with a valid email address\")\n    @allure.title(\"Forgot Password with valid email test\")\n    def test_valid_email(self, json_data: dict, secret_data: dict):\n>       self.about_page.click_login_link()\n\ntests/test_forgot_password.py:19: \n_ _ _ _ _ _ _ _ _ _ _ _ _ _ _ _ _ _ _ _ _ _ _ _ _ _ _ _ _ _ _ _ _ _ _ _ _ _ _ _ \npages/about_page.py:20: in click_login_link\n    self.click(self.LOGIN_LINK)\npages/base_page.py:38: in click\n    el: WebElement = self.wait.until(\n_ _ _ _ _ _ _ _ _ _ _ _ _ _ _ _ _ _ _ _ _ _ _ _ _ _ _ _ _ _ _ _ _ _ _ _ _ _ _ _ \n\nself = <selenium.webdriver.support.wait.WebDriverWait (session=\"4869c11fd8856e752721fd597e71a248\")>\nmethod = <function element_to_be_clickable.<locals>._predicate at 0x7f13ebefb1a0>\nmessage = ''\n\n    def until(self, method, message: str = \"\"):\n        \"\"\"Calls the method provided with the driver as an argument until the \\\n        return value does not evaluate to ``False``.\n    \n        :param method: callable(WebDriver)\n        :param message: optional message for :exc:`TimeoutException`\n        :returns: the result of the last call to `method`\n        :raises: :exc:`selenium.common.exceptions.TimeoutException` if timeout occurs\n        \"\"\"\n        screen = None\n        stacktrace = None\n    \n        end_time = time.monotonic() + self._timeout\n        while True:\n            try:\n                value = method(self._driver)\n                if value:\n                    return value\n            except self._ignored_exceptions as exc:\n                screen = getattr(exc, \"screen\", None)\n                stacktrace = getattr(exc, \"stacktrace\", None)\n            time.sleep(self._poll)\n            if time.monotonic() > end_time:\n                break\n>       raise TimeoutException(message, screen, stacktrace)\nE       selenium.common.exceptions.TimeoutException: Message: \nE       Stacktrace:\nE       #0 0x55b83dc97fb3 <unknown>\nE       #1 0x55b83d96b4a7 <unknown>\nE       #2 0x55b83d9b2dd6 <unknown>\nE       #3 0x55b83d9b2ec1 <unknown>\nE       #4 0x55b83d9f0354 <unknown>\nE       #5 0x55b83d9d496d <unknown>\nE       #6 0x55b83d9edc02 <unknown>\nE       #7 0x55b83d9d4713 <unknown>\nE       #8 0x55b83d9a718b <unknown>\nE       #9 0x55b83d9a7f7e <unknown>\nE       #10 0x55b83dc5d8d8 <unknown>\nE       #11 0x55b83dc61800 <unknown>\nE       #12 0x55b83dc6bcfc <unknown>\nE       #13 0x55b83dc62418 <unknown>\nE       #14 0x55b83dc2f42f <unknown>\nE       #15 0x55b83dc864e8 <unknown>\nE       #16 0x55b83dc866b4 <unknown>\nE       #17 0x55b83dc97143 <unknown>\nE       #18 0x7ffba4294ac3 <unknown>\n\n.venv/lib/python3.11/site-packages/selenium/webdriver/support/wait.py:95: TimeoutException","steps":[{"name":"Click Login link","time":{"start":1697936879423,"stop":1697936889767,"duration":10344},"status":"broken","statusMessage":"selenium.common.exceptions.TimeoutException: Message: \nStacktrace:\n#0 0x55b83dc97fb3 <unknown>\n#1 0x55b83d96b4a7 <unknown>\n#2 0x55b83d9b2dd6 <unknown>\n#3 0x55b83d9b2ec1 <unknown>\n#4 0x55b83d9f0354 <unknown>\n#5 0x55b83d9d496d <unknown>\n#6 0x55b83d9edc02 <unknown>\n#7 0x55b83d9d4713 <unknown>\n#8 0x55b83d9a718b <unknown>\n#9 0x55b83d9a7f7e <unknown>\n#10 0x55b83dc5d8d8 <unknown>\n#11 0x55b83dc61800 <unknown>\n#12 0x55b83dc6bcfc <unknown>\n#13 0x55b83dc62418 <unknown>\n#14 0x55b83dc2f42f <unknown>\n#15 0x55b83dc864e8 <unknown>\n#16 0x55b83dc866b4 <unknown>\n#17 0x55b83dc97143 <unknown>\n#18 0x7ffba4294ac3 <unknown>\n\n","statusTrace":"  File \"/home/runner/work/kisangateway-test/kisangateway-test/.venv/lib/python3.11/site-packages/allure_commons/_allure.py\", line 192, in impl\n    return func(*a, **kw)\n           ^^^^^^^^^^^^^^\n  File \"/home/runner/work/kisangateway-test/kisangateway-test/pages/about_page.py\", line 20, in click_login_link\n    self.click(self.LOGIN_LINK)\n  File \"/home/runner/work/kisangateway-test/kisangateway-test/pages/base_page.py\", line 38, in click\n    el: WebElement = self.wait.until(\n                     ^^^^^^^^^^^^^^^^\n  File \"/home/runner/work/kisangateway-test/kisangateway-test/.venv/lib/python3.11/site-packages/selenium/webdriver/support/wait.py\", line 95, in until\n    raise TimeoutException(message, screen, stacktrace)\n","steps":[],"attachments":[],"parameters":[],"shouldDisplayMessage":true,"stepsCount":0,"attachmentsCount":0,"hasContent":true}],"attachments":[{"uid":"205b376b78da042","name":"public ip address","source":"205b376b78da042.txt","type":"text/plain","size":14},{"uid":"b577ec0e7a94ac22","name":"Cookies","source":"b577ec0e7a94ac22.json","type":"application/json","size":2},{"uid":"5a04cae74c831a5e","name":"Session Storage","source":"5a04cae74c831a5e.json","type":"application/json","size":2},{"uid":"19b8e439cbf723a5","name":"Local Storage","source":"19b8e439cbf723a5.json","type":"application/json","size":2},{"uid":"d798fdf99fc67691","name":"Console Logs","source":"d798fdf99fc67691.json","type":"application/json","size":2},{"uid":"51817866cf55ebff","name":"Full Page Screenshot","source":"51817866cf55ebff.png","type":"image/png","size":1496512},{"uid":"5c2f13b19b364dde","name":"URL","source":"5c2f13b19b364dde.uri","type":"text/uri-list","size":25},{"uid":"628659a75d8663d5","name":"Network Logs","source":"628659a75d8663d5.json","type":"application/json","size":13950}],"parameters":[],"shouldDisplayMessage":true,"stepsCount":1,"attachmentsCount":8,"hasContent":true},"afterStages":[],"labels":[{"name":"parentSuite","value":"Custom parent suite"},{"name":"subSuite","value":"Custom sub suite"},{"name":"suite","value":"Custom suite"},{"name":"severity","value":"critical"},{"name":"story","value":"Forgot Password Feature's Functionality"},{"name":"epic","value":"Security"},{"name":"tag","value":"security"},{"name":"host","value":"fv-az251-183"},{"name":"thread","value":"2186-MainThread"},{"name":"framework","value":"pytest"},{"name":"language","value":"cpython3"},{"name":"package","value":"tests.test_forgot_password"},{"name":"resultFormat","value":"allure2"}],"parameters":[],"links":[],"hidden":false,"retry":false,"extra":{"severity":"critical","retries":[],"categories":[{"name":"Test defects","matchedStatuses":[],"flaky":false}],"tags":["security"]},"source":"56ea5860482e9b14.json","parameterValues":[]}