{"uid":"804a35d50b94d378","name":"Forgot Password with invalid email test","fullName":"tests.test_forgot_password.TestForgotPassword#test_invalid_email","historyId":"3743e16c5d15da2a1434ee4e2dd39a43","time":{"start":1697936892650,"stop":1697936902726,"duration":10076},"description":"Forgot Password with invalid email address","descriptionHtml":"<p>Forgot Password with invalid email address</p>\n","status":"broken","statusMessage":"selenium.common.exceptions.TimeoutException: Message: \nStacktrace:\n#0 0x5577b6257fb3 <unknown>\n#1 0x5577b5f2b4a7 <unknown>\n#2 0x5577b5f72dd6 <unknown>\n#3 0x5577b5f72ec1 <unknown>\n#4 0x5577b5fb0354 <unknown>\n#5 0x5577b5f9496d <unknown>\n#6 0x5577b5fadc02 <unknown>\n#7 0x5577b5f94713 <unknown>\n#8 0x5577b5f6718b <unknown>\n#9 0x5577b5f67f7e <unknown>\n#10 0x5577b621d8d8 <unknown>\n#11 0x5577b6221800 <unknown>\n#12 0x5577b622bcfc <unknown>\n#13 0x5577b6222418 <unknown>\n#14 0x5577b61ef42f <unknown>\n#15 0x5577b62464e8 <unknown>\n#16 0x5577b62466b4 <unknown>\n#17 0x5577b6257143 <unknown>\n#18 0x7f2ed0c94ac3 <unknown>","statusTrace":"self = <tests.test_forgot_password.TestForgotPassword object at 0x7f13ec5f6d90>\nexcel_reader = <utils.excel_parser.ExcelParser object at 0x7f13ebf68b10>\njson_data = {'forgot_password': {'error_message': \"We can't find a user with that e-mail address.\", 'success_message': 'A reset li...you page', 'name': 'test', 'new_name': 'another test', 'no_project_found_msg': 'No project matches the criteria', ...}}\n\n    @allure.description(\"Forgot Password with invalid email address\")\n    @allure.title(\"Forgot Password with invalid email test\")\n    def test_invalid_email(self, excel_reader, json_data: dict):\n        emails = excel_reader.read_from_excel(\"Emails\")\n>       self.about_page.click_login_link()\n\ntests/test_forgot_password.py:31: \n_ _ _ _ _ _ _ _ _ _ _ _ _ _ _ _ _ _ _ _ _ _ _ _ _ _ _ _ _ _ _ _ _ _ _ _ _ _ _ _ \npages/about_page.py:20: in click_login_link\n    self.click(self.LOGIN_LINK)\npages/base_page.py:38: in click\n    el: WebElement = self.wait.until(\n_ _ _ _ _ _ _ _ _ _ _ _ _ _ _ _ _ _ _ _ _ _ _ _ _ _ _ _ _ _ _ _ _ _ _ _ _ _ _ _ \n\nself = <selenium.webdriver.support.wait.WebDriverWait (session=\"33981cb40015a704ec587d6c3e78449e\")>\nmethod = <function element_to_be_clickable.<locals>._predicate at 0x7f13ebeb9440>\nmessage = ''\n\n    def until(self, method, message: str = \"\"):\n        \"\"\"Calls the method provided with the driver as an argument until the \\\n        return value does not evaluate to ``False``.\n    \n        :param method: callable(WebDriver)\n        :param message: optional message for :exc:`TimeoutException`\n        :returns: the result of the last call to `method`\n        :raises: :exc:`selenium.common.exceptions.TimeoutException` if timeout occurs\n        \"\"\"\n        screen = None\n        stacktrace = None\n    \n        end_time = time.monotonic() + self._timeout\n        while True:\n            try:\n                value = method(self._driver)\n                if value:\n                    return value\n            except self._ignored_exceptions as exc:\n                screen = getattr(exc, \"screen\", None)\n                stacktrace = getattr(exc, \"stacktrace\", None)\n            time.sleep(self._poll)\n            if time.monotonic() > end_time:\n                break\n>       raise TimeoutException(message, screen, stacktrace)\nE       selenium.common.exceptions.TimeoutException: Message: \nE       Stacktrace:\nE       #0 0x5577b6257fb3 <unknown>\nE       #1 0x5577b5f2b4a7 <unknown>\nE       #2 0x5577b5f72dd6 <unknown>\nE       #3 0x5577b5f72ec1 <unknown>\nE       #4 0x5577b5fb0354 <unknown>\nE       #5 0x5577b5f9496d <unknown>\nE       #6 0x5577b5fadc02 <unknown>\nE       #7 0x5577b5f94713 <unknown>\nE       #8 0x5577b5f6718b <unknown>\nE       #9 0x5577b5f67f7e <unknown>\nE       #10 0x5577b621d8d8 <unknown>\nE       #11 0x5577b6221800 <unknown>\nE       #12 0x5577b622bcfc <unknown>\nE       #13 0x5577b6222418 <unknown>\nE       #14 0x5577b61ef42f <unknown>\nE       #15 0x5577b62464e8 <unknown>\nE       #16 0x5577b62466b4 <unknown>\nE       #17 0x5577b6257143 <unknown>\nE       #18 0x7f2ed0c94ac3 <unknown>\n\n.venv/lib/python3.11/site-packages/selenium/webdriver/support/wait.py:95: TimeoutException","flaky":false,"newFailed":false,"newBroken":false,"newPassed":false,"retriesCount":0,"retriesStatusChange":false,"beforeStages":[{"name":"_verify_url","time":{"start":1697936705515,"stop":1697936705516,"duration":1},"status":"passed","steps":[],"attachments":[],"parameters":[],"shouldDisplayMessage":false,"stepsCount":0,"attachmentsCount":0,"hasContent":false},{"name":"base_url","time":{"start":1697936705515,"stop":1697936705515,"duration":0},"status":"passed","steps":[],"attachments":[],"parameters":[],"shouldDisplayMessage":false,"stepsCount":0,"attachmentsCount":0,"hasContent":false},{"name":"json_data","time":{"start":1697936705517,"stop":1697936705517,"duration":0},"status":"passed","steps":[],"attachments":[],"parameters":[],"shouldDisplayMessage":false,"stepsCount":0,"attachmentsCount":0,"hasContent":false},{"name":"excel_reader","time":{"start":1697936892650,"stop":1697936892650,"duration":0},"status":"passed","steps":[],"attachments":[],"parameters":[],"shouldDisplayMessage":false,"stepsCount":0,"attachmentsCount":0,"hasContent":false}],"testStage":{"description":"Forgot Password with invalid email address","status":"broken","statusMessage":"selenium.common.exceptions.TimeoutException: Message: \nStacktrace:\n#0 0x5577b6257fb3 <unknown>\n#1 0x5577b5f2b4a7 <unknown>\n#2 0x5577b5f72dd6 <unknown>\n#3 0x5577b5f72ec1 <unknown>\n#4 0x5577b5fb0354 <unknown>\n#5 0x5577b5f9496d <unknown>\n#6 0x5577b5fadc02 <unknown>\n#7 0x5577b5f94713 <unknown>\n#8 0x5577b5f6718b <unknown>\n#9 0x5577b5f67f7e <unknown>\n#10 0x5577b621d8d8 <unknown>\n#11 0x5577b6221800 <unknown>\n#12 0x5577b622bcfc <unknown>\n#13 0x5577b6222418 <unknown>\n#14 0x5577b61ef42f <unknown>\n#15 0x5577b62464e8 <unknown>\n#16 0x5577b62466b4 <unknown>\n#17 0x5577b6257143 <unknown>\n#18 0x7f2ed0c94ac3 <unknown>","statusTrace":"self = <tests.test_forgot_password.TestForgotPassword object at 0x7f13ec5f6d90>\nexcel_reader = <utils.excel_parser.ExcelParser object at 0x7f13ebf68b10>\njson_data = {'forgot_password': {'error_message': \"We can't find a user with that e-mail address.\", 'success_message': 'A reset li...you page', 'name': 'test', 'new_name': 'another test', 'no_project_found_msg': 'No project matches the criteria', ...}}\n\n    @allure.description(\"Forgot Password with invalid email address\")\n    @allure.title(\"Forgot Password with invalid email test\")\n    def test_invalid_email(self, excel_reader, json_data: dict):\n        emails = excel_reader.read_from_excel(\"Emails\")\n>       self.about_page.click_login_link()\n\ntests/test_forgot_password.py:31: \n_ _ _ _ _ _ _ _ _ _ _ _ _ _ _ _ _ _ _ _ _ _ _ _ _ _ _ _ _ _ _ _ _ _ _ _ _ _ _ _ \npages/about_page.py:20: in click_login_link\n    self.click(self.LOGIN_LINK)\npages/base_page.py:38: in click\n    el: WebElement = self.wait.until(\n_ _ _ _ _ _ _ _ _ _ _ _ _ _ _ _ _ _ _ _ _ _ _ _ _ _ _ _ _ _ _ _ _ _ _ _ _ _ _ _ \n\nself = <selenium.webdriver.support.wait.WebDriverWait (session=\"33981cb40015a704ec587d6c3e78449e\")>\nmethod = <function element_to_be_clickable.<locals>._predicate at 0x7f13ebeb9440>\nmessage = ''\n\n    def until(self, method, message: str = \"\"):\n        \"\"\"Calls the method provided with the driver as an argument until the \\\n        return value does not evaluate to ``False``.\n    \n        :param method: callable(WebDriver)\n        :param message: optional message for :exc:`TimeoutException`\n        :returns: the result of the last call to `method`\n        :raises: :exc:`selenium.common.exceptions.TimeoutException` if timeout occurs\n        \"\"\"\n        screen = None\n        stacktrace = None\n    \n        end_time = time.monotonic() + self._timeout\n        while True:\n            try:\n                value = method(self._driver)\n                if value:\n                    return value\n            except self._ignored_exceptions as exc:\n                screen = getattr(exc, \"screen\", None)\n                stacktrace = getattr(exc, \"stacktrace\", None)\n            time.sleep(self._poll)\n            if time.monotonic() > end_time:\n                break\n>       raise TimeoutException(message, screen, stacktrace)\nE       selenium.common.exceptions.TimeoutException: Message: \nE       Stacktrace:\nE       #0 0x5577b6257fb3 <unknown>\nE       #1 0x5577b5f2b4a7 <unknown>\nE       #2 0x5577b5f72dd6 <unknown>\nE       #3 0x5577b5f72ec1 <unknown>\nE       #4 0x5577b5fb0354 <unknown>\nE       #5 0x5577b5f9496d <unknown>\nE       #6 0x5577b5fadc02 <unknown>\nE       #7 0x5577b5f94713 <unknown>\nE       #8 0x5577b5f6718b <unknown>\nE       #9 0x5577b5f67f7e <unknown>\nE       #10 0x5577b621d8d8 <unknown>\nE       #11 0x5577b6221800 <unknown>\nE       #12 0x5577b622bcfc <unknown>\nE       #13 0x5577b6222418 <unknown>\nE       #14 0x5577b61ef42f <unknown>\nE       #15 0x5577b62464e8 <unknown>\nE       #16 0x5577b62466b4 <unknown>\nE       #17 0x5577b6257143 <unknown>\nE       #18 0x7f2ed0c94ac3 <unknown>\n\n.venv/lib/python3.11/site-packages/selenium/webdriver/support/wait.py:95: TimeoutException","steps":[{"name":"Click Login link","time":{"start":1697936892713,"stop":1697936902725,"duration":10012},"status":"broken","statusMessage":"selenium.common.exceptions.TimeoutException: Message: \nStacktrace:\n#0 0x5577b6257fb3 <unknown>\n#1 0x5577b5f2b4a7 <unknown>\n#2 0x5577b5f72dd6 <unknown>\n#3 0x5577b5f72ec1 <unknown>\n#4 0x5577b5fb0354 <unknown>\n#5 0x5577b5f9496d <unknown>\n#6 0x5577b5fadc02 <unknown>\n#7 0x5577b5f94713 <unknown>\n#8 0x5577b5f6718b <unknown>\n#9 0x5577b5f67f7e <unknown>\n#10 0x5577b621d8d8 <unknown>\n#11 0x5577b6221800 <unknown>\n#12 0x5577b622bcfc <unknown>\n#13 0x5577b6222418 <unknown>\n#14 0x5577b61ef42f <unknown>\n#15 0x5577b62464e8 <unknown>\n#16 0x5577b62466b4 <unknown>\n#17 0x5577b6257143 <unknown>\n#18 0x7f2ed0c94ac3 <unknown>\n\n","statusTrace":"  File \"/home/runner/work/kisangateway-test/kisangateway-test/.venv/lib/python3.11/site-packages/allure_commons/_allure.py\", line 192, in impl\n    return func(*a, **kw)\n           ^^^^^^^^^^^^^^\n  File \"/home/runner/work/kisangateway-test/kisangateway-test/pages/about_page.py\", line 20, in click_login_link\n    self.click(self.LOGIN_LINK)\n  File \"/home/runner/work/kisangateway-test/kisangateway-test/pages/base_page.py\", line 38, in click\n    el: WebElement = self.wait.until(\n                     ^^^^^^^^^^^^^^^^\n  File \"/home/runner/work/kisangateway-test/kisangateway-test/.venv/lib/python3.11/site-packages/selenium/webdriver/support/wait.py\", line 95, in until\n    raise TimeoutException(message, screen, stacktrace)\n","steps":[],"attachments":[],"parameters":[],"shouldDisplayMessage":true,"stepsCount":0,"attachmentsCount":0,"hasContent":true}],"attachments":[{"uid":"1e3738c0257c8fbf","name":"public ip address","source":"1e3738c0257c8fbf.txt","type":"text/plain","size":14},{"uid":"81c75499357edf1d","name":"Cookies","source":"81c75499357edf1d.json","type":"application/json","size":2},{"uid":"df4cc26a8edc08cf","name":"Session Storage","source":"df4cc26a8edc08cf.json","type":"application/json","size":2},{"uid":"1148724dea450c98","name":"Local Storage","source":"1148724dea450c98.json","type":"application/json","size":2},{"uid":"7bc7d391a7b8856d","name":"Console Logs","source":"7bc7d391a7b8856d.json","type":"application/json","size":2},{"uid":"8affaa9911641d6","name":"Full Page Screenshot","source":"8affaa9911641d6.png","type":"image/png","size":1496512},{"uid":"69370869fe7e426c","name":"URL","source":"69370869fe7e426c.uri","type":"text/uri-list","size":25},{"uid":"224a921c9ec815f0","name":"Network Logs","source":"224a921c9ec815f0.json","type":"application/json","size":14000}],"parameters":[],"shouldDisplayMessage":true,"stepsCount":1,"attachmentsCount":8,"hasContent":true},"afterStages":[],"labels":[{"name":"parentSuite","value":"Custom parent suite"},{"name":"subSuite","value":"Custom sub suite"},{"name":"suite","value":"Custom suite"},{"name":"severity","value":"critical"},{"name":"story","value":"Forgot Password Feature's Functionality"},{"name":"epic","value":"Security"},{"name":"tag","value":"security"},{"name":"host","value":"fv-az251-183"},{"name":"thread","value":"2186-MainThread"},{"name":"framework","value":"pytest"},{"name":"language","value":"cpython3"},{"name":"package","value":"tests.test_forgot_password"},{"name":"resultFormat","value":"allure2"}],"parameters":[],"links":[],"hidden":false,"retry":false,"extra":{"severity":"critical","retries":[],"categories":[{"name":"Test defects","matchedStatuses":[],"flaky":false}],"tags":["security"]},"source":"804a35d50b94d378.json","parameterValues":[]}