{"uid":"b45a866431971ee8","name":"Logout of system test","fullName":"tests.test_login.TestLogin#test_logout","historyId":"b90200cedc51a1ecbba9a19fbdbf8893","time":{"start":1703120607594,"stop":1703120617767,"duration":10173},"description":"Log out from app","descriptionHtml":"<p>Log out from app</p>\n","status":"broken","statusMessage":"selenium.common.exceptions.TimeoutException: Message: \nStacktrace:\n#0 0x55d2b80f7d33 <unknown>\n#1 0x55d2b7db4f87 <unknown>\n#2 0x55d2b7e04c0e <unknown>\n#3 0x55d2b7e04d11 <unknown>\n#4 0x55d2b7e50004 <unknown>\n#5 0x55d2b7e2e36d <unknown>\n#6 0x55d2b7e4d297 <unknown>\n#7 0x55d2b7e2e0e3 <unknown>\n#8 0x55d2b7df6044 <unknown>\n#9 0x55d2b7df744e <unknown>\n#10 0x55d2b80bc861 <unknown>\n#11 0x55d2b80c0785 <unknown>\n#12 0x55d2b80aa285 <unknown>\n#13 0x55d2b80c141f <unknown>\n#14 0x55d2b808e20f <unknown>\n#15 0x55d2b80e5028 <unknown>\n#16 0x55d2b80e51f7 <unknown>\n#17 0x55d2b80f6ed4 <unknown>\n#18 0x7f4558694ac3 <unknown>","statusTrace":"self = <tests.test_login.TestLogin object at 0x7fd64c37cf50>\njson_data = {'forgot_password': {'error_message': \"We can't find a user with that e-mail address.\", 'success_message': 'A reset li...you page', 'name': 'test', 'new_name': 'another test', 'no_project_found_msg': 'No project matches the criteria', ...}}\nsecret_data = {'email': '', 'password': ''}\n\n    @allure.description(\"Log out from app\")\n    @allure.title(\"Logout of system test\")\n    @allure.story(\"As a user i want to be able to logout after a successful login.\")\n    @pytest.mark.run(order=2)\n    def test_logout(self, json_data: dict, secret_data: dict):\n        # example of a simple text attachment\n        allure.attach(\n            \"<h1>Example html attachment</h1>\",\n            name=\"HTML example\",\n            attachment_type=allure.attachment_type.HTML,\n        )\n        allure.attach(\n            \"Some text content\",\n            name=\"TXT example\",\n            attachment_type=allure.attachment_type.TEXT,\n        )\n        allure.attach(\n            \"first,second,third\\none,two,three\",\n            name=\"CSV example\",\n            attachment_type=allure.attachment_type.CSV,\n        )\n        allure.attach(\n            json.dumps({\"first\": 1, \"second\": 2}, indent=2),\n            name=\"JSON example\",\n            attachment_type=allure.attachment_type.JSON,\n        )\n        xml_content = \"\"\"<?xml version=\"1.0\" encoding=\"UTF-8\"?>\n            <tag>\n                 <inside>...</inside>\n             </tag>\n         \"\"\"\n        allure.attach(\n            xml_content,\n            name=\"some attachment name\",\n            attachment_type=allure.attachment_type.XML,\n        )\n        allure.attach(\n            \"\\n\".join(\n                [\n                    \"https://github.com/allure-framework\",\n                    \"https://github.com/allure-examples\",\n                ]\n            ),\n            name=\"URI List example\",\n            attachment_type=allure.attachment_type.URI_LIST,\n        )\n>       self.about_page.click_login_link()\n\ntests/test_login.py:90: \n_ _ _ _ _ _ _ _ _ _ _ _ _ _ _ _ _ _ _ _ _ _ _ _ _ _ _ _ _ _ _ _ _ _ _ _ _ _ _ _ \npages/about_page.py:20: in click_login_link\n    self.click(self.LOGIN_LINK)\npages/base_page.py:38: in click\n    el: WebElement = self.wait.until(\n_ _ _ _ _ _ _ _ _ _ _ _ _ _ _ _ _ _ _ _ _ _ _ _ _ _ _ _ _ _ _ _ _ _ _ _ _ _ _ _ \n\nself = <selenium.webdriver.support.wait.WebDriverWait (session=\"d75f8f100cfa37fd343c89bb8d807791\")>\nmethod = <function element_to_be_clickable.<locals>._predicate at 0x7fd64c2c68e0>\nmessage = ''\n\n    def until(self, method, message: str = \"\"):\n        \"\"\"Calls the method provided with the driver as an argument until the \\\n        return value does not evaluate to ``False``.\n    \n        :param method: callable(WebDriver)\n        :param message: optional message for :exc:`TimeoutException`\n        :returns: the result of the last call to `method`\n        :raises: :exc:`selenium.common.exceptions.TimeoutException` if timeout occurs\n        \"\"\"\n        screen = None\n        stacktrace = None\n    \n        end_time = time.monotonic() + self._timeout\n        while True:\n            try:\n                value = method(self._driver)\n                if value:\n                    return value\n            except self._ignored_exceptions as exc:\n                screen = getattr(exc, \"screen\", None)\n                stacktrace = getattr(exc, \"stacktrace\", None)\n            time.sleep(self._poll)\n            if time.monotonic() > end_time:\n                break\n>       raise TimeoutException(message, screen, stacktrace)\nE       selenium.common.exceptions.TimeoutException: Message: \nE       Stacktrace:\nE       #0 0x55d2b80f7d33 <unknown>\nE       #1 0x55d2b7db4f87 <unknown>\nE       #2 0x55d2b7e04c0e <unknown>\nE       #3 0x55d2b7e04d11 <unknown>\nE       #4 0x55d2b7e50004 <unknown>\nE       #5 0x55d2b7e2e36d <unknown>\nE       #6 0x55d2b7e4d297 <unknown>\nE       #7 0x55d2b7e2e0e3 <unknown>\nE       #8 0x55d2b7df6044 <unknown>\nE       #9 0x55d2b7df744e <unknown>\nE       #10 0x55d2b80bc861 <unknown>\nE       #11 0x55d2b80c0785 <unknown>\nE       #12 0x55d2b80aa285 <unknown>\nE       #13 0x55d2b80c141f <unknown>\nE       #14 0x55d2b808e20f <unknown>\nE       #15 0x55d2b80e5028 <unknown>\nE       #16 0x55d2b80e51f7 <unknown>\nE       #17 0x55d2b80f6ed4 <unknown>\nE       #18 0x7f4558694ac3 <unknown>\n\n.venv/lib/python3.11/site-packages/selenium/webdriver/support/wait.py:95: TimeoutException","flaky":false,"newFailed":false,"newBroken":false,"newPassed":false,"retriesCount":0,"retriesStatusChange":false,"beforeStages":[{"name":"secret_data","time":{"start":1703120582341,"stop":1703120582342,"duration":1},"status":"passed","steps":[],"attachments":[],"parameters":[],"shouldDisplayMessage":false,"stepsCount":0,"attachmentsCount":0,"hasContent":false,"attachmentStep":false},{"name":"base_url","time":{"start":1703120582341,"stop":1703120582341,"duration":0},"status":"passed","steps":[],"attachments":[],"parameters":[],"shouldDisplayMessage":false,"stepsCount":0,"attachmentsCount":0,"hasContent":false,"attachmentStep":false},{"name":"_verify_url","time":{"start":1703120582341,"stop":1703120582341,"duration":0},"status":"passed","steps":[],"attachments":[],"parameters":[],"shouldDisplayMessage":false,"stepsCount":0,"attachmentsCount":0,"hasContent":false,"attachmentStep":false},{"name":"json_data","time":{"start":1703120582342,"stop":1703120582342,"duration":0},"status":"passed","steps":[],"attachments":[],"parameters":[],"shouldDisplayMessage":false,"stepsCount":0,"attachmentsCount":0,"hasContent":false,"attachmentStep":false}],"testStage":{"description":"Log out from app","status":"broken","statusMessage":"selenium.common.exceptions.TimeoutException: Message: \nStacktrace:\n#0 0x55d2b80f7d33 <unknown>\n#1 0x55d2b7db4f87 <unknown>\n#2 0x55d2b7e04c0e <unknown>\n#3 0x55d2b7e04d11 <unknown>\n#4 0x55d2b7e50004 <unknown>\n#5 0x55d2b7e2e36d <unknown>\n#6 0x55d2b7e4d297 <unknown>\n#7 0x55d2b7e2e0e3 <unknown>\n#8 0x55d2b7df6044 <unknown>\n#9 0x55d2b7df744e <unknown>\n#10 0x55d2b80bc861 <unknown>\n#11 0x55d2b80c0785 <unknown>\n#12 0x55d2b80aa285 <unknown>\n#13 0x55d2b80c141f <unknown>\n#14 0x55d2b808e20f <unknown>\n#15 0x55d2b80e5028 <unknown>\n#16 0x55d2b80e51f7 <unknown>\n#17 0x55d2b80f6ed4 <unknown>\n#18 0x7f4558694ac3 <unknown>","statusTrace":"self = <tests.test_login.TestLogin object at 0x7fd64c37cf50>\njson_data = {'forgot_password': {'error_message': \"We can't find a user with that e-mail address.\", 'success_message': 'A reset li...you page', 'name': 'test', 'new_name': 'another test', 'no_project_found_msg': 'No project matches the criteria', ...}}\nsecret_data = {'email': '', 'password': ''}\n\n    @allure.description(\"Log out from app\")\n    @allure.title(\"Logout of system test\")\n    @allure.story(\"As a user i want to be able to logout after a successful login.\")\n    @pytest.mark.run(order=2)\n    def test_logout(self, json_data: dict, secret_data: dict):\n        # example of a simple text attachment\n        allure.attach(\n            \"<h1>Example html attachment</h1>\",\n            name=\"HTML example\",\n            attachment_type=allure.attachment_type.HTML,\n        )\n        allure.attach(\n            \"Some text content\",\n            name=\"TXT example\",\n            attachment_type=allure.attachment_type.TEXT,\n        )\n        allure.attach(\n            \"first,second,third\\none,two,three\",\n            name=\"CSV example\",\n            attachment_type=allure.attachment_type.CSV,\n        )\n        allure.attach(\n            json.dumps({\"first\": 1, \"second\": 2}, indent=2),\n            name=\"JSON example\",\n            attachment_type=allure.attachment_type.JSON,\n        )\n        xml_content = \"\"\"<?xml version=\"1.0\" encoding=\"UTF-8\"?>\n            <tag>\n                 <inside>...</inside>\n             </tag>\n         \"\"\"\n        allure.attach(\n            xml_content,\n            name=\"some attachment name\",\n            attachment_type=allure.attachment_type.XML,\n        )\n        allure.attach(\n            \"\\n\".join(\n                [\n                    \"https://github.com/allure-framework\",\n                    \"https://github.com/allure-examples\",\n                ]\n            ),\n            name=\"URI List example\",\n            attachment_type=allure.attachment_type.URI_LIST,\n        )\n>       self.about_page.click_login_link()\n\ntests/test_login.py:90: \n_ _ _ _ _ _ _ _ _ _ _ _ _ _ _ _ _ _ _ _ _ _ _ _ _ _ _ _ _ _ _ _ _ _ _ _ _ _ _ _ \npages/about_page.py:20: in click_login_link\n    self.click(self.LOGIN_LINK)\npages/base_page.py:38: in click\n    el: WebElement = self.wait.until(\n_ _ _ _ _ _ _ _ _ _ _ _ _ _ _ _ _ _ _ _ _ _ _ _ _ _ _ _ _ _ _ _ _ _ _ _ _ _ _ _ \n\nself = <selenium.webdriver.support.wait.WebDriverWait (session=\"d75f8f100cfa37fd343c89bb8d807791\")>\nmethod = <function element_to_be_clickable.<locals>._predicate at 0x7fd64c2c68e0>\nmessage = ''\n\n    def until(self, method, message: str = \"\"):\n        \"\"\"Calls the method provided with the driver as an argument until the \\\n        return value does not evaluate to ``False``.\n    \n        :param method: callable(WebDriver)\n        :param message: optional message for :exc:`TimeoutException`\n        :returns: the result of the last call to `method`\n        :raises: :exc:`selenium.common.exceptions.TimeoutException` if timeout occurs\n        \"\"\"\n        screen = None\n        stacktrace = None\n    \n        end_time = time.monotonic() + self._timeout\n        while True:\n            try:\n                value = method(self._driver)\n                if value:\n                    return value\n            except self._ignored_exceptions as exc:\n                screen = getattr(exc, \"screen\", None)\n                stacktrace = getattr(exc, \"stacktrace\", None)\n            time.sleep(self._poll)\n            if time.monotonic() > end_time:\n                break\n>       raise TimeoutException(message, screen, stacktrace)\nE       selenium.common.exceptions.TimeoutException: Message: \nE       Stacktrace:\nE       #0 0x55d2b80f7d33 <unknown>\nE       #1 0x55d2b7db4f87 <unknown>\nE       #2 0x55d2b7e04c0e <unknown>\nE       #3 0x55d2b7e04d11 <unknown>\nE       #4 0x55d2b7e50004 <unknown>\nE       #5 0x55d2b7e2e36d <unknown>\nE       #6 0x55d2b7e4d297 <unknown>\nE       #7 0x55d2b7e2e0e3 <unknown>\nE       #8 0x55d2b7df6044 <unknown>\nE       #9 0x55d2b7df744e <unknown>\nE       #10 0x55d2b80bc861 <unknown>\nE       #11 0x55d2b80c0785 <unknown>\nE       #12 0x55d2b80aa285 <unknown>\nE       #13 0x55d2b80c141f <unknown>\nE       #14 0x55d2b808e20f <unknown>\nE       #15 0x55d2b80e5028 <unknown>\nE       #16 0x55d2b80e51f7 <unknown>\nE       #17 0x55d2b80f6ed4 <unknown>\nE       #18 0x7f4558694ac3 <unknown>\n\n.venv/lib/python3.11/site-packages/selenium/webdriver/support/wait.py:95: TimeoutException","steps":[{"name":"Click Login link","time":{"start":1703120607595,"stop":1703120617767,"duration":10172},"status":"broken","statusMessage":"selenium.common.exceptions.TimeoutException: Message: \nStacktrace:\n#0 0x55d2b80f7d33 <unknown>\n#1 0x55d2b7db4f87 <unknown>\n#2 0x55d2b7e04c0e <unknown>\n#3 0x55d2b7e04d11 <unknown>\n#4 0x55d2b7e50004 <unknown>\n#5 0x55d2b7e2e36d <unknown>\n#6 0x55d2b7e4d297 <unknown>\n#7 0x55d2b7e2e0e3 <unknown>\n#8 0x55d2b7df6044 <unknown>\n#9 0x55d2b7df744e <unknown>\n#10 0x55d2b80bc861 <unknown>\n#11 0x55d2b80c0785 <unknown>\n#12 0x55d2b80aa285 <unknown>\n#13 0x55d2b80c141f <unknown>\n#14 0x55d2b808e20f <unknown>\n#15 0x55d2b80e5028 <unknown>\n#16 0x55d2b80e51f7 <unknown>\n#17 0x55d2b80f6ed4 <unknown>\n#18 0x7f4558694ac3 <unknown>\n\n","statusTrace":"  File \"/home/runner/work/kisangateway-test/kisangateway-test/.venv/lib/python3.11/site-packages/allure_commons/_allure.py\", line 192, in impl\n    return func(*a, **kw)\n           ^^^^^^^^^^^^^^\n  File \"/home/runner/work/kisangateway-test/kisangateway-test/pages/about_page.py\", line 20, in click_login_link\n    self.click(self.LOGIN_LINK)\n  File \"/home/runner/work/kisangateway-test/kisangateway-test/pages/base_page.py\", line 38, in click\n    el: WebElement = self.wait.until(\n                     ^^^^^^^^^^^^^^^^\n  File \"/home/runner/work/kisangateway-test/kisangateway-test/.venv/lib/python3.11/site-packages/selenium/webdriver/support/wait.py\", line 95, in until\n    raise TimeoutException(message, screen, stacktrace)\n","steps":[],"attachments":[],"parameters":[],"shouldDisplayMessage":true,"stepsCount":0,"attachmentsCount":0,"hasContent":true,"attachmentStep":false}],"attachments":[{"uid":"2b7c6a92922b266f","name":"HTML example","source":"2b7c6a92922b266f.html","type":"text/html","size":32},{"uid":"6777380b788f8d69","name":"TXT example","source":"6777380b788f8d69.txt","type":"text/plain","size":17},{"uid":"60344123b557b447","name":"CSV example","source":"60344123b557b447.csv","type":"text/csv","size":32},{"uid":"74707068a60dcaa6","name":"JSON example","source":"74707068a60dcaa6.json","type":"application/json","size":31},{"uid":"8c6220a27c16ada8","name":"some attachment name","source":"8c6220a27c16ada8.xml","type":"application/xml","size":124},{"uid":"e9900ed527a15657","name":"URI List example","source":"e9900ed527a15657.uri","type":"text/uri-list","size":70},{"uid":"804338327f02f948","name":"public ip address","source":"804338327f02f948.txt","type":"text/plain","size":12},{"uid":"ddd41b3034c70368","name":"Cookies","source":"ddd41b3034c70368.json","type":"application/json","size":2},{"uid":"91b67cfbe0e9595b","name":"Session Storage","source":"91b67cfbe0e9595b.json","type":"application/json","size":2},{"uid":"a3d4f369cbc2e70c","name":"Local Storage","source":"a3d4f369cbc2e70c.json","type":"application/json","size":2},{"uid":"6d07d758547e6eb8","name":"Console Logs","source":"6d07d758547e6eb8.json","type":"application/json","size":2},{"uid":"24b3b741f8839823","name":"Full Page Screenshot","source":"24b3b741f8839823.png","type":"image/png","size":2655641},{"uid":"2bead85877dc7b7d","name":"URL","source":"2bead85877dc7b7d.uri","type":"text/uri-list","size":25},{"uid":"f84ef0c980e76667","name":"Network Logs","source":"f84ef0c980e76667.json","type":"application/json","size":14024}],"parameters":[],"shouldDisplayMessage":true,"stepsCount":1,"attachmentsCount":14,"hasContent":true,"attachmentStep":false},"afterStages":[],"labels":[{"name":"story","value":"As a user i want to be able to logout after a successful login."},{"name":"feature","value":"Login"},{"name":"epic","value":"Security"},{"name":"severity","value":"blocker"},{"name":"tag","value":"run(order=2)"},{"name":"tag","value":"security"},{"name":"parentSuite","value":"tests"},{"name":"suite","value":"test_login"},{"name":"subSuite","value":"TestLogin"},{"name":"host","value":"fv-az847-406"},{"name":"thread","value":"2175-MainThread"},{"name":"framework","value":"pytest"},{"name":"language","value":"cpython3"},{"name":"package","value":"tests.test_login"},{"name":"resultFormat","value":"allure2"}],"parameters":[],"links":[],"hidden":false,"retry":false,"extra":{"severity":"blocker","retries":[],"categories":[{"name":"Test defects","matchedStatuses":[],"flaky":false}],"tags":["run(order=2)","security"]},"source":"b45a866431971ee8.json","parameterValues":[]}