{"uid":"151a6dc3d8b32d5e","name":"Number of projects displayed in page test","fullName":"tests.test_workspaces.TestWorkspaces#test_number_of_existing_projects","historyId":"ff3981f856ce65274378063348b0abd4","time":{"start":1705211460192,"stop":1705211460192,"duration":0},"description":"Compare between the actual number of projects seen on page and the number shown in workspaces block","descriptionHtml":"<p>Compare between the actual number of projects seen on page and the number shown in workspaces block</p>\n","status":"broken","statusMessage":"selenium.common.exceptions.TimeoutException: Message: \nStacktrace:\n#0 0x55e4650aaf83 <unknown>\n#1 0x55e464d63cf7 <unknown>\n#2 0x55e464db399e <unknown>\n#3 0x55e464db3aa1 <unknown>\n#4 0x55e464dfed64 <unknown>\n#5 0x55e464ddd0dd <unknown>\n#6 0x55e464dfc006 <unknown>\n#7 0x55e464ddce53 <unknown>\n#8 0x55e464da4dd4 <unknown>\n#9 0x55e464da61de <unknown>\n#10 0x55e46506f531 <unknown>\n#11 0x55e465073455 <unknown>\n#12 0x55e46505bf55 <unknown>\n#13 0x55e4650740ef <unknown>\n#14 0x55e46503f99f <unknown>\n#15 0x55e465098008 <unknown>\n#16 0x55e4650981d7 <unknown>\n#17 0x55e4650aa124 <unknown>\n#18 0x7f4357094ac3 <unknown>","statusTrace":"self = <tests.test_workspaces.TestWorkspaces object at 0x7fb420b3eb90>\nsecret_data = {'email': '', 'password': ''}\n\n    @pytest.fixture(autouse=True)\n    def setup_method_fixture(self, secret_data: dict):\n>       login(secret_data, self.about_page, self.login_page)\n\ntests/test_workspaces.py:23: \n_ _ _ _ _ _ _ _ _ _ _ _ _ _ _ _ _ _ _ _ _ _ _ _ _ _ _ _ _ _ _ _ _ _ _ _ _ _ _ _ \ntests/test_workspaces.py:13: in login\n    about_page.click_login_link()\npages/about_page.py:20: in click_login_link\n    self.click(self.LOGIN_LINK)\npages/base_page.py:38: in click\n    el: WebElement = self.wait.until(\n_ _ _ _ _ _ _ _ _ _ _ _ _ _ _ _ _ _ _ _ _ _ _ _ _ _ _ _ _ _ _ _ _ _ _ _ _ _ _ _ \n\nself = <selenium.webdriver.support.wait.WebDriverWait (session=\"71f0de627e16329cb73bf85092de9be7\")>\nmethod = <function element_to_be_clickable.<locals>._predicate at 0x7fb420794e00>\nmessage = ''\n\n    def until(self, method, message: str = \"\"):\n        \"\"\"Calls the method provided with the driver as an argument until the \\\n        return value does not evaluate to ``False``.\n    \n        :param method: callable(WebDriver)\n        :param message: optional message for :exc:`TimeoutException`\n        :returns: the result of the last call to `method`\n        :raises: :exc:`selenium.common.exceptions.TimeoutException` if timeout occurs\n        \"\"\"\n        screen = None\n        stacktrace = None\n    \n        end_time = time.monotonic() + self._timeout\n        while True:\n            try:\n                value = method(self._driver)\n                if value:\n                    return value\n            except self._ignored_exceptions as exc:\n                screen = getattr(exc, \"screen\", None)\n                stacktrace = getattr(exc, \"stacktrace\", None)\n            time.sleep(self._poll)\n            if time.monotonic() > end_time:\n                break\n>       raise TimeoutException(message, screen, stacktrace)\nE       selenium.common.exceptions.TimeoutException: Message: \nE       Stacktrace:\nE       #0 0x55e4650aaf83 <unknown>\nE       #1 0x55e464d63cf7 <unknown>\nE       #2 0x55e464db399e <unknown>\nE       #3 0x55e464db3aa1 <unknown>\nE       #4 0x55e464dfed64 <unknown>\nE       #5 0x55e464ddd0dd <unknown>\nE       #6 0x55e464dfc006 <unknown>\nE       #7 0x55e464ddce53 <unknown>\nE       #8 0x55e464da4dd4 <unknown>\nE       #9 0x55e464da61de <unknown>\nE       #10 0x55e46506f531 <unknown>\nE       #11 0x55e465073455 <unknown>\nE       #12 0x55e46505bf55 <unknown>\nE       #13 0x55e4650740ef <unknown>\nE       #14 0x55e46503f99f <unknown>\nE       #15 0x55e465098008 <unknown>\nE       #16 0x55e4650981d7 <unknown>\nE       #17 0x55e4650aa124 <unknown>\nE       #18 0x7f4357094ac3 <unknown>\n\n.venv/lib/python3.11/site-packages/selenium/webdriver/support/wait.py:95: TimeoutException","flaky":false,"newFailed":false,"newBroken":false,"newPassed":false,"retriesCount":0,"retriesStatusChange":false,"beforeStages":[{"name":"secret_data","time":{"start":1705211374422,"stop":1705211374422,"duration":0},"status":"passed","steps":[],"attachments":[],"parameters":[],"shouldDisplayMessage":false,"stepsCount":0,"attachmentsCount":0,"hasContent":false,"attachmentStep":false},{"name":"_verify_url","time":{"start":1705211374422,"stop":1705211374422,"duration":0},"status":"passed","steps":[],"attachments":[],"parameters":[],"shouldDisplayMessage":false,"stepsCount":0,"attachmentsCount":0,"hasContent":false,"attachmentStep":false},{"name":"base_url","time":{"start":1705211374422,"stop":1705211374422,"duration":0},"status":"passed","steps":[],"attachments":[],"parameters":[],"shouldDisplayMessage":false,"stepsCount":0,"attachmentsCount":0,"hasContent":false,"attachmentStep":false},{"name":"setup_method_fixture","time":{"start":1705211461272,"stop":1705211471483,"duration":10211},"status":"broken","statusMessage":"selenium.common.exceptions.TimeoutException: Message: \nStacktrace:\n#0 0x55e4650aaf83 <unknown>\n#1 0x55e464d63cf7 <unknown>\n#2 0x55e464db399e <unknown>\n#3 0x55e464db3aa1 <unknown>\n#4 0x55e464dfed64 <unknown>\n#5 0x55e464ddd0dd <unknown>\n#6 0x55e464dfc006 <unknown>\n#7 0x55e464ddce53 <unknown>\n#8 0x55e464da4dd4 <unknown>\n#9 0x55e464da61de <unknown>\n#10 0x55e46506f531 <unknown>\n#11 0x55e465073455 <unknown>\n#12 0x55e46505bf55 <unknown>\n#13 0x55e4650740ef <unknown>\n#14 0x55e46503f99f <unknown>\n#15 0x55e465098008 <unknown>\n#16 0x55e4650981d7 <unknown>\n#17 0x55e4650aa124 <unknown>\n#18 0x7f4357094ac3 <unknown>\n\n","statusTrace":"  File \"/home/runner/work/kisangateway-test/kisangateway-test/.venv/lib/python3.11/site-packages/pluggy/_callers.py\", line 80, in _multicall\n    res = hook_impl.function(*args)\n          ^^^^^^^^^^^^^^^^^^^^^^^^^\n  File \"/home/runner/work/kisangateway-test/kisangateway-test/.venv/lib/python3.11/site-packages/_pytest/fixtures.py\", line 1123, in pytest_fixture_setup\n    result = call_fixture_func(fixturefunc, request, kwargs)\n             ^^^^^^^^^^^^^^^^^^^^^^^^^^^^^^^^^^^^^^^^^^^^^^^\n  File \"/home/runner/work/kisangateway-test/kisangateway-test/.venv/lib/python3.11/site-packages/_pytest/fixtures.py\", line 902, in call_fixture_func\n    fixture_result = fixturefunc(**kwargs)\n                     ^^^^^^^^^^^^^^^^^^^^^\n  File \"/home/runner/work/kisangateway-test/kisangateway-test/tests/test_workspaces.py\", line 23, in setup_method_fixture\n    login(secret_data, self.about_page, self.login_page)\n  File \"/home/runner/work/kisangateway-test/kisangateway-test/tests/test_workspaces.py\", line 13, in login\n    about_page.click_login_link()\n  File \"/home/runner/work/kisangateway-test/kisangateway-test/.venv/lib/python3.11/site-packages/allure_commons/_allure.py\", line 192, in impl\n    return func(*a, **kw)\n           ^^^^^^^^^^^^^^\n  File \"/home/runner/work/kisangateway-test/kisangateway-test/pages/about_page.py\", line 20, in click_login_link\n    self.click(self.LOGIN_LINK)\n  File \"/home/runner/work/kisangateway-test/kisangateway-test/pages/base_page.py\", line 38, in click\n    el: WebElement = self.wait.until(\n                     ^^^^^^^^^^^^^^^^\n  File \"/home/runner/work/kisangateway-test/kisangateway-test/.venv/lib/python3.11/site-packages/selenium/webdriver/support/wait.py\", line 95, in until\n    raise TimeoutException(message, screen, stacktrace)\n","steps":[{"name":"Click Login link","time":{"start":1705211461272,"stop":1705211471483,"duration":10211},"status":"broken","statusMessage":"selenium.common.exceptions.TimeoutException: Message: \nStacktrace:\n#0 0x55e4650aaf83 <unknown>\n#1 0x55e464d63cf7 <unknown>\n#2 0x55e464db399e <unknown>\n#3 0x55e464db3aa1 <unknown>\n#4 0x55e464dfed64 <unknown>\n#5 0x55e464ddd0dd <unknown>\n#6 0x55e464dfc006 <unknown>\n#7 0x55e464ddce53 <unknown>\n#8 0x55e464da4dd4 <unknown>\n#9 0x55e464da61de <unknown>\n#10 0x55e46506f531 <unknown>\n#11 0x55e465073455 <unknown>\n#12 0x55e46505bf55 <unknown>\n#13 0x55e4650740ef <unknown>\n#14 0x55e46503f99f <unknown>\n#15 0x55e465098008 <unknown>\n#16 0x55e4650981d7 <unknown>\n#17 0x55e4650aa124 <unknown>\n#18 0x7f4357094ac3 <unknown>\n\n","statusTrace":"  File \"/home/runner/work/kisangateway-test/kisangateway-test/.venv/lib/python3.11/site-packages/allure_commons/_allure.py\", line 192, in impl\n    return func(*a, **kw)\n           ^^^^^^^^^^^^^^\n  File \"/home/runner/work/kisangateway-test/kisangateway-test/pages/about_page.py\", line 20, in click_login_link\n    self.click(self.LOGIN_LINK)\n  File \"/home/runner/work/kisangateway-test/kisangateway-test/pages/base_page.py\", line 38, in click\n    el: WebElement = self.wait.until(\n                     ^^^^^^^^^^^^^^^^\n  File \"/home/runner/work/kisangateway-test/kisangateway-test/.venv/lib/python3.11/site-packages/selenium/webdriver/support/wait.py\", line 95, in until\n    raise TimeoutException(message, screen, stacktrace)\n","steps":[],"attachments":[],"parameters":[],"shouldDisplayMessage":true,"stepsCount":0,"attachmentsCount":0,"hasContent":true,"attachmentStep":false}],"attachments":[],"parameters":[],"shouldDisplayMessage":false,"stepsCount":1,"attachmentsCount":0,"hasContent":true,"attachmentStep":false}],"testStage":{"description":"Compare between the actual number of projects seen on page and the number shown in workspaces block","status":"broken","statusMessage":"selenium.common.exceptions.TimeoutException: Message: \nStacktrace:\n#0 0x55e4650aaf83 <unknown>\n#1 0x55e464d63cf7 <unknown>\n#2 0x55e464db399e <unknown>\n#3 0x55e464db3aa1 <unknown>\n#4 0x55e464dfed64 <unknown>\n#5 0x55e464ddd0dd <unknown>\n#6 0x55e464dfc006 <unknown>\n#7 0x55e464ddce53 <unknown>\n#8 0x55e464da4dd4 <unknown>\n#9 0x55e464da61de <unknown>\n#10 0x55e46506f531 <unknown>\n#11 0x55e465073455 <unknown>\n#12 0x55e46505bf55 <unknown>\n#13 0x55e4650740ef <unknown>\n#14 0x55e46503f99f <unknown>\n#15 0x55e465098008 <unknown>\n#16 0x55e4650981d7 <unknown>\n#17 0x55e4650aa124 <unknown>\n#18 0x7f4357094ac3 <unknown>","statusTrace":"self = <tests.test_workspaces.TestWorkspaces object at 0x7fb420b3eb90>\nsecret_data = {'email': '', 'password': ''}\n\n    @pytest.fixture(autouse=True)\n    def setup_method_fixture(self, secret_data: dict):\n>       login(secret_data, self.about_page, self.login_page)\n\ntests/test_workspaces.py:23: \n_ _ _ _ _ _ _ _ _ _ _ _ _ _ _ _ _ _ _ _ _ _ _ _ _ _ _ _ _ _ _ _ _ _ _ _ _ _ _ _ \ntests/test_workspaces.py:13: in login\n    about_page.click_login_link()\npages/about_page.py:20: in click_login_link\n    self.click(self.LOGIN_LINK)\npages/base_page.py:38: in click\n    el: WebElement = self.wait.until(\n_ _ _ _ _ _ _ _ _ _ _ _ _ _ _ _ _ _ _ _ _ _ _ _ _ _ _ _ _ _ _ _ _ _ _ _ _ _ _ _ \n\nself = <selenium.webdriver.support.wait.WebDriverWait (session=\"71f0de627e16329cb73bf85092de9be7\")>\nmethod = <function element_to_be_clickable.<locals>._predicate at 0x7fb420794e00>\nmessage = ''\n\n    def until(self, method, message: str = \"\"):\n        \"\"\"Calls the method provided with the driver as an argument until the \\\n        return value does not evaluate to ``False``.\n    \n        :param method: callable(WebDriver)\n        :param message: optional message for :exc:`TimeoutException`\n        :returns: the result of the last call to `method`\n        :raises: :exc:`selenium.common.exceptions.TimeoutException` if timeout occurs\n        \"\"\"\n        screen = None\n        stacktrace = None\n    \n        end_time = time.monotonic() + self._timeout\n        while True:\n            try:\n                value = method(self._driver)\n                if value:\n                    return value\n            except self._ignored_exceptions as exc:\n                screen = getattr(exc, \"screen\", None)\n                stacktrace = getattr(exc, \"stacktrace\", None)\n            time.sleep(self._poll)\n            if time.monotonic() > end_time:\n                break\n>       raise TimeoutException(message, screen, stacktrace)\nE       selenium.common.exceptions.TimeoutException: Message: \nE       Stacktrace:\nE       #0 0x55e4650aaf83 <unknown>\nE       #1 0x55e464d63cf7 <unknown>\nE       #2 0x55e464db399e <unknown>\nE       #3 0x55e464db3aa1 <unknown>\nE       #4 0x55e464dfed64 <unknown>\nE       #5 0x55e464ddd0dd <unknown>\nE       #6 0x55e464dfc006 <unknown>\nE       #7 0x55e464ddce53 <unknown>\nE       #8 0x55e464da4dd4 <unknown>\nE       #9 0x55e464da61de <unknown>\nE       #10 0x55e46506f531 <unknown>\nE       #11 0x55e465073455 <unknown>\nE       #12 0x55e46505bf55 <unknown>\nE       #13 0x55e4650740ef <unknown>\nE       #14 0x55e46503f99f <unknown>\nE       #15 0x55e465098008 <unknown>\nE       #16 0x55e4650981d7 <unknown>\nE       #17 0x55e4650aa124 <unknown>\nE       #18 0x7f4357094ac3 <unknown>\n\n.venv/lib/python3.11/site-packages/selenium/webdriver/support/wait.py:95: TimeoutException","steps":[],"attachments":[{"uid":"f0cc5635cbb87cbf","name":"public ip address","source":"f0cc5635cbb87cbf.txt","type":"text/plain","size":11},{"uid":"952f610834cab0bf","name":"Cookies","source":"952f610834cab0bf.json","type":"application/json","size":2},{"uid":"70c337abdf280b6","name":"Session Storage","source":"70c337abdf280b6.json","type":"application/json","size":2},{"uid":"591cf88a3c6dd5a0","name":"Local Storage","source":"591cf88a3c6dd5a0.json","type":"application/json","size":2},{"uid":"9e2e9366f2456161","name":"Console Logs","source":"9e2e9366f2456161.json","type":"application/json","size":2},{"uid":"8848a193815e9b86","name":"Full Page Screenshot","source":"8848a193815e9b86.png","type":"image/png","size":2655641},{"uid":"513fa0a057920168","name":"URL","source":"513fa0a057920168.uri","type":"text/uri-list","size":25},{"uid":"e54625ba7a0dd7d","name":"Network Logs","source":"e54625ba7a0dd7d.json","type":"application/json","size":14446}],"parameters":[],"shouldDisplayMessage":true,"stepsCount":0,"attachmentsCount":8,"hasContent":true,"attachmentStep":false},"afterStages":[],"labels":[{"name":"story","value":"WorkSpaces Creation and Editing Functionality"},{"name":"epic","value":"Workspaces"},{"name":"severity","value":"normal"},{"name":"tag","value":"run(order=4)"},{"name":"parentSuite","value":"tests"},{"name":"suite","value":"test_workspaces"},{"name":"subSuite","value":"TestWorkspaces"},{"name":"host","value":"fv-az1433-677"},{"name":"thread","value":"2338-MainThread"},{"name":"framework","value":"pytest"},{"name":"language","value":"cpython3"},{"name":"package","value":"tests.test_workspaces"},{"name":"resultFormat","value":"allure2"}],"parameters":[],"links":[],"hidden":false,"retry":false,"extra":{"severity":"normal","retries":[],"categories":[{"name":"Test defects","matchedStatuses":[],"flaky":false}],"tags":["run(order=4)"]},"source":"151a6dc3d8b32d5e.json","parameterValues":[]}