{"uid":"760375698cd6881c","name":"Add project to workspace test","fullName":"tests.test_workspaces.TestWorkspaces#test_add_project_to_workspace","historyId":"fc6ee288c49142976b6c23b6071583ec","time":{"start":1705211472516,"stop":1705211472516,"duration":0},"description":"Selecting and adding a project to workspace","descriptionHtml":"<p>Selecting and adding a project to workspace</p>\n","status":"broken","statusMessage":"selenium.common.exceptions.TimeoutException: Message: \nStacktrace:\n#0 0x560389e02f83 <unknown>\n#1 0x560389abbcf7 <unknown>\n#2 0x560389b0b99e <unknown>\n#3 0x560389b0baa1 <unknown>\n#4 0x560389b56d64 <unknown>\n#5 0x560389b350dd <unknown>\n#6 0x560389b54006 <unknown>\n#7 0x560389b34e53 <unknown>\n#8 0x560389afcdd4 <unknown>\n#9 0x560389afe1de <unknown>\n#10 0x560389dc7531 <unknown>\n#11 0x560389dcb455 <unknown>\n#12 0x560389db3f55 <unknown>\n#13 0x560389dcc0ef <unknown>\n#14 0x560389d9799f <unknown>\n#15 0x560389df0008 <unknown>\n#16 0x560389df01d7 <unknown>\n#17 0x560389e02124 <unknown>\n#18 0x7f9a25a94ac3 <unknown>","statusTrace":"self = <tests.test_workspaces.TestWorkspaces object at 0x7fb420b3e2d0>\nsecret_data = {'email': '', 'password': ''}\n\n    @pytest.fixture(autouse=True)\n    def setup_method_fixture(self, secret_data: dict):\n>       login(secret_data, self.about_page, self.login_page)\n\ntests/test_workspaces.py:23: \n_ _ _ _ _ _ _ _ _ _ _ _ _ _ _ _ _ _ _ _ _ _ _ _ _ _ _ _ _ _ _ _ _ _ _ _ _ _ _ _ \ntests/test_workspaces.py:13: in login\n    about_page.click_login_link()\npages/about_page.py:20: in click_login_link\n    self.click(self.LOGIN_LINK)\npages/base_page.py:38: in click\n    el: WebElement = self.wait.until(\n_ _ _ _ _ _ _ _ _ _ _ _ _ _ _ _ _ _ _ _ _ _ _ _ _ _ _ _ _ _ _ _ _ _ _ _ _ _ _ _ \n\nself = <selenium.webdriver.support.wait.WebDriverWait (session=\"754bca130bae33d92d097a0a6e1c192a\")>\nmethod = <function element_to_be_clickable.<locals>._predicate at 0x7fb420a171a0>\nmessage = ''\n\n    def until(self, method, message: str = \"\"):\n        \"\"\"Calls the method provided with the driver as an argument until the \\\n        return value does not evaluate to ``False``.\n    \n        :param method: callable(WebDriver)\n        :param message: optional message for :exc:`TimeoutException`\n        :returns: the result of the last call to `method`\n        :raises: :exc:`selenium.common.exceptions.TimeoutException` if timeout occurs\n        \"\"\"\n        screen = None\n        stacktrace = None\n    \n        end_time = time.monotonic() + self._timeout\n        while True:\n            try:\n                value = method(self._driver)\n                if value:\n                    return value\n            except self._ignored_exceptions as exc:\n                screen = getattr(exc, \"screen\", None)\n                stacktrace = getattr(exc, \"stacktrace\", None)\n            time.sleep(self._poll)\n            if time.monotonic() > end_time:\n                break\n>       raise TimeoutException(message, screen, stacktrace)\nE       selenium.common.exceptions.TimeoutException: Message: \nE       Stacktrace:\nE       #0 0x560389e02f83 <unknown>\nE       #1 0x560389abbcf7 <unknown>\nE       #2 0x560389b0b99e <unknown>\nE       #3 0x560389b0baa1 <unknown>\nE       #4 0x560389b56d64 <unknown>\nE       #5 0x560389b350dd <unknown>\nE       #6 0x560389b54006 <unknown>\nE       #7 0x560389b34e53 <unknown>\nE       #8 0x560389afcdd4 <unknown>\nE       #9 0x560389afe1de <unknown>\nE       #10 0x560389dc7531 <unknown>\nE       #11 0x560389dcb455 <unknown>\nE       #12 0x560389db3f55 <unknown>\nE       #13 0x560389dcc0ef <unknown>\nE       #14 0x560389d9799f <unknown>\nE       #15 0x560389df0008 <unknown>\nE       #16 0x560389df01d7 <unknown>\nE       #17 0x560389e02124 <unknown>\nE       #18 0x7f9a25a94ac3 <unknown>\n\n.venv/lib/python3.11/site-packages/selenium/webdriver/support/wait.py:95: TimeoutException","flaky":false,"newFailed":false,"newBroken":false,"newPassed":false,"retriesCount":0,"retriesStatusChange":false,"beforeStages":[{"name":"secret_data","time":{"start":1705211374422,"stop":1705211374422,"duration":0},"status":"passed","steps":[],"attachments":[],"parameters":[],"shouldDisplayMessage":false,"stepsCount":0,"attachmentsCount":0,"hasContent":false,"attachmentStep":false},{"name":"json_data","time":{"start":1705211374422,"stop":1705211374422,"duration":0},"status":"passed","steps":[],"attachments":[],"parameters":[],"shouldDisplayMessage":false,"stepsCount":0,"attachmentsCount":0,"hasContent":false,"attachmentStep":false},{"name":"_verify_url","time":{"start":1705211374422,"stop":1705211374422,"duration":0},"status":"passed","steps":[],"attachments":[],"parameters":[],"shouldDisplayMessage":false,"stepsCount":0,"attachmentsCount":0,"hasContent":false,"attachmentStep":false},{"name":"base_url","time":{"start":1705211374422,"stop":1705211374422,"duration":0},"status":"passed","steps":[],"attachments":[],"parameters":[],"shouldDisplayMessage":false,"stepsCount":0,"attachmentsCount":0,"hasContent":false,"attachmentStep":false},{"name":"setup_method_fixture","time":{"start":1705211473585,"stop":1705211483879,"duration":10294},"status":"broken","statusMessage":"selenium.common.exceptions.TimeoutException: Message: \nStacktrace:\n#0 0x560389e02f83 <unknown>\n#1 0x560389abbcf7 <unknown>\n#2 0x560389b0b99e <unknown>\n#3 0x560389b0baa1 <unknown>\n#4 0x560389b56d64 <unknown>\n#5 0x560389b350dd <unknown>\n#6 0x560389b54006 <unknown>\n#7 0x560389b34e53 <unknown>\n#8 0x560389afcdd4 <unknown>\n#9 0x560389afe1de <unknown>\n#10 0x560389dc7531 <unknown>\n#11 0x560389dcb455 <unknown>\n#12 0x560389db3f55 <unknown>\n#13 0x560389dcc0ef <unknown>\n#14 0x560389d9799f <unknown>\n#15 0x560389df0008 <unknown>\n#16 0x560389df01d7 <unknown>\n#17 0x560389e02124 <unknown>\n#18 0x7f9a25a94ac3 <unknown>\n\n","statusTrace":"  File \"/home/runner/work/kisangateway-test/kisangateway-test/.venv/lib/python3.11/site-packages/pluggy/_callers.py\", line 80, in _multicall\n    res = hook_impl.function(*args)\n          ^^^^^^^^^^^^^^^^^^^^^^^^^\n  File \"/home/runner/work/kisangateway-test/kisangateway-test/.venv/lib/python3.11/site-packages/_pytest/fixtures.py\", line 1123, in pytest_fixture_setup\n    result = call_fixture_func(fixturefunc, request, kwargs)\n             ^^^^^^^^^^^^^^^^^^^^^^^^^^^^^^^^^^^^^^^^^^^^^^^\n  File \"/home/runner/work/kisangateway-test/kisangateway-test/.venv/lib/python3.11/site-packages/_pytest/fixtures.py\", line 902, in call_fixture_func\n    fixture_result = fixturefunc(**kwargs)\n                     ^^^^^^^^^^^^^^^^^^^^^\n  File \"/home/runner/work/kisangateway-test/kisangateway-test/tests/test_workspaces.py\", line 23, in setup_method_fixture\n    login(secret_data, self.about_page, self.login_page)\n  File \"/home/runner/work/kisangateway-test/kisangateway-test/tests/test_workspaces.py\", line 13, in login\n    about_page.click_login_link()\n  File \"/home/runner/work/kisangateway-test/kisangateway-test/.venv/lib/python3.11/site-packages/allure_commons/_allure.py\", line 192, in impl\n    return func(*a, **kw)\n           ^^^^^^^^^^^^^^\n  File \"/home/runner/work/kisangateway-test/kisangateway-test/pages/about_page.py\", line 20, in click_login_link\n    self.click(self.LOGIN_LINK)\n  File \"/home/runner/work/kisangateway-test/kisangateway-test/pages/base_page.py\", line 38, in click\n    el: WebElement = self.wait.until(\n                     ^^^^^^^^^^^^^^^^\n  File \"/home/runner/work/kisangateway-test/kisangateway-test/.venv/lib/python3.11/site-packages/selenium/webdriver/support/wait.py\", line 95, in until\n    raise TimeoutException(message, screen, stacktrace)\n","steps":[{"name":"Click Login link","time":{"start":1705211473585,"stop":1705211483878,"duration":10293},"status":"broken","statusMessage":"selenium.common.exceptions.TimeoutException: Message: \nStacktrace:\n#0 0x560389e02f83 <unknown>\n#1 0x560389abbcf7 <unknown>\n#2 0x560389b0b99e <unknown>\n#3 0x560389b0baa1 <unknown>\n#4 0x560389b56d64 <unknown>\n#5 0x560389b350dd <unknown>\n#6 0x560389b54006 <unknown>\n#7 0x560389b34e53 <unknown>\n#8 0x560389afcdd4 <unknown>\n#9 0x560389afe1de <unknown>\n#10 0x560389dc7531 <unknown>\n#11 0x560389dcb455 <unknown>\n#12 0x560389db3f55 <unknown>\n#13 0x560389dcc0ef <unknown>\n#14 0x560389d9799f <unknown>\n#15 0x560389df0008 <unknown>\n#16 0x560389df01d7 <unknown>\n#17 0x560389e02124 <unknown>\n#18 0x7f9a25a94ac3 <unknown>\n\n","statusTrace":"  File \"/home/runner/work/kisangateway-test/kisangateway-test/.venv/lib/python3.11/site-packages/allure_commons/_allure.py\", line 192, in impl\n    return func(*a, **kw)\n           ^^^^^^^^^^^^^^\n  File \"/home/runner/work/kisangateway-test/kisangateway-test/pages/about_page.py\", line 20, in click_login_link\n    self.click(self.LOGIN_LINK)\n  File \"/home/runner/work/kisangateway-test/kisangateway-test/pages/base_page.py\", line 38, in click\n    el: WebElement = self.wait.until(\n                     ^^^^^^^^^^^^^^^^\n  File \"/home/runner/work/kisangateway-test/kisangateway-test/.venv/lib/python3.11/site-packages/selenium/webdriver/support/wait.py\", line 95, in until\n    raise TimeoutException(message, screen, stacktrace)\n","steps":[],"attachments":[],"parameters":[],"shouldDisplayMessage":true,"stepsCount":0,"attachmentsCount":0,"hasContent":true,"attachmentStep":false}],"attachments":[],"parameters":[],"shouldDisplayMessage":false,"stepsCount":1,"attachmentsCount":0,"hasContent":true,"attachmentStep":false}],"testStage":{"description":"Selecting and adding a project to workspace","status":"broken","statusMessage":"selenium.common.exceptions.TimeoutException: Message: \nStacktrace:\n#0 0x560389e02f83 <unknown>\n#1 0x560389abbcf7 <unknown>\n#2 0x560389b0b99e <unknown>\n#3 0x560389b0baa1 <unknown>\n#4 0x560389b56d64 <unknown>\n#5 0x560389b350dd <unknown>\n#6 0x560389b54006 <unknown>\n#7 0x560389b34e53 <unknown>\n#8 0x560389afcdd4 <unknown>\n#9 0x560389afe1de <unknown>\n#10 0x560389dc7531 <unknown>\n#11 0x560389dcb455 <unknown>\n#12 0x560389db3f55 <unknown>\n#13 0x560389dcc0ef <unknown>\n#14 0x560389d9799f <unknown>\n#15 0x560389df0008 <unknown>\n#16 0x560389df01d7 <unknown>\n#17 0x560389e02124 <unknown>\n#18 0x7f9a25a94ac3 <unknown>","statusTrace":"self = <tests.test_workspaces.TestWorkspaces object at 0x7fb420b3e2d0>\nsecret_data = {'email': '', 'password': ''}\n\n    @pytest.fixture(autouse=True)\n    def setup_method_fixture(self, secret_data: dict):\n>       login(secret_data, self.about_page, self.login_page)\n\ntests/test_workspaces.py:23: \n_ _ _ _ _ _ _ _ _ _ _ _ _ _ _ _ _ _ _ _ _ _ _ _ _ _ _ _ _ _ _ _ _ _ _ _ _ _ _ _ \ntests/test_workspaces.py:13: in login\n    about_page.click_login_link()\npages/about_page.py:20: in click_login_link\n    self.click(self.LOGIN_LINK)\npages/base_page.py:38: in click\n    el: WebElement = self.wait.until(\n_ _ _ _ _ _ _ _ _ _ _ _ _ _ _ _ _ _ _ _ _ _ _ _ _ _ _ _ _ _ _ _ _ _ _ _ _ _ _ _ \n\nself = <selenium.webdriver.support.wait.WebDriverWait (session=\"754bca130bae33d92d097a0a6e1c192a\")>\nmethod = <function element_to_be_clickable.<locals>._predicate at 0x7fb420a171a0>\nmessage = ''\n\n    def until(self, method, message: str = \"\"):\n        \"\"\"Calls the method provided with the driver as an argument until the \\\n        return value does not evaluate to ``False``.\n    \n        :param method: callable(WebDriver)\n        :param message: optional message for :exc:`TimeoutException`\n        :returns: the result of the last call to `method`\n        :raises: :exc:`selenium.common.exceptions.TimeoutException` if timeout occurs\n        \"\"\"\n        screen = None\n        stacktrace = None\n    \n        end_time = time.monotonic() + self._timeout\n        while True:\n            try:\n                value = method(self._driver)\n                if value:\n                    return value\n            except self._ignored_exceptions as exc:\n                screen = getattr(exc, \"screen\", None)\n                stacktrace = getattr(exc, \"stacktrace\", None)\n            time.sleep(self._poll)\n            if time.monotonic() > end_time:\n                break\n>       raise TimeoutException(message, screen, stacktrace)\nE       selenium.common.exceptions.TimeoutException: Message: \nE       Stacktrace:\nE       #0 0x560389e02f83 <unknown>\nE       #1 0x560389abbcf7 <unknown>\nE       #2 0x560389b0b99e <unknown>\nE       #3 0x560389b0baa1 <unknown>\nE       #4 0x560389b56d64 <unknown>\nE       #5 0x560389b350dd <unknown>\nE       #6 0x560389b54006 <unknown>\nE       #7 0x560389b34e53 <unknown>\nE       #8 0x560389afcdd4 <unknown>\nE       #9 0x560389afe1de <unknown>\nE       #10 0x560389dc7531 <unknown>\nE       #11 0x560389dcb455 <unknown>\nE       #12 0x560389db3f55 <unknown>\nE       #13 0x560389dcc0ef <unknown>\nE       #14 0x560389d9799f <unknown>\nE       #15 0x560389df0008 <unknown>\nE       #16 0x560389df01d7 <unknown>\nE       #17 0x560389e02124 <unknown>\nE       #18 0x7f9a25a94ac3 <unknown>\n\n.venv/lib/python3.11/site-packages/selenium/webdriver/support/wait.py:95: TimeoutException","steps":[],"attachments":[{"uid":"3d221c924587b7f7","name":"public ip address","source":"3d221c924587b7f7.txt","type":"text/plain","size":11},{"uid":"1d7cb92c8edb2e5","name":"Cookies","source":"1d7cb92c8edb2e5.json","type":"application/json","size":2},{"uid":"939fef9d916e89d","name":"Session Storage","source":"939fef9d916e89d.json","type":"application/json","size":2},{"uid":"88a694c2119c97c7","name":"Local Storage","source":"88a694c2119c97c7.json","type":"application/json","size":2},{"uid":"45a058e1eff1fa26","name":"Console Logs","source":"45a058e1eff1fa26.json","type":"application/json","size":2},{"uid":"e4b6ac0be36f0bf7","name":"Full Page Screenshot","source":"e4b6ac0be36f0bf7.png","type":"image/png","size":2655641},{"uid":"a0092dfdade81263","name":"URL","source":"a0092dfdade81263.uri","type":"text/uri-list","size":25},{"uid":"7c4ef4343569be55","name":"Network Logs","source":"7c4ef4343569be55.json","type":"application/json","size":14395}],"parameters":[],"shouldDisplayMessage":true,"stepsCount":0,"attachmentsCount":8,"hasContent":true,"attachmentStep":false},"afterStages":[],"labels":[{"name":"story","value":"WorkSpaces Creation and Editing Functionality"},{"name":"epic","value":"Workspaces"},{"name":"severity","value":"normal"},{"name":"tag","value":"run(order=5)"},{"name":"parentSuite","value":"tests"},{"name":"suite","value":"test_workspaces"},{"name":"subSuite","value":"TestWorkspaces"},{"name":"host","value":"fv-az1433-677"},{"name":"thread","value":"2338-MainThread"},{"name":"framework","value":"pytest"},{"name":"language","value":"cpython3"},{"name":"package","value":"tests.test_workspaces"},{"name":"resultFormat","value":"allure2"}],"parameters":[],"links":[],"hidden":false,"retry":false,"extra":{"severity":"normal","retries":[],"categories":[{"name":"Test defects","matchedStatuses":[],"flaky":false}],"tags":["run(order=5)"]},"source":"760375698cd6881c.json","parameterValues":[]}