{"uid":"eed3742ca9cb9c8e","name":"Forgot Password with valid email test","fullName":"tests.test_forgot_password.TestForgotPassword#test_valid_email","historyId":"7ff7e178fd4f5b4b8deb31c8fc69c6a9","time":{"start":1707267684364,"stop":1707267694640,"duration":10276},"description":"Forgot password with a valid email address","descriptionHtml":"<p>Forgot password with a valid email address</p>\n","status":"broken","statusMessage":"selenium.common.exceptions.TimeoutException: Message: \nStacktrace:\n#0 0x561c14c4cd93 <unknown>\n#1 0x561c14930337 <unknown>\n#2 0x561c1497bd60 <unknown>\n#3 0x561c1497be51 <unknown>\n#4 0x561c149bfbc4 <unknown>\n#5 0x561c1499e46d <unknown>\n#6 0x561c149bd12d <unknown>\n#7 0x561c1499e1e3 <unknown>\n#8 0x561c1496e135 <unknown>\n#9 0x561c1496f13e <unknown>\n#10 0x561c14c10e4b <unknown>\n#11 0x561c14c14dfa <unknown>\n#12 0x561c14bfd6d5 <unknown>\n#13 0x561c14c15a6f <unknown>\n#14 0x561c14be169f <unknown>\n#15 0x561c14c3a098 <unknown>\n#16 0x561c14c3a262 <unknown>\n#17 0x561c14c4bf34 <unknown>\n#18 0x7f68fd494ac3 <unknown>","statusTrace":"self = <tests.test_forgot_password.TestForgotPassword object at 0x7f45bee09dd0>\njson_data = {'forgot_password': {'error_message': \"We can't find a user with that e-mail address.\", 'success_message': 'A reset li...you page', 'name': 'test', 'new_name': 'another test', 'no_project_found_msg': 'No project matches the criteria', ...}}\nsecret_data = {'email': '', 'password': ''}\n\n    @allure.description(\"Forgot password with a valid email address\")\n    @allure.title(\"Forgot Password with valid email test\")\n    def test_valid_email(self, json_data: dict, secret_data: dict):\n>       self.about_page.click_login_link()\n\ntests/test_forgot_password.py:19: \n_ _ _ _ _ _ _ _ _ _ _ _ _ _ _ _ _ _ _ _ _ _ _ _ _ _ _ _ _ _ _ _ _ _ _ _ _ _ _ _ \npages/about_page.py:20: in click_login_link\n    self.click(self.LOGIN_LINK)\npages/base_page.py:38: in click\n    el: WebElement = self.wait.until(\n_ _ _ _ _ _ _ _ _ _ _ _ _ _ _ _ _ _ _ _ _ _ _ _ _ _ _ _ _ _ _ _ _ _ _ _ _ _ _ _ \n\nself = <selenium.webdriver.support.wait.WebDriverWait (session=\"c72c607f684568290d7b7444d775f0c5\")>\nmethod = <function element_to_be_clickable.<locals>._predicate at 0x7f45beb376a0>\nmessage = ''\n\n    def until(self, method, message: str = \"\"):\n        \"\"\"Calls the method provided with the driver as an argument until the \\\n        return value does not evaluate to ``False``.\n    \n        :param method: callable(WebDriver)\n        :param message: optional message for :exc:`TimeoutException`\n        :returns: the result of the last call to `method`\n        :raises: :exc:`selenium.common.exceptions.TimeoutException` if timeout occurs\n        \"\"\"\n        screen = None\n        stacktrace = None\n    \n        end_time = time.monotonic() + self._timeout\n        while True:\n            try:\n                value = method(self._driver)\n                if value:\n                    return value\n            except self._ignored_exceptions as exc:\n                screen = getattr(exc, \"screen\", None)\n                stacktrace = getattr(exc, \"stacktrace\", None)\n            time.sleep(self._poll)\n            if time.monotonic() > end_time:\n                break\n>       raise TimeoutException(message, screen, stacktrace)\nE       selenium.common.exceptions.TimeoutException: Message: \nE       Stacktrace:\nE       #0 0x561c14c4cd93 <unknown>\nE       #1 0x561c14930337 <unknown>\nE       #2 0x561c1497bd60 <unknown>\nE       #3 0x561c1497be51 <unknown>\nE       #4 0x561c149bfbc4 <unknown>\nE       #5 0x561c1499e46d <unknown>\nE       #6 0x561c149bd12d <unknown>\nE       #7 0x561c1499e1e3 <unknown>\nE       #8 0x561c1496e135 <unknown>\nE       #9 0x561c1496f13e <unknown>\nE       #10 0x561c14c10e4b <unknown>\nE       #11 0x561c14c14dfa <unknown>\nE       #12 0x561c14bfd6d5 <unknown>\nE       #13 0x561c14c15a6f <unknown>\nE       #14 0x561c14be169f <unknown>\nE       #15 0x561c14c3a098 <unknown>\nE       #16 0x561c14c3a262 <unknown>\nE       #17 0x561c14c4bf34 <unknown>\nE       #18 0x7f68fd494ac3 <unknown>\n\n.venv/lib/python3.11/site-packages/selenium/webdriver/support/wait.py:95: TimeoutException","flaky":false,"newFailed":false,"newBroken":false,"newPassed":false,"retriesCount":0,"retriesStatusChange":false,"beforeStages":[{"name":"secret_data","time":{"start":1707267520455,"stop":1707267520456,"duration":1},"status":"passed","steps":[],"attachments":[],"parameters":[],"shouldDisplayMessage":false,"stepsCount":0,"attachmentsCount":0,"hasContent":false,"attachmentStep":false},{"name":"base_url","time":{"start":1707267520455,"stop":1707267520455,"duration":0},"status":"passed","steps":[],"attachments":[],"parameters":[],"shouldDisplayMessage":false,"stepsCount":0,"attachmentsCount":0,"hasContent":false,"attachmentStep":false},{"name":"_verify_url","time":{"start":1707267520455,"stop":1707267520455,"duration":0},"status":"passed","steps":[],"attachments":[],"parameters":[],"shouldDisplayMessage":false,"stepsCount":0,"attachmentsCount":0,"hasContent":false,"attachmentStep":false},{"name":"json_data","time":{"start":1707267520456,"stop":1707267520456,"duration":0},"status":"passed","steps":[],"attachments":[],"parameters":[],"shouldDisplayMessage":false,"stepsCount":0,"attachmentsCount":0,"hasContent":false,"attachmentStep":false}],"testStage":{"description":"Forgot password with a valid email address","status":"broken","statusMessage":"selenium.common.exceptions.TimeoutException: Message: \nStacktrace:\n#0 0x561c14c4cd93 <unknown>\n#1 0x561c14930337 <unknown>\n#2 0x561c1497bd60 <unknown>\n#3 0x561c1497be51 <unknown>\n#4 0x561c149bfbc4 <unknown>\n#5 0x561c1499e46d <unknown>\n#6 0x561c149bd12d <unknown>\n#7 0x561c1499e1e3 <unknown>\n#8 0x561c1496e135 <unknown>\n#9 0x561c1496f13e <unknown>\n#10 0x561c14c10e4b <unknown>\n#11 0x561c14c14dfa <unknown>\n#12 0x561c14bfd6d5 <unknown>\n#13 0x561c14c15a6f <unknown>\n#14 0x561c14be169f <unknown>\n#15 0x561c14c3a098 <unknown>\n#16 0x561c14c3a262 <unknown>\n#17 0x561c14c4bf34 <unknown>\n#18 0x7f68fd494ac3 <unknown>","statusTrace":"self = <tests.test_forgot_password.TestForgotPassword object at 0x7f45bee09dd0>\njson_data = {'forgot_password': {'error_message': \"We can't find a user with that e-mail address.\", 'success_message': 'A reset li...you page', 'name': 'test', 'new_name': 'another test', 'no_project_found_msg': 'No project matches the criteria', ...}}\nsecret_data = {'email': '', 'password': ''}\n\n    @allure.description(\"Forgot password with a valid email address\")\n    @allure.title(\"Forgot Password with valid email test\")\n    def test_valid_email(self, json_data: dict, secret_data: dict):\n>       self.about_page.click_login_link()\n\ntests/test_forgot_password.py:19: \n_ _ _ _ _ _ _ _ _ _ _ _ _ _ _ _ _ _ _ _ _ _ _ _ _ _ _ _ _ _ _ _ _ _ _ _ _ _ _ _ \npages/about_page.py:20: in click_login_link\n    self.click(self.LOGIN_LINK)\npages/base_page.py:38: in click\n    el: WebElement = self.wait.until(\n_ _ _ _ _ _ _ _ _ _ _ _ _ _ _ _ _ _ _ _ _ _ _ _ _ _ _ _ _ _ _ _ _ _ _ _ _ _ _ _ \n\nself = <selenium.webdriver.support.wait.WebDriverWait (session=\"c72c607f684568290d7b7444d775f0c5\")>\nmethod = <function element_to_be_clickable.<locals>._predicate at 0x7f45beb376a0>\nmessage = ''\n\n    def until(self, method, message: str = \"\"):\n        \"\"\"Calls the method provided with the driver as an argument until the \\\n        return value does not evaluate to ``False``.\n    \n        :param method: callable(WebDriver)\n        :param message: optional message for :exc:`TimeoutException`\n        :returns: the result of the last call to `method`\n        :raises: :exc:`selenium.common.exceptions.TimeoutException` if timeout occurs\n        \"\"\"\n        screen = None\n        stacktrace = None\n    \n        end_time = time.monotonic() + self._timeout\n        while True:\n            try:\n                value = method(self._driver)\n                if value:\n                    return value\n            except self._ignored_exceptions as exc:\n                screen = getattr(exc, \"screen\", None)\n                stacktrace = getattr(exc, \"stacktrace\", None)\n            time.sleep(self._poll)\n            if time.monotonic() > end_time:\n                break\n>       raise TimeoutException(message, screen, stacktrace)\nE       selenium.common.exceptions.TimeoutException: Message: \nE       Stacktrace:\nE       #0 0x561c14c4cd93 <unknown>\nE       #1 0x561c14930337 <unknown>\nE       #2 0x561c1497bd60 <unknown>\nE       #3 0x561c1497be51 <unknown>\nE       #4 0x561c149bfbc4 <unknown>\nE       #5 0x561c1499e46d <unknown>\nE       #6 0x561c149bd12d <unknown>\nE       #7 0x561c1499e1e3 <unknown>\nE       #8 0x561c1496e135 <unknown>\nE       #9 0x561c1496f13e <unknown>\nE       #10 0x561c14c10e4b <unknown>\nE       #11 0x561c14c14dfa <unknown>\nE       #12 0x561c14bfd6d5 <unknown>\nE       #13 0x561c14c15a6f <unknown>\nE       #14 0x561c14be169f <unknown>\nE       #15 0x561c14c3a098 <unknown>\nE       #16 0x561c14c3a262 <unknown>\nE       #17 0x561c14c4bf34 <unknown>\nE       #18 0x7f68fd494ac3 <unknown>\n\n.venv/lib/python3.11/site-packages/selenium/webdriver/support/wait.py:95: TimeoutException","steps":[{"name":"Click Login link","time":{"start":1707267684364,"stop":1707267694640,"duration":10276},"status":"broken","statusMessage":"selenium.common.exceptions.TimeoutException: Message: \nStacktrace:\n#0 0x561c14c4cd93 <unknown>\n#1 0x561c14930337 <unknown>\n#2 0x561c1497bd60 <unknown>\n#3 0x561c1497be51 <unknown>\n#4 0x561c149bfbc4 <unknown>\n#5 0x561c1499e46d <unknown>\n#6 0x561c149bd12d <unknown>\n#7 0x561c1499e1e3 <unknown>\n#8 0x561c1496e135 <unknown>\n#9 0x561c1496f13e <unknown>\n#10 0x561c14c10e4b <unknown>\n#11 0x561c14c14dfa <unknown>\n#12 0x561c14bfd6d5 <unknown>\n#13 0x561c14c15a6f <unknown>\n#14 0x561c14be169f <unknown>\n#15 0x561c14c3a098 <unknown>\n#16 0x561c14c3a262 <unknown>\n#17 0x561c14c4bf34 <unknown>\n#18 0x7f68fd494ac3 <unknown>\n\n","statusTrace":"  File \"/home/runner/work/kisangateway-test/kisangateway-test/.venv/lib/python3.11/site-packages/allure_commons/_allure.py\", line 192, in impl\n    return func(*a, **kw)\n           ^^^^^^^^^^^^^^\n  File \"/home/runner/work/kisangateway-test/kisangateway-test/pages/about_page.py\", line 20, in click_login_link\n    self.click(self.LOGIN_LINK)\n  File \"/home/runner/work/kisangateway-test/kisangateway-test/pages/base_page.py\", line 38, in click\n    el: WebElement = self.wait.until(\n                     ^^^^^^^^^^^^^^^^\n  File \"/home/runner/work/kisangateway-test/kisangateway-test/.venv/lib/python3.11/site-packages/selenium/webdriver/support/wait.py\", line 95, in until\n    raise TimeoutException(message, screen, stacktrace)\n","steps":[],"attachments":[],"parameters":[],"shouldDisplayMessage":true,"stepsCount":0,"attachmentsCount":0,"hasContent":true,"attachmentStep":false}],"attachments":[{"uid":"3facde64fb5a32d6","name":"public ip address","source":"3facde64fb5a32d6.txt","type":"text/plain","size":14},{"uid":"478c57c12386f007","name":"Cookies","source":"478c57c12386f007.json","type":"application/json","size":2},{"uid":"860d01163a497c6a","name":"Session Storage","source":"860d01163a497c6a.json","type":"application/json","size":2},{"uid":"638a9fc2c8309a2f","name":"Local Storage","source":"638a9fc2c8309a2f.json","type":"application/json","size":77},{"uid":"a06f78a6b65de3cd","name":"Console Logs","source":"a06f78a6b65de3cd.json","type":"application/json","size":599},{"uid":"8cde643817811dad","name":"Full Page Screenshot","source":"8cde643817811dad.png","type":"image/png","size":2471852},{"uid":"ad6b0961dd78f520","name":"URL","source":"ad6b0961dd78f520.uri","type":"text/uri-list","size":25},{"uid":"b5fbf6d0fd157f96","name":"Network Logs","source":"b5fbf6d0fd157f96.json","type":"application/json","size":1282040}],"parameters":[],"shouldDisplayMessage":true,"stepsCount":1,"attachmentsCount":8,"hasContent":true,"attachmentStep":false},"afterStages":[],"labels":[{"name":"suite","value":"Custom suite"},{"name":"subSuite","value":"Custom sub suite"},{"name":"parentSuite","value":"Custom parent suite"},{"name":"severity","value":"critical"},{"name":"story","value":"Forgot Password Feature's Functionality"},{"name":"epic","value":"Security"},{"name":"tag","value":"security"},{"name":"host","value":"fv-az693-132"},{"name":"thread","value":"2157-MainThread"},{"name":"framework","value":"pytest"},{"name":"language","value":"cpython3"},{"name":"package","value":"tests.test_forgot_password"},{"name":"resultFormat","value":"allure2"}],"parameters":[],"links":[],"hidden":false,"retry":false,"extra":{"severity":"critical","retries":[],"categories":[{"name":"Test defects","matchedStatuses":[],"flaky":false}],"tags":["security"]},"source":"eed3742ca9cb9c8e.json","parameterValues":[]}