{"uid":"129f62f0a6afb8c4","name":"Logout of system test","fullName":"tests.test_login.TestLogin#test_logout","historyId":"b90200cedc51a1ecbba9a19fbdbf8893","time":{"start":1707440422698,"stop":1707440432944,"duration":10246},"description":"Log out from app","descriptionHtml":"<p>Log out from app</p>\n","status":"broken","statusMessage":"selenium.common.exceptions.TimeoutException: Message: \nStacktrace:\n#0 0x5573aee23d93 <unknown>\n#1 0x5573aeb07337 <unknown>\n#2 0x5573aeb52d60 <unknown>\n#3 0x5573aeb52e51 <unknown>\n#4 0x5573aeb96bc4 <unknown>\n#5 0x5573aeb7546d <unknown>\n#6 0x5573aeb9412d <unknown>\n#7 0x5573aeb751e3 <unknown>\n#8 0x5573aeb45135 <unknown>\n#9 0x5573aeb4613e <unknown>\n#10 0x5573aede7e4b <unknown>\n#11 0x5573aedebdfa <unknown>\n#12 0x5573aedd46d5 <unknown>\n#13 0x5573aedeca6f <unknown>\n#14 0x5573aedb869f <unknown>\n#15 0x5573aee11098 <unknown>\n#16 0x5573aee11262 <unknown>\n#17 0x5573aee22f34 <unknown>\n#18 0x7ff24c494ac3 <unknown>","statusTrace":"self = <tests.test_login.TestLogin object at 0x7fe74710e490>\njson_data = {'forgot_password': {'error_message': \"We can't find a user with that e-mail address.\", 'success_message': 'A reset li...you page', 'name': 'test', 'new_name': 'another test', 'no_project_found_msg': 'No project matches the criteria', ...}}\nsecret_data = {'email': '', 'password': ''}\n\n    @allure.description(\"Log out from app\")\n    @allure.title(\"Logout of system test\")\n    @allure.story(\"As a user i want to be able to logout after a successful login.\")\n    @pytest.mark.run(order=2)\n    def test_logout(self, json_data: dict, secret_data: dict):\n        # example of a simple text attachment\n        allure.attach(\n            \"<h1>Example html attachment</h1>\",\n            name=\"HTML example\",\n            attachment_type=allure.attachment_type.HTML,\n        )\n        allure.attach(\n            \"Some text content\",\n            name=\"TXT example\",\n            attachment_type=allure.attachment_type.TEXT,\n        )\n        allure.attach(\n            \"first,second,third\\none,two,three\",\n            name=\"CSV example\",\n            attachment_type=allure.attachment_type.CSV,\n        )\n        allure.attach(\n            json.dumps({\"first\": 1, \"second\": 2}, indent=2),\n            name=\"JSON example\",\n            attachment_type=allure.attachment_type.JSON,\n        )\n        xml_content = \"\"\"<?xml version=\"1.0\" encoding=\"UTF-8\"?>\n            <tag>\n                 <inside>...</inside>\n             </tag>\n         \"\"\"\n        allure.attach(\n            xml_content,\n            name=\"some attachment name\",\n            attachment_type=allure.attachment_type.XML,\n        )\n        allure.attach(\n            \"\\n\".join(\n                [\n                    \"https://github.com/allure-framework\",\n                    \"https://github.com/allure-examples\",\n                ]\n            ),\n            name=\"URI List example\",\n            attachment_type=allure.attachment_type.URI_LIST,\n        )\n>       self.about_page.click_login_link()\n\ntests/test_login.py:90: \n_ _ _ _ _ _ _ _ _ _ _ _ _ _ _ _ _ _ _ _ _ _ _ _ _ _ _ _ _ _ _ _ _ _ _ _ _ _ _ _ \npages/about_page.py:20: in click_login_link\n    self.click(self.LOGIN_LINK)\npages/base_page.py:38: in click\n    el: WebElement = self.wait.until(\n_ _ _ _ _ _ _ _ _ _ _ _ _ _ _ _ _ _ _ _ _ _ _ _ _ _ _ _ _ _ _ _ _ _ _ _ _ _ _ _ \n\nself = <selenium.webdriver.support.wait.WebDriverWait (session=\"aa40b80d0956d174c1dd89097e47a736\")>\nmethod = <function element_to_be_clickable.<locals>._predicate at 0x7fe7470d6a20>\nmessage = ''\n\n    def until(self, method, message: str = \"\"):\n        \"\"\"Calls the method provided with the driver as an argument until the \\\n        return value does not evaluate to ``False``.\n    \n        :param method: callable(WebDriver)\n        :param message: optional message for :exc:`TimeoutException`\n        :returns: the result of the last call to `method`\n        :raises: :exc:`selenium.common.exceptions.TimeoutException` if timeout occurs\n        \"\"\"\n        screen = None\n        stacktrace = None\n    \n        end_time = time.monotonic() + self._timeout\n        while True:\n            try:\n                value = method(self._driver)\n                if value:\n                    return value\n            except self._ignored_exceptions as exc:\n                screen = getattr(exc, \"screen\", None)\n                stacktrace = getattr(exc, \"stacktrace\", None)\n            time.sleep(self._poll)\n            if time.monotonic() > end_time:\n                break\n>       raise TimeoutException(message, screen, stacktrace)\nE       selenium.common.exceptions.TimeoutException: Message: \nE       Stacktrace:\nE       #0 0x5573aee23d93 <unknown>\nE       #1 0x5573aeb07337 <unknown>\nE       #2 0x5573aeb52d60 <unknown>\nE       #3 0x5573aeb52e51 <unknown>\nE       #4 0x5573aeb96bc4 <unknown>\nE       #5 0x5573aeb7546d <unknown>\nE       #6 0x5573aeb9412d <unknown>\nE       #7 0x5573aeb751e3 <unknown>\nE       #8 0x5573aeb45135 <unknown>\nE       #9 0x5573aeb4613e <unknown>\nE       #10 0x5573aede7e4b <unknown>\nE       #11 0x5573aedebdfa <unknown>\nE       #12 0x5573aedd46d5 <unknown>\nE       #13 0x5573aedeca6f <unknown>\nE       #14 0x5573aedb869f <unknown>\nE       #15 0x5573aee11098 <unknown>\nE       #16 0x5573aee11262 <unknown>\nE       #17 0x5573aee22f34 <unknown>\nE       #18 0x7ff24c494ac3 <unknown>\n\n.venv/lib/python3.11/site-packages/selenium/webdriver/support/wait.py:95: TimeoutException","flaky":false,"newFailed":false,"newBroken":false,"newPassed":false,"retriesCount":0,"retriesStatusChange":false,"beforeStages":[{"name":"base_url","time":{"start":1707440397360,"stop":1707440397360,"duration":0},"status":"passed","steps":[],"attachments":[],"parameters":[],"shouldDisplayMessage":false,"stepsCount":0,"attachmentsCount":0,"hasContent":false,"attachmentStep":false},{"name":"_verify_url","time":{"start":1707440397361,"stop":1707440397361,"duration":0},"status":"passed","steps":[],"attachments":[],"parameters":[],"shouldDisplayMessage":false,"stepsCount":0,"attachmentsCount":0,"hasContent":false,"attachmentStep":false},{"name":"json_data","time":{"start":1707440397361,"stop":1707440397361,"duration":0},"status":"passed","steps":[],"attachments":[],"parameters":[],"shouldDisplayMessage":false,"stepsCount":0,"attachmentsCount":0,"hasContent":false,"attachmentStep":false},{"name":"secret_data","time":{"start":1707440397361,"stop":1707440397361,"duration":0},"status":"passed","steps":[],"attachments":[],"parameters":[],"shouldDisplayMessage":false,"stepsCount":0,"attachmentsCount":0,"hasContent":false,"attachmentStep":false}],"testStage":{"description":"Log out from app","status":"broken","statusMessage":"selenium.common.exceptions.TimeoutException: Message: \nStacktrace:\n#0 0x5573aee23d93 <unknown>\n#1 0x5573aeb07337 <unknown>\n#2 0x5573aeb52d60 <unknown>\n#3 0x5573aeb52e51 <unknown>\n#4 0x5573aeb96bc4 <unknown>\n#5 0x5573aeb7546d <unknown>\n#6 0x5573aeb9412d <unknown>\n#7 0x5573aeb751e3 <unknown>\n#8 0x5573aeb45135 <unknown>\n#9 0x5573aeb4613e <unknown>\n#10 0x5573aede7e4b <unknown>\n#11 0x5573aedebdfa <unknown>\n#12 0x5573aedd46d5 <unknown>\n#13 0x5573aedeca6f <unknown>\n#14 0x5573aedb869f <unknown>\n#15 0x5573aee11098 <unknown>\n#16 0x5573aee11262 <unknown>\n#17 0x5573aee22f34 <unknown>\n#18 0x7ff24c494ac3 <unknown>","statusTrace":"self = <tests.test_login.TestLogin object at 0x7fe74710e490>\njson_data = {'forgot_password': {'error_message': \"We can't find a user with that e-mail address.\", 'success_message': 'A reset li...you page', 'name': 'test', 'new_name': 'another test', 'no_project_found_msg': 'No project matches the criteria', ...}}\nsecret_data = {'email': '', 'password': ''}\n\n    @allure.description(\"Log out from app\")\n    @allure.title(\"Logout of system test\")\n    @allure.story(\"As a user i want to be able to logout after a successful login.\")\n    @pytest.mark.run(order=2)\n    def test_logout(self, json_data: dict, secret_data: dict):\n        # example of a simple text attachment\n        allure.attach(\n            \"<h1>Example html attachment</h1>\",\n            name=\"HTML example\",\n            attachment_type=allure.attachment_type.HTML,\n        )\n        allure.attach(\n            \"Some text content\",\n            name=\"TXT example\",\n            attachment_type=allure.attachment_type.TEXT,\n        )\n        allure.attach(\n            \"first,second,third\\none,two,three\",\n            name=\"CSV example\",\n            attachment_type=allure.attachment_type.CSV,\n        )\n        allure.attach(\n            json.dumps({\"first\": 1, \"second\": 2}, indent=2),\n            name=\"JSON example\",\n            attachment_type=allure.attachment_type.JSON,\n        )\n        xml_content = \"\"\"<?xml version=\"1.0\" encoding=\"UTF-8\"?>\n            <tag>\n                 <inside>...</inside>\n             </tag>\n         \"\"\"\n        allure.attach(\n            xml_content,\n            name=\"some attachment name\",\n            attachment_type=allure.attachment_type.XML,\n        )\n        allure.attach(\n            \"\\n\".join(\n                [\n                    \"https://github.com/allure-framework\",\n                    \"https://github.com/allure-examples\",\n                ]\n            ),\n            name=\"URI List example\",\n            attachment_type=allure.attachment_type.URI_LIST,\n        )\n>       self.about_page.click_login_link()\n\ntests/test_login.py:90: \n_ _ _ _ _ _ _ _ _ _ _ _ _ _ _ _ _ _ _ _ _ _ _ _ _ _ _ _ _ _ _ _ _ _ _ _ _ _ _ _ \npages/about_page.py:20: in click_login_link\n    self.click(self.LOGIN_LINK)\npages/base_page.py:38: in click\n    el: WebElement = self.wait.until(\n_ _ _ _ _ _ _ _ _ _ _ _ _ _ _ _ _ _ _ _ _ _ _ _ _ _ _ _ _ _ _ _ _ _ _ _ _ _ _ _ \n\nself = <selenium.webdriver.support.wait.WebDriverWait (session=\"aa40b80d0956d174c1dd89097e47a736\")>\nmethod = <function element_to_be_clickable.<locals>._predicate at 0x7fe7470d6a20>\nmessage = ''\n\n    def until(self, method, message: str = \"\"):\n        \"\"\"Calls the method provided with the driver as an argument until the \\\n        return value does not evaluate to ``False``.\n    \n        :param method: callable(WebDriver)\n        :param message: optional message for :exc:`TimeoutException`\n        :returns: the result of the last call to `method`\n        :raises: :exc:`selenium.common.exceptions.TimeoutException` if timeout occurs\n        \"\"\"\n        screen = None\n        stacktrace = None\n    \n        end_time = time.monotonic() + self._timeout\n        while True:\n            try:\n                value = method(self._driver)\n                if value:\n                    return value\n            except self._ignored_exceptions as exc:\n                screen = getattr(exc, \"screen\", None)\n                stacktrace = getattr(exc, \"stacktrace\", None)\n            time.sleep(self._poll)\n            if time.monotonic() > end_time:\n                break\n>       raise TimeoutException(message, screen, stacktrace)\nE       selenium.common.exceptions.TimeoutException: Message: \nE       Stacktrace:\nE       #0 0x5573aee23d93 <unknown>\nE       #1 0x5573aeb07337 <unknown>\nE       #2 0x5573aeb52d60 <unknown>\nE       #3 0x5573aeb52e51 <unknown>\nE       #4 0x5573aeb96bc4 <unknown>\nE       #5 0x5573aeb7546d <unknown>\nE       #6 0x5573aeb9412d <unknown>\nE       #7 0x5573aeb751e3 <unknown>\nE       #8 0x5573aeb45135 <unknown>\nE       #9 0x5573aeb4613e <unknown>\nE       #10 0x5573aede7e4b <unknown>\nE       #11 0x5573aedebdfa <unknown>\nE       #12 0x5573aedd46d5 <unknown>\nE       #13 0x5573aedeca6f <unknown>\nE       #14 0x5573aedb869f <unknown>\nE       #15 0x5573aee11098 <unknown>\nE       #16 0x5573aee11262 <unknown>\nE       #17 0x5573aee22f34 <unknown>\nE       #18 0x7ff24c494ac3 <unknown>\n\n.venv/lib/python3.11/site-packages/selenium/webdriver/support/wait.py:95: TimeoutException","steps":[{"name":"Click Login link","time":{"start":1707440422699,"stop":1707440432943,"duration":10244},"status":"broken","statusMessage":"selenium.common.exceptions.TimeoutException: Message: \nStacktrace:\n#0 0x5573aee23d93 <unknown>\n#1 0x5573aeb07337 <unknown>\n#2 0x5573aeb52d60 <unknown>\n#3 0x5573aeb52e51 <unknown>\n#4 0x5573aeb96bc4 <unknown>\n#5 0x5573aeb7546d <unknown>\n#6 0x5573aeb9412d <unknown>\n#7 0x5573aeb751e3 <unknown>\n#8 0x5573aeb45135 <unknown>\n#9 0x5573aeb4613e <unknown>\n#10 0x5573aede7e4b <unknown>\n#11 0x5573aedebdfa <unknown>\n#12 0x5573aedd46d5 <unknown>\n#13 0x5573aedeca6f <unknown>\n#14 0x5573aedb869f <unknown>\n#15 0x5573aee11098 <unknown>\n#16 0x5573aee11262 <unknown>\n#17 0x5573aee22f34 <unknown>\n#18 0x7ff24c494ac3 <unknown>\n\n","statusTrace":"  File \"/home/runner/work/kisangateway-test/kisangateway-test/.venv/lib/python3.11/site-packages/allure_commons/_allure.py\", line 192, in impl\n    return func(*a, **kw)\n           ^^^^^^^^^^^^^^\n  File \"/home/runner/work/kisangateway-test/kisangateway-test/pages/about_page.py\", line 20, in click_login_link\n    self.click(self.LOGIN_LINK)\n  File \"/home/runner/work/kisangateway-test/kisangateway-test/pages/base_page.py\", line 38, in click\n    el: WebElement = self.wait.until(\n                     ^^^^^^^^^^^^^^^^\n  File \"/home/runner/work/kisangateway-test/kisangateway-test/.venv/lib/python3.11/site-packages/selenium/webdriver/support/wait.py\", line 95, in until\n    raise TimeoutException(message, screen, stacktrace)\n","steps":[],"attachments":[],"parameters":[],"shouldDisplayMessage":true,"stepsCount":0,"attachmentsCount":0,"hasContent":true,"attachmentStep":false}],"attachments":[{"uid":"307a13828b06e8c0","name":"HTML example","source":"307a13828b06e8c0.html","type":"text/html","size":32},{"uid":"cf82435462f57414","name":"TXT example","source":"cf82435462f57414.txt","type":"text/plain","size":17},{"uid":"5ced8a370ad91cf6","name":"CSV example","source":"5ced8a370ad91cf6.csv","type":"text/csv","size":32},{"uid":"f8b91b1d761e3793","name":"JSON example","source":"f8b91b1d761e3793.json","type":"application/json","size":31},{"uid":"f87f338bdef3ca77","name":"some attachment name","source":"f87f338bdef3ca77.xml","type":"application/xml","size":124},{"uid":"74c9201e010e0d86","name":"URI List example","source":"74c9201e010e0d86.uri","type":"text/uri-list","size":70},{"uid":"aa3a9a1d13ac72a2","name":"public ip address","source":"aa3a9a1d13ac72a2.txt","type":"text/plain","size":13},{"uid":"4eee51010813756a","name":"Cookies","source":"4eee51010813756a.json","type":"application/json","size":2},{"uid":"4d3291309f312810","name":"Session Storage","source":"4d3291309f312810.json","type":"application/json","size":2},{"uid":"41dd4b2e46552eb5","name":"Local Storage","source":"41dd4b2e46552eb5.json","type":"application/json","size":77},{"uid":"a32d656c34c3e215","name":"Console Logs","source":"a32d656c34c3e215.json","type":"application/json","size":599},{"uid":"91decc081d07daf1","name":"Full Page Screenshot","source":"91decc081d07daf1.png","type":"image/png","size":2477011},{"uid":"a4c22afe64805dcc","name":"URL","source":"a4c22afe64805dcc.uri","type":"text/uri-list","size":25},{"uid":"d9c449e5c4937af1","name":"Network Logs","source":"d9c449e5c4937af1.json","type":"application/json","size":1282478}],"parameters":[],"shouldDisplayMessage":true,"stepsCount":1,"attachmentsCount":14,"hasContent":true,"attachmentStep":false},"afterStages":[],"labels":[{"name":"story","value":"As a user i want to be able to logout after a successful login."},{"name":"feature","value":"Login"},{"name":"severity","value":"blocker"},{"name":"epic","value":"Security"},{"name":"tag","value":"run(order=2)"},{"name":"tag","value":"security"},{"name":"parentSuite","value":"tests"},{"name":"suite","value":"test_login"},{"name":"subSuite","value":"TestLogin"},{"name":"host","value":"fv-az1110-386"},{"name":"thread","value":"2167-MainThread"},{"name":"framework","value":"pytest"},{"name":"language","value":"cpython3"},{"name":"package","value":"tests.test_login"},{"name":"resultFormat","value":"allure2"}],"parameters":[],"links":[],"hidden":false,"retry":false,"extra":{"severity":"blocker","retries":[],"categories":[{"name":"Test defects","matchedStatuses":[],"flaky":false}],"tags":["run(order=2)","security"]},"source":"129f62f0a6afb8c4.json","parameterValues":[]}