{"uid":"7691d97b8cc107e8","name":"Forgot Password with invalid email test","fullName":"tests.test_forgot_password.TestForgotPassword#test_invalid_email","historyId":"3743e16c5d15da2a1434ee4e2dd39a43","time":{"start":1710119070315,"stop":1710119080606,"duration":10291},"description":"Forgot Password with invalid email address","descriptionHtml":"<p>Forgot Password with invalid email address</p>\n","status":"broken","statusMessage":"selenium.common.exceptions.TimeoutException: Message: \nStacktrace:\n#0 0x5572f109fe93 <unknown>\n#1 0x5572f0d97ce6 <unknown>\n#2 0x5572f0de2e48 <unknown>\n#3 0x5572f0de2f01 <unknown>\n#4 0x5572f0e263f4 <unknown>\n#5 0x5572f0e04edd <unknown>\n#6 0x5572f0e23899 <unknown>\n#7 0x5572f0e04c53 <unknown>\n#8 0x5572f0dd5db3 <unknown>\n#9 0x5572f0dd677e <unknown>\n#10 0x5572f10657cb <unknown>\n#11 0x5572f10697e5 <unknown>\n#12 0x5572f10530e1 <unknown>\n#13 0x5572f106a372 <unknown>\n#14 0x5572f10371bf <unknown>\n#15 0x5572f108e488 <unknown>\n#16 0x5572f108e683 <unknown>\n#17 0x5572f109f044 <unknown>\n#18 0x7fbdf8294ac3 <unknown>","statusTrace":"self = <tests.test_forgot_password.TestForgotPassword object at 0x7fc03d7196d0>\nexcel_reader = <utils.excel_parser.ExcelParser object at 0x7fc03d36b210>\njson_data = {'forgot_password': {'error_message': \"We can't find a user with that e-mail address.\", 'success_message': 'A reset li...you page', 'name': 'test', 'new_name': 'another test', 'no_project_found_msg': 'No project matches the criteria', ...}}\n\n    @allure.description(\"Forgot Password with invalid email address\")\n    @allure.title(\"Forgot Password with invalid email test\")\n    def test_invalid_email(self, excel_reader, json_data: dict):\n        emails = excel_reader.read_from_excel(\"Emails\")\n>       self.about_page.click_login_link()\n\ntests/test_forgot_password.py:31: \n_ _ _ _ _ _ _ _ _ _ _ _ _ _ _ _ _ _ _ _ _ _ _ _ _ _ _ _ _ _ _ _ _ _ _ _ _ _ _ _ \npages/about_page.py:20: in click_login_link\n    self.click(self.LOGIN_LINK)\npages/base_page.py:38: in click\n    el: WebElement = self.wait.until(\n_ _ _ _ _ _ _ _ _ _ _ _ _ _ _ _ _ _ _ _ _ _ _ _ _ _ _ _ _ _ _ _ _ _ _ _ _ _ _ _ \n\nself = <selenium.webdriver.support.wait.WebDriverWait (session=\"437bc7b5cc4c825c3614a05405ed020a\")>\nmethod = <function element_to_be_clickable.<locals>._predicate at 0x7fc03d5120c0>\nmessage = ''\n\n    def until(self, method, message: str = \"\"):\n        \"\"\"Calls the method provided with the driver as an argument until the \\\n        return value does not evaluate to ``False``.\n    \n        :param method: callable(WebDriver)\n        :param message: optional message for :exc:`TimeoutException`\n        :returns: the result of the last call to `method`\n        :raises: :exc:`selenium.common.exceptions.TimeoutException` if timeout occurs\n        \"\"\"\n        screen = None\n        stacktrace = None\n    \n        end_time = time.monotonic() + self._timeout\n        while True:\n            try:\n                value = method(self._driver)\n                if value:\n                    return value\n            except self._ignored_exceptions as exc:\n                screen = getattr(exc, \"screen\", None)\n                stacktrace = getattr(exc, \"stacktrace\", None)\n            time.sleep(self._poll)\n            if time.monotonic() > end_time:\n                break\n>       raise TimeoutException(message, screen, stacktrace)\nE       selenium.common.exceptions.TimeoutException: Message: \nE       Stacktrace:\nE       #0 0x5572f109fe93 <unknown>\nE       #1 0x5572f0d97ce6 <unknown>\nE       #2 0x5572f0de2e48 <unknown>\nE       #3 0x5572f0de2f01 <unknown>\nE       #4 0x5572f0e263f4 <unknown>\nE       #5 0x5572f0e04edd <unknown>\nE       #6 0x5572f0e23899 <unknown>\nE       #7 0x5572f0e04c53 <unknown>\nE       #8 0x5572f0dd5db3 <unknown>\nE       #9 0x5572f0dd677e <unknown>\nE       #10 0x5572f10657cb <unknown>\nE       #11 0x5572f10697e5 <unknown>\nE       #12 0x5572f10530e1 <unknown>\nE       #13 0x5572f106a372 <unknown>\nE       #14 0x5572f10371bf <unknown>\nE       #15 0x5572f108e488 <unknown>\nE       #16 0x5572f108e683 <unknown>\nE       #17 0x5572f109f044 <unknown>\nE       #18 0x7fbdf8294ac3 <unknown>\n\n.venv/lib/python3.11/site-packages/selenium/webdriver/support/wait.py:95: TimeoutException","flaky":false,"newFailed":false,"newBroken":false,"newPassed":false,"retriesCount":0,"retriesStatusChange":false,"beforeStages":[{"name":"base_url","time":{"start":1710118893077,"stop":1710118893077,"duration":0},"status":"passed","steps":[],"attachments":[],"parameters":[],"shouldDisplayMessage":false,"stepsCount":0,"attachmentsCount":0,"hasContent":false,"attachmentStep":false},{"name":"_verify_url","time":{"start":1710118893078,"stop":1710118893078,"duration":0},"status":"passed","steps":[],"attachments":[],"parameters":[],"shouldDisplayMessage":false,"stepsCount":0,"attachmentsCount":0,"hasContent":false,"attachmentStep":false},{"name":"json_data","time":{"start":1710118893078,"stop":1710118893078,"duration":0},"status":"passed","steps":[],"attachments":[],"parameters":[],"shouldDisplayMessage":false,"stepsCount":0,"attachmentsCount":0,"hasContent":false,"attachmentStep":false},{"name":"excel_reader","time":{"start":1710119070314,"stop":1710119070314,"duration":0},"status":"passed","steps":[],"attachments":[],"parameters":[],"shouldDisplayMessage":false,"stepsCount":0,"attachmentsCount":0,"hasContent":false,"attachmentStep":false}],"testStage":{"description":"Forgot Password with invalid email address","status":"broken","statusMessage":"selenium.common.exceptions.TimeoutException: Message: \nStacktrace:\n#0 0x5572f109fe93 <unknown>\n#1 0x5572f0d97ce6 <unknown>\n#2 0x5572f0de2e48 <unknown>\n#3 0x5572f0de2f01 <unknown>\n#4 0x5572f0e263f4 <unknown>\n#5 0x5572f0e04edd <unknown>\n#6 0x5572f0e23899 <unknown>\n#7 0x5572f0e04c53 <unknown>\n#8 0x5572f0dd5db3 <unknown>\n#9 0x5572f0dd677e <unknown>\n#10 0x5572f10657cb <unknown>\n#11 0x5572f10697e5 <unknown>\n#12 0x5572f10530e1 <unknown>\n#13 0x5572f106a372 <unknown>\n#14 0x5572f10371bf <unknown>\n#15 0x5572f108e488 <unknown>\n#16 0x5572f108e683 <unknown>\n#17 0x5572f109f044 <unknown>\n#18 0x7fbdf8294ac3 <unknown>","statusTrace":"self = <tests.test_forgot_password.TestForgotPassword object at 0x7fc03d7196d0>\nexcel_reader = <utils.excel_parser.ExcelParser object at 0x7fc03d36b210>\njson_data = {'forgot_password': {'error_message': \"We can't find a user with that e-mail address.\", 'success_message': 'A reset li...you page', 'name': 'test', 'new_name': 'another test', 'no_project_found_msg': 'No project matches the criteria', ...}}\n\n    @allure.description(\"Forgot Password with invalid email address\")\n    @allure.title(\"Forgot Password with invalid email test\")\n    def test_invalid_email(self, excel_reader, json_data: dict):\n        emails = excel_reader.read_from_excel(\"Emails\")\n>       self.about_page.click_login_link()\n\ntests/test_forgot_password.py:31: \n_ _ _ _ _ _ _ _ _ _ _ _ _ _ _ _ _ _ _ _ _ _ _ _ _ _ _ _ _ _ _ _ _ _ _ _ _ _ _ _ \npages/about_page.py:20: in click_login_link\n    self.click(self.LOGIN_LINK)\npages/base_page.py:38: in click\n    el: WebElement = self.wait.until(\n_ _ _ _ _ _ _ _ _ _ _ _ _ _ _ _ _ _ _ _ _ _ _ _ _ _ _ _ _ _ _ _ _ _ _ _ _ _ _ _ \n\nself = <selenium.webdriver.support.wait.WebDriverWait (session=\"437bc7b5cc4c825c3614a05405ed020a\")>\nmethod = <function element_to_be_clickable.<locals>._predicate at 0x7fc03d5120c0>\nmessage = ''\n\n    def until(self, method, message: str = \"\"):\n        \"\"\"Calls the method provided with the driver as an argument until the \\\n        return value does not evaluate to ``False``.\n    \n        :param method: callable(WebDriver)\n        :param message: optional message for :exc:`TimeoutException`\n        :returns: the result of the last call to `method`\n        :raises: :exc:`selenium.common.exceptions.TimeoutException` if timeout occurs\n        \"\"\"\n        screen = None\n        stacktrace = None\n    \n        end_time = time.monotonic() + self._timeout\n        while True:\n            try:\n                value = method(self._driver)\n                if value:\n                    return value\n            except self._ignored_exceptions as exc:\n                screen = getattr(exc, \"screen\", None)\n                stacktrace = getattr(exc, \"stacktrace\", None)\n            time.sleep(self._poll)\n            if time.monotonic() > end_time:\n                break\n>       raise TimeoutException(message, screen, stacktrace)\nE       selenium.common.exceptions.TimeoutException: Message: \nE       Stacktrace:\nE       #0 0x5572f109fe93 <unknown>\nE       #1 0x5572f0d97ce6 <unknown>\nE       #2 0x5572f0de2e48 <unknown>\nE       #3 0x5572f0de2f01 <unknown>\nE       #4 0x5572f0e263f4 <unknown>\nE       #5 0x5572f0e04edd <unknown>\nE       #6 0x5572f0e23899 <unknown>\nE       #7 0x5572f0e04c53 <unknown>\nE       #8 0x5572f0dd5db3 <unknown>\nE       #9 0x5572f0dd677e <unknown>\nE       #10 0x5572f10657cb <unknown>\nE       #11 0x5572f10697e5 <unknown>\nE       #12 0x5572f10530e1 <unknown>\nE       #13 0x5572f106a372 <unknown>\nE       #14 0x5572f10371bf <unknown>\nE       #15 0x5572f108e488 <unknown>\nE       #16 0x5572f108e683 <unknown>\nE       #17 0x5572f109f044 <unknown>\nE       #18 0x7fbdf8294ac3 <unknown>\n\n.venv/lib/python3.11/site-packages/selenium/webdriver/support/wait.py:95: TimeoutException","steps":[{"name":"Click Login link","time":{"start":1710119070351,"stop":1710119080606,"duration":10255},"status":"broken","statusMessage":"selenium.common.exceptions.TimeoutException: Message: \nStacktrace:\n#0 0x5572f109fe93 <unknown>\n#1 0x5572f0d97ce6 <unknown>\n#2 0x5572f0de2e48 <unknown>\n#3 0x5572f0de2f01 <unknown>\n#4 0x5572f0e263f4 <unknown>\n#5 0x5572f0e04edd <unknown>\n#6 0x5572f0e23899 <unknown>\n#7 0x5572f0e04c53 <unknown>\n#8 0x5572f0dd5db3 <unknown>\n#9 0x5572f0dd677e <unknown>\n#10 0x5572f10657cb <unknown>\n#11 0x5572f10697e5 <unknown>\n#12 0x5572f10530e1 <unknown>\n#13 0x5572f106a372 <unknown>\n#14 0x5572f10371bf <unknown>\n#15 0x5572f108e488 <unknown>\n#16 0x5572f108e683 <unknown>\n#17 0x5572f109f044 <unknown>\n#18 0x7fbdf8294ac3 <unknown>\n\n","statusTrace":"  File \"/home/runner/work/kisangateway-test/kisangateway-test/.venv/lib/python3.11/site-packages/allure_commons/_allure.py\", line 192, in impl\n    return func(*a, **kw)\n           ^^^^^^^^^^^^^^\n  File \"/home/runner/work/kisangateway-test/kisangateway-test/pages/about_page.py\", line 20, in click_login_link\n    self.click(self.LOGIN_LINK)\n  File \"/home/runner/work/kisangateway-test/kisangateway-test/pages/base_page.py\", line 38, in click\n    el: WebElement = self.wait.until(\n                     ^^^^^^^^^^^^^^^^\n  File \"/home/runner/work/kisangateway-test/kisangateway-test/.venv/lib/python3.11/site-packages/selenium/webdriver/support/wait.py\", line 95, in until\n    raise TimeoutException(message, screen, stacktrace)\n","steps":[],"attachments":[],"parameters":[],"shouldDisplayMessage":true,"stepsCount":0,"attachmentsCount":0,"hasContent":true,"attachmentStep":false}],"attachments":[{"uid":"71ead9dc245c73d7","name":"public ip address","source":"71ead9dc245c73d7.txt","type":"text/plain","size":12},{"uid":"bedc7f7c10230bc4","name":"Cookies","source":"bedc7f7c10230bc4.json","type":"application/json","size":527},{"uid":"191df2f86217f7dd","name":"Session Storage","source":"191df2f86217f7dd.json","type":"application/json","size":2},{"uid":"d75103349d351c90","name":"Local Storage","source":"d75103349d351c90.json","type":"application/json","size":77},{"uid":"5775ad53f6dc264b","name":"Console Logs","source":"5775ad53f6dc264b.json","type":"application/json","size":310},{"uid":"d3a367aaa2219180","name":"Full Page Screenshot","source":"d3a367aaa2219180.png","type":"image/png","size":2477225},{"uid":"147270c52527fb6c","name":"URL","source":"147270c52527fb6c.uri","type":"text/uri-list","size":25},{"uid":"a5156e3a05362f91","name":"Network Logs","source":"a5156e3a05362f91.json","type":"application/json","size":1285644}],"parameters":[],"shouldDisplayMessage":true,"stepsCount":1,"attachmentsCount":8,"hasContent":true,"attachmentStep":false},"afterStages":[],"labels":[{"name":"story","value":"Forgot Password Feature's Functionality"},{"name":"severity","value":"critical"},{"name":"epic","value":"Security"},{"name":"subSuite","value":"Custom sub suite"},{"name":"suite","value":"Custom suite"},{"name":"parentSuite","value":"Custom parent suite"},{"name":"tag","value":"security"},{"name":"host","value":"fv-az1432-828"},{"name":"thread","value":"2287-MainThread"},{"name":"framework","value":"pytest"},{"name":"language","value":"cpython3"},{"name":"package","value":"tests.test_forgot_password"},{"name":"resultFormat","value":"allure2"}],"parameters":[],"links":[],"hidden":false,"retry":false,"extra":{"severity":"critical","retries":[],"categories":[{"name":"Test defects","matchedStatuses":[],"flaky":false}],"tags":["security"]},"source":"7691d97b8cc107e8.json","parameterValues":[]}