{"uid":"ac5b786be8184539","name":"Search for non existing project","fullName":"tests.test_workspaces.TestWorkspaces#test_search_for_non_existing_project","historyId":"fd02db7e15fbde7f94675ef36547cabe","time":{"start":1710119018093,"stop":1710119018093,"duration":0},"description":"Search for a non existing project","descriptionHtml":"<p>Search for a non existing project</p>\n","status":"broken","statusMessage":"selenium.common.exceptions.TimeoutException: Message: \nStacktrace:\n#0 0x55a95a754e93 <unknown>\n#1 0x55a95a44cce6 <unknown>\n#2 0x55a95a497e48 <unknown>\n#3 0x55a95a497f01 <unknown>\n#4 0x55a95a4db3f4 <unknown>\n#5 0x55a95a4b9edd <unknown>\n#6 0x55a95a4d8899 <unknown>\n#7 0x55a95a4b9c53 <unknown>\n#8 0x55a95a48adb3 <unknown>\n#9 0x55a95a48b77e <unknown>\n#10 0x55a95a71a7cb <unknown>\n#11 0x55a95a71e7e5 <unknown>\n#12 0x55a95a7080e1 <unknown>\n#13 0x55a95a71f372 <unknown>\n#14 0x55a95a6ec1bf <unknown>\n#15 0x55a95a743488 <unknown>\n#16 0x55a95a743683 <unknown>\n#17 0x55a95a754044 <unknown>\n#18 0x7ff3ed694ac3 <unknown>","statusTrace":"self = <tests.test_workspaces.TestWorkspaces object at 0x7fc03d61cad0>\nsecret_data = {'email': '', 'password': ''}\n\n    @pytest.fixture(autouse=True)\n    def setup_method_fixture(self, secret_data: dict):\n>       login(secret_data, self.about_page, self.login_page)\n\ntests/test_workspaces.py:23: \n_ _ _ _ _ _ _ _ _ _ _ _ _ _ _ _ _ _ _ _ _ _ _ _ _ _ _ _ _ _ _ _ _ _ _ _ _ _ _ _ \ntests/test_workspaces.py:13: in login\n    about_page.click_login_link()\npages/about_page.py:20: in click_login_link\n    self.click(self.LOGIN_LINK)\npages/base_page.py:38: in click\n    el: WebElement = self.wait.until(\n_ _ _ _ _ _ _ _ _ _ _ _ _ _ _ _ _ _ _ _ _ _ _ _ _ _ _ _ _ _ _ _ _ _ _ _ _ _ _ _ \n\nself = <selenium.webdriver.support.wait.WebDriverWait (session=\"c25a6d3167a25df46b5b6dee78ecd5f3\")>\nmethod = <function element_to_be_clickable.<locals>._predicate at 0x7fc03d30e0c0>\nmessage = ''\n\n    def until(self, method, message: str = \"\"):\n        \"\"\"Calls the method provided with the driver as an argument until the \\\n        return value does not evaluate to ``False``.\n    \n        :param method: callable(WebDriver)\n        :param message: optional message for :exc:`TimeoutException`\n        :returns: the result of the last call to `method`\n        :raises: :exc:`selenium.common.exceptions.TimeoutException` if timeout occurs\n        \"\"\"\n        screen = None\n        stacktrace = None\n    \n        end_time = time.monotonic() + self._timeout\n        while True:\n            try:\n                value = method(self._driver)\n                if value:\n                    return value\n            except self._ignored_exceptions as exc:\n                screen = getattr(exc, \"screen\", None)\n                stacktrace = getattr(exc, \"stacktrace\", None)\n            time.sleep(self._poll)\n            if time.monotonic() > end_time:\n                break\n>       raise TimeoutException(message, screen, stacktrace)\nE       selenium.common.exceptions.TimeoutException: Message: \nE       Stacktrace:\nE       #0 0x55a95a754e93 <unknown>\nE       #1 0x55a95a44cce6 <unknown>\nE       #2 0x55a95a497e48 <unknown>\nE       #3 0x55a95a497f01 <unknown>\nE       #4 0x55a95a4db3f4 <unknown>\nE       #5 0x55a95a4b9edd <unknown>\nE       #6 0x55a95a4d8899 <unknown>\nE       #7 0x55a95a4b9c53 <unknown>\nE       #8 0x55a95a48adb3 <unknown>\nE       #9 0x55a95a48b77e <unknown>\nE       #10 0x55a95a71a7cb <unknown>\nE       #11 0x55a95a71e7e5 <unknown>\nE       #12 0x55a95a7080e1 <unknown>\nE       #13 0x55a95a71f372 <unknown>\nE       #14 0x55a95a6ec1bf <unknown>\nE       #15 0x55a95a743488 <unknown>\nE       #16 0x55a95a743683 <unknown>\nE       #17 0x55a95a754044 <unknown>\nE       #18 0x7ff3ed694ac3 <unknown>\n\n.venv/lib/python3.11/site-packages/selenium/webdriver/support/wait.py:95: TimeoutException","flaky":false,"newFailed":false,"newBroken":false,"newPassed":false,"retriesCount":0,"retriesStatusChange":false,"beforeStages":[{"name":"base_url","time":{"start":1710118893077,"stop":1710118893077,"duration":0},"status":"passed","steps":[],"attachments":[],"parameters":[],"shouldDisplayMessage":false,"stepsCount":0,"attachmentsCount":0,"hasContent":false,"attachmentStep":false},{"name":"_verify_url","time":{"start":1710118893078,"stop":1710118893078,"duration":0},"status":"passed","steps":[],"attachments":[],"parameters":[],"shouldDisplayMessage":false,"stepsCount":0,"attachmentsCount":0,"hasContent":false,"attachmentStep":false},{"name":"secret_data","time":{"start":1710118893078,"stop":1710118893078,"duration":0},"status":"passed","steps":[],"attachments":[],"parameters":[],"shouldDisplayMessage":false,"stepsCount":0,"attachmentsCount":0,"hasContent":false,"attachmentStep":false},{"name":"json_data","time":{"start":1710118893078,"stop":1710118893078,"duration":0},"status":"passed","steps":[],"attachments":[],"parameters":[],"shouldDisplayMessage":false,"stepsCount":0,"attachmentsCount":0,"hasContent":false,"attachmentStep":false},{"name":"setup_method_fixture","time":{"start":1710119019338,"stop":1710119029613,"duration":10275},"status":"broken","statusMessage":"selenium.common.exceptions.TimeoutException: Message: \nStacktrace:\n#0 0x55a95a754e93 <unknown>\n#1 0x55a95a44cce6 <unknown>\n#2 0x55a95a497e48 <unknown>\n#3 0x55a95a497f01 <unknown>\n#4 0x55a95a4db3f4 <unknown>\n#5 0x55a95a4b9edd <unknown>\n#6 0x55a95a4d8899 <unknown>\n#7 0x55a95a4b9c53 <unknown>\n#8 0x55a95a48adb3 <unknown>\n#9 0x55a95a48b77e <unknown>\n#10 0x55a95a71a7cb <unknown>\n#11 0x55a95a71e7e5 <unknown>\n#12 0x55a95a7080e1 <unknown>\n#13 0x55a95a71f372 <unknown>\n#14 0x55a95a6ec1bf <unknown>\n#15 0x55a95a743488 <unknown>\n#16 0x55a95a743683 <unknown>\n#17 0x55a95a754044 <unknown>\n#18 0x7ff3ed694ac3 <unknown>\n\n","statusTrace":"  File \"/home/runner/work/kisangateway-test/kisangateway-test/.venv/lib/python3.11/site-packages/pluggy/_callers.py\", line 80, in _multicall\n    res = hook_impl.function(*args)\n          ^^^^^^^^^^^^^^^^^^^^^^^^^\n  File \"/home/runner/work/kisangateway-test/kisangateway-test/.venv/lib/python3.11/site-packages/_pytest/fixtures.py\", line 1123, in pytest_fixture_setup\n    result = call_fixture_func(fixturefunc, request, kwargs)\n             ^^^^^^^^^^^^^^^^^^^^^^^^^^^^^^^^^^^^^^^^^^^^^^^\n  File \"/home/runner/work/kisangateway-test/kisangateway-test/.venv/lib/python3.11/site-packages/_pytest/fixtures.py\", line 902, in call_fixture_func\n    fixture_result = fixturefunc(**kwargs)\n                     ^^^^^^^^^^^^^^^^^^^^^\n  File \"/home/runner/work/kisangateway-test/kisangateway-test/tests/test_workspaces.py\", line 23, in setup_method_fixture\n    login(secret_data, self.about_page, self.login_page)\n  File \"/home/runner/work/kisangateway-test/kisangateway-test/tests/test_workspaces.py\", line 13, in login\n    about_page.click_login_link()\n  File \"/home/runner/work/kisangateway-test/kisangateway-test/.venv/lib/python3.11/site-packages/allure_commons/_allure.py\", line 192, in impl\n    return func(*a, **kw)\n           ^^^^^^^^^^^^^^\n  File \"/home/runner/work/kisangateway-test/kisangateway-test/pages/about_page.py\", line 20, in click_login_link\n    self.click(self.LOGIN_LINK)\n  File \"/home/runner/work/kisangateway-test/kisangateway-test/pages/base_page.py\", line 38, in click\n    el: WebElement = self.wait.until(\n                     ^^^^^^^^^^^^^^^^\n  File \"/home/runner/work/kisangateway-test/kisangateway-test/.venv/lib/python3.11/site-packages/selenium/webdriver/support/wait.py\", line 95, in until\n    raise TimeoutException(message, screen, stacktrace)\n","steps":[{"name":"Click Login link","time":{"start":1710119019338,"stop":1710119029612,"duration":10274},"status":"broken","statusMessage":"selenium.common.exceptions.TimeoutException: Message: \nStacktrace:\n#0 0x55a95a754e93 <unknown>\n#1 0x55a95a44cce6 <unknown>\n#2 0x55a95a497e48 <unknown>\n#3 0x55a95a497f01 <unknown>\n#4 0x55a95a4db3f4 <unknown>\n#5 0x55a95a4b9edd <unknown>\n#6 0x55a95a4d8899 <unknown>\n#7 0x55a95a4b9c53 <unknown>\n#8 0x55a95a48adb3 <unknown>\n#9 0x55a95a48b77e <unknown>\n#10 0x55a95a71a7cb <unknown>\n#11 0x55a95a71e7e5 <unknown>\n#12 0x55a95a7080e1 <unknown>\n#13 0x55a95a71f372 <unknown>\n#14 0x55a95a6ec1bf <unknown>\n#15 0x55a95a743488 <unknown>\n#16 0x55a95a743683 <unknown>\n#17 0x55a95a754044 <unknown>\n#18 0x7ff3ed694ac3 <unknown>\n\n","statusTrace":"  File \"/home/runner/work/kisangateway-test/kisangateway-test/.venv/lib/python3.11/site-packages/allure_commons/_allure.py\", line 192, in impl\n    return func(*a, **kw)\n           ^^^^^^^^^^^^^^\n  File \"/home/runner/work/kisangateway-test/kisangateway-test/pages/about_page.py\", line 20, in click_login_link\n    self.click(self.LOGIN_LINK)\n  File \"/home/runner/work/kisangateway-test/kisangateway-test/pages/base_page.py\", line 38, in click\n    el: WebElement = self.wait.until(\n                     ^^^^^^^^^^^^^^^^\n  File \"/home/runner/work/kisangateway-test/kisangateway-test/.venv/lib/python3.11/site-packages/selenium/webdriver/support/wait.py\", line 95, in until\n    raise TimeoutException(message, screen, stacktrace)\n","steps":[],"attachments":[],"parameters":[],"shouldDisplayMessage":true,"stepsCount":0,"attachmentsCount":0,"hasContent":true,"attachmentStep":false}],"attachments":[],"parameters":[],"shouldDisplayMessage":false,"stepsCount":1,"attachmentsCount":0,"hasContent":true,"attachmentStep":false}],"testStage":{"description":"Search for a non existing project","status":"broken","statusMessage":"selenium.common.exceptions.TimeoutException: Message: \nStacktrace:\n#0 0x55a95a754e93 <unknown>\n#1 0x55a95a44cce6 <unknown>\n#2 0x55a95a497e48 <unknown>\n#3 0x55a95a497f01 <unknown>\n#4 0x55a95a4db3f4 <unknown>\n#5 0x55a95a4b9edd <unknown>\n#6 0x55a95a4d8899 <unknown>\n#7 0x55a95a4b9c53 <unknown>\n#8 0x55a95a48adb3 <unknown>\n#9 0x55a95a48b77e <unknown>\n#10 0x55a95a71a7cb <unknown>\n#11 0x55a95a71e7e5 <unknown>\n#12 0x55a95a7080e1 <unknown>\n#13 0x55a95a71f372 <unknown>\n#14 0x55a95a6ec1bf <unknown>\n#15 0x55a95a743488 <unknown>\n#16 0x55a95a743683 <unknown>\n#17 0x55a95a754044 <unknown>\n#18 0x7ff3ed694ac3 <unknown>","statusTrace":"self = <tests.test_workspaces.TestWorkspaces object at 0x7fc03d61cad0>\nsecret_data = {'email': '', 'password': ''}\n\n    @pytest.fixture(autouse=True)\n    def setup_method_fixture(self, secret_data: dict):\n>       login(secret_data, self.about_page, self.login_page)\n\ntests/test_workspaces.py:23: \n_ _ _ _ _ _ _ _ _ _ _ _ _ _ _ _ _ _ _ _ _ _ _ _ _ _ _ _ _ _ _ _ _ _ _ _ _ _ _ _ \ntests/test_workspaces.py:13: in login\n    about_page.click_login_link()\npages/about_page.py:20: in click_login_link\n    self.click(self.LOGIN_LINK)\npages/base_page.py:38: in click\n    el: WebElement = self.wait.until(\n_ _ _ _ _ _ _ _ _ _ _ _ _ _ _ _ _ _ _ _ _ _ _ _ _ _ _ _ _ _ _ _ _ _ _ _ _ _ _ _ \n\nself = <selenium.webdriver.support.wait.WebDriverWait (session=\"c25a6d3167a25df46b5b6dee78ecd5f3\")>\nmethod = <function element_to_be_clickable.<locals>._predicate at 0x7fc03d30e0c0>\nmessage = ''\n\n    def until(self, method, message: str = \"\"):\n        \"\"\"Calls the method provided with the driver as an argument until the \\\n        return value does not evaluate to ``False``.\n    \n        :param method: callable(WebDriver)\n        :param message: optional message for :exc:`TimeoutException`\n        :returns: the result of the last call to `method`\n        :raises: :exc:`selenium.common.exceptions.TimeoutException` if timeout occurs\n        \"\"\"\n        screen = None\n        stacktrace = None\n    \n        end_time = time.monotonic() + self._timeout\n        while True:\n            try:\n                value = method(self._driver)\n                if value:\n                    return value\n            except self._ignored_exceptions as exc:\n                screen = getattr(exc, \"screen\", None)\n                stacktrace = getattr(exc, \"stacktrace\", None)\n            time.sleep(self._poll)\n            if time.monotonic() > end_time:\n                break\n>       raise TimeoutException(message, screen, stacktrace)\nE       selenium.common.exceptions.TimeoutException: Message: \nE       Stacktrace:\nE       #0 0x55a95a754e93 <unknown>\nE       #1 0x55a95a44cce6 <unknown>\nE       #2 0x55a95a497e48 <unknown>\nE       #3 0x55a95a497f01 <unknown>\nE       #4 0x55a95a4db3f4 <unknown>\nE       #5 0x55a95a4b9edd <unknown>\nE       #6 0x55a95a4d8899 <unknown>\nE       #7 0x55a95a4b9c53 <unknown>\nE       #8 0x55a95a48adb3 <unknown>\nE       #9 0x55a95a48b77e <unknown>\nE       #10 0x55a95a71a7cb <unknown>\nE       #11 0x55a95a71e7e5 <unknown>\nE       #12 0x55a95a7080e1 <unknown>\nE       #13 0x55a95a71f372 <unknown>\nE       #14 0x55a95a6ec1bf <unknown>\nE       #15 0x55a95a743488 <unknown>\nE       #16 0x55a95a743683 <unknown>\nE       #17 0x55a95a754044 <unknown>\nE       #18 0x7ff3ed694ac3 <unknown>\n\n.venv/lib/python3.11/site-packages/selenium/webdriver/support/wait.py:95: TimeoutException","steps":[],"attachments":[{"uid":"88bff3483d0cd3cc","name":"public ip address","source":"88bff3483d0cd3cc.txt","type":"text/plain","size":12},{"uid":"b191a4d08fa0f1e","name":"Cookies","source":"b191a4d08fa0f1e.json","type":"application/json","size":527},{"uid":"704b9ae087a72e4d","name":"Session Storage","source":"704b9ae087a72e4d.json","type":"application/json","size":2},{"uid":"463ada223a368163","name":"Local Storage","source":"463ada223a368163.json","type":"application/json","size":77},{"uid":"22df22243f5fbbe7","name":"Console Logs","source":"22df22243f5fbbe7.json","type":"application/json","size":310},{"uid":"7d38f32276f5f862","name":"Full Page Screenshot","source":"7d38f32276f5f862.png","type":"image/png","size":2477225},{"uid":"beb8da98924d076d","name":"URL","source":"beb8da98924d076d.uri","type":"text/uri-list","size":25},{"uid":"6a66b5a9fc417192","name":"Network Logs","source":"6a66b5a9fc417192.json","type":"application/json","size":1285643}],"parameters":[],"shouldDisplayMessage":true,"stepsCount":0,"attachmentsCount":8,"hasContent":true,"attachmentStep":false},"afterStages":[],"labels":[{"name":"epic","value":"Workspaces"},{"name":"severity","value":"normal"},{"name":"story","value":"WorkSpaces Creation and Editing Functionality"},{"name":"tag","value":"run(order=7)"},{"name":"parentSuite","value":"tests"},{"name":"suite","value":"test_workspaces"},{"name":"subSuite","value":"TestWorkspaces"},{"name":"host","value":"fv-az1432-828"},{"name":"thread","value":"2287-MainThread"},{"name":"framework","value":"pytest"},{"name":"language","value":"cpython3"},{"name":"package","value":"tests.test_workspaces"},{"name":"resultFormat","value":"allure2"}],"parameters":[],"links":[],"hidden":false,"retry":false,"extra":{"severity":"normal","retries":[],"categories":[{"name":"Test defects","matchedStatuses":[],"flaky":false}],"tags":["run(order=7)"]},"source":"ac5b786be8184539.json","parameterValues":[]}