{"uid":"afde54316566a8de","name":"Cancel a project deletion","fullName":"tests.test_workspaces.TestWorkspaces#test_cancel_project_deletion","historyId":"73e48f11612b8be9a40ce0a427a468f9","time":{"start":1706058511975,"stop":1706058511975,"duration":0},"description":"Cancel project deletion","descriptionHtml":"<p>Cancel project deletion</p>\n","status":"broken","statusMessage":"selenium.common.exceptions.TimeoutException: Message: \nStacktrace:\n#0 0x55b327a2ef83 <unknown>\n#1 0x55b3276e7cf7 <unknown>\n#2 0x55b32773799e <unknown>\n#3 0x55b327737aa1 <unknown>\n#4 0x55b327782d64 <unknown>\n#5 0x55b3277610dd <unknown>\n#6 0x55b327780006 <unknown>\n#7 0x55b327760e53 <unknown>\n#8 0x55b327728dd4 <unknown>\n#9 0x55b32772a1de <unknown>\n#10 0x55b3279f3531 <unknown>\n#11 0x55b3279f7455 <unknown>\n#12 0x55b3279dff55 <unknown>\n#13 0x55b3279f80ef <unknown>\n#14 0x55b3279c399f <unknown>\n#15 0x55b327a1c008 <unknown>\n#16 0x55b327a1c1d7 <unknown>\n#17 0x55b327a2e124 <unknown>\n#18 0x7f031b094ac3 <unknown>","statusTrace":"self = <tests.test_workspaces.TestWorkspaces object at 0x7f589673ec50>\nsecret_data = {'email': '', 'password': ''}\n\n    @pytest.fixture(autouse=True)\n    def setup_method_fixture(self, secret_data: dict):\n>       login(secret_data, self.about_page, self.login_page)\n\ntests/test_workspaces.py:23: \n_ _ _ _ _ _ _ _ _ _ _ _ _ _ _ _ _ _ _ _ _ _ _ _ _ _ _ _ _ _ _ _ _ _ _ _ _ _ _ _ \ntests/test_workspaces.py:13: in login\n    about_page.click_login_link()\npages/about_page.py:20: in click_login_link\n    self.click(self.LOGIN_LINK)\npages/base_page.py:38: in click\n    el: WebElement = self.wait.until(\n_ _ _ _ _ _ _ _ _ _ _ _ _ _ _ _ _ _ _ _ _ _ _ _ _ _ _ _ _ _ _ _ _ _ _ _ _ _ _ _ \n\nself = <selenium.webdriver.support.wait.WebDriverWait (session=\"76be3ac2ab308cc35df5d568141b0cc2\")>\nmethod = <function element_to_be_clickable.<locals>._predicate at 0x7f5896394fe0>\nmessage = ''\n\n    def until(self, method, message: str = \"\"):\n        \"\"\"Calls the method provided with the driver as an argument until the \\\n        return value does not evaluate to ``False``.\n    \n        :param method: callable(WebDriver)\n        :param message: optional message for :exc:`TimeoutException`\n        :returns: the result of the last call to `method`\n        :raises: :exc:`selenium.common.exceptions.TimeoutException` if timeout occurs\n        \"\"\"\n        screen = None\n        stacktrace = None\n    \n        end_time = time.monotonic() + self._timeout\n        while True:\n            try:\n                value = method(self._driver)\n                if value:\n                    return value\n            except self._ignored_exceptions as exc:\n                screen = getattr(exc, \"screen\", None)\n                stacktrace = getattr(exc, \"stacktrace\", None)\n            time.sleep(self._poll)\n            if time.monotonic() > end_time:\n                break\n>       raise TimeoutException(message, screen, stacktrace)\nE       selenium.common.exceptions.TimeoutException: Message: \nE       Stacktrace:\nE       #0 0x55b327a2ef83 <unknown>\nE       #1 0x55b3276e7cf7 <unknown>\nE       #2 0x55b32773799e <unknown>\nE       #3 0x55b327737aa1 <unknown>\nE       #4 0x55b327782d64 <unknown>\nE       #5 0x55b3277610dd <unknown>\nE       #6 0x55b327780006 <unknown>\nE       #7 0x55b327760e53 <unknown>\nE       #8 0x55b327728dd4 <unknown>\nE       #9 0x55b32772a1de <unknown>\nE       #10 0x55b3279f3531 <unknown>\nE       #11 0x55b3279f7455 <unknown>\nE       #12 0x55b3279dff55 <unknown>\nE       #13 0x55b3279f80ef <unknown>\nE       #14 0x55b3279c399f <unknown>\nE       #15 0x55b327a1c008 <unknown>\nE       #16 0x55b327a1c1d7 <unknown>\nE       #17 0x55b327a2e124 <unknown>\nE       #18 0x7f031b094ac3 <unknown>\n\n.venv/lib/python3.11/site-packages/selenium/webdriver/support/wait.py:95: TimeoutException","flaky":false,"newFailed":false,"newBroken":false,"newPassed":false,"retriesCount":0,"retriesStatusChange":false,"beforeStages":[{"name":"_verify_url","time":{"start":1706058375429,"stop":1706058375429,"duration":0},"status":"passed","steps":[],"attachments":[],"parameters":[],"shouldDisplayMessage":false,"stepsCount":0,"attachmentsCount":0,"hasContent":false,"attachmentStep":false},{"name":"base_url","time":{"start":1706058375429,"stop":1706058375429,"duration":0},"status":"passed","steps":[],"attachments":[],"parameters":[],"shouldDisplayMessage":false,"stepsCount":0,"attachmentsCount":0,"hasContent":false,"attachmentStep":false},{"name":"secret_data","time":{"start":1706058375430,"stop":1706058375430,"duration":0},"status":"passed","steps":[],"attachments":[],"parameters":[],"shouldDisplayMessage":false,"stepsCount":0,"attachmentsCount":0,"hasContent":false,"attachmentStep":false},{"name":"json_data","time":{"start":1706058375430,"stop":1706058375430,"duration":0},"status":"passed","steps":[],"attachments":[],"parameters":[],"shouldDisplayMessage":false,"stepsCount":0,"attachmentsCount":0,"hasContent":false,"attachmentStep":false},{"name":"setup_method_fixture","time":{"start":1706058513058,"stop":1706058523268,"duration":10210},"status":"broken","statusMessage":"selenium.common.exceptions.TimeoutException: Message: \nStacktrace:\n#0 0x55b327a2ef83 <unknown>\n#1 0x55b3276e7cf7 <unknown>\n#2 0x55b32773799e <unknown>\n#3 0x55b327737aa1 <unknown>\n#4 0x55b327782d64 <unknown>\n#5 0x55b3277610dd <unknown>\n#6 0x55b327780006 <unknown>\n#7 0x55b327760e53 <unknown>\n#8 0x55b327728dd4 <unknown>\n#9 0x55b32772a1de <unknown>\n#10 0x55b3279f3531 <unknown>\n#11 0x55b3279f7455 <unknown>\n#12 0x55b3279dff55 <unknown>\n#13 0x55b3279f80ef <unknown>\n#14 0x55b3279c399f <unknown>\n#15 0x55b327a1c008 <unknown>\n#16 0x55b327a1c1d7 <unknown>\n#17 0x55b327a2e124 <unknown>\n#18 0x7f031b094ac3 <unknown>\n\n","statusTrace":"  File \"/home/runner/work/kisangateway-test/kisangateway-test/.venv/lib/python3.11/site-packages/pluggy/_callers.py\", line 80, in _multicall\n    res = hook_impl.function(*args)\n          ^^^^^^^^^^^^^^^^^^^^^^^^^\n  File \"/home/runner/work/kisangateway-test/kisangateway-test/.venv/lib/python3.11/site-packages/_pytest/fixtures.py\", line 1123, in pytest_fixture_setup\n    result = call_fixture_func(fixturefunc, request, kwargs)\n             ^^^^^^^^^^^^^^^^^^^^^^^^^^^^^^^^^^^^^^^^^^^^^^^\n  File \"/home/runner/work/kisangateway-test/kisangateway-test/.venv/lib/python3.11/site-packages/_pytest/fixtures.py\", line 902, in call_fixture_func\n    fixture_result = fixturefunc(**kwargs)\n                     ^^^^^^^^^^^^^^^^^^^^^\n  File \"/home/runner/work/kisangateway-test/kisangateway-test/tests/test_workspaces.py\", line 23, in setup_method_fixture\n    login(secret_data, self.about_page, self.login_page)\n  File \"/home/runner/work/kisangateway-test/kisangateway-test/tests/test_workspaces.py\", line 13, in login\n    about_page.click_login_link()\n  File \"/home/runner/work/kisangateway-test/kisangateway-test/.venv/lib/python3.11/site-packages/allure_commons/_allure.py\", line 192, in impl\n    return func(*a, **kw)\n           ^^^^^^^^^^^^^^\n  File \"/home/runner/work/kisangateway-test/kisangateway-test/pages/about_page.py\", line 20, in click_login_link\n    self.click(self.LOGIN_LINK)\n  File \"/home/runner/work/kisangateway-test/kisangateway-test/pages/base_page.py\", line 38, in click\n    el: WebElement = self.wait.until(\n                     ^^^^^^^^^^^^^^^^\n  File \"/home/runner/work/kisangateway-test/kisangateway-test/.venv/lib/python3.11/site-packages/selenium/webdriver/support/wait.py\", line 95, in until\n    raise TimeoutException(message, screen, stacktrace)\n","steps":[{"name":"Click Login link","time":{"start":1706058513058,"stop":1706058523268,"duration":10210},"status":"broken","statusMessage":"selenium.common.exceptions.TimeoutException: Message: \nStacktrace:\n#0 0x55b327a2ef83 <unknown>\n#1 0x55b3276e7cf7 <unknown>\n#2 0x55b32773799e <unknown>\n#3 0x55b327737aa1 <unknown>\n#4 0x55b327782d64 <unknown>\n#5 0x55b3277610dd <unknown>\n#6 0x55b327780006 <unknown>\n#7 0x55b327760e53 <unknown>\n#8 0x55b327728dd4 <unknown>\n#9 0x55b32772a1de <unknown>\n#10 0x55b3279f3531 <unknown>\n#11 0x55b3279f7455 <unknown>\n#12 0x55b3279dff55 <unknown>\n#13 0x55b3279f80ef <unknown>\n#14 0x55b3279c399f <unknown>\n#15 0x55b327a1c008 <unknown>\n#16 0x55b327a1c1d7 <unknown>\n#17 0x55b327a2e124 <unknown>\n#18 0x7f031b094ac3 <unknown>\n\n","statusTrace":"  File \"/home/runner/work/kisangateway-test/kisangateway-test/.venv/lib/python3.11/site-packages/allure_commons/_allure.py\", line 192, in impl\n    return func(*a, **kw)\n           ^^^^^^^^^^^^^^\n  File \"/home/runner/work/kisangateway-test/kisangateway-test/pages/about_page.py\", line 20, in click_login_link\n    self.click(self.LOGIN_LINK)\n  File \"/home/runner/work/kisangateway-test/kisangateway-test/pages/base_page.py\", line 38, in click\n    el: WebElement = self.wait.until(\n                     ^^^^^^^^^^^^^^^^\n  File \"/home/runner/work/kisangateway-test/kisangateway-test/.venv/lib/python3.11/site-packages/selenium/webdriver/support/wait.py\", line 95, in until\n    raise TimeoutException(message, screen, stacktrace)\n","steps":[],"attachments":[],"parameters":[],"shouldDisplayMessage":true,"stepsCount":0,"attachmentsCount":0,"hasContent":true,"attachmentStep":false}],"attachments":[],"parameters":[],"shouldDisplayMessage":false,"stepsCount":1,"attachmentsCount":0,"hasContent":true,"attachmentStep":false}],"testStage":{"description":"Cancel project deletion","status":"broken","statusMessage":"selenium.common.exceptions.TimeoutException: Message: \nStacktrace:\n#0 0x55b327a2ef83 <unknown>\n#1 0x55b3276e7cf7 <unknown>\n#2 0x55b32773799e <unknown>\n#3 0x55b327737aa1 <unknown>\n#4 0x55b327782d64 <unknown>\n#5 0x55b3277610dd <unknown>\n#6 0x55b327780006 <unknown>\n#7 0x55b327760e53 <unknown>\n#8 0x55b327728dd4 <unknown>\n#9 0x55b32772a1de <unknown>\n#10 0x55b3279f3531 <unknown>\n#11 0x55b3279f7455 <unknown>\n#12 0x55b3279dff55 <unknown>\n#13 0x55b3279f80ef <unknown>\n#14 0x55b3279c399f <unknown>\n#15 0x55b327a1c008 <unknown>\n#16 0x55b327a1c1d7 <unknown>\n#17 0x55b327a2e124 <unknown>\n#18 0x7f031b094ac3 <unknown>","statusTrace":"self = <tests.test_workspaces.TestWorkspaces object at 0x7f589673ec50>\nsecret_data = {'email': '', 'password': ''}\n\n    @pytest.fixture(autouse=True)\n    def setup_method_fixture(self, secret_data: dict):\n>       login(secret_data, self.about_page, self.login_page)\n\ntests/test_workspaces.py:23: \n_ _ _ _ _ _ _ _ _ _ _ _ _ _ _ _ _ _ _ _ _ _ _ _ _ _ _ _ _ _ _ _ _ _ _ _ _ _ _ _ \ntests/test_workspaces.py:13: in login\n    about_page.click_login_link()\npages/about_page.py:20: in click_login_link\n    self.click(self.LOGIN_LINK)\npages/base_page.py:38: in click\n    el: WebElement = self.wait.until(\n_ _ _ _ _ _ _ _ _ _ _ _ _ _ _ _ _ _ _ _ _ _ _ _ _ _ _ _ _ _ _ _ _ _ _ _ _ _ _ _ \n\nself = <selenium.webdriver.support.wait.WebDriverWait (session=\"76be3ac2ab308cc35df5d568141b0cc2\")>\nmethod = <function element_to_be_clickable.<locals>._predicate at 0x7f5896394fe0>\nmessage = ''\n\n    def until(self, method, message: str = \"\"):\n        \"\"\"Calls the method provided with the driver as an argument until the \\\n        return value does not evaluate to ``False``.\n    \n        :param method: callable(WebDriver)\n        :param message: optional message for :exc:`TimeoutException`\n        :returns: the result of the last call to `method`\n        :raises: :exc:`selenium.common.exceptions.TimeoutException` if timeout occurs\n        \"\"\"\n        screen = None\n        stacktrace = None\n    \n        end_time = time.monotonic() + self._timeout\n        while True:\n            try:\n                value = method(self._driver)\n                if value:\n                    return value\n            except self._ignored_exceptions as exc:\n                screen = getattr(exc, \"screen\", None)\n                stacktrace = getattr(exc, \"stacktrace\", None)\n            time.sleep(self._poll)\n            if time.monotonic() > end_time:\n                break\n>       raise TimeoutException(message, screen, stacktrace)\nE       selenium.common.exceptions.TimeoutException: Message: \nE       Stacktrace:\nE       #0 0x55b327a2ef83 <unknown>\nE       #1 0x55b3276e7cf7 <unknown>\nE       #2 0x55b32773799e <unknown>\nE       #3 0x55b327737aa1 <unknown>\nE       #4 0x55b327782d64 <unknown>\nE       #5 0x55b3277610dd <unknown>\nE       #6 0x55b327780006 <unknown>\nE       #7 0x55b327760e53 <unknown>\nE       #8 0x55b327728dd4 <unknown>\nE       #9 0x55b32772a1de <unknown>\nE       #10 0x55b3279f3531 <unknown>\nE       #11 0x55b3279f7455 <unknown>\nE       #12 0x55b3279dff55 <unknown>\nE       #13 0x55b3279f80ef <unknown>\nE       #14 0x55b3279c399f <unknown>\nE       #15 0x55b327a1c008 <unknown>\nE       #16 0x55b327a1c1d7 <unknown>\nE       #17 0x55b327a2e124 <unknown>\nE       #18 0x7f031b094ac3 <unknown>\n\n.venv/lib/python3.11/site-packages/selenium/webdriver/support/wait.py:95: TimeoutException","steps":[],"attachments":[{"uid":"22abb2e729690456","name":"public ip address","source":"22abb2e729690456.txt","type":"text/plain","size":15},{"uid":"fefb46d931272fb2","name":"Cookies","source":"fefb46d931272fb2.json","type":"application/json","size":2},{"uid":"1949d5d47a7d930e","name":"Session Storage","source":"1949d5d47a7d930e.json","type":"application/json","size":2},{"uid":"cbc186fb13069f08","name":"Local Storage","source":"cbc186fb13069f08.json","type":"application/json","size":77},{"uid":"f81bcb2742b1ebde","name":"Console Logs","source":"f81bcb2742b1ebde.json","type":"application/json","size":599},{"uid":"59520aa3f4910f27","name":"Full Page Screenshot","source":"59520aa3f4910f27.png","type":"image/png","size":2647721},{"uid":"3feb98a4fe61864b","name":"URL","source":"3feb98a4fe61864b.uri","type":"text/uri-list","size":25},{"uid":"833f1a4afdd3f7d5","name":"Network Logs","source":"833f1a4afdd3f7d5.json","type":"application/json","size":1233639}],"parameters":[],"shouldDisplayMessage":true,"stepsCount":0,"attachmentsCount":8,"hasContent":true,"attachmentStep":false},"afterStages":[],"labels":[{"name":"severity","value":"normal"},{"name":"story","value":"WorkSpaces Creation and Editing Functionality"},{"name":"epic","value":"Workspaces"},{"name":"tag","value":"run(order=8)"},{"name":"parentSuite","value":"tests"},{"name":"suite","value":"test_workspaces"},{"name":"subSuite","value":"TestWorkspaces"},{"name":"host","value":"fv-az1020-788"},{"name":"thread","value":"2187-MainThread"},{"name":"framework","value":"pytest"},{"name":"language","value":"cpython3"},{"name":"package","value":"tests.test_workspaces"},{"name":"resultFormat","value":"allure2"}],"parameters":[],"links":[],"hidden":false,"retry":false,"extra":{"severity":"normal","retries":[],"categories":[{"name":"Test defects","matchedStatuses":[],"flaky":false}],"tags":["run(order=8)"]},"source":"afde54316566a8de.json","parameterValues":[]}