{"uid":"a065af89a8f61e3a","name":"Create new workspace test","fullName":"tests.test_workspaces.TestWorkspaces#test_create_new_workspace","historyId":"e6e849a753ae10f50b3b38fac5a7fa8e","time":{"start":1702343114749,"stop":1702343114749,"duration":0},"description":"Create new Workspace","descriptionHtml":"<p>Create new Workspace</p>\n","status":"broken","statusMessage":"selenium.common.exceptions.TimeoutException: Message: \nStacktrace:\n#0 0x562748cd75e3 <unknown>\n#1 0x56274899a0b7 <unknown>\n#2 0x5627489e7f53 <unknown>\n#3 0x5627489e8051 <unknown>\n#4 0x562748a2d9c4 <unknown>\n#5 0x562748a0ef1d <unknown>\n#6 0x562748a2ab3d <unknown>\n#7 0x562748a0ecc3 <unknown>\n#8 0x5627489da0e4 <unknown>\n#9 0x5627489db0ae <unknown>\n#10 0x562748c9dce1 <unknown>\n#11 0x562748ca1b7e <unknown>\n#12 0x562748c8b4b5 <unknown>\n#13 0x562748ca27d6 <unknown>\n#14 0x562748c6edbf <unknown>\n#15 0x562748cc5748 <unknown>\n#16 0x562748cc5917 <unknown>\n#17 0x562748cd6773 <unknown>\n#18 0x7fc44a294ac3 <unknown>","statusTrace":"self = <tests.test_workspaces.TestWorkspaces object at 0x7fb0ea230950>\nsecret_data = {'email': '', 'password': ''}\n\n    @pytest.fixture(autouse=True)\n    def setup_method_fixture(self, secret_data: dict):\n>       login(secret_data, self.about_page, self.login_page)\n\ntests/test_workspaces.py:23: \n_ _ _ _ _ _ _ _ _ _ _ _ _ _ _ _ _ _ _ _ _ _ _ _ _ _ _ _ _ _ _ _ _ _ _ _ _ _ _ _ \ntests/test_workspaces.py:13: in login\n    about_page.click_login_link()\npages/about_page.py:20: in click_login_link\n    self.click(self.LOGIN_LINK)\npages/base_page.py:38: in click\n    el: WebElement = self.wait.until(\n_ _ _ _ _ _ _ _ _ _ _ _ _ _ _ _ _ _ _ _ _ _ _ _ _ _ _ _ _ _ _ _ _ _ _ _ _ _ _ _ \n\nself = <selenium.webdriver.support.wait.WebDriverWait (session=\"ee02cc683a7967c354107662731b9d55\")>\nmethod = <function element_to_be_clickable.<locals>._predicate at 0x7fb0ea100fe0>\nmessage = ''\n\n    def until(self, method, message: str = \"\"):\n        \"\"\"Calls the method provided with the driver as an argument until the \\\n        return value does not evaluate to ``False``.\n    \n        :param method: callable(WebDriver)\n        :param message: optional message for :exc:`TimeoutException`\n        :returns: the result of the last call to `method`\n        :raises: :exc:`selenium.common.exceptions.TimeoutException` if timeout occurs\n        \"\"\"\n        screen = None\n        stacktrace = None\n    \n        end_time = time.monotonic() + self._timeout\n        while True:\n            try:\n                value = method(self._driver)\n                if value:\n                    return value\n            except self._ignored_exceptions as exc:\n                screen = getattr(exc, \"screen\", None)\n                stacktrace = getattr(exc, \"stacktrace\", None)\n            time.sleep(self._poll)\n            if time.monotonic() > end_time:\n                break\n>       raise TimeoutException(message, screen, stacktrace)\nE       selenium.common.exceptions.TimeoutException: Message: \nE       Stacktrace:\nE       #0 0x562748cd75e3 <unknown>\nE       #1 0x56274899a0b7 <unknown>\nE       #2 0x5627489e7f53 <unknown>\nE       #3 0x5627489e8051 <unknown>\nE       #4 0x562748a2d9c4 <unknown>\nE       #5 0x562748a0ef1d <unknown>\nE       #6 0x562748a2ab3d <unknown>\nE       #7 0x562748a0ecc3 <unknown>\nE       #8 0x5627489da0e4 <unknown>\nE       #9 0x5627489db0ae <unknown>\nE       #10 0x562748c9dce1 <unknown>\nE       #11 0x562748ca1b7e <unknown>\nE       #12 0x562748c8b4b5 <unknown>\nE       #13 0x562748ca27d6 <unknown>\nE       #14 0x562748c6edbf <unknown>\nE       #15 0x562748cc5748 <unknown>\nE       #16 0x562748cc5917 <unknown>\nE       #17 0x562748cd6773 <unknown>\nE       #18 0x7fc44a294ac3 <unknown>\n\n.venv/lib/python3.11/site-packages/selenium/webdriver/support/wait.py:95: TimeoutException","flaky":false,"newFailed":false,"newBroken":false,"newPassed":false,"retriesCount":0,"retriesStatusChange":false,"beforeStages":[{"name":"secret_data","time":{"start":1702343103185,"stop":1702343103185,"duration":0},"status":"passed","steps":[],"attachments":[],"parameters":[],"shouldDisplayMessage":false,"stepsCount":0,"attachmentsCount":0,"hasContent":false,"attachmentStep":false},{"name":"_verify_url","time":{"start":1702343103185,"stop":1702343103185,"duration":0},"status":"passed","steps":[],"attachments":[],"parameters":[],"shouldDisplayMessage":false,"stepsCount":0,"attachmentsCount":0,"hasContent":false,"attachmentStep":false},{"name":"base_url","time":{"start":1702343103185,"stop":1702343103185,"duration":0},"status":"passed","steps":[],"attachments":[],"parameters":[],"shouldDisplayMessage":false,"stepsCount":0,"attachmentsCount":0,"hasContent":false,"attachmentStep":false},{"name":"json_data","time":{"start":1702343103185,"stop":1702343103185,"duration":0},"status":"passed","steps":[],"attachments":[],"parameters":[],"shouldDisplayMessage":false,"stepsCount":0,"attachmentsCount":0,"hasContent":false,"attachmentStep":false},{"name":"setup_method_fixture","time":{"start":1702343115950,"stop":1702343126124,"duration":10174},"status":"broken","statusMessage":"selenium.common.exceptions.TimeoutException: Message: \nStacktrace:\n#0 0x562748cd75e3 <unknown>\n#1 0x56274899a0b7 <unknown>\n#2 0x5627489e7f53 <unknown>\n#3 0x5627489e8051 <unknown>\n#4 0x562748a2d9c4 <unknown>\n#5 0x562748a0ef1d <unknown>\n#6 0x562748a2ab3d <unknown>\n#7 0x562748a0ecc3 <unknown>\n#8 0x5627489da0e4 <unknown>\n#9 0x5627489db0ae <unknown>\n#10 0x562748c9dce1 <unknown>\n#11 0x562748ca1b7e <unknown>\n#12 0x562748c8b4b5 <unknown>\n#13 0x562748ca27d6 <unknown>\n#14 0x562748c6edbf <unknown>\n#15 0x562748cc5748 <unknown>\n#16 0x562748cc5917 <unknown>\n#17 0x562748cd6773 <unknown>\n#18 0x7fc44a294ac3 <unknown>\n\n","statusTrace":"  File \"/home/runner/work/kisangateway-test/kisangateway-test/.venv/lib/python3.11/site-packages/pluggy/_callers.py\", line 80, in _multicall\n    res = hook_impl.function(*args)\n          ^^^^^^^^^^^^^^^^^^^^^^^^^\n  File \"/home/runner/work/kisangateway-test/kisangateway-test/.venv/lib/python3.11/site-packages/_pytest/fixtures.py\", line 1123, in pytest_fixture_setup\n    result = call_fixture_func(fixturefunc, request, kwargs)\n             ^^^^^^^^^^^^^^^^^^^^^^^^^^^^^^^^^^^^^^^^^^^^^^^\n  File \"/home/runner/work/kisangateway-test/kisangateway-test/.venv/lib/python3.11/site-packages/_pytest/fixtures.py\", line 902, in call_fixture_func\n    fixture_result = fixturefunc(**kwargs)\n                     ^^^^^^^^^^^^^^^^^^^^^\n  File \"/home/runner/work/kisangateway-test/kisangateway-test/tests/test_workspaces.py\", line 23, in setup_method_fixture\n    login(secret_data, self.about_page, self.login_page)\n  File \"/home/runner/work/kisangateway-test/kisangateway-test/tests/test_workspaces.py\", line 13, in login\n    about_page.click_login_link()\n  File \"/home/runner/work/kisangateway-test/kisangateway-test/.venv/lib/python3.11/site-packages/allure_commons/_allure.py\", line 192, in impl\n    return func(*a, **kw)\n           ^^^^^^^^^^^^^^\n  File \"/home/runner/work/kisangateway-test/kisangateway-test/pages/about_page.py\", line 20, in click_login_link\n    self.click(self.LOGIN_LINK)\n  File \"/home/runner/work/kisangateway-test/kisangateway-test/pages/base_page.py\", line 38, in click\n    el: WebElement = self.wait.until(\n                     ^^^^^^^^^^^^^^^^\n  File \"/home/runner/work/kisangateway-test/kisangateway-test/.venv/lib/python3.11/site-packages/selenium/webdriver/support/wait.py\", line 95, in until\n    raise TimeoutException(message, screen, stacktrace)\n","steps":[{"name":"Click Login link","time":{"start":1702343115950,"stop":1702343126124,"duration":10174},"status":"broken","statusMessage":"selenium.common.exceptions.TimeoutException: Message: \nStacktrace:\n#0 0x562748cd75e3 <unknown>\n#1 0x56274899a0b7 <unknown>\n#2 0x5627489e7f53 <unknown>\n#3 0x5627489e8051 <unknown>\n#4 0x562748a2d9c4 <unknown>\n#5 0x562748a0ef1d <unknown>\n#6 0x562748a2ab3d <unknown>\n#7 0x562748a0ecc3 <unknown>\n#8 0x5627489da0e4 <unknown>\n#9 0x5627489db0ae <unknown>\n#10 0x562748c9dce1 <unknown>\n#11 0x562748ca1b7e <unknown>\n#12 0x562748c8b4b5 <unknown>\n#13 0x562748ca27d6 <unknown>\n#14 0x562748c6edbf <unknown>\n#15 0x562748cc5748 <unknown>\n#16 0x562748cc5917 <unknown>\n#17 0x562748cd6773 <unknown>\n#18 0x7fc44a294ac3 <unknown>\n\n","statusTrace":"  File \"/home/runner/work/kisangateway-test/kisangateway-test/.venv/lib/python3.11/site-packages/allure_commons/_allure.py\", line 192, in impl\n    return func(*a, **kw)\n           ^^^^^^^^^^^^^^\n  File \"/home/runner/work/kisangateway-test/kisangateway-test/pages/about_page.py\", line 20, in click_login_link\n    self.click(self.LOGIN_LINK)\n  File \"/home/runner/work/kisangateway-test/kisangateway-test/pages/base_page.py\", line 38, in click\n    el: WebElement = self.wait.until(\n                     ^^^^^^^^^^^^^^^^\n  File \"/home/runner/work/kisangateway-test/kisangateway-test/.venv/lib/python3.11/site-packages/selenium/webdriver/support/wait.py\", line 95, in until\n    raise TimeoutException(message, screen, stacktrace)\n","steps":[],"attachments":[],"parameters":[],"shouldDisplayMessage":true,"stepsCount":0,"attachmentsCount":0,"hasContent":true,"attachmentStep":false}],"attachments":[],"parameters":[],"shouldDisplayMessage":false,"stepsCount":1,"attachmentsCount":0,"hasContent":true,"attachmentStep":false}],"testStage":{"description":"Create new Workspace","status":"broken","statusMessage":"selenium.common.exceptions.TimeoutException: Message: \nStacktrace:\n#0 0x562748cd75e3 <unknown>\n#1 0x56274899a0b7 <unknown>\n#2 0x5627489e7f53 <unknown>\n#3 0x5627489e8051 <unknown>\n#4 0x562748a2d9c4 <unknown>\n#5 0x562748a0ef1d <unknown>\n#6 0x562748a2ab3d <unknown>\n#7 0x562748a0ecc3 <unknown>\n#8 0x5627489da0e4 <unknown>\n#9 0x5627489db0ae <unknown>\n#10 0x562748c9dce1 <unknown>\n#11 0x562748ca1b7e <unknown>\n#12 0x562748c8b4b5 <unknown>\n#13 0x562748ca27d6 <unknown>\n#14 0x562748c6edbf <unknown>\n#15 0x562748cc5748 <unknown>\n#16 0x562748cc5917 <unknown>\n#17 0x562748cd6773 <unknown>\n#18 0x7fc44a294ac3 <unknown>","statusTrace":"self = <tests.test_workspaces.TestWorkspaces object at 0x7fb0ea230950>\nsecret_data = {'email': '', 'password': ''}\n\n    @pytest.fixture(autouse=True)\n    def setup_method_fixture(self, secret_data: dict):\n>       login(secret_data, self.about_page, self.login_page)\n\ntests/test_workspaces.py:23: \n_ _ _ _ _ _ _ _ _ _ _ _ _ _ _ _ _ _ _ _ _ _ _ _ _ _ _ _ _ _ _ _ _ _ _ _ _ _ _ _ \ntests/test_workspaces.py:13: in login\n    about_page.click_login_link()\npages/about_page.py:20: in click_login_link\n    self.click(self.LOGIN_LINK)\npages/base_page.py:38: in click\n    el: WebElement = self.wait.until(\n_ _ _ _ _ _ _ _ _ _ _ _ _ _ _ _ _ _ _ _ _ _ _ _ _ _ _ _ _ _ _ _ _ _ _ _ _ _ _ _ \n\nself = <selenium.webdriver.support.wait.WebDriverWait (session=\"ee02cc683a7967c354107662731b9d55\")>\nmethod = <function element_to_be_clickable.<locals>._predicate at 0x7fb0ea100fe0>\nmessage = ''\n\n    def until(self, method, message: str = \"\"):\n        \"\"\"Calls the method provided with the driver as an argument until the \\\n        return value does not evaluate to ``False``.\n    \n        :param method: callable(WebDriver)\n        :param message: optional message for :exc:`TimeoutException`\n        :returns: the result of the last call to `method`\n        :raises: :exc:`selenium.common.exceptions.TimeoutException` if timeout occurs\n        \"\"\"\n        screen = None\n        stacktrace = None\n    \n        end_time = time.monotonic() + self._timeout\n        while True:\n            try:\n                value = method(self._driver)\n                if value:\n                    return value\n            except self._ignored_exceptions as exc:\n                screen = getattr(exc, \"screen\", None)\n                stacktrace = getattr(exc, \"stacktrace\", None)\n            time.sleep(self._poll)\n            if time.monotonic() > end_time:\n                break\n>       raise TimeoutException(message, screen, stacktrace)\nE       selenium.common.exceptions.TimeoutException: Message: \nE       Stacktrace:\nE       #0 0x562748cd75e3 <unknown>\nE       #1 0x56274899a0b7 <unknown>\nE       #2 0x5627489e7f53 <unknown>\nE       #3 0x5627489e8051 <unknown>\nE       #4 0x562748a2d9c4 <unknown>\nE       #5 0x562748a0ef1d <unknown>\nE       #6 0x562748a2ab3d <unknown>\nE       #7 0x562748a0ecc3 <unknown>\nE       #8 0x5627489da0e4 <unknown>\nE       #9 0x5627489db0ae <unknown>\nE       #10 0x562748c9dce1 <unknown>\nE       #11 0x562748ca1b7e <unknown>\nE       #12 0x562748c8b4b5 <unknown>\nE       #13 0x562748ca27d6 <unknown>\nE       #14 0x562748c6edbf <unknown>\nE       #15 0x562748cc5748 <unknown>\nE       #16 0x562748cc5917 <unknown>\nE       #17 0x562748cd6773 <unknown>\nE       #18 0x7fc44a294ac3 <unknown>\n\n.venv/lib/python3.11/site-packages/selenium/webdriver/support/wait.py:95: TimeoutException","steps":[],"attachments":[{"uid":"373a55b93a073e6e","name":"public ip address","source":"373a55b93a073e6e.txt","type":"text/plain","size":14},{"uid":"d4dec7634930084b","name":"Cookies","source":"d4dec7634930084b.json","type":"application/json","size":2},{"uid":"93f6ffdef48a29f7","name":"Session Storage","source":"93f6ffdef48a29f7.json","type":"application/json","size":2},{"uid":"b517347d41e4e835","name":"Local Storage","source":"b517347d41e4e835.json","type":"application/json","size":2},{"uid":"91535499fc059a74","name":"Console Logs","source":"91535499fc059a74.json","type":"application/json","size":2},{"uid":"eeaa45999e57289","name":"Full Page Screenshot","source":"eeaa45999e57289.png","type":"image/png","size":2669391},{"uid":"a45bd341fbfd3791","name":"URL","source":"a45bd341fbfd3791.uri","type":"text/uri-list","size":25},{"uid":"fe779a25d4c6f646","name":"Network Logs","source":"fe779a25d4c6f646.json","type":"application/json","size":14029}],"parameters":[],"shouldDisplayMessage":true,"stepsCount":0,"attachmentsCount":8,"hasContent":true,"attachmentStep":false},"afterStages":[],"labels":[{"name":"epic","value":"Workspaces"},{"name":"story","value":"WorkSpaces Creation and Editing Functionality"},{"name":"severity","value":"normal"},{"name":"tag","value":"run(order=1)"},{"name":"parentSuite","value":"tests"},{"name":"suite","value":"test_workspaces"},{"name":"subSuite","value":"TestWorkspaces"},{"name":"host","value":"fv-az651-222"},{"name":"thread","value":"2277-MainThread"},{"name":"framework","value":"pytest"},{"name":"language","value":"cpython3"},{"name":"package","value":"tests.test_workspaces"},{"name":"resultFormat","value":"allure2"}],"parameters":[],"links":[],"hidden":false,"retry":false,"extra":{"severity":"normal","retries":[],"categories":[{"name":"Test defects","matchedStatuses":[],"flaky":false}],"tags":["run(order=1)"]},"source":"a065af89a8f61e3a.json","parameterValues":[]}