{"uid":"3bc90f5b27d9ab61","name":"Create new workspace test","fullName":"tests.test_workspaces.TestWorkspaces#test_create_new_workspace","historyId":"e6e849a753ae10f50b3b38fac5a7fa8e","time":{"start":1699405309276,"stop":1699405309276,"duration":0},"description":"Create new Workspace","descriptionHtml":"<p>Create new Workspace</p>\n","status":"broken","statusMessage":"selenium.common.exceptions.TimeoutException: Message: \nStacktrace:\n#0 0x561c878a8fb3 <unknown>\n#1 0x561c8757c4a7 <unknown>\n#2 0x561c875c3dd6 <unknown>\n#3 0x561c875c3ec1 <unknown>\n#4 0x561c87601354 <unknown>\n#5 0x561c875e596d <unknown>\n#6 0x561c875fec02 <unknown>\n#7 0x561c875e5713 <unknown>\n#8 0x561c875b818b <unknown>\n#9 0x561c875b8f7e <unknown>\n#10 0x561c8786e8d8 <unknown>\n#11 0x561c87872800 <unknown>\n#12 0x561c8787ccfc <unknown>\n#13 0x561c87873418 <unknown>\n#14 0x561c8784042f <unknown>\n#15 0x561c878974e8 <unknown>\n#16 0x561c878976b4 <unknown>\n#17 0x561c878a8143 <unknown>\n#18 0x7f2189294ac3 <unknown>","statusTrace":"self = <tests.test_workspaces.TestWorkspaces object at 0x7f0ba3951d10>\nsecret_data = {'email': '', 'password': ''}\n\n    @pytest.fixture(autouse=True)\n    def setup_method_fixture(self, secret_data: dict):\n>       login(secret_data, self.about_page, self.login_page)\n\ntests/test_workspaces.py:23: \n_ _ _ _ _ _ _ _ _ _ _ _ _ _ _ _ _ _ _ _ _ _ _ _ _ _ _ _ _ _ _ _ _ _ _ _ _ _ _ _ \ntests/test_workspaces.py:13: in login\n    about_page.click_login_link()\npages/about_page.py:20: in click_login_link\n    self.click(self.LOGIN_LINK)\npages/base_page.py:38: in click\n    el: WebElement = self.wait.until(\n_ _ _ _ _ _ _ _ _ _ _ _ _ _ _ _ _ _ _ _ _ _ _ _ _ _ _ _ _ _ _ _ _ _ _ _ _ _ _ _ \n\nself = <selenium.webdriver.support.wait.WebDriverWait (session=\"628ed45b0e61df06fb68d374d4a212ae\")>\nmethod = <function element_to_be_clickable.<locals>._predicate at 0x7f0ba355c9a0>\nmessage = ''\n\n    def until(self, method, message: str = \"\"):\n        \"\"\"Calls the method provided with the driver as an argument until the \\\n        return value does not evaluate to ``False``.\n    \n        :param method: callable(WebDriver)\n        :param message: optional message for :exc:`TimeoutException`\n        :returns: the result of the last call to `method`\n        :raises: :exc:`selenium.common.exceptions.TimeoutException` if timeout occurs\n        \"\"\"\n        screen = None\n        stacktrace = None\n    \n        end_time = time.monotonic() + self._timeout\n        while True:\n            try:\n                value = method(self._driver)\n                if value:\n                    return value\n            except self._ignored_exceptions as exc:\n                screen = getattr(exc, \"screen\", None)\n                stacktrace = getattr(exc, \"stacktrace\", None)\n            time.sleep(self._poll)\n            if time.monotonic() > end_time:\n                break\n>       raise TimeoutException(message, screen, stacktrace)\nE       selenium.common.exceptions.TimeoutException: Message: \nE       Stacktrace:\nE       #0 0x561c878a8fb3 <unknown>\nE       #1 0x561c8757c4a7 <unknown>\nE       #2 0x561c875c3dd6 <unknown>\nE       #3 0x561c875c3ec1 <unknown>\nE       #4 0x561c87601354 <unknown>\nE       #5 0x561c875e596d <unknown>\nE       #6 0x561c875fec02 <unknown>\nE       #7 0x561c875e5713 <unknown>\nE       #8 0x561c875b818b <unknown>\nE       #9 0x561c875b8f7e <unknown>\nE       #10 0x561c8786e8d8 <unknown>\nE       #11 0x561c87872800 <unknown>\nE       #12 0x561c8787ccfc <unknown>\nE       #13 0x561c87873418 <unknown>\nE       #14 0x561c8784042f <unknown>\nE       #15 0x561c878974e8 <unknown>\nE       #16 0x561c878976b4 <unknown>\nE       #17 0x561c878a8143 <unknown>\nE       #18 0x7f2189294ac3 <unknown>\n\n.venv/lib/python3.11/site-packages/selenium/webdriver/support/wait.py:95: TimeoutException","flaky":false,"newFailed":false,"newBroken":false,"newPassed":false,"retriesCount":0,"retriesStatusChange":false,"beforeStages":[{"name":"base_url","time":{"start":1699405298203,"stop":1699405298203,"duration":0},"status":"passed","steps":[],"attachments":[],"parameters":[],"shouldDisplayMessage":false,"stepsCount":0,"attachmentsCount":0,"hasContent":false},{"name":"_verify_url","time":{"start":1699405298203,"stop":1699405298203,"duration":0},"status":"passed","steps":[],"attachments":[],"parameters":[],"shouldDisplayMessage":false,"stepsCount":0,"attachmentsCount":0,"hasContent":false},{"name":"json_data","time":{"start":1699405298204,"stop":1699405298204,"duration":0},"status":"passed","steps":[],"attachments":[],"parameters":[],"shouldDisplayMessage":false,"stepsCount":0,"attachmentsCount":0,"hasContent":false},{"name":"secret_data","time":{"start":1699405298204,"stop":1699405298204,"duration":0},"status":"passed","steps":[],"attachments":[],"parameters":[],"shouldDisplayMessage":false,"stepsCount":0,"attachmentsCount":0,"hasContent":false},{"name":"setup_method_fixture","time":{"start":1699405310365,"stop":1699405320570,"duration":10205},"status":"broken","statusMessage":"selenium.common.exceptions.TimeoutException: Message: \nStacktrace:\n#0 0x561c878a8fb3 <unknown>\n#1 0x561c8757c4a7 <unknown>\n#2 0x561c875c3dd6 <unknown>\n#3 0x561c875c3ec1 <unknown>\n#4 0x561c87601354 <unknown>\n#5 0x561c875e596d <unknown>\n#6 0x561c875fec02 <unknown>\n#7 0x561c875e5713 <unknown>\n#8 0x561c875b818b <unknown>\n#9 0x561c875b8f7e <unknown>\n#10 0x561c8786e8d8 <unknown>\n#11 0x561c87872800 <unknown>\n#12 0x561c8787ccfc <unknown>\n#13 0x561c87873418 <unknown>\n#14 0x561c8784042f <unknown>\n#15 0x561c878974e8 <unknown>\n#16 0x561c878976b4 <unknown>\n#17 0x561c878a8143 <unknown>\n#18 0x7f2189294ac3 <unknown>\n\n","statusTrace":"  File \"/home/runner/work/kisangateway-test/kisangateway-test/.venv/lib/python3.11/site-packages/pluggy/_callers.py\", line 80, in _multicall\n    res = hook_impl.function(*args)\n          ^^^^^^^^^^^^^^^^^^^^^^^^^\n  File \"/home/runner/work/kisangateway-test/kisangateway-test/.venv/lib/python3.11/site-packages/_pytest/fixtures.py\", line 1123, in pytest_fixture_setup\n    result = call_fixture_func(fixturefunc, request, kwargs)\n             ^^^^^^^^^^^^^^^^^^^^^^^^^^^^^^^^^^^^^^^^^^^^^^^\n  File \"/home/runner/work/kisangateway-test/kisangateway-test/.venv/lib/python3.11/site-packages/_pytest/fixtures.py\", line 902, in call_fixture_func\n    fixture_result = fixturefunc(**kwargs)\n                     ^^^^^^^^^^^^^^^^^^^^^\n  File \"/home/runner/work/kisangateway-test/kisangateway-test/tests/test_workspaces.py\", line 23, in setup_method_fixture\n    login(secret_data, self.about_page, self.login_page)\n  File \"/home/runner/work/kisangateway-test/kisangateway-test/tests/test_workspaces.py\", line 13, in login\n    about_page.click_login_link()\n  File \"/home/runner/work/kisangateway-test/kisangateway-test/.venv/lib/python3.11/site-packages/allure_commons/_allure.py\", line 192, in impl\n    return func(*a, **kw)\n           ^^^^^^^^^^^^^^\n  File \"/home/runner/work/kisangateway-test/kisangateway-test/pages/about_page.py\", line 20, in click_login_link\n    self.click(self.LOGIN_LINK)\n  File \"/home/runner/work/kisangateway-test/kisangateway-test/pages/base_page.py\", line 38, in click\n    el: WebElement = self.wait.until(\n                     ^^^^^^^^^^^^^^^^\n  File \"/home/runner/work/kisangateway-test/kisangateway-test/.venv/lib/python3.11/site-packages/selenium/webdriver/support/wait.py\", line 95, in until\n    raise TimeoutException(message, screen, stacktrace)\n","steps":[{"name":"Click Login link","time":{"start":1699405310366,"stop":1699405320569,"duration":10203},"status":"broken","statusMessage":"selenium.common.exceptions.TimeoutException: Message: \nStacktrace:\n#0 0x561c878a8fb3 <unknown>\n#1 0x561c8757c4a7 <unknown>\n#2 0x561c875c3dd6 <unknown>\n#3 0x561c875c3ec1 <unknown>\n#4 0x561c87601354 <unknown>\n#5 0x561c875e596d <unknown>\n#6 0x561c875fec02 <unknown>\n#7 0x561c875e5713 <unknown>\n#8 0x561c875b818b <unknown>\n#9 0x561c875b8f7e <unknown>\n#10 0x561c8786e8d8 <unknown>\n#11 0x561c87872800 <unknown>\n#12 0x561c8787ccfc <unknown>\n#13 0x561c87873418 <unknown>\n#14 0x561c8784042f <unknown>\n#15 0x561c878974e8 <unknown>\n#16 0x561c878976b4 <unknown>\n#17 0x561c878a8143 <unknown>\n#18 0x7f2189294ac3 <unknown>\n\n","statusTrace":"  File \"/home/runner/work/kisangateway-test/kisangateway-test/.venv/lib/python3.11/site-packages/allure_commons/_allure.py\", line 192, in impl\n    return func(*a, **kw)\n           ^^^^^^^^^^^^^^\n  File \"/home/runner/work/kisangateway-test/kisangateway-test/pages/about_page.py\", line 20, in click_login_link\n    self.click(self.LOGIN_LINK)\n  File \"/home/runner/work/kisangateway-test/kisangateway-test/pages/base_page.py\", line 38, in click\n    el: WebElement = self.wait.until(\n                     ^^^^^^^^^^^^^^^^\n  File \"/home/runner/work/kisangateway-test/kisangateway-test/.venv/lib/python3.11/site-packages/selenium/webdriver/support/wait.py\", line 95, in until\n    raise TimeoutException(message, screen, stacktrace)\n","steps":[],"attachments":[],"parameters":[],"shouldDisplayMessage":true,"stepsCount":0,"attachmentsCount":0,"hasContent":true}],"attachments":[],"parameters":[],"shouldDisplayMessage":false,"stepsCount":1,"attachmentsCount":0,"hasContent":true}],"testStage":{"description":"Create new Workspace","status":"broken","statusMessage":"selenium.common.exceptions.TimeoutException: Message: \nStacktrace:\n#0 0x561c878a8fb3 <unknown>\n#1 0x561c8757c4a7 <unknown>\n#2 0x561c875c3dd6 <unknown>\n#3 0x561c875c3ec1 <unknown>\n#4 0x561c87601354 <unknown>\n#5 0x561c875e596d <unknown>\n#6 0x561c875fec02 <unknown>\n#7 0x561c875e5713 <unknown>\n#8 0x561c875b818b <unknown>\n#9 0x561c875b8f7e <unknown>\n#10 0x561c8786e8d8 <unknown>\n#11 0x561c87872800 <unknown>\n#12 0x561c8787ccfc <unknown>\n#13 0x561c87873418 <unknown>\n#14 0x561c8784042f <unknown>\n#15 0x561c878974e8 <unknown>\n#16 0x561c878976b4 <unknown>\n#17 0x561c878a8143 <unknown>\n#18 0x7f2189294ac3 <unknown>","statusTrace":"self = <tests.test_workspaces.TestWorkspaces object at 0x7f0ba3951d10>\nsecret_data = {'email': '', 'password': ''}\n\n    @pytest.fixture(autouse=True)\n    def setup_method_fixture(self, secret_data: dict):\n>       login(secret_data, self.about_page, self.login_page)\n\ntests/test_workspaces.py:23: \n_ _ _ _ _ _ _ _ _ _ _ _ _ _ _ _ _ _ _ _ _ _ _ _ _ _ _ _ _ _ _ _ _ _ _ _ _ _ _ _ \ntests/test_workspaces.py:13: in login\n    about_page.click_login_link()\npages/about_page.py:20: in click_login_link\n    self.click(self.LOGIN_LINK)\npages/base_page.py:38: in click\n    el: WebElement = self.wait.until(\n_ _ _ _ _ _ _ _ _ _ _ _ _ _ _ _ _ _ _ _ _ _ _ _ _ _ _ _ _ _ _ _ _ _ _ _ _ _ _ _ \n\nself = <selenium.webdriver.support.wait.WebDriverWait (session=\"628ed45b0e61df06fb68d374d4a212ae\")>\nmethod = <function element_to_be_clickable.<locals>._predicate at 0x7f0ba355c9a0>\nmessage = ''\n\n    def until(self, method, message: str = \"\"):\n        \"\"\"Calls the method provided with the driver as an argument until the \\\n        return value does not evaluate to ``False``.\n    \n        :param method: callable(WebDriver)\n        :param message: optional message for :exc:`TimeoutException`\n        :returns: the result of the last call to `method`\n        :raises: :exc:`selenium.common.exceptions.TimeoutException` if timeout occurs\n        \"\"\"\n        screen = None\n        stacktrace = None\n    \n        end_time = time.monotonic() + self._timeout\n        while True:\n            try:\n                value = method(self._driver)\n                if value:\n                    return value\n            except self._ignored_exceptions as exc:\n                screen = getattr(exc, \"screen\", None)\n                stacktrace = getattr(exc, \"stacktrace\", None)\n            time.sleep(self._poll)\n            if time.monotonic() > end_time:\n                break\n>       raise TimeoutException(message, screen, stacktrace)\nE       selenium.common.exceptions.TimeoutException: Message: \nE       Stacktrace:\nE       #0 0x561c878a8fb3 <unknown>\nE       #1 0x561c8757c4a7 <unknown>\nE       #2 0x561c875c3dd6 <unknown>\nE       #3 0x561c875c3ec1 <unknown>\nE       #4 0x561c87601354 <unknown>\nE       #5 0x561c875e596d <unknown>\nE       #6 0x561c875fec02 <unknown>\nE       #7 0x561c875e5713 <unknown>\nE       #8 0x561c875b818b <unknown>\nE       #9 0x561c875b8f7e <unknown>\nE       #10 0x561c8786e8d8 <unknown>\nE       #11 0x561c87872800 <unknown>\nE       #12 0x561c8787ccfc <unknown>\nE       #13 0x561c87873418 <unknown>\nE       #14 0x561c8784042f <unknown>\nE       #15 0x561c878974e8 <unknown>\nE       #16 0x561c878976b4 <unknown>\nE       #17 0x561c878a8143 <unknown>\nE       #18 0x7f2189294ac3 <unknown>\n\n.venv/lib/python3.11/site-packages/selenium/webdriver/support/wait.py:95: TimeoutException","steps":[],"attachments":[{"uid":"38ab1fe6af76cbf8","name":"public ip address","source":"38ab1fe6af76cbf8.txt","type":"text/plain","size":14},{"uid":"c787a32287874cce","name":"Cookies","source":"c787a32287874cce.json","type":"application/json","size":2},{"uid":"923faa6657683d10","name":"Session Storage","source":"923faa6657683d10.json","type":"application/json","size":2},{"uid":"226cbdcdb587d6bc","name":"Local Storage","source":"226cbdcdb587d6bc.json","type":"application/json","size":2},{"uid":"4e8e4c19376b22ba","name":"Console Logs","source":"4e8e4c19376b22ba.json","type":"application/json","size":2},{"uid":"2b3a505f22b2f9ad","name":"Full Page Screenshot","source":"2b3a505f22b2f9ad.png","type":"image/png","size":1496512},{"uid":"62cf6486f131c3fe","name":"URL","source":"62cf6486f131c3fe.uri","type":"text/uri-list","size":25},{"uid":"1190b0cb78b3bef7","name":"Network Logs","source":"1190b0cb78b3bef7.json","type":"application/json","size":13946}],"parameters":[],"shouldDisplayMessage":true,"stepsCount":0,"attachmentsCount":8,"hasContent":true},"afterStages":[],"labels":[{"name":"epic","value":"Workspaces"},{"name":"story","value":"WorkSpaces Creation and Editing Functionality"},{"name":"severity","value":"normal"},{"name":"tag","value":"run(order=1)"},{"name":"parentSuite","value":"tests"},{"name":"suite","value":"test_workspaces"},{"name":"subSuite","value":"TestWorkspaces"},{"name":"host","value":"fv-az732-878"},{"name":"thread","value":"2397-MainThread"},{"name":"framework","value":"pytest"},{"name":"language","value":"cpython3"},{"name":"package","value":"tests.test_workspaces"},{"name":"resultFormat","value":"allure2"}],"parameters":[],"links":[],"hidden":false,"retry":false,"extra":{"severity":"normal","retries":[],"categories":[{"name":"Test defects","matchedStatuses":[],"flaky":false}],"tags":["run(order=1)"]},"source":"3bc90f5b27d9ab61.json","parameterValues":[]}