{"uid":"8cc322ebd4b56d10","name":"Number of projects displayed in page test","fullName":"tests.test_workspaces.TestWorkspaces#test_number_of_existing_projects","historyId":"ff3981f856ce65274378063348b0abd4","time":{"start":1696554129828,"stop":1696554129828,"duration":0},"description":"Compare between the actual number of projects seen on page and the number shown in workspaces block","descriptionHtml":"<p>Compare between the actual number of projects seen on page and the number shown in workspaces block</p>\n","status":"broken","statusMessage":"selenium.common.exceptions.TimeoutException: Message: \nStacktrace:\n#0 0x55b0f36166b3 <unknown>\n#1 0x55b0f32ec1e7 <unknown>\n#2 0x55b0f3333566 <unknown>\n#3 0x55b0f3333651 <unknown>\n#4 0x55b0f3370a74 <unknown>\n#5 0x55b0f33550ed <unknown>\n#6 0x55b0f336e322 <unknown>\n#7 0x55b0f3354e93 <unknown>\n#8 0x55b0f3327934 <unknown>\n#9 0x55b0f332871e <unknown>\n#10 0x55b0f35dbcb8 <unknown>\n#11 0x55b0f35dfbf0 <unknown>\n#12 0x55b0f35ea19c <unknown>\n#13 0x55b0f35e0808 <unknown>\n#14 0x55b0f35ad27f <unknown>\n#15 0x55b0f3604e88 <unknown>\n#16 0x55b0f3605059 <unknown>\n#17 0x55b0f3615843 <unknown>\n#18 0x7f43a1294b43 <unknown>","statusTrace":"self = <tests.test_workspaces.TestWorkspaces object at 0x7f911f603fd0>\nsecret_data = {'email': '', 'password': ''}\n\n    @pytest.fixture(autouse=True)\n    def setup_method_fixture(self, secret_data: dict):\n>       login(secret_data, self.about_page, self.login_page)\n\ntests/test_workspaces.py:23: \n_ _ _ _ _ _ _ _ _ _ _ _ _ _ _ _ _ _ _ _ _ _ _ _ _ _ _ _ _ _ _ _ _ _ _ _ _ _ _ _ \ntests/test_workspaces.py:13: in login\n    about_page.click_login_link()\npages/about_page.py:20: in click_login_link\n    self.click(self.LOGIN_LINK)\npages/base_page.py:38: in click\n    el: WebElement = self.wait.until(\n_ _ _ _ _ _ _ _ _ _ _ _ _ _ _ _ _ _ _ _ _ _ _ _ _ _ _ _ _ _ _ _ _ _ _ _ _ _ _ _ \n\nself = <selenium.webdriver.support.wait.WebDriverWait (session=\"b9bd1f988a1e10655dcda9385fee5483\")>\nmethod = <function element_to_be_clickable.<locals>._predicate at 0x7f911f6368e0>\nmessage = ''\n\n    def until(self, method, message: str = \"\"):\n        \"\"\"Calls the method provided with the driver as an argument until the \\\n        return value does not evaluate to ``False``.\n    \n        :param method: callable(WebDriver)\n        :param message: optional message for :exc:`TimeoutException`\n        :returns: the result of the last call to `method`\n        :raises: :exc:`selenium.common.exceptions.TimeoutException` if timeout occurs\n        \"\"\"\n        screen = None\n        stacktrace = None\n    \n        end_time = time.monotonic() + self._timeout\n        while True:\n            try:\n                value = method(self._driver)\n                if value:\n                    return value\n            except self._ignored_exceptions as exc:\n                screen = getattr(exc, \"screen\", None)\n                stacktrace = getattr(exc, \"stacktrace\", None)\n            time.sleep(self._poll)\n            if time.monotonic() > end_time:\n                break\n>       raise TimeoutException(message, screen, stacktrace)\nE       selenium.common.exceptions.TimeoutException: Message: \nE       Stacktrace:\nE       #0 0x55b0f36166b3 <unknown>\nE       #1 0x55b0f32ec1e7 <unknown>\nE       #2 0x55b0f3333566 <unknown>\nE       #3 0x55b0f3333651 <unknown>\nE       #4 0x55b0f3370a74 <unknown>\nE       #5 0x55b0f33550ed <unknown>\nE       #6 0x55b0f336e322 <unknown>\nE       #7 0x55b0f3354e93 <unknown>\nE       #8 0x55b0f3327934 <unknown>\nE       #9 0x55b0f332871e <unknown>\nE       #10 0x55b0f35dbcb8 <unknown>\nE       #11 0x55b0f35dfbf0 <unknown>\nE       #12 0x55b0f35ea19c <unknown>\nE       #13 0x55b0f35e0808 <unknown>\nE       #14 0x55b0f35ad27f <unknown>\nE       #15 0x55b0f3604e88 <unknown>\nE       #16 0x55b0f3605059 <unknown>\nE       #17 0x55b0f3615843 <unknown>\nE       #18 0x7f43a1294b43 <unknown>\n\n.venv/lib/python3.11/site-packages/selenium/webdriver/support/wait.py:95: TimeoutException","flaky":false,"newFailed":false,"newBroken":false,"newPassed":false,"retriesCount":0,"retriesStatusChange":false,"beforeStages":[{"name":"secret_data","time":{"start":1696554037624,"stop":1696554037625,"duration":1},"status":"passed","steps":[],"attachments":[],"parameters":[],"shouldDisplayMessage":false,"stepsCount":0,"attachmentsCount":0,"hasContent":false},{"name":"base_url","time":{"start":1696554037624,"stop":1696554037624,"duration":0},"status":"passed","steps":[],"attachments":[],"parameters":[],"shouldDisplayMessage":false,"stepsCount":0,"attachmentsCount":0,"hasContent":false},{"name":"_verify_url","time":{"start":1696554037624,"stop":1696554037624,"duration":0},"status":"passed","steps":[],"attachments":[],"parameters":[],"shouldDisplayMessage":false,"stepsCount":0,"attachmentsCount":0,"hasContent":false},{"name":"setup_method_fixture","time":{"start":1696554131340,"stop":1696554141660,"duration":10320},"status":"broken","statusMessage":"selenium.common.exceptions.TimeoutException: Message: \nStacktrace:\n#0 0x55b0f36166b3 <unknown>\n#1 0x55b0f32ec1e7 <unknown>\n#2 0x55b0f3333566 <unknown>\n#3 0x55b0f3333651 <unknown>\n#4 0x55b0f3370a74 <unknown>\n#5 0x55b0f33550ed <unknown>\n#6 0x55b0f336e322 <unknown>\n#7 0x55b0f3354e93 <unknown>\n#8 0x55b0f3327934 <unknown>\n#9 0x55b0f332871e <unknown>\n#10 0x55b0f35dbcb8 <unknown>\n#11 0x55b0f35dfbf0 <unknown>\n#12 0x55b0f35ea19c <unknown>\n#13 0x55b0f35e0808 <unknown>\n#14 0x55b0f35ad27f <unknown>\n#15 0x55b0f3604e88 <unknown>\n#16 0x55b0f3605059 <unknown>\n#17 0x55b0f3615843 <unknown>\n#18 0x7f43a1294b43 <unknown>\n\n","statusTrace":"  File \"/home/runner/work/kisangateway-test/kisangateway-test/.venv/lib/python3.11/site-packages/pluggy/_callers.py\", line 80, in _multicall\n    res = hook_impl.function(*args)\n          ^^^^^^^^^^^^^^^^^^^^^^^^^\n  File \"/home/runner/work/kisangateway-test/kisangateway-test/.venv/lib/python3.11/site-packages/_pytest/fixtures.py\", line 1123, in pytest_fixture_setup\n    result = call_fixture_func(fixturefunc, request, kwargs)\n             ^^^^^^^^^^^^^^^^^^^^^^^^^^^^^^^^^^^^^^^^^^^^^^^\n  File \"/home/runner/work/kisangateway-test/kisangateway-test/.venv/lib/python3.11/site-packages/_pytest/fixtures.py\", line 902, in call_fixture_func\n    fixture_result = fixturefunc(**kwargs)\n                     ^^^^^^^^^^^^^^^^^^^^^\n  File \"/home/runner/work/kisangateway-test/kisangateway-test/tests/test_workspaces.py\", line 23, in setup_method_fixture\n    login(secret_data, self.about_page, self.login_page)\n  File \"/home/runner/work/kisangateway-test/kisangateway-test/tests/test_workspaces.py\", line 13, in login\n    about_page.click_login_link()\n  File \"/home/runner/work/kisangateway-test/kisangateway-test/.venv/lib/python3.11/site-packages/allure_commons/_allure.py\", line 192, in impl\n    return func(*a, **kw)\n           ^^^^^^^^^^^^^^\n  File \"/home/runner/work/kisangateway-test/kisangateway-test/pages/about_page.py\", line 20, in click_login_link\n    self.click(self.LOGIN_LINK)\n  File \"/home/runner/work/kisangateway-test/kisangateway-test/pages/base_page.py\", line 38, in click\n    el: WebElement = self.wait.until(\n                     ^^^^^^^^^^^^^^^^\n  File \"/home/runner/work/kisangateway-test/kisangateway-test/.venv/lib/python3.11/site-packages/selenium/webdriver/support/wait.py\", line 95, in until\n    raise TimeoutException(message, screen, stacktrace)\n","steps":[{"name":"Click Login link","time":{"start":1696554131340,"stop":1696554141659,"duration":10319},"status":"broken","statusMessage":"selenium.common.exceptions.TimeoutException: Message: \nStacktrace:\n#0 0x55b0f36166b3 <unknown>\n#1 0x55b0f32ec1e7 <unknown>\n#2 0x55b0f3333566 <unknown>\n#3 0x55b0f3333651 <unknown>\n#4 0x55b0f3370a74 <unknown>\n#5 0x55b0f33550ed <unknown>\n#6 0x55b0f336e322 <unknown>\n#7 0x55b0f3354e93 <unknown>\n#8 0x55b0f3327934 <unknown>\n#9 0x55b0f332871e <unknown>\n#10 0x55b0f35dbcb8 <unknown>\n#11 0x55b0f35dfbf0 <unknown>\n#12 0x55b0f35ea19c <unknown>\n#13 0x55b0f35e0808 <unknown>\n#14 0x55b0f35ad27f <unknown>\n#15 0x55b0f3604e88 <unknown>\n#16 0x55b0f3605059 <unknown>\n#17 0x55b0f3615843 <unknown>\n#18 0x7f43a1294b43 <unknown>\n\n","statusTrace":"  File \"/home/runner/work/kisangateway-test/kisangateway-test/.venv/lib/python3.11/site-packages/allure_commons/_allure.py\", line 192, in impl\n    return func(*a, **kw)\n           ^^^^^^^^^^^^^^\n  File \"/home/runner/work/kisangateway-test/kisangateway-test/pages/about_page.py\", line 20, in click_login_link\n    self.click(self.LOGIN_LINK)\n  File \"/home/runner/work/kisangateway-test/kisangateway-test/pages/base_page.py\", line 38, in click\n    el: WebElement = self.wait.until(\n                     ^^^^^^^^^^^^^^^^\n  File \"/home/runner/work/kisangateway-test/kisangateway-test/.venv/lib/python3.11/site-packages/selenium/webdriver/support/wait.py\", line 95, in until\n    raise TimeoutException(message, screen, stacktrace)\n","steps":[],"attachments":[],"parameters":[],"shouldDisplayMessage":true,"stepsCount":0,"attachmentsCount":0,"hasContent":true}],"attachments":[],"parameters":[],"shouldDisplayMessage":false,"stepsCount":1,"attachmentsCount":0,"hasContent":true}],"testStage":{"description":"Compare between the actual number of projects seen on page and the number shown in workspaces block","status":"broken","statusMessage":"selenium.common.exceptions.TimeoutException: Message: \nStacktrace:\n#0 0x55b0f36166b3 <unknown>\n#1 0x55b0f32ec1e7 <unknown>\n#2 0x55b0f3333566 <unknown>\n#3 0x55b0f3333651 <unknown>\n#4 0x55b0f3370a74 <unknown>\n#5 0x55b0f33550ed <unknown>\n#6 0x55b0f336e322 <unknown>\n#7 0x55b0f3354e93 <unknown>\n#8 0x55b0f3327934 <unknown>\n#9 0x55b0f332871e <unknown>\n#10 0x55b0f35dbcb8 <unknown>\n#11 0x55b0f35dfbf0 <unknown>\n#12 0x55b0f35ea19c <unknown>\n#13 0x55b0f35e0808 <unknown>\n#14 0x55b0f35ad27f <unknown>\n#15 0x55b0f3604e88 <unknown>\n#16 0x55b0f3605059 <unknown>\n#17 0x55b0f3615843 <unknown>\n#18 0x7f43a1294b43 <unknown>","statusTrace":"self = <tests.test_workspaces.TestWorkspaces object at 0x7f911f603fd0>\nsecret_data = {'email': '', 'password': ''}\n\n    @pytest.fixture(autouse=True)\n    def setup_method_fixture(self, secret_data: dict):\n>       login(secret_data, self.about_page, self.login_page)\n\ntests/test_workspaces.py:23: \n_ _ _ _ _ _ _ _ _ _ _ _ _ _ _ _ _ _ _ _ _ _ _ _ _ _ _ _ _ _ _ _ _ _ _ _ _ _ _ _ \ntests/test_workspaces.py:13: in login\n    about_page.click_login_link()\npages/about_page.py:20: in click_login_link\n    self.click(self.LOGIN_LINK)\npages/base_page.py:38: in click\n    el: WebElement = self.wait.until(\n_ _ _ _ _ _ _ _ _ _ _ _ _ _ _ _ _ _ _ _ _ _ _ _ _ _ _ _ _ _ _ _ _ _ _ _ _ _ _ _ \n\nself = <selenium.webdriver.support.wait.WebDriverWait (session=\"b9bd1f988a1e10655dcda9385fee5483\")>\nmethod = <function element_to_be_clickable.<locals>._predicate at 0x7f911f6368e0>\nmessage = ''\n\n    def until(self, method, message: str = \"\"):\n        \"\"\"Calls the method provided with the driver as an argument until the \\\n        return value does not evaluate to ``False``.\n    \n        :param method: callable(WebDriver)\n        :param message: optional message for :exc:`TimeoutException`\n        :returns: the result of the last call to `method`\n        :raises: :exc:`selenium.common.exceptions.TimeoutException` if timeout occurs\n        \"\"\"\n        screen = None\n        stacktrace = None\n    \n        end_time = time.monotonic() + self._timeout\n        while True:\n            try:\n                value = method(self._driver)\n                if value:\n                    return value\n            except self._ignored_exceptions as exc:\n                screen = getattr(exc, \"screen\", None)\n                stacktrace = getattr(exc, \"stacktrace\", None)\n            time.sleep(self._poll)\n            if time.monotonic() > end_time:\n                break\n>       raise TimeoutException(message, screen, stacktrace)\nE       selenium.common.exceptions.TimeoutException: Message: \nE       Stacktrace:\nE       #0 0x55b0f36166b3 <unknown>\nE       #1 0x55b0f32ec1e7 <unknown>\nE       #2 0x55b0f3333566 <unknown>\nE       #3 0x55b0f3333651 <unknown>\nE       #4 0x55b0f3370a74 <unknown>\nE       #5 0x55b0f33550ed <unknown>\nE       #6 0x55b0f336e322 <unknown>\nE       #7 0x55b0f3354e93 <unknown>\nE       #8 0x55b0f3327934 <unknown>\nE       #9 0x55b0f332871e <unknown>\nE       #10 0x55b0f35dbcb8 <unknown>\nE       #11 0x55b0f35dfbf0 <unknown>\nE       #12 0x55b0f35ea19c <unknown>\nE       #13 0x55b0f35e0808 <unknown>\nE       #14 0x55b0f35ad27f <unknown>\nE       #15 0x55b0f3604e88 <unknown>\nE       #16 0x55b0f3605059 <unknown>\nE       #17 0x55b0f3615843 <unknown>\nE       #18 0x7f43a1294b43 <unknown>\n\n.venv/lib/python3.11/site-packages/selenium/webdriver/support/wait.py:95: TimeoutException","steps":[],"attachments":[{"uid":"dcbe8138a1469eda","name":"public ip address","source":"dcbe8138a1469eda.txt","type":"text/plain","size":13},{"uid":"e3d3700ab5788cf5","name":"Cookies","source":"e3d3700ab5788cf5.json","type":"application/json","size":2},{"uid":"fc702cdeae895add","name":"Session Storage","source":"fc702cdeae895add.json","type":"application/json","size":2},{"uid":"8db21d345b0cf7e0","name":"Local Storage","source":"8db21d345b0cf7e0.json","type":"application/json","size":2},{"uid":"79db19737e8349de","name":"Console Logs","source":"79db19737e8349de.json","type":"application/json","size":2},{"uid":"9abe1b2fd08a9d7e","name":"Full Page Screenshot","source":"9abe1b2fd08a9d7e.png","type":"image/png","size":1537971},{"uid":"d8cc0f48d44926c0","name":"URL","source":"d8cc0f48d44926c0.uri","type":"text/uri-list","size":25},{"uid":"8aedbd48ea4b2e2c","name":"Network Logs","source":"8aedbd48ea4b2e2c.json","type":"application/json","size":13994}],"parameters":[],"shouldDisplayMessage":true,"stepsCount":0,"attachmentsCount":8,"hasContent":true},"afterStages":[],"labels":[{"name":"severity","value":"normal"},{"name":"story","value":"WorkSpaces Creation and Editing Functionality"},{"name":"epic","value":"Workspaces"},{"name":"tag","value":"run(order=4)"},{"name":"parentSuite","value":"tests"},{"name":"suite","value":"test_workspaces"},{"name":"subSuite","value":"TestWorkspaces"},{"name":"host","value":"fv-az614-534"},{"name":"thread","value":"2242-MainThread"},{"name":"framework","value":"pytest"},{"name":"language","value":"cpython3"},{"name":"package","value":"tests.test_workspaces"},{"name":"resultFormat","value":"allure2"}],"parameters":[],"links":[],"hidden":false,"retry":false,"extra":{"severity":"normal","retries":[],"categories":[{"name":"Test defects","matchedStatuses":[],"flaky":false}],"tags":["run(order=4)"]},"source":"8cc322ebd4b56d10.json","parameterValues":[]}