{"uid":"acf31f7f80e2b9","name":"Logout of system test","fullName":"tests.test_login.TestLogin#test_logout","historyId":"b90200cedc51a1ecbba9a19fbdbf8893","time":{"start":1696986052264,"stop":1696986062674,"duration":10410},"description":"Log out from app","descriptionHtml":"<p>Log out from app</p>\n","status":"broken","statusMessage":"selenium.common.exceptions.TimeoutException: Message: \nStacktrace:\n#0 0x55d23b1996b3 <unknown>\n#1 0x55d23ae6f1e7 <unknown>\n#2 0x55d23aeb6566 <unknown>\n#3 0x55d23aeb6651 <unknown>\n#4 0x55d23aef3a74 <unknown>\n#5 0x55d23aed80ed <unknown>\n#6 0x55d23aef1322 <unknown>\n#7 0x55d23aed7e93 <unknown>\n#8 0x55d23aeaa934 <unknown>\n#9 0x55d23aeab71e <unknown>\n#10 0x55d23b15ecb8 <unknown>\n#11 0x55d23b162bf0 <unknown>\n#12 0x55d23b16d19c <unknown>\n#13 0x55d23b163808 <unknown>\n#14 0x55d23b13027f <unknown>\n#15 0x55d23b187e88 <unknown>\n#16 0x55d23b188059 <unknown>\n#17 0x55d23b198843 <unknown>\n#18 0x7f36ab494b43 <unknown>","statusTrace":"self = <tests.test_login.TestLogin object at 0x7f7822555990>\njson_data = {'forgot_password': {'error_message': \"We can't find a user with that e-mail address.\", 'success_message': 'A reset li...you page', 'name': 'test', 'new_name': 'another test', 'no_project_found_msg': 'No project matches the criteria', ...}}\nsecret_data = {'email': '', 'password': ''}\n\n    @allure.description(\"Log out from app\")\n    @allure.title(\"Logout of system test\")\n    @allure.story(\"As a user i want to be able to logout after a successful login.\")\n    @pytest.mark.run(order=2)\n    def test_logout(self, json_data: dict, secret_data: dict):\n        # example of a simple text attachment\n        allure.attach(\n            \"<h1>Example html attachment</h1>\",\n            name=\"HTML example\",\n            attachment_type=allure.attachment_type.HTML,\n        )\n        allure.attach(\n            \"Some text content\",\n            name=\"TXT example\",\n            attachment_type=allure.attachment_type.TEXT,\n        )\n        allure.attach(\n            \"first,second,third\\none,two,three\",\n            name=\"CSV example\",\n            attachment_type=allure.attachment_type.CSV,\n        )\n        allure.attach(\n            json.dumps({\"first\": 1, \"second\": 2}, indent=2),\n            name=\"JSON example\",\n            attachment_type=allure.attachment_type.JSON,\n        )\n        xml_content = \"\"\"<?xml version=\"1.0\" encoding=\"UTF-8\"?>\n            <tag>\n                 <inside>...</inside>\n             </tag>\n         \"\"\"\n        allure.attach(\n            xml_content,\n            name=\"some attachment name\",\n            attachment_type=allure.attachment_type.XML,\n        )\n        allure.attach(\n            \"\\n\".join(\n                [\n                    \"https://github.com/allure-framework\",\n                    \"https://github.com/allure-examples\",\n                ]\n            ),\n            name=\"URI List example\",\n            attachment_type=allure.attachment_type.URI_LIST,\n        )\n>       self.about_page.click_login_link()\n\ntests/test_login.py:90: \n_ _ _ _ _ _ _ _ _ _ _ _ _ _ _ _ _ _ _ _ _ _ _ _ _ _ _ _ _ _ _ _ _ _ _ _ _ _ _ _ \npages/about_page.py:20: in click_login_link\n    self.click(self.LOGIN_LINK)\npages/base_page.py:38: in click\n    el: WebElement = self.wait.until(\n_ _ _ _ _ _ _ _ _ _ _ _ _ _ _ _ _ _ _ _ _ _ _ _ _ _ _ _ _ _ _ _ _ _ _ _ _ _ _ _ \n\nself = <selenium.webdriver.support.wait.WebDriverWait (session=\"f2cf123a5133e9bc4115723ee5d64081\")>\nmethod = <function element_to_be_clickable.<locals>._predicate at 0x7f78225bf240>\nmessage = ''\n\n    def until(self, method, message: str = \"\"):\n        \"\"\"Calls the method provided with the driver as an argument until the \\\n        return value does not evaluate to ``False``.\n    \n        :param method: callable(WebDriver)\n        :param message: optional message for :exc:`TimeoutException`\n        :returns: the result of the last call to `method`\n        :raises: :exc:`selenium.common.exceptions.TimeoutException` if timeout occurs\n        \"\"\"\n        screen = None\n        stacktrace = None\n    \n        end_time = time.monotonic() + self._timeout\n        while True:\n            try:\n                value = method(self._driver)\n                if value:\n                    return value\n            except self._ignored_exceptions as exc:\n                screen = getattr(exc, \"screen\", None)\n                stacktrace = getattr(exc, \"stacktrace\", None)\n            time.sleep(self._poll)\n            if time.monotonic() > end_time:\n                break\n>       raise TimeoutException(message, screen, stacktrace)\nE       selenium.common.exceptions.TimeoutException: Message: \nE       Stacktrace:\nE       #0 0x55d23b1996b3 <unknown>\nE       #1 0x55d23ae6f1e7 <unknown>\nE       #2 0x55d23aeb6566 <unknown>\nE       #3 0x55d23aeb6651 <unknown>\nE       #4 0x55d23aef3a74 <unknown>\nE       #5 0x55d23aed80ed <unknown>\nE       #6 0x55d23aef1322 <unknown>\nE       #7 0x55d23aed7e93 <unknown>\nE       #8 0x55d23aeaa934 <unknown>\nE       #9 0x55d23aeab71e <unknown>\nE       #10 0x55d23b15ecb8 <unknown>\nE       #11 0x55d23b162bf0 <unknown>\nE       #12 0x55d23b16d19c <unknown>\nE       #13 0x55d23b163808 <unknown>\nE       #14 0x55d23b13027f <unknown>\nE       #15 0x55d23b187e88 <unknown>\nE       #16 0x55d23b188059 <unknown>\nE       #17 0x55d23b198843 <unknown>\nE       #18 0x7f36ab494b43 <unknown>\n\n.venv/lib/python3.11/site-packages/selenium/webdriver/support/wait.py:95: TimeoutException","flaky":false,"newFailed":false,"newBroken":false,"newPassed":false,"retriesCount":0,"retriesStatusChange":false,"beforeStages":[{"name":"secret_data","time":{"start":1696986025563,"stop":1696986025564,"duration":1},"status":"passed","steps":[],"attachments":[],"parameters":[],"shouldDisplayMessage":false,"stepsCount":0,"attachmentsCount":0,"hasContent":false},{"name":"base_url","time":{"start":1696986025563,"stop":1696986025563,"duration":0},"status":"passed","steps":[],"attachments":[],"parameters":[],"shouldDisplayMessage":false,"stepsCount":0,"attachmentsCount":0,"hasContent":false},{"name":"_verify_url","time":{"start":1696986025563,"stop":1696986025563,"duration":0},"status":"passed","steps":[],"attachments":[],"parameters":[],"shouldDisplayMessage":false,"stepsCount":0,"attachmentsCount":0,"hasContent":false},{"name":"json_data","time":{"start":1696986025564,"stop":1696986025564,"duration":0},"status":"passed","steps":[],"attachments":[],"parameters":[],"shouldDisplayMessage":false,"stepsCount":0,"attachmentsCount":0,"hasContent":false}],"testStage":{"description":"Log out from app","status":"broken","statusMessage":"selenium.common.exceptions.TimeoutException: Message: \nStacktrace:\n#0 0x55d23b1996b3 <unknown>\n#1 0x55d23ae6f1e7 <unknown>\n#2 0x55d23aeb6566 <unknown>\n#3 0x55d23aeb6651 <unknown>\n#4 0x55d23aef3a74 <unknown>\n#5 0x55d23aed80ed <unknown>\n#6 0x55d23aef1322 <unknown>\n#7 0x55d23aed7e93 <unknown>\n#8 0x55d23aeaa934 <unknown>\n#9 0x55d23aeab71e <unknown>\n#10 0x55d23b15ecb8 <unknown>\n#11 0x55d23b162bf0 <unknown>\n#12 0x55d23b16d19c <unknown>\n#13 0x55d23b163808 <unknown>\n#14 0x55d23b13027f <unknown>\n#15 0x55d23b187e88 <unknown>\n#16 0x55d23b188059 <unknown>\n#17 0x55d23b198843 <unknown>\n#18 0x7f36ab494b43 <unknown>","statusTrace":"self = <tests.test_login.TestLogin object at 0x7f7822555990>\njson_data = {'forgot_password': {'error_message': \"We can't find a user with that e-mail address.\", 'success_message': 'A reset li...you page', 'name': 'test', 'new_name': 'another test', 'no_project_found_msg': 'No project matches the criteria', ...}}\nsecret_data = {'email': '', 'password': ''}\n\n    @allure.description(\"Log out from app\")\n    @allure.title(\"Logout of system test\")\n    @allure.story(\"As a user i want to be able to logout after a successful login.\")\n    @pytest.mark.run(order=2)\n    def test_logout(self, json_data: dict, secret_data: dict):\n        # example of a simple text attachment\n        allure.attach(\n            \"<h1>Example html attachment</h1>\",\n            name=\"HTML example\",\n            attachment_type=allure.attachment_type.HTML,\n        )\n        allure.attach(\n            \"Some text content\",\n            name=\"TXT example\",\n            attachment_type=allure.attachment_type.TEXT,\n        )\n        allure.attach(\n            \"first,second,third\\none,two,three\",\n            name=\"CSV example\",\n            attachment_type=allure.attachment_type.CSV,\n        )\n        allure.attach(\n            json.dumps({\"first\": 1, \"second\": 2}, indent=2),\n            name=\"JSON example\",\n            attachment_type=allure.attachment_type.JSON,\n        )\n        xml_content = \"\"\"<?xml version=\"1.0\" encoding=\"UTF-8\"?>\n            <tag>\n                 <inside>...</inside>\n             </tag>\n         \"\"\"\n        allure.attach(\n            xml_content,\n            name=\"some attachment name\",\n            attachment_type=allure.attachment_type.XML,\n        )\n        allure.attach(\n            \"\\n\".join(\n                [\n                    \"https://github.com/allure-framework\",\n                    \"https://github.com/allure-examples\",\n                ]\n            ),\n            name=\"URI List example\",\n            attachment_type=allure.attachment_type.URI_LIST,\n        )\n>       self.about_page.click_login_link()\n\ntests/test_login.py:90: \n_ _ _ _ _ _ _ _ _ _ _ _ _ _ _ _ _ _ _ _ _ _ _ _ _ _ _ _ _ _ _ _ _ _ _ _ _ _ _ _ \npages/about_page.py:20: in click_login_link\n    self.click(self.LOGIN_LINK)\npages/base_page.py:38: in click\n    el: WebElement = self.wait.until(\n_ _ _ _ _ _ _ _ _ _ _ _ _ _ _ _ _ _ _ _ _ _ _ _ _ _ _ _ _ _ _ _ _ _ _ _ _ _ _ _ \n\nself = <selenium.webdriver.support.wait.WebDriverWait (session=\"f2cf123a5133e9bc4115723ee5d64081\")>\nmethod = <function element_to_be_clickable.<locals>._predicate at 0x7f78225bf240>\nmessage = ''\n\n    def until(self, method, message: str = \"\"):\n        \"\"\"Calls the method provided with the driver as an argument until the \\\n        return value does not evaluate to ``False``.\n    \n        :param method: callable(WebDriver)\n        :param message: optional message for :exc:`TimeoutException`\n        :returns: the result of the last call to `method`\n        :raises: :exc:`selenium.common.exceptions.TimeoutException` if timeout occurs\n        \"\"\"\n        screen = None\n        stacktrace = None\n    \n        end_time = time.monotonic() + self._timeout\n        while True:\n            try:\n                value = method(self._driver)\n                if value:\n                    return value\n            except self._ignored_exceptions as exc:\n                screen = getattr(exc, \"screen\", None)\n                stacktrace = getattr(exc, \"stacktrace\", None)\n            time.sleep(self._poll)\n            if time.monotonic() > end_time:\n                break\n>       raise TimeoutException(message, screen, stacktrace)\nE       selenium.common.exceptions.TimeoutException: Message: \nE       Stacktrace:\nE       #0 0x55d23b1996b3 <unknown>\nE       #1 0x55d23ae6f1e7 <unknown>\nE       #2 0x55d23aeb6566 <unknown>\nE       #3 0x55d23aeb6651 <unknown>\nE       #4 0x55d23aef3a74 <unknown>\nE       #5 0x55d23aed80ed <unknown>\nE       #6 0x55d23aef1322 <unknown>\nE       #7 0x55d23aed7e93 <unknown>\nE       #8 0x55d23aeaa934 <unknown>\nE       #9 0x55d23aeab71e <unknown>\nE       #10 0x55d23b15ecb8 <unknown>\nE       #11 0x55d23b162bf0 <unknown>\nE       #12 0x55d23b16d19c <unknown>\nE       #13 0x55d23b163808 <unknown>\nE       #14 0x55d23b13027f <unknown>\nE       #15 0x55d23b187e88 <unknown>\nE       #16 0x55d23b188059 <unknown>\nE       #17 0x55d23b198843 <unknown>\nE       #18 0x7f36ab494b43 <unknown>\n\n.venv/lib/python3.11/site-packages/selenium/webdriver/support/wait.py:95: TimeoutException","steps":[{"name":"Click Login link","time":{"start":1696986052265,"stop":1696986062673,"duration":10408},"status":"broken","statusMessage":"selenium.common.exceptions.TimeoutException: Message: \nStacktrace:\n#0 0x55d23b1996b3 <unknown>\n#1 0x55d23ae6f1e7 <unknown>\n#2 0x55d23aeb6566 <unknown>\n#3 0x55d23aeb6651 <unknown>\n#4 0x55d23aef3a74 <unknown>\n#5 0x55d23aed80ed <unknown>\n#6 0x55d23aef1322 <unknown>\n#7 0x55d23aed7e93 <unknown>\n#8 0x55d23aeaa934 <unknown>\n#9 0x55d23aeab71e <unknown>\n#10 0x55d23b15ecb8 <unknown>\n#11 0x55d23b162bf0 <unknown>\n#12 0x55d23b16d19c <unknown>\n#13 0x55d23b163808 <unknown>\n#14 0x55d23b13027f <unknown>\n#15 0x55d23b187e88 <unknown>\n#16 0x55d23b188059 <unknown>\n#17 0x55d23b198843 <unknown>\n#18 0x7f36ab494b43 <unknown>\n\n","statusTrace":"  File \"/home/runner/work/kisangateway-test/kisangateway-test/.venv/lib/python3.11/site-packages/allure_commons/_allure.py\", line 192, in impl\n    return func(*a, **kw)\n           ^^^^^^^^^^^^^^\n  File \"/home/runner/work/kisangateway-test/kisangateway-test/pages/about_page.py\", line 20, in click_login_link\n    self.click(self.LOGIN_LINK)\n  File \"/home/runner/work/kisangateway-test/kisangateway-test/pages/base_page.py\", line 38, in click\n    el: WebElement = self.wait.until(\n                     ^^^^^^^^^^^^^^^^\n  File \"/home/runner/work/kisangateway-test/kisangateway-test/.venv/lib/python3.11/site-packages/selenium/webdriver/support/wait.py\", line 95, in until\n    raise TimeoutException(message, screen, stacktrace)\n","steps":[],"attachments":[],"parameters":[],"shouldDisplayMessage":true,"stepsCount":0,"attachmentsCount":0,"hasContent":true}],"attachments":[{"uid":"9e12ef5ef8ab7990","name":"HTML example","source":"9e12ef5ef8ab7990.html","type":"text/html","size":32},{"uid":"cf9c754d7325fcaf","name":"TXT example","source":"cf9c754d7325fcaf.txt","type":"text/plain","size":17},{"uid":"960f32eec346ddd4","name":"CSV example","source":"960f32eec346ddd4.csv","type":"text/csv","size":32},{"uid":"61735c5cba39ff8b","name":"JSON example","source":"61735c5cba39ff8b.json","type":"application/json","size":31},{"uid":"6a15335b84e48625","name":"some attachment name","source":"6a15335b84e48625.xml","type":"application/xml","size":124},{"uid":"653c700946584fc6","name":"URI List example","source":"653c700946584fc6.uri","type":"text/uri-list","size":70},{"uid":"6b751c27dd47344a","name":"public ip address","source":"6b751c27dd47344a.txt","type":"text/plain","size":13},{"uid":"e265c93074c544b7","name":"Cookies","source":"e265c93074c544b7.json","type":"application/json","size":2},{"uid":"2089aa27a3762b82","name":"Session Storage","source":"2089aa27a3762b82.json","type":"application/json","size":2},{"uid":"23c1b480cb347ca8","name":"Local Storage","source":"23c1b480cb347ca8.json","type":"application/json","size":2},{"uid":"f925cdb7a21facf1","name":"Console Logs","source":"f925cdb7a21facf1.json","type":"application/json","size":460},{"uid":"df1e3bc31080e276","name":"Full Page Screenshot","source":"df1e3bc31080e276.png","type":"image/png","size":1537971},{"uid":"2d5b3bcfda0a967f","name":"URL","source":"2d5b3bcfda0a967f.uri","type":"text/uri-list","size":25},{"uid":"9337e42ea4e0b555","name":"Network Logs","source":"9337e42ea4e0b555.json","type":"application/json","size":14658}],"parameters":[],"shouldDisplayMessage":true,"stepsCount":1,"attachmentsCount":14,"hasContent":true},"afterStages":[],"labels":[{"name":"story","value":"As a user i want to be able to logout after a successful login."},{"name":"feature","value":"Login"},{"name":"epic","value":"Security"},{"name":"severity","value":"blocker"},{"name":"tag","value":"run(order=2)"},{"name":"tag","value":"security"},{"name":"parentSuite","value":"tests"},{"name":"suite","value":"test_login"},{"name":"subSuite","value":"TestLogin"},{"name":"host","value":"fv-az1288-205"},{"name":"thread","value":"2760-MainThread"},{"name":"framework","value":"pytest"},{"name":"language","value":"cpython3"},{"name":"package","value":"tests.test_login"},{"name":"resultFormat","value":"allure2"}],"parameters":[],"links":[],"hidden":false,"retry":false,"extra":{"severity":"blocker","retries":[],"categories":[{"name":"Test defects","matchedStatuses":[],"flaky":false}],"tags":["run(order=2)","security"]},"source":"acf31f7f80e2b9.json","parameterValues":[]}