{"uid":"af38415238bd90b9","name":"Login with invalid credentials test","fullName":"tests.test_login.TestLogin#test_invalid_login","historyId":"d4a74b5adfb086f235dc50992a7adb79","time":{"start":1696986077876,"stop":1696986088147,"duration":10271},"description":"invalid login","descriptionHtml":"<p>invalid login</p>\n","status":"broken","statusMessage":"selenium.common.exceptions.TimeoutException: Message: \nStacktrace:\n#0 0x55f97c3d16b3 <unknown>\n#1 0x55f97c0a71e7 <unknown>\n#2 0x55f97c0ee566 <unknown>\n#3 0x55f97c0ee651 <unknown>\n#4 0x55f97c12ba74 <unknown>\n#5 0x55f97c1100ed <unknown>\n#6 0x55f97c129322 <unknown>\n#7 0x55f97c10fe93 <unknown>\n#8 0x55f97c0e2934 <unknown>\n#9 0x55f97c0e371e <unknown>\n#10 0x55f97c396cb8 <unknown>\n#11 0x55f97c39abf0 <unknown>\n#12 0x55f97c3a519c <unknown>\n#13 0x55f97c39b808 <unknown>\n#14 0x55f97c36827f <unknown>\n#15 0x55f97c3bfe88 <unknown>\n#16 0x55f97c3c0059 <unknown>\n#17 0x55f97c3d0843 <unknown>\n#18 0x7f9c89494b43 <unknown>","statusTrace":"self = <tests.test_login.TestLogin object at 0x7f7822544cd0>\nemail = 'nirt236@gmail.com', password = '123456'\njson_data = {'forgot_password': {'error_message': \"We can't find a user with that e-mail address.\", 'success_message': 'A reset li...you page', 'name': 'test', 'new_name': 'another test', 'no_project_found_msg': 'No project matches the criteria', ...}}\n\n    @allure.description(\"invalid login\")\n    @allure.title(\"Login with invalid credentials test\")\n    @pytest.mark.parametrize(\"email, password\", users)\n    @pytest.mark.run(order=3)\n    def test_invalid_login(self, email: str, password: str, json_data: dict):\n>       self.about_page.click_login_link()\n\ntests/test_login.py:22: \n_ _ _ _ _ _ _ _ _ _ _ _ _ _ _ _ _ _ _ _ _ _ _ _ _ _ _ _ _ _ _ _ _ _ _ _ _ _ _ _ \npages/about_page.py:20: in click_login_link\n    self.click(self.LOGIN_LINK)\npages/base_page.py:38: in click\n    el: WebElement = self.wait.until(\n_ _ _ _ _ _ _ _ _ _ _ _ _ _ _ _ _ _ _ _ _ _ _ _ _ _ _ _ _ _ _ _ _ _ _ _ _ _ _ _ \n\nself = <selenium.webdriver.support.wait.WebDriverWait (session=\"c273ad696c851a1a1e172bdb06e856a0\")>\nmethod = <function element_to_be_clickable.<locals>._predicate at 0x7f78225bfb00>\nmessage = ''\n\n    def until(self, method, message: str = \"\"):\n        \"\"\"Calls the method provided with the driver as an argument until the \\\n        return value does not evaluate to ``False``.\n    \n        :param method: callable(WebDriver)\n        :param message: optional message for :exc:`TimeoutException`\n        :returns: the result of the last call to `method`\n        :raises: :exc:`selenium.common.exceptions.TimeoutException` if timeout occurs\n        \"\"\"\n        screen = None\n        stacktrace = None\n    \n        end_time = time.monotonic() + self._timeout\n        while True:\n            try:\n                value = method(self._driver)\n                if value:\n                    return value\n            except self._ignored_exceptions as exc:\n                screen = getattr(exc, \"screen\", None)\n                stacktrace = getattr(exc, \"stacktrace\", None)\n            time.sleep(self._poll)\n            if time.monotonic() > end_time:\n                break\n>       raise TimeoutException(message, screen, stacktrace)\nE       selenium.common.exceptions.TimeoutException: Message: \nE       Stacktrace:\nE       #0 0x55f97c3d16b3 <unknown>\nE       #1 0x55f97c0a71e7 <unknown>\nE       #2 0x55f97c0ee566 <unknown>\nE       #3 0x55f97c0ee651 <unknown>\nE       #4 0x55f97c12ba74 <unknown>\nE       #5 0x55f97c1100ed <unknown>\nE       #6 0x55f97c129322 <unknown>\nE       #7 0x55f97c10fe93 <unknown>\nE       #8 0x55f97c0e2934 <unknown>\nE       #9 0x55f97c0e371e <unknown>\nE       #10 0x55f97c396cb8 <unknown>\nE       #11 0x55f97c39abf0 <unknown>\nE       #12 0x55f97c3a519c <unknown>\nE       #13 0x55f97c39b808 <unknown>\nE       #14 0x55f97c36827f <unknown>\nE       #15 0x55f97c3bfe88 <unknown>\nE       #16 0x55f97c3c0059 <unknown>\nE       #17 0x55f97c3d0843 <unknown>\nE       #18 0x7f9c89494b43 <unknown>\n\n.venv/lib/python3.11/site-packages/selenium/webdriver/support/wait.py:95: TimeoutException","flaky":false,"newFailed":false,"newBroken":false,"newPassed":false,"retriesCount":0,"retriesStatusChange":false,"beforeStages":[{"name":"base_url","time":{"start":1696986025563,"stop":1696986025563,"duration":0},"status":"passed","steps":[],"attachments":[],"parameters":[],"shouldDisplayMessage":false,"stepsCount":0,"attachmentsCount":0,"hasContent":false},{"name":"_verify_url","time":{"start":1696986025563,"stop":1696986025563,"duration":0},"status":"passed","steps":[],"attachments":[],"parameters":[],"shouldDisplayMessage":false,"stepsCount":0,"attachmentsCount":0,"hasContent":false},{"name":"json_data","time":{"start":1696986025564,"stop":1696986025564,"duration":0},"status":"passed","steps":[],"attachments":[],"parameters":[],"shouldDisplayMessage":false,"stepsCount":0,"attachmentsCount":0,"hasContent":false}],"testStage":{"description":"invalid login","status":"broken","statusMessage":"selenium.common.exceptions.TimeoutException: Message: \nStacktrace:\n#0 0x55f97c3d16b3 <unknown>\n#1 0x55f97c0a71e7 <unknown>\n#2 0x55f97c0ee566 <unknown>\n#3 0x55f97c0ee651 <unknown>\n#4 0x55f97c12ba74 <unknown>\n#5 0x55f97c1100ed <unknown>\n#6 0x55f97c129322 <unknown>\n#7 0x55f97c10fe93 <unknown>\n#8 0x55f97c0e2934 <unknown>\n#9 0x55f97c0e371e <unknown>\n#10 0x55f97c396cb8 <unknown>\n#11 0x55f97c39abf0 <unknown>\n#12 0x55f97c3a519c <unknown>\n#13 0x55f97c39b808 <unknown>\n#14 0x55f97c36827f <unknown>\n#15 0x55f97c3bfe88 <unknown>\n#16 0x55f97c3c0059 <unknown>\n#17 0x55f97c3d0843 <unknown>\n#18 0x7f9c89494b43 <unknown>","statusTrace":"self = <tests.test_login.TestLogin object at 0x7f7822544cd0>\nemail = 'nirt236@gmail.com', password = '123456'\njson_data = {'forgot_password': {'error_message': \"We can't find a user with that e-mail address.\", 'success_message': 'A reset li...you page', 'name': 'test', 'new_name': 'another test', 'no_project_found_msg': 'No project matches the criteria', ...}}\n\n    @allure.description(\"invalid login\")\n    @allure.title(\"Login with invalid credentials test\")\n    @pytest.mark.parametrize(\"email, password\", users)\n    @pytest.mark.run(order=3)\n    def test_invalid_login(self, email: str, password: str, json_data: dict):\n>       self.about_page.click_login_link()\n\ntests/test_login.py:22: \n_ _ _ _ _ _ _ _ _ _ _ _ _ _ _ _ _ _ _ _ _ _ _ _ _ _ _ _ _ _ _ _ _ _ _ _ _ _ _ _ \npages/about_page.py:20: in click_login_link\n    self.click(self.LOGIN_LINK)\npages/base_page.py:38: in click\n    el: WebElement = self.wait.until(\n_ _ _ _ _ _ _ _ _ _ _ _ _ _ _ _ _ _ _ _ _ _ _ _ _ _ _ _ _ _ _ _ _ _ _ _ _ _ _ _ \n\nself = <selenium.webdriver.support.wait.WebDriverWait (session=\"c273ad696c851a1a1e172bdb06e856a0\")>\nmethod = <function element_to_be_clickable.<locals>._predicate at 0x7f78225bfb00>\nmessage = ''\n\n    def until(self, method, message: str = \"\"):\n        \"\"\"Calls the method provided with the driver as an argument until the \\\n        return value does not evaluate to ``False``.\n    \n        :param method: callable(WebDriver)\n        :param message: optional message for :exc:`TimeoutException`\n        :returns: the result of the last call to `method`\n        :raises: :exc:`selenium.common.exceptions.TimeoutException` if timeout occurs\n        \"\"\"\n        screen = None\n        stacktrace = None\n    \n        end_time = time.monotonic() + self._timeout\n        while True:\n            try:\n                value = method(self._driver)\n                if value:\n                    return value\n            except self._ignored_exceptions as exc:\n                screen = getattr(exc, \"screen\", None)\n                stacktrace = getattr(exc, \"stacktrace\", None)\n            time.sleep(self._poll)\n            if time.monotonic() > end_time:\n                break\n>       raise TimeoutException(message, screen, stacktrace)\nE       selenium.common.exceptions.TimeoutException: Message: \nE       Stacktrace:\nE       #0 0x55f97c3d16b3 <unknown>\nE       #1 0x55f97c0a71e7 <unknown>\nE       #2 0x55f97c0ee566 <unknown>\nE       #3 0x55f97c0ee651 <unknown>\nE       #4 0x55f97c12ba74 <unknown>\nE       #5 0x55f97c1100ed <unknown>\nE       #6 0x55f97c129322 <unknown>\nE       #7 0x55f97c10fe93 <unknown>\nE       #8 0x55f97c0e2934 <unknown>\nE       #9 0x55f97c0e371e <unknown>\nE       #10 0x55f97c396cb8 <unknown>\nE       #11 0x55f97c39abf0 <unknown>\nE       #12 0x55f97c3a519c <unknown>\nE       #13 0x55f97c39b808 <unknown>\nE       #14 0x55f97c36827f <unknown>\nE       #15 0x55f97c3bfe88 <unknown>\nE       #16 0x55f97c3c0059 <unknown>\nE       #17 0x55f97c3d0843 <unknown>\nE       #18 0x7f9c89494b43 <unknown>\n\n.venv/lib/python3.11/site-packages/selenium/webdriver/support/wait.py:95: TimeoutException","steps":[{"name":"Click Login link","time":{"start":1696986077877,"stop":1696986088146,"duration":10269},"status":"broken","statusMessage":"selenium.common.exceptions.TimeoutException: Message: \nStacktrace:\n#0 0x55f97c3d16b3 <unknown>\n#1 0x55f97c0a71e7 <unknown>\n#2 0x55f97c0ee566 <unknown>\n#3 0x55f97c0ee651 <unknown>\n#4 0x55f97c12ba74 <unknown>\n#5 0x55f97c1100ed <unknown>\n#6 0x55f97c129322 <unknown>\n#7 0x55f97c10fe93 <unknown>\n#8 0x55f97c0e2934 <unknown>\n#9 0x55f97c0e371e <unknown>\n#10 0x55f97c396cb8 <unknown>\n#11 0x55f97c39abf0 <unknown>\n#12 0x55f97c3a519c <unknown>\n#13 0x55f97c39b808 <unknown>\n#14 0x55f97c36827f <unknown>\n#15 0x55f97c3bfe88 <unknown>\n#16 0x55f97c3c0059 <unknown>\n#17 0x55f97c3d0843 <unknown>\n#18 0x7f9c89494b43 <unknown>\n\n","statusTrace":"  File \"/home/runner/work/kisangateway-test/kisangateway-test/.venv/lib/python3.11/site-packages/allure_commons/_allure.py\", line 192, in impl\n    return func(*a, **kw)\n           ^^^^^^^^^^^^^^\n  File \"/home/runner/work/kisangateway-test/kisangateway-test/pages/about_page.py\", line 20, in click_login_link\n    self.click(self.LOGIN_LINK)\n  File \"/home/runner/work/kisangateway-test/kisangateway-test/pages/base_page.py\", line 38, in click\n    el: WebElement = self.wait.until(\n                     ^^^^^^^^^^^^^^^^\n  File \"/home/runner/work/kisangateway-test/kisangateway-test/.venv/lib/python3.11/site-packages/selenium/webdriver/support/wait.py\", line 95, in until\n    raise TimeoutException(message, screen, stacktrace)\n","steps":[],"attachments":[],"parameters":[],"shouldDisplayMessage":true,"stepsCount":0,"attachmentsCount":0,"hasContent":true}],"attachments":[{"uid":"12077341a1e5c3fa","name":"public ip address","source":"12077341a1e5c3fa.txt","type":"text/plain","size":13},{"uid":"37a11755d7b47921","name":"Cookies","source":"37a11755d7b47921.json","type":"application/json","size":2},{"uid":"b012e57d8cdbf9c5","name":"Session Storage","source":"b012e57d8cdbf9c5.json","type":"application/json","size":2},{"uid":"96f3407cc275c039","name":"Local Storage","source":"96f3407cc275c039.json","type":"application/json","size":2},{"uid":"bb841c783edf9faf","name":"Console Logs","source":"bb841c783edf9faf.json","type":"application/json","size":460},{"uid":"b09c4094843d1022","name":"Full Page Screenshot","source":"b09c4094843d1022.png","type":"image/png","size":1537971},{"uid":"c71c042a118ee97e","name":"URL","source":"c71c042a118ee97e.uri","type":"text/uri-list","size":25},{"uid":"99f8cf15f1ba537c","name":"Network Logs","source":"99f8cf15f1ba537c.json","type":"application/json","size":14658}],"parameters":[],"shouldDisplayMessage":true,"stepsCount":1,"attachmentsCount":8,"hasContent":true},"afterStages":[],"labels":[{"name":"epic","value":"Security"},{"name":"feature","value":"Login"},{"name":"severity","value":"blocker"},{"name":"tag","value":"run(order=3)"},{"name":"tag","value":"security"},{"name":"parentSuite","value":"tests"},{"name":"suite","value":"test_login"},{"name":"subSuite","value":"TestLogin"},{"name":"host","value":"fv-az1288-205"},{"name":"thread","value":"2760-MainThread"},{"name":"framework","value":"pytest"},{"name":"language","value":"cpython3"},{"name":"package","value":"tests.test_login"},{"name":"resultFormat","value":"allure2"}],"parameters":[{"name":"email","value":"'nirt236@gmail.com'"},{"name":"password","value":"'123456'"}],"links":[],"hidden":false,"retry":false,"extra":{"severity":"blocker","retries":[],"categories":[{"name":"Test defects","matchedStatuses":[],"flaky":false}],"tags":["run(order=3)","security"]},"source":"af38415238bd90b9.json","parameterValues":["'nirt236@gmail.com'","'123456'"]}