{"uid":"ff938d8fbf518130","name":"Add project to workspace test","fullName":"tests.test_workspaces.TestWorkspaces#test_add_project_to_workspace","historyId":"fc6ee288c49142976b6c23b6071583ec","time":{"start":1696986129509,"stop":1696986129509,"duration":0},"description":"Selecting and adding a project to workspace","descriptionHtml":"<p>Selecting and adding a project to workspace</p>\n","status":"broken","statusMessage":"selenium.common.exceptions.TimeoutException: Message: \nStacktrace:\n#0 0x5570883426b3 <unknown>\n#1 0x5570880181e7 <unknown>\n#2 0x55708805f566 <unknown>\n#3 0x55708805f651 <unknown>\n#4 0x55708809ca74 <unknown>\n#5 0x5570880810ed <unknown>\n#6 0x55708809a322 <unknown>\n#7 0x557088080e93 <unknown>\n#8 0x557088053934 <unknown>\n#9 0x55708805471e <unknown>\n#10 0x557088307cb8 <unknown>\n#11 0x55708830bbf0 <unknown>\n#12 0x55708831619c <unknown>\n#13 0x55708830c808 <unknown>\n#14 0x5570882d927f <unknown>\n#15 0x557088330e88 <unknown>\n#16 0x557088331059 <unknown>\n#17 0x557088341843 <unknown>\n#18 0x7f71d1294b43 <unknown>","statusTrace":"self = <tests.test_workspaces.TestWorkspaces object at 0x7f7822588790>\nsecret_data = {'email': '', 'password': ''}\n\n    @pytest.fixture(autouse=True)\n    def setup_method_fixture(self, secret_data: dict):\n>       login(secret_data, self.about_page, self.login_page)\n\ntests/test_workspaces.py:23: \n_ _ _ _ _ _ _ _ _ _ _ _ _ _ _ _ _ _ _ _ _ _ _ _ _ _ _ _ _ _ _ _ _ _ _ _ _ _ _ _ \ntests/test_workspaces.py:13: in login\n    about_page.click_login_link()\npages/about_page.py:20: in click_login_link\n    self.click(self.LOGIN_LINK)\npages/base_page.py:38: in click\n    el: WebElement = self.wait.until(\n_ _ _ _ _ _ _ _ _ _ _ _ _ _ _ _ _ _ _ _ _ _ _ _ _ _ _ _ _ _ _ _ _ _ _ _ _ _ _ _ \n\nself = <selenium.webdriver.support.wait.WebDriverWait (session=\"a0c762e3b9bb28a9cf5b8bc50eec5f8f\")>\nmethod = <function element_to_be_clickable.<locals>._predicate at 0x7f7822250a40>\nmessage = ''\n\n    def until(self, method, message: str = \"\"):\n        \"\"\"Calls the method provided with the driver as an argument until the \\\n        return value does not evaluate to ``False``.\n    \n        :param method: callable(WebDriver)\n        :param message: optional message for :exc:`TimeoutException`\n        :returns: the result of the last call to `method`\n        :raises: :exc:`selenium.common.exceptions.TimeoutException` if timeout occurs\n        \"\"\"\n        screen = None\n        stacktrace = None\n    \n        end_time = time.monotonic() + self._timeout\n        while True:\n            try:\n                value = method(self._driver)\n                if value:\n                    return value\n            except self._ignored_exceptions as exc:\n                screen = getattr(exc, \"screen\", None)\n                stacktrace = getattr(exc, \"stacktrace\", None)\n            time.sleep(self._poll)\n            if time.monotonic() > end_time:\n                break\n>       raise TimeoutException(message, screen, stacktrace)\nE       selenium.common.exceptions.TimeoutException: Message: \nE       Stacktrace:\nE       #0 0x5570883426b3 <unknown>\nE       #1 0x5570880181e7 <unknown>\nE       #2 0x55708805f566 <unknown>\nE       #3 0x55708805f651 <unknown>\nE       #4 0x55708809ca74 <unknown>\nE       #5 0x5570880810ed <unknown>\nE       #6 0x55708809a322 <unknown>\nE       #7 0x557088080e93 <unknown>\nE       #8 0x557088053934 <unknown>\nE       #9 0x55708805471e <unknown>\nE       #10 0x557088307cb8 <unknown>\nE       #11 0x55708830bbf0 <unknown>\nE       #12 0x55708831619c <unknown>\nE       #13 0x55708830c808 <unknown>\nE       #14 0x5570882d927f <unknown>\nE       #15 0x557088330e88 <unknown>\nE       #16 0x557088331059 <unknown>\nE       #17 0x557088341843 <unknown>\nE       #18 0x7f71d1294b43 <unknown>\n\n.venv/lib/python3.11/site-packages/selenium/webdriver/support/wait.py:95: TimeoutException","flaky":false,"newFailed":false,"newBroken":false,"newPassed":false,"retriesCount":0,"retriesStatusChange":false,"beforeStages":[{"name":"secret_data","time":{"start":1696986025563,"stop":1696986025564,"duration":1},"status":"passed","steps":[],"attachments":[],"parameters":[],"shouldDisplayMessage":false,"stepsCount":0,"attachmentsCount":0,"hasContent":false},{"name":"base_url","time":{"start":1696986025563,"stop":1696986025563,"duration":0},"status":"passed","steps":[],"attachments":[],"parameters":[],"shouldDisplayMessage":false,"stepsCount":0,"attachmentsCount":0,"hasContent":false},{"name":"_verify_url","time":{"start":1696986025563,"stop":1696986025563,"duration":0},"status":"passed","steps":[],"attachments":[],"parameters":[],"shouldDisplayMessage":false,"stepsCount":0,"attachmentsCount":0,"hasContent":false},{"name":"json_data","time":{"start":1696986025564,"stop":1696986025564,"duration":0},"status":"passed","steps":[],"attachments":[],"parameters":[],"shouldDisplayMessage":false,"stepsCount":0,"attachmentsCount":0,"hasContent":false},{"name":"setup_method_fixture","time":{"start":1696986130898,"stop":1696986141210,"duration":10312},"status":"broken","statusMessage":"selenium.common.exceptions.TimeoutException: Message: \nStacktrace:\n#0 0x5570883426b3 <unknown>\n#1 0x5570880181e7 <unknown>\n#2 0x55708805f566 <unknown>\n#3 0x55708805f651 <unknown>\n#4 0x55708809ca74 <unknown>\n#5 0x5570880810ed <unknown>\n#6 0x55708809a322 <unknown>\n#7 0x557088080e93 <unknown>\n#8 0x557088053934 <unknown>\n#9 0x55708805471e <unknown>\n#10 0x557088307cb8 <unknown>\n#11 0x55708830bbf0 <unknown>\n#12 0x55708831619c <unknown>\n#13 0x55708830c808 <unknown>\n#14 0x5570882d927f <unknown>\n#15 0x557088330e88 <unknown>\n#16 0x557088331059 <unknown>\n#17 0x557088341843 <unknown>\n#18 0x7f71d1294b43 <unknown>\n\n","statusTrace":"  File \"/home/runner/work/kisangateway-test/kisangateway-test/.venv/lib/python3.11/site-packages/pluggy/_callers.py\", line 80, in _multicall\n    res = hook_impl.function(*args)\n          ^^^^^^^^^^^^^^^^^^^^^^^^^\n  File \"/home/runner/work/kisangateway-test/kisangateway-test/.venv/lib/python3.11/site-packages/_pytest/fixtures.py\", line 1123, in pytest_fixture_setup\n    result = call_fixture_func(fixturefunc, request, kwargs)\n             ^^^^^^^^^^^^^^^^^^^^^^^^^^^^^^^^^^^^^^^^^^^^^^^\n  File \"/home/runner/work/kisangateway-test/kisangateway-test/.venv/lib/python3.11/site-packages/_pytest/fixtures.py\", line 902, in call_fixture_func\n    fixture_result = fixturefunc(**kwargs)\n                     ^^^^^^^^^^^^^^^^^^^^^\n  File \"/home/runner/work/kisangateway-test/kisangateway-test/tests/test_workspaces.py\", line 23, in setup_method_fixture\n    login(secret_data, self.about_page, self.login_page)\n  File \"/home/runner/work/kisangateway-test/kisangateway-test/tests/test_workspaces.py\", line 13, in login\n    about_page.click_login_link()\n  File \"/home/runner/work/kisangateway-test/kisangateway-test/.venv/lib/python3.11/site-packages/allure_commons/_allure.py\", line 192, in impl\n    return func(*a, **kw)\n           ^^^^^^^^^^^^^^\n  File \"/home/runner/work/kisangateway-test/kisangateway-test/pages/about_page.py\", line 20, in click_login_link\n    self.click(self.LOGIN_LINK)\n  File \"/home/runner/work/kisangateway-test/kisangateway-test/pages/base_page.py\", line 38, in click\n    el: WebElement = self.wait.until(\n                     ^^^^^^^^^^^^^^^^\n  File \"/home/runner/work/kisangateway-test/kisangateway-test/.venv/lib/python3.11/site-packages/selenium/webdriver/support/wait.py\", line 95, in until\n    raise TimeoutException(message, screen, stacktrace)\n","steps":[{"name":"Click Login link","time":{"start":1696986130898,"stop":1696986141210,"duration":10312},"status":"broken","statusMessage":"selenium.common.exceptions.TimeoutException: Message: \nStacktrace:\n#0 0x5570883426b3 <unknown>\n#1 0x5570880181e7 <unknown>\n#2 0x55708805f566 <unknown>\n#3 0x55708805f651 <unknown>\n#4 0x55708809ca74 <unknown>\n#5 0x5570880810ed <unknown>\n#6 0x55708809a322 <unknown>\n#7 0x557088080e93 <unknown>\n#8 0x557088053934 <unknown>\n#9 0x55708805471e <unknown>\n#10 0x557088307cb8 <unknown>\n#11 0x55708830bbf0 <unknown>\n#12 0x55708831619c <unknown>\n#13 0x55708830c808 <unknown>\n#14 0x5570882d927f <unknown>\n#15 0x557088330e88 <unknown>\n#16 0x557088331059 <unknown>\n#17 0x557088341843 <unknown>\n#18 0x7f71d1294b43 <unknown>\n\n","statusTrace":"  File \"/home/runner/work/kisangateway-test/kisangateway-test/.venv/lib/python3.11/site-packages/allure_commons/_allure.py\", line 192, in impl\n    return func(*a, **kw)\n           ^^^^^^^^^^^^^^\n  File \"/home/runner/work/kisangateway-test/kisangateway-test/pages/about_page.py\", line 20, in click_login_link\n    self.click(self.LOGIN_LINK)\n  File \"/home/runner/work/kisangateway-test/kisangateway-test/pages/base_page.py\", line 38, in click\n    el: WebElement = self.wait.until(\n                     ^^^^^^^^^^^^^^^^\n  File \"/home/runner/work/kisangateway-test/kisangateway-test/.venv/lib/python3.11/site-packages/selenium/webdriver/support/wait.py\", line 95, in until\n    raise TimeoutException(message, screen, stacktrace)\n","steps":[],"attachments":[],"parameters":[],"shouldDisplayMessage":true,"stepsCount":0,"attachmentsCount":0,"hasContent":true}],"attachments":[],"parameters":[],"shouldDisplayMessage":false,"stepsCount":1,"attachmentsCount":0,"hasContent":true}],"testStage":{"description":"Selecting and adding a project to workspace","status":"broken","statusMessage":"selenium.common.exceptions.TimeoutException: Message: \nStacktrace:\n#0 0x5570883426b3 <unknown>\n#1 0x5570880181e7 <unknown>\n#2 0x55708805f566 <unknown>\n#3 0x55708805f651 <unknown>\n#4 0x55708809ca74 <unknown>\n#5 0x5570880810ed <unknown>\n#6 0x55708809a322 <unknown>\n#7 0x557088080e93 <unknown>\n#8 0x557088053934 <unknown>\n#9 0x55708805471e <unknown>\n#10 0x557088307cb8 <unknown>\n#11 0x55708830bbf0 <unknown>\n#12 0x55708831619c <unknown>\n#13 0x55708830c808 <unknown>\n#14 0x5570882d927f <unknown>\n#15 0x557088330e88 <unknown>\n#16 0x557088331059 <unknown>\n#17 0x557088341843 <unknown>\n#18 0x7f71d1294b43 <unknown>","statusTrace":"self = <tests.test_workspaces.TestWorkspaces object at 0x7f7822588790>\nsecret_data = {'email': '', 'password': ''}\n\n    @pytest.fixture(autouse=True)\n    def setup_method_fixture(self, secret_data: dict):\n>       login(secret_data, self.about_page, self.login_page)\n\ntests/test_workspaces.py:23: \n_ _ _ _ _ _ _ _ _ _ _ _ _ _ _ _ _ _ _ _ _ _ _ _ _ _ _ _ _ _ _ _ _ _ _ _ _ _ _ _ \ntests/test_workspaces.py:13: in login\n    about_page.click_login_link()\npages/about_page.py:20: in click_login_link\n    self.click(self.LOGIN_LINK)\npages/base_page.py:38: in click\n    el: WebElement = self.wait.until(\n_ _ _ _ _ _ _ _ _ _ _ _ _ _ _ _ _ _ _ _ _ _ _ _ _ _ _ _ _ _ _ _ _ _ _ _ _ _ _ _ \n\nself = <selenium.webdriver.support.wait.WebDriverWait (session=\"a0c762e3b9bb28a9cf5b8bc50eec5f8f\")>\nmethod = <function element_to_be_clickable.<locals>._predicate at 0x7f7822250a40>\nmessage = ''\n\n    def until(self, method, message: str = \"\"):\n        \"\"\"Calls the method provided with the driver as an argument until the \\\n        return value does not evaluate to ``False``.\n    \n        :param method: callable(WebDriver)\n        :param message: optional message for :exc:`TimeoutException`\n        :returns: the result of the last call to `method`\n        :raises: :exc:`selenium.common.exceptions.TimeoutException` if timeout occurs\n        \"\"\"\n        screen = None\n        stacktrace = None\n    \n        end_time = time.monotonic() + self._timeout\n        while True:\n            try:\n                value = method(self._driver)\n                if value:\n                    return value\n            except self._ignored_exceptions as exc:\n                screen = getattr(exc, \"screen\", None)\n                stacktrace = getattr(exc, \"stacktrace\", None)\n            time.sleep(self._poll)\n            if time.monotonic() > end_time:\n                break\n>       raise TimeoutException(message, screen, stacktrace)\nE       selenium.common.exceptions.TimeoutException: Message: \nE       Stacktrace:\nE       #0 0x5570883426b3 <unknown>\nE       #1 0x5570880181e7 <unknown>\nE       #2 0x55708805f566 <unknown>\nE       #3 0x55708805f651 <unknown>\nE       #4 0x55708809ca74 <unknown>\nE       #5 0x5570880810ed <unknown>\nE       #6 0x55708809a322 <unknown>\nE       #7 0x557088080e93 <unknown>\nE       #8 0x557088053934 <unknown>\nE       #9 0x55708805471e <unknown>\nE       #10 0x557088307cb8 <unknown>\nE       #11 0x55708830bbf0 <unknown>\nE       #12 0x55708831619c <unknown>\nE       #13 0x55708830c808 <unknown>\nE       #14 0x5570882d927f <unknown>\nE       #15 0x557088330e88 <unknown>\nE       #16 0x557088331059 <unknown>\nE       #17 0x557088341843 <unknown>\nE       #18 0x7f71d1294b43 <unknown>\n\n.venv/lib/python3.11/site-packages/selenium/webdriver/support/wait.py:95: TimeoutException","steps":[],"attachments":[{"uid":"24f1687e3867c488","name":"public ip address","source":"24f1687e3867c488.txt","type":"text/plain","size":13},{"uid":"21359f9a093d2738","name":"Cookies","source":"21359f9a093d2738.json","type":"application/json","size":2},{"uid":"7f5cbda7f69ebc4b","name":"Session Storage","source":"7f5cbda7f69ebc4b.json","type":"application/json","size":2},{"uid":"366303ced868aa0f","name":"Local Storage","source":"366303ced868aa0f.json","type":"application/json","size":2},{"uid":"b7c3a039a299f151","name":"Console Logs","source":"b7c3a039a299f151.json","type":"application/json","size":460},{"uid":"98e0751d57651e55","name":"Full Page Screenshot","source":"98e0751d57651e55.png","type":"image/png","size":1537971},{"uid":"cfee49c93e827064","name":"URL","source":"cfee49c93e827064.uri","type":"text/uri-list","size":25},{"uid":"bc7ed8502a57a931","name":"Network Logs","source":"bc7ed8502a57a931.json","type":"application/json","size":14659}],"parameters":[],"shouldDisplayMessage":true,"stepsCount":0,"attachmentsCount":8,"hasContent":true},"afterStages":[],"labels":[{"name":"epic","value":"Workspaces"},{"name":"severity","value":"normal"},{"name":"story","value":"WorkSpaces Creation and Editing Functionality"},{"name":"tag","value":"run(order=5)"},{"name":"parentSuite","value":"tests"},{"name":"suite","value":"test_workspaces"},{"name":"subSuite","value":"TestWorkspaces"},{"name":"host","value":"fv-az1288-205"},{"name":"thread","value":"2760-MainThread"},{"name":"framework","value":"pytest"},{"name":"language","value":"cpython3"},{"name":"package","value":"tests.test_workspaces"},{"name":"resultFormat","value":"allure2"}],"parameters":[],"links":[],"hidden":false,"retry":false,"extra":{"severity":"normal","retries":[],"categories":[{"name":"Test defects","matchedStatuses":[],"flaky":false}],"tags":["run(order=5)"]},"source":"ff938d8fbf518130.json","parameterValues":[]}