{"uid":"6a2b62c9fd5c4178","name":"Number of projects displayed in page test","fullName":"tests.test_workspaces.TestWorkspaces#test_number_of_existing_projects","historyId":"ff3981f856ce65274378063348b0abd4","time":{"start":1704157417104,"stop":1704157417104,"duration":0},"description":"Compare between the actual number of projects seen on page and the number shown in workspaces block","descriptionHtml":"<p>Compare between the actual number of projects seen on page and the number shown in workspaces block</p>\n","status":"broken","statusMessage":"selenium.common.exceptions.TimeoutException: Message: \nStacktrace:\n#0 0x557d0a23dd33 <unknown>\n#1 0x557d09efaf87 <unknown>\n#2 0x557d09f4ac0e <unknown>\n#3 0x557d09f4ad11 <unknown>\n#4 0x557d09f96004 <unknown>\n#5 0x557d09f7436d <unknown>\n#6 0x557d09f93297 <unknown>\n#7 0x557d09f740e3 <unknown>\n#8 0x557d09f3c044 <unknown>\n#9 0x557d09f3d44e <unknown>\n#10 0x557d0a202861 <unknown>\n#11 0x557d0a206785 <unknown>\n#12 0x557d0a1f0285 <unknown>\n#13 0x557d0a20741f <unknown>\n#14 0x557d0a1d420f <unknown>\n#15 0x557d0a22b028 <unknown>\n#16 0x557d0a22b1f7 <unknown>\n#17 0x557d0a23ced4 <unknown>\n#18 0x7f8e31e94ac3 <unknown>","statusTrace":"self = <tests.test_workspaces.TestWorkspaces object at 0x7f0339cfbc10>\nsecret_data = {'email': '', 'password': ''}\n\n    @pytest.fixture(autouse=True)\n    def setup_method_fixture(self, secret_data: dict):\n>       login(secret_data, self.about_page, self.login_page)\n\ntests/test_workspaces.py:23: \n_ _ _ _ _ _ _ _ _ _ _ _ _ _ _ _ _ _ _ _ _ _ _ _ _ _ _ _ _ _ _ _ _ _ _ _ _ _ _ _ \ntests/test_workspaces.py:13: in login\n    about_page.click_login_link()\npages/about_page.py:20: in click_login_link\n    self.click(self.LOGIN_LINK)\npages/base_page.py:38: in click\n    el: WebElement = self.wait.until(\n_ _ _ _ _ _ _ _ _ _ _ _ _ _ _ _ _ _ _ _ _ _ _ _ _ _ _ _ _ _ _ _ _ _ _ _ _ _ _ _ \n\nself = <selenium.webdriver.support.wait.WebDriverWait (session=\"22a00f19352791afe0beb1151af25f30\")>\nmethod = <function element_to_be_clickable.<locals>._predicate at 0x7f0339959b20>\nmessage = ''\n\n    def until(self, method, message: str = \"\"):\n        \"\"\"Calls the method provided with the driver as an argument until the \\\n        return value does not evaluate to ``False``.\n    \n        :param method: callable(WebDriver)\n        :param message: optional message for :exc:`TimeoutException`\n        :returns: the result of the last call to `method`\n        :raises: :exc:`selenium.common.exceptions.TimeoutException` if timeout occurs\n        \"\"\"\n        screen = None\n        stacktrace = None\n    \n        end_time = time.monotonic() + self._timeout\n        while True:\n            try:\n                value = method(self._driver)\n                if value:\n                    return value\n            except self._ignored_exceptions as exc:\n                screen = getattr(exc, \"screen\", None)\n                stacktrace = getattr(exc, \"stacktrace\", None)\n            time.sleep(self._poll)\n            if time.monotonic() > end_time:\n                break\n>       raise TimeoutException(message, screen, stacktrace)\nE       selenium.common.exceptions.TimeoutException: Message: \nE       Stacktrace:\nE       #0 0x557d0a23dd33 <unknown>\nE       #1 0x557d09efaf87 <unknown>\nE       #2 0x557d09f4ac0e <unknown>\nE       #3 0x557d09f4ad11 <unknown>\nE       #4 0x557d09f96004 <unknown>\nE       #5 0x557d09f7436d <unknown>\nE       #6 0x557d09f93297 <unknown>\nE       #7 0x557d09f740e3 <unknown>\nE       #8 0x557d09f3c044 <unknown>\nE       #9 0x557d09f3d44e <unknown>\nE       #10 0x557d0a202861 <unknown>\nE       #11 0x557d0a206785 <unknown>\nE       #12 0x557d0a1f0285 <unknown>\nE       #13 0x557d0a20741f <unknown>\nE       #14 0x557d0a1d420f <unknown>\nE       #15 0x557d0a22b028 <unknown>\nE       #16 0x557d0a22b1f7 <unknown>\nE       #17 0x557d0a23ced4 <unknown>\nE       #18 0x7f8e31e94ac3 <unknown>\n\n.venv/lib/python3.11/site-packages/selenium/webdriver/support/wait.py:95: TimeoutException","flaky":false,"newFailed":false,"newBroken":false,"newPassed":false,"retriesCount":0,"retriesStatusChange":false,"beforeStages":[{"name":"_verify_url","time":{"start":1704157331549,"stop":1704157331549,"duration":0},"status":"passed","steps":[],"attachments":[],"parameters":[],"shouldDisplayMessage":false,"stepsCount":0,"attachmentsCount":0,"hasContent":false,"attachmentStep":false},{"name":"base_url","time":{"start":1704157331549,"stop":1704157331549,"duration":0},"status":"passed","steps":[],"attachments":[],"parameters":[],"shouldDisplayMessage":false,"stepsCount":0,"attachmentsCount":0,"hasContent":false,"attachmentStep":false},{"name":"secret_data","time":{"start":1704157331550,"stop":1704157331550,"duration":0},"status":"passed","steps":[],"attachments":[],"parameters":[],"shouldDisplayMessage":false,"stepsCount":0,"attachmentsCount":0,"hasContent":false,"attachmentStep":false},{"name":"setup_method_fixture","time":{"start":1704157418196,"stop":1704157428378,"duration":10182},"status":"broken","statusMessage":"selenium.common.exceptions.TimeoutException: Message: \nStacktrace:\n#0 0x557d0a23dd33 <unknown>\n#1 0x557d09efaf87 <unknown>\n#2 0x557d09f4ac0e <unknown>\n#3 0x557d09f4ad11 <unknown>\n#4 0x557d09f96004 <unknown>\n#5 0x557d09f7436d <unknown>\n#6 0x557d09f93297 <unknown>\n#7 0x557d09f740e3 <unknown>\n#8 0x557d09f3c044 <unknown>\n#9 0x557d09f3d44e <unknown>\n#10 0x557d0a202861 <unknown>\n#11 0x557d0a206785 <unknown>\n#12 0x557d0a1f0285 <unknown>\n#13 0x557d0a20741f <unknown>\n#14 0x557d0a1d420f <unknown>\n#15 0x557d0a22b028 <unknown>\n#16 0x557d0a22b1f7 <unknown>\n#17 0x557d0a23ced4 <unknown>\n#18 0x7f8e31e94ac3 <unknown>\n\n","statusTrace":"  File \"/home/runner/work/kisangateway-test/kisangateway-test/.venv/lib/python3.11/site-packages/pluggy/_callers.py\", line 80, in _multicall\n    res = hook_impl.function(*args)\n          ^^^^^^^^^^^^^^^^^^^^^^^^^\n  File \"/home/runner/work/kisangateway-test/kisangateway-test/.venv/lib/python3.11/site-packages/_pytest/fixtures.py\", line 1123, in pytest_fixture_setup\n    result = call_fixture_func(fixturefunc, request, kwargs)\n             ^^^^^^^^^^^^^^^^^^^^^^^^^^^^^^^^^^^^^^^^^^^^^^^\n  File \"/home/runner/work/kisangateway-test/kisangateway-test/.venv/lib/python3.11/site-packages/_pytest/fixtures.py\", line 902, in call_fixture_func\n    fixture_result = fixturefunc(**kwargs)\n                     ^^^^^^^^^^^^^^^^^^^^^\n  File \"/home/runner/work/kisangateway-test/kisangateway-test/tests/test_workspaces.py\", line 23, in setup_method_fixture\n    login(secret_data, self.about_page, self.login_page)\n  File \"/home/runner/work/kisangateway-test/kisangateway-test/tests/test_workspaces.py\", line 13, in login\n    about_page.click_login_link()\n  File \"/home/runner/work/kisangateway-test/kisangateway-test/.venv/lib/python3.11/site-packages/allure_commons/_allure.py\", line 192, in impl\n    return func(*a, **kw)\n           ^^^^^^^^^^^^^^\n  File \"/home/runner/work/kisangateway-test/kisangateway-test/pages/about_page.py\", line 20, in click_login_link\n    self.click(self.LOGIN_LINK)\n  File \"/home/runner/work/kisangateway-test/kisangateway-test/pages/base_page.py\", line 38, in click\n    el: WebElement = self.wait.until(\n                     ^^^^^^^^^^^^^^^^\n  File \"/home/runner/work/kisangateway-test/kisangateway-test/.venv/lib/python3.11/site-packages/selenium/webdriver/support/wait.py\", line 95, in until\n    raise TimeoutException(message, screen, stacktrace)\n","steps":[{"name":"Click Login link","time":{"start":1704157418196,"stop":1704157428378,"duration":10182},"status":"broken","statusMessage":"selenium.common.exceptions.TimeoutException: Message: \nStacktrace:\n#0 0x557d0a23dd33 <unknown>\n#1 0x557d09efaf87 <unknown>\n#2 0x557d09f4ac0e <unknown>\n#3 0x557d09f4ad11 <unknown>\n#4 0x557d09f96004 <unknown>\n#5 0x557d09f7436d <unknown>\n#6 0x557d09f93297 <unknown>\n#7 0x557d09f740e3 <unknown>\n#8 0x557d09f3c044 <unknown>\n#9 0x557d09f3d44e <unknown>\n#10 0x557d0a202861 <unknown>\n#11 0x557d0a206785 <unknown>\n#12 0x557d0a1f0285 <unknown>\n#13 0x557d0a20741f <unknown>\n#14 0x557d0a1d420f <unknown>\n#15 0x557d0a22b028 <unknown>\n#16 0x557d0a22b1f7 <unknown>\n#17 0x557d0a23ced4 <unknown>\n#18 0x7f8e31e94ac3 <unknown>\n\n","statusTrace":"  File \"/home/runner/work/kisangateway-test/kisangateway-test/.venv/lib/python3.11/site-packages/allure_commons/_allure.py\", line 192, in impl\n    return func(*a, **kw)\n           ^^^^^^^^^^^^^^\n  File \"/home/runner/work/kisangateway-test/kisangateway-test/pages/about_page.py\", line 20, in click_login_link\n    self.click(self.LOGIN_LINK)\n  File \"/home/runner/work/kisangateway-test/kisangateway-test/pages/base_page.py\", line 38, in click\n    el: WebElement = self.wait.until(\n                     ^^^^^^^^^^^^^^^^\n  File \"/home/runner/work/kisangateway-test/kisangateway-test/.venv/lib/python3.11/site-packages/selenium/webdriver/support/wait.py\", line 95, in until\n    raise TimeoutException(message, screen, stacktrace)\n","steps":[],"attachments":[],"parameters":[],"shouldDisplayMessage":true,"stepsCount":0,"attachmentsCount":0,"hasContent":true,"attachmentStep":false}],"attachments":[],"parameters":[],"shouldDisplayMessage":false,"stepsCount":1,"attachmentsCount":0,"hasContent":true,"attachmentStep":false}],"testStage":{"description":"Compare between the actual number of projects seen on page and the number shown in workspaces block","status":"broken","statusMessage":"selenium.common.exceptions.TimeoutException: Message: \nStacktrace:\n#0 0x557d0a23dd33 <unknown>\n#1 0x557d09efaf87 <unknown>\n#2 0x557d09f4ac0e <unknown>\n#3 0x557d09f4ad11 <unknown>\n#4 0x557d09f96004 <unknown>\n#5 0x557d09f7436d <unknown>\n#6 0x557d09f93297 <unknown>\n#7 0x557d09f740e3 <unknown>\n#8 0x557d09f3c044 <unknown>\n#9 0x557d09f3d44e <unknown>\n#10 0x557d0a202861 <unknown>\n#11 0x557d0a206785 <unknown>\n#12 0x557d0a1f0285 <unknown>\n#13 0x557d0a20741f <unknown>\n#14 0x557d0a1d420f <unknown>\n#15 0x557d0a22b028 <unknown>\n#16 0x557d0a22b1f7 <unknown>\n#17 0x557d0a23ced4 <unknown>\n#18 0x7f8e31e94ac3 <unknown>","statusTrace":"self = <tests.test_workspaces.TestWorkspaces object at 0x7f0339cfbc10>\nsecret_data = {'email': '', 'password': ''}\n\n    @pytest.fixture(autouse=True)\n    def setup_method_fixture(self, secret_data: dict):\n>       login(secret_data, self.about_page, self.login_page)\n\ntests/test_workspaces.py:23: \n_ _ _ _ _ _ _ _ _ _ _ _ _ _ _ _ _ _ _ _ _ _ _ _ _ _ _ _ _ _ _ _ _ _ _ _ _ _ _ _ \ntests/test_workspaces.py:13: in login\n    about_page.click_login_link()\npages/about_page.py:20: in click_login_link\n    self.click(self.LOGIN_LINK)\npages/base_page.py:38: in click\n    el: WebElement = self.wait.until(\n_ _ _ _ _ _ _ _ _ _ _ _ _ _ _ _ _ _ _ _ _ _ _ _ _ _ _ _ _ _ _ _ _ _ _ _ _ _ _ _ \n\nself = <selenium.webdriver.support.wait.WebDriverWait (session=\"22a00f19352791afe0beb1151af25f30\")>\nmethod = <function element_to_be_clickable.<locals>._predicate at 0x7f0339959b20>\nmessage = ''\n\n    def until(self, method, message: str = \"\"):\n        \"\"\"Calls the method provided with the driver as an argument until the \\\n        return value does not evaluate to ``False``.\n    \n        :param method: callable(WebDriver)\n        :param message: optional message for :exc:`TimeoutException`\n        :returns: the result of the last call to `method`\n        :raises: :exc:`selenium.common.exceptions.TimeoutException` if timeout occurs\n        \"\"\"\n        screen = None\n        stacktrace = None\n    \n        end_time = time.monotonic() + self._timeout\n        while True:\n            try:\n                value = method(self._driver)\n                if value:\n                    return value\n            except self._ignored_exceptions as exc:\n                screen = getattr(exc, \"screen\", None)\n                stacktrace = getattr(exc, \"stacktrace\", None)\n            time.sleep(self._poll)\n            if time.monotonic() > end_time:\n                break\n>       raise TimeoutException(message, screen, stacktrace)\nE       selenium.common.exceptions.TimeoutException: Message: \nE       Stacktrace:\nE       #0 0x557d0a23dd33 <unknown>\nE       #1 0x557d09efaf87 <unknown>\nE       #2 0x557d09f4ac0e <unknown>\nE       #3 0x557d09f4ad11 <unknown>\nE       #4 0x557d09f96004 <unknown>\nE       #5 0x557d09f7436d <unknown>\nE       #6 0x557d09f93297 <unknown>\nE       #7 0x557d09f740e3 <unknown>\nE       #8 0x557d09f3c044 <unknown>\nE       #9 0x557d09f3d44e <unknown>\nE       #10 0x557d0a202861 <unknown>\nE       #11 0x557d0a206785 <unknown>\nE       #12 0x557d0a1f0285 <unknown>\nE       #13 0x557d0a20741f <unknown>\nE       #14 0x557d0a1d420f <unknown>\nE       #15 0x557d0a22b028 <unknown>\nE       #16 0x557d0a22b1f7 <unknown>\nE       #17 0x557d0a23ced4 <unknown>\nE       #18 0x7f8e31e94ac3 <unknown>\n\n.venv/lib/python3.11/site-packages/selenium/webdriver/support/wait.py:95: TimeoutException","steps":[],"attachments":[{"uid":"9cf0a3e68a43185d","name":"public ip address","source":"9cf0a3e68a43185d.txt","type":"text/plain","size":10},{"uid":"ab50be4dc174f5e6","name":"Cookies","source":"ab50be4dc174f5e6.json","type":"application/json","size":2},{"uid":"d8c712d58e5e27e4","name":"Session Storage","source":"d8c712d58e5e27e4.json","type":"application/json","size":2},{"uid":"9e5126860539c65e","name":"Local Storage","source":"9e5126860539c65e.json","type":"application/json","size":2},{"uid":"ac0ce2c0eb8cabd1","name":"Console Logs","source":"ac0ce2c0eb8cabd1.json","type":"application/json","size":2},{"uid":"aa31c4a5f5c964de","name":"Full Page Screenshot","source":"aa31c4a5f5c964de.png","type":"image/png","size":2655641},{"uid":"531b2d0f42698932","name":"URL","source":"531b2d0f42698932.uri","type":"text/uri-list","size":25},{"uid":"abf1398e6d3313aa","name":"Network Logs","source":"abf1398e6d3313aa.json","type":"application/json","size":14474}],"parameters":[],"shouldDisplayMessage":true,"stepsCount":0,"attachmentsCount":8,"hasContent":true,"attachmentStep":false},"afterStages":[],"labels":[{"name":"epic","value":"Workspaces"},{"name":"severity","value":"normal"},{"name":"story","value":"WorkSpaces Creation and Editing Functionality"},{"name":"tag","value":"run(order=4)"},{"name":"parentSuite","value":"tests"},{"name":"suite","value":"test_workspaces"},{"name":"subSuite","value":"TestWorkspaces"},{"name":"host","value":"fv-az702-998"},{"name":"thread","value":"2213-MainThread"},{"name":"framework","value":"pytest"},{"name":"language","value":"cpython3"},{"name":"package","value":"tests.test_workspaces"},{"name":"resultFormat","value":"allure2"}],"parameters":[],"links":[],"hidden":false,"retry":false,"extra":{"severity":"normal","retries":[],"categories":[{"name":"Test defects","matchedStatuses":[],"flaky":false}],"tags":["run(order=4)"]},"source":"6a2b62c9fd5c4178.json","parameterValues":[]}