{"uid":"c4ee3ab8701de624","name":"Search for non existing project","fullName":"tests.test_workspaces.TestWorkspaces#test_search_for_non_existing_project","historyId":"fd02db7e15fbde7f94675ef36547cabe","time":{"start":1708736381137,"stop":1708736381137,"duration":0},"description":"Search for a non existing project","descriptionHtml":"<p>Search for a non existing project</p>\n","status":"broken","statusMessage":"selenium.common.exceptions.TimeoutException: Message: \nStacktrace:\n#0 0x556e29d70303 <unknown>\n#1 0x556e29a552b7 <unknown>\n#2 0x556e29aa0cc0 <unknown>\n#3 0x556e29aa0db1 <unknown>\n#4 0x556e29ae4b44 <unknown>\n#5 0x556e29ac33ad <unknown>\n#6 0x556e29ae207c <unknown>\n#7 0x556e29ac3123 <unknown>\n#8 0x556e29a93095 <unknown>\n#9 0x556e29a9409e <unknown>\n#10 0x556e29d346ab <unknown>\n#11 0x556e29d384ba <unknown>\n#12 0x556e29d20f85 <unknown>\n#13 0x556e29d3912f <unknown>\n#14 0x556e29d04e6f <unknown>\n#15 0x556e29d5d5f8 <unknown>\n#16 0x556e29d5d7c2 <unknown>\n#17 0x556e29d6f4a4 <unknown>\n#18 0x7ff492c94ac3 <unknown>","statusTrace":"self = <tests.test_workspaces.TestWorkspaces object at 0x7f189ee52490>\nsecret_data = {'email': '', 'password': ''}\n\n    @pytest.fixture(autouse=True)\n    def setup_method_fixture(self, secret_data: dict):\n>       login(secret_data, self.about_page, self.login_page)\n\ntests/test_workspaces.py:23: \n_ _ _ _ _ _ _ _ _ _ _ _ _ _ _ _ _ _ _ _ _ _ _ _ _ _ _ _ _ _ _ _ _ _ _ _ _ _ _ _ \ntests/test_workspaces.py:13: in login\n    about_page.click_login_link()\npages/about_page.py:20: in click_login_link\n    self.click(self.LOGIN_LINK)\npages/base_page.py:38: in click\n    el: WebElement = self.wait.until(\n_ _ _ _ _ _ _ _ _ _ _ _ _ _ _ _ _ _ _ _ _ _ _ _ _ _ _ _ _ _ _ _ _ _ _ _ _ _ _ _ \n\nself = <selenium.webdriver.support.wait.WebDriverWait (session=\"60f822b11230ec59a5c6c98af85709ca\")>\nmethod = <function element_to_be_clickable.<locals>._predicate at 0x7f189e7f5ee0>\nmessage = ''\n\n    def until(self, method, message: str = \"\"):\n        \"\"\"Calls the method provided with the driver as an argument until the \\\n        return value does not evaluate to ``False``.\n    \n        :param method: callable(WebDriver)\n        :param message: optional message for :exc:`TimeoutException`\n        :returns: the result of the last call to `method`\n        :raises: :exc:`selenium.common.exceptions.TimeoutException` if timeout occurs\n        \"\"\"\n        screen = None\n        stacktrace = None\n    \n        end_time = time.monotonic() + self._timeout\n        while True:\n            try:\n                value = method(self._driver)\n                if value:\n                    return value\n            except self._ignored_exceptions as exc:\n                screen = getattr(exc, \"screen\", None)\n                stacktrace = getattr(exc, \"stacktrace\", None)\n            time.sleep(self._poll)\n            if time.monotonic() > end_time:\n                break\n>       raise TimeoutException(message, screen, stacktrace)\nE       selenium.common.exceptions.TimeoutException: Message: \nE       Stacktrace:\nE       #0 0x556e29d70303 <unknown>\nE       #1 0x556e29a552b7 <unknown>\nE       #2 0x556e29aa0cc0 <unknown>\nE       #3 0x556e29aa0db1 <unknown>\nE       #4 0x556e29ae4b44 <unknown>\nE       #5 0x556e29ac33ad <unknown>\nE       #6 0x556e29ae207c <unknown>\nE       #7 0x556e29ac3123 <unknown>\nE       #8 0x556e29a93095 <unknown>\nE       #9 0x556e29a9409e <unknown>\nE       #10 0x556e29d346ab <unknown>\nE       #11 0x556e29d384ba <unknown>\nE       #12 0x556e29d20f85 <unknown>\nE       #13 0x556e29d3912f <unknown>\nE       #14 0x556e29d04e6f <unknown>\nE       #15 0x556e29d5d5f8 <unknown>\nE       #16 0x556e29d5d7c2 <unknown>\nE       #17 0x556e29d6f4a4 <unknown>\nE       #18 0x7ff492c94ac3 <unknown>\n\n.venv/lib/python3.11/site-packages/selenium/webdriver/support/wait.py:95: TimeoutException","flaky":false,"newFailed":false,"newBroken":false,"newPassed":false,"retriesCount":0,"retriesStatusChange":false,"beforeStages":[{"name":"_verify_url","time":{"start":1708736257061,"stop":1708736257061,"duration":0},"status":"passed","steps":[],"attachments":[],"parameters":[],"shouldDisplayMessage":false,"stepsCount":0,"attachmentsCount":0,"hasContent":false,"attachmentStep":false},{"name":"json_data","time":{"start":1708736257061,"stop":1708736257062,"duration":1},"status":"passed","steps":[],"attachments":[],"parameters":[],"shouldDisplayMessage":false,"stepsCount":0,"attachmentsCount":0,"hasContent":false,"attachmentStep":false},{"name":"base_url","time":{"start":1708736257061,"stop":1708736257061,"duration":0},"status":"passed","steps":[],"attachments":[],"parameters":[],"shouldDisplayMessage":false,"stepsCount":0,"attachmentsCount":0,"hasContent":false,"attachmentStep":false},{"name":"secret_data","time":{"start":1708736257061,"stop":1708736257061,"duration":0},"status":"passed","steps":[],"attachments":[],"parameters":[],"shouldDisplayMessage":false,"stepsCount":0,"attachmentsCount":0,"hasContent":false,"attachmentStep":false},{"name":"setup_method_fixture","time":{"start":1708736382284,"stop":1708736392467,"duration":10183},"status":"broken","statusMessage":"selenium.common.exceptions.TimeoutException: Message: \nStacktrace:\n#0 0x556e29d70303 <unknown>\n#1 0x556e29a552b7 <unknown>\n#2 0x556e29aa0cc0 <unknown>\n#3 0x556e29aa0db1 <unknown>\n#4 0x556e29ae4b44 <unknown>\n#5 0x556e29ac33ad <unknown>\n#6 0x556e29ae207c <unknown>\n#7 0x556e29ac3123 <unknown>\n#8 0x556e29a93095 <unknown>\n#9 0x556e29a9409e <unknown>\n#10 0x556e29d346ab <unknown>\n#11 0x556e29d384ba <unknown>\n#12 0x556e29d20f85 <unknown>\n#13 0x556e29d3912f <unknown>\n#14 0x556e29d04e6f <unknown>\n#15 0x556e29d5d5f8 <unknown>\n#16 0x556e29d5d7c2 <unknown>\n#17 0x556e29d6f4a4 <unknown>\n#18 0x7ff492c94ac3 <unknown>\n\n","statusTrace":"  File \"/home/runner/work/kisangateway-test/kisangateway-test/.venv/lib/python3.11/site-packages/pluggy/_callers.py\", line 80, in _multicall\n    res = hook_impl.function(*args)\n          ^^^^^^^^^^^^^^^^^^^^^^^^^\n  File \"/home/runner/work/kisangateway-test/kisangateway-test/.venv/lib/python3.11/site-packages/_pytest/fixtures.py\", line 1123, in pytest_fixture_setup\n    result = call_fixture_func(fixturefunc, request, kwargs)\n             ^^^^^^^^^^^^^^^^^^^^^^^^^^^^^^^^^^^^^^^^^^^^^^^\n  File \"/home/runner/work/kisangateway-test/kisangateway-test/.venv/lib/python3.11/site-packages/_pytest/fixtures.py\", line 902, in call_fixture_func\n    fixture_result = fixturefunc(**kwargs)\n                     ^^^^^^^^^^^^^^^^^^^^^\n  File \"/home/runner/work/kisangateway-test/kisangateway-test/tests/test_workspaces.py\", line 23, in setup_method_fixture\n    login(secret_data, self.about_page, self.login_page)\n  File \"/home/runner/work/kisangateway-test/kisangateway-test/tests/test_workspaces.py\", line 13, in login\n    about_page.click_login_link()\n  File \"/home/runner/work/kisangateway-test/kisangateway-test/.venv/lib/python3.11/site-packages/allure_commons/_allure.py\", line 192, in impl\n    return func(*a, **kw)\n           ^^^^^^^^^^^^^^\n  File \"/home/runner/work/kisangateway-test/kisangateway-test/pages/about_page.py\", line 20, in click_login_link\n    self.click(self.LOGIN_LINK)\n  File \"/home/runner/work/kisangateway-test/kisangateway-test/pages/base_page.py\", line 38, in click\n    el: WebElement = self.wait.until(\n                     ^^^^^^^^^^^^^^^^\n  File \"/home/runner/work/kisangateway-test/kisangateway-test/.venv/lib/python3.11/site-packages/selenium/webdriver/support/wait.py\", line 95, in until\n    raise TimeoutException(message, screen, stacktrace)\n","steps":[{"name":"Click Login link","time":{"start":1708736382284,"stop":1708736392467,"duration":10183},"status":"broken","statusMessage":"selenium.common.exceptions.TimeoutException: Message: \nStacktrace:\n#0 0x556e29d70303 <unknown>\n#1 0x556e29a552b7 <unknown>\n#2 0x556e29aa0cc0 <unknown>\n#3 0x556e29aa0db1 <unknown>\n#4 0x556e29ae4b44 <unknown>\n#5 0x556e29ac33ad <unknown>\n#6 0x556e29ae207c <unknown>\n#7 0x556e29ac3123 <unknown>\n#8 0x556e29a93095 <unknown>\n#9 0x556e29a9409e <unknown>\n#10 0x556e29d346ab <unknown>\n#11 0x556e29d384ba <unknown>\n#12 0x556e29d20f85 <unknown>\n#13 0x556e29d3912f <unknown>\n#14 0x556e29d04e6f <unknown>\n#15 0x556e29d5d5f8 <unknown>\n#16 0x556e29d5d7c2 <unknown>\n#17 0x556e29d6f4a4 <unknown>\n#18 0x7ff492c94ac3 <unknown>\n\n","statusTrace":"  File \"/home/runner/work/kisangateway-test/kisangateway-test/.venv/lib/python3.11/site-packages/allure_commons/_allure.py\", line 192, in impl\n    return func(*a, **kw)\n           ^^^^^^^^^^^^^^\n  File \"/home/runner/work/kisangateway-test/kisangateway-test/pages/about_page.py\", line 20, in click_login_link\n    self.click(self.LOGIN_LINK)\n  File \"/home/runner/work/kisangateway-test/kisangateway-test/pages/base_page.py\", line 38, in click\n    el: WebElement = self.wait.until(\n                     ^^^^^^^^^^^^^^^^\n  File \"/home/runner/work/kisangateway-test/kisangateway-test/.venv/lib/python3.11/site-packages/selenium/webdriver/support/wait.py\", line 95, in until\n    raise TimeoutException(message, screen, stacktrace)\n","steps":[],"attachments":[],"parameters":[],"shouldDisplayMessage":true,"stepsCount":0,"attachmentsCount":0,"hasContent":true,"attachmentStep":false}],"attachments":[],"parameters":[],"shouldDisplayMessage":false,"stepsCount":1,"attachmentsCount":0,"hasContent":true,"attachmentStep":false}],"testStage":{"description":"Search for a non existing project","status":"broken","statusMessage":"selenium.common.exceptions.TimeoutException: Message: \nStacktrace:\n#0 0x556e29d70303 <unknown>\n#1 0x556e29a552b7 <unknown>\n#2 0x556e29aa0cc0 <unknown>\n#3 0x556e29aa0db1 <unknown>\n#4 0x556e29ae4b44 <unknown>\n#5 0x556e29ac33ad <unknown>\n#6 0x556e29ae207c <unknown>\n#7 0x556e29ac3123 <unknown>\n#8 0x556e29a93095 <unknown>\n#9 0x556e29a9409e <unknown>\n#10 0x556e29d346ab <unknown>\n#11 0x556e29d384ba <unknown>\n#12 0x556e29d20f85 <unknown>\n#13 0x556e29d3912f <unknown>\n#14 0x556e29d04e6f <unknown>\n#15 0x556e29d5d5f8 <unknown>\n#16 0x556e29d5d7c2 <unknown>\n#17 0x556e29d6f4a4 <unknown>\n#18 0x7ff492c94ac3 <unknown>","statusTrace":"self = <tests.test_workspaces.TestWorkspaces object at 0x7f189ee52490>\nsecret_data = {'email': '', 'password': ''}\n\n    @pytest.fixture(autouse=True)\n    def setup_method_fixture(self, secret_data: dict):\n>       login(secret_data, self.about_page, self.login_page)\n\ntests/test_workspaces.py:23: \n_ _ _ _ _ _ _ _ _ _ _ _ _ _ _ _ _ _ _ _ _ _ _ _ _ _ _ _ _ _ _ _ _ _ _ _ _ _ _ _ \ntests/test_workspaces.py:13: in login\n    about_page.click_login_link()\npages/about_page.py:20: in click_login_link\n    self.click(self.LOGIN_LINK)\npages/base_page.py:38: in click\n    el: WebElement = self.wait.until(\n_ _ _ _ _ _ _ _ _ _ _ _ _ _ _ _ _ _ _ _ _ _ _ _ _ _ _ _ _ _ _ _ _ _ _ _ _ _ _ _ \n\nself = <selenium.webdriver.support.wait.WebDriverWait (session=\"60f822b11230ec59a5c6c98af85709ca\")>\nmethod = <function element_to_be_clickable.<locals>._predicate at 0x7f189e7f5ee0>\nmessage = ''\n\n    def until(self, method, message: str = \"\"):\n        \"\"\"Calls the method provided with the driver as an argument until the \\\n        return value does not evaluate to ``False``.\n    \n        :param method: callable(WebDriver)\n        :param message: optional message for :exc:`TimeoutException`\n        :returns: the result of the last call to `method`\n        :raises: :exc:`selenium.common.exceptions.TimeoutException` if timeout occurs\n        \"\"\"\n        screen = None\n        stacktrace = None\n    \n        end_time = time.monotonic() + self._timeout\n        while True:\n            try:\n                value = method(self._driver)\n                if value:\n                    return value\n            except self._ignored_exceptions as exc:\n                screen = getattr(exc, \"screen\", None)\n                stacktrace = getattr(exc, \"stacktrace\", None)\n            time.sleep(self._poll)\n            if time.monotonic() > end_time:\n                break\n>       raise TimeoutException(message, screen, stacktrace)\nE       selenium.common.exceptions.TimeoutException: Message: \nE       Stacktrace:\nE       #0 0x556e29d70303 <unknown>\nE       #1 0x556e29a552b7 <unknown>\nE       #2 0x556e29aa0cc0 <unknown>\nE       #3 0x556e29aa0db1 <unknown>\nE       #4 0x556e29ae4b44 <unknown>\nE       #5 0x556e29ac33ad <unknown>\nE       #6 0x556e29ae207c <unknown>\nE       #7 0x556e29ac3123 <unknown>\nE       #8 0x556e29a93095 <unknown>\nE       #9 0x556e29a9409e <unknown>\nE       #10 0x556e29d346ab <unknown>\nE       #11 0x556e29d384ba <unknown>\nE       #12 0x556e29d20f85 <unknown>\nE       #13 0x556e29d3912f <unknown>\nE       #14 0x556e29d04e6f <unknown>\nE       #15 0x556e29d5d5f8 <unknown>\nE       #16 0x556e29d5d7c2 <unknown>\nE       #17 0x556e29d6f4a4 <unknown>\nE       #18 0x7ff492c94ac3 <unknown>\n\n.venv/lib/python3.11/site-packages/selenium/webdriver/support/wait.py:95: TimeoutException","steps":[],"attachments":[{"uid":"4480f8aa28fd1723","name":"public ip address","source":"4480f8aa28fd1723.txt","type":"text/plain","size":13},{"uid":"559673201fda877a","name":"Cookies","source":"559673201fda877a.json","type":"application/json","size":526},{"uid":"fcaa7d834c5baf65","name":"Session Storage","source":"fcaa7d834c5baf65.json","type":"application/json","size":2},{"uid":"fad4e7a6a7deb3c2","name":"Local Storage","source":"fad4e7a6a7deb3c2.json","type":"application/json","size":77},{"uid":"72217cc54337136f","name":"Console Logs","source":"72217cc54337136f.json","type":"application/json","size":310},{"uid":"1b88ba1ef6ece845","name":"Full Page Screenshot","source":"1b88ba1ef6ece845.png","type":"image/png","size":2476349},{"uid":"41c1daf2fd1d372a","name":"URL","source":"41c1daf2fd1d372a.uri","type":"text/uri-list","size":25},{"uid":"63d84134e5d5c288","name":"Network Logs","source":"63d84134e5d5c288.json","type":"application/json","size":1284246}],"parameters":[],"shouldDisplayMessage":true,"stepsCount":0,"attachmentsCount":8,"hasContent":true,"attachmentStep":false},"afterStages":[],"labels":[{"name":"epic","value":"Workspaces"},{"name":"story","value":"WorkSpaces Creation and Editing Functionality"},{"name":"severity","value":"normal"},{"name":"tag","value":"run(order=7)"},{"name":"parentSuite","value":"tests"},{"name":"suite","value":"test_workspaces"},{"name":"subSuite","value":"TestWorkspaces"},{"name":"host","value":"fv-az530-858"},{"name":"thread","value":"2237-MainThread"},{"name":"framework","value":"pytest"},{"name":"language","value":"cpython3"},{"name":"package","value":"tests.test_workspaces"},{"name":"resultFormat","value":"allure2"}],"parameters":[],"links":[],"hidden":false,"retry":false,"extra":{"severity":"normal","retries":[],"categories":[{"name":"Test defects","matchedStatuses":[],"flaky":false}],"tags":["run(order=7)"]},"source":"c4ee3ab8701de624.json","parameterValues":[]}