{"uid":"d8df1609f9124e00","name":"Search for existing project test","fullName":"tests.test_workspaces.TestWorkspaces#test_search_project","historyId":"3072e00dfd01d41bcf7852018b214f8a","time":{"start":1708736368710,"stop":1708736368710,"duration":0},"description":"Search for an existing project","descriptionHtml":"<p>Search for an existing project</p>\n","status":"broken","statusMessage":"selenium.common.exceptions.TimeoutException: Message: \nStacktrace:\n#0 0x55f6b26d5303 <unknown>\n#1 0x55f6b23ba2b7 <unknown>\n#2 0x55f6b2405cc0 <unknown>\n#3 0x55f6b2405db1 <unknown>\n#4 0x55f6b2449b44 <unknown>\n#5 0x55f6b24283ad <unknown>\n#6 0x55f6b244707c <unknown>\n#7 0x55f6b2428123 <unknown>\n#8 0x55f6b23f8095 <unknown>\n#9 0x55f6b23f909e <unknown>\n#10 0x55f6b26996ab <unknown>\n#11 0x55f6b269d4ba <unknown>\n#12 0x55f6b2685f85 <unknown>\n#13 0x55f6b269e12f <unknown>\n#14 0x55f6b2669e6f <unknown>\n#15 0x55f6b26c25f8 <unknown>\n#16 0x55f6b26c27c2 <unknown>\n#17 0x55f6b26d44a4 <unknown>\n#18 0x7f209c094ac3 <unknown>","statusTrace":"self = <tests.test_workspaces.TestWorkspaces object at 0x7f189ee53f50>\nsecret_data = {'email': '', 'password': ''}\n\n    @pytest.fixture(autouse=True)\n    def setup_method_fixture(self, secret_data: dict):\n>       login(secret_data, self.about_page, self.login_page)\n\ntests/test_workspaces.py:23: \n_ _ _ _ _ _ _ _ _ _ _ _ _ _ _ _ _ _ _ _ _ _ _ _ _ _ _ _ _ _ _ _ _ _ _ _ _ _ _ _ \ntests/test_workspaces.py:13: in login\n    about_page.click_login_link()\npages/about_page.py:20: in click_login_link\n    self.click(self.LOGIN_LINK)\npages/base_page.py:38: in click\n    el: WebElement = self.wait.until(\n_ _ _ _ _ _ _ _ _ _ _ _ _ _ _ _ _ _ _ _ _ _ _ _ _ _ _ _ _ _ _ _ _ _ _ _ _ _ _ _ \n\nself = <selenium.webdriver.support.wait.WebDriverWait (session=\"77adcc06729313c68d464486509673f2\")>\nmethod = <function element_to_be_clickable.<locals>._predicate at 0x7f189eadb560>\nmessage = ''\n\n    def until(self, method, message: str = \"\"):\n        \"\"\"Calls the method provided with the driver as an argument until the \\\n        return value does not evaluate to ``False``.\n    \n        :param method: callable(WebDriver)\n        :param message: optional message for :exc:`TimeoutException`\n        :returns: the result of the last call to `method`\n        :raises: :exc:`selenium.common.exceptions.TimeoutException` if timeout occurs\n        \"\"\"\n        screen = None\n        stacktrace = None\n    \n        end_time = time.monotonic() + self._timeout\n        while True:\n            try:\n                value = method(self._driver)\n                if value:\n                    return value\n            except self._ignored_exceptions as exc:\n                screen = getattr(exc, \"screen\", None)\n                stacktrace = getattr(exc, \"stacktrace\", None)\n            time.sleep(self._poll)\n            if time.monotonic() > end_time:\n                break\n>       raise TimeoutException(message, screen, stacktrace)\nE       selenium.common.exceptions.TimeoutException: Message: \nE       Stacktrace:\nE       #0 0x55f6b26d5303 <unknown>\nE       #1 0x55f6b23ba2b7 <unknown>\nE       #2 0x55f6b2405cc0 <unknown>\nE       #3 0x55f6b2405db1 <unknown>\nE       #4 0x55f6b2449b44 <unknown>\nE       #5 0x55f6b24283ad <unknown>\nE       #6 0x55f6b244707c <unknown>\nE       #7 0x55f6b2428123 <unknown>\nE       #8 0x55f6b23f8095 <unknown>\nE       #9 0x55f6b23f909e <unknown>\nE       #10 0x55f6b26996ab <unknown>\nE       #11 0x55f6b269d4ba <unknown>\nE       #12 0x55f6b2685f85 <unknown>\nE       #13 0x55f6b269e12f <unknown>\nE       #14 0x55f6b2669e6f <unknown>\nE       #15 0x55f6b26c25f8 <unknown>\nE       #16 0x55f6b26c27c2 <unknown>\nE       #17 0x55f6b26d44a4 <unknown>\nE       #18 0x7f209c094ac3 <unknown>\n\n.venv/lib/python3.11/site-packages/selenium/webdriver/support/wait.py:95: TimeoutException","flaky":false,"newFailed":false,"newBroken":false,"newPassed":false,"retriesCount":0,"retriesStatusChange":false,"beforeStages":[{"name":"_verify_url","time":{"start":1708736257061,"stop":1708736257061,"duration":0},"status":"passed","steps":[],"attachments":[],"parameters":[],"shouldDisplayMessage":false,"stepsCount":0,"attachmentsCount":0,"hasContent":false,"attachmentStep":false},{"name":"json_data","time":{"start":1708736257061,"stop":1708736257062,"duration":1},"status":"passed","steps":[],"attachments":[],"parameters":[],"shouldDisplayMessage":false,"stepsCount":0,"attachmentsCount":0,"hasContent":false,"attachmentStep":false},{"name":"base_url","time":{"start":1708736257061,"stop":1708736257061,"duration":0},"status":"passed","steps":[],"attachments":[],"parameters":[],"shouldDisplayMessage":false,"stepsCount":0,"attachmentsCount":0,"hasContent":false,"attachmentStep":false},{"name":"secret_data","time":{"start":1708736257061,"stop":1708736257061,"duration":0},"status":"passed","steps":[],"attachments":[],"parameters":[],"shouldDisplayMessage":false,"stepsCount":0,"attachmentsCount":0,"hasContent":false,"attachmentStep":false},{"name":"setup_method_fixture","time":{"start":1708736369837,"stop":1708736380035,"duration":10198},"status":"broken","statusMessage":"selenium.common.exceptions.TimeoutException: Message: \nStacktrace:\n#0 0x55f6b26d5303 <unknown>\n#1 0x55f6b23ba2b7 <unknown>\n#2 0x55f6b2405cc0 <unknown>\n#3 0x55f6b2405db1 <unknown>\n#4 0x55f6b2449b44 <unknown>\n#5 0x55f6b24283ad <unknown>\n#6 0x55f6b244707c <unknown>\n#7 0x55f6b2428123 <unknown>\n#8 0x55f6b23f8095 <unknown>\n#9 0x55f6b23f909e <unknown>\n#10 0x55f6b26996ab <unknown>\n#11 0x55f6b269d4ba <unknown>\n#12 0x55f6b2685f85 <unknown>\n#13 0x55f6b269e12f <unknown>\n#14 0x55f6b2669e6f <unknown>\n#15 0x55f6b26c25f8 <unknown>\n#16 0x55f6b26c27c2 <unknown>\n#17 0x55f6b26d44a4 <unknown>\n#18 0x7f209c094ac3 <unknown>\n\n","statusTrace":"  File \"/home/runner/work/kisangateway-test/kisangateway-test/.venv/lib/python3.11/site-packages/pluggy/_callers.py\", line 80, in _multicall\n    res = hook_impl.function(*args)\n          ^^^^^^^^^^^^^^^^^^^^^^^^^\n  File \"/home/runner/work/kisangateway-test/kisangateway-test/.venv/lib/python3.11/site-packages/_pytest/fixtures.py\", line 1123, in pytest_fixture_setup\n    result = call_fixture_func(fixturefunc, request, kwargs)\n             ^^^^^^^^^^^^^^^^^^^^^^^^^^^^^^^^^^^^^^^^^^^^^^^\n  File \"/home/runner/work/kisangateway-test/kisangateway-test/.venv/lib/python3.11/site-packages/_pytest/fixtures.py\", line 902, in call_fixture_func\n    fixture_result = fixturefunc(**kwargs)\n                     ^^^^^^^^^^^^^^^^^^^^^\n  File \"/home/runner/work/kisangateway-test/kisangateway-test/tests/test_workspaces.py\", line 23, in setup_method_fixture\n    login(secret_data, self.about_page, self.login_page)\n  File \"/home/runner/work/kisangateway-test/kisangateway-test/tests/test_workspaces.py\", line 13, in login\n    about_page.click_login_link()\n  File \"/home/runner/work/kisangateway-test/kisangateway-test/.venv/lib/python3.11/site-packages/allure_commons/_allure.py\", line 192, in impl\n    return func(*a, **kw)\n           ^^^^^^^^^^^^^^\n  File \"/home/runner/work/kisangateway-test/kisangateway-test/pages/about_page.py\", line 20, in click_login_link\n    self.click(self.LOGIN_LINK)\n  File \"/home/runner/work/kisangateway-test/kisangateway-test/pages/base_page.py\", line 38, in click\n    el: WebElement = self.wait.until(\n                     ^^^^^^^^^^^^^^^^\n  File \"/home/runner/work/kisangateway-test/kisangateway-test/.venv/lib/python3.11/site-packages/selenium/webdriver/support/wait.py\", line 95, in until\n    raise TimeoutException(message, screen, stacktrace)\n","steps":[{"name":"Click Login link","time":{"start":1708736369837,"stop":1708736380035,"duration":10198},"status":"broken","statusMessage":"selenium.common.exceptions.TimeoutException: Message: \nStacktrace:\n#0 0x55f6b26d5303 <unknown>\n#1 0x55f6b23ba2b7 <unknown>\n#2 0x55f6b2405cc0 <unknown>\n#3 0x55f6b2405db1 <unknown>\n#4 0x55f6b2449b44 <unknown>\n#5 0x55f6b24283ad <unknown>\n#6 0x55f6b244707c <unknown>\n#7 0x55f6b2428123 <unknown>\n#8 0x55f6b23f8095 <unknown>\n#9 0x55f6b23f909e <unknown>\n#10 0x55f6b26996ab <unknown>\n#11 0x55f6b269d4ba <unknown>\n#12 0x55f6b2685f85 <unknown>\n#13 0x55f6b269e12f <unknown>\n#14 0x55f6b2669e6f <unknown>\n#15 0x55f6b26c25f8 <unknown>\n#16 0x55f6b26c27c2 <unknown>\n#17 0x55f6b26d44a4 <unknown>\n#18 0x7f209c094ac3 <unknown>\n\n","statusTrace":"  File \"/home/runner/work/kisangateway-test/kisangateway-test/.venv/lib/python3.11/site-packages/allure_commons/_allure.py\", line 192, in impl\n    return func(*a, **kw)\n           ^^^^^^^^^^^^^^\n  File \"/home/runner/work/kisangateway-test/kisangateway-test/pages/about_page.py\", line 20, in click_login_link\n    self.click(self.LOGIN_LINK)\n  File \"/home/runner/work/kisangateway-test/kisangateway-test/pages/base_page.py\", line 38, in click\n    el: WebElement = self.wait.until(\n                     ^^^^^^^^^^^^^^^^\n  File \"/home/runner/work/kisangateway-test/kisangateway-test/.venv/lib/python3.11/site-packages/selenium/webdriver/support/wait.py\", line 95, in until\n    raise TimeoutException(message, screen, stacktrace)\n","steps":[],"attachments":[],"parameters":[],"shouldDisplayMessage":true,"stepsCount":0,"attachmentsCount":0,"hasContent":true,"attachmentStep":false}],"attachments":[],"parameters":[],"shouldDisplayMessage":false,"stepsCount":1,"attachmentsCount":0,"hasContent":true,"attachmentStep":false}],"testStage":{"description":"Search for an existing project","status":"broken","statusMessage":"selenium.common.exceptions.TimeoutException: Message: \nStacktrace:\n#0 0x55f6b26d5303 <unknown>\n#1 0x55f6b23ba2b7 <unknown>\n#2 0x55f6b2405cc0 <unknown>\n#3 0x55f6b2405db1 <unknown>\n#4 0x55f6b2449b44 <unknown>\n#5 0x55f6b24283ad <unknown>\n#6 0x55f6b244707c <unknown>\n#7 0x55f6b2428123 <unknown>\n#8 0x55f6b23f8095 <unknown>\n#9 0x55f6b23f909e <unknown>\n#10 0x55f6b26996ab <unknown>\n#11 0x55f6b269d4ba <unknown>\n#12 0x55f6b2685f85 <unknown>\n#13 0x55f6b269e12f <unknown>\n#14 0x55f6b2669e6f <unknown>\n#15 0x55f6b26c25f8 <unknown>\n#16 0x55f6b26c27c2 <unknown>\n#17 0x55f6b26d44a4 <unknown>\n#18 0x7f209c094ac3 <unknown>","statusTrace":"self = <tests.test_workspaces.TestWorkspaces object at 0x7f189ee53f50>\nsecret_data = {'email': '', 'password': ''}\n\n    @pytest.fixture(autouse=True)\n    def setup_method_fixture(self, secret_data: dict):\n>       login(secret_data, self.about_page, self.login_page)\n\ntests/test_workspaces.py:23: \n_ _ _ _ _ _ _ _ _ _ _ _ _ _ _ _ _ _ _ _ _ _ _ _ _ _ _ _ _ _ _ _ _ _ _ _ _ _ _ _ \ntests/test_workspaces.py:13: in login\n    about_page.click_login_link()\npages/about_page.py:20: in click_login_link\n    self.click(self.LOGIN_LINK)\npages/base_page.py:38: in click\n    el: WebElement = self.wait.until(\n_ _ _ _ _ _ _ _ _ _ _ _ _ _ _ _ _ _ _ _ _ _ _ _ _ _ _ _ _ _ _ _ _ _ _ _ _ _ _ _ \n\nself = <selenium.webdriver.support.wait.WebDriverWait (session=\"77adcc06729313c68d464486509673f2\")>\nmethod = <function element_to_be_clickable.<locals>._predicate at 0x7f189eadb560>\nmessage = ''\n\n    def until(self, method, message: str = \"\"):\n        \"\"\"Calls the method provided with the driver as an argument until the \\\n        return value does not evaluate to ``False``.\n    \n        :param method: callable(WebDriver)\n        :param message: optional message for :exc:`TimeoutException`\n        :returns: the result of the last call to `method`\n        :raises: :exc:`selenium.common.exceptions.TimeoutException` if timeout occurs\n        \"\"\"\n        screen = None\n        stacktrace = None\n    \n        end_time = time.monotonic() + self._timeout\n        while True:\n            try:\n                value = method(self._driver)\n                if value:\n                    return value\n            except self._ignored_exceptions as exc:\n                screen = getattr(exc, \"screen\", None)\n                stacktrace = getattr(exc, \"stacktrace\", None)\n            time.sleep(self._poll)\n            if time.monotonic() > end_time:\n                break\n>       raise TimeoutException(message, screen, stacktrace)\nE       selenium.common.exceptions.TimeoutException: Message: \nE       Stacktrace:\nE       #0 0x55f6b26d5303 <unknown>\nE       #1 0x55f6b23ba2b7 <unknown>\nE       #2 0x55f6b2405cc0 <unknown>\nE       #3 0x55f6b2405db1 <unknown>\nE       #4 0x55f6b2449b44 <unknown>\nE       #5 0x55f6b24283ad <unknown>\nE       #6 0x55f6b244707c <unknown>\nE       #7 0x55f6b2428123 <unknown>\nE       #8 0x55f6b23f8095 <unknown>\nE       #9 0x55f6b23f909e <unknown>\nE       #10 0x55f6b26996ab <unknown>\nE       #11 0x55f6b269d4ba <unknown>\nE       #12 0x55f6b2685f85 <unknown>\nE       #13 0x55f6b269e12f <unknown>\nE       #14 0x55f6b2669e6f <unknown>\nE       #15 0x55f6b26c25f8 <unknown>\nE       #16 0x55f6b26c27c2 <unknown>\nE       #17 0x55f6b26d44a4 <unknown>\nE       #18 0x7f209c094ac3 <unknown>\n\n.venv/lib/python3.11/site-packages/selenium/webdriver/support/wait.py:95: TimeoutException","steps":[],"attachments":[{"uid":"43779cb3f5b952a4","name":"public ip address","source":"43779cb3f5b952a4.txt","type":"text/plain","size":13},{"uid":"f56fc7429ceaff03","name":"Cookies","source":"f56fc7429ceaff03.json","type":"application/json","size":527},{"uid":"5b46a1384e182bfb","name":"Session Storage","source":"5b46a1384e182bfb.json","type":"application/json","size":2},{"uid":"93f14742cc6814ea","name":"Local Storage","source":"93f14742cc6814ea.json","type":"application/json","size":77},{"uid":"5bbd5ee9b41bed17","name":"Console Logs","source":"5bbd5ee9b41bed17.json","type":"application/json","size":310},{"uid":"df6e5b6c3457fad3","name":"Full Page Screenshot","source":"df6e5b6c3457fad3.png","type":"image/png","size":2476349},{"uid":"826fb0c0c0457cf8","name":"URL","source":"826fb0c0c0457cf8.uri","type":"text/uri-list","size":25},{"uid":"63a65555a6d5221f","name":"Network Logs","source":"63a65555a6d5221f.json","type":"application/json","size":1284284}],"parameters":[],"shouldDisplayMessage":true,"stepsCount":0,"attachmentsCount":8,"hasContent":true,"attachmentStep":false},"afterStages":[],"labels":[{"name":"epic","value":"Workspaces"},{"name":"story","value":"WorkSpaces Creation and Editing Functionality"},{"name":"severity","value":"normal"},{"name":"tag","value":"run(order=6)"},{"name":"parentSuite","value":"tests"},{"name":"suite","value":"test_workspaces"},{"name":"subSuite","value":"TestWorkspaces"},{"name":"host","value":"fv-az530-858"},{"name":"thread","value":"2237-MainThread"},{"name":"framework","value":"pytest"},{"name":"language","value":"cpython3"},{"name":"package","value":"tests.test_workspaces"},{"name":"resultFormat","value":"allure2"}],"parameters":[],"links":[],"hidden":false,"retry":false,"extra":{"severity":"normal","retries":[],"categories":[{"name":"Test defects","matchedStatuses":[],"flaky":false}],"tags":["run(order=6)"]},"source":"d8df1609f9124e00.json","parameterValues":[]}