{"uid":"22713cfa46871f97","name":"Cancel a project deletion","fullName":"tests.test_workspaces.TestWorkspaces#test_cancel_project_deletion","historyId":"73e48f11612b8be9a40ce0a427a468f9","time":{"start":1707354099086,"stop":1707354099086,"duration":0},"description":"Cancel project deletion","descriptionHtml":"<p>Cancel project deletion</p>\n","status":"broken","statusMessage":"selenium.common.exceptions.TimeoutException: Message: \nStacktrace:\n#0 0x56289681ed93 <unknown>\n#1 0x562896502337 <unknown>\n#2 0x56289654dd60 <unknown>\n#3 0x56289654de51 <unknown>\n#4 0x562896591bc4 <unknown>\n#5 0x56289657046d <unknown>\n#6 0x56289658f12d <unknown>\n#7 0x5628965701e3 <unknown>\n#8 0x562896540135 <unknown>\n#9 0x56289654113e <unknown>\n#10 0x5628967e2e4b <unknown>\n#11 0x5628967e6dfa <unknown>\n#12 0x5628967cf6d5 <unknown>\n#13 0x5628967e7a6f <unknown>\n#14 0x5628967b369f <unknown>\n#15 0x56289680c098 <unknown>\n#16 0x56289680c262 <unknown>\n#17 0x56289681df34 <unknown>\n#18 0x7f1d75a94ac3 <unknown>","statusTrace":"self = <tests.test_workspaces.TestWorkspaces object at 0x7f4e711f8f90>\nsecret_data = {'email': '', 'password': ''}\n\n    @pytest.fixture(autouse=True)\n    def setup_method_fixture(self, secret_data: dict):\n>       login(secret_data, self.about_page, self.login_page)\n\ntests/test_workspaces.py:23: \n_ _ _ _ _ _ _ _ _ _ _ _ _ _ _ _ _ _ _ _ _ _ _ _ _ _ _ _ _ _ _ _ _ _ _ _ _ _ _ _ \ntests/test_workspaces.py:13: in login\n    about_page.click_login_link()\npages/about_page.py:20: in click_login_link\n    self.click(self.LOGIN_LINK)\npages/base_page.py:38: in click\n    el: WebElement = self.wait.until(\n_ _ _ _ _ _ _ _ _ _ _ _ _ _ _ _ _ _ _ _ _ _ _ _ _ _ _ _ _ _ _ _ _ _ _ _ _ _ _ _ \n\nself = <selenium.webdriver.support.wait.WebDriverWait (session=\"d54f142a80ecfcc5fe9ec1f6105b7bce\")>\nmethod = <function element_to_be_clickable.<locals>._predicate at 0x7f4e70fc0400>\nmessage = ''\n\n    def until(self, method, message: str = \"\"):\n        \"\"\"Calls the method provided with the driver as an argument until the \\\n        return value does not evaluate to ``False``.\n    \n        :param method: callable(WebDriver)\n        :param message: optional message for :exc:`TimeoutException`\n        :returns: the result of the last call to `method`\n        :raises: :exc:`selenium.common.exceptions.TimeoutException` if timeout occurs\n        \"\"\"\n        screen = None\n        stacktrace = None\n    \n        end_time = time.monotonic() + self._timeout\n        while True:\n            try:\n                value = method(self._driver)\n                if value:\n                    return value\n            except self._ignored_exceptions as exc:\n                screen = getattr(exc, \"screen\", None)\n                stacktrace = getattr(exc, \"stacktrace\", None)\n            time.sleep(self._poll)\n            if time.monotonic() > end_time:\n                break\n>       raise TimeoutException(message, screen, stacktrace)\nE       selenium.common.exceptions.TimeoutException: Message: \nE       Stacktrace:\nE       #0 0x56289681ed93 <unknown>\nE       #1 0x562896502337 <unknown>\nE       #2 0x56289654dd60 <unknown>\nE       #3 0x56289654de51 <unknown>\nE       #4 0x562896591bc4 <unknown>\nE       #5 0x56289657046d <unknown>\nE       #6 0x56289658f12d <unknown>\nE       #7 0x5628965701e3 <unknown>\nE       #8 0x562896540135 <unknown>\nE       #9 0x56289654113e <unknown>\nE       #10 0x5628967e2e4b <unknown>\nE       #11 0x5628967e6dfa <unknown>\nE       #12 0x5628967cf6d5 <unknown>\nE       #13 0x5628967e7a6f <unknown>\nE       #14 0x5628967b369f <unknown>\nE       #15 0x56289680c098 <unknown>\nE       #16 0x56289680c262 <unknown>\nE       #17 0x56289681df34 <unknown>\nE       #18 0x7f1d75a94ac3 <unknown>\n\n.venv/lib/python3.11/site-packages/selenium/webdriver/support/wait.py:95: TimeoutException","flaky":false,"newFailed":false,"newBroken":false,"newPassed":false,"retriesCount":0,"retriesStatusChange":false,"beforeStages":[{"name":"base_url","time":{"start":1707353961924,"stop":1707353961924,"duration":0},"status":"passed","steps":[],"attachments":[],"parameters":[],"shouldDisplayMessage":false,"stepsCount":0,"attachmentsCount":0,"hasContent":false,"attachmentStep":false},{"name":"secret_data","time":{"start":1707353961924,"stop":1707353961925,"duration":1},"status":"passed","steps":[],"attachments":[],"parameters":[],"shouldDisplayMessage":false,"stepsCount":0,"attachmentsCount":0,"hasContent":false,"attachmentStep":false},{"name":"_verify_url","time":{"start":1707353961924,"stop":1707353961924,"duration":0},"status":"passed","steps":[],"attachments":[],"parameters":[],"shouldDisplayMessage":false,"stepsCount":0,"attachmentsCount":0,"hasContent":false,"attachmentStep":false},{"name":"json_data","time":{"start":1707353961925,"stop":1707353961925,"duration":0},"status":"passed","steps":[],"attachments":[],"parameters":[],"shouldDisplayMessage":false,"stepsCount":0,"attachmentsCount":0,"hasContent":false,"attachmentStep":false},{"name":"setup_method_fixture","time":{"start":1707354100398,"stop":1707354110580,"duration":10182},"status":"broken","statusMessage":"selenium.common.exceptions.TimeoutException: Message: \nStacktrace:\n#0 0x56289681ed93 <unknown>\n#1 0x562896502337 <unknown>\n#2 0x56289654dd60 <unknown>\n#3 0x56289654de51 <unknown>\n#4 0x562896591bc4 <unknown>\n#5 0x56289657046d <unknown>\n#6 0x56289658f12d <unknown>\n#7 0x5628965701e3 <unknown>\n#8 0x562896540135 <unknown>\n#9 0x56289654113e <unknown>\n#10 0x5628967e2e4b <unknown>\n#11 0x5628967e6dfa <unknown>\n#12 0x5628967cf6d5 <unknown>\n#13 0x5628967e7a6f <unknown>\n#14 0x5628967b369f <unknown>\n#15 0x56289680c098 <unknown>\n#16 0x56289680c262 <unknown>\n#17 0x56289681df34 <unknown>\n#18 0x7f1d75a94ac3 <unknown>\n\n","statusTrace":"  File \"/home/runner/work/kisangateway-test/kisangateway-test/.venv/lib/python3.11/site-packages/pluggy/_callers.py\", line 80, in _multicall\n    res = hook_impl.function(*args)\n          ^^^^^^^^^^^^^^^^^^^^^^^^^\n  File \"/home/runner/work/kisangateway-test/kisangateway-test/.venv/lib/python3.11/site-packages/_pytest/fixtures.py\", line 1123, in pytest_fixture_setup\n    result = call_fixture_func(fixturefunc, request, kwargs)\n             ^^^^^^^^^^^^^^^^^^^^^^^^^^^^^^^^^^^^^^^^^^^^^^^\n  File \"/home/runner/work/kisangateway-test/kisangateway-test/.venv/lib/python3.11/site-packages/_pytest/fixtures.py\", line 902, in call_fixture_func\n    fixture_result = fixturefunc(**kwargs)\n                     ^^^^^^^^^^^^^^^^^^^^^\n  File \"/home/runner/work/kisangateway-test/kisangateway-test/tests/test_workspaces.py\", line 23, in setup_method_fixture\n    login(secret_data, self.about_page, self.login_page)\n  File \"/home/runner/work/kisangateway-test/kisangateway-test/tests/test_workspaces.py\", line 13, in login\n    about_page.click_login_link()\n  File \"/home/runner/work/kisangateway-test/kisangateway-test/.venv/lib/python3.11/site-packages/allure_commons/_allure.py\", line 192, in impl\n    return func(*a, **kw)\n           ^^^^^^^^^^^^^^\n  File \"/home/runner/work/kisangateway-test/kisangateway-test/pages/about_page.py\", line 20, in click_login_link\n    self.click(self.LOGIN_LINK)\n  File \"/home/runner/work/kisangateway-test/kisangateway-test/pages/base_page.py\", line 38, in click\n    el: WebElement = self.wait.until(\n                     ^^^^^^^^^^^^^^^^\n  File \"/home/runner/work/kisangateway-test/kisangateway-test/.venv/lib/python3.11/site-packages/selenium/webdriver/support/wait.py\", line 95, in until\n    raise TimeoutException(message, screen, stacktrace)\n","steps":[{"name":"Click Login link","time":{"start":1707354100398,"stop":1707354110580,"duration":10182},"status":"broken","statusMessage":"selenium.common.exceptions.TimeoutException: Message: \nStacktrace:\n#0 0x56289681ed93 <unknown>\n#1 0x562896502337 <unknown>\n#2 0x56289654dd60 <unknown>\n#3 0x56289654de51 <unknown>\n#4 0x562896591bc4 <unknown>\n#5 0x56289657046d <unknown>\n#6 0x56289658f12d <unknown>\n#7 0x5628965701e3 <unknown>\n#8 0x562896540135 <unknown>\n#9 0x56289654113e <unknown>\n#10 0x5628967e2e4b <unknown>\n#11 0x5628967e6dfa <unknown>\n#12 0x5628967cf6d5 <unknown>\n#13 0x5628967e7a6f <unknown>\n#14 0x5628967b369f <unknown>\n#15 0x56289680c098 <unknown>\n#16 0x56289680c262 <unknown>\n#17 0x56289681df34 <unknown>\n#18 0x7f1d75a94ac3 <unknown>\n\n","statusTrace":"  File \"/home/runner/work/kisangateway-test/kisangateway-test/.venv/lib/python3.11/site-packages/allure_commons/_allure.py\", line 192, in impl\n    return func(*a, **kw)\n           ^^^^^^^^^^^^^^\n  File \"/home/runner/work/kisangateway-test/kisangateway-test/pages/about_page.py\", line 20, in click_login_link\n    self.click(self.LOGIN_LINK)\n  File \"/home/runner/work/kisangateway-test/kisangateway-test/pages/base_page.py\", line 38, in click\n    el: WebElement = self.wait.until(\n                     ^^^^^^^^^^^^^^^^\n  File \"/home/runner/work/kisangateway-test/kisangateway-test/.venv/lib/python3.11/site-packages/selenium/webdriver/support/wait.py\", line 95, in until\n    raise TimeoutException(message, screen, stacktrace)\n","steps":[],"attachments":[],"parameters":[],"shouldDisplayMessage":true,"stepsCount":0,"attachmentsCount":0,"hasContent":true,"attachmentStep":false}],"attachments":[],"parameters":[],"shouldDisplayMessage":false,"stepsCount":1,"attachmentsCount":0,"hasContent":true,"attachmentStep":false}],"testStage":{"description":"Cancel project deletion","status":"broken","statusMessage":"selenium.common.exceptions.TimeoutException: Message: \nStacktrace:\n#0 0x56289681ed93 <unknown>\n#1 0x562896502337 <unknown>\n#2 0x56289654dd60 <unknown>\n#3 0x56289654de51 <unknown>\n#4 0x562896591bc4 <unknown>\n#5 0x56289657046d <unknown>\n#6 0x56289658f12d <unknown>\n#7 0x5628965701e3 <unknown>\n#8 0x562896540135 <unknown>\n#9 0x56289654113e <unknown>\n#10 0x5628967e2e4b <unknown>\n#11 0x5628967e6dfa <unknown>\n#12 0x5628967cf6d5 <unknown>\n#13 0x5628967e7a6f <unknown>\n#14 0x5628967b369f <unknown>\n#15 0x56289680c098 <unknown>\n#16 0x56289680c262 <unknown>\n#17 0x56289681df34 <unknown>\n#18 0x7f1d75a94ac3 <unknown>","statusTrace":"self = <tests.test_workspaces.TestWorkspaces object at 0x7f4e711f8f90>\nsecret_data = {'email': '', 'password': ''}\n\n    @pytest.fixture(autouse=True)\n    def setup_method_fixture(self, secret_data: dict):\n>       login(secret_data, self.about_page, self.login_page)\n\ntests/test_workspaces.py:23: \n_ _ _ _ _ _ _ _ _ _ _ _ _ _ _ _ _ _ _ _ _ _ _ _ _ _ _ _ _ _ _ _ _ _ _ _ _ _ _ _ \ntests/test_workspaces.py:13: in login\n    about_page.click_login_link()\npages/about_page.py:20: in click_login_link\n    self.click(self.LOGIN_LINK)\npages/base_page.py:38: in click\n    el: WebElement = self.wait.until(\n_ _ _ _ _ _ _ _ _ _ _ _ _ _ _ _ _ _ _ _ _ _ _ _ _ _ _ _ _ _ _ _ _ _ _ _ _ _ _ _ \n\nself = <selenium.webdriver.support.wait.WebDriverWait (session=\"d54f142a80ecfcc5fe9ec1f6105b7bce\")>\nmethod = <function element_to_be_clickable.<locals>._predicate at 0x7f4e70fc0400>\nmessage = ''\n\n    def until(self, method, message: str = \"\"):\n        \"\"\"Calls the method provided with the driver as an argument until the \\\n        return value does not evaluate to ``False``.\n    \n        :param method: callable(WebDriver)\n        :param message: optional message for :exc:`TimeoutException`\n        :returns: the result of the last call to `method`\n        :raises: :exc:`selenium.common.exceptions.TimeoutException` if timeout occurs\n        \"\"\"\n        screen = None\n        stacktrace = None\n    \n        end_time = time.monotonic() + self._timeout\n        while True:\n            try:\n                value = method(self._driver)\n                if value:\n                    return value\n            except self._ignored_exceptions as exc:\n                screen = getattr(exc, \"screen\", None)\n                stacktrace = getattr(exc, \"stacktrace\", None)\n            time.sleep(self._poll)\n            if time.monotonic() > end_time:\n                break\n>       raise TimeoutException(message, screen, stacktrace)\nE       selenium.common.exceptions.TimeoutException: Message: \nE       Stacktrace:\nE       #0 0x56289681ed93 <unknown>\nE       #1 0x562896502337 <unknown>\nE       #2 0x56289654dd60 <unknown>\nE       #3 0x56289654de51 <unknown>\nE       #4 0x562896591bc4 <unknown>\nE       #5 0x56289657046d <unknown>\nE       #6 0x56289658f12d <unknown>\nE       #7 0x5628965701e3 <unknown>\nE       #8 0x562896540135 <unknown>\nE       #9 0x56289654113e <unknown>\nE       #10 0x5628967e2e4b <unknown>\nE       #11 0x5628967e6dfa <unknown>\nE       #12 0x5628967cf6d5 <unknown>\nE       #13 0x5628967e7a6f <unknown>\nE       #14 0x5628967b369f <unknown>\nE       #15 0x56289680c098 <unknown>\nE       #16 0x56289680c262 <unknown>\nE       #17 0x56289681df34 <unknown>\nE       #18 0x7f1d75a94ac3 <unknown>\n\n.venv/lib/python3.11/site-packages/selenium/webdriver/support/wait.py:95: TimeoutException","steps":[],"attachments":[{"uid":"4226faa55956c282","name":"public ip address","source":"4226faa55956c282.txt","type":"text/plain","size":12},{"uid":"e6087330cc61c3c6","name":"Cookies","source":"e6087330cc61c3c6.json","type":"application/json","size":2},{"uid":"2f111d4f8bc75482","name":"Session Storage","source":"2f111d4f8bc75482.json","type":"application/json","size":2},{"uid":"f7f0dd67b5ded031","name":"Local Storage","source":"f7f0dd67b5ded031.json","type":"application/json","size":77},{"uid":"9251ae3a18bbf802","name":"Console Logs","source":"9251ae3a18bbf802.json","type":"application/json","size":599},{"uid":"43412c54f1a96bac","name":"Full Page Screenshot","source":"43412c54f1a96bac.png","type":"image/png","size":2477011},{"uid":"e82e450cb4b00199","name":"URL","source":"e82e450cb4b00199.uri","type":"text/uri-list","size":25},{"uid":"c40b81e7146daa42","name":"Network Logs","source":"c40b81e7146daa42.json","type":"application/json","size":1282523}],"parameters":[],"shouldDisplayMessage":true,"stepsCount":0,"attachmentsCount":8,"hasContent":true,"attachmentStep":false},"afterStages":[],"labels":[{"name":"story","value":"WorkSpaces Creation and Editing Functionality"},{"name":"epic","value":"Workspaces"},{"name":"severity","value":"normal"},{"name":"tag","value":"run(order=8)"},{"name":"parentSuite","value":"tests"},{"name":"suite","value":"test_workspaces"},{"name":"subSuite","value":"TestWorkspaces"},{"name":"host","value":"fv-az842-73"},{"name":"thread","value":"2157-MainThread"},{"name":"framework","value":"pytest"},{"name":"language","value":"cpython3"},{"name":"package","value":"tests.test_workspaces"},{"name":"resultFormat","value":"allure2"}],"parameters":[],"links":[],"hidden":false,"retry":false,"extra":{"severity":"normal","retries":[],"categories":[{"name":"Test defects","matchedStatuses":[],"flaky":false}],"tags":["run(order=8)"]},"source":"22713cfa46871f97.json","parameterValues":[]}