{"uid":"2d1f0ea57500931d","name":"Search for existing project test","fullName":"tests.test_workspaces.TestWorkspaces#test_search_project","historyId":"3072e00dfd01d41bcf7852018b214f8a","time":{"start":1708563681948,"stop":1708563681948,"duration":0},"description":"Search for an existing project","descriptionHtml":"<p>Search for an existing project</p>\n","status":"broken","statusMessage":"selenium.common.exceptions.TimeoutException: Message: \nStacktrace:\n#0 0x55ca8f854303 <unknown>\n#1 0x55ca8f5392b7 <unknown>\n#2 0x55ca8f584cc0 <unknown>\n#3 0x55ca8f584db1 <unknown>\n#4 0x55ca8f5c8b44 <unknown>\n#5 0x55ca8f5a73ad <unknown>\n#6 0x55ca8f5c607c <unknown>\n#7 0x55ca8f5a7123 <unknown>\n#8 0x55ca8f577095 <unknown>\n#9 0x55ca8f57809e <unknown>\n#10 0x55ca8f8186ab <unknown>\n#11 0x55ca8f81c4ba <unknown>\n#12 0x55ca8f804f85 <unknown>\n#13 0x55ca8f81d12f <unknown>\n#14 0x55ca8f7e8e6f <unknown>\n#15 0x55ca8f8415f8 <unknown>\n#16 0x55ca8f8417c2 <unknown>\n#17 0x55ca8f8534a4 <unknown>\n#18 0x7fcf51a94ac3 <unknown>","statusTrace":"self = <tests.test_workspaces.TestWorkspaces object at 0x7f279c6013d0>\nsecret_data = {'email': '', 'password': ''}\n\n    @pytest.fixture(autouse=True)\n    def setup_method_fixture(self, secret_data: dict):\n>       login(secret_data, self.about_page, self.login_page)\n\ntests/test_workspaces.py:23: \n_ _ _ _ _ _ _ _ _ _ _ _ _ _ _ _ _ _ _ _ _ _ _ _ _ _ _ _ _ _ _ _ _ _ _ _ _ _ _ _ \ntests/test_workspaces.py:13: in login\n    about_page.click_login_link()\npages/about_page.py:20: in click_login_link\n    self.click(self.LOGIN_LINK)\npages/base_page.py:38: in click\n    el: WebElement = self.wait.until(\n_ _ _ _ _ _ _ _ _ _ _ _ _ _ _ _ _ _ _ _ _ _ _ _ _ _ _ _ _ _ _ _ _ _ _ _ _ _ _ _ \n\nself = <selenium.webdriver.support.wait.WebDriverWait (session=\"f515cf197741ba0f2db3e5e3b3746655\")>\nmethod = <function element_to_be_clickable.<locals>._predicate at 0x7f279c4db920>\nmessage = ''\n\n    def until(self, method, message: str = \"\"):\n        \"\"\"Calls the method provided with the driver as an argument until the \\\n        return value does not evaluate to ``False``.\n    \n        :param method: callable(WebDriver)\n        :param message: optional message for :exc:`TimeoutException`\n        :returns: the result of the last call to `method`\n        :raises: :exc:`selenium.common.exceptions.TimeoutException` if timeout occurs\n        \"\"\"\n        screen = None\n        stacktrace = None\n    \n        end_time = time.monotonic() + self._timeout\n        while True:\n            try:\n                value = method(self._driver)\n                if value:\n                    return value\n            except self._ignored_exceptions as exc:\n                screen = getattr(exc, \"screen\", None)\n                stacktrace = getattr(exc, \"stacktrace\", None)\n            time.sleep(self._poll)\n            if time.monotonic() > end_time:\n                break\n>       raise TimeoutException(message, screen, stacktrace)\nE       selenium.common.exceptions.TimeoutException: Message: \nE       Stacktrace:\nE       #0 0x55ca8f854303 <unknown>\nE       #1 0x55ca8f5392b7 <unknown>\nE       #2 0x55ca8f584cc0 <unknown>\nE       #3 0x55ca8f584db1 <unknown>\nE       #4 0x55ca8f5c8b44 <unknown>\nE       #5 0x55ca8f5a73ad <unknown>\nE       #6 0x55ca8f5c607c <unknown>\nE       #7 0x55ca8f5a7123 <unknown>\nE       #8 0x55ca8f577095 <unknown>\nE       #9 0x55ca8f57809e <unknown>\nE       #10 0x55ca8f8186ab <unknown>\nE       #11 0x55ca8f81c4ba <unknown>\nE       #12 0x55ca8f804f85 <unknown>\nE       #13 0x55ca8f81d12f <unknown>\nE       #14 0x55ca8f7e8e6f <unknown>\nE       #15 0x55ca8f8415f8 <unknown>\nE       #16 0x55ca8f8417c2 <unknown>\nE       #17 0x55ca8f8534a4 <unknown>\nE       #18 0x7fcf51a94ac3 <unknown>\n\n.venv/lib/python3.11/site-packages/selenium/webdriver/support/wait.py:95: TimeoutException","flaky":false,"newFailed":false,"newBroken":false,"newPassed":false,"retriesCount":0,"retriesStatusChange":false,"beforeStages":[{"name":"_verify_url","time":{"start":1708563568731,"stop":1708563568731,"duration":0},"status":"passed","steps":[],"attachments":[],"parameters":[],"shouldDisplayMessage":false,"stepsCount":0,"attachmentsCount":0,"hasContent":false,"attachmentStep":false},{"name":"secret_data","time":{"start":1708563568731,"stop":1708563568731,"duration":0},"status":"passed","steps":[],"attachments":[],"parameters":[],"shouldDisplayMessage":false,"stepsCount":0,"attachmentsCount":0,"hasContent":false,"attachmentStep":false},{"name":"json_data","time":{"start":1708563568731,"stop":1708563568732,"duration":1},"status":"passed","steps":[],"attachments":[],"parameters":[],"shouldDisplayMessage":false,"stepsCount":0,"attachmentsCount":0,"hasContent":false,"attachmentStep":false},{"name":"base_url","time":{"start":1708563568731,"stop":1708563568731,"duration":0},"status":"passed","steps":[],"attachments":[],"parameters":[],"shouldDisplayMessage":false,"stepsCount":0,"attachmentsCount":0,"hasContent":false,"attachmentStep":false},{"name":"setup_method_fixture","time":{"start":1708563683159,"stop":1708563693426,"duration":10267},"status":"broken","statusMessage":"selenium.common.exceptions.TimeoutException: Message: \nStacktrace:\n#0 0x55ca8f854303 <unknown>\n#1 0x55ca8f5392b7 <unknown>\n#2 0x55ca8f584cc0 <unknown>\n#3 0x55ca8f584db1 <unknown>\n#4 0x55ca8f5c8b44 <unknown>\n#5 0x55ca8f5a73ad <unknown>\n#6 0x55ca8f5c607c <unknown>\n#7 0x55ca8f5a7123 <unknown>\n#8 0x55ca8f577095 <unknown>\n#9 0x55ca8f57809e <unknown>\n#10 0x55ca8f8186ab <unknown>\n#11 0x55ca8f81c4ba <unknown>\n#12 0x55ca8f804f85 <unknown>\n#13 0x55ca8f81d12f <unknown>\n#14 0x55ca8f7e8e6f <unknown>\n#15 0x55ca8f8415f8 <unknown>\n#16 0x55ca8f8417c2 <unknown>\n#17 0x55ca8f8534a4 <unknown>\n#18 0x7fcf51a94ac3 <unknown>\n\n","statusTrace":"  File \"/home/runner/work/kisangateway-test/kisangateway-test/.venv/lib/python3.11/site-packages/pluggy/_callers.py\", line 80, in _multicall\n    res = hook_impl.function(*args)\n          ^^^^^^^^^^^^^^^^^^^^^^^^^\n  File \"/home/runner/work/kisangateway-test/kisangateway-test/.venv/lib/python3.11/site-packages/_pytest/fixtures.py\", line 1123, in pytest_fixture_setup\n    result = call_fixture_func(fixturefunc, request, kwargs)\n             ^^^^^^^^^^^^^^^^^^^^^^^^^^^^^^^^^^^^^^^^^^^^^^^\n  File \"/home/runner/work/kisangateway-test/kisangateway-test/.venv/lib/python3.11/site-packages/_pytest/fixtures.py\", line 902, in call_fixture_func\n    fixture_result = fixturefunc(**kwargs)\n                     ^^^^^^^^^^^^^^^^^^^^^\n  File \"/home/runner/work/kisangateway-test/kisangateway-test/tests/test_workspaces.py\", line 23, in setup_method_fixture\n    login(secret_data, self.about_page, self.login_page)\n  File \"/home/runner/work/kisangateway-test/kisangateway-test/tests/test_workspaces.py\", line 13, in login\n    about_page.click_login_link()\n  File \"/home/runner/work/kisangateway-test/kisangateway-test/.venv/lib/python3.11/site-packages/allure_commons/_allure.py\", line 192, in impl\n    return func(*a, **kw)\n           ^^^^^^^^^^^^^^\n  File \"/home/runner/work/kisangateway-test/kisangateway-test/pages/about_page.py\", line 20, in click_login_link\n    self.click(self.LOGIN_LINK)\n  File \"/home/runner/work/kisangateway-test/kisangateway-test/pages/base_page.py\", line 38, in click\n    el: WebElement = self.wait.until(\n                     ^^^^^^^^^^^^^^^^\n  File \"/home/runner/work/kisangateway-test/kisangateway-test/.venv/lib/python3.11/site-packages/selenium/webdriver/support/wait.py\", line 95, in until\n    raise TimeoutException(message, screen, stacktrace)\n","steps":[{"name":"Click Login link","time":{"start":1708563683159,"stop":1708563693425,"duration":10266},"status":"broken","statusMessage":"selenium.common.exceptions.TimeoutException: Message: \nStacktrace:\n#0 0x55ca8f854303 <unknown>\n#1 0x55ca8f5392b7 <unknown>\n#2 0x55ca8f584cc0 <unknown>\n#3 0x55ca8f584db1 <unknown>\n#4 0x55ca8f5c8b44 <unknown>\n#5 0x55ca8f5a73ad <unknown>\n#6 0x55ca8f5c607c <unknown>\n#7 0x55ca8f5a7123 <unknown>\n#8 0x55ca8f577095 <unknown>\n#9 0x55ca8f57809e <unknown>\n#10 0x55ca8f8186ab <unknown>\n#11 0x55ca8f81c4ba <unknown>\n#12 0x55ca8f804f85 <unknown>\n#13 0x55ca8f81d12f <unknown>\n#14 0x55ca8f7e8e6f <unknown>\n#15 0x55ca8f8415f8 <unknown>\n#16 0x55ca8f8417c2 <unknown>\n#17 0x55ca8f8534a4 <unknown>\n#18 0x7fcf51a94ac3 <unknown>\n\n","statusTrace":"  File \"/home/runner/work/kisangateway-test/kisangateway-test/.venv/lib/python3.11/site-packages/allure_commons/_allure.py\", line 192, in impl\n    return func(*a, **kw)\n           ^^^^^^^^^^^^^^\n  File \"/home/runner/work/kisangateway-test/kisangateway-test/pages/about_page.py\", line 20, in click_login_link\n    self.click(self.LOGIN_LINK)\n  File \"/home/runner/work/kisangateway-test/kisangateway-test/pages/base_page.py\", line 38, in click\n    el: WebElement = self.wait.until(\n                     ^^^^^^^^^^^^^^^^\n  File \"/home/runner/work/kisangateway-test/kisangateway-test/.venv/lib/python3.11/site-packages/selenium/webdriver/support/wait.py\", line 95, in until\n    raise TimeoutException(message, screen, stacktrace)\n","steps":[],"attachments":[],"parameters":[],"shouldDisplayMessage":true,"stepsCount":0,"attachmentsCount":0,"hasContent":true,"attachmentStep":false}],"attachments":[],"parameters":[],"shouldDisplayMessage":false,"stepsCount":1,"attachmentsCount":0,"hasContent":true,"attachmentStep":false}],"testStage":{"description":"Search for an existing project","status":"broken","statusMessage":"selenium.common.exceptions.TimeoutException: Message: \nStacktrace:\n#0 0x55ca8f854303 <unknown>\n#1 0x55ca8f5392b7 <unknown>\n#2 0x55ca8f584cc0 <unknown>\n#3 0x55ca8f584db1 <unknown>\n#4 0x55ca8f5c8b44 <unknown>\n#5 0x55ca8f5a73ad <unknown>\n#6 0x55ca8f5c607c <unknown>\n#7 0x55ca8f5a7123 <unknown>\n#8 0x55ca8f577095 <unknown>\n#9 0x55ca8f57809e <unknown>\n#10 0x55ca8f8186ab <unknown>\n#11 0x55ca8f81c4ba <unknown>\n#12 0x55ca8f804f85 <unknown>\n#13 0x55ca8f81d12f <unknown>\n#14 0x55ca8f7e8e6f <unknown>\n#15 0x55ca8f8415f8 <unknown>\n#16 0x55ca8f8417c2 <unknown>\n#17 0x55ca8f8534a4 <unknown>\n#18 0x7fcf51a94ac3 <unknown>","statusTrace":"self = <tests.test_workspaces.TestWorkspaces object at 0x7f279c6013d0>\nsecret_data = {'email': '', 'password': ''}\n\n    @pytest.fixture(autouse=True)\n    def setup_method_fixture(self, secret_data: dict):\n>       login(secret_data, self.about_page, self.login_page)\n\ntests/test_workspaces.py:23: \n_ _ _ _ _ _ _ _ _ _ _ _ _ _ _ _ _ _ _ _ _ _ _ _ _ _ _ _ _ _ _ _ _ _ _ _ _ _ _ _ \ntests/test_workspaces.py:13: in login\n    about_page.click_login_link()\npages/about_page.py:20: in click_login_link\n    self.click(self.LOGIN_LINK)\npages/base_page.py:38: in click\n    el: WebElement = self.wait.until(\n_ _ _ _ _ _ _ _ _ _ _ _ _ _ _ _ _ _ _ _ _ _ _ _ _ _ _ _ _ _ _ _ _ _ _ _ _ _ _ _ \n\nself = <selenium.webdriver.support.wait.WebDriverWait (session=\"f515cf197741ba0f2db3e5e3b3746655\")>\nmethod = <function element_to_be_clickable.<locals>._predicate at 0x7f279c4db920>\nmessage = ''\n\n    def until(self, method, message: str = \"\"):\n        \"\"\"Calls the method provided with the driver as an argument until the \\\n        return value does not evaluate to ``False``.\n    \n        :param method: callable(WebDriver)\n        :param message: optional message for :exc:`TimeoutException`\n        :returns: the result of the last call to `method`\n        :raises: :exc:`selenium.common.exceptions.TimeoutException` if timeout occurs\n        \"\"\"\n        screen = None\n        stacktrace = None\n    \n        end_time = time.monotonic() + self._timeout\n        while True:\n            try:\n                value = method(self._driver)\n                if value:\n                    return value\n            except self._ignored_exceptions as exc:\n                screen = getattr(exc, \"screen\", None)\n                stacktrace = getattr(exc, \"stacktrace\", None)\n            time.sleep(self._poll)\n            if time.monotonic() > end_time:\n                break\n>       raise TimeoutException(message, screen, stacktrace)\nE       selenium.common.exceptions.TimeoutException: Message: \nE       Stacktrace:\nE       #0 0x55ca8f854303 <unknown>\nE       #1 0x55ca8f5392b7 <unknown>\nE       #2 0x55ca8f584cc0 <unknown>\nE       #3 0x55ca8f584db1 <unknown>\nE       #4 0x55ca8f5c8b44 <unknown>\nE       #5 0x55ca8f5a73ad <unknown>\nE       #6 0x55ca8f5c607c <unknown>\nE       #7 0x55ca8f5a7123 <unknown>\nE       #8 0x55ca8f577095 <unknown>\nE       #9 0x55ca8f57809e <unknown>\nE       #10 0x55ca8f8186ab <unknown>\nE       #11 0x55ca8f81c4ba <unknown>\nE       #12 0x55ca8f804f85 <unknown>\nE       #13 0x55ca8f81d12f <unknown>\nE       #14 0x55ca8f7e8e6f <unknown>\nE       #15 0x55ca8f8415f8 <unknown>\nE       #16 0x55ca8f8417c2 <unknown>\nE       #17 0x55ca8f8534a4 <unknown>\nE       #18 0x7fcf51a94ac3 <unknown>\n\n.venv/lib/python3.11/site-packages/selenium/webdriver/support/wait.py:95: TimeoutException","steps":[],"attachments":[{"uid":"b4fcb8a4afc84d0e","name":"public ip address","source":"b4fcb8a4afc84d0e.txt","type":"text/plain","size":12},{"uid":"197a34abbcb178e7","name":"Cookies","source":"197a34abbcb178e7.json","type":"application/json","size":526},{"uid":"41016120467b194f","name":"Session Storage","source":"41016120467b194f.json","type":"application/json","size":2},{"uid":"9ba29f57e16ea19b","name":"Local Storage","source":"9ba29f57e16ea19b.json","type":"application/json","size":77},{"uid":"e6d6470920734d76","name":"Console Logs","source":"e6d6470920734d76.json","type":"application/json","size":310},{"uid":"9cfcd66cd8b0191","name":"Full Page Screenshot","source":"9cfcd66cd8b0191.png","type":"image/png","size":2476349},{"uid":"c06513930f96641","name":"URL","source":"c06513930f96641.uri","type":"text/uri-list","size":25},{"uid":"d6e0efe1cf318930","name":"Network Logs","source":"d6e0efe1cf318930.json","type":"application/json","size":1284242}],"parameters":[],"shouldDisplayMessage":true,"stepsCount":0,"attachmentsCount":8,"hasContent":true,"attachmentStep":false},"afterStages":[],"labels":[{"name":"story","value":"WorkSpaces Creation and Editing Functionality"},{"name":"severity","value":"normal"},{"name":"epic","value":"Workspaces"},{"name":"tag","value":"run(order=6)"},{"name":"parentSuite","value":"tests"},{"name":"suite","value":"test_workspaces"},{"name":"subSuite","value":"TestWorkspaces"},{"name":"host","value":"fv-az979-137"},{"name":"thread","value":"2187-MainThread"},{"name":"framework","value":"pytest"},{"name":"language","value":"cpython3"},{"name":"package","value":"tests.test_workspaces"},{"name":"resultFormat","value":"allure2"}],"parameters":[],"links":[],"hidden":false,"retry":false,"extra":{"severity":"normal","retries":[],"categories":[{"name":"Test defects","matchedStatuses":[],"flaky":false}],"tags":["run(order=6)"]},"source":"2d1f0ea57500931d.json","parameterValues":[]}