{"uid":"943cac4cc4a5292f","name":"Number of projects displayed in page test","fullName":"tests.test_workspaces.TestWorkspaces#test_number_of_existing_projects","historyId":"ff3981f856ce65274378063348b0abd4","time":{"start":1708563656518,"stop":1708563656518,"duration":0},"description":"Compare between the actual number of projects seen on page and the number shown in workspaces block","descriptionHtml":"<p>Compare between the actual number of projects seen on page and the number shown in workspaces block</p>\n","status":"broken","statusMessage":"selenium.common.exceptions.TimeoutException: Message: \nStacktrace:\n#0 0x560cc0cb9303 <unknown>\n#1 0x560cc099e2b7 <unknown>\n#2 0x560cc09e9cc0 <unknown>\n#3 0x560cc09e9db1 <unknown>\n#4 0x560cc0a2db44 <unknown>\n#5 0x560cc0a0c3ad <unknown>\n#6 0x560cc0a2b07c <unknown>\n#7 0x560cc0a0c123 <unknown>\n#8 0x560cc09dc095 <unknown>\n#9 0x560cc09dd09e <unknown>\n#10 0x560cc0c7d6ab <unknown>\n#11 0x560cc0c814ba <unknown>\n#12 0x560cc0c69f85 <unknown>\n#13 0x560cc0c8212f <unknown>\n#14 0x560cc0c4de6f <unknown>\n#15 0x560cc0ca65f8 <unknown>\n#16 0x560cc0ca67c2 <unknown>\n#17 0x560cc0cb84a4 <unknown>\n#18 0x7fcb0d494ac3 <unknown>","statusTrace":"self = <tests.test_workspaces.TestWorkspaces object at 0x7f279c600390>\nsecret_data = {'email': '', 'password': ''}\n\n    @pytest.fixture(autouse=True)\n    def setup_method_fixture(self, secret_data: dict):\n>       login(secret_data, self.about_page, self.login_page)\n\ntests/test_workspaces.py:23: \n_ _ _ _ _ _ _ _ _ _ _ _ _ _ _ _ _ _ _ _ _ _ _ _ _ _ _ _ _ _ _ _ _ _ _ _ _ _ _ _ \ntests/test_workspaces.py:13: in login\n    about_page.click_login_link()\npages/about_page.py:20: in click_login_link\n    self.click(self.LOGIN_LINK)\npages/base_page.py:38: in click\n    el: WebElement = self.wait.until(\n_ _ _ _ _ _ _ _ _ _ _ _ _ _ _ _ _ _ _ _ _ _ _ _ _ _ _ _ _ _ _ _ _ _ _ _ _ _ _ _ \n\nself = <selenium.webdriver.support.wait.WebDriverWait (session=\"1ba9519055e5e9aaae66ee9fb665cae1\")>\nmethod = <function element_to_be_clickable.<locals>._predicate at 0x7f279c4da980>\nmessage = ''\n\n    def until(self, method, message: str = \"\"):\n        \"\"\"Calls the method provided with the driver as an argument until the \\\n        return value does not evaluate to ``False``.\n    \n        :param method: callable(WebDriver)\n        :param message: optional message for :exc:`TimeoutException`\n        :returns: the result of the last call to `method`\n        :raises: :exc:`selenium.common.exceptions.TimeoutException` if timeout occurs\n        \"\"\"\n        screen = None\n        stacktrace = None\n    \n        end_time = time.monotonic() + self._timeout\n        while True:\n            try:\n                value = method(self._driver)\n                if value:\n                    return value\n            except self._ignored_exceptions as exc:\n                screen = getattr(exc, \"screen\", None)\n                stacktrace = getattr(exc, \"stacktrace\", None)\n            time.sleep(self._poll)\n            if time.monotonic() > end_time:\n                break\n>       raise TimeoutException(message, screen, stacktrace)\nE       selenium.common.exceptions.TimeoutException: Message: \nE       Stacktrace:\nE       #0 0x560cc0cb9303 <unknown>\nE       #1 0x560cc099e2b7 <unknown>\nE       #2 0x560cc09e9cc0 <unknown>\nE       #3 0x560cc09e9db1 <unknown>\nE       #4 0x560cc0a2db44 <unknown>\nE       #5 0x560cc0a0c3ad <unknown>\nE       #6 0x560cc0a2b07c <unknown>\nE       #7 0x560cc0a0c123 <unknown>\nE       #8 0x560cc09dc095 <unknown>\nE       #9 0x560cc09dd09e <unknown>\nE       #10 0x560cc0c7d6ab <unknown>\nE       #11 0x560cc0c814ba <unknown>\nE       #12 0x560cc0c69f85 <unknown>\nE       #13 0x560cc0c8212f <unknown>\nE       #14 0x560cc0c4de6f <unknown>\nE       #15 0x560cc0ca65f8 <unknown>\nE       #16 0x560cc0ca67c2 <unknown>\nE       #17 0x560cc0cb84a4 <unknown>\nE       #18 0x7fcb0d494ac3 <unknown>\n\n.venv/lib/python3.11/site-packages/selenium/webdriver/support/wait.py:95: TimeoutException","flaky":false,"newFailed":false,"newBroken":false,"newPassed":false,"retriesCount":0,"retriesStatusChange":false,"beforeStages":[{"name":"_verify_url","time":{"start":1708563568731,"stop":1708563568731,"duration":0},"status":"passed","steps":[],"attachments":[],"parameters":[],"shouldDisplayMessage":false,"stepsCount":0,"attachmentsCount":0,"hasContent":false,"attachmentStep":false},{"name":"secret_data","time":{"start":1708563568731,"stop":1708563568731,"duration":0},"status":"passed","steps":[],"attachments":[],"parameters":[],"shouldDisplayMessage":false,"stepsCount":0,"attachmentsCount":0,"hasContent":false,"attachmentStep":false},{"name":"base_url","time":{"start":1708563568731,"stop":1708563568731,"duration":0},"status":"passed","steps":[],"attachments":[],"parameters":[],"shouldDisplayMessage":false,"stepsCount":0,"attachmentsCount":0,"hasContent":false,"attachmentStep":false},{"name":"setup_method_fixture","time":{"start":1708563657688,"stop":1708563667982,"duration":10294},"status":"broken","statusMessage":"selenium.common.exceptions.TimeoutException: Message: \nStacktrace:\n#0 0x560cc0cb9303 <unknown>\n#1 0x560cc099e2b7 <unknown>\n#2 0x560cc09e9cc0 <unknown>\n#3 0x560cc09e9db1 <unknown>\n#4 0x560cc0a2db44 <unknown>\n#5 0x560cc0a0c3ad <unknown>\n#6 0x560cc0a2b07c <unknown>\n#7 0x560cc0a0c123 <unknown>\n#8 0x560cc09dc095 <unknown>\n#9 0x560cc09dd09e <unknown>\n#10 0x560cc0c7d6ab <unknown>\n#11 0x560cc0c814ba <unknown>\n#12 0x560cc0c69f85 <unknown>\n#13 0x560cc0c8212f <unknown>\n#14 0x560cc0c4de6f <unknown>\n#15 0x560cc0ca65f8 <unknown>\n#16 0x560cc0ca67c2 <unknown>\n#17 0x560cc0cb84a4 <unknown>\n#18 0x7fcb0d494ac3 <unknown>\n\n","statusTrace":"  File \"/home/runner/work/kisangateway-test/kisangateway-test/.venv/lib/python3.11/site-packages/pluggy/_callers.py\", line 80, in _multicall\n    res = hook_impl.function(*args)\n          ^^^^^^^^^^^^^^^^^^^^^^^^^\n  File \"/home/runner/work/kisangateway-test/kisangateway-test/.venv/lib/python3.11/site-packages/_pytest/fixtures.py\", line 1123, in pytest_fixture_setup\n    result = call_fixture_func(fixturefunc, request, kwargs)\n             ^^^^^^^^^^^^^^^^^^^^^^^^^^^^^^^^^^^^^^^^^^^^^^^\n  File \"/home/runner/work/kisangateway-test/kisangateway-test/.venv/lib/python3.11/site-packages/_pytest/fixtures.py\", line 902, in call_fixture_func\n    fixture_result = fixturefunc(**kwargs)\n                     ^^^^^^^^^^^^^^^^^^^^^\n  File \"/home/runner/work/kisangateway-test/kisangateway-test/tests/test_workspaces.py\", line 23, in setup_method_fixture\n    login(secret_data, self.about_page, self.login_page)\n  File \"/home/runner/work/kisangateway-test/kisangateway-test/tests/test_workspaces.py\", line 13, in login\n    about_page.click_login_link()\n  File \"/home/runner/work/kisangateway-test/kisangateway-test/.venv/lib/python3.11/site-packages/allure_commons/_allure.py\", line 192, in impl\n    return func(*a, **kw)\n           ^^^^^^^^^^^^^^\n  File \"/home/runner/work/kisangateway-test/kisangateway-test/pages/about_page.py\", line 20, in click_login_link\n    self.click(self.LOGIN_LINK)\n  File \"/home/runner/work/kisangateway-test/kisangateway-test/pages/base_page.py\", line 38, in click\n    el: WebElement = self.wait.until(\n                     ^^^^^^^^^^^^^^^^\n  File \"/home/runner/work/kisangateway-test/kisangateway-test/.venv/lib/python3.11/site-packages/selenium/webdriver/support/wait.py\", line 95, in until\n    raise TimeoutException(message, screen, stacktrace)\n","steps":[{"name":"Click Login link","time":{"start":1708563657689,"stop":1708563667982,"duration":10293},"status":"broken","statusMessage":"selenium.common.exceptions.TimeoutException: Message: \nStacktrace:\n#0 0x560cc0cb9303 <unknown>\n#1 0x560cc099e2b7 <unknown>\n#2 0x560cc09e9cc0 <unknown>\n#3 0x560cc09e9db1 <unknown>\n#4 0x560cc0a2db44 <unknown>\n#5 0x560cc0a0c3ad <unknown>\n#6 0x560cc0a2b07c <unknown>\n#7 0x560cc0a0c123 <unknown>\n#8 0x560cc09dc095 <unknown>\n#9 0x560cc09dd09e <unknown>\n#10 0x560cc0c7d6ab <unknown>\n#11 0x560cc0c814ba <unknown>\n#12 0x560cc0c69f85 <unknown>\n#13 0x560cc0c8212f <unknown>\n#14 0x560cc0c4de6f <unknown>\n#15 0x560cc0ca65f8 <unknown>\n#16 0x560cc0ca67c2 <unknown>\n#17 0x560cc0cb84a4 <unknown>\n#18 0x7fcb0d494ac3 <unknown>\n\n","statusTrace":"  File \"/home/runner/work/kisangateway-test/kisangateway-test/.venv/lib/python3.11/site-packages/allure_commons/_allure.py\", line 192, in impl\n    return func(*a, **kw)\n           ^^^^^^^^^^^^^^\n  File \"/home/runner/work/kisangateway-test/kisangateway-test/pages/about_page.py\", line 20, in click_login_link\n    self.click(self.LOGIN_LINK)\n  File \"/home/runner/work/kisangateway-test/kisangateway-test/pages/base_page.py\", line 38, in click\n    el: WebElement = self.wait.until(\n                     ^^^^^^^^^^^^^^^^\n  File \"/home/runner/work/kisangateway-test/kisangateway-test/.venv/lib/python3.11/site-packages/selenium/webdriver/support/wait.py\", line 95, in until\n    raise TimeoutException(message, screen, stacktrace)\n","steps":[],"attachments":[],"parameters":[],"shouldDisplayMessage":true,"stepsCount":0,"attachmentsCount":0,"hasContent":true,"attachmentStep":false}],"attachments":[],"parameters":[],"shouldDisplayMessage":false,"stepsCount":1,"attachmentsCount":0,"hasContent":true,"attachmentStep":false}],"testStage":{"description":"Compare between the actual number of projects seen on page and the number shown in workspaces block","status":"broken","statusMessage":"selenium.common.exceptions.TimeoutException: Message: \nStacktrace:\n#0 0x560cc0cb9303 <unknown>\n#1 0x560cc099e2b7 <unknown>\n#2 0x560cc09e9cc0 <unknown>\n#3 0x560cc09e9db1 <unknown>\n#4 0x560cc0a2db44 <unknown>\n#5 0x560cc0a0c3ad <unknown>\n#6 0x560cc0a2b07c <unknown>\n#7 0x560cc0a0c123 <unknown>\n#8 0x560cc09dc095 <unknown>\n#9 0x560cc09dd09e <unknown>\n#10 0x560cc0c7d6ab <unknown>\n#11 0x560cc0c814ba <unknown>\n#12 0x560cc0c69f85 <unknown>\n#13 0x560cc0c8212f <unknown>\n#14 0x560cc0c4de6f <unknown>\n#15 0x560cc0ca65f8 <unknown>\n#16 0x560cc0ca67c2 <unknown>\n#17 0x560cc0cb84a4 <unknown>\n#18 0x7fcb0d494ac3 <unknown>","statusTrace":"self = <tests.test_workspaces.TestWorkspaces object at 0x7f279c600390>\nsecret_data = {'email': '', 'password': ''}\n\n    @pytest.fixture(autouse=True)\n    def setup_method_fixture(self, secret_data: dict):\n>       login(secret_data, self.about_page, self.login_page)\n\ntests/test_workspaces.py:23: \n_ _ _ _ _ _ _ _ _ _ _ _ _ _ _ _ _ _ _ _ _ _ _ _ _ _ _ _ _ _ _ _ _ _ _ _ _ _ _ _ \ntests/test_workspaces.py:13: in login\n    about_page.click_login_link()\npages/about_page.py:20: in click_login_link\n    self.click(self.LOGIN_LINK)\npages/base_page.py:38: in click\n    el: WebElement = self.wait.until(\n_ _ _ _ _ _ _ _ _ _ _ _ _ _ _ _ _ _ _ _ _ _ _ _ _ _ _ _ _ _ _ _ _ _ _ _ _ _ _ _ \n\nself = <selenium.webdriver.support.wait.WebDriverWait (session=\"1ba9519055e5e9aaae66ee9fb665cae1\")>\nmethod = <function element_to_be_clickable.<locals>._predicate at 0x7f279c4da980>\nmessage = ''\n\n    def until(self, method, message: str = \"\"):\n        \"\"\"Calls the method provided with the driver as an argument until the \\\n        return value does not evaluate to ``False``.\n    \n        :param method: callable(WebDriver)\n        :param message: optional message for :exc:`TimeoutException`\n        :returns: the result of the last call to `method`\n        :raises: :exc:`selenium.common.exceptions.TimeoutException` if timeout occurs\n        \"\"\"\n        screen = None\n        stacktrace = None\n    \n        end_time = time.monotonic() + self._timeout\n        while True:\n            try:\n                value = method(self._driver)\n                if value:\n                    return value\n            except self._ignored_exceptions as exc:\n                screen = getattr(exc, \"screen\", None)\n                stacktrace = getattr(exc, \"stacktrace\", None)\n            time.sleep(self._poll)\n            if time.monotonic() > end_time:\n                break\n>       raise TimeoutException(message, screen, stacktrace)\nE       selenium.common.exceptions.TimeoutException: Message: \nE       Stacktrace:\nE       #0 0x560cc0cb9303 <unknown>\nE       #1 0x560cc099e2b7 <unknown>\nE       #2 0x560cc09e9cc0 <unknown>\nE       #3 0x560cc09e9db1 <unknown>\nE       #4 0x560cc0a2db44 <unknown>\nE       #5 0x560cc0a0c3ad <unknown>\nE       #6 0x560cc0a2b07c <unknown>\nE       #7 0x560cc0a0c123 <unknown>\nE       #8 0x560cc09dc095 <unknown>\nE       #9 0x560cc09dd09e <unknown>\nE       #10 0x560cc0c7d6ab <unknown>\nE       #11 0x560cc0c814ba <unknown>\nE       #12 0x560cc0c69f85 <unknown>\nE       #13 0x560cc0c8212f <unknown>\nE       #14 0x560cc0c4de6f <unknown>\nE       #15 0x560cc0ca65f8 <unknown>\nE       #16 0x560cc0ca67c2 <unknown>\nE       #17 0x560cc0cb84a4 <unknown>\nE       #18 0x7fcb0d494ac3 <unknown>\n\n.venv/lib/python3.11/site-packages/selenium/webdriver/support/wait.py:95: TimeoutException","steps":[],"attachments":[{"uid":"a87a91e785699488","name":"public ip address","source":"a87a91e785699488.txt","type":"text/plain","size":12},{"uid":"d8c84f39166ff86c","name":"Cookies","source":"d8c84f39166ff86c.json","type":"application/json","size":526},{"uid":"c947f4d2da052843","name":"Session Storage","source":"c947f4d2da052843.json","type":"application/json","size":2},{"uid":"d4c18226643e4e27","name":"Local Storage","source":"d4c18226643e4e27.json","type":"application/json","size":77},{"uid":"79485f3b3e46a71d","name":"Console Logs","source":"79485f3b3e46a71d.json","type":"application/json","size":310},{"uid":"ce73c6fc503528b3","name":"Full Page Screenshot","source":"ce73c6fc503528b3.png","type":"image/png","size":2476349},{"uid":"6e3f24d62323eef9","name":"URL","source":"6e3f24d62323eef9.uri","type":"text/uri-list","size":25},{"uid":"f20593b170dd591f","name":"Network Logs","source":"f20593b170dd591f.json","type":"application/json","size":1284236}],"parameters":[],"shouldDisplayMessage":true,"stepsCount":0,"attachmentsCount":8,"hasContent":true,"attachmentStep":false},"afterStages":[],"labels":[{"name":"story","value":"WorkSpaces Creation and Editing Functionality"},{"name":"severity","value":"normal"},{"name":"epic","value":"Workspaces"},{"name":"tag","value":"run(order=4)"},{"name":"parentSuite","value":"tests"},{"name":"suite","value":"test_workspaces"},{"name":"subSuite","value":"TestWorkspaces"},{"name":"host","value":"fv-az979-137"},{"name":"thread","value":"2187-MainThread"},{"name":"framework","value":"pytest"},{"name":"language","value":"cpython3"},{"name":"package","value":"tests.test_workspaces"},{"name":"resultFormat","value":"allure2"}],"parameters":[],"links":[],"hidden":false,"retry":false,"extra":{"severity":"normal","retries":[],"categories":[{"name":"Test defects","matchedStatuses":[],"flaky":false}],"tags":["run(order=4)"]},"source":"943cac4cc4a5292f.json","parameterValues":[]}