{"uid":"e2c2663eda89631","name":"Forgot Password with invalid email test","fullName":"tests.test_forgot_password.TestForgotPassword#test_invalid_email","historyId":"3743e16c5d15da2a1434ee4e2dd39a43","time":{"start":1708563746465,"stop":1708563756751,"duration":10286},"description":"Forgot Password with invalid email address","descriptionHtml":"<p>Forgot Password with invalid email address</p>\n","status":"broken","statusMessage":"selenium.common.exceptions.TimeoutException: Message: \nStacktrace:\n#0 0x55f7f9b99303 <unknown>\n#1 0x55f7f987e2b7 <unknown>\n#2 0x55f7f98c9cc0 <unknown>\n#3 0x55f7f98c9db1 <unknown>\n#4 0x55f7f990db44 <unknown>\n#5 0x55f7f98ec3ad <unknown>\n#6 0x55f7f990b07c <unknown>\n#7 0x55f7f98ec123 <unknown>\n#8 0x55f7f98bc095 <unknown>\n#9 0x55f7f98bd09e <unknown>\n#10 0x55f7f9b5d6ab <unknown>\n#11 0x55f7f9b614ba <unknown>\n#12 0x55f7f9b49f85 <unknown>\n#13 0x55f7f9b6212f <unknown>\n#14 0x55f7f9b2de6f <unknown>\n#15 0x55f7f9b865f8 <unknown>\n#16 0x55f7f9b867c2 <unknown>\n#17 0x55f7f9b984a4 <unknown>\n#18 0x7f897e694ac3 <unknown>","statusTrace":"self = <tests.test_forgot_password.TestForgotPassword object at 0x7f279c455f50>\nexcel_reader = <utils.excel_parser.ExcelParser object at 0x7f279c42e150>\njson_data = {'forgot_password': {'error_message': \"We can't find a user with that e-mail address.\", 'success_message': 'A reset li...you page', 'name': 'test', 'new_name': 'another test', 'no_project_found_msg': 'No project matches the criteria', ...}}\n\n    @allure.description(\"Forgot Password with invalid email address\")\n    @allure.title(\"Forgot Password with invalid email test\")\n    def test_invalid_email(self, excel_reader, json_data: dict):\n        emails = excel_reader.read_from_excel(\"Emails\")\n>       self.about_page.click_login_link()\n\ntests/test_forgot_password.py:31: \n_ _ _ _ _ _ _ _ _ _ _ _ _ _ _ _ _ _ _ _ _ _ _ _ _ _ _ _ _ _ _ _ _ _ _ _ _ _ _ _ \npages/about_page.py:20: in click_login_link\n    self.click(self.LOGIN_LINK)\npages/base_page.py:38: in click\n    el: WebElement = self.wait.until(\n_ _ _ _ _ _ _ _ _ _ _ _ _ _ _ _ _ _ _ _ _ _ _ _ _ _ _ _ _ _ _ _ _ _ _ _ _ _ _ _ \n\nself = <selenium.webdriver.support.wait.WebDriverWait (session=\"4d6f7b1469d222eadb0f1b052e1e3986\")>\nmethod = <function element_to_be_clickable.<locals>._predicate at 0x7f279c3ea020>\nmessage = ''\n\n    def until(self, method, message: str = \"\"):\n        \"\"\"Calls the method provided with the driver as an argument until the \\\n        return value does not evaluate to ``False``.\n    \n        :param method: callable(WebDriver)\n        :param message: optional message for :exc:`TimeoutException`\n        :returns: the result of the last call to `method`\n        :raises: :exc:`selenium.common.exceptions.TimeoutException` if timeout occurs\n        \"\"\"\n        screen = None\n        stacktrace = None\n    \n        end_time = time.monotonic() + self._timeout\n        while True:\n            try:\n                value = method(self._driver)\n                if value:\n                    return value\n            except self._ignored_exceptions as exc:\n                screen = getattr(exc, \"screen\", None)\n                stacktrace = getattr(exc, \"stacktrace\", None)\n            time.sleep(self._poll)\n            if time.monotonic() > end_time:\n                break\n>       raise TimeoutException(message, screen, stacktrace)\nE       selenium.common.exceptions.TimeoutException: Message: \nE       Stacktrace:\nE       #0 0x55f7f9b99303 <unknown>\nE       #1 0x55f7f987e2b7 <unknown>\nE       #2 0x55f7f98c9cc0 <unknown>\nE       #3 0x55f7f98c9db1 <unknown>\nE       #4 0x55f7f990db44 <unknown>\nE       #5 0x55f7f98ec3ad <unknown>\nE       #6 0x55f7f990b07c <unknown>\nE       #7 0x55f7f98ec123 <unknown>\nE       #8 0x55f7f98bc095 <unknown>\nE       #9 0x55f7f98bd09e <unknown>\nE       #10 0x55f7f9b5d6ab <unknown>\nE       #11 0x55f7f9b614ba <unknown>\nE       #12 0x55f7f9b49f85 <unknown>\nE       #13 0x55f7f9b6212f <unknown>\nE       #14 0x55f7f9b2de6f <unknown>\nE       #15 0x55f7f9b865f8 <unknown>\nE       #16 0x55f7f9b867c2 <unknown>\nE       #17 0x55f7f9b984a4 <unknown>\nE       #18 0x7f897e694ac3 <unknown>\n\n.venv/lib/python3.11/site-packages/selenium/webdriver/support/wait.py:95: TimeoutException","flaky":false,"newFailed":false,"newBroken":false,"newPassed":false,"retriesCount":0,"retriesStatusChange":false,"beforeStages":[{"name":"_verify_url","time":{"start":1708563568731,"stop":1708563568731,"duration":0},"status":"passed","steps":[],"attachments":[],"parameters":[],"shouldDisplayMessage":false,"stepsCount":0,"attachmentsCount":0,"hasContent":false,"attachmentStep":false},{"name":"json_data","time":{"start":1708563568731,"stop":1708563568732,"duration":1},"status":"passed","steps":[],"attachments":[],"parameters":[],"shouldDisplayMessage":false,"stepsCount":0,"attachmentsCount":0,"hasContent":false,"attachmentStep":false},{"name":"base_url","time":{"start":1708563568731,"stop":1708563568731,"duration":0},"status":"passed","steps":[],"attachments":[],"parameters":[],"shouldDisplayMessage":false,"stepsCount":0,"attachmentsCount":0,"hasContent":false,"attachmentStep":false},{"name":"excel_reader","time":{"start":1708563746465,"stop":1708563746465,"duration":0},"status":"passed","steps":[],"attachments":[],"parameters":[],"shouldDisplayMessage":false,"stepsCount":0,"attachmentsCount":0,"hasContent":false,"attachmentStep":false}],"testStage":{"description":"Forgot Password with invalid email address","status":"broken","statusMessage":"selenium.common.exceptions.TimeoutException: Message: \nStacktrace:\n#0 0x55f7f9b99303 <unknown>\n#1 0x55f7f987e2b7 <unknown>\n#2 0x55f7f98c9cc0 <unknown>\n#3 0x55f7f98c9db1 <unknown>\n#4 0x55f7f990db44 <unknown>\n#5 0x55f7f98ec3ad <unknown>\n#6 0x55f7f990b07c <unknown>\n#7 0x55f7f98ec123 <unknown>\n#8 0x55f7f98bc095 <unknown>\n#9 0x55f7f98bd09e <unknown>\n#10 0x55f7f9b5d6ab <unknown>\n#11 0x55f7f9b614ba <unknown>\n#12 0x55f7f9b49f85 <unknown>\n#13 0x55f7f9b6212f <unknown>\n#14 0x55f7f9b2de6f <unknown>\n#15 0x55f7f9b865f8 <unknown>\n#16 0x55f7f9b867c2 <unknown>\n#17 0x55f7f9b984a4 <unknown>\n#18 0x7f897e694ac3 <unknown>","statusTrace":"self = <tests.test_forgot_password.TestForgotPassword object at 0x7f279c455f50>\nexcel_reader = <utils.excel_parser.ExcelParser object at 0x7f279c42e150>\njson_data = {'forgot_password': {'error_message': \"We can't find a user with that e-mail address.\", 'success_message': 'A reset li...you page', 'name': 'test', 'new_name': 'another test', 'no_project_found_msg': 'No project matches the criteria', ...}}\n\n    @allure.description(\"Forgot Password with invalid email address\")\n    @allure.title(\"Forgot Password with invalid email test\")\n    def test_invalid_email(self, excel_reader, json_data: dict):\n        emails = excel_reader.read_from_excel(\"Emails\")\n>       self.about_page.click_login_link()\n\ntests/test_forgot_password.py:31: \n_ _ _ _ _ _ _ _ _ _ _ _ _ _ _ _ _ _ _ _ _ _ _ _ _ _ _ _ _ _ _ _ _ _ _ _ _ _ _ _ \npages/about_page.py:20: in click_login_link\n    self.click(self.LOGIN_LINK)\npages/base_page.py:38: in click\n    el: WebElement = self.wait.until(\n_ _ _ _ _ _ _ _ _ _ _ _ _ _ _ _ _ _ _ _ _ _ _ _ _ _ _ _ _ _ _ _ _ _ _ _ _ _ _ _ \n\nself = <selenium.webdriver.support.wait.WebDriverWait (session=\"4d6f7b1469d222eadb0f1b052e1e3986\")>\nmethod = <function element_to_be_clickable.<locals>._predicate at 0x7f279c3ea020>\nmessage = ''\n\n    def until(self, method, message: str = \"\"):\n        \"\"\"Calls the method provided with the driver as an argument until the \\\n        return value does not evaluate to ``False``.\n    \n        :param method: callable(WebDriver)\n        :param message: optional message for :exc:`TimeoutException`\n        :returns: the result of the last call to `method`\n        :raises: :exc:`selenium.common.exceptions.TimeoutException` if timeout occurs\n        \"\"\"\n        screen = None\n        stacktrace = None\n    \n        end_time = time.monotonic() + self._timeout\n        while True:\n            try:\n                value = method(self._driver)\n                if value:\n                    return value\n            except self._ignored_exceptions as exc:\n                screen = getattr(exc, \"screen\", None)\n                stacktrace = getattr(exc, \"stacktrace\", None)\n            time.sleep(self._poll)\n            if time.monotonic() > end_time:\n                break\n>       raise TimeoutException(message, screen, stacktrace)\nE       selenium.common.exceptions.TimeoutException: Message: \nE       Stacktrace:\nE       #0 0x55f7f9b99303 <unknown>\nE       #1 0x55f7f987e2b7 <unknown>\nE       #2 0x55f7f98c9cc0 <unknown>\nE       #3 0x55f7f98c9db1 <unknown>\nE       #4 0x55f7f990db44 <unknown>\nE       #5 0x55f7f98ec3ad <unknown>\nE       #6 0x55f7f990b07c <unknown>\nE       #7 0x55f7f98ec123 <unknown>\nE       #8 0x55f7f98bc095 <unknown>\nE       #9 0x55f7f98bd09e <unknown>\nE       #10 0x55f7f9b5d6ab <unknown>\nE       #11 0x55f7f9b614ba <unknown>\nE       #12 0x55f7f9b49f85 <unknown>\nE       #13 0x55f7f9b6212f <unknown>\nE       #14 0x55f7f9b2de6f <unknown>\nE       #15 0x55f7f9b865f8 <unknown>\nE       #16 0x55f7f9b867c2 <unknown>\nE       #17 0x55f7f9b984a4 <unknown>\nE       #18 0x7f897e694ac3 <unknown>\n\n.venv/lib/python3.11/site-packages/selenium/webdriver/support/wait.py:95: TimeoutException","steps":[{"name":"Click Login link","time":{"start":1708563746483,"stop":1708563756751,"duration":10268},"status":"broken","statusMessage":"selenium.common.exceptions.TimeoutException: Message: \nStacktrace:\n#0 0x55f7f9b99303 <unknown>\n#1 0x55f7f987e2b7 <unknown>\n#2 0x55f7f98c9cc0 <unknown>\n#3 0x55f7f98c9db1 <unknown>\n#4 0x55f7f990db44 <unknown>\n#5 0x55f7f98ec3ad <unknown>\n#6 0x55f7f990b07c <unknown>\n#7 0x55f7f98ec123 <unknown>\n#8 0x55f7f98bc095 <unknown>\n#9 0x55f7f98bd09e <unknown>\n#10 0x55f7f9b5d6ab <unknown>\n#11 0x55f7f9b614ba <unknown>\n#12 0x55f7f9b49f85 <unknown>\n#13 0x55f7f9b6212f <unknown>\n#14 0x55f7f9b2de6f <unknown>\n#15 0x55f7f9b865f8 <unknown>\n#16 0x55f7f9b867c2 <unknown>\n#17 0x55f7f9b984a4 <unknown>\n#18 0x7f897e694ac3 <unknown>\n\n","statusTrace":"  File \"/home/runner/work/kisangateway-test/kisangateway-test/.venv/lib/python3.11/site-packages/allure_commons/_allure.py\", line 192, in impl\n    return func(*a, **kw)\n           ^^^^^^^^^^^^^^\n  File \"/home/runner/work/kisangateway-test/kisangateway-test/pages/about_page.py\", line 20, in click_login_link\n    self.click(self.LOGIN_LINK)\n  File \"/home/runner/work/kisangateway-test/kisangateway-test/pages/base_page.py\", line 38, in click\n    el: WebElement = self.wait.until(\n                     ^^^^^^^^^^^^^^^^\n  File \"/home/runner/work/kisangateway-test/kisangateway-test/.venv/lib/python3.11/site-packages/selenium/webdriver/support/wait.py\", line 95, in until\n    raise TimeoutException(message, screen, stacktrace)\n","steps":[],"attachments":[],"parameters":[],"shouldDisplayMessage":true,"stepsCount":0,"attachmentsCount":0,"hasContent":true,"attachmentStep":false}],"attachments":[{"uid":"2900147d3d0bd9b5","name":"public ip address","source":"2900147d3d0bd9b5.txt","type":"text/plain","size":12},{"uid":"44ee380d1fcb10f0","name":"Cookies","source":"44ee380d1fcb10f0.json","type":"application/json","size":526},{"uid":"56d6eefc4ee5d8d7","name":"Session Storage","source":"56d6eefc4ee5d8d7.json","type":"application/json","size":2},{"uid":"c0efd308b0bae47b","name":"Local Storage","source":"c0efd308b0bae47b.json","type":"application/json","size":77},{"uid":"b8843d4696dcc99b","name":"Console Logs","source":"b8843d4696dcc99b.json","type":"application/json","size":310},{"uid":"50076ed8e904ad2d","name":"Full Page Screenshot","source":"50076ed8e904ad2d.png","type":"image/png","size":2476349},{"uid":"8fe9bf6dd981b77b","name":"URL","source":"8fe9bf6dd981b77b.uri","type":"text/uri-list","size":25},{"uid":"6218804a9a70a6f1","name":"Network Logs","source":"6218804a9a70a6f1.json","type":"application/json","size":1284237}],"parameters":[],"shouldDisplayMessage":true,"stepsCount":1,"attachmentsCount":8,"hasContent":true,"attachmentStep":false},"afterStages":[],"labels":[{"name":"epic","value":"Security"},{"name":"subSuite","value":"Custom sub suite"},{"name":"parentSuite","value":"Custom parent suite"},{"name":"story","value":"Forgot Password Feature's Functionality"},{"name":"severity","value":"critical"},{"name":"suite","value":"Custom suite"},{"name":"tag","value":"security"},{"name":"host","value":"fv-az979-137"},{"name":"thread","value":"2187-MainThread"},{"name":"framework","value":"pytest"},{"name":"language","value":"cpython3"},{"name":"package","value":"tests.test_forgot_password"},{"name":"resultFormat","value":"allure2"}],"parameters":[],"links":[],"hidden":false,"retry":false,"extra":{"severity":"critical","retries":[],"categories":[{"name":"Test defects","matchedStatuses":[],"flaky":false}],"tags":["security"]},"source":"e2c2663eda89631.json","parameterValues":[]}