{"uid":"1c1f56da3d199410","name":"Login with invalid credentials test","fullName":"tests.test_login.TestLogin#test_invalid_login","historyId":"ebd85894ef649ef37954355e1db2cb03","time":{"start":1700787815341,"stop":1700787825635,"duration":10294},"description":"invalid login","descriptionHtml":"<p>invalid login</p>\n","status":"broken","statusMessage":"selenium.common.exceptions.TimeoutException: Message: \nStacktrace:\n#0 0x55b3e6b755e3 <unknown>\n#1 0x55b3e68380b7 <unknown>\n#2 0x55b3e6885f53 <unknown>\n#3 0x55b3e6886051 <unknown>\n#4 0x55b3e68cb9c4 <unknown>\n#5 0x55b3e68acf1d <unknown>\n#6 0x55b3e68c8b3d <unknown>\n#7 0x55b3e68accc3 <unknown>\n#8 0x55b3e68780e4 <unknown>\n#9 0x55b3e68790ae <unknown>\n#10 0x55b3e6b3bce1 <unknown>\n#11 0x55b3e6b3fb7e <unknown>\n#12 0x55b3e6b294b5 <unknown>\n#13 0x55b3e6b407d6 <unknown>\n#14 0x55b3e6b0cdbf <unknown>\n#15 0x55b3e6b63748 <unknown>\n#16 0x55b3e6b63917 <unknown>\n#17 0x55b3e6b74773 <unknown>\n#18 0x7f4b92294ac3 <unknown>","statusTrace":"self = <tests.test_login.TestLogin object at 0x7f151c910390>\nemail = 'elias@gmail.com', password = '12345Tr'\njson_data = {'forgot_password': {'error_message': \"We can't find a user with that e-mail address.\", 'success_message': 'A reset li...you page', 'name': 'test', 'new_name': 'another test', 'no_project_found_msg': 'No project matches the criteria', ...}}\n\n    @allure.description(\"invalid login\")\n    @allure.title(\"Login with invalid credentials test\")\n    @pytest.mark.parametrize(\"email, password\", users)\n    @pytest.mark.run(order=3)\n    def test_invalid_login(self, email: str, password: str, json_data: dict):\n>       self.about_page.click_login_link()\n\ntests/test_login.py:22: \n_ _ _ _ _ _ _ _ _ _ _ _ _ _ _ _ _ _ _ _ _ _ _ _ _ _ _ _ _ _ _ _ _ _ _ _ _ _ _ _ \npages/about_page.py:20: in click_login_link\n    self.click(self.LOGIN_LINK)\npages/base_page.py:38: in click\n    el: WebElement = self.wait.until(\n_ _ _ _ _ _ _ _ _ _ _ _ _ _ _ _ _ _ _ _ _ _ _ _ _ _ _ _ _ _ _ _ _ _ _ _ _ _ _ _ \n\nself = <selenium.webdriver.support.wait.WebDriverWait (session=\"27aea800d8b80df19915c1a4fa94773b\")>\nmethod = <function element_to_be_clickable.<locals>._predicate at 0x7f151c86ef20>\nmessage = ''\n\n    def until(self, method, message: str = \"\"):\n        \"\"\"Calls the method provided with the driver as an argument until the \\\n        return value does not evaluate to ``False``.\n    \n        :param method: callable(WebDriver)\n        :param message: optional message for :exc:`TimeoutException`\n        :returns: the result of the last call to `method`\n        :raises: :exc:`selenium.common.exceptions.TimeoutException` if timeout occurs\n        \"\"\"\n        screen = None\n        stacktrace = None\n    \n        end_time = time.monotonic() + self._timeout\n        while True:\n            try:\n                value = method(self._driver)\n                if value:\n                    return value\n            except self._ignored_exceptions as exc:\n                screen = getattr(exc, \"screen\", None)\n                stacktrace = getattr(exc, \"stacktrace\", None)\n            time.sleep(self._poll)\n            if time.monotonic() > end_time:\n                break\n>       raise TimeoutException(message, screen, stacktrace)\nE       selenium.common.exceptions.TimeoutException: Message: \nE       Stacktrace:\nE       #0 0x55b3e6b755e3 <unknown>\nE       #1 0x55b3e68380b7 <unknown>\nE       #2 0x55b3e6885f53 <unknown>\nE       #3 0x55b3e6886051 <unknown>\nE       #4 0x55b3e68cb9c4 <unknown>\nE       #5 0x55b3e68acf1d <unknown>\nE       #6 0x55b3e68c8b3d <unknown>\nE       #7 0x55b3e68accc3 <unknown>\nE       #8 0x55b3e68780e4 <unknown>\nE       #9 0x55b3e68790ae <unknown>\nE       #10 0x55b3e6b3bce1 <unknown>\nE       #11 0x55b3e6b3fb7e <unknown>\nE       #12 0x55b3e6b294b5 <unknown>\nE       #13 0x55b3e6b407d6 <unknown>\nE       #14 0x55b3e6b0cdbf <unknown>\nE       #15 0x55b3e6b63748 <unknown>\nE       #16 0x55b3e6b63917 <unknown>\nE       #17 0x55b3e6b74773 <unknown>\nE       #18 0x7f4b92294ac3 <unknown>\n\n.venv/lib/python3.11/site-packages/selenium/webdriver/support/wait.py:95: TimeoutException","flaky":false,"newFailed":false,"newBroken":false,"newPassed":false,"retriesCount":0,"retriesStatusChange":false,"beforeStages":[{"name":"base_url","time":{"start":1700787750808,"stop":1700787750808,"duration":0},"status":"passed","steps":[],"attachments":[],"parameters":[],"shouldDisplayMessage":false,"stepsCount":0,"attachmentsCount":0,"hasContent":false},{"name":"_verify_url","time":{"start":1700787750808,"stop":1700787750808,"duration":0},"status":"passed","steps":[],"attachments":[],"parameters":[],"shouldDisplayMessage":false,"stepsCount":0,"attachmentsCount":0,"hasContent":false},{"name":"json_data","time":{"start":1700787750809,"stop":1700787750809,"duration":0},"status":"passed","steps":[],"attachments":[],"parameters":[],"shouldDisplayMessage":false,"stepsCount":0,"attachmentsCount":0,"hasContent":false}],"testStage":{"description":"invalid login","status":"broken","statusMessage":"selenium.common.exceptions.TimeoutException: Message: \nStacktrace:\n#0 0x55b3e6b755e3 <unknown>\n#1 0x55b3e68380b7 <unknown>\n#2 0x55b3e6885f53 <unknown>\n#3 0x55b3e6886051 <unknown>\n#4 0x55b3e68cb9c4 <unknown>\n#5 0x55b3e68acf1d <unknown>\n#6 0x55b3e68c8b3d <unknown>\n#7 0x55b3e68accc3 <unknown>\n#8 0x55b3e68780e4 <unknown>\n#9 0x55b3e68790ae <unknown>\n#10 0x55b3e6b3bce1 <unknown>\n#11 0x55b3e6b3fb7e <unknown>\n#12 0x55b3e6b294b5 <unknown>\n#13 0x55b3e6b407d6 <unknown>\n#14 0x55b3e6b0cdbf <unknown>\n#15 0x55b3e6b63748 <unknown>\n#16 0x55b3e6b63917 <unknown>\n#17 0x55b3e6b74773 <unknown>\n#18 0x7f4b92294ac3 <unknown>","statusTrace":"self = <tests.test_login.TestLogin object at 0x7f151c910390>\nemail = 'elias@gmail.com', password = '12345Tr'\njson_data = {'forgot_password': {'error_message': \"We can't find a user with that e-mail address.\", 'success_message': 'A reset li...you page', 'name': 'test', 'new_name': 'another test', 'no_project_found_msg': 'No project matches the criteria', ...}}\n\n    @allure.description(\"invalid login\")\n    @allure.title(\"Login with invalid credentials test\")\n    @pytest.mark.parametrize(\"email, password\", users)\n    @pytest.mark.run(order=3)\n    def test_invalid_login(self, email: str, password: str, json_data: dict):\n>       self.about_page.click_login_link()\n\ntests/test_login.py:22: \n_ _ _ _ _ _ _ _ _ _ _ _ _ _ _ _ _ _ _ _ _ _ _ _ _ _ _ _ _ _ _ _ _ _ _ _ _ _ _ _ \npages/about_page.py:20: in click_login_link\n    self.click(self.LOGIN_LINK)\npages/base_page.py:38: in click\n    el: WebElement = self.wait.until(\n_ _ _ _ _ _ _ _ _ _ _ _ _ _ _ _ _ _ _ _ _ _ _ _ _ _ _ _ _ _ _ _ _ _ _ _ _ _ _ _ \n\nself = <selenium.webdriver.support.wait.WebDriverWait (session=\"27aea800d8b80df19915c1a4fa94773b\")>\nmethod = <function element_to_be_clickable.<locals>._predicate at 0x7f151c86ef20>\nmessage = ''\n\n    def until(self, method, message: str = \"\"):\n        \"\"\"Calls the method provided with the driver as an argument until the \\\n        return value does not evaluate to ``False``.\n    \n        :param method: callable(WebDriver)\n        :param message: optional message for :exc:`TimeoutException`\n        :returns: the result of the last call to `method`\n        :raises: :exc:`selenium.common.exceptions.TimeoutException` if timeout occurs\n        \"\"\"\n        screen = None\n        stacktrace = None\n    \n        end_time = time.monotonic() + self._timeout\n        while True:\n            try:\n                value = method(self._driver)\n                if value:\n                    return value\n            except self._ignored_exceptions as exc:\n                screen = getattr(exc, \"screen\", None)\n                stacktrace = getattr(exc, \"stacktrace\", None)\n            time.sleep(self._poll)\n            if time.monotonic() > end_time:\n                break\n>       raise TimeoutException(message, screen, stacktrace)\nE       selenium.common.exceptions.TimeoutException: Message: \nE       Stacktrace:\nE       #0 0x55b3e6b755e3 <unknown>\nE       #1 0x55b3e68380b7 <unknown>\nE       #2 0x55b3e6885f53 <unknown>\nE       #3 0x55b3e6886051 <unknown>\nE       #4 0x55b3e68cb9c4 <unknown>\nE       #5 0x55b3e68acf1d <unknown>\nE       #6 0x55b3e68c8b3d <unknown>\nE       #7 0x55b3e68accc3 <unknown>\nE       #8 0x55b3e68780e4 <unknown>\nE       #9 0x55b3e68790ae <unknown>\nE       #10 0x55b3e6b3bce1 <unknown>\nE       #11 0x55b3e6b3fb7e <unknown>\nE       #12 0x55b3e6b294b5 <unknown>\nE       #13 0x55b3e6b407d6 <unknown>\nE       #14 0x55b3e6b0cdbf <unknown>\nE       #15 0x55b3e6b63748 <unknown>\nE       #16 0x55b3e6b63917 <unknown>\nE       #17 0x55b3e6b74773 <unknown>\nE       #18 0x7f4b92294ac3 <unknown>\n\n.venv/lib/python3.11/site-packages/selenium/webdriver/support/wait.py:95: TimeoutException","steps":[{"name":"Click Login link","time":{"start":1700787815342,"stop":1700787825635,"duration":10293},"status":"broken","statusMessage":"selenium.common.exceptions.TimeoutException: Message: \nStacktrace:\n#0 0x55b3e6b755e3 <unknown>\n#1 0x55b3e68380b7 <unknown>\n#2 0x55b3e6885f53 <unknown>\n#3 0x55b3e6886051 <unknown>\n#4 0x55b3e68cb9c4 <unknown>\n#5 0x55b3e68acf1d <unknown>\n#6 0x55b3e68c8b3d <unknown>\n#7 0x55b3e68accc3 <unknown>\n#8 0x55b3e68780e4 <unknown>\n#9 0x55b3e68790ae <unknown>\n#10 0x55b3e6b3bce1 <unknown>\n#11 0x55b3e6b3fb7e <unknown>\n#12 0x55b3e6b294b5 <unknown>\n#13 0x55b3e6b407d6 <unknown>\n#14 0x55b3e6b0cdbf <unknown>\n#15 0x55b3e6b63748 <unknown>\n#16 0x55b3e6b63917 <unknown>\n#17 0x55b3e6b74773 <unknown>\n#18 0x7f4b92294ac3 <unknown>\n\n","statusTrace":"  File \"/home/runner/work/kisangateway-test/kisangateway-test/.venv/lib/python3.11/site-packages/allure_commons/_allure.py\", line 192, in impl\n    return func(*a, **kw)\n           ^^^^^^^^^^^^^^\n  File \"/home/runner/work/kisangateway-test/kisangateway-test/pages/about_page.py\", line 20, in click_login_link\n    self.click(self.LOGIN_LINK)\n  File \"/home/runner/work/kisangateway-test/kisangateway-test/pages/base_page.py\", line 38, in click\n    el: WebElement = self.wait.until(\n                     ^^^^^^^^^^^^^^^^\n  File \"/home/runner/work/kisangateway-test/kisangateway-test/.venv/lib/python3.11/site-packages/selenium/webdriver/support/wait.py\", line 95, in until\n    raise TimeoutException(message, screen, stacktrace)\n","steps":[],"attachments":[],"parameters":[],"shouldDisplayMessage":true,"stepsCount":0,"attachmentsCount":0,"hasContent":true}],"attachments":[{"uid":"515b91ee49036c61","name":"public ip address","source":"515b91ee49036c61.txt","type":"text/plain","size":12},{"uid":"7426568f0eba381d","name":"Cookies","source":"7426568f0eba381d.json","type":"application/json","size":2},{"uid":"ef881a0c6d9f2b0f","name":"Session Storage","source":"ef881a0c6d9f2b0f.json","type":"application/json","size":2},{"uid":"591aae0de23b5999","name":"Local Storage","source":"591aae0de23b5999.json","type":"application/json","size":2},{"uid":"bc74f9304c19a592","name":"Console Logs","source":"bc74f9304c19a592.json","type":"application/json","size":2},{"uid":"28e5b3351264a969","name":"Full Page Screenshot","source":"28e5b3351264a969.png","type":"image/png","size":2669391},{"uid":"50c1b901beeac299","name":"URL","source":"50c1b901beeac299.uri","type":"text/uri-list","size":25},{"uid":"1dbaa42afd333bef","name":"Network Logs","source":"1dbaa42afd333bef.json","type":"application/json","size":14028}],"parameters":[],"shouldDisplayMessage":true,"stepsCount":1,"attachmentsCount":8,"hasContent":true},"afterStages":[],"labels":[{"name":"epic","value":"Security"},{"name":"severity","value":"blocker"},{"name":"feature","value":"Login"},{"name":"tag","value":"run(order=3)"},{"name":"tag","value":"security"},{"name":"parentSuite","value":"tests"},{"name":"suite","value":"test_login"},{"name":"subSuite","value":"TestLogin"},{"name":"host","value":"fv-az735-733"},{"name":"thread","value":"2274-MainThread"},{"name":"framework","value":"pytest"},{"name":"language","value":"cpython3"},{"name":"package","value":"tests.test_login"},{"name":"resultFormat","value":"allure2"}],"parameters":[{"name":"email","value":"'elias@gmail.com'"},{"name":"password","value":"'12345Tr'"}],"links":[],"hidden":false,"retry":false,"extra":{"severity":"blocker","retries":[],"categories":[{"name":"Test defects","matchedStatuses":[],"flaky":false}],"tags":["run(order=3)","security"]},"source":"1c1f56da3d199410.json","parameterValues":["'elias@gmail.com'","'12345Tr'"]}