{"uid":"31c6e659be0b7cda","name":"Search for existing project test","fullName":"tests.test_workspaces.TestWorkspaces#test_search_project","historyId":"3072e00dfd01d41bcf7852018b214f8a","time":{"start":1710896518570,"stop":1710896518570,"duration":0},"description":"Search for an existing project","descriptionHtml":"<p>Search for an existing project</p>\n","status":"broken","statusMessage":"selenium.common.exceptions.TimeoutException: Message: \nStacktrace:\n#0 0x5c476b687ec3 <unknown>\n#1 0x5c476b37fce6 <unknown>\n#2 0x5c476b3cae48 <unknown>\n#3 0x5c476b3caf01 <unknown>\n#4 0x5c476b40e3f4 <unknown>\n#5 0x5c476b3ecedd <unknown>\n#6 0x5c476b40b899 <unknown>\n#7 0x5c476b3ecc53 <unknown>\n#8 0x5c476b3bddb3 <unknown>\n#9 0x5c476b3be77e <unknown>\n#10 0x5c476b64d7fb <unknown>\n#11 0x5c476b651815 <unknown>\n#12 0x5c476b63b111 <unknown>\n#13 0x5c476b6523a2 <unknown>\n#14 0x5c476b61f1ef <unknown>\n#15 0x5c476b6764b8 <unknown>\n#16 0x5c476b6766b3 <unknown>\n#17 0x5c476b687074 <unknown>\n#18 0x70c817e94ac3 <unknown>","statusTrace":"self = <tests.test_workspaces.TestWorkspaces object at 0x74f8a46adb50>\nsecret_data = {'email': '', 'password': ''}\n\n    @pytest.fixture(autouse=True)\n    def setup_method_fixture(self, secret_data: dict):\n>       login(secret_data, self.about_page, self.login_page)\n\ntests/test_workspaces.py:23: \n_ _ _ _ _ _ _ _ _ _ _ _ _ _ _ _ _ _ _ _ _ _ _ _ _ _ _ _ _ _ _ _ _ _ _ _ _ _ _ _ \ntests/test_workspaces.py:13: in login\n    about_page.click_login_link()\npages/about_page.py:20: in click_login_link\n    self.click(self.LOGIN_LINK)\npages/base_page.py:38: in click\n    el: WebElement = self.wait.until(\n_ _ _ _ _ _ _ _ _ _ _ _ _ _ _ _ _ _ _ _ _ _ _ _ _ _ _ _ _ _ _ _ _ _ _ _ _ _ _ _ \n\nself = <selenium.webdriver.support.wait.WebDriverWait (session=\"cf4779d97013f6bf2ca03996b7c281fe\")>\nmethod = <function element_to_be_clickable.<locals>._predicate at 0x74f8a46177e0>\nmessage = ''\n\n    def until(self, method, message: str = \"\"):\n        \"\"\"Calls the method provided with the driver as an argument until the \\\n        return value does not evaluate to ``False``.\n    \n        :param method: callable(WebDriver)\n        :param message: optional message for :exc:`TimeoutException`\n        :returns: the result of the last call to `method`\n        :raises: :exc:`selenium.common.exceptions.TimeoutException` if timeout occurs\n        \"\"\"\n        screen = None\n        stacktrace = None\n    \n        end_time = time.monotonic() + self._timeout\n        while True:\n            try:\n                value = method(self._driver)\n                if value:\n                    return value\n            except self._ignored_exceptions as exc:\n                screen = getattr(exc, \"screen\", None)\n                stacktrace = getattr(exc, \"stacktrace\", None)\n            time.sleep(self._poll)\n            if time.monotonic() > end_time:\n                break\n>       raise TimeoutException(message, screen, stacktrace)\nE       selenium.common.exceptions.TimeoutException: Message: \nE       Stacktrace:\nE       #0 0x5c476b687ec3 <unknown>\nE       #1 0x5c476b37fce6 <unknown>\nE       #2 0x5c476b3cae48 <unknown>\nE       #3 0x5c476b3caf01 <unknown>\nE       #4 0x5c476b40e3f4 <unknown>\nE       #5 0x5c476b3ecedd <unknown>\nE       #6 0x5c476b40b899 <unknown>\nE       #7 0x5c476b3ecc53 <unknown>\nE       #8 0x5c476b3bddb3 <unknown>\nE       #9 0x5c476b3be77e <unknown>\nE       #10 0x5c476b64d7fb <unknown>\nE       #11 0x5c476b651815 <unknown>\nE       #12 0x5c476b63b111 <unknown>\nE       #13 0x5c476b6523a2 <unknown>\nE       #14 0x5c476b61f1ef <unknown>\nE       #15 0x5c476b6764b8 <unknown>\nE       #16 0x5c476b6766b3 <unknown>\nE       #17 0x5c476b687074 <unknown>\nE       #18 0x70c817e94ac3 <unknown>\n\n.venv/lib/python3.11/site-packages/selenium/webdriver/support/wait.py:95: TimeoutException","flaky":false,"newFailed":false,"newBroken":false,"newPassed":false,"retriesCount":0,"retriesStatusChange":false,"beforeStages":[{"name":"secret_data","time":{"start":1710896400348,"stop":1710896400349,"duration":1},"status":"passed","steps":[],"attachments":[],"parameters":[],"shouldDisplayMessage":false,"stepsCount":0,"attachmentsCount":0,"hasContent":false,"attachmentStep":false},{"name":"_verify_url","time":{"start":1710896400348,"stop":1710896400348,"duration":0},"status":"passed","steps":[],"attachments":[],"parameters":[],"shouldDisplayMessage":false,"stepsCount":0,"attachmentsCount":0,"hasContent":false,"attachmentStep":false},{"name":"base_url","time":{"start":1710896400348,"stop":1710896400348,"duration":0},"status":"passed","steps":[],"attachments":[],"parameters":[],"shouldDisplayMessage":false,"stepsCount":0,"attachmentsCount":0,"hasContent":false,"attachmentStep":false},{"name":"json_data","time":{"start":1710896400349,"stop":1710896400349,"duration":0},"status":"passed","steps":[],"attachments":[],"parameters":[],"shouldDisplayMessage":false,"stepsCount":0,"attachmentsCount":0,"hasContent":false,"attachmentStep":false},{"name":"setup_method_fixture","time":{"start":1710896519764,"stop":1710896530058,"duration":10294},"status":"broken","statusMessage":"selenium.common.exceptions.TimeoutException: Message: \nStacktrace:\n#0 0x5c476b687ec3 <unknown>\n#1 0x5c476b37fce6 <unknown>\n#2 0x5c476b3cae48 <unknown>\n#3 0x5c476b3caf01 <unknown>\n#4 0x5c476b40e3f4 <unknown>\n#5 0x5c476b3ecedd <unknown>\n#6 0x5c476b40b899 <unknown>\n#7 0x5c476b3ecc53 <unknown>\n#8 0x5c476b3bddb3 <unknown>\n#9 0x5c476b3be77e <unknown>\n#10 0x5c476b64d7fb <unknown>\n#11 0x5c476b651815 <unknown>\n#12 0x5c476b63b111 <unknown>\n#13 0x5c476b6523a2 <unknown>\n#14 0x5c476b61f1ef <unknown>\n#15 0x5c476b6764b8 <unknown>\n#16 0x5c476b6766b3 <unknown>\n#17 0x5c476b687074 <unknown>\n#18 0x70c817e94ac3 <unknown>\n\n","statusTrace":"  File \"/home/runner/work/kisangateway-test/kisangateway-test/.venv/lib/python3.11/site-packages/pluggy/_callers.py\", line 80, in _multicall\n    res = hook_impl.function(*args)\n          ^^^^^^^^^^^^^^^^^^^^^^^^^\n  File \"/home/runner/work/kisangateway-test/kisangateway-test/.venv/lib/python3.11/site-packages/_pytest/fixtures.py\", line 1123, in pytest_fixture_setup\n    result = call_fixture_func(fixturefunc, request, kwargs)\n             ^^^^^^^^^^^^^^^^^^^^^^^^^^^^^^^^^^^^^^^^^^^^^^^\n  File \"/home/runner/work/kisangateway-test/kisangateway-test/.venv/lib/python3.11/site-packages/_pytest/fixtures.py\", line 902, in call_fixture_func\n    fixture_result = fixturefunc(**kwargs)\n                     ^^^^^^^^^^^^^^^^^^^^^\n  File \"/home/runner/work/kisangateway-test/kisangateway-test/tests/test_workspaces.py\", line 23, in setup_method_fixture\n    login(secret_data, self.about_page, self.login_page)\n  File \"/home/runner/work/kisangateway-test/kisangateway-test/tests/test_workspaces.py\", line 13, in login\n    about_page.click_login_link()\n  File \"/home/runner/work/kisangateway-test/kisangateway-test/.venv/lib/python3.11/site-packages/allure_commons/_allure.py\", line 192, in impl\n    return func(*a, **kw)\n           ^^^^^^^^^^^^^^\n  File \"/home/runner/work/kisangateway-test/kisangateway-test/pages/about_page.py\", line 20, in click_login_link\n    self.click(self.LOGIN_LINK)\n  File \"/home/runner/work/kisangateway-test/kisangateway-test/pages/base_page.py\", line 38, in click\n    el: WebElement = self.wait.until(\n                     ^^^^^^^^^^^^^^^^\n  File \"/home/runner/work/kisangateway-test/kisangateway-test/.venv/lib/python3.11/site-packages/selenium/webdriver/support/wait.py\", line 95, in until\n    raise TimeoutException(message, screen, stacktrace)\n","steps":[{"name":"Click Login link","time":{"start":1710896519764,"stop":1710896530058,"duration":10294},"status":"broken","statusMessage":"selenium.common.exceptions.TimeoutException: Message: \nStacktrace:\n#0 0x5c476b687ec3 <unknown>\n#1 0x5c476b37fce6 <unknown>\n#2 0x5c476b3cae48 <unknown>\n#3 0x5c476b3caf01 <unknown>\n#4 0x5c476b40e3f4 <unknown>\n#5 0x5c476b3ecedd <unknown>\n#6 0x5c476b40b899 <unknown>\n#7 0x5c476b3ecc53 <unknown>\n#8 0x5c476b3bddb3 <unknown>\n#9 0x5c476b3be77e <unknown>\n#10 0x5c476b64d7fb <unknown>\n#11 0x5c476b651815 <unknown>\n#12 0x5c476b63b111 <unknown>\n#13 0x5c476b6523a2 <unknown>\n#14 0x5c476b61f1ef <unknown>\n#15 0x5c476b6764b8 <unknown>\n#16 0x5c476b6766b3 <unknown>\n#17 0x5c476b687074 <unknown>\n#18 0x70c817e94ac3 <unknown>\n\n","statusTrace":"  File \"/home/runner/work/kisangateway-test/kisangateway-test/.venv/lib/python3.11/site-packages/allure_commons/_allure.py\", line 192, in impl\n    return func(*a, **kw)\n           ^^^^^^^^^^^^^^\n  File \"/home/runner/work/kisangateway-test/kisangateway-test/pages/about_page.py\", line 20, in click_login_link\n    self.click(self.LOGIN_LINK)\n  File \"/home/runner/work/kisangateway-test/kisangateway-test/pages/base_page.py\", line 38, in click\n    el: WebElement = self.wait.until(\n                     ^^^^^^^^^^^^^^^^\n  File \"/home/runner/work/kisangateway-test/kisangateway-test/.venv/lib/python3.11/site-packages/selenium/webdriver/support/wait.py\", line 95, in until\n    raise TimeoutException(message, screen, stacktrace)\n","steps":[],"attachments":[],"parameters":[],"shouldDisplayMessage":true,"stepsCount":0,"attachmentsCount":0,"hasContent":true,"attachmentStep":false}],"attachments":[],"parameters":[],"shouldDisplayMessage":false,"stepsCount":1,"attachmentsCount":0,"hasContent":true,"attachmentStep":false}],"testStage":{"description":"Search for an existing project","status":"broken","statusMessage":"selenium.common.exceptions.TimeoutException: Message: \nStacktrace:\n#0 0x5c476b687ec3 <unknown>\n#1 0x5c476b37fce6 <unknown>\n#2 0x5c476b3cae48 <unknown>\n#3 0x5c476b3caf01 <unknown>\n#4 0x5c476b40e3f4 <unknown>\n#5 0x5c476b3ecedd <unknown>\n#6 0x5c476b40b899 <unknown>\n#7 0x5c476b3ecc53 <unknown>\n#8 0x5c476b3bddb3 <unknown>\n#9 0x5c476b3be77e <unknown>\n#10 0x5c476b64d7fb <unknown>\n#11 0x5c476b651815 <unknown>\n#12 0x5c476b63b111 <unknown>\n#13 0x5c476b6523a2 <unknown>\n#14 0x5c476b61f1ef <unknown>\n#15 0x5c476b6764b8 <unknown>\n#16 0x5c476b6766b3 <unknown>\n#17 0x5c476b687074 <unknown>\n#18 0x70c817e94ac3 <unknown>","statusTrace":"self = <tests.test_workspaces.TestWorkspaces object at 0x74f8a46adb50>\nsecret_data = {'email': '', 'password': ''}\n\n    @pytest.fixture(autouse=True)\n    def setup_method_fixture(self, secret_data: dict):\n>       login(secret_data, self.about_page, self.login_page)\n\ntests/test_workspaces.py:23: \n_ _ _ _ _ _ _ _ _ _ _ _ _ _ _ _ _ _ _ _ _ _ _ _ _ _ _ _ _ _ _ _ _ _ _ _ _ _ _ _ \ntests/test_workspaces.py:13: in login\n    about_page.click_login_link()\npages/about_page.py:20: in click_login_link\n    self.click(self.LOGIN_LINK)\npages/base_page.py:38: in click\n    el: WebElement = self.wait.until(\n_ _ _ _ _ _ _ _ _ _ _ _ _ _ _ _ _ _ _ _ _ _ _ _ _ _ _ _ _ _ _ _ _ _ _ _ _ _ _ _ \n\nself = <selenium.webdriver.support.wait.WebDriverWait (session=\"cf4779d97013f6bf2ca03996b7c281fe\")>\nmethod = <function element_to_be_clickable.<locals>._predicate at 0x74f8a46177e0>\nmessage = ''\n\n    def until(self, method, message: str = \"\"):\n        \"\"\"Calls the method provided with the driver as an argument until the \\\n        return value does not evaluate to ``False``.\n    \n        :param method: callable(WebDriver)\n        :param message: optional message for :exc:`TimeoutException`\n        :returns: the result of the last call to `method`\n        :raises: :exc:`selenium.common.exceptions.TimeoutException` if timeout occurs\n        \"\"\"\n        screen = None\n        stacktrace = None\n    \n        end_time = time.monotonic() + self._timeout\n        while True:\n            try:\n                value = method(self._driver)\n                if value:\n                    return value\n            except self._ignored_exceptions as exc:\n                screen = getattr(exc, \"screen\", None)\n                stacktrace = getattr(exc, \"stacktrace\", None)\n            time.sleep(self._poll)\n            if time.monotonic() > end_time:\n                break\n>       raise TimeoutException(message, screen, stacktrace)\nE       selenium.common.exceptions.TimeoutException: Message: \nE       Stacktrace:\nE       #0 0x5c476b687ec3 <unknown>\nE       #1 0x5c476b37fce6 <unknown>\nE       #2 0x5c476b3cae48 <unknown>\nE       #3 0x5c476b3caf01 <unknown>\nE       #4 0x5c476b40e3f4 <unknown>\nE       #5 0x5c476b3ecedd <unknown>\nE       #6 0x5c476b40b899 <unknown>\nE       #7 0x5c476b3ecc53 <unknown>\nE       #8 0x5c476b3bddb3 <unknown>\nE       #9 0x5c476b3be77e <unknown>\nE       #10 0x5c476b64d7fb <unknown>\nE       #11 0x5c476b651815 <unknown>\nE       #12 0x5c476b63b111 <unknown>\nE       #13 0x5c476b6523a2 <unknown>\nE       #14 0x5c476b61f1ef <unknown>\nE       #15 0x5c476b6764b8 <unknown>\nE       #16 0x5c476b6766b3 <unknown>\nE       #17 0x5c476b687074 <unknown>\nE       #18 0x70c817e94ac3 <unknown>\n\n.venv/lib/python3.11/site-packages/selenium/webdriver/support/wait.py:95: TimeoutException","steps":[],"attachments":[{"uid":"f5bc62f9c8bcc494","name":"public ip address","source":"f5bc62f9c8bcc494.txt","type":"text/plain","size":12},{"uid":"31eddead28730ea9","name":"Cookies","source":"31eddead28730ea9.json","type":"application/json","size":526},{"uid":"27232dc5d0b1f227","name":"Session Storage","source":"27232dc5d0b1f227.json","type":"application/json","size":2},{"uid":"3abe3aad412450b6","name":"Local Storage","source":"3abe3aad412450b6.json","type":"application/json","size":77},{"uid":"6633906d5a669bd9","name":"Console Logs","source":"6633906d5a669bd9.json","type":"application/json","size":310},{"uid":"eee00803a424d8b3","name":"Full Page Screenshot","source":"eee00803a424d8b3.png","type":"image/png","size":2477717},{"uid":"b1a921cf6043fc8","name":"URL","source":"b1a921cf6043fc8.uri","type":"text/uri-list","size":25},{"uid":"6092c0e8e5b1a552","name":"Network Logs","source":"6092c0e8e5b1a552.json","type":"application/json","size":1315154}],"parameters":[],"shouldDisplayMessage":true,"stepsCount":0,"attachmentsCount":8,"hasContent":true,"attachmentStep":false},"afterStages":[],"labels":[{"name":"severity","value":"normal"},{"name":"story","value":"WorkSpaces Creation and Editing Functionality"},{"name":"epic","value":"Workspaces"},{"name":"tag","value":"run(order=6)"},{"name":"parentSuite","value":"tests"},{"name":"suite","value":"test_workspaces"},{"name":"subSuite","value":"TestWorkspaces"},{"name":"host","value":"fv-az1432-26"},{"name":"thread","value":"2236-MainThread"},{"name":"framework","value":"pytest"},{"name":"language","value":"cpython3"},{"name":"package","value":"tests.test_workspaces"},{"name":"resultFormat","value":"allure2"}],"parameters":[],"links":[],"hidden":false,"retry":false,"extra":{"severity":"normal","retries":[],"categories":[{"name":"Test defects","matchedStatuses":[],"flaky":false}],"tags":["run(order=6)"]},"source":"31c6e659be0b7cda.json","parameterValues":[]}