{"uid":"e8de8cc0df89a0e6","name":"Add project to workspace test","fullName":"tests.test_workspaces.TestWorkspaces#test_add_project_to_workspace","historyId":"fc6ee288c49142976b6c23b6071583ec","time":{"start":1710896505738,"stop":1710896505738,"duration":0},"description":"Selecting and adding a project to workspace","descriptionHtml":"<p>Selecting and adding a project to workspace</p>\n","status":"broken","statusMessage":"selenium.common.exceptions.TimeoutException: Message: \nStacktrace:\n#0 0x57dd71ab4ec3 <unknown>\n#1 0x57dd717acce6 <unknown>\n#2 0x57dd717f7e48 <unknown>\n#3 0x57dd717f7f01 <unknown>\n#4 0x57dd7183b3f4 <unknown>\n#5 0x57dd71819edd <unknown>\n#6 0x57dd71838899 <unknown>\n#7 0x57dd71819c53 <unknown>\n#8 0x57dd717eadb3 <unknown>\n#9 0x57dd717eb77e <unknown>\n#10 0x57dd71a7a7fb <unknown>\n#11 0x57dd71a7e815 <unknown>\n#12 0x57dd71a68111 <unknown>\n#13 0x57dd71a7f3a2 <unknown>\n#14 0x57dd71a4c1ef <unknown>\n#15 0x57dd71aa34b8 <unknown>\n#16 0x57dd71aa36b3 <unknown>\n#17 0x57dd71ab4074 <unknown>\n#18 0x751e0bc94ac3 <unknown>","statusTrace":"self = <tests.test_workspaces.TestWorkspaces object at 0x74f8a46bd310>\nsecret_data = {'email': '', 'password': ''}\n\n    @pytest.fixture(autouse=True)\n    def setup_method_fixture(self, secret_data: dict):\n>       login(secret_data, self.about_page, self.login_page)\n\ntests/test_workspaces.py:23: \n_ _ _ _ _ _ _ _ _ _ _ _ _ _ _ _ _ _ _ _ _ _ _ _ _ _ _ _ _ _ _ _ _ _ _ _ _ _ _ _ \ntests/test_workspaces.py:13: in login\n    about_page.click_login_link()\npages/about_page.py:20: in click_login_link\n    self.click(self.LOGIN_LINK)\npages/base_page.py:38: in click\n    el: WebElement = self.wait.until(\n_ _ _ _ _ _ _ _ _ _ _ _ _ _ _ _ _ _ _ _ _ _ _ _ _ _ _ _ _ _ _ _ _ _ _ _ _ _ _ _ \n\nself = <selenium.webdriver.support.wait.WebDriverWait (session=\"aa86ecc7c2360ed05bf9046631be9df9\")>\nmethod = <function element_to_be_clickable.<locals>._predicate at 0x74f8a430db20>\nmessage = ''\n\n    def until(self, method, message: str = \"\"):\n        \"\"\"Calls the method provided with the driver as an argument until the \\\n        return value does not evaluate to ``False``.\n    \n        :param method: callable(WebDriver)\n        :param message: optional message for :exc:`TimeoutException`\n        :returns: the result of the last call to `method`\n        :raises: :exc:`selenium.common.exceptions.TimeoutException` if timeout occurs\n        \"\"\"\n        screen = None\n        stacktrace = None\n    \n        end_time = time.monotonic() + self._timeout\n        while True:\n            try:\n                value = method(self._driver)\n                if value:\n                    return value\n            except self._ignored_exceptions as exc:\n                screen = getattr(exc, \"screen\", None)\n                stacktrace = getattr(exc, \"stacktrace\", None)\n            time.sleep(self._poll)\n            if time.monotonic() > end_time:\n                break\n>       raise TimeoutException(message, screen, stacktrace)\nE       selenium.common.exceptions.TimeoutException: Message: \nE       Stacktrace:\nE       #0 0x57dd71ab4ec3 <unknown>\nE       #1 0x57dd717acce6 <unknown>\nE       #2 0x57dd717f7e48 <unknown>\nE       #3 0x57dd717f7f01 <unknown>\nE       #4 0x57dd7183b3f4 <unknown>\nE       #5 0x57dd71819edd <unknown>\nE       #6 0x57dd71838899 <unknown>\nE       #7 0x57dd71819c53 <unknown>\nE       #8 0x57dd717eadb3 <unknown>\nE       #9 0x57dd717eb77e <unknown>\nE       #10 0x57dd71a7a7fb <unknown>\nE       #11 0x57dd71a7e815 <unknown>\nE       #12 0x57dd71a68111 <unknown>\nE       #13 0x57dd71a7f3a2 <unknown>\nE       #14 0x57dd71a4c1ef <unknown>\nE       #15 0x57dd71aa34b8 <unknown>\nE       #16 0x57dd71aa36b3 <unknown>\nE       #17 0x57dd71ab4074 <unknown>\nE       #18 0x751e0bc94ac3 <unknown>\n\n.venv/lib/python3.11/site-packages/selenium/webdriver/support/wait.py:95: TimeoutException","flaky":false,"newFailed":false,"newBroken":false,"newPassed":false,"retriesCount":0,"retriesStatusChange":false,"beforeStages":[{"name":"secret_data","time":{"start":1710896400348,"stop":1710896400349,"duration":1},"status":"passed","steps":[],"attachments":[],"parameters":[],"shouldDisplayMessage":false,"stepsCount":0,"attachmentsCount":0,"hasContent":false,"attachmentStep":false},{"name":"_verify_url","time":{"start":1710896400348,"stop":1710896400348,"duration":0},"status":"passed","steps":[],"attachments":[],"parameters":[],"shouldDisplayMessage":false,"stepsCount":0,"attachmentsCount":0,"hasContent":false,"attachmentStep":false},{"name":"base_url","time":{"start":1710896400348,"stop":1710896400348,"duration":0},"status":"passed","steps":[],"attachments":[],"parameters":[],"shouldDisplayMessage":false,"stepsCount":0,"attachmentsCount":0,"hasContent":false,"attachmentStep":false},{"name":"json_data","time":{"start":1710896400349,"stop":1710896400349,"duration":0},"status":"passed","steps":[],"attachments":[],"parameters":[],"shouldDisplayMessage":false,"stepsCount":0,"attachmentsCount":0,"hasContent":false,"attachmentStep":false},{"name":"setup_method_fixture","time":{"start":1710896507051,"stop":1710896517368,"duration":10317},"status":"broken","statusMessage":"selenium.common.exceptions.TimeoutException: Message: \nStacktrace:\n#0 0x57dd71ab4ec3 <unknown>\n#1 0x57dd717acce6 <unknown>\n#2 0x57dd717f7e48 <unknown>\n#3 0x57dd717f7f01 <unknown>\n#4 0x57dd7183b3f4 <unknown>\n#5 0x57dd71819edd <unknown>\n#6 0x57dd71838899 <unknown>\n#7 0x57dd71819c53 <unknown>\n#8 0x57dd717eadb3 <unknown>\n#9 0x57dd717eb77e <unknown>\n#10 0x57dd71a7a7fb <unknown>\n#11 0x57dd71a7e815 <unknown>\n#12 0x57dd71a68111 <unknown>\n#13 0x57dd71a7f3a2 <unknown>\n#14 0x57dd71a4c1ef <unknown>\n#15 0x57dd71aa34b8 <unknown>\n#16 0x57dd71aa36b3 <unknown>\n#17 0x57dd71ab4074 <unknown>\n#18 0x751e0bc94ac3 <unknown>\n\n","statusTrace":"  File \"/home/runner/work/kisangateway-test/kisangateway-test/.venv/lib/python3.11/site-packages/pluggy/_callers.py\", line 80, in _multicall\n    res = hook_impl.function(*args)\n          ^^^^^^^^^^^^^^^^^^^^^^^^^\n  File \"/home/runner/work/kisangateway-test/kisangateway-test/.venv/lib/python3.11/site-packages/_pytest/fixtures.py\", line 1123, in pytest_fixture_setup\n    result = call_fixture_func(fixturefunc, request, kwargs)\n             ^^^^^^^^^^^^^^^^^^^^^^^^^^^^^^^^^^^^^^^^^^^^^^^\n  File \"/home/runner/work/kisangateway-test/kisangateway-test/.venv/lib/python3.11/site-packages/_pytest/fixtures.py\", line 902, in call_fixture_func\n    fixture_result = fixturefunc(**kwargs)\n                     ^^^^^^^^^^^^^^^^^^^^^\n  File \"/home/runner/work/kisangateway-test/kisangateway-test/tests/test_workspaces.py\", line 23, in setup_method_fixture\n    login(secret_data, self.about_page, self.login_page)\n  File \"/home/runner/work/kisangateway-test/kisangateway-test/tests/test_workspaces.py\", line 13, in login\n    about_page.click_login_link()\n  File \"/home/runner/work/kisangateway-test/kisangateway-test/.venv/lib/python3.11/site-packages/allure_commons/_allure.py\", line 192, in impl\n    return func(*a, **kw)\n           ^^^^^^^^^^^^^^\n  File \"/home/runner/work/kisangateway-test/kisangateway-test/pages/about_page.py\", line 20, in click_login_link\n    self.click(self.LOGIN_LINK)\n  File \"/home/runner/work/kisangateway-test/kisangateway-test/pages/base_page.py\", line 38, in click\n    el: WebElement = self.wait.until(\n                     ^^^^^^^^^^^^^^^^\n  File \"/home/runner/work/kisangateway-test/kisangateway-test/.venv/lib/python3.11/site-packages/selenium/webdriver/support/wait.py\", line 95, in until\n    raise TimeoutException(message, screen, stacktrace)\n","steps":[{"name":"Click Login link","time":{"start":1710896507051,"stop":1710896517368,"duration":10317},"status":"broken","statusMessage":"selenium.common.exceptions.TimeoutException: Message: \nStacktrace:\n#0 0x57dd71ab4ec3 <unknown>\n#1 0x57dd717acce6 <unknown>\n#2 0x57dd717f7e48 <unknown>\n#3 0x57dd717f7f01 <unknown>\n#4 0x57dd7183b3f4 <unknown>\n#5 0x57dd71819edd <unknown>\n#6 0x57dd71838899 <unknown>\n#7 0x57dd71819c53 <unknown>\n#8 0x57dd717eadb3 <unknown>\n#9 0x57dd717eb77e <unknown>\n#10 0x57dd71a7a7fb <unknown>\n#11 0x57dd71a7e815 <unknown>\n#12 0x57dd71a68111 <unknown>\n#13 0x57dd71a7f3a2 <unknown>\n#14 0x57dd71a4c1ef <unknown>\n#15 0x57dd71aa34b8 <unknown>\n#16 0x57dd71aa36b3 <unknown>\n#17 0x57dd71ab4074 <unknown>\n#18 0x751e0bc94ac3 <unknown>\n\n","statusTrace":"  File \"/home/runner/work/kisangateway-test/kisangateway-test/.venv/lib/python3.11/site-packages/allure_commons/_allure.py\", line 192, in impl\n    return func(*a, **kw)\n           ^^^^^^^^^^^^^^\n  File \"/home/runner/work/kisangateway-test/kisangateway-test/pages/about_page.py\", line 20, in click_login_link\n    self.click(self.LOGIN_LINK)\n  File \"/home/runner/work/kisangateway-test/kisangateway-test/pages/base_page.py\", line 38, in click\n    el: WebElement = self.wait.until(\n                     ^^^^^^^^^^^^^^^^\n  File \"/home/runner/work/kisangateway-test/kisangateway-test/.venv/lib/python3.11/site-packages/selenium/webdriver/support/wait.py\", line 95, in until\n    raise TimeoutException(message, screen, stacktrace)\n","steps":[],"attachments":[],"parameters":[],"shouldDisplayMessage":true,"stepsCount":0,"attachmentsCount":0,"hasContent":true,"attachmentStep":false}],"attachments":[],"parameters":[],"shouldDisplayMessage":false,"stepsCount":1,"attachmentsCount":0,"hasContent":true,"attachmentStep":false}],"testStage":{"description":"Selecting and adding a project to workspace","status":"broken","statusMessage":"selenium.common.exceptions.TimeoutException: Message: \nStacktrace:\n#0 0x57dd71ab4ec3 <unknown>\n#1 0x57dd717acce6 <unknown>\n#2 0x57dd717f7e48 <unknown>\n#3 0x57dd717f7f01 <unknown>\n#4 0x57dd7183b3f4 <unknown>\n#5 0x57dd71819edd <unknown>\n#6 0x57dd71838899 <unknown>\n#7 0x57dd71819c53 <unknown>\n#8 0x57dd717eadb3 <unknown>\n#9 0x57dd717eb77e <unknown>\n#10 0x57dd71a7a7fb <unknown>\n#11 0x57dd71a7e815 <unknown>\n#12 0x57dd71a68111 <unknown>\n#13 0x57dd71a7f3a2 <unknown>\n#14 0x57dd71a4c1ef <unknown>\n#15 0x57dd71aa34b8 <unknown>\n#16 0x57dd71aa36b3 <unknown>\n#17 0x57dd71ab4074 <unknown>\n#18 0x751e0bc94ac3 <unknown>","statusTrace":"self = <tests.test_workspaces.TestWorkspaces object at 0x74f8a46bd310>\nsecret_data = {'email': '', 'password': ''}\n\n    @pytest.fixture(autouse=True)\n    def setup_method_fixture(self, secret_data: dict):\n>       login(secret_data, self.about_page, self.login_page)\n\ntests/test_workspaces.py:23: \n_ _ _ _ _ _ _ _ _ _ _ _ _ _ _ _ _ _ _ _ _ _ _ _ _ _ _ _ _ _ _ _ _ _ _ _ _ _ _ _ \ntests/test_workspaces.py:13: in login\n    about_page.click_login_link()\npages/about_page.py:20: in click_login_link\n    self.click(self.LOGIN_LINK)\npages/base_page.py:38: in click\n    el: WebElement = self.wait.until(\n_ _ _ _ _ _ _ _ _ _ _ _ _ _ _ _ _ _ _ _ _ _ _ _ _ _ _ _ _ _ _ _ _ _ _ _ _ _ _ _ \n\nself = <selenium.webdriver.support.wait.WebDriverWait (session=\"aa86ecc7c2360ed05bf9046631be9df9\")>\nmethod = <function element_to_be_clickable.<locals>._predicate at 0x74f8a430db20>\nmessage = ''\n\n    def until(self, method, message: str = \"\"):\n        \"\"\"Calls the method provided with the driver as an argument until the \\\n        return value does not evaluate to ``False``.\n    \n        :param method: callable(WebDriver)\n        :param message: optional message for :exc:`TimeoutException`\n        :returns: the result of the last call to `method`\n        :raises: :exc:`selenium.common.exceptions.TimeoutException` if timeout occurs\n        \"\"\"\n        screen = None\n        stacktrace = None\n    \n        end_time = time.monotonic() + self._timeout\n        while True:\n            try:\n                value = method(self._driver)\n                if value:\n                    return value\n            except self._ignored_exceptions as exc:\n                screen = getattr(exc, \"screen\", None)\n                stacktrace = getattr(exc, \"stacktrace\", None)\n            time.sleep(self._poll)\n            if time.monotonic() > end_time:\n                break\n>       raise TimeoutException(message, screen, stacktrace)\nE       selenium.common.exceptions.TimeoutException: Message: \nE       Stacktrace:\nE       #0 0x57dd71ab4ec3 <unknown>\nE       #1 0x57dd717acce6 <unknown>\nE       #2 0x57dd717f7e48 <unknown>\nE       #3 0x57dd717f7f01 <unknown>\nE       #4 0x57dd7183b3f4 <unknown>\nE       #5 0x57dd71819edd <unknown>\nE       #6 0x57dd71838899 <unknown>\nE       #7 0x57dd71819c53 <unknown>\nE       #8 0x57dd717eadb3 <unknown>\nE       #9 0x57dd717eb77e <unknown>\nE       #10 0x57dd71a7a7fb <unknown>\nE       #11 0x57dd71a7e815 <unknown>\nE       #12 0x57dd71a68111 <unknown>\nE       #13 0x57dd71a7f3a2 <unknown>\nE       #14 0x57dd71a4c1ef <unknown>\nE       #15 0x57dd71aa34b8 <unknown>\nE       #16 0x57dd71aa36b3 <unknown>\nE       #17 0x57dd71ab4074 <unknown>\nE       #18 0x751e0bc94ac3 <unknown>\n\n.venv/lib/python3.11/site-packages/selenium/webdriver/support/wait.py:95: TimeoutException","steps":[],"attachments":[{"uid":"acc84961f963d129","name":"public ip address","source":"acc84961f963d129.txt","type":"text/plain","size":12},{"uid":"95533d99db3d4b10","name":"Cookies","source":"95533d99db3d4b10.json","type":"application/json","size":527},{"uid":"8d17df17397d2591","name":"Session Storage","source":"8d17df17397d2591.json","type":"application/json","size":2},{"uid":"aac2d9c2c656feab","name":"Local Storage","source":"aac2d9c2c656feab.json","type":"application/json","size":77},{"uid":"649121683e9f7f0d","name":"Console Logs","source":"649121683e9f7f0d.json","type":"application/json","size":310},{"uid":"2607f51e1eadc23d","name":"Full Page Screenshot","source":"2607f51e1eadc23d.png","type":"image/png","size":2477717},{"uid":"5da07636de0b87b9","name":"URL","source":"5da07636de0b87b9.uri","type":"text/uri-list","size":25},{"uid":"b3fe5d1dd6ead7f","name":"Network Logs","source":"b3fe5d1dd6ead7f.json","type":"application/json","size":1315197}],"parameters":[],"shouldDisplayMessage":true,"stepsCount":0,"attachmentsCount":8,"hasContent":true,"attachmentStep":false},"afterStages":[],"labels":[{"name":"severity","value":"normal"},{"name":"story","value":"WorkSpaces Creation and Editing Functionality"},{"name":"epic","value":"Workspaces"},{"name":"tag","value":"run(order=5)"},{"name":"parentSuite","value":"tests"},{"name":"suite","value":"test_workspaces"},{"name":"subSuite","value":"TestWorkspaces"},{"name":"host","value":"fv-az1432-26"},{"name":"thread","value":"2236-MainThread"},{"name":"framework","value":"pytest"},{"name":"language","value":"cpython3"},{"name":"package","value":"tests.test_workspaces"},{"name":"resultFormat","value":"allure2"}],"parameters":[],"links":[],"hidden":false,"retry":false,"extra":{"severity":"normal","retries":[],"categories":[{"name":"Test defects","matchedStatuses":[],"flaky":false}],"tags":["run(order=5)"]},"source":"e8de8cc0df89a0e6.json","parameterValues":[]}