{"uid":"173523326e96d6b","name":"Delete existing workspace","fullName":"tests.test_workspaces.TestWorkspaces#test_delete_workspace","historyId":"426122535a758ca0ac1fcc53a87d9a4f","time":{"start":1709168452392,"stop":1709168452392,"duration":0},"description":"Delete an existing workspace","descriptionHtml":"<p>Delete an existing workspace</p>\n","status":"broken","statusMessage":"selenium.common.exceptions.TimeoutException: Message: \nStacktrace:\n#0 0x55f982833793 <unknown>\n#1 0x55f9825271c6 <unknown>\n#2 0x55f982572358 <unknown>\n#3 0x55f982572411 <unknown>\n#4 0x55f9825b5934 <unknown>\n#5 0x55f9825943fd <unknown>\n#6 0x55f9825b2dd9 <unknown>\n#7 0x55f982594173 <unknown>\n#8 0x55f9825652d3 <unknown>\n#9 0x55f982565c9e <unknown>\n#10 0x55f9827f78cb <unknown>\n#11 0x55f9827fb745 <unknown>\n#12 0x55f9827e42e1 <unknown>\n#13 0x55f9827fc2d2 <unknown>\n#14 0x55f9827c817f <unknown>\n#15 0x55f982821dc8 <unknown>\n#16 0x55f982821fc3 <unknown>\n#17 0x55f982832944 <unknown>\n#18 0x7fa5ba694ac3 <unknown>","statusTrace":"self = <tests.test_workspaces.TestWorkspaces object at 0x7f57c3299390>\nsecret_data = {'email': '', 'password': ''}\n\n    @pytest.fixture(autouse=True)\n    def setup_method_fixture(self, secret_data: dict):\n>       login(secret_data, self.about_page, self.login_page)\n\ntests/test_workspaces.py:23: \n_ _ _ _ _ _ _ _ _ _ _ _ _ _ _ _ _ _ _ _ _ _ _ _ _ _ _ _ _ _ _ _ _ _ _ _ _ _ _ _ \ntests/test_workspaces.py:13: in login\n    about_page.click_login_link()\npages/about_page.py:20: in click_login_link\n    self.click(self.LOGIN_LINK)\npages/base_page.py:38: in click\n    el: WebElement = self.wait.until(\n_ _ _ _ _ _ _ _ _ _ _ _ _ _ _ _ _ _ _ _ _ _ _ _ _ _ _ _ _ _ _ _ _ _ _ _ _ _ _ _ \n\nself = <selenium.webdriver.support.wait.WebDriverWait (session=\"3c101f79efbe48a9498bf2744d88d32c\")>\nmethod = <function element_to_be_clickable.<locals>._predicate at 0x7f57c2e199e0>\nmessage = ''\n\n    def until(self, method, message: str = \"\"):\n        \"\"\"Calls the method provided with the driver as an argument until the \\\n        return value does not evaluate to ``False``.\n    \n        :param method: callable(WebDriver)\n        :param message: optional message for :exc:`TimeoutException`\n        :returns: the result of the last call to `method`\n        :raises: :exc:`selenium.common.exceptions.TimeoutException` if timeout occurs\n        \"\"\"\n        screen = None\n        stacktrace = None\n    \n        end_time = time.monotonic() + self._timeout\n        while True:\n            try:\n                value = method(self._driver)\n                if value:\n                    return value\n            except self._ignored_exceptions as exc:\n                screen = getattr(exc, \"screen\", None)\n                stacktrace = getattr(exc, \"stacktrace\", None)\n            time.sleep(self._poll)\n            if time.monotonic() > end_time:\n                break\n>       raise TimeoutException(message, screen, stacktrace)\nE       selenium.common.exceptions.TimeoutException: Message: \nE       Stacktrace:\nE       #0 0x55f982833793 <unknown>\nE       #1 0x55f9825271c6 <unknown>\nE       #2 0x55f982572358 <unknown>\nE       #3 0x55f982572411 <unknown>\nE       #4 0x55f9825b5934 <unknown>\nE       #5 0x55f9825943fd <unknown>\nE       #6 0x55f9825b2dd9 <unknown>\nE       #7 0x55f982594173 <unknown>\nE       #8 0x55f9825652d3 <unknown>\nE       #9 0x55f982565c9e <unknown>\nE       #10 0x55f9827f78cb <unknown>\nE       #11 0x55f9827fb745 <unknown>\nE       #12 0x55f9827e42e1 <unknown>\nE       #13 0x55f9827fc2d2 <unknown>\nE       #14 0x55f9827c817f <unknown>\nE       #15 0x55f982821dc8 <unknown>\nE       #16 0x55f982821fc3 <unknown>\nE       #17 0x55f982832944 <unknown>\nE       #18 0x7fa5ba694ac3 <unknown>\n\n.venv/lib/python3.11/site-packages/selenium/webdriver/support/wait.py:95: TimeoutException","flaky":false,"newFailed":false,"newBroken":false,"newPassed":false,"retriesCount":0,"retriesStatusChange":false,"beforeStages":[{"name":"_verify_url","time":{"start":1709168372549,"stop":1709168372549,"duration":0},"status":"passed","steps":[],"attachments":[],"parameters":[],"shouldDisplayMessage":false,"stepsCount":0,"attachmentsCount":0,"hasContent":false,"attachmentStep":false},{"name":"base_url","time":{"start":1709168372549,"stop":1709168372549,"duration":0},"status":"passed","steps":[],"attachments":[],"parameters":[],"shouldDisplayMessage":false,"stepsCount":0,"attachmentsCount":0,"hasContent":false,"attachmentStep":false},{"name":"secret_data","time":{"start":1709168372549,"stop":1709168372550,"duration":1},"status":"passed","steps":[],"attachments":[],"parameters":[],"shouldDisplayMessage":false,"stepsCount":0,"attachmentsCount":0,"hasContent":false,"attachmentStep":false},{"name":"setup_method_fixture","time":{"start":1709168453714,"stop":1709168464043,"duration":10329},"status":"broken","statusMessage":"selenium.common.exceptions.TimeoutException: Message: \nStacktrace:\n#0 0x55f982833793 <unknown>\n#1 0x55f9825271c6 <unknown>\n#2 0x55f982572358 <unknown>\n#3 0x55f982572411 <unknown>\n#4 0x55f9825b5934 <unknown>\n#5 0x55f9825943fd <unknown>\n#6 0x55f9825b2dd9 <unknown>\n#7 0x55f982594173 <unknown>\n#8 0x55f9825652d3 <unknown>\n#9 0x55f982565c9e <unknown>\n#10 0x55f9827f78cb <unknown>\n#11 0x55f9827fb745 <unknown>\n#12 0x55f9827e42e1 <unknown>\n#13 0x55f9827fc2d2 <unknown>\n#14 0x55f9827c817f <unknown>\n#15 0x55f982821dc8 <unknown>\n#16 0x55f982821fc3 <unknown>\n#17 0x55f982832944 <unknown>\n#18 0x7fa5ba694ac3 <unknown>\n\n","statusTrace":"  File \"/home/runner/work/kisangateway-test/kisangateway-test/.venv/lib/python3.11/site-packages/pluggy/_callers.py\", line 80, in _multicall\n    res = hook_impl.function(*args)\n          ^^^^^^^^^^^^^^^^^^^^^^^^^\n  File \"/home/runner/work/kisangateway-test/kisangateway-test/.venv/lib/python3.11/site-packages/_pytest/fixtures.py\", line 1123, in pytest_fixture_setup\n    result = call_fixture_func(fixturefunc, request, kwargs)\n             ^^^^^^^^^^^^^^^^^^^^^^^^^^^^^^^^^^^^^^^^^^^^^^^\n  File \"/home/runner/work/kisangateway-test/kisangateway-test/.venv/lib/python3.11/site-packages/_pytest/fixtures.py\", line 902, in call_fixture_func\n    fixture_result = fixturefunc(**kwargs)\n                     ^^^^^^^^^^^^^^^^^^^^^\n  File \"/home/runner/work/kisangateway-test/kisangateway-test/tests/test_workspaces.py\", line 23, in setup_method_fixture\n    login(secret_data, self.about_page, self.login_page)\n  File \"/home/runner/work/kisangateway-test/kisangateway-test/tests/test_workspaces.py\", line 13, in login\n    about_page.click_login_link()\n  File \"/home/runner/work/kisangateway-test/kisangateway-test/.venv/lib/python3.11/site-packages/allure_commons/_allure.py\", line 192, in impl\n    return func(*a, **kw)\n           ^^^^^^^^^^^^^^\n  File \"/home/runner/work/kisangateway-test/kisangateway-test/pages/about_page.py\", line 20, in click_login_link\n    self.click(self.LOGIN_LINK)\n  File \"/home/runner/work/kisangateway-test/kisangateway-test/pages/base_page.py\", line 38, in click\n    el: WebElement = self.wait.until(\n                     ^^^^^^^^^^^^^^^^\n  File \"/home/runner/work/kisangateway-test/kisangateway-test/.venv/lib/python3.11/site-packages/selenium/webdriver/support/wait.py\", line 95, in until\n    raise TimeoutException(message, screen, stacktrace)\n","steps":[{"name":"Click Login link","time":{"start":1709168453714,"stop":1709168464042,"duration":10328},"status":"broken","statusMessage":"selenium.common.exceptions.TimeoutException: Message: \nStacktrace:\n#0 0x55f982833793 <unknown>\n#1 0x55f9825271c6 <unknown>\n#2 0x55f982572358 <unknown>\n#3 0x55f982572411 <unknown>\n#4 0x55f9825b5934 <unknown>\n#5 0x55f9825943fd <unknown>\n#6 0x55f9825b2dd9 <unknown>\n#7 0x55f982594173 <unknown>\n#8 0x55f9825652d3 <unknown>\n#9 0x55f982565c9e <unknown>\n#10 0x55f9827f78cb <unknown>\n#11 0x55f9827fb745 <unknown>\n#12 0x55f9827e42e1 <unknown>\n#13 0x55f9827fc2d2 <unknown>\n#14 0x55f9827c817f <unknown>\n#15 0x55f982821dc8 <unknown>\n#16 0x55f982821fc3 <unknown>\n#17 0x55f982832944 <unknown>\n#18 0x7fa5ba694ac3 <unknown>\n\n","statusTrace":"  File \"/home/runner/work/kisangateway-test/kisangateway-test/.venv/lib/python3.11/site-packages/allure_commons/_allure.py\", line 192, in impl\n    return func(*a, **kw)\n           ^^^^^^^^^^^^^^\n  File \"/home/runner/work/kisangateway-test/kisangateway-test/pages/about_page.py\", line 20, in click_login_link\n    self.click(self.LOGIN_LINK)\n  File \"/home/runner/work/kisangateway-test/kisangateway-test/pages/base_page.py\", line 38, in click\n    el: WebElement = self.wait.until(\n                     ^^^^^^^^^^^^^^^^\n  File \"/home/runner/work/kisangateway-test/kisangateway-test/.venv/lib/python3.11/site-packages/selenium/webdriver/support/wait.py\", line 95, in until\n    raise TimeoutException(message, screen, stacktrace)\n","steps":[],"attachments":[],"parameters":[],"shouldDisplayMessage":true,"stepsCount":0,"attachmentsCount":0,"hasContent":true,"attachmentStep":false}],"attachments":[],"parameters":[],"shouldDisplayMessage":false,"stepsCount":1,"attachmentsCount":0,"hasContent":true,"attachmentStep":false}],"testStage":{"description":"Delete an existing workspace","status":"broken","statusMessage":"selenium.common.exceptions.TimeoutException: Message: \nStacktrace:\n#0 0x55f982833793 <unknown>\n#1 0x55f9825271c6 <unknown>\n#2 0x55f982572358 <unknown>\n#3 0x55f982572411 <unknown>\n#4 0x55f9825b5934 <unknown>\n#5 0x55f9825943fd <unknown>\n#6 0x55f9825b2dd9 <unknown>\n#7 0x55f982594173 <unknown>\n#8 0x55f9825652d3 <unknown>\n#9 0x55f982565c9e <unknown>\n#10 0x55f9827f78cb <unknown>\n#11 0x55f9827fb745 <unknown>\n#12 0x55f9827e42e1 <unknown>\n#13 0x55f9827fc2d2 <unknown>\n#14 0x55f9827c817f <unknown>\n#15 0x55f982821dc8 <unknown>\n#16 0x55f982821fc3 <unknown>\n#17 0x55f982832944 <unknown>\n#18 0x7fa5ba694ac3 <unknown>","statusTrace":"self = <tests.test_workspaces.TestWorkspaces object at 0x7f57c3299390>\nsecret_data = {'email': '', 'password': ''}\n\n    @pytest.fixture(autouse=True)\n    def setup_method_fixture(self, secret_data: dict):\n>       login(secret_data, self.about_page, self.login_page)\n\ntests/test_workspaces.py:23: \n_ _ _ _ _ _ _ _ _ _ _ _ _ _ _ _ _ _ _ _ _ _ _ _ _ _ _ _ _ _ _ _ _ _ _ _ _ _ _ _ \ntests/test_workspaces.py:13: in login\n    about_page.click_login_link()\npages/about_page.py:20: in click_login_link\n    self.click(self.LOGIN_LINK)\npages/base_page.py:38: in click\n    el: WebElement = self.wait.until(\n_ _ _ _ _ _ _ _ _ _ _ _ _ _ _ _ _ _ _ _ _ _ _ _ _ _ _ _ _ _ _ _ _ _ _ _ _ _ _ _ \n\nself = <selenium.webdriver.support.wait.WebDriverWait (session=\"3c101f79efbe48a9498bf2744d88d32c\")>\nmethod = <function element_to_be_clickable.<locals>._predicate at 0x7f57c2e199e0>\nmessage = ''\n\n    def until(self, method, message: str = \"\"):\n        \"\"\"Calls the method provided with the driver as an argument until the \\\n        return value does not evaluate to ``False``.\n    \n        :param method: callable(WebDriver)\n        :param message: optional message for :exc:`TimeoutException`\n        :returns: the result of the last call to `method`\n        :raises: :exc:`selenium.common.exceptions.TimeoutException` if timeout occurs\n        \"\"\"\n        screen = None\n        stacktrace = None\n    \n        end_time = time.monotonic() + self._timeout\n        while True:\n            try:\n                value = method(self._driver)\n                if value:\n                    return value\n            except self._ignored_exceptions as exc:\n                screen = getattr(exc, \"screen\", None)\n                stacktrace = getattr(exc, \"stacktrace\", None)\n            time.sleep(self._poll)\n            if time.monotonic() > end_time:\n                break\n>       raise TimeoutException(message, screen, stacktrace)\nE       selenium.common.exceptions.TimeoutException: Message: \nE       Stacktrace:\nE       #0 0x55f982833793 <unknown>\nE       #1 0x55f9825271c6 <unknown>\nE       #2 0x55f982572358 <unknown>\nE       #3 0x55f982572411 <unknown>\nE       #4 0x55f9825b5934 <unknown>\nE       #5 0x55f9825943fd <unknown>\nE       #6 0x55f9825b2dd9 <unknown>\nE       #7 0x55f982594173 <unknown>\nE       #8 0x55f9825652d3 <unknown>\nE       #9 0x55f982565c9e <unknown>\nE       #10 0x55f9827f78cb <unknown>\nE       #11 0x55f9827fb745 <unknown>\nE       #12 0x55f9827e42e1 <unknown>\nE       #13 0x55f9827fc2d2 <unknown>\nE       #14 0x55f9827c817f <unknown>\nE       #15 0x55f982821dc8 <unknown>\nE       #16 0x55f982821fc3 <unknown>\nE       #17 0x55f982832944 <unknown>\nE       #18 0x7fa5ba694ac3 <unknown>\n\n.venv/lib/python3.11/site-packages/selenium/webdriver/support/wait.py:95: TimeoutException","steps":[],"attachments":[{"uid":"d888bc293c62d2e5","name":"public ip address","source":"d888bc293c62d2e5.txt","type":"text/plain","size":13},{"uid":"27823d90d8db25c7","name":"Cookies","source":"27823d90d8db25c7.json","type":"application/json","size":527},{"uid":"e64b7173bd13bb45","name":"Session Storage","source":"e64b7173bd13bb45.json","type":"application/json","size":2},{"uid":"eedddf6d7b0b965c","name":"Local Storage","source":"eedddf6d7b0b965c.json","type":"application/json","size":77},{"uid":"a9d4bffee57dec5c","name":"Console Logs","source":"a9d4bffee57dec5c.json","type":"application/json","size":310},{"uid":"66448c1a7b31577c","name":"Full Page Screenshot","source":"66448c1a7b31577c.png","type":"image/png","size":2477225},{"uid":"55c18d0cb2d2614c","name":"URL","source":"55c18d0cb2d2614c.uri","type":"text/uri-list","size":25},{"uid":"534b3d5fe391ed4c","name":"Network Logs","source":"534b3d5fe391ed4c.json","type":"application/json","size":1284307}],"parameters":[],"shouldDisplayMessage":true,"stepsCount":0,"attachmentsCount":8,"hasContent":true,"attachmentStep":false},"afterStages":[],"labels":[{"name":"epic","value":"Workspaces"},{"name":"story","value":"WorkSpaces Creation and Editing Functionality"},{"name":"severity","value":"normal"},{"name":"tag","value":"run(order=3)"},{"name":"parentSuite","value":"tests"},{"name":"suite","value":"test_workspaces"},{"name":"subSuite","value":"TestWorkspaces"},{"name":"host","value":"fv-az883-316"},{"name":"thread","value":"2187-MainThread"},{"name":"framework","value":"pytest"},{"name":"language","value":"cpython3"},{"name":"package","value":"tests.test_workspaces"},{"name":"resultFormat","value":"allure2"}],"parameters":[],"links":[],"hidden":false,"retry":false,"extra":{"severity":"normal","retries":[],"categories":[{"name":"Test defects","matchedStatuses":[],"flaky":false}],"tags":["run(order=3)"]},"source":"173523326e96d6b.json","parameterValues":[]}