{"uid":"2460ba48f0673709","name":"Create new workspace test","fullName":"tests.test_workspaces.TestWorkspaces#test_create_new_workspace","historyId":"e6e849a753ae10f50b3b38fac5a7fa8e","time":{"start":1710032671488,"stop":1710032671488,"duration":0},"description":"Create new Workspace","descriptionHtml":"<p>Create new Workspace</p>\n","status":"broken","statusMessage":"selenium.common.exceptions.TimeoutException: Message: \nStacktrace:\n#0 0x55c8f1107e93 <unknown>\n#1 0x55c8f0dffce6 <unknown>\n#2 0x55c8f0e4ae48 <unknown>\n#3 0x55c8f0e4af01 <unknown>\n#4 0x55c8f0e8e3f4 <unknown>\n#5 0x55c8f0e6cedd <unknown>\n#6 0x55c8f0e8b899 <unknown>\n#7 0x55c8f0e6cc53 <unknown>\n#8 0x55c8f0e3ddb3 <unknown>\n#9 0x55c8f0e3e77e <unknown>\n#10 0x55c8f10cd7cb <unknown>\n#11 0x55c8f10d17e5 <unknown>\n#12 0x55c8f10bb0e1 <unknown>\n#13 0x55c8f10d2372 <unknown>\n#14 0x55c8f109f1bf <unknown>\n#15 0x55c8f10f6488 <unknown>\n#16 0x55c8f10f6683 <unknown>\n#17 0x55c8f1107044 <unknown>\n#18 0x7f3e3e294ac3 <unknown>","statusTrace":"self = <tests.test_workspaces.TestWorkspaces object at 0x7fe234458410>\nsecret_data = {'email': '', 'password': ''}\n\n    @pytest.fixture(autouse=True)\n    def setup_method_fixture(self, secret_data: dict):\n>       login(secret_data, self.about_page, self.login_page)\n\ntests/test_workspaces.py:23: \n_ _ _ _ _ _ _ _ _ _ _ _ _ _ _ _ _ _ _ _ _ _ _ _ _ _ _ _ _ _ _ _ _ _ _ _ _ _ _ _ \ntests/test_workspaces.py:13: in login\n    about_page.click_login_link()\npages/about_page.py:20: in click_login_link\n    self.click(self.LOGIN_LINK)\npages/base_page.py:38: in click\n    el: WebElement = self.wait.until(\n_ _ _ _ _ _ _ _ _ _ _ _ _ _ _ _ _ _ _ _ _ _ _ _ _ _ _ _ _ _ _ _ _ _ _ _ _ _ _ _ \n\nself = <selenium.webdriver.support.wait.WebDriverWait (session=\"0b31a709d144d262bfa13a5100a6c900\")>\nmethod = <function element_to_be_clickable.<locals>._predicate at 0x7fe234425260>\nmessage = ''\n\n    def until(self, method, message: str = \"\"):\n        \"\"\"Calls the method provided with the driver as an argument until the \\\n        return value does not evaluate to ``False``.\n    \n        :param method: callable(WebDriver)\n        :param message: optional message for :exc:`TimeoutException`\n        :returns: the result of the last call to `method`\n        :raises: :exc:`selenium.common.exceptions.TimeoutException` if timeout occurs\n        \"\"\"\n        screen = None\n        stacktrace = None\n    \n        end_time = time.monotonic() + self._timeout\n        while True:\n            try:\n                value = method(self._driver)\n                if value:\n                    return value\n            except self._ignored_exceptions as exc:\n                screen = getattr(exc, \"screen\", None)\n                stacktrace = getattr(exc, \"stacktrace\", None)\n            time.sleep(self._poll)\n            if time.monotonic() > end_time:\n                break\n>       raise TimeoutException(message, screen, stacktrace)\nE       selenium.common.exceptions.TimeoutException: Message: \nE       Stacktrace:\nE       #0 0x55c8f1107e93 <unknown>\nE       #1 0x55c8f0dffce6 <unknown>\nE       #2 0x55c8f0e4ae48 <unknown>\nE       #3 0x55c8f0e4af01 <unknown>\nE       #4 0x55c8f0e8e3f4 <unknown>\nE       #5 0x55c8f0e6cedd <unknown>\nE       #6 0x55c8f0e8b899 <unknown>\nE       #7 0x55c8f0e6cc53 <unknown>\nE       #8 0x55c8f0e3ddb3 <unknown>\nE       #9 0x55c8f0e3e77e <unknown>\nE       #10 0x55c8f10cd7cb <unknown>\nE       #11 0x55c8f10d17e5 <unknown>\nE       #12 0x55c8f10bb0e1 <unknown>\nE       #13 0x55c8f10d2372 <unknown>\nE       #14 0x55c8f109f1bf <unknown>\nE       #15 0x55c8f10f6488 <unknown>\nE       #16 0x55c8f10f6683 <unknown>\nE       #17 0x55c8f1107044 <unknown>\nE       #18 0x7f3e3e294ac3 <unknown>\n\n.venv/lib/python3.11/site-packages/selenium/webdriver/support/wait.py:95: TimeoutException","flaky":false,"newFailed":false,"newBroken":false,"newPassed":false,"retriesCount":0,"retriesStatusChange":false,"beforeStages":[{"name":"_verify_url","time":{"start":1710032659898,"stop":1710032659898,"duration":0},"status":"passed","steps":[],"attachments":[],"parameters":[],"shouldDisplayMessage":false,"stepsCount":0,"attachmentsCount":0,"hasContent":false,"attachmentStep":false},{"name":"secret_data","time":{"start":1710032659898,"stop":1710032659898,"duration":0},"status":"passed","steps":[],"attachments":[],"parameters":[],"shouldDisplayMessage":false,"stepsCount":0,"attachmentsCount":0,"hasContent":false,"attachmentStep":false},{"name":"base_url","time":{"start":1710032659898,"stop":1710032659898,"duration":0},"status":"passed","steps":[],"attachments":[],"parameters":[],"shouldDisplayMessage":false,"stepsCount":0,"attachmentsCount":0,"hasContent":false,"attachmentStep":false},{"name":"json_data","time":{"start":1710032659899,"stop":1710032659899,"duration":0},"status":"passed","steps":[],"attachments":[],"parameters":[],"shouldDisplayMessage":false,"stepsCount":0,"attachmentsCount":0,"hasContent":false,"attachmentStep":false},{"name":"setup_method_fixture","time":{"start":1710032672822,"stop":1710032683017,"duration":10195},"status":"broken","statusMessage":"selenium.common.exceptions.TimeoutException: Message: \nStacktrace:\n#0 0x55c8f1107e93 <unknown>\n#1 0x55c8f0dffce6 <unknown>\n#2 0x55c8f0e4ae48 <unknown>\n#3 0x55c8f0e4af01 <unknown>\n#4 0x55c8f0e8e3f4 <unknown>\n#5 0x55c8f0e6cedd <unknown>\n#6 0x55c8f0e8b899 <unknown>\n#7 0x55c8f0e6cc53 <unknown>\n#8 0x55c8f0e3ddb3 <unknown>\n#9 0x55c8f0e3e77e <unknown>\n#10 0x55c8f10cd7cb <unknown>\n#11 0x55c8f10d17e5 <unknown>\n#12 0x55c8f10bb0e1 <unknown>\n#13 0x55c8f10d2372 <unknown>\n#14 0x55c8f109f1bf <unknown>\n#15 0x55c8f10f6488 <unknown>\n#16 0x55c8f10f6683 <unknown>\n#17 0x55c8f1107044 <unknown>\n#18 0x7f3e3e294ac3 <unknown>\n\n","statusTrace":"  File \"/home/runner/work/kisangateway-test/kisangateway-test/.venv/lib/python3.11/site-packages/pluggy/_callers.py\", line 80, in _multicall\n    res = hook_impl.function(*args)\n          ^^^^^^^^^^^^^^^^^^^^^^^^^\n  File \"/home/runner/work/kisangateway-test/kisangateway-test/.venv/lib/python3.11/site-packages/_pytest/fixtures.py\", line 1123, in pytest_fixture_setup\n    result = call_fixture_func(fixturefunc, request, kwargs)\n             ^^^^^^^^^^^^^^^^^^^^^^^^^^^^^^^^^^^^^^^^^^^^^^^\n  File \"/home/runner/work/kisangateway-test/kisangateway-test/.venv/lib/python3.11/site-packages/_pytest/fixtures.py\", line 902, in call_fixture_func\n    fixture_result = fixturefunc(**kwargs)\n                     ^^^^^^^^^^^^^^^^^^^^^\n  File \"/home/runner/work/kisangateway-test/kisangateway-test/tests/test_workspaces.py\", line 23, in setup_method_fixture\n    login(secret_data, self.about_page, self.login_page)\n  File \"/home/runner/work/kisangateway-test/kisangateway-test/tests/test_workspaces.py\", line 13, in login\n    about_page.click_login_link()\n  File \"/home/runner/work/kisangateway-test/kisangateway-test/.venv/lib/python3.11/site-packages/allure_commons/_allure.py\", line 192, in impl\n    return func(*a, **kw)\n           ^^^^^^^^^^^^^^\n  File \"/home/runner/work/kisangateway-test/kisangateway-test/pages/about_page.py\", line 20, in click_login_link\n    self.click(self.LOGIN_LINK)\n  File \"/home/runner/work/kisangateway-test/kisangateway-test/pages/base_page.py\", line 38, in click\n    el: WebElement = self.wait.until(\n                     ^^^^^^^^^^^^^^^^\n  File \"/home/runner/work/kisangateway-test/kisangateway-test/.venv/lib/python3.11/site-packages/selenium/webdriver/support/wait.py\", line 95, in until\n    raise TimeoutException(message, screen, stacktrace)\n","steps":[{"name":"Click Login link","time":{"start":1710032672822,"stop":1710032683016,"duration":10194},"status":"broken","statusMessage":"selenium.common.exceptions.TimeoutException: Message: \nStacktrace:\n#0 0x55c8f1107e93 <unknown>\n#1 0x55c8f0dffce6 <unknown>\n#2 0x55c8f0e4ae48 <unknown>\n#3 0x55c8f0e4af01 <unknown>\n#4 0x55c8f0e8e3f4 <unknown>\n#5 0x55c8f0e6cedd <unknown>\n#6 0x55c8f0e8b899 <unknown>\n#7 0x55c8f0e6cc53 <unknown>\n#8 0x55c8f0e3ddb3 <unknown>\n#9 0x55c8f0e3e77e <unknown>\n#10 0x55c8f10cd7cb <unknown>\n#11 0x55c8f10d17e5 <unknown>\n#12 0x55c8f10bb0e1 <unknown>\n#13 0x55c8f10d2372 <unknown>\n#14 0x55c8f109f1bf <unknown>\n#15 0x55c8f10f6488 <unknown>\n#16 0x55c8f10f6683 <unknown>\n#17 0x55c8f1107044 <unknown>\n#18 0x7f3e3e294ac3 <unknown>\n\n","statusTrace":"  File \"/home/runner/work/kisangateway-test/kisangateway-test/.venv/lib/python3.11/site-packages/allure_commons/_allure.py\", line 192, in impl\n    return func(*a, **kw)\n           ^^^^^^^^^^^^^^\n  File \"/home/runner/work/kisangateway-test/kisangateway-test/pages/about_page.py\", line 20, in click_login_link\n    self.click(self.LOGIN_LINK)\n  File \"/home/runner/work/kisangateway-test/kisangateway-test/pages/base_page.py\", line 38, in click\n    el: WebElement = self.wait.until(\n                     ^^^^^^^^^^^^^^^^\n  File \"/home/runner/work/kisangateway-test/kisangateway-test/.venv/lib/python3.11/site-packages/selenium/webdriver/support/wait.py\", line 95, in until\n    raise TimeoutException(message, screen, stacktrace)\n","steps":[],"attachments":[],"parameters":[],"shouldDisplayMessage":true,"stepsCount":0,"attachmentsCount":0,"hasContent":true,"attachmentStep":false}],"attachments":[],"parameters":[],"shouldDisplayMessage":false,"stepsCount":1,"attachmentsCount":0,"hasContent":true,"attachmentStep":false}],"testStage":{"description":"Create new Workspace","status":"broken","statusMessage":"selenium.common.exceptions.TimeoutException: Message: \nStacktrace:\n#0 0x55c8f1107e93 <unknown>\n#1 0x55c8f0dffce6 <unknown>\n#2 0x55c8f0e4ae48 <unknown>\n#3 0x55c8f0e4af01 <unknown>\n#4 0x55c8f0e8e3f4 <unknown>\n#5 0x55c8f0e6cedd <unknown>\n#6 0x55c8f0e8b899 <unknown>\n#7 0x55c8f0e6cc53 <unknown>\n#8 0x55c8f0e3ddb3 <unknown>\n#9 0x55c8f0e3e77e <unknown>\n#10 0x55c8f10cd7cb <unknown>\n#11 0x55c8f10d17e5 <unknown>\n#12 0x55c8f10bb0e1 <unknown>\n#13 0x55c8f10d2372 <unknown>\n#14 0x55c8f109f1bf <unknown>\n#15 0x55c8f10f6488 <unknown>\n#16 0x55c8f10f6683 <unknown>\n#17 0x55c8f1107044 <unknown>\n#18 0x7f3e3e294ac3 <unknown>","statusTrace":"self = <tests.test_workspaces.TestWorkspaces object at 0x7fe234458410>\nsecret_data = {'email': '', 'password': ''}\n\n    @pytest.fixture(autouse=True)\n    def setup_method_fixture(self, secret_data: dict):\n>       login(secret_data, self.about_page, self.login_page)\n\ntests/test_workspaces.py:23: \n_ _ _ _ _ _ _ _ _ _ _ _ _ _ _ _ _ _ _ _ _ _ _ _ _ _ _ _ _ _ _ _ _ _ _ _ _ _ _ _ \ntests/test_workspaces.py:13: in login\n    about_page.click_login_link()\npages/about_page.py:20: in click_login_link\n    self.click(self.LOGIN_LINK)\npages/base_page.py:38: in click\n    el: WebElement = self.wait.until(\n_ _ _ _ _ _ _ _ _ _ _ _ _ _ _ _ _ _ _ _ _ _ _ _ _ _ _ _ _ _ _ _ _ _ _ _ _ _ _ _ \n\nself = <selenium.webdriver.support.wait.WebDriverWait (session=\"0b31a709d144d262bfa13a5100a6c900\")>\nmethod = <function element_to_be_clickable.<locals>._predicate at 0x7fe234425260>\nmessage = ''\n\n    def until(self, method, message: str = \"\"):\n        \"\"\"Calls the method provided with the driver as an argument until the \\\n        return value does not evaluate to ``False``.\n    \n        :param method: callable(WebDriver)\n        :param message: optional message for :exc:`TimeoutException`\n        :returns: the result of the last call to `method`\n        :raises: :exc:`selenium.common.exceptions.TimeoutException` if timeout occurs\n        \"\"\"\n        screen = None\n        stacktrace = None\n    \n        end_time = time.monotonic() + self._timeout\n        while True:\n            try:\n                value = method(self._driver)\n                if value:\n                    return value\n            except self._ignored_exceptions as exc:\n                screen = getattr(exc, \"screen\", None)\n                stacktrace = getattr(exc, \"stacktrace\", None)\n            time.sleep(self._poll)\n            if time.monotonic() > end_time:\n                break\n>       raise TimeoutException(message, screen, stacktrace)\nE       selenium.common.exceptions.TimeoutException: Message: \nE       Stacktrace:\nE       #0 0x55c8f1107e93 <unknown>\nE       #1 0x55c8f0dffce6 <unknown>\nE       #2 0x55c8f0e4ae48 <unknown>\nE       #3 0x55c8f0e4af01 <unknown>\nE       #4 0x55c8f0e8e3f4 <unknown>\nE       #5 0x55c8f0e6cedd <unknown>\nE       #6 0x55c8f0e8b899 <unknown>\nE       #7 0x55c8f0e6cc53 <unknown>\nE       #8 0x55c8f0e3ddb3 <unknown>\nE       #9 0x55c8f0e3e77e <unknown>\nE       #10 0x55c8f10cd7cb <unknown>\nE       #11 0x55c8f10d17e5 <unknown>\nE       #12 0x55c8f10bb0e1 <unknown>\nE       #13 0x55c8f10d2372 <unknown>\nE       #14 0x55c8f109f1bf <unknown>\nE       #15 0x55c8f10f6488 <unknown>\nE       #16 0x55c8f10f6683 <unknown>\nE       #17 0x55c8f1107044 <unknown>\nE       #18 0x7f3e3e294ac3 <unknown>\n\n.venv/lib/python3.11/site-packages/selenium/webdriver/support/wait.py:95: TimeoutException","steps":[],"attachments":[{"uid":"2fbe841640c75be7","name":"public ip address","source":"2fbe841640c75be7.txt","type":"text/plain","size":13},{"uid":"7c386f5c708b7e83","name":"Cookies","source":"7c386f5c708b7e83.json","type":"application/json","size":527},{"uid":"4c829769ba11658b","name":"Session Storage","source":"4c829769ba11658b.json","type":"application/json","size":2},{"uid":"22f39dfc86d42382","name":"Local Storage","source":"22f39dfc86d42382.json","type":"application/json","size":77},{"uid":"bdc930c2408074ab","name":"Console Logs","source":"bdc930c2408074ab.json","type":"application/json","size":310},{"uid":"61be8380bb72fce1","name":"Full Page Screenshot","source":"61be8380bb72fce1.png","type":"image/png","size":2477225},{"uid":"dacd84e3bcf204a5","name":"URL","source":"dacd84e3bcf204a5.uri","type":"text/uri-list","size":25},{"uid":"e12bede600524a6","name":"Network Logs","source":"e12bede600524a6.json","type":"application/json","size":1285428}],"parameters":[],"shouldDisplayMessage":true,"stepsCount":0,"attachmentsCount":8,"hasContent":true,"attachmentStep":false},"afterStages":[],"labels":[{"name":"story","value":"WorkSpaces Creation and Editing Functionality"},{"name":"severity","value":"normal"},{"name":"epic","value":"Workspaces"},{"name":"tag","value":"run(order=1)"},{"name":"parentSuite","value":"tests"},{"name":"suite","value":"test_workspaces"},{"name":"subSuite","value":"TestWorkspaces"},{"name":"host","value":"fv-az564-124"},{"name":"thread","value":"2388-MainThread"},{"name":"framework","value":"pytest"},{"name":"language","value":"cpython3"},{"name":"package","value":"tests.test_workspaces"},{"name":"resultFormat","value":"allure2"}],"parameters":[],"links":[],"hidden":false,"retry":false,"extra":{"severity":"normal","retries":[],"categories":[{"name":"Test defects","matchedStatuses":[],"flaky":false}],"tags":["run(order=1)"]},"source":"2460ba48f0673709.json","parameterValues":[]}