{"uid":"e7d5cd51d1ca56a6","name":"Forgot Password with invalid email test","fullName":"tests.test_forgot_password.TestForgotPassword#test_invalid_email","historyId":"3743e16c5d15da2a1434ee4e2dd39a43","time":{"start":1710032838089,"stop":1710032848423,"duration":10334},"description":"Forgot Password with invalid email address","descriptionHtml":"<p>Forgot Password with invalid email address</p>\n","status":"broken","statusMessage":"selenium.common.exceptions.TimeoutException: Message: \nStacktrace:\n#0 0x5606413b6e93 <unknown>\n#1 0x5606410aece6 <unknown>\n#2 0x5606410f9e48 <unknown>\n#3 0x5606410f9f01 <unknown>\n#4 0x56064113d3f4 <unknown>\n#5 0x56064111bedd <unknown>\n#6 0x56064113a899 <unknown>\n#7 0x56064111bc53 <unknown>\n#8 0x5606410ecdb3 <unknown>\n#9 0x5606410ed77e <unknown>\n#10 0x56064137c7cb <unknown>\n#11 0x5606413807e5 <unknown>\n#12 0x56064136a0e1 <unknown>\n#13 0x560641381372 <unknown>\n#14 0x56064134e1bf <unknown>\n#15 0x5606413a5488 <unknown>\n#16 0x5606413a5683 <unknown>\n#17 0x5606413b6044 <unknown>\n#18 0x7fbc7ce94ac3 <unknown>","statusTrace":"self = <tests.test_forgot_password.TestForgotPassword object at 0x7fe234551a10>\nexcel_reader = <utils.excel_parser.ExcelParser object at 0x7fe2342eab10>\njson_data = {'forgot_password': {'error_message': \"We can't find a user with that e-mail address.\", 'success_message': 'A reset li...you page', 'name': 'test', 'new_name': 'another test', 'no_project_found_msg': 'No project matches the criteria', ...}}\n\n    @allure.description(\"Forgot Password with invalid email address\")\n    @allure.title(\"Forgot Password with invalid email test\")\n    def test_invalid_email(self, excel_reader, json_data: dict):\n        emails = excel_reader.read_from_excel(\"Emails\")\n>       self.about_page.click_login_link()\n\ntests/test_forgot_password.py:31: \n_ _ _ _ _ _ _ _ _ _ _ _ _ _ _ _ _ _ _ _ _ _ _ _ _ _ _ _ _ _ _ _ _ _ _ _ _ _ _ _ \npages/about_page.py:20: in click_login_link\n    self.click(self.LOGIN_LINK)\npages/base_page.py:38: in click\n    el: WebElement = self.wait.until(\n_ _ _ _ _ _ _ _ _ _ _ _ _ _ _ _ _ _ _ _ _ _ _ _ _ _ _ _ _ _ _ _ _ _ _ _ _ _ _ _ \n\nself = <selenium.webdriver.support.wait.WebDriverWait (session=\"b71173542c341337c0385b59b2bff123\")>\nmethod = <function element_to_be_clickable.<locals>._predicate at 0x7fe2340784a0>\nmessage = ''\n\n    def until(self, method, message: str = \"\"):\n        \"\"\"Calls the method provided with the driver as an argument until the \\\n        return value does not evaluate to ``False``.\n    \n        :param method: callable(WebDriver)\n        :param message: optional message for :exc:`TimeoutException`\n        :returns: the result of the last call to `method`\n        :raises: :exc:`selenium.common.exceptions.TimeoutException` if timeout occurs\n        \"\"\"\n        screen = None\n        stacktrace = None\n    \n        end_time = time.monotonic() + self._timeout\n        while True:\n            try:\n                value = method(self._driver)\n                if value:\n                    return value\n            except self._ignored_exceptions as exc:\n                screen = getattr(exc, \"screen\", None)\n                stacktrace = getattr(exc, \"stacktrace\", None)\n            time.sleep(self._poll)\n            if time.monotonic() > end_time:\n                break\n>       raise TimeoutException(message, screen, stacktrace)\nE       selenium.common.exceptions.TimeoutException: Message: \nE       Stacktrace:\nE       #0 0x5606413b6e93 <unknown>\nE       #1 0x5606410aece6 <unknown>\nE       #2 0x5606410f9e48 <unknown>\nE       #3 0x5606410f9f01 <unknown>\nE       #4 0x56064113d3f4 <unknown>\nE       #5 0x56064111bedd <unknown>\nE       #6 0x56064113a899 <unknown>\nE       #7 0x56064111bc53 <unknown>\nE       #8 0x5606410ecdb3 <unknown>\nE       #9 0x5606410ed77e <unknown>\nE       #10 0x56064137c7cb <unknown>\nE       #11 0x5606413807e5 <unknown>\nE       #12 0x56064136a0e1 <unknown>\nE       #13 0x560641381372 <unknown>\nE       #14 0x56064134e1bf <unknown>\nE       #15 0x5606413a5488 <unknown>\nE       #16 0x5606413a5683 <unknown>\nE       #17 0x5606413b6044 <unknown>\nE       #18 0x7fbc7ce94ac3 <unknown>\n\n.venv/lib/python3.11/site-packages/selenium/webdriver/support/wait.py:95: TimeoutException","flaky":false,"newFailed":false,"newBroken":false,"newPassed":false,"retriesCount":0,"retriesStatusChange":false,"beforeStages":[{"name":"_verify_url","time":{"start":1710032659898,"stop":1710032659898,"duration":0},"status":"passed","steps":[],"attachments":[],"parameters":[],"shouldDisplayMessage":false,"stepsCount":0,"attachmentsCount":0,"hasContent":false,"attachmentStep":false},{"name":"base_url","time":{"start":1710032659898,"stop":1710032659898,"duration":0},"status":"passed","steps":[],"attachments":[],"parameters":[],"shouldDisplayMessage":false,"stepsCount":0,"attachmentsCount":0,"hasContent":false,"attachmentStep":false},{"name":"json_data","time":{"start":1710032659899,"stop":1710032659899,"duration":0},"status":"passed","steps":[],"attachments":[],"parameters":[],"shouldDisplayMessage":false,"stepsCount":0,"attachmentsCount":0,"hasContent":false,"attachmentStep":false},{"name":"excel_reader","time":{"start":1710032838089,"stop":1710032838089,"duration":0},"status":"passed","steps":[],"attachments":[],"parameters":[],"shouldDisplayMessage":false,"stepsCount":0,"attachmentsCount":0,"hasContent":false,"attachmentStep":false}],"testStage":{"description":"Forgot Password with invalid email address","status":"broken","statusMessage":"selenium.common.exceptions.TimeoutException: Message: \nStacktrace:\n#0 0x5606413b6e93 <unknown>\n#1 0x5606410aece6 <unknown>\n#2 0x5606410f9e48 <unknown>\n#3 0x5606410f9f01 <unknown>\n#4 0x56064113d3f4 <unknown>\n#5 0x56064111bedd <unknown>\n#6 0x56064113a899 <unknown>\n#7 0x56064111bc53 <unknown>\n#8 0x5606410ecdb3 <unknown>\n#9 0x5606410ed77e <unknown>\n#10 0x56064137c7cb <unknown>\n#11 0x5606413807e5 <unknown>\n#12 0x56064136a0e1 <unknown>\n#13 0x560641381372 <unknown>\n#14 0x56064134e1bf <unknown>\n#15 0x5606413a5488 <unknown>\n#16 0x5606413a5683 <unknown>\n#17 0x5606413b6044 <unknown>\n#18 0x7fbc7ce94ac3 <unknown>","statusTrace":"self = <tests.test_forgot_password.TestForgotPassword object at 0x7fe234551a10>\nexcel_reader = <utils.excel_parser.ExcelParser object at 0x7fe2342eab10>\njson_data = {'forgot_password': {'error_message': \"We can't find a user with that e-mail address.\", 'success_message': 'A reset li...you page', 'name': 'test', 'new_name': 'another test', 'no_project_found_msg': 'No project matches the criteria', ...}}\n\n    @allure.description(\"Forgot Password with invalid email address\")\n    @allure.title(\"Forgot Password with invalid email test\")\n    def test_invalid_email(self, excel_reader, json_data: dict):\n        emails = excel_reader.read_from_excel(\"Emails\")\n>       self.about_page.click_login_link()\n\ntests/test_forgot_password.py:31: \n_ _ _ _ _ _ _ _ _ _ _ _ _ _ _ _ _ _ _ _ _ _ _ _ _ _ _ _ _ _ _ _ _ _ _ _ _ _ _ _ \npages/about_page.py:20: in click_login_link\n    self.click(self.LOGIN_LINK)\npages/base_page.py:38: in click\n    el: WebElement = self.wait.until(\n_ _ _ _ _ _ _ _ _ _ _ _ _ _ _ _ _ _ _ _ _ _ _ _ _ _ _ _ _ _ _ _ _ _ _ _ _ _ _ _ \n\nself = <selenium.webdriver.support.wait.WebDriverWait (session=\"b71173542c341337c0385b59b2bff123\")>\nmethod = <function element_to_be_clickable.<locals>._predicate at 0x7fe2340784a0>\nmessage = ''\n\n    def until(self, method, message: str = \"\"):\n        \"\"\"Calls the method provided with the driver as an argument until the \\\n        return value does not evaluate to ``False``.\n    \n        :param method: callable(WebDriver)\n        :param message: optional message for :exc:`TimeoutException`\n        :returns: the result of the last call to `method`\n        :raises: :exc:`selenium.common.exceptions.TimeoutException` if timeout occurs\n        \"\"\"\n        screen = None\n        stacktrace = None\n    \n        end_time = time.monotonic() + self._timeout\n        while True:\n            try:\n                value = method(self._driver)\n                if value:\n                    return value\n            except self._ignored_exceptions as exc:\n                screen = getattr(exc, \"screen\", None)\n                stacktrace = getattr(exc, \"stacktrace\", None)\n            time.sleep(self._poll)\n            if time.monotonic() > end_time:\n                break\n>       raise TimeoutException(message, screen, stacktrace)\nE       selenium.common.exceptions.TimeoutException: Message: \nE       Stacktrace:\nE       #0 0x5606413b6e93 <unknown>\nE       #1 0x5606410aece6 <unknown>\nE       #2 0x5606410f9e48 <unknown>\nE       #3 0x5606410f9f01 <unknown>\nE       #4 0x56064113d3f4 <unknown>\nE       #5 0x56064111bedd <unknown>\nE       #6 0x56064113a899 <unknown>\nE       #7 0x56064111bc53 <unknown>\nE       #8 0x5606410ecdb3 <unknown>\nE       #9 0x5606410ed77e <unknown>\nE       #10 0x56064137c7cb <unknown>\nE       #11 0x5606413807e5 <unknown>\nE       #12 0x56064136a0e1 <unknown>\nE       #13 0x560641381372 <unknown>\nE       #14 0x56064134e1bf <unknown>\nE       #15 0x5606413a5488 <unknown>\nE       #16 0x5606413a5683 <unknown>\nE       #17 0x5606413b6044 <unknown>\nE       #18 0x7fbc7ce94ac3 <unknown>\n\n.venv/lib/python3.11/site-packages/selenium/webdriver/support/wait.py:95: TimeoutException","steps":[{"name":"Click Login link","time":{"start":1710032838135,"stop":1710032848423,"duration":10288},"status":"broken","statusMessage":"selenium.common.exceptions.TimeoutException: Message: \nStacktrace:\n#0 0x5606413b6e93 <unknown>\n#1 0x5606410aece6 <unknown>\n#2 0x5606410f9e48 <unknown>\n#3 0x5606410f9f01 <unknown>\n#4 0x56064113d3f4 <unknown>\n#5 0x56064111bedd <unknown>\n#6 0x56064113a899 <unknown>\n#7 0x56064111bc53 <unknown>\n#8 0x5606410ecdb3 <unknown>\n#9 0x5606410ed77e <unknown>\n#10 0x56064137c7cb <unknown>\n#11 0x5606413807e5 <unknown>\n#12 0x56064136a0e1 <unknown>\n#13 0x560641381372 <unknown>\n#14 0x56064134e1bf <unknown>\n#15 0x5606413a5488 <unknown>\n#16 0x5606413a5683 <unknown>\n#17 0x5606413b6044 <unknown>\n#18 0x7fbc7ce94ac3 <unknown>\n\n","statusTrace":"  File \"/home/runner/work/kisangateway-test/kisangateway-test/.venv/lib/python3.11/site-packages/allure_commons/_allure.py\", line 192, in impl\n    return func(*a, **kw)\n           ^^^^^^^^^^^^^^\n  File \"/home/runner/work/kisangateway-test/kisangateway-test/pages/about_page.py\", line 20, in click_login_link\n    self.click(self.LOGIN_LINK)\n  File \"/home/runner/work/kisangateway-test/kisangateway-test/pages/base_page.py\", line 38, in click\n    el: WebElement = self.wait.until(\n                     ^^^^^^^^^^^^^^^^\n  File \"/home/runner/work/kisangateway-test/kisangateway-test/.venv/lib/python3.11/site-packages/selenium/webdriver/support/wait.py\", line 95, in until\n    raise TimeoutException(message, screen, stacktrace)\n","steps":[],"attachments":[],"parameters":[],"shouldDisplayMessage":true,"stepsCount":0,"attachmentsCount":0,"hasContent":true,"attachmentStep":false}],"attachments":[{"uid":"58fdfff521a132be","name":"public ip address","source":"58fdfff521a132be.txt","type":"text/plain","size":13},{"uid":"6732e7b973d2e3a9","name":"Cookies","source":"6732e7b973d2e3a9.json","type":"application/json","size":526},{"uid":"5841200c80d136bf","name":"Session Storage","source":"5841200c80d136bf.json","type":"application/json","size":2},{"uid":"d594d2eba4005feb","name":"Local Storage","source":"d594d2eba4005feb.json","type":"application/json","size":77},{"uid":"ca4a21e53f202c04","name":"Console Logs","source":"ca4a21e53f202c04.json","type":"application/json","size":310},{"uid":"98f9003b13df796","name":"Full Page Screenshot","source":"98f9003b13df796.png","type":"image/png","size":2477225},{"uid":"15e405182d088a2c","name":"URL","source":"15e405182d088a2c.uri","type":"text/uri-list","size":25},{"uid":"313dc41212569e76","name":"Network Logs","source":"313dc41212569e76.json","type":"application/json","size":1285411}],"parameters":[],"shouldDisplayMessage":true,"stepsCount":1,"attachmentsCount":8,"hasContent":true,"attachmentStep":false},"afterStages":[],"labels":[{"name":"subSuite","value":"Custom sub suite"},{"name":"epic","value":"Security"},{"name":"parentSuite","value":"Custom parent suite"},{"name":"story","value":"Forgot Password Feature's Functionality"},{"name":"suite","value":"Custom suite"},{"name":"severity","value":"critical"},{"name":"tag","value":"security"},{"name":"host","value":"fv-az564-124"},{"name":"thread","value":"2388-MainThread"},{"name":"framework","value":"pytest"},{"name":"language","value":"cpython3"},{"name":"package","value":"tests.test_forgot_password"},{"name":"resultFormat","value":"allure2"}],"parameters":[],"links":[],"hidden":false,"retry":false,"extra":{"severity":"critical","retries":[],"categories":[{"name":"Test defects","matchedStatuses":[],"flaky":false}],"tags":["security"]},"source":"e7d5cd51d1ca56a6.json","parameterValues":[]}