{"uid":"5fff9f1b0f6dc4ff","name":"Login with invalid credentials test","fullName":"tests.test_login.TestLogin#test_invalid_login","historyId":"ebd85894ef649ef37954355e1db2cb03","time":{"start":1708045268369,"stop":1708045278670,"duration":10301},"description":"invalid login","descriptionHtml":"<p>invalid login</p>\n","status":"broken","statusMessage":"selenium.common.exceptions.TimeoutException: Message: \nStacktrace:\n#0 0x55d19c64ed93 <unknown>\n#1 0x55d19c332337 <unknown>\n#2 0x55d19c37dd60 <unknown>\n#3 0x55d19c37de51 <unknown>\n#4 0x55d19c3c1bc4 <unknown>\n#5 0x55d19c3a046d <unknown>\n#6 0x55d19c3bf12d <unknown>\n#7 0x55d19c3a01e3 <unknown>\n#8 0x55d19c370135 <unknown>\n#9 0x55d19c37113e <unknown>\n#10 0x55d19c612e4b <unknown>\n#11 0x55d19c616dfa <unknown>\n#12 0x55d19c5ff6d5 <unknown>\n#13 0x55d19c617a6f <unknown>\n#14 0x55d19c5e369f <unknown>\n#15 0x55d19c63c098 <unknown>\n#16 0x55d19c63c262 <unknown>\n#17 0x55d19c64df34 <unknown>\n#18 0x7fe27d894ac3 <unknown>","statusTrace":"self = <tests.test_login.TestLogin object at 0x7f4fc09143d0>\nemail = 'elias@gmail.com', password = '12345Tr'\njson_data = {'forgot_password': {'error_message': \"We can't find a user with that e-mail address.\", 'success_message': 'A reset li...you page', 'name': 'test', 'new_name': 'another test', 'no_project_found_msg': 'No project matches the criteria', ...}}\n\n    @allure.description(\"invalid login\")\n    @allure.title(\"Login with invalid credentials test\")\n    @pytest.mark.parametrize(\"email, password\", users)\n    @pytest.mark.run(order=3)\n    def test_invalid_login(self, email: str, password: str, json_data: dict):\n>       self.about_page.click_login_link()\n\ntests/test_login.py:22: \n_ _ _ _ _ _ _ _ _ _ _ _ _ _ _ _ _ _ _ _ _ _ _ _ _ _ _ _ _ _ _ _ _ _ _ _ _ _ _ _ \npages/about_page.py:20: in click_login_link\n    self.click(self.LOGIN_LINK)\npages/base_page.py:38: in click\n    el: WebElement = self.wait.until(\n_ _ _ _ _ _ _ _ _ _ _ _ _ _ _ _ _ _ _ _ _ _ _ _ _ _ _ _ _ _ _ _ _ _ _ _ _ _ _ _ \n\nself = <selenium.webdriver.support.wait.WebDriverWait (session=\"d691a6ef232459ff70aec5e78ba40ce7\")>\nmethod = <function element_to_be_clickable.<locals>._predicate at 0x7f4fc04c5800>\nmessage = ''\n\n    def until(self, method, message: str = \"\"):\n        \"\"\"Calls the method provided with the driver as an argument until the \\\n        return value does not evaluate to ``False``.\n    \n        :param method: callable(WebDriver)\n        :param message: optional message for :exc:`TimeoutException`\n        :returns: the result of the last call to `method`\n        :raises: :exc:`selenium.common.exceptions.TimeoutException` if timeout occurs\n        \"\"\"\n        screen = None\n        stacktrace = None\n    \n        end_time = time.monotonic() + self._timeout\n        while True:\n            try:\n                value = method(self._driver)\n                if value:\n                    return value\n            except self._ignored_exceptions as exc:\n                screen = getattr(exc, \"screen\", None)\n                stacktrace = getattr(exc, \"stacktrace\", None)\n            time.sleep(self._poll)\n            if time.monotonic() > end_time:\n                break\n>       raise TimeoutException(message, screen, stacktrace)\nE       selenium.common.exceptions.TimeoutException: Message: \nE       Stacktrace:\nE       #0 0x55d19c64ed93 <unknown>\nE       #1 0x55d19c332337 <unknown>\nE       #2 0x55d19c37dd60 <unknown>\nE       #3 0x55d19c37de51 <unknown>\nE       #4 0x55d19c3c1bc4 <unknown>\nE       #5 0x55d19c3a046d <unknown>\nE       #6 0x55d19c3bf12d <unknown>\nE       #7 0x55d19c3a01e3 <unknown>\nE       #8 0x55d19c370135 <unknown>\nE       #9 0x55d19c37113e <unknown>\nE       #10 0x55d19c612e4b <unknown>\nE       #11 0x55d19c616dfa <unknown>\nE       #12 0x55d19c5ff6d5 <unknown>\nE       #13 0x55d19c617a6f <unknown>\nE       #14 0x55d19c5e369f <unknown>\nE       #15 0x55d19c63c098 <unknown>\nE       #16 0x55d19c63c262 <unknown>\nE       #17 0x55d19c64df34 <unknown>\nE       #18 0x7fe27d894ac3 <unknown>\n\n.venv/lib/python3.11/site-packages/selenium/webdriver/support/wait.py:95: TimeoutException","flaky":false,"newFailed":false,"newBroken":false,"newPassed":false,"retriesCount":0,"retriesStatusChange":false,"beforeStages":[{"name":"_verify_url","time":{"start":1708045205353,"stop":1708045205353,"duration":0},"status":"passed","steps":[],"attachments":[],"parameters":[],"shouldDisplayMessage":false,"stepsCount":0,"attachmentsCount":0,"hasContent":false,"attachmentStep":false},{"name":"base_url","time":{"start":1708045205353,"stop":1708045205353,"duration":0},"status":"passed","steps":[],"attachments":[],"parameters":[],"shouldDisplayMessage":false,"stepsCount":0,"attachmentsCount":0,"hasContent":false,"attachmentStep":false},{"name":"json_data","time":{"start":1708045205354,"stop":1708045205354,"duration":0},"status":"passed","steps":[],"attachments":[],"parameters":[],"shouldDisplayMessage":false,"stepsCount":0,"attachmentsCount":0,"hasContent":false,"attachmentStep":false}],"testStage":{"description":"invalid login","status":"broken","statusMessage":"selenium.common.exceptions.TimeoutException: Message: \nStacktrace:\n#0 0x55d19c64ed93 <unknown>\n#1 0x55d19c332337 <unknown>\n#2 0x55d19c37dd60 <unknown>\n#3 0x55d19c37de51 <unknown>\n#4 0x55d19c3c1bc4 <unknown>\n#5 0x55d19c3a046d <unknown>\n#6 0x55d19c3bf12d <unknown>\n#7 0x55d19c3a01e3 <unknown>\n#8 0x55d19c370135 <unknown>\n#9 0x55d19c37113e <unknown>\n#10 0x55d19c612e4b <unknown>\n#11 0x55d19c616dfa <unknown>\n#12 0x55d19c5ff6d5 <unknown>\n#13 0x55d19c617a6f <unknown>\n#14 0x55d19c5e369f <unknown>\n#15 0x55d19c63c098 <unknown>\n#16 0x55d19c63c262 <unknown>\n#17 0x55d19c64df34 <unknown>\n#18 0x7fe27d894ac3 <unknown>","statusTrace":"self = <tests.test_login.TestLogin object at 0x7f4fc09143d0>\nemail = 'elias@gmail.com', password = '12345Tr'\njson_data = {'forgot_password': {'error_message': \"We can't find a user with that e-mail address.\", 'success_message': 'A reset li...you page', 'name': 'test', 'new_name': 'another test', 'no_project_found_msg': 'No project matches the criteria', ...}}\n\n    @allure.description(\"invalid login\")\n    @allure.title(\"Login with invalid credentials test\")\n    @pytest.mark.parametrize(\"email, password\", users)\n    @pytest.mark.run(order=3)\n    def test_invalid_login(self, email: str, password: str, json_data: dict):\n>       self.about_page.click_login_link()\n\ntests/test_login.py:22: \n_ _ _ _ _ _ _ _ _ _ _ _ _ _ _ _ _ _ _ _ _ _ _ _ _ _ _ _ _ _ _ _ _ _ _ _ _ _ _ _ \npages/about_page.py:20: in click_login_link\n    self.click(self.LOGIN_LINK)\npages/base_page.py:38: in click\n    el: WebElement = self.wait.until(\n_ _ _ _ _ _ _ _ _ _ _ _ _ _ _ _ _ _ _ _ _ _ _ _ _ _ _ _ _ _ _ _ _ _ _ _ _ _ _ _ \n\nself = <selenium.webdriver.support.wait.WebDriverWait (session=\"d691a6ef232459ff70aec5e78ba40ce7\")>\nmethod = <function element_to_be_clickable.<locals>._predicate at 0x7f4fc04c5800>\nmessage = ''\n\n    def until(self, method, message: str = \"\"):\n        \"\"\"Calls the method provided with the driver as an argument until the \\\n        return value does not evaluate to ``False``.\n    \n        :param method: callable(WebDriver)\n        :param message: optional message for :exc:`TimeoutException`\n        :returns: the result of the last call to `method`\n        :raises: :exc:`selenium.common.exceptions.TimeoutException` if timeout occurs\n        \"\"\"\n        screen = None\n        stacktrace = None\n    \n        end_time = time.monotonic() + self._timeout\n        while True:\n            try:\n                value = method(self._driver)\n                if value:\n                    return value\n            except self._ignored_exceptions as exc:\n                screen = getattr(exc, \"screen\", None)\n                stacktrace = getattr(exc, \"stacktrace\", None)\n            time.sleep(self._poll)\n            if time.monotonic() > end_time:\n                break\n>       raise TimeoutException(message, screen, stacktrace)\nE       selenium.common.exceptions.TimeoutException: Message: \nE       Stacktrace:\nE       #0 0x55d19c64ed93 <unknown>\nE       #1 0x55d19c332337 <unknown>\nE       #2 0x55d19c37dd60 <unknown>\nE       #3 0x55d19c37de51 <unknown>\nE       #4 0x55d19c3c1bc4 <unknown>\nE       #5 0x55d19c3a046d <unknown>\nE       #6 0x55d19c3bf12d <unknown>\nE       #7 0x55d19c3a01e3 <unknown>\nE       #8 0x55d19c370135 <unknown>\nE       #9 0x55d19c37113e <unknown>\nE       #10 0x55d19c612e4b <unknown>\nE       #11 0x55d19c616dfa <unknown>\nE       #12 0x55d19c5ff6d5 <unknown>\nE       #13 0x55d19c617a6f <unknown>\nE       #14 0x55d19c5e369f <unknown>\nE       #15 0x55d19c63c098 <unknown>\nE       #16 0x55d19c63c262 <unknown>\nE       #17 0x55d19c64df34 <unknown>\nE       #18 0x7fe27d894ac3 <unknown>\n\n.venv/lib/python3.11/site-packages/selenium/webdriver/support/wait.py:95: TimeoutException","steps":[{"name":"Click Login link","time":{"start":1708045268369,"stop":1708045278670,"duration":10301},"status":"broken","statusMessage":"selenium.common.exceptions.TimeoutException: Message: \nStacktrace:\n#0 0x55d19c64ed93 <unknown>\n#1 0x55d19c332337 <unknown>\n#2 0x55d19c37dd60 <unknown>\n#3 0x55d19c37de51 <unknown>\n#4 0x55d19c3c1bc4 <unknown>\n#5 0x55d19c3a046d <unknown>\n#6 0x55d19c3bf12d <unknown>\n#7 0x55d19c3a01e3 <unknown>\n#8 0x55d19c370135 <unknown>\n#9 0x55d19c37113e <unknown>\n#10 0x55d19c612e4b <unknown>\n#11 0x55d19c616dfa <unknown>\n#12 0x55d19c5ff6d5 <unknown>\n#13 0x55d19c617a6f <unknown>\n#14 0x55d19c5e369f <unknown>\n#15 0x55d19c63c098 <unknown>\n#16 0x55d19c63c262 <unknown>\n#17 0x55d19c64df34 <unknown>\n#18 0x7fe27d894ac3 <unknown>\n\n","statusTrace":"  File \"/home/runner/work/kisangateway-test/kisangateway-test/.venv/lib/python3.11/site-packages/allure_commons/_allure.py\", line 192, in impl\n    return func(*a, **kw)\n           ^^^^^^^^^^^^^^\n  File \"/home/runner/work/kisangateway-test/kisangateway-test/pages/about_page.py\", line 20, in click_login_link\n    self.click(self.LOGIN_LINK)\n  File \"/home/runner/work/kisangateway-test/kisangateway-test/pages/base_page.py\", line 38, in click\n    el: WebElement = self.wait.until(\n                     ^^^^^^^^^^^^^^^^\n  File \"/home/runner/work/kisangateway-test/kisangateway-test/.venv/lib/python3.11/site-packages/selenium/webdriver/support/wait.py\", line 95, in until\n    raise TimeoutException(message, screen, stacktrace)\n","steps":[],"attachments":[],"parameters":[],"shouldDisplayMessage":true,"stepsCount":0,"attachmentsCount":0,"hasContent":true,"attachmentStep":false}],"attachments":[{"uid":"ab1eb1f331f05675","name":"public ip address","source":"ab1eb1f331f05675.txt","type":"text/plain","size":11},{"uid":"1b4aa87fa7026651","name":"Cookies","source":"1b4aa87fa7026651.json","type":"application/json","size":2},{"uid":"e9ebe15002d6c786","name":"Session Storage","source":"e9ebe15002d6c786.json","type":"application/json","size":2},{"uid":"caa6baaaaeab6834","name":"Local Storage","source":"caa6baaaaeab6834.json","type":"application/json","size":77},{"uid":"7c98bfd54291684","name":"Console Logs","source":"7c98bfd54291684.json","type":"application/json","size":599},{"uid":"3865b0f422d70691","name":"Full Page Screenshot","source":"3865b0f422d70691.png","type":"image/png","size":2477011},{"uid":"569ceb547bba9f7b","name":"URL","source":"569ceb547bba9f7b.uri","type":"text/uri-list","size":25},{"uid":"cb40143d7d157333","name":"Network Logs","source":"cb40143d7d157333.json","type":"application/json","size":1283787}],"parameters":[],"shouldDisplayMessage":true,"stepsCount":1,"attachmentsCount":8,"hasContent":true,"attachmentStep":false},"afterStages":[],"labels":[{"name":"feature","value":"Login"},{"name":"epic","value":"Security"},{"name":"severity","value":"blocker"},{"name":"tag","value":"run(order=3)"},{"name":"tag","value":"security"},{"name":"parentSuite","value":"tests"},{"name":"suite","value":"test_login"},{"name":"subSuite","value":"TestLogin"},{"name":"host","value":"fv-az1148-604"},{"name":"thread","value":"2176-MainThread"},{"name":"framework","value":"pytest"},{"name":"language","value":"cpython3"},{"name":"package","value":"tests.test_login"},{"name":"resultFormat","value":"allure2"}],"parameters":[{"name":"email","value":"'elias@gmail.com'"},{"name":"password","value":"'12345Tr'"}],"links":[],"hidden":false,"retry":false,"extra":{"severity":"blocker","retries":[],"categories":[{"name":"Test defects","matchedStatuses":[],"flaky":false}],"tags":["run(order=3)","security"]},"source":"5fff9f1b0f6dc4ff.json","parameterValues":["'elias@gmail.com'","'12345Tr'"]}