{"uid":"7e0984c1456a03a1","name":"Login with valid credentials test","fullName":"tests.test_login.TestLogin#test_valid_login","historyId":"e7f254b9bfd5f2bc8d4a1ffa6dc7aebb","time":{"start":1708045205355,"stop":1708045215542,"duration":10187},"description":"valid login","descriptionHtml":"<p>valid login</p>\n","status":"broken","statusMessage":"selenium.common.exceptions.TimeoutException: Message: \nStacktrace:\n#0 0x558a1266dd93 <unknown>\n#1 0x558a12351337 <unknown>\n#2 0x558a1239cd60 <unknown>\n#3 0x558a1239ce51 <unknown>\n#4 0x558a123e0bc4 <unknown>\n#5 0x558a123bf46d <unknown>\n#6 0x558a123de12d <unknown>\n#7 0x558a123bf1e3 <unknown>\n#8 0x558a1238f135 <unknown>\n#9 0x558a1239013e <unknown>\n#10 0x558a12631e4b <unknown>\n#11 0x558a12635dfa <unknown>\n#12 0x558a1261e6d5 <unknown>\n#13 0x558a12636a6f <unknown>\n#14 0x558a1260269f <unknown>\n#15 0x558a1265b098 <unknown>\n#16 0x558a1265b262 <unknown>\n#17 0x558a1266cf34 <unknown>\n#18 0x7fdbde694ac3 <unknown>","statusTrace":"self = <tests.test_login.TestLogin object at 0x7f4fc07a9d50>\nsecret_data = {'email': '', 'password': ''}\njson_data = {'forgot_password': {'error_message': \"We can't find a user with that e-mail address.\", 'success_message': 'A reset li...you page', 'name': 'test', 'new_name': 'another test', 'no_project_found_msg': 'No project matches the criteria', ...}}\n\n    @allure.description(\"valid login\")\n    @allure.title(\"Login with valid credentials test\")\n    @allure.tag(\"Tagged test\")\n    @pytest.mark.run(order=1)\n    def test_valid_login(self, secret_data: dict, json_data: dict):\n>       self.about_page.click_login_link()\n\ntests/test_login.py:39: \n_ _ _ _ _ _ _ _ _ _ _ _ _ _ _ _ _ _ _ _ _ _ _ _ _ _ _ _ _ _ _ _ _ _ _ _ _ _ _ _ \npages/about_page.py:20: in click_login_link\n    self.click(self.LOGIN_LINK)\npages/base_page.py:38: in click\n    el: WebElement = self.wait.until(\n_ _ _ _ _ _ _ _ _ _ _ _ _ _ _ _ _ _ _ _ _ _ _ _ _ _ _ _ _ _ _ _ _ _ _ _ _ _ _ _ \n\nself = <selenium.webdriver.support.wait.WebDriverWait (session=\"153ac015e807056874344a753cafe89e\")>\nmethod = <function element_to_be_clickable.<locals>._predicate at 0x7f4fc0740900>\nmessage = ''\n\n    def until(self, method, message: str = \"\"):\n        \"\"\"Calls the method provided with the driver as an argument until the \\\n        return value does not evaluate to ``False``.\n    \n        :param method: callable(WebDriver)\n        :param message: optional message for :exc:`TimeoutException`\n        :returns: the result of the last call to `method`\n        :raises: :exc:`selenium.common.exceptions.TimeoutException` if timeout occurs\n        \"\"\"\n        screen = None\n        stacktrace = None\n    \n        end_time = time.monotonic() + self._timeout\n        while True:\n            try:\n                value = method(self._driver)\n                if value:\n                    return value\n            except self._ignored_exceptions as exc:\n                screen = getattr(exc, \"screen\", None)\n                stacktrace = getattr(exc, \"stacktrace\", None)\n            time.sleep(self._poll)\n            if time.monotonic() > end_time:\n                break\n>       raise TimeoutException(message, screen, stacktrace)\nE       selenium.common.exceptions.TimeoutException: Message: \nE       Stacktrace:\nE       #0 0x558a1266dd93 <unknown>\nE       #1 0x558a12351337 <unknown>\nE       #2 0x558a1239cd60 <unknown>\nE       #3 0x558a1239ce51 <unknown>\nE       #4 0x558a123e0bc4 <unknown>\nE       #5 0x558a123bf46d <unknown>\nE       #6 0x558a123de12d <unknown>\nE       #7 0x558a123bf1e3 <unknown>\nE       #8 0x558a1238f135 <unknown>\nE       #9 0x558a1239013e <unknown>\nE       #10 0x558a12631e4b <unknown>\nE       #11 0x558a12635dfa <unknown>\nE       #12 0x558a1261e6d5 <unknown>\nE       #13 0x558a12636a6f <unknown>\nE       #14 0x558a1260269f <unknown>\nE       #15 0x558a1265b098 <unknown>\nE       #16 0x558a1265b262 <unknown>\nE       #17 0x558a1266cf34 <unknown>\nE       #18 0x7fdbde694ac3 <unknown>\n\n.venv/lib/python3.11/site-packages/selenium/webdriver/support/wait.py:95: TimeoutException","flaky":false,"newFailed":false,"newBroken":false,"newPassed":false,"retriesCount":0,"retriesStatusChange":false,"beforeStages":[{"name":"_verify_url","time":{"start":1708045205353,"stop":1708045205353,"duration":0},"status":"passed","steps":[],"attachments":[],"parameters":[],"shouldDisplayMessage":false,"stepsCount":0,"attachmentsCount":0,"hasContent":false,"attachmentStep":false},{"name":"base_url","time":{"start":1708045205353,"stop":1708045205353,"duration":0},"status":"passed","steps":[],"attachments":[],"parameters":[],"shouldDisplayMessage":false,"stepsCount":0,"attachmentsCount":0,"hasContent":false,"attachmentStep":false},{"name":"json_data","time":{"start":1708045205354,"stop":1708045205354,"duration":0},"status":"passed","steps":[],"attachments":[],"parameters":[],"shouldDisplayMessage":false,"stepsCount":0,"attachmentsCount":0,"hasContent":false,"attachmentStep":false},{"name":"secret_data","time":{"start":1708045205354,"stop":1708045205354,"duration":0},"status":"passed","steps":[],"attachments":[],"parameters":[],"shouldDisplayMessage":false,"stepsCount":0,"attachmentsCount":0,"hasContent":false,"attachmentStep":false}],"testStage":{"description":"valid login","status":"broken","statusMessage":"selenium.common.exceptions.TimeoutException: Message: \nStacktrace:\n#0 0x558a1266dd93 <unknown>\n#1 0x558a12351337 <unknown>\n#2 0x558a1239cd60 <unknown>\n#3 0x558a1239ce51 <unknown>\n#4 0x558a123e0bc4 <unknown>\n#5 0x558a123bf46d <unknown>\n#6 0x558a123de12d <unknown>\n#7 0x558a123bf1e3 <unknown>\n#8 0x558a1238f135 <unknown>\n#9 0x558a1239013e <unknown>\n#10 0x558a12631e4b <unknown>\n#11 0x558a12635dfa <unknown>\n#12 0x558a1261e6d5 <unknown>\n#13 0x558a12636a6f <unknown>\n#14 0x558a1260269f <unknown>\n#15 0x558a1265b098 <unknown>\n#16 0x558a1265b262 <unknown>\n#17 0x558a1266cf34 <unknown>\n#18 0x7fdbde694ac3 <unknown>","statusTrace":"self = <tests.test_login.TestLogin object at 0x7f4fc07a9d50>\nsecret_data = {'email': '', 'password': ''}\njson_data = {'forgot_password': {'error_message': \"We can't find a user with that e-mail address.\", 'success_message': 'A reset li...you page', 'name': 'test', 'new_name': 'another test', 'no_project_found_msg': 'No project matches the criteria', ...}}\n\n    @allure.description(\"valid login\")\n    @allure.title(\"Login with valid credentials test\")\n    @allure.tag(\"Tagged test\")\n    @pytest.mark.run(order=1)\n    def test_valid_login(self, secret_data: dict, json_data: dict):\n>       self.about_page.click_login_link()\n\ntests/test_login.py:39: \n_ _ _ _ _ _ _ _ _ _ _ _ _ _ _ _ _ _ _ _ _ _ _ _ _ _ _ _ _ _ _ _ _ _ _ _ _ _ _ _ \npages/about_page.py:20: in click_login_link\n    self.click(self.LOGIN_LINK)\npages/base_page.py:38: in click\n    el: WebElement = self.wait.until(\n_ _ _ _ _ _ _ _ _ _ _ _ _ _ _ _ _ _ _ _ _ _ _ _ _ _ _ _ _ _ _ _ _ _ _ _ _ _ _ _ \n\nself = <selenium.webdriver.support.wait.WebDriverWait (session=\"153ac015e807056874344a753cafe89e\")>\nmethod = <function element_to_be_clickable.<locals>._predicate at 0x7f4fc0740900>\nmessage = ''\n\n    def until(self, method, message: str = \"\"):\n        \"\"\"Calls the method provided with the driver as an argument until the \\\n        return value does not evaluate to ``False``.\n    \n        :param method: callable(WebDriver)\n        :param message: optional message for :exc:`TimeoutException`\n        :returns: the result of the last call to `method`\n        :raises: :exc:`selenium.common.exceptions.TimeoutException` if timeout occurs\n        \"\"\"\n        screen = None\n        stacktrace = None\n    \n        end_time = time.monotonic() + self._timeout\n        while True:\n            try:\n                value = method(self._driver)\n                if value:\n                    return value\n            except self._ignored_exceptions as exc:\n                screen = getattr(exc, \"screen\", None)\n                stacktrace = getattr(exc, \"stacktrace\", None)\n            time.sleep(self._poll)\n            if time.monotonic() > end_time:\n                break\n>       raise TimeoutException(message, screen, stacktrace)\nE       selenium.common.exceptions.TimeoutException: Message: \nE       Stacktrace:\nE       #0 0x558a1266dd93 <unknown>\nE       #1 0x558a12351337 <unknown>\nE       #2 0x558a1239cd60 <unknown>\nE       #3 0x558a1239ce51 <unknown>\nE       #4 0x558a123e0bc4 <unknown>\nE       #5 0x558a123bf46d <unknown>\nE       #6 0x558a123de12d <unknown>\nE       #7 0x558a123bf1e3 <unknown>\nE       #8 0x558a1238f135 <unknown>\nE       #9 0x558a1239013e <unknown>\nE       #10 0x558a12631e4b <unknown>\nE       #11 0x558a12635dfa <unknown>\nE       #12 0x558a1261e6d5 <unknown>\nE       #13 0x558a12636a6f <unknown>\nE       #14 0x558a1260269f <unknown>\nE       #15 0x558a1265b098 <unknown>\nE       #16 0x558a1265b262 <unknown>\nE       #17 0x558a1266cf34 <unknown>\nE       #18 0x7fdbde694ac3 <unknown>\n\n.venv/lib/python3.11/site-packages/selenium/webdriver/support/wait.py:95: TimeoutException","steps":[{"name":"Click Login link","time":{"start":1708045205355,"stop":1708045215541,"duration":10186},"status":"broken","statusMessage":"selenium.common.exceptions.TimeoutException: Message: \nStacktrace:\n#0 0x558a1266dd93 <unknown>\n#1 0x558a12351337 <unknown>\n#2 0x558a1239cd60 <unknown>\n#3 0x558a1239ce51 <unknown>\n#4 0x558a123e0bc4 <unknown>\n#5 0x558a123bf46d <unknown>\n#6 0x558a123de12d <unknown>\n#7 0x558a123bf1e3 <unknown>\n#8 0x558a1238f135 <unknown>\n#9 0x558a1239013e <unknown>\n#10 0x558a12631e4b <unknown>\n#11 0x558a12635dfa <unknown>\n#12 0x558a1261e6d5 <unknown>\n#13 0x558a12636a6f <unknown>\n#14 0x558a1260269f <unknown>\n#15 0x558a1265b098 <unknown>\n#16 0x558a1265b262 <unknown>\n#17 0x558a1266cf34 <unknown>\n#18 0x7fdbde694ac3 <unknown>\n\n","statusTrace":"  File \"/home/runner/work/kisangateway-test/kisangateway-test/.venv/lib/python3.11/site-packages/allure_commons/_allure.py\", line 192, in impl\n    return func(*a, **kw)\n           ^^^^^^^^^^^^^^\n  File \"/home/runner/work/kisangateway-test/kisangateway-test/pages/about_page.py\", line 20, in click_login_link\n    self.click(self.LOGIN_LINK)\n  File \"/home/runner/work/kisangateway-test/kisangateway-test/pages/base_page.py\", line 38, in click\n    el: WebElement = self.wait.until(\n                     ^^^^^^^^^^^^^^^^\n  File \"/home/runner/work/kisangateway-test/kisangateway-test/.venv/lib/python3.11/site-packages/selenium/webdriver/support/wait.py\", line 95, in until\n    raise TimeoutException(message, screen, stacktrace)\n","steps":[],"attachments":[],"parameters":[],"shouldDisplayMessage":true,"stepsCount":0,"attachmentsCount":0,"hasContent":true,"attachmentStep":false}],"attachments":[{"uid":"361923ade82f39c0","name":"public ip address","source":"361923ade82f39c0.txt","type":"text/plain","size":11},{"uid":"234f882f3bfef0ba","name":"Cookies","source":"234f882f3bfef0ba.json","type":"application/json","size":2},{"uid":"55794a0a28d46aef","name":"Session Storage","source":"55794a0a28d46aef.json","type":"application/json","size":2},{"uid":"3c8739df7cc60552","name":"Local Storage","source":"3c8739df7cc60552.json","type":"application/json","size":77},{"uid":"cb4ca3bbd89298fe","name":"Console Logs","source":"cb4ca3bbd89298fe.json","type":"application/json","size":599},{"uid":"f85f5abe282b0055","name":"Full Page Screenshot","source":"f85f5abe282b0055.png","type":"image/png","size":2477011},{"uid":"f67a7f0b02de30b8","name":"URL","source":"f67a7f0b02de30b8.uri","type":"text/uri-list","size":25},{"uid":"2f7aa5ca49c10bdf","name":"Network Logs","source":"2f7aa5ca49c10bdf.json","type":"application/json","size":1283741}],"parameters":[],"shouldDisplayMessage":true,"stepsCount":1,"attachmentsCount":8,"hasContent":true,"attachmentStep":false},"afterStages":[],"labels":[{"name":"tag","value":"Tagged test"},{"name":"feature","value":"Login"},{"name":"epic","value":"Security"},{"name":"severity","value":"blocker"},{"name":"tag","value":"run(order=1)"},{"name":"tag","value":"security"},{"name":"parentSuite","value":"tests"},{"name":"suite","value":"test_login"},{"name":"subSuite","value":"TestLogin"},{"name":"host","value":"fv-az1148-604"},{"name":"thread","value":"2176-MainThread"},{"name":"framework","value":"pytest"},{"name":"language","value":"cpython3"},{"name":"package","value":"tests.test_login"},{"name":"resultFormat","value":"allure2"}],"parameters":[],"links":[],"hidden":false,"retry":false,"extra":{"severity":"blocker","retries":[],"categories":[{"name":"Test defects","matchedStatuses":[],"flaky":false}],"tags":["security","Tagged test","run(order=1)"]},"source":"7e0984c1456a03a1.json","parameterValues":[]}