{"uid":"f3e13a7a17e49c58","name":"Create new workspace test","fullName":"tests.test_workspaces.TestWorkspaces#test_create_new_workspace","historyId":"e6e849a753ae10f50b3b38fac5a7fa8e","time":{"start":1708045216832,"stop":1708045216832,"duration":0},"description":"Create new Workspace","descriptionHtml":"<p>Create new Workspace</p>\n","status":"broken","statusMessage":"selenium.common.exceptions.TimeoutException: Message: \nStacktrace:\n#0 0x55a9cb329d93 <unknown>\n#1 0x55a9cb00d337 <unknown>\n#2 0x55a9cb058d60 <unknown>\n#3 0x55a9cb058e51 <unknown>\n#4 0x55a9cb09cbc4 <unknown>\n#5 0x55a9cb07b46d <unknown>\n#6 0x55a9cb09a12d <unknown>\n#7 0x55a9cb07b1e3 <unknown>\n#8 0x55a9cb04b135 <unknown>\n#9 0x55a9cb04c13e <unknown>\n#10 0x55a9cb2ede4b <unknown>\n#11 0x55a9cb2f1dfa <unknown>\n#12 0x55a9cb2da6d5 <unknown>\n#13 0x55a9cb2f2a6f <unknown>\n#14 0x55a9cb2be69f <unknown>\n#15 0x55a9cb317098 <unknown>\n#16 0x55a9cb317262 <unknown>\n#17 0x55a9cb328f34 <unknown>\n#18 0x7f1495494ac3 <unknown>","statusTrace":"self = <tests.test_workspaces.TestWorkspaces object at 0x7f4fc0a53990>\nsecret_data = {'email': '', 'password': ''}\n\n    @pytest.fixture(autouse=True)\n    def setup_method_fixture(self, secret_data: dict):\n>       login(secret_data, self.about_page, self.login_page)\n\ntests/test_workspaces.py:23: \n_ _ _ _ _ _ _ _ _ _ _ _ _ _ _ _ _ _ _ _ _ _ _ _ _ _ _ _ _ _ _ _ _ _ _ _ _ _ _ _ \ntests/test_workspaces.py:13: in login\n    about_page.click_login_link()\npages/about_page.py:20: in click_login_link\n    self.click(self.LOGIN_LINK)\npages/base_page.py:38: in click\n    el: WebElement = self.wait.until(\n_ _ _ _ _ _ _ _ _ _ _ _ _ _ _ _ _ _ _ _ _ _ _ _ _ _ _ _ _ _ _ _ _ _ _ _ _ _ _ _ \n\nself = <selenium.webdriver.support.wait.WebDriverWait (session=\"0f1cad4553285985163a15dbedd14bba\")>\nmethod = <function element_to_be_clickable.<locals>._predicate at 0x7f4fc071d1c0>\nmessage = ''\n\n    def until(self, method, message: str = \"\"):\n        \"\"\"Calls the method provided with the driver as an argument until the \\\n        return value does not evaluate to ``False``.\n    \n        :param method: callable(WebDriver)\n        :param message: optional message for :exc:`TimeoutException`\n        :returns: the result of the last call to `method`\n        :raises: :exc:`selenium.common.exceptions.TimeoutException` if timeout occurs\n        \"\"\"\n        screen = None\n        stacktrace = None\n    \n        end_time = time.monotonic() + self._timeout\n        while True:\n            try:\n                value = method(self._driver)\n                if value:\n                    return value\n            except self._ignored_exceptions as exc:\n                screen = getattr(exc, \"screen\", None)\n                stacktrace = getattr(exc, \"stacktrace\", None)\n            time.sleep(self._poll)\n            if time.monotonic() > end_time:\n                break\n>       raise TimeoutException(message, screen, stacktrace)\nE       selenium.common.exceptions.TimeoutException: Message: \nE       Stacktrace:\nE       #0 0x55a9cb329d93 <unknown>\nE       #1 0x55a9cb00d337 <unknown>\nE       #2 0x55a9cb058d60 <unknown>\nE       #3 0x55a9cb058e51 <unknown>\nE       #4 0x55a9cb09cbc4 <unknown>\nE       #5 0x55a9cb07b46d <unknown>\nE       #6 0x55a9cb09a12d <unknown>\nE       #7 0x55a9cb07b1e3 <unknown>\nE       #8 0x55a9cb04b135 <unknown>\nE       #9 0x55a9cb04c13e <unknown>\nE       #10 0x55a9cb2ede4b <unknown>\nE       #11 0x55a9cb2f1dfa <unknown>\nE       #12 0x55a9cb2da6d5 <unknown>\nE       #13 0x55a9cb2f2a6f <unknown>\nE       #14 0x55a9cb2be69f <unknown>\nE       #15 0x55a9cb317098 <unknown>\nE       #16 0x55a9cb317262 <unknown>\nE       #17 0x55a9cb328f34 <unknown>\nE       #18 0x7f1495494ac3 <unknown>\n\n.venv/lib/python3.11/site-packages/selenium/webdriver/support/wait.py:95: TimeoutException","flaky":false,"newFailed":false,"newBroken":false,"newPassed":false,"retriesCount":0,"retriesStatusChange":false,"beforeStages":[{"name":"_verify_url","time":{"start":1708045205353,"stop":1708045205353,"duration":0},"status":"passed","steps":[],"attachments":[],"parameters":[],"shouldDisplayMessage":false,"stepsCount":0,"attachmentsCount":0,"hasContent":false,"attachmentStep":false},{"name":"base_url","time":{"start":1708045205353,"stop":1708045205353,"duration":0},"status":"passed","steps":[],"attachments":[],"parameters":[],"shouldDisplayMessage":false,"stepsCount":0,"attachmentsCount":0,"hasContent":false,"attachmentStep":false},{"name":"json_data","time":{"start":1708045205354,"stop":1708045205354,"duration":0},"status":"passed","steps":[],"attachments":[],"parameters":[],"shouldDisplayMessage":false,"stepsCount":0,"attachmentsCount":0,"hasContent":false,"attachmentStep":false},{"name":"secret_data","time":{"start":1708045205354,"stop":1708045205354,"duration":0},"status":"passed","steps":[],"attachments":[],"parameters":[],"shouldDisplayMessage":false,"stepsCount":0,"attachmentsCount":0,"hasContent":false,"attachmentStep":false},{"name":"setup_method_fixture","time":{"start":1708045218007,"stop":1708045228326,"duration":10319},"status":"broken","statusMessage":"selenium.common.exceptions.TimeoutException: Message: \nStacktrace:\n#0 0x55a9cb329d93 <unknown>\n#1 0x55a9cb00d337 <unknown>\n#2 0x55a9cb058d60 <unknown>\n#3 0x55a9cb058e51 <unknown>\n#4 0x55a9cb09cbc4 <unknown>\n#5 0x55a9cb07b46d <unknown>\n#6 0x55a9cb09a12d <unknown>\n#7 0x55a9cb07b1e3 <unknown>\n#8 0x55a9cb04b135 <unknown>\n#9 0x55a9cb04c13e <unknown>\n#10 0x55a9cb2ede4b <unknown>\n#11 0x55a9cb2f1dfa <unknown>\n#12 0x55a9cb2da6d5 <unknown>\n#13 0x55a9cb2f2a6f <unknown>\n#14 0x55a9cb2be69f <unknown>\n#15 0x55a9cb317098 <unknown>\n#16 0x55a9cb317262 <unknown>\n#17 0x55a9cb328f34 <unknown>\n#18 0x7f1495494ac3 <unknown>\n\n","statusTrace":"  File \"/home/runner/work/kisangateway-test/kisangateway-test/.venv/lib/python3.11/site-packages/pluggy/_callers.py\", line 80, in _multicall\n    res = hook_impl.function(*args)\n          ^^^^^^^^^^^^^^^^^^^^^^^^^\n  File \"/home/runner/work/kisangateway-test/kisangateway-test/.venv/lib/python3.11/site-packages/_pytest/fixtures.py\", line 1123, in pytest_fixture_setup\n    result = call_fixture_func(fixturefunc, request, kwargs)\n             ^^^^^^^^^^^^^^^^^^^^^^^^^^^^^^^^^^^^^^^^^^^^^^^\n  File \"/home/runner/work/kisangateway-test/kisangateway-test/.venv/lib/python3.11/site-packages/_pytest/fixtures.py\", line 902, in call_fixture_func\n    fixture_result = fixturefunc(**kwargs)\n                     ^^^^^^^^^^^^^^^^^^^^^\n  File \"/home/runner/work/kisangateway-test/kisangateway-test/tests/test_workspaces.py\", line 23, in setup_method_fixture\n    login(secret_data, self.about_page, self.login_page)\n  File \"/home/runner/work/kisangateway-test/kisangateway-test/tests/test_workspaces.py\", line 13, in login\n    about_page.click_login_link()\n  File \"/home/runner/work/kisangateway-test/kisangateway-test/.venv/lib/python3.11/site-packages/allure_commons/_allure.py\", line 192, in impl\n    return func(*a, **kw)\n           ^^^^^^^^^^^^^^\n  File \"/home/runner/work/kisangateway-test/kisangateway-test/pages/about_page.py\", line 20, in click_login_link\n    self.click(self.LOGIN_LINK)\n  File \"/home/runner/work/kisangateway-test/kisangateway-test/pages/base_page.py\", line 38, in click\n    el: WebElement = self.wait.until(\n                     ^^^^^^^^^^^^^^^^\n  File \"/home/runner/work/kisangateway-test/kisangateway-test/.venv/lib/python3.11/site-packages/selenium/webdriver/support/wait.py\", line 95, in until\n    raise TimeoutException(message, screen, stacktrace)\n","steps":[{"name":"Click Login link","time":{"start":1708045218007,"stop":1708045228325,"duration":10318},"status":"broken","statusMessage":"selenium.common.exceptions.TimeoutException: Message: \nStacktrace:\n#0 0x55a9cb329d93 <unknown>\n#1 0x55a9cb00d337 <unknown>\n#2 0x55a9cb058d60 <unknown>\n#3 0x55a9cb058e51 <unknown>\n#4 0x55a9cb09cbc4 <unknown>\n#5 0x55a9cb07b46d <unknown>\n#6 0x55a9cb09a12d <unknown>\n#7 0x55a9cb07b1e3 <unknown>\n#8 0x55a9cb04b135 <unknown>\n#9 0x55a9cb04c13e <unknown>\n#10 0x55a9cb2ede4b <unknown>\n#11 0x55a9cb2f1dfa <unknown>\n#12 0x55a9cb2da6d5 <unknown>\n#13 0x55a9cb2f2a6f <unknown>\n#14 0x55a9cb2be69f <unknown>\n#15 0x55a9cb317098 <unknown>\n#16 0x55a9cb317262 <unknown>\n#17 0x55a9cb328f34 <unknown>\n#18 0x7f1495494ac3 <unknown>\n\n","statusTrace":"  File \"/home/runner/work/kisangateway-test/kisangateway-test/.venv/lib/python3.11/site-packages/allure_commons/_allure.py\", line 192, in impl\n    return func(*a, **kw)\n           ^^^^^^^^^^^^^^\n  File \"/home/runner/work/kisangateway-test/kisangateway-test/pages/about_page.py\", line 20, in click_login_link\n    self.click(self.LOGIN_LINK)\n  File \"/home/runner/work/kisangateway-test/kisangateway-test/pages/base_page.py\", line 38, in click\n    el: WebElement = self.wait.until(\n                     ^^^^^^^^^^^^^^^^\n  File \"/home/runner/work/kisangateway-test/kisangateway-test/.venv/lib/python3.11/site-packages/selenium/webdriver/support/wait.py\", line 95, in until\n    raise TimeoutException(message, screen, stacktrace)\n","steps":[],"attachments":[],"parameters":[],"shouldDisplayMessage":true,"stepsCount":0,"attachmentsCount":0,"hasContent":true,"attachmentStep":false}],"attachments":[],"parameters":[],"shouldDisplayMessage":false,"stepsCount":1,"attachmentsCount":0,"hasContent":true,"attachmentStep":false}],"testStage":{"description":"Create new Workspace","status":"broken","statusMessage":"selenium.common.exceptions.TimeoutException: Message: \nStacktrace:\n#0 0x55a9cb329d93 <unknown>\n#1 0x55a9cb00d337 <unknown>\n#2 0x55a9cb058d60 <unknown>\n#3 0x55a9cb058e51 <unknown>\n#4 0x55a9cb09cbc4 <unknown>\n#5 0x55a9cb07b46d <unknown>\n#6 0x55a9cb09a12d <unknown>\n#7 0x55a9cb07b1e3 <unknown>\n#8 0x55a9cb04b135 <unknown>\n#9 0x55a9cb04c13e <unknown>\n#10 0x55a9cb2ede4b <unknown>\n#11 0x55a9cb2f1dfa <unknown>\n#12 0x55a9cb2da6d5 <unknown>\n#13 0x55a9cb2f2a6f <unknown>\n#14 0x55a9cb2be69f <unknown>\n#15 0x55a9cb317098 <unknown>\n#16 0x55a9cb317262 <unknown>\n#17 0x55a9cb328f34 <unknown>\n#18 0x7f1495494ac3 <unknown>","statusTrace":"self = <tests.test_workspaces.TestWorkspaces object at 0x7f4fc0a53990>\nsecret_data = {'email': '', 'password': ''}\n\n    @pytest.fixture(autouse=True)\n    def setup_method_fixture(self, secret_data: dict):\n>       login(secret_data, self.about_page, self.login_page)\n\ntests/test_workspaces.py:23: \n_ _ _ _ _ _ _ _ _ _ _ _ _ _ _ _ _ _ _ _ _ _ _ _ _ _ _ _ _ _ _ _ _ _ _ _ _ _ _ _ \ntests/test_workspaces.py:13: in login\n    about_page.click_login_link()\npages/about_page.py:20: in click_login_link\n    self.click(self.LOGIN_LINK)\npages/base_page.py:38: in click\n    el: WebElement = self.wait.until(\n_ _ _ _ _ _ _ _ _ _ _ _ _ _ _ _ _ _ _ _ _ _ _ _ _ _ _ _ _ _ _ _ _ _ _ _ _ _ _ _ \n\nself = <selenium.webdriver.support.wait.WebDriverWait (session=\"0f1cad4553285985163a15dbedd14bba\")>\nmethod = <function element_to_be_clickable.<locals>._predicate at 0x7f4fc071d1c0>\nmessage = ''\n\n    def until(self, method, message: str = \"\"):\n        \"\"\"Calls the method provided with the driver as an argument until the \\\n        return value does not evaluate to ``False``.\n    \n        :param method: callable(WebDriver)\n        :param message: optional message for :exc:`TimeoutException`\n        :returns: the result of the last call to `method`\n        :raises: :exc:`selenium.common.exceptions.TimeoutException` if timeout occurs\n        \"\"\"\n        screen = None\n        stacktrace = None\n    \n        end_time = time.monotonic() + self._timeout\n        while True:\n            try:\n                value = method(self._driver)\n                if value:\n                    return value\n            except self._ignored_exceptions as exc:\n                screen = getattr(exc, \"screen\", None)\n                stacktrace = getattr(exc, \"stacktrace\", None)\n            time.sleep(self._poll)\n            if time.monotonic() > end_time:\n                break\n>       raise TimeoutException(message, screen, stacktrace)\nE       selenium.common.exceptions.TimeoutException: Message: \nE       Stacktrace:\nE       #0 0x55a9cb329d93 <unknown>\nE       #1 0x55a9cb00d337 <unknown>\nE       #2 0x55a9cb058d60 <unknown>\nE       #3 0x55a9cb058e51 <unknown>\nE       #4 0x55a9cb09cbc4 <unknown>\nE       #5 0x55a9cb07b46d <unknown>\nE       #6 0x55a9cb09a12d <unknown>\nE       #7 0x55a9cb07b1e3 <unknown>\nE       #8 0x55a9cb04b135 <unknown>\nE       #9 0x55a9cb04c13e <unknown>\nE       #10 0x55a9cb2ede4b <unknown>\nE       #11 0x55a9cb2f1dfa <unknown>\nE       #12 0x55a9cb2da6d5 <unknown>\nE       #13 0x55a9cb2f2a6f <unknown>\nE       #14 0x55a9cb2be69f <unknown>\nE       #15 0x55a9cb317098 <unknown>\nE       #16 0x55a9cb317262 <unknown>\nE       #17 0x55a9cb328f34 <unknown>\nE       #18 0x7f1495494ac3 <unknown>\n\n.venv/lib/python3.11/site-packages/selenium/webdriver/support/wait.py:95: TimeoutException","steps":[],"attachments":[{"uid":"4539e8ac7bf238f2","name":"public ip address","source":"4539e8ac7bf238f2.txt","type":"text/plain","size":11},{"uid":"539ed6768c8fe44b","name":"Cookies","source":"539ed6768c8fe44b.json","type":"application/json","size":2},{"uid":"e05b0b9d854942aa","name":"Session Storage","source":"e05b0b9d854942aa.json","type":"application/json","size":2},{"uid":"13209da1e93c3017","name":"Local Storage","source":"13209da1e93c3017.json","type":"application/json","size":77},{"uid":"6fa93522ba3f70b7","name":"Console Logs","source":"6fa93522ba3f70b7.json","type":"application/json","size":599},{"uid":"451c4f749579f5c5","name":"Full Page Screenshot","source":"451c4f749579f5c5.png","type":"image/png","size":2477011},{"uid":"25695bbea8176876","name":"URL","source":"25695bbea8176876.uri","type":"text/uri-list","size":25},{"uid":"60606f13dbde3643","name":"Network Logs","source":"60606f13dbde3643.json","type":"application/json","size":1283782}],"parameters":[],"shouldDisplayMessage":true,"stepsCount":0,"attachmentsCount":8,"hasContent":true,"attachmentStep":false},"afterStages":[],"labels":[{"name":"severity","value":"normal"},{"name":"story","value":"WorkSpaces Creation and Editing Functionality"},{"name":"epic","value":"Workspaces"},{"name":"tag","value":"run(order=1)"},{"name":"parentSuite","value":"tests"},{"name":"suite","value":"test_workspaces"},{"name":"subSuite","value":"TestWorkspaces"},{"name":"host","value":"fv-az1148-604"},{"name":"thread","value":"2176-MainThread"},{"name":"framework","value":"pytest"},{"name":"language","value":"cpython3"},{"name":"package","value":"tests.test_workspaces"},{"name":"resultFormat","value":"allure2"}],"parameters":[],"links":[],"hidden":false,"retry":false,"extra":{"severity":"normal","retries":[],"categories":[{"name":"Test defects","matchedStatuses":[],"flaky":false}],"tags":["run(order=1)"]},"source":"f3e13a7a17e49c58.json","parameterValues":[]}