{"uid":"1eeafc0f1ffcb7c4","name":"Logout of system test","fullName":"tests.test_login.TestLogin#test_logout","historyId":"b90200cedc51a1ecbba9a19fbdbf8893","time":{"start":1708131600716,"stop":1708131610902,"duration":10186},"description":"Log out from app","descriptionHtml":"<p>Log out from app</p>\n","status":"broken","statusMessage":"selenium.common.exceptions.TimeoutException: Message: \nStacktrace:\n#0 0x56183774fd93 <unknown>\n#1 0x561837433337 <unknown>\n#2 0x56183747ed60 <unknown>\n#3 0x56183747ee51 <unknown>\n#4 0x5618374c2bc4 <unknown>\n#5 0x5618374a146d <unknown>\n#6 0x5618374c012d <unknown>\n#7 0x5618374a11e3 <unknown>\n#8 0x561837471135 <unknown>\n#9 0x56183747213e <unknown>\n#10 0x561837713e4b <unknown>\n#11 0x561837717dfa <unknown>\n#12 0x5618377006d5 <unknown>\n#13 0x561837718a6f <unknown>\n#14 0x5618376e469f <unknown>\n#15 0x56183773d098 <unknown>\n#16 0x56183773d262 <unknown>\n#17 0x56183774ef34 <unknown>\n#18 0x7f991b694ac3 <unknown>","statusTrace":"self = <tests.test_login.TestLogin object at 0x7f5c2ebab550>\njson_data = {'forgot_password': {'error_message': \"We can't find a user with that e-mail address.\", 'success_message': 'A reset li...you page', 'name': 'test', 'new_name': 'another test', 'no_project_found_msg': 'No project matches the criteria', ...}}\nsecret_data = {'email': '', 'password': ''}\n\n    @allure.description(\"Log out from app\")\n    @allure.title(\"Logout of system test\")\n    @allure.story(\"As a user i want to be able to logout after a successful login.\")\n    @pytest.mark.run(order=2)\n    def test_logout(self, json_data: dict, secret_data: dict):\n        # example of a simple text attachment\n        allure.attach(\n            \"<h1>Example html attachment</h1>\",\n            name=\"HTML example\",\n            attachment_type=allure.attachment_type.HTML,\n        )\n        allure.attach(\n            \"Some text content\",\n            name=\"TXT example\",\n            attachment_type=allure.attachment_type.TEXT,\n        )\n        allure.attach(\n            \"first,second,third\\none,two,three\",\n            name=\"CSV example\",\n            attachment_type=allure.attachment_type.CSV,\n        )\n        allure.attach(\n            json.dumps({\"first\": 1, \"second\": 2}, indent=2),\n            name=\"JSON example\",\n            attachment_type=allure.attachment_type.JSON,\n        )\n        xml_content = \"\"\"<?xml version=\"1.0\" encoding=\"UTF-8\"?>\n            <tag>\n                 <inside>...</inside>\n             </tag>\n         \"\"\"\n        allure.attach(\n            xml_content,\n            name=\"some attachment name\",\n            attachment_type=allure.attachment_type.XML,\n        )\n        allure.attach(\n            \"\\n\".join(\n                [\n                    \"https://github.com/allure-framework\",\n                    \"https://github.com/allure-examples\",\n                ]\n            ),\n            name=\"URI List example\",\n            attachment_type=allure.attachment_type.URI_LIST,\n        )\n>       self.about_page.click_login_link()\n\ntests/test_login.py:90: \n_ _ _ _ _ _ _ _ _ _ _ _ _ _ _ _ _ _ _ _ _ _ _ _ _ _ _ _ _ _ _ _ _ _ _ _ _ _ _ _ \npages/about_page.py:20: in click_login_link\n    self.click(self.LOGIN_LINK)\npages/base_page.py:38: in click\n    el: WebElement = self.wait.until(\n_ _ _ _ _ _ _ _ _ _ _ _ _ _ _ _ _ _ _ _ _ _ _ _ _ _ _ _ _ _ _ _ _ _ _ _ _ _ _ _ \n\nself = <selenium.webdriver.support.wait.WebDriverWait (session=\"debbc29af266a9fe5aec8e144ba53e9d\")>\nmethod = <function element_to_be_clickable.<locals>._predicate at 0x7f5c2eafe980>\nmessage = ''\n\n    def until(self, method, message: str = \"\"):\n        \"\"\"Calls the method provided with the driver as an argument until the \\\n        return value does not evaluate to ``False``.\n    \n        :param method: callable(WebDriver)\n        :param message: optional message for :exc:`TimeoutException`\n        :returns: the result of the last call to `method`\n        :raises: :exc:`selenium.common.exceptions.TimeoutException` if timeout occurs\n        \"\"\"\n        screen = None\n        stacktrace = None\n    \n        end_time = time.monotonic() + self._timeout\n        while True:\n            try:\n                value = method(self._driver)\n                if value:\n                    return value\n            except self._ignored_exceptions as exc:\n                screen = getattr(exc, \"screen\", None)\n                stacktrace = getattr(exc, \"stacktrace\", None)\n            time.sleep(self._poll)\n            if time.monotonic() > end_time:\n                break\n>       raise TimeoutException(message, screen, stacktrace)\nE       selenium.common.exceptions.TimeoutException: Message: \nE       Stacktrace:\nE       #0 0x56183774fd93 <unknown>\nE       #1 0x561837433337 <unknown>\nE       #2 0x56183747ed60 <unknown>\nE       #3 0x56183747ee51 <unknown>\nE       #4 0x5618374c2bc4 <unknown>\nE       #5 0x5618374a146d <unknown>\nE       #6 0x5618374c012d <unknown>\nE       #7 0x5618374a11e3 <unknown>\nE       #8 0x561837471135 <unknown>\nE       #9 0x56183747213e <unknown>\nE       #10 0x561837713e4b <unknown>\nE       #11 0x561837717dfa <unknown>\nE       #12 0x5618377006d5 <unknown>\nE       #13 0x561837718a6f <unknown>\nE       #14 0x5618376e469f <unknown>\nE       #15 0x56183773d098 <unknown>\nE       #16 0x56183773d262 <unknown>\nE       #17 0x56183774ef34 <unknown>\nE       #18 0x7f991b694ac3 <unknown>\n\n.venv/lib/python3.11/site-packages/selenium/webdriver/support/wait.py:95: TimeoutException","flaky":false,"newFailed":false,"newBroken":false,"newPassed":false,"retriesCount":0,"retriesStatusChange":false,"beforeStages":[{"name":"base_url","time":{"start":1708131575546,"stop":1708131575546,"duration":0},"status":"passed","steps":[],"attachments":[],"parameters":[],"shouldDisplayMessage":false,"stepsCount":0,"attachmentsCount":0,"hasContent":false,"attachmentStep":false},{"name":"secret_data","time":{"start":1708131575547,"stop":1708131575547,"duration":0},"status":"passed","steps":[],"attachments":[],"parameters":[],"shouldDisplayMessage":false,"stepsCount":0,"attachmentsCount":0,"hasContent":false,"attachmentStep":false},{"name":"json_data","time":{"start":1708131575547,"stop":1708131575547,"duration":0},"status":"passed","steps":[],"attachments":[],"parameters":[],"shouldDisplayMessage":false,"stepsCount":0,"attachmentsCount":0,"hasContent":false,"attachmentStep":false},{"name":"_verify_url","time":{"start":1708131575547,"stop":1708131575547,"duration":0},"status":"passed","steps":[],"attachments":[],"parameters":[],"shouldDisplayMessage":false,"stepsCount":0,"attachmentsCount":0,"hasContent":false,"attachmentStep":false}],"testStage":{"description":"Log out from app","status":"broken","statusMessage":"selenium.common.exceptions.TimeoutException: Message: \nStacktrace:\n#0 0x56183774fd93 <unknown>\n#1 0x561837433337 <unknown>\n#2 0x56183747ed60 <unknown>\n#3 0x56183747ee51 <unknown>\n#4 0x5618374c2bc4 <unknown>\n#5 0x5618374a146d <unknown>\n#6 0x5618374c012d <unknown>\n#7 0x5618374a11e3 <unknown>\n#8 0x561837471135 <unknown>\n#9 0x56183747213e <unknown>\n#10 0x561837713e4b <unknown>\n#11 0x561837717dfa <unknown>\n#12 0x5618377006d5 <unknown>\n#13 0x561837718a6f <unknown>\n#14 0x5618376e469f <unknown>\n#15 0x56183773d098 <unknown>\n#16 0x56183773d262 <unknown>\n#17 0x56183774ef34 <unknown>\n#18 0x7f991b694ac3 <unknown>","statusTrace":"self = <tests.test_login.TestLogin object at 0x7f5c2ebab550>\njson_data = {'forgot_password': {'error_message': \"We can't find a user with that e-mail address.\", 'success_message': 'A reset li...you page', 'name': 'test', 'new_name': 'another test', 'no_project_found_msg': 'No project matches the criteria', ...}}\nsecret_data = {'email': '', 'password': ''}\n\n    @allure.description(\"Log out from app\")\n    @allure.title(\"Logout of system test\")\n    @allure.story(\"As a user i want to be able to logout after a successful login.\")\n    @pytest.mark.run(order=2)\n    def test_logout(self, json_data: dict, secret_data: dict):\n        # example of a simple text attachment\n        allure.attach(\n            \"<h1>Example html attachment</h1>\",\n            name=\"HTML example\",\n            attachment_type=allure.attachment_type.HTML,\n        )\n        allure.attach(\n            \"Some text content\",\n            name=\"TXT example\",\n            attachment_type=allure.attachment_type.TEXT,\n        )\n        allure.attach(\n            \"first,second,third\\none,two,three\",\n            name=\"CSV example\",\n            attachment_type=allure.attachment_type.CSV,\n        )\n        allure.attach(\n            json.dumps({\"first\": 1, \"second\": 2}, indent=2),\n            name=\"JSON example\",\n            attachment_type=allure.attachment_type.JSON,\n        )\n        xml_content = \"\"\"<?xml version=\"1.0\" encoding=\"UTF-8\"?>\n            <tag>\n                 <inside>...</inside>\n             </tag>\n         \"\"\"\n        allure.attach(\n            xml_content,\n            name=\"some attachment name\",\n            attachment_type=allure.attachment_type.XML,\n        )\n        allure.attach(\n            \"\\n\".join(\n                [\n                    \"https://github.com/allure-framework\",\n                    \"https://github.com/allure-examples\",\n                ]\n            ),\n            name=\"URI List example\",\n            attachment_type=allure.attachment_type.URI_LIST,\n        )\n>       self.about_page.click_login_link()\n\ntests/test_login.py:90: \n_ _ _ _ _ _ _ _ _ _ _ _ _ _ _ _ _ _ _ _ _ _ _ _ _ _ _ _ _ _ _ _ _ _ _ _ _ _ _ _ \npages/about_page.py:20: in click_login_link\n    self.click(self.LOGIN_LINK)\npages/base_page.py:38: in click\n    el: WebElement = self.wait.until(\n_ _ _ _ _ _ _ _ _ _ _ _ _ _ _ _ _ _ _ _ _ _ _ _ _ _ _ _ _ _ _ _ _ _ _ _ _ _ _ _ \n\nself = <selenium.webdriver.support.wait.WebDriverWait (session=\"debbc29af266a9fe5aec8e144ba53e9d\")>\nmethod = <function element_to_be_clickable.<locals>._predicate at 0x7f5c2eafe980>\nmessage = ''\n\n    def until(self, method, message: str = \"\"):\n        \"\"\"Calls the method provided with the driver as an argument until the \\\n        return value does not evaluate to ``False``.\n    \n        :param method: callable(WebDriver)\n        :param message: optional message for :exc:`TimeoutException`\n        :returns: the result of the last call to `method`\n        :raises: :exc:`selenium.common.exceptions.TimeoutException` if timeout occurs\n        \"\"\"\n        screen = None\n        stacktrace = None\n    \n        end_time = time.monotonic() + self._timeout\n        while True:\n            try:\n                value = method(self._driver)\n                if value:\n                    return value\n            except self._ignored_exceptions as exc:\n                screen = getattr(exc, \"screen\", None)\n                stacktrace = getattr(exc, \"stacktrace\", None)\n            time.sleep(self._poll)\n            if time.monotonic() > end_time:\n                break\n>       raise TimeoutException(message, screen, stacktrace)\nE       selenium.common.exceptions.TimeoutException: Message: \nE       Stacktrace:\nE       #0 0x56183774fd93 <unknown>\nE       #1 0x561837433337 <unknown>\nE       #2 0x56183747ed60 <unknown>\nE       #3 0x56183747ee51 <unknown>\nE       #4 0x5618374c2bc4 <unknown>\nE       #5 0x5618374a146d <unknown>\nE       #6 0x5618374c012d <unknown>\nE       #7 0x5618374a11e3 <unknown>\nE       #8 0x561837471135 <unknown>\nE       #9 0x56183747213e <unknown>\nE       #10 0x561837713e4b <unknown>\nE       #11 0x561837717dfa <unknown>\nE       #12 0x5618377006d5 <unknown>\nE       #13 0x561837718a6f <unknown>\nE       #14 0x5618376e469f <unknown>\nE       #15 0x56183773d098 <unknown>\nE       #16 0x56183773d262 <unknown>\nE       #17 0x56183774ef34 <unknown>\nE       #18 0x7f991b694ac3 <unknown>\n\n.venv/lib/python3.11/site-packages/selenium/webdriver/support/wait.py:95: TimeoutException","steps":[{"name":"Click Login link","time":{"start":1708131600717,"stop":1708131610902,"duration":10185},"status":"broken","statusMessage":"selenium.common.exceptions.TimeoutException: Message: \nStacktrace:\n#0 0x56183774fd93 <unknown>\n#1 0x561837433337 <unknown>\n#2 0x56183747ed60 <unknown>\n#3 0x56183747ee51 <unknown>\n#4 0x5618374c2bc4 <unknown>\n#5 0x5618374a146d <unknown>\n#6 0x5618374c012d <unknown>\n#7 0x5618374a11e3 <unknown>\n#8 0x561837471135 <unknown>\n#9 0x56183747213e <unknown>\n#10 0x561837713e4b <unknown>\n#11 0x561837717dfa <unknown>\n#12 0x5618377006d5 <unknown>\n#13 0x561837718a6f <unknown>\n#14 0x5618376e469f <unknown>\n#15 0x56183773d098 <unknown>\n#16 0x56183773d262 <unknown>\n#17 0x56183774ef34 <unknown>\n#18 0x7f991b694ac3 <unknown>\n\n","statusTrace":"  File \"/home/runner/work/kisangateway-test/kisangateway-test/.venv/lib/python3.11/site-packages/allure_commons/_allure.py\", line 192, in impl\n    return func(*a, **kw)\n           ^^^^^^^^^^^^^^\n  File \"/home/runner/work/kisangateway-test/kisangateway-test/pages/about_page.py\", line 20, in click_login_link\n    self.click(self.LOGIN_LINK)\n  File \"/home/runner/work/kisangateway-test/kisangateway-test/pages/base_page.py\", line 38, in click\n    el: WebElement = self.wait.until(\n                     ^^^^^^^^^^^^^^^^\n  File \"/home/runner/work/kisangateway-test/kisangateway-test/.venv/lib/python3.11/site-packages/selenium/webdriver/support/wait.py\", line 95, in until\n    raise TimeoutException(message, screen, stacktrace)\n","steps":[],"attachments":[],"parameters":[],"shouldDisplayMessage":true,"stepsCount":0,"attachmentsCount":0,"hasContent":true,"attachmentStep":false}],"attachments":[{"uid":"437e1cf8dc5bf78f","name":"HTML example","source":"437e1cf8dc5bf78f.html","type":"text/html","size":32},{"uid":"b7ce139a91abc58d","name":"TXT example","source":"b7ce139a91abc58d.txt","type":"text/plain","size":17},{"uid":"12d59bc3d4084680","name":"CSV example","source":"12d59bc3d4084680.csv","type":"text/csv","size":32},{"uid":"79f675401700f3de","name":"JSON example","source":"79f675401700f3de.json","type":"application/json","size":31},{"uid":"670d1b55811e16be","name":"some attachment name","source":"670d1b55811e16be.xml","type":"application/xml","size":124},{"uid":"324523199bc12501","name":"URI List example","source":"324523199bc12501.uri","type":"text/uri-list","size":70},{"uid":"ff1faaf1dc84aca9","name":"public ip address","source":"ff1faaf1dc84aca9.txt","type":"text/plain","size":11},{"uid":"ab0e5746222a2691","name":"Cookies","source":"ab0e5746222a2691.json","type":"application/json","size":2},{"uid":"ebc63a9dfb768e6a","name":"Session Storage","source":"ebc63a9dfb768e6a.json","type":"application/json","size":2},{"uid":"ba463bc636040280","name":"Local Storage","source":"ba463bc636040280.json","type":"application/json","size":77},{"uid":"542693dbeaa219c8","name":"Console Logs","source":"542693dbeaa219c8.json","type":"application/json","size":599},{"uid":"7d06ab4e163f2718","name":"Full Page Screenshot","source":"7d06ab4e163f2718.png","type":"image/png","size":2477011},{"uid":"571c8be27ab08021","name":"URL","source":"571c8be27ab08021.uri","type":"text/uri-list","size":25},{"uid":"a90e600b8ec18c5a","name":"Network Logs","source":"a90e600b8ec18c5a.json","type":"application/json","size":1283731}],"parameters":[],"shouldDisplayMessage":true,"stepsCount":1,"attachmentsCount":14,"hasContent":true,"attachmentStep":false},"afterStages":[],"labels":[{"name":"story","value":"As a user i want to be able to logout after a successful login."},{"name":"severity","value":"blocker"},{"name":"epic","value":"Security"},{"name":"feature","value":"Login"},{"name":"tag","value":"run(order=2)"},{"name":"tag","value":"security"},{"name":"parentSuite","value":"tests"},{"name":"suite","value":"test_login"},{"name":"subSuite","value":"TestLogin"},{"name":"host","value":"fv-az1538-984"},{"name":"thread","value":"2189-MainThread"},{"name":"framework","value":"pytest"},{"name":"language","value":"cpython3"},{"name":"package","value":"tests.test_login"},{"name":"resultFormat","value":"allure2"}],"parameters":[],"links":[],"hidden":false,"retry":false,"extra":{"severity":"blocker","retries":[],"categories":[{"name":"Test defects","matchedStatuses":[],"flaky":false}],"tags":["run(order=2)","security"]},"source":"1eeafc0f1ffcb7c4.json","parameterValues":[]}