{"uid":"6f38d29b8ec9bff8","name":"Create new workspace test","fullName":"tests.test_workspaces.TestWorkspaces#test_create_new_workspace","historyId":"e6e849a753ae10f50b3b38fac5a7fa8e","time":{"start":1702256727483,"stop":1702256727483,"duration":0},"description":"Create new Workspace","descriptionHtml":"<p>Create new Workspace</p>\n","status":"broken","statusMessage":"selenium.common.exceptions.TimeoutException: Message: \nStacktrace:\n#0 0x55f43c37d5e3 <unknown>\n#1 0x55f43c0400b7 <unknown>\n#2 0x55f43c08df53 <unknown>\n#3 0x55f43c08e051 <unknown>\n#4 0x55f43c0d39c4 <unknown>\n#5 0x55f43c0b4f1d <unknown>\n#6 0x55f43c0d0b3d <unknown>\n#7 0x55f43c0b4cc3 <unknown>\n#8 0x55f43c0800e4 <unknown>\n#9 0x55f43c0810ae <unknown>\n#10 0x55f43c343ce1 <unknown>\n#11 0x55f43c347b7e <unknown>\n#12 0x55f43c3314b5 <unknown>\n#13 0x55f43c3487d6 <unknown>\n#14 0x55f43c314dbf <unknown>\n#15 0x55f43c36b748 <unknown>\n#16 0x55f43c36b917 <unknown>\n#17 0x55f43c37c773 <unknown>\n#18 0x7f9bf0094ac3 <unknown>","statusTrace":"self = <tests.test_workspaces.TestWorkspaces object at 0x7efcd1451890>\nsecret_data = {'email': '', 'password': ''}\n\n    @pytest.fixture(autouse=True)\n    def setup_method_fixture(self, secret_data: dict):\n>       login(secret_data, self.about_page, self.login_page)\n\ntests/test_workspaces.py:23: \n_ _ _ _ _ _ _ _ _ _ _ _ _ _ _ _ _ _ _ _ _ _ _ _ _ _ _ _ _ _ _ _ _ _ _ _ _ _ _ _ \ntests/test_workspaces.py:13: in login\n    about_page.click_login_link()\npages/about_page.py:20: in click_login_link\n    self.click(self.LOGIN_LINK)\npages/base_page.py:38: in click\n    el: WebElement = self.wait.until(\n_ _ _ _ _ _ _ _ _ _ _ _ _ _ _ _ _ _ _ _ _ _ _ _ _ _ _ _ _ _ _ _ _ _ _ _ _ _ _ _ \n\nself = <selenium.webdriver.support.wait.WebDriverWait (session=\"124cb5dc1fcd359f14fafd4f37390dbd\")>\nmethod = <function element_to_be_clickable.<locals>._predicate at 0x7efcd13a0fe0>\nmessage = ''\n\n    def until(self, method, message: str = \"\"):\n        \"\"\"Calls the method provided with the driver as an argument until the \\\n        return value does not evaluate to ``False``.\n    \n        :param method: callable(WebDriver)\n        :param message: optional message for :exc:`TimeoutException`\n        :returns: the result of the last call to `method`\n        :raises: :exc:`selenium.common.exceptions.TimeoutException` if timeout occurs\n        \"\"\"\n        screen = None\n        stacktrace = None\n    \n        end_time = time.monotonic() + self._timeout\n        while True:\n            try:\n                value = method(self._driver)\n                if value:\n                    return value\n            except self._ignored_exceptions as exc:\n                screen = getattr(exc, \"screen\", None)\n                stacktrace = getattr(exc, \"stacktrace\", None)\n            time.sleep(self._poll)\n            if time.monotonic() > end_time:\n                break\n>       raise TimeoutException(message, screen, stacktrace)\nE       selenium.common.exceptions.TimeoutException: Message: \nE       Stacktrace:\nE       #0 0x55f43c37d5e3 <unknown>\nE       #1 0x55f43c0400b7 <unknown>\nE       #2 0x55f43c08df53 <unknown>\nE       #3 0x55f43c08e051 <unknown>\nE       #4 0x55f43c0d39c4 <unknown>\nE       #5 0x55f43c0b4f1d <unknown>\nE       #6 0x55f43c0d0b3d <unknown>\nE       #7 0x55f43c0b4cc3 <unknown>\nE       #8 0x55f43c0800e4 <unknown>\nE       #9 0x55f43c0810ae <unknown>\nE       #10 0x55f43c343ce1 <unknown>\nE       #11 0x55f43c347b7e <unknown>\nE       #12 0x55f43c3314b5 <unknown>\nE       #13 0x55f43c3487d6 <unknown>\nE       #14 0x55f43c314dbf <unknown>\nE       #15 0x55f43c36b748 <unknown>\nE       #16 0x55f43c36b917 <unknown>\nE       #17 0x55f43c37c773 <unknown>\nE       #18 0x7f9bf0094ac3 <unknown>\n\n.venv/lib/python3.11/site-packages/selenium/webdriver/support/wait.py:95: TimeoutException","flaky":false,"newFailed":false,"newBroken":false,"newPassed":false,"retriesCount":0,"retriesStatusChange":false,"beforeStages":[{"name":"_verify_url","time":{"start":1702256715804,"stop":1702256715804,"duration":0},"status":"passed","steps":[],"attachments":[],"parameters":[],"stepsCount":0,"attachmentsCount":0,"hasContent":false,"attachmentStep":false,"shouldDisplayMessage":false},{"name":"base_url","time":{"start":1702256715804,"stop":1702256715804,"duration":0},"status":"passed","steps":[],"attachments":[],"parameters":[],"stepsCount":0,"attachmentsCount":0,"hasContent":false,"attachmentStep":false,"shouldDisplayMessage":false},{"name":"secret_data","time":{"start":1702256715804,"stop":1702256715804,"duration":0},"status":"passed","steps":[],"attachments":[],"parameters":[],"stepsCount":0,"attachmentsCount":0,"hasContent":false,"attachmentStep":false,"shouldDisplayMessage":false},{"name":"json_data","time":{"start":1702256715805,"stop":1702256715805,"duration":0},"status":"passed","steps":[],"attachments":[],"parameters":[],"stepsCount":0,"attachmentsCount":0,"hasContent":false,"attachmentStep":false,"shouldDisplayMessage":false},{"name":"setup_method_fixture","time":{"start":1702256728599,"stop":1702256738795,"duration":10196},"status":"broken","statusMessage":"selenium.common.exceptions.TimeoutException: Message: \nStacktrace:\n#0 0x55f43c37d5e3 <unknown>\n#1 0x55f43c0400b7 <unknown>\n#2 0x55f43c08df53 <unknown>\n#3 0x55f43c08e051 <unknown>\n#4 0x55f43c0d39c4 <unknown>\n#5 0x55f43c0b4f1d <unknown>\n#6 0x55f43c0d0b3d <unknown>\n#7 0x55f43c0b4cc3 <unknown>\n#8 0x55f43c0800e4 <unknown>\n#9 0x55f43c0810ae <unknown>\n#10 0x55f43c343ce1 <unknown>\n#11 0x55f43c347b7e <unknown>\n#12 0x55f43c3314b5 <unknown>\n#13 0x55f43c3487d6 <unknown>\n#14 0x55f43c314dbf <unknown>\n#15 0x55f43c36b748 <unknown>\n#16 0x55f43c36b917 <unknown>\n#17 0x55f43c37c773 <unknown>\n#18 0x7f9bf0094ac3 <unknown>\n\n","statusTrace":"  File \"/home/runner/work/kisangateway-test/kisangateway-test/.venv/lib/python3.11/site-packages/pluggy/_callers.py\", line 80, in _multicall\n    res = hook_impl.function(*args)\n          ^^^^^^^^^^^^^^^^^^^^^^^^^\n  File \"/home/runner/work/kisangateway-test/kisangateway-test/.venv/lib/python3.11/site-packages/_pytest/fixtures.py\", line 1123, in pytest_fixture_setup\n    result = call_fixture_func(fixturefunc, request, kwargs)\n             ^^^^^^^^^^^^^^^^^^^^^^^^^^^^^^^^^^^^^^^^^^^^^^^\n  File \"/home/runner/work/kisangateway-test/kisangateway-test/.venv/lib/python3.11/site-packages/_pytest/fixtures.py\", line 902, in call_fixture_func\n    fixture_result = fixturefunc(**kwargs)\n                     ^^^^^^^^^^^^^^^^^^^^^\n  File \"/home/runner/work/kisangateway-test/kisangateway-test/tests/test_workspaces.py\", line 23, in setup_method_fixture\n    login(secret_data, self.about_page, self.login_page)\n  File \"/home/runner/work/kisangateway-test/kisangateway-test/tests/test_workspaces.py\", line 13, in login\n    about_page.click_login_link()\n  File \"/home/runner/work/kisangateway-test/kisangateway-test/.venv/lib/python3.11/site-packages/allure_commons/_allure.py\", line 192, in impl\n    return func(*a, **kw)\n           ^^^^^^^^^^^^^^\n  File \"/home/runner/work/kisangateway-test/kisangateway-test/pages/about_page.py\", line 20, in click_login_link\n    self.click(self.LOGIN_LINK)\n  File \"/home/runner/work/kisangateway-test/kisangateway-test/pages/base_page.py\", line 38, in click\n    el: WebElement = self.wait.until(\n                     ^^^^^^^^^^^^^^^^\n  File \"/home/runner/work/kisangateway-test/kisangateway-test/.venv/lib/python3.11/site-packages/selenium/webdriver/support/wait.py\", line 95, in until\n    raise TimeoutException(message, screen, stacktrace)\n","steps":[{"name":"Click Login link","time":{"start":1702256728599,"stop":1702256738795,"duration":10196},"status":"broken","statusMessage":"selenium.common.exceptions.TimeoutException: Message: \nStacktrace:\n#0 0x55f43c37d5e3 <unknown>\n#1 0x55f43c0400b7 <unknown>\n#2 0x55f43c08df53 <unknown>\n#3 0x55f43c08e051 <unknown>\n#4 0x55f43c0d39c4 <unknown>\n#5 0x55f43c0b4f1d <unknown>\n#6 0x55f43c0d0b3d <unknown>\n#7 0x55f43c0b4cc3 <unknown>\n#8 0x55f43c0800e4 <unknown>\n#9 0x55f43c0810ae <unknown>\n#10 0x55f43c343ce1 <unknown>\n#11 0x55f43c347b7e <unknown>\n#12 0x55f43c3314b5 <unknown>\n#13 0x55f43c3487d6 <unknown>\n#14 0x55f43c314dbf <unknown>\n#15 0x55f43c36b748 <unknown>\n#16 0x55f43c36b917 <unknown>\n#17 0x55f43c37c773 <unknown>\n#18 0x7f9bf0094ac3 <unknown>\n\n","statusTrace":"  File \"/home/runner/work/kisangateway-test/kisangateway-test/.venv/lib/python3.11/site-packages/allure_commons/_allure.py\", line 192, in impl\n    return func(*a, **kw)\n           ^^^^^^^^^^^^^^\n  File \"/home/runner/work/kisangateway-test/kisangateway-test/pages/about_page.py\", line 20, in click_login_link\n    self.click(self.LOGIN_LINK)\n  File \"/home/runner/work/kisangateway-test/kisangateway-test/pages/base_page.py\", line 38, in click\n    el: WebElement = self.wait.until(\n                     ^^^^^^^^^^^^^^^^\n  File \"/home/runner/work/kisangateway-test/kisangateway-test/.venv/lib/python3.11/site-packages/selenium/webdriver/support/wait.py\", line 95, in until\n    raise TimeoutException(message, screen, stacktrace)\n","steps":[],"attachments":[],"parameters":[],"stepsCount":0,"attachmentsCount":0,"hasContent":true,"attachmentStep":false,"shouldDisplayMessage":true}],"attachments":[],"parameters":[],"stepsCount":1,"attachmentsCount":0,"hasContent":true,"attachmentStep":false,"shouldDisplayMessage":false}],"testStage":{"description":"Create new Workspace","status":"broken","statusMessage":"selenium.common.exceptions.TimeoutException: Message: \nStacktrace:\n#0 0x55f43c37d5e3 <unknown>\n#1 0x55f43c0400b7 <unknown>\n#2 0x55f43c08df53 <unknown>\n#3 0x55f43c08e051 <unknown>\n#4 0x55f43c0d39c4 <unknown>\n#5 0x55f43c0b4f1d <unknown>\n#6 0x55f43c0d0b3d <unknown>\n#7 0x55f43c0b4cc3 <unknown>\n#8 0x55f43c0800e4 <unknown>\n#9 0x55f43c0810ae <unknown>\n#10 0x55f43c343ce1 <unknown>\n#11 0x55f43c347b7e <unknown>\n#12 0x55f43c3314b5 <unknown>\n#13 0x55f43c3487d6 <unknown>\n#14 0x55f43c314dbf <unknown>\n#15 0x55f43c36b748 <unknown>\n#16 0x55f43c36b917 <unknown>\n#17 0x55f43c37c773 <unknown>\n#18 0x7f9bf0094ac3 <unknown>","statusTrace":"self = <tests.test_workspaces.TestWorkspaces object at 0x7efcd1451890>\nsecret_data = {'email': '', 'password': ''}\n\n    @pytest.fixture(autouse=True)\n    def setup_method_fixture(self, secret_data: dict):\n>       login(secret_data, self.about_page, self.login_page)\n\ntests/test_workspaces.py:23: \n_ _ _ _ _ _ _ _ _ _ _ _ _ _ _ _ _ _ _ _ _ _ _ _ _ _ _ _ _ _ _ _ _ _ _ _ _ _ _ _ \ntests/test_workspaces.py:13: in login\n    about_page.click_login_link()\npages/about_page.py:20: in click_login_link\n    self.click(self.LOGIN_LINK)\npages/base_page.py:38: in click\n    el: WebElement = self.wait.until(\n_ _ _ _ _ _ _ _ _ _ _ _ _ _ _ _ _ _ _ _ _ _ _ _ _ _ _ _ _ _ _ _ _ _ _ _ _ _ _ _ \n\nself = <selenium.webdriver.support.wait.WebDriverWait (session=\"124cb5dc1fcd359f14fafd4f37390dbd\")>\nmethod = <function element_to_be_clickable.<locals>._predicate at 0x7efcd13a0fe0>\nmessage = ''\n\n    def until(self, method, message: str = \"\"):\n        \"\"\"Calls the method provided with the driver as an argument until the \\\n        return value does not evaluate to ``False``.\n    \n        :param method: callable(WebDriver)\n        :param message: optional message for :exc:`TimeoutException`\n        :returns: the result of the last call to `method`\n        :raises: :exc:`selenium.common.exceptions.TimeoutException` if timeout occurs\n        \"\"\"\n        screen = None\n        stacktrace = None\n    \n        end_time = time.monotonic() + self._timeout\n        while True:\n            try:\n                value = method(self._driver)\n                if value:\n                    return value\n            except self._ignored_exceptions as exc:\n                screen = getattr(exc, \"screen\", None)\n                stacktrace = getattr(exc, \"stacktrace\", None)\n            time.sleep(self._poll)\n            if time.monotonic() > end_time:\n                break\n>       raise TimeoutException(message, screen, stacktrace)\nE       selenium.common.exceptions.TimeoutException: Message: \nE       Stacktrace:\nE       #0 0x55f43c37d5e3 <unknown>\nE       #1 0x55f43c0400b7 <unknown>\nE       #2 0x55f43c08df53 <unknown>\nE       #3 0x55f43c08e051 <unknown>\nE       #4 0x55f43c0d39c4 <unknown>\nE       #5 0x55f43c0b4f1d <unknown>\nE       #6 0x55f43c0d0b3d <unknown>\nE       #7 0x55f43c0b4cc3 <unknown>\nE       #8 0x55f43c0800e4 <unknown>\nE       #9 0x55f43c0810ae <unknown>\nE       #10 0x55f43c343ce1 <unknown>\nE       #11 0x55f43c347b7e <unknown>\nE       #12 0x55f43c3314b5 <unknown>\nE       #13 0x55f43c3487d6 <unknown>\nE       #14 0x55f43c314dbf <unknown>\nE       #15 0x55f43c36b748 <unknown>\nE       #16 0x55f43c36b917 <unknown>\nE       #17 0x55f43c37c773 <unknown>\nE       #18 0x7f9bf0094ac3 <unknown>\n\n.venv/lib/python3.11/site-packages/selenium/webdriver/support/wait.py:95: TimeoutException","steps":[],"attachments":[{"uid":"8ef5d30b1cdf5679","name":"public ip address","source":"8ef5d30b1cdf5679.txt","type":"text/plain","size":11},{"uid":"c69594697c382c0b","name":"Cookies","source":"c69594697c382c0b.json","type":"application/json","size":2},{"uid":"813db7048a050cec","name":"Session Storage","source":"813db7048a050cec.json","type":"application/json","size":2},{"uid":"632ce6ffd57070b2","name":"Local Storage","source":"632ce6ffd57070b2.json","type":"application/json","size":2},{"uid":"e9cc141a4eac19ef","name":"Console Logs","source":"e9cc141a4eac19ef.json","type":"application/json","size":2},{"uid":"e4c2d675013e0e03","name":"Full Page Screenshot","source":"e4c2d675013e0e03.png","type":"image/png","size":2669391},{"uid":"be1dde23502b334c","name":"URL","source":"be1dde23502b334c.uri","type":"text/uri-list","size":25},{"uid":"b860827ec7820fbd","name":"Network Logs","source":"b860827ec7820fbd.json","type":"application/json","size":14022}],"parameters":[],"stepsCount":0,"attachmentsCount":8,"hasContent":true,"attachmentStep":false,"shouldDisplayMessage":true},"afterStages":[],"labels":[{"name":"epic","value":"Workspaces"},{"name":"severity","value":"normal"},{"name":"story","value":"WorkSpaces Creation and Editing Functionality"},{"name":"tag","value":"run(order=1)"},{"name":"parentSuite","value":"tests"},{"name":"suite","value":"test_workspaces"},{"name":"subSuite","value":"TestWorkspaces"},{"name":"host","value":"fv-az984-705"},{"name":"thread","value":"2406-MainThread"},{"name":"framework","value":"pytest"},{"name":"language","value":"cpython3"},{"name":"package","value":"tests.test_workspaces"},{"name":"resultFormat","value":"allure2"}],"parameters":[],"links":[],"hidden":false,"retry":false,"extra":{"severity":"normal","retries":[],"categories":[{"name":"Test defects","matchedStatuses":[],"flaky":false}],"tags":["run(order=1)"]},"source":"6f38d29b8ec9bff8.json","parameterValues":[]}