{"uid":"30c40eaf0d5c15e0","name":"Cancel a project deletion","fullName":"tests.test_workspaces.TestWorkspaces#test_cancel_project_deletion","historyId":"73e48f11612b8be9a40ce0a427a468f9","time":{"start":1711414951668,"stop":1711414951668,"duration":0},"description":"Cancel project deletion","descriptionHtml":"<p>Cancel project deletion</p>\n","status":"broken","statusMessage":"selenium.common.exceptions.TimeoutException: Message: \nStacktrace:\n#0 0x562eaa098f33 <unknown>\n#1 0x562ea9d90ce6 <unknown>\n#2 0x562ea9ddbe48 <unknown>\n#3 0x562ea9ddbf01 <unknown>\n#4 0x562ea9e1f3f4 <unknown>\n#5 0x562ea9dfdedd <unknown>\n#6 0x562ea9e1c899 <unknown>\n#7 0x562ea9dfdc53 <unknown>\n#8 0x562ea9dcedb3 <unknown>\n#9 0x562ea9dcf77e <unknown>\n#10 0x562eaa05e86b <unknown>\n#11 0x562eaa062885 <unknown>\n#12 0x562eaa04c181 <unknown>\n#13 0x562eaa063412 <unknown>\n#14 0x562eaa03025f <unknown>\n#15 0x562eaa087528 <unknown>\n#16 0x562eaa087723 <unknown>\n#17 0x562eaa0980e4 <unknown>\n#18 0x7f7b52094ac3 <unknown>","statusTrace":"self = <tests.test_workspaces.TestWorkspaces object at 0x7f6b77b20fd0>\nsecret_data = {'email': '', 'password': ''}\n\n    @pytest.fixture(autouse=True)\n    def setup_method_fixture(self, secret_data: dict):\n>       login(secret_data, self.about_page, self.login_page)\n\ntests/test_workspaces.py:23: \n_ _ _ _ _ _ _ _ _ _ _ _ _ _ _ _ _ _ _ _ _ _ _ _ _ _ _ _ _ _ _ _ _ _ _ _ _ _ _ _ \ntests/test_workspaces.py:13: in login\n    about_page.click_login_link()\npages/about_page.py:20: in click_login_link\n    self.click(self.LOGIN_LINK)\npages/base_page.py:38: in click\n    el: WebElement = self.wait.until(\n_ _ _ _ _ _ _ _ _ _ _ _ _ _ _ _ _ _ _ _ _ _ _ _ _ _ _ _ _ _ _ _ _ _ _ _ _ _ _ _ \n\nself = <selenium.webdriver.support.wait.WebDriverWait (session=\"6bf53a80160d07a532986807b3d9d2da\")>\nmethod = <function element_to_be_clickable.<locals>._predicate at 0x7f6b777974c0>\nmessage = ''\n\n    def until(self, method, message: str = \"\"):\n        \"\"\"Calls the method provided with the driver as an argument until the \\\n        return value does not evaluate to ``False``.\n    \n        :param method: callable(WebDriver)\n        :param message: optional message for :exc:`TimeoutException`\n        :returns: the result of the last call to `method`\n        :raises: :exc:`selenium.common.exceptions.TimeoutException` if timeout occurs\n        \"\"\"\n        screen = None\n        stacktrace = None\n    \n        end_time = time.monotonic() + self._timeout\n        while True:\n            try:\n                value = method(self._driver)\n                if value:\n                    return value\n            except self._ignored_exceptions as exc:\n                screen = getattr(exc, \"screen\", None)\n                stacktrace = getattr(exc, \"stacktrace\", None)\n            time.sleep(self._poll)\n            if time.monotonic() > end_time:\n                break\n>       raise TimeoutException(message, screen, stacktrace)\nE       selenium.common.exceptions.TimeoutException: Message: \nE       Stacktrace:\nE       #0 0x562eaa098f33 <unknown>\nE       #1 0x562ea9d90ce6 <unknown>\nE       #2 0x562ea9ddbe48 <unknown>\nE       #3 0x562ea9ddbf01 <unknown>\nE       #4 0x562ea9e1f3f4 <unknown>\nE       #5 0x562ea9dfdedd <unknown>\nE       #6 0x562ea9e1c899 <unknown>\nE       #7 0x562ea9dfdc53 <unknown>\nE       #8 0x562ea9dcedb3 <unknown>\nE       #9 0x562ea9dcf77e <unknown>\nE       #10 0x562eaa05e86b <unknown>\nE       #11 0x562eaa062885 <unknown>\nE       #12 0x562eaa04c181 <unknown>\nE       #13 0x562eaa063412 <unknown>\nE       #14 0x562eaa03025f <unknown>\nE       #15 0x562eaa087528 <unknown>\nE       #16 0x562eaa087723 <unknown>\nE       #17 0x562eaa0980e4 <unknown>\nE       #18 0x7f7b52094ac3 <unknown>\n\n.venv/lib/python3.11/site-packages/selenium/webdriver/support/wait.py:95: TimeoutException","flaky":false,"newFailed":false,"newBroken":false,"newPassed":false,"retriesCount":0,"retriesStatusChange":false,"beforeStages":[{"name":"base_url","time":{"start":1711414814913,"stop":1711414814913,"duration":0},"status":"passed","steps":[],"attachments":[],"parameters":[],"shouldDisplayMessage":false,"stepsCount":0,"attachmentsCount":0,"hasContent":false,"attachmentStep":false},{"name":"secret_data","time":{"start":1711414814913,"stop":1711414814914,"duration":1},"status":"passed","steps":[],"attachments":[],"parameters":[],"shouldDisplayMessage":false,"stepsCount":0,"attachmentsCount":0,"hasContent":false,"attachmentStep":false},{"name":"_verify_url","time":{"start":1711414814913,"stop":1711414814913,"duration":0},"status":"passed","steps":[],"attachments":[],"parameters":[],"shouldDisplayMessage":false,"stepsCount":0,"attachmentsCount":0,"hasContent":false,"attachmentStep":false},{"name":"json_data","time":{"start":1711414814914,"stop":1711414814914,"duration":0},"status":"passed","steps":[],"attachments":[],"parameters":[],"shouldDisplayMessage":false,"stepsCount":0,"attachmentsCount":0,"hasContent":false,"attachmentStep":false},{"name":"setup_method_fixture","time":{"start":1711414952858,"stop":1711414963118,"duration":10260},"status":"broken","statusMessage":"selenium.common.exceptions.TimeoutException: Message: \nStacktrace:\n#0 0x562eaa098f33 <unknown>\n#1 0x562ea9d90ce6 <unknown>\n#2 0x562ea9ddbe48 <unknown>\n#3 0x562ea9ddbf01 <unknown>\n#4 0x562ea9e1f3f4 <unknown>\n#5 0x562ea9dfdedd <unknown>\n#6 0x562ea9e1c899 <unknown>\n#7 0x562ea9dfdc53 <unknown>\n#8 0x562ea9dcedb3 <unknown>\n#9 0x562ea9dcf77e <unknown>\n#10 0x562eaa05e86b <unknown>\n#11 0x562eaa062885 <unknown>\n#12 0x562eaa04c181 <unknown>\n#13 0x562eaa063412 <unknown>\n#14 0x562eaa03025f <unknown>\n#15 0x562eaa087528 <unknown>\n#16 0x562eaa087723 <unknown>\n#17 0x562eaa0980e4 <unknown>\n#18 0x7f7b52094ac3 <unknown>\n\n","statusTrace":"  File \"/home/runner/work/kisangateway-test/kisangateway-test/.venv/lib/python3.11/site-packages/pluggy/_callers.py\", line 80, in _multicall\n    res = hook_impl.function(*args)\n          ^^^^^^^^^^^^^^^^^^^^^^^^^\n  File \"/home/runner/work/kisangateway-test/kisangateway-test/.venv/lib/python3.11/site-packages/_pytest/fixtures.py\", line 1123, in pytest_fixture_setup\n    result = call_fixture_func(fixturefunc, request, kwargs)\n             ^^^^^^^^^^^^^^^^^^^^^^^^^^^^^^^^^^^^^^^^^^^^^^^\n  File \"/home/runner/work/kisangateway-test/kisangateway-test/.venv/lib/python3.11/site-packages/_pytest/fixtures.py\", line 902, in call_fixture_func\n    fixture_result = fixturefunc(**kwargs)\n                     ^^^^^^^^^^^^^^^^^^^^^\n  File \"/home/runner/work/kisangateway-test/kisangateway-test/tests/test_workspaces.py\", line 23, in setup_method_fixture\n    login(secret_data, self.about_page, self.login_page)\n  File \"/home/runner/work/kisangateway-test/kisangateway-test/tests/test_workspaces.py\", line 13, in login\n    about_page.click_login_link()\n  File \"/home/runner/work/kisangateway-test/kisangateway-test/.venv/lib/python3.11/site-packages/allure_commons/_allure.py\", line 192, in impl\n    return func(*a, **kw)\n           ^^^^^^^^^^^^^^\n  File \"/home/runner/work/kisangateway-test/kisangateway-test/pages/about_page.py\", line 20, in click_login_link\n    self.click(self.LOGIN_LINK)\n  File \"/home/runner/work/kisangateway-test/kisangateway-test/pages/base_page.py\", line 38, in click\n    el: WebElement = self.wait.until(\n                     ^^^^^^^^^^^^^^^^\n  File \"/home/runner/work/kisangateway-test/kisangateway-test/.venv/lib/python3.11/site-packages/selenium/webdriver/support/wait.py\", line 95, in until\n    raise TimeoutException(message, screen, stacktrace)\n","steps":[{"name":"Click Login link","time":{"start":1711414952859,"stop":1711414963117,"duration":10258},"status":"broken","statusMessage":"selenium.common.exceptions.TimeoutException: Message: \nStacktrace:\n#0 0x562eaa098f33 <unknown>\n#1 0x562ea9d90ce6 <unknown>\n#2 0x562ea9ddbe48 <unknown>\n#3 0x562ea9ddbf01 <unknown>\n#4 0x562ea9e1f3f4 <unknown>\n#5 0x562ea9dfdedd <unknown>\n#6 0x562ea9e1c899 <unknown>\n#7 0x562ea9dfdc53 <unknown>\n#8 0x562ea9dcedb3 <unknown>\n#9 0x562ea9dcf77e <unknown>\n#10 0x562eaa05e86b <unknown>\n#11 0x562eaa062885 <unknown>\n#12 0x562eaa04c181 <unknown>\n#13 0x562eaa063412 <unknown>\n#14 0x562eaa03025f <unknown>\n#15 0x562eaa087528 <unknown>\n#16 0x562eaa087723 <unknown>\n#17 0x562eaa0980e4 <unknown>\n#18 0x7f7b52094ac3 <unknown>\n\n","statusTrace":"  File \"/home/runner/work/kisangateway-test/kisangateway-test/.venv/lib/python3.11/site-packages/allure_commons/_allure.py\", line 192, in impl\n    return func(*a, **kw)\n           ^^^^^^^^^^^^^^\n  File \"/home/runner/work/kisangateway-test/kisangateway-test/pages/about_page.py\", line 20, in click_login_link\n    self.click(self.LOGIN_LINK)\n  File \"/home/runner/work/kisangateway-test/kisangateway-test/pages/base_page.py\", line 38, in click\n    el: WebElement = self.wait.until(\n                     ^^^^^^^^^^^^^^^^\n  File \"/home/runner/work/kisangateway-test/kisangateway-test/.venv/lib/python3.11/site-packages/selenium/webdriver/support/wait.py\", line 95, in until\n    raise TimeoutException(message, screen, stacktrace)\n","steps":[],"attachments":[],"parameters":[],"shouldDisplayMessage":true,"stepsCount":0,"attachmentsCount":0,"hasContent":true,"attachmentStep":false}],"attachments":[],"parameters":[],"shouldDisplayMessage":false,"stepsCount":1,"attachmentsCount":0,"hasContent":true,"attachmentStep":false}],"testStage":{"description":"Cancel project deletion","status":"broken","statusMessage":"selenium.common.exceptions.TimeoutException: Message: \nStacktrace:\n#0 0x562eaa098f33 <unknown>\n#1 0x562ea9d90ce6 <unknown>\n#2 0x562ea9ddbe48 <unknown>\n#3 0x562ea9ddbf01 <unknown>\n#4 0x562ea9e1f3f4 <unknown>\n#5 0x562ea9dfdedd <unknown>\n#6 0x562ea9e1c899 <unknown>\n#7 0x562ea9dfdc53 <unknown>\n#8 0x562ea9dcedb3 <unknown>\n#9 0x562ea9dcf77e <unknown>\n#10 0x562eaa05e86b <unknown>\n#11 0x562eaa062885 <unknown>\n#12 0x562eaa04c181 <unknown>\n#13 0x562eaa063412 <unknown>\n#14 0x562eaa03025f <unknown>\n#15 0x562eaa087528 <unknown>\n#16 0x562eaa087723 <unknown>\n#17 0x562eaa0980e4 <unknown>\n#18 0x7f7b52094ac3 <unknown>","statusTrace":"self = <tests.test_workspaces.TestWorkspaces object at 0x7f6b77b20fd0>\nsecret_data = {'email': '', 'password': ''}\n\n    @pytest.fixture(autouse=True)\n    def setup_method_fixture(self, secret_data: dict):\n>       login(secret_data, self.about_page, self.login_page)\n\ntests/test_workspaces.py:23: \n_ _ _ _ _ _ _ _ _ _ _ _ _ _ _ _ _ _ _ _ _ _ _ _ _ _ _ _ _ _ _ _ _ _ _ _ _ _ _ _ \ntests/test_workspaces.py:13: in login\n    about_page.click_login_link()\npages/about_page.py:20: in click_login_link\n    self.click(self.LOGIN_LINK)\npages/base_page.py:38: in click\n    el: WebElement = self.wait.until(\n_ _ _ _ _ _ _ _ _ _ _ _ _ _ _ _ _ _ _ _ _ _ _ _ _ _ _ _ _ _ _ _ _ _ _ _ _ _ _ _ \n\nself = <selenium.webdriver.support.wait.WebDriverWait (session=\"6bf53a80160d07a532986807b3d9d2da\")>\nmethod = <function element_to_be_clickable.<locals>._predicate at 0x7f6b777974c0>\nmessage = ''\n\n    def until(self, method, message: str = \"\"):\n        \"\"\"Calls the method provided with the driver as an argument until the \\\n        return value does not evaluate to ``False``.\n    \n        :param method: callable(WebDriver)\n        :param message: optional message for :exc:`TimeoutException`\n        :returns: the result of the last call to `method`\n        :raises: :exc:`selenium.common.exceptions.TimeoutException` if timeout occurs\n        \"\"\"\n        screen = None\n        stacktrace = None\n    \n        end_time = time.monotonic() + self._timeout\n        while True:\n            try:\n                value = method(self._driver)\n                if value:\n                    return value\n            except self._ignored_exceptions as exc:\n                screen = getattr(exc, \"screen\", None)\n                stacktrace = getattr(exc, \"stacktrace\", None)\n            time.sleep(self._poll)\n            if time.monotonic() > end_time:\n                break\n>       raise TimeoutException(message, screen, stacktrace)\nE       selenium.common.exceptions.TimeoutException: Message: \nE       Stacktrace:\nE       #0 0x562eaa098f33 <unknown>\nE       #1 0x562ea9d90ce6 <unknown>\nE       #2 0x562ea9ddbe48 <unknown>\nE       #3 0x562ea9ddbf01 <unknown>\nE       #4 0x562ea9e1f3f4 <unknown>\nE       #5 0x562ea9dfdedd <unknown>\nE       #6 0x562ea9e1c899 <unknown>\nE       #7 0x562ea9dfdc53 <unknown>\nE       #8 0x562ea9dcedb3 <unknown>\nE       #9 0x562ea9dcf77e <unknown>\nE       #10 0x562eaa05e86b <unknown>\nE       #11 0x562eaa062885 <unknown>\nE       #12 0x562eaa04c181 <unknown>\nE       #13 0x562eaa063412 <unknown>\nE       #14 0x562eaa03025f <unknown>\nE       #15 0x562eaa087528 <unknown>\nE       #16 0x562eaa087723 <unknown>\nE       #17 0x562eaa0980e4 <unknown>\nE       #18 0x7f7b52094ac3 <unknown>\n\n.venv/lib/python3.11/site-packages/selenium/webdriver/support/wait.py:95: TimeoutException","steps":[],"attachments":[{"uid":"2fd674234aa7ebb7","name":"public ip address","source":"2fd674234aa7ebb7.txt","type":"text/plain","size":13},{"uid":"8abf1834f45cd128","name":"Cookies","source":"8abf1834f45cd128.json","type":"application/json","size":526},{"uid":"87569987b75cc00d","name":"Session Storage","source":"87569987b75cc00d.json","type":"application/json","size":2},{"uid":"c4faab0a2c067bbc","name":"Local Storage","source":"c4faab0a2c067bbc.json","type":"application/json","size":77},{"uid":"c194032e940248c0","name":"Console Logs","source":"c194032e940248c0.json","type":"application/json","size":310},{"uid":"dffe895ab5f2ecfe","name":"Full Page Screenshot","source":"dffe895ab5f2ecfe.png","type":"image/png","size":2477717},{"uid":"9522b3b0a9fc39c2","name":"URL","source":"9522b3b0a9fc39c2.uri","type":"text/uri-list","size":25},{"uid":"237c2703bc040293","name":"Network Logs","source":"237c2703bc040293.json","type":"application/json","size":1315355}],"parameters":[],"shouldDisplayMessage":true,"stepsCount":0,"attachmentsCount":8,"hasContent":true,"attachmentStep":false},"afterStages":[],"labels":[{"name":"epic","value":"Workspaces"},{"name":"severity","value":"normal"},{"name":"story","value":"WorkSpaces Creation and Editing Functionality"},{"name":"tag","value":"run(order=8)"},{"name":"parentSuite","value":"tests"},{"name":"suite","value":"test_workspaces"},{"name":"subSuite","value":"TestWorkspaces"},{"name":"host","value":"fv-az1152-186"},{"name":"thread","value":"2239-MainThread"},{"name":"framework","value":"pytest"},{"name":"language","value":"cpython3"},{"name":"package","value":"tests.test_workspaces"},{"name":"resultFormat","value":"allure2"}],"parameters":[],"links":[],"hidden":false,"retry":false,"extra":{"severity":"normal","retries":[],"categories":[{"name":"Test defects","matchedStatuses":[],"flaky":false}],"tags":["run(order=8)"]},"source":"30c40eaf0d5c15e0.json","parameterValues":[]}