{"uid":"967005650ea8c7b5","name":"Delete existing project","fullName":"tests.test_workspaces.TestWorkspaces#test_delete_project","historyId":"ec4959b9902b11e4378ec1736393f0f6","time":{"start":1711501385809,"stop":1711501385809,"duration":0},"description":"Deleting an existing project from workspace","descriptionHtml":"<p>Deleting an existing project from workspace</p>\n","status":"broken","statusMessage":"selenium.common.exceptions.TimeoutException: Message: \nStacktrace:\n#0 0x56244e7c4f33 <unknown>\n#1 0x56244e4bcce6 <unknown>\n#2 0x56244e507e48 <unknown>\n#3 0x56244e507f01 <unknown>\n#4 0x56244e54b3f4 <unknown>\n#5 0x56244e529edd <unknown>\n#6 0x56244e548899 <unknown>\n#7 0x56244e529c53 <unknown>\n#8 0x56244e4fadb3 <unknown>\n#9 0x56244e4fb77e <unknown>\n#10 0x56244e78a86b <unknown>\n#11 0x56244e78e885 <unknown>\n#12 0x56244e778181 <unknown>\n#13 0x56244e78f412 <unknown>\n#14 0x56244e75c25f <unknown>\n#15 0x56244e7b3528 <unknown>\n#16 0x56244e7b3723 <unknown>\n#17 0x56244e7c40e4 <unknown>\n#18 0x7ffba0294ac3 <unknown>","statusTrace":"self = <tests.test_workspaces.TestWorkspaces object at 0x7f3c38cece10>\nsecret_data = {'email': '', 'password': ''}\n\n    @pytest.fixture(autouse=True)\n    def setup_method_fixture(self, secret_data: dict):\n>       login(secret_data, self.about_page, self.login_page)\n\ntests/test_workspaces.py:23: \n_ _ _ _ _ _ _ _ _ _ _ _ _ _ _ _ _ _ _ _ _ _ _ _ _ _ _ _ _ _ _ _ _ _ _ _ _ _ _ _ \ntests/test_workspaces.py:13: in login\n    about_page.click_login_link()\npages/about_page.py:20: in click_login_link\n    self.click(self.LOGIN_LINK)\npages/base_page.py:38: in click\n    el: WebElement = self.wait.until(\n_ _ _ _ _ _ _ _ _ _ _ _ _ _ _ _ _ _ _ _ _ _ _ _ _ _ _ _ _ _ _ _ _ _ _ _ _ _ _ _ \n\nself = <selenium.webdriver.support.wait.WebDriverWait (session=\"f01e73c78cb8df0c5f3036989fc57909\")>\nmethod = <function element_to_be_clickable.<locals>._predicate at 0x7f3c388a7380>\nmessage = ''\n\n    def until(self, method, message: str = \"\"):\n        \"\"\"Calls the method provided with the driver as an argument until the \\\n        return value does not evaluate to ``False``.\n    \n        :param method: callable(WebDriver)\n        :param message: optional message for :exc:`TimeoutException`\n        :returns: the result of the last call to `method`\n        :raises: :exc:`selenium.common.exceptions.TimeoutException` if timeout occurs\n        \"\"\"\n        screen = None\n        stacktrace = None\n    \n        end_time = time.monotonic() + self._timeout\n        while True:\n            try:\n                value = method(self._driver)\n                if value:\n                    return value\n            except self._ignored_exceptions as exc:\n                screen = getattr(exc, \"screen\", None)\n                stacktrace = getattr(exc, \"stacktrace\", None)\n            time.sleep(self._poll)\n            if time.monotonic() > end_time:\n                break\n>       raise TimeoutException(message, screen, stacktrace)\nE       selenium.common.exceptions.TimeoutException: Message: \nE       Stacktrace:\nE       #0 0x56244e7c4f33 <unknown>\nE       #1 0x56244e4bcce6 <unknown>\nE       #2 0x56244e507e48 <unknown>\nE       #3 0x56244e507f01 <unknown>\nE       #4 0x56244e54b3f4 <unknown>\nE       #5 0x56244e529edd <unknown>\nE       #6 0x56244e548899 <unknown>\nE       #7 0x56244e529c53 <unknown>\nE       #8 0x56244e4fadb3 <unknown>\nE       #9 0x56244e4fb77e <unknown>\nE       #10 0x56244e78a86b <unknown>\nE       #11 0x56244e78e885 <unknown>\nE       #12 0x56244e778181 <unknown>\nE       #13 0x56244e78f412 <unknown>\nE       #14 0x56244e75c25f <unknown>\nE       #15 0x56244e7b3528 <unknown>\nE       #16 0x56244e7b3723 <unknown>\nE       #17 0x56244e7c40e4 <unknown>\nE       #18 0x7ffba0294ac3 <unknown>\n\n.venv/lib/python3.11/site-packages/selenium/webdriver/support/wait.py:95: TimeoutException","flaky":false,"newFailed":false,"newBroken":false,"newPassed":false,"retriesCount":0,"retriesStatusChange":false,"beforeStages":[{"name":"_verify_url","time":{"start":1711501233748,"stop":1711501233748,"duration":0},"status":"passed","steps":[],"attachments":[],"parameters":[],"shouldDisplayMessage":false,"stepsCount":0,"attachmentsCount":0,"hasContent":false,"attachmentStep":false},{"name":"json_data","time":{"start":1711501233748,"stop":1711501233749,"duration":1},"status":"passed","steps":[],"attachments":[],"parameters":[],"shouldDisplayMessage":false,"stepsCount":0,"attachmentsCount":0,"hasContent":false,"attachmentStep":false},{"name":"secret_data","time":{"start":1711501233748,"stop":1711501233748,"duration":0},"status":"passed","steps":[],"attachments":[],"parameters":[],"shouldDisplayMessage":false,"stepsCount":0,"attachmentsCount":0,"hasContent":false,"attachmentStep":false},{"name":"base_url","time":{"start":1711501233748,"stop":1711501233748,"duration":0},"status":"passed","steps":[],"attachments":[],"parameters":[],"shouldDisplayMessage":false,"stepsCount":0,"attachmentsCount":0,"hasContent":false,"attachmentStep":false},{"name":"setup_method_fixture","time":{"start":1711501387245,"stop":1711501397422,"duration":10177},"status":"broken","statusMessage":"selenium.common.exceptions.TimeoutException: Message: \nStacktrace:\n#0 0x56244e7c4f33 <unknown>\n#1 0x56244e4bcce6 <unknown>\n#2 0x56244e507e48 <unknown>\n#3 0x56244e507f01 <unknown>\n#4 0x56244e54b3f4 <unknown>\n#5 0x56244e529edd <unknown>\n#6 0x56244e548899 <unknown>\n#7 0x56244e529c53 <unknown>\n#8 0x56244e4fadb3 <unknown>\n#9 0x56244e4fb77e <unknown>\n#10 0x56244e78a86b <unknown>\n#11 0x56244e78e885 <unknown>\n#12 0x56244e778181 <unknown>\n#13 0x56244e78f412 <unknown>\n#14 0x56244e75c25f <unknown>\n#15 0x56244e7b3528 <unknown>\n#16 0x56244e7b3723 <unknown>\n#17 0x56244e7c40e4 <unknown>\n#18 0x7ffba0294ac3 <unknown>\n\n","statusTrace":"  File \"/home/runner/work/kisangateway-test/kisangateway-test/.venv/lib/python3.11/site-packages/pluggy/_callers.py\", line 80, in _multicall\n    res = hook_impl.function(*args)\n          ^^^^^^^^^^^^^^^^^^^^^^^^^\n  File \"/home/runner/work/kisangateway-test/kisangateway-test/.venv/lib/python3.11/site-packages/_pytest/fixtures.py\", line 1123, in pytest_fixture_setup\n    result = call_fixture_func(fixturefunc, request, kwargs)\n             ^^^^^^^^^^^^^^^^^^^^^^^^^^^^^^^^^^^^^^^^^^^^^^^\n  File \"/home/runner/work/kisangateway-test/kisangateway-test/.venv/lib/python3.11/site-packages/_pytest/fixtures.py\", line 902, in call_fixture_func\n    fixture_result = fixturefunc(**kwargs)\n                     ^^^^^^^^^^^^^^^^^^^^^\n  File \"/home/runner/work/kisangateway-test/kisangateway-test/tests/test_workspaces.py\", line 23, in setup_method_fixture\n    login(secret_data, self.about_page, self.login_page)\n  File \"/home/runner/work/kisangateway-test/kisangateway-test/tests/test_workspaces.py\", line 13, in login\n    about_page.click_login_link()\n  File \"/home/runner/work/kisangateway-test/kisangateway-test/.venv/lib/python3.11/site-packages/allure_commons/_allure.py\", line 192, in impl\n    return func(*a, **kw)\n           ^^^^^^^^^^^^^^\n  File \"/home/runner/work/kisangateway-test/kisangateway-test/pages/about_page.py\", line 20, in click_login_link\n    self.click(self.LOGIN_LINK)\n  File \"/home/runner/work/kisangateway-test/kisangateway-test/pages/base_page.py\", line 38, in click\n    el: WebElement = self.wait.until(\n                     ^^^^^^^^^^^^^^^^\n  File \"/home/runner/work/kisangateway-test/kisangateway-test/.venv/lib/python3.11/site-packages/selenium/webdriver/support/wait.py\", line 95, in until\n    raise TimeoutException(message, screen, stacktrace)\n","steps":[{"name":"Click Login link","time":{"start":1711501387245,"stop":1711501397421,"duration":10176},"status":"broken","statusMessage":"selenium.common.exceptions.TimeoutException: Message: \nStacktrace:\n#0 0x56244e7c4f33 <unknown>\n#1 0x56244e4bcce6 <unknown>\n#2 0x56244e507e48 <unknown>\n#3 0x56244e507f01 <unknown>\n#4 0x56244e54b3f4 <unknown>\n#5 0x56244e529edd <unknown>\n#6 0x56244e548899 <unknown>\n#7 0x56244e529c53 <unknown>\n#8 0x56244e4fadb3 <unknown>\n#9 0x56244e4fb77e <unknown>\n#10 0x56244e78a86b <unknown>\n#11 0x56244e78e885 <unknown>\n#12 0x56244e778181 <unknown>\n#13 0x56244e78f412 <unknown>\n#14 0x56244e75c25f <unknown>\n#15 0x56244e7b3528 <unknown>\n#16 0x56244e7b3723 <unknown>\n#17 0x56244e7c40e4 <unknown>\n#18 0x7ffba0294ac3 <unknown>\n\n","statusTrace":"  File \"/home/runner/work/kisangateway-test/kisangateway-test/.venv/lib/python3.11/site-packages/allure_commons/_allure.py\", line 192, in impl\n    return func(*a, **kw)\n           ^^^^^^^^^^^^^^\n  File \"/home/runner/work/kisangateway-test/kisangateway-test/pages/about_page.py\", line 20, in click_login_link\n    self.click(self.LOGIN_LINK)\n  File \"/home/runner/work/kisangateway-test/kisangateway-test/pages/base_page.py\", line 38, in click\n    el: WebElement = self.wait.until(\n                     ^^^^^^^^^^^^^^^^\n  File \"/home/runner/work/kisangateway-test/kisangateway-test/.venv/lib/python3.11/site-packages/selenium/webdriver/support/wait.py\", line 95, in until\n    raise TimeoutException(message, screen, stacktrace)\n","steps":[],"attachments":[],"parameters":[],"shouldDisplayMessage":true,"stepsCount":0,"attachmentsCount":0,"hasContent":true,"attachmentStep":false}],"attachments":[],"parameters":[],"shouldDisplayMessage":false,"stepsCount":1,"attachmentsCount":0,"hasContent":true,"attachmentStep":false}],"testStage":{"description":"Deleting an existing project from workspace","status":"broken","statusMessage":"selenium.common.exceptions.TimeoutException: Message: \nStacktrace:\n#0 0x56244e7c4f33 <unknown>\n#1 0x56244e4bcce6 <unknown>\n#2 0x56244e507e48 <unknown>\n#3 0x56244e507f01 <unknown>\n#4 0x56244e54b3f4 <unknown>\n#5 0x56244e529edd <unknown>\n#6 0x56244e548899 <unknown>\n#7 0x56244e529c53 <unknown>\n#8 0x56244e4fadb3 <unknown>\n#9 0x56244e4fb77e <unknown>\n#10 0x56244e78a86b <unknown>\n#11 0x56244e78e885 <unknown>\n#12 0x56244e778181 <unknown>\n#13 0x56244e78f412 <unknown>\n#14 0x56244e75c25f <unknown>\n#15 0x56244e7b3528 <unknown>\n#16 0x56244e7b3723 <unknown>\n#17 0x56244e7c40e4 <unknown>\n#18 0x7ffba0294ac3 <unknown>","statusTrace":"self = <tests.test_workspaces.TestWorkspaces object at 0x7f3c38cece10>\nsecret_data = {'email': '', 'password': ''}\n\n    @pytest.fixture(autouse=True)\n    def setup_method_fixture(self, secret_data: dict):\n>       login(secret_data, self.about_page, self.login_page)\n\ntests/test_workspaces.py:23: \n_ _ _ _ _ _ _ _ _ _ _ _ _ _ _ _ _ _ _ _ _ _ _ _ _ _ _ _ _ _ _ _ _ _ _ _ _ _ _ _ \ntests/test_workspaces.py:13: in login\n    about_page.click_login_link()\npages/about_page.py:20: in click_login_link\n    self.click(self.LOGIN_LINK)\npages/base_page.py:38: in click\n    el: WebElement = self.wait.until(\n_ _ _ _ _ _ _ _ _ _ _ _ _ _ _ _ _ _ _ _ _ _ _ _ _ _ _ _ _ _ _ _ _ _ _ _ _ _ _ _ \n\nself = <selenium.webdriver.support.wait.WebDriverWait (session=\"f01e73c78cb8df0c5f3036989fc57909\")>\nmethod = <function element_to_be_clickable.<locals>._predicate at 0x7f3c388a7380>\nmessage = ''\n\n    def until(self, method, message: str = \"\"):\n        \"\"\"Calls the method provided with the driver as an argument until the \\\n        return value does not evaluate to ``False``.\n    \n        :param method: callable(WebDriver)\n        :param message: optional message for :exc:`TimeoutException`\n        :returns: the result of the last call to `method`\n        :raises: :exc:`selenium.common.exceptions.TimeoutException` if timeout occurs\n        \"\"\"\n        screen = None\n        stacktrace = None\n    \n        end_time = time.monotonic() + self._timeout\n        while True:\n            try:\n                value = method(self._driver)\n                if value:\n                    return value\n            except self._ignored_exceptions as exc:\n                screen = getattr(exc, \"screen\", None)\n                stacktrace = getattr(exc, \"stacktrace\", None)\n            time.sleep(self._poll)\n            if time.monotonic() > end_time:\n                break\n>       raise TimeoutException(message, screen, stacktrace)\nE       selenium.common.exceptions.TimeoutException: Message: \nE       Stacktrace:\nE       #0 0x56244e7c4f33 <unknown>\nE       #1 0x56244e4bcce6 <unknown>\nE       #2 0x56244e507e48 <unknown>\nE       #3 0x56244e507f01 <unknown>\nE       #4 0x56244e54b3f4 <unknown>\nE       #5 0x56244e529edd <unknown>\nE       #6 0x56244e548899 <unknown>\nE       #7 0x56244e529c53 <unknown>\nE       #8 0x56244e4fadb3 <unknown>\nE       #9 0x56244e4fb77e <unknown>\nE       #10 0x56244e78a86b <unknown>\nE       #11 0x56244e78e885 <unknown>\nE       #12 0x56244e778181 <unknown>\nE       #13 0x56244e78f412 <unknown>\nE       #14 0x56244e75c25f <unknown>\nE       #15 0x56244e7b3528 <unknown>\nE       #16 0x56244e7b3723 <unknown>\nE       #17 0x56244e7c40e4 <unknown>\nE       #18 0x7ffba0294ac3 <unknown>\n\n.venv/lib/python3.11/site-packages/selenium/webdriver/support/wait.py:95: TimeoutException","steps":[],"attachments":[{"uid":"9f189f0aef35b008","name":"public ip address","source":"9f189f0aef35b008.txt","type":"text/plain","size":12},{"uid":"1f33508f3ac2d1c0","name":"Cookies","source":"1f33508f3ac2d1c0.json","type":"application/json","size":527},{"uid":"7dbef307d76d207e","name":"Session Storage","source":"7dbef307d76d207e.json","type":"application/json","size":2},{"uid":"66d557b67131909e","name":"Local Storage","source":"66d557b67131909e.json","type":"application/json","size":77},{"uid":"4921c2e60f363e84","name":"Console Logs","source":"4921c2e60f363e84.json","type":"application/json","size":310},{"uid":"b154fec0e8bdd423","name":"Full Page Screenshot","source":"b154fec0e8bdd423.png","type":"image/png","size":2477717},{"uid":"1380e9c70988694f","name":"URL","source":"1380e9c70988694f.uri","type":"text/uri-list","size":25},{"uid":"7b0302145d36f890","name":"Network Logs","source":"7b0302145d36f890.json","type":"application/json","size":1315304}],"parameters":[],"shouldDisplayMessage":true,"stepsCount":0,"attachmentsCount":8,"hasContent":true,"attachmentStep":false},"afterStages":[],"labels":[{"name":"epic","value":"Workspaces"},{"name":"severity","value":"normal"},{"name":"story","value":"WorkSpaces Creation and Editing Functionality"},{"name":"tag","value":"run(order=9)"},{"name":"parentSuite","value":"tests"},{"name":"suite","value":"test_workspaces"},{"name":"subSuite","value":"TestWorkspaces"},{"name":"host","value":"fv-az523-865"},{"name":"thread","value":"2229-MainThread"},{"name":"framework","value":"pytest"},{"name":"language","value":"cpython3"},{"name":"package","value":"tests.test_workspaces"},{"name":"resultFormat","value":"allure2"}],"parameters":[],"links":[],"hidden":false,"retry":false,"extra":{"severity":"normal","retries":[],"categories":[{"name":"Test defects","matchedStatuses":[],"flaky":false}],"tags":["run(order=9)"]},"source":"967005650ea8c7b5.json","parameterValues":[]}