{"uid":"dddf23dc0b7d59c","name":"Exception test","fullName":"tests.test_forgot_password.TestForgotPassword#test_expected_exception_on_page_title","historyId":"cf4fc082d0d58c4cc0a6263c56ab7f00","time":{"start":1711501425405,"stop":1711501435579,"duration":10174},"description":"Exception catching","descriptionHtml":"<p>Exception catching</p>\n","status":"broken","statusMessage":"selenium.common.exceptions.TimeoutException: Message: \nStacktrace:\n#0 0x561df4cb3f33 <unknown>\n#1 0x561df49abce6 <unknown>\n#2 0x561df49f6e48 <unknown>\n#3 0x561df49f6f01 <unknown>\n#4 0x561df4a3a3f4 <unknown>\n#5 0x561df4a18edd <unknown>\n#6 0x561df4a37899 <unknown>\n#7 0x561df4a18c53 <unknown>\n#8 0x561df49e9db3 <unknown>\n#9 0x561df49ea77e <unknown>\n#10 0x561df4c7986b <unknown>\n#11 0x561df4c7d885 <unknown>\n#12 0x561df4c67181 <unknown>\n#13 0x561df4c7e412 <unknown>\n#14 0x561df4c4b25f <unknown>\n#15 0x561df4ca2528 <unknown>\n#16 0x561df4ca2723 <unknown>\n#17 0x561df4cb30e4 <unknown>\n#18 0x7ff72b294ac3 <unknown>","statusTrace":"self = <tests.test_forgot_password.TestForgotPassword object at 0x7f3c38b72810>\n\n    @allure.description(\"Exception catching\")\n    @allure.title(\"Exception test\")\n    @allure.link(\"https://github.com/allure-examples/\", name=\"Allure Examples\")\n    @allure.issue(\n        \"https://github.com/allure-examples/allure-examples/issues/1\", name=\"ISSUE-1\"\n    )\n    @allure.testcase(\n        \"https://github.com/allure-examples/allure-examples/issues/2\", name=\"TESTCASE-2\"\n    )\n    def test_expected_exception_on_page_title(self):\n>       self.about_page.click_login_link()\n\ntests/test_forgot_password.py:49: \n_ _ _ _ _ _ _ _ _ _ _ _ _ _ _ _ _ _ _ _ _ _ _ _ _ _ _ _ _ _ _ _ _ _ _ _ _ _ _ _ \npages/about_page.py:20: in click_login_link\n    self.click(self.LOGIN_LINK)\npages/base_page.py:38: in click\n    el: WebElement = self.wait.until(\n_ _ _ _ _ _ _ _ _ _ _ _ _ _ _ _ _ _ _ _ _ _ _ _ _ _ _ _ _ _ _ _ _ _ _ _ _ _ _ _ \n\nself = <selenium.webdriver.support.wait.WebDriverWait (session=\"823268309c620dd3714d6975837ff9e3\")>\nmethod = <function element_to_be_clickable.<locals>._predicate at 0x7f3c38b8eb60>\nmessage = ''\n\n    def until(self, method, message: str = \"\"):\n        \"\"\"Calls the method provided with the driver as an argument until the \\\n        return value does not evaluate to ``False``.\n    \n        :param method: callable(WebDriver)\n        :param message: optional message for :exc:`TimeoutException`\n        :returns: the result of the last call to `method`\n        :raises: :exc:`selenium.common.exceptions.TimeoutException` if timeout occurs\n        \"\"\"\n        screen = None\n        stacktrace = None\n    \n        end_time = time.monotonic() + self._timeout\n        while True:\n            try:\n                value = method(self._driver)\n                if value:\n                    return value\n            except self._ignored_exceptions as exc:\n                screen = getattr(exc, \"screen\", None)\n                stacktrace = getattr(exc, \"stacktrace\", None)\n            time.sleep(self._poll)\n            if time.monotonic() > end_time:\n                break\n>       raise TimeoutException(message, screen, stacktrace)\nE       selenium.common.exceptions.TimeoutException: Message: \nE       Stacktrace:\nE       #0 0x561df4cb3f33 <unknown>\nE       #1 0x561df49abce6 <unknown>\nE       #2 0x561df49f6e48 <unknown>\nE       #3 0x561df49f6f01 <unknown>\nE       #4 0x561df4a3a3f4 <unknown>\nE       #5 0x561df4a18edd <unknown>\nE       #6 0x561df4a37899 <unknown>\nE       #7 0x561df4a18c53 <unknown>\nE       #8 0x561df49e9db3 <unknown>\nE       #9 0x561df49ea77e <unknown>\nE       #10 0x561df4c7986b <unknown>\nE       #11 0x561df4c7d885 <unknown>\nE       #12 0x561df4c67181 <unknown>\nE       #13 0x561df4c7e412 <unknown>\nE       #14 0x561df4c4b25f <unknown>\nE       #15 0x561df4ca2528 <unknown>\nE       #16 0x561df4ca2723 <unknown>\nE       #17 0x561df4cb30e4 <unknown>\nE       #18 0x7ff72b294ac3 <unknown>\n\n.venv/lib/python3.11/site-packages/selenium/webdriver/support/wait.py:95: TimeoutException","flaky":false,"newFailed":false,"newBroken":false,"newPassed":false,"retriesCount":0,"retriesStatusChange":false,"beforeStages":[{"name":"_verify_url","time":{"start":1711501233748,"stop":1711501233748,"duration":0},"status":"passed","steps":[],"attachments":[],"parameters":[],"shouldDisplayMessage":false,"stepsCount":0,"attachmentsCount":0,"hasContent":false,"attachmentStep":false},{"name":"base_url","time":{"start":1711501233748,"stop":1711501233748,"duration":0},"status":"passed","steps":[],"attachments":[],"parameters":[],"shouldDisplayMessage":false,"stepsCount":0,"attachmentsCount":0,"hasContent":false,"attachmentStep":false}],"testStage":{"description":"Exception catching","status":"broken","statusMessage":"selenium.common.exceptions.TimeoutException: Message: \nStacktrace:\n#0 0x561df4cb3f33 <unknown>\n#1 0x561df49abce6 <unknown>\n#2 0x561df49f6e48 <unknown>\n#3 0x561df49f6f01 <unknown>\n#4 0x561df4a3a3f4 <unknown>\n#5 0x561df4a18edd <unknown>\n#6 0x561df4a37899 <unknown>\n#7 0x561df4a18c53 <unknown>\n#8 0x561df49e9db3 <unknown>\n#9 0x561df49ea77e <unknown>\n#10 0x561df4c7986b <unknown>\n#11 0x561df4c7d885 <unknown>\n#12 0x561df4c67181 <unknown>\n#13 0x561df4c7e412 <unknown>\n#14 0x561df4c4b25f <unknown>\n#15 0x561df4ca2528 <unknown>\n#16 0x561df4ca2723 <unknown>\n#17 0x561df4cb30e4 <unknown>\n#18 0x7ff72b294ac3 <unknown>","statusTrace":"self = <tests.test_forgot_password.TestForgotPassword object at 0x7f3c38b72810>\n\n    @allure.description(\"Exception catching\")\n    @allure.title(\"Exception test\")\n    @allure.link(\"https://github.com/allure-examples/\", name=\"Allure Examples\")\n    @allure.issue(\n        \"https://github.com/allure-examples/allure-examples/issues/1\", name=\"ISSUE-1\"\n    )\n    @allure.testcase(\n        \"https://github.com/allure-examples/allure-examples/issues/2\", name=\"TESTCASE-2\"\n    )\n    def test_expected_exception_on_page_title(self):\n>       self.about_page.click_login_link()\n\ntests/test_forgot_password.py:49: \n_ _ _ _ _ _ _ _ _ _ _ _ _ _ _ _ _ _ _ _ _ _ _ _ _ _ _ _ _ _ _ _ _ _ _ _ _ _ _ _ \npages/about_page.py:20: in click_login_link\n    self.click(self.LOGIN_LINK)\npages/base_page.py:38: in click\n    el: WebElement = self.wait.until(\n_ _ _ _ _ _ _ _ _ _ _ _ _ _ _ _ _ _ _ _ _ _ _ _ _ _ _ _ _ _ _ _ _ _ _ _ _ _ _ _ \n\nself = <selenium.webdriver.support.wait.WebDriverWait (session=\"823268309c620dd3714d6975837ff9e3\")>\nmethod = <function element_to_be_clickable.<locals>._predicate at 0x7f3c38b8eb60>\nmessage = ''\n\n    def until(self, method, message: str = \"\"):\n        \"\"\"Calls the method provided with the driver as an argument until the \\\n        return value does not evaluate to ``False``.\n    \n        :param method: callable(WebDriver)\n        :param message: optional message for :exc:`TimeoutException`\n        :returns: the result of the last call to `method`\n        :raises: :exc:`selenium.common.exceptions.TimeoutException` if timeout occurs\n        \"\"\"\n        screen = None\n        stacktrace = None\n    \n        end_time = time.monotonic() + self._timeout\n        while True:\n            try:\n                value = method(self._driver)\n                if value:\n                    return value\n            except self._ignored_exceptions as exc:\n                screen = getattr(exc, \"screen\", None)\n                stacktrace = getattr(exc, \"stacktrace\", None)\n            time.sleep(self._poll)\n            if time.monotonic() > end_time:\n                break\n>       raise TimeoutException(message, screen, stacktrace)\nE       selenium.common.exceptions.TimeoutException: Message: \nE       Stacktrace:\nE       #0 0x561df4cb3f33 <unknown>\nE       #1 0x561df49abce6 <unknown>\nE       #2 0x561df49f6e48 <unknown>\nE       #3 0x561df49f6f01 <unknown>\nE       #4 0x561df4a3a3f4 <unknown>\nE       #5 0x561df4a18edd <unknown>\nE       #6 0x561df4a37899 <unknown>\nE       #7 0x561df4a18c53 <unknown>\nE       #8 0x561df49e9db3 <unknown>\nE       #9 0x561df49ea77e <unknown>\nE       #10 0x561df4c7986b <unknown>\nE       #11 0x561df4c7d885 <unknown>\nE       #12 0x561df4c67181 <unknown>\nE       #13 0x561df4c7e412 <unknown>\nE       #14 0x561df4c4b25f <unknown>\nE       #15 0x561df4ca2528 <unknown>\nE       #16 0x561df4ca2723 <unknown>\nE       #17 0x561df4cb30e4 <unknown>\nE       #18 0x7ff72b294ac3 <unknown>\n\n.venv/lib/python3.11/site-packages/selenium/webdriver/support/wait.py:95: TimeoutException","steps":[{"name":"Click Login link","time":{"start":1711501425405,"stop":1711501435579,"duration":10174},"status":"broken","statusMessage":"selenium.common.exceptions.TimeoutException: Message: \nStacktrace:\n#0 0x561df4cb3f33 <unknown>\n#1 0x561df49abce6 <unknown>\n#2 0x561df49f6e48 <unknown>\n#3 0x561df49f6f01 <unknown>\n#4 0x561df4a3a3f4 <unknown>\n#5 0x561df4a18edd <unknown>\n#6 0x561df4a37899 <unknown>\n#7 0x561df4a18c53 <unknown>\n#8 0x561df49e9db3 <unknown>\n#9 0x561df49ea77e <unknown>\n#10 0x561df4c7986b <unknown>\n#11 0x561df4c7d885 <unknown>\n#12 0x561df4c67181 <unknown>\n#13 0x561df4c7e412 <unknown>\n#14 0x561df4c4b25f <unknown>\n#15 0x561df4ca2528 <unknown>\n#16 0x561df4ca2723 <unknown>\n#17 0x561df4cb30e4 <unknown>\n#18 0x7ff72b294ac3 <unknown>\n\n","statusTrace":"  File \"/home/runner/work/kisangateway-test/kisangateway-test/.venv/lib/python3.11/site-packages/allure_commons/_allure.py\", line 192, in impl\n    return func(*a, **kw)\n           ^^^^^^^^^^^^^^\n  File \"/home/runner/work/kisangateway-test/kisangateway-test/pages/about_page.py\", line 20, in click_login_link\n    self.click(self.LOGIN_LINK)\n  File \"/home/runner/work/kisangateway-test/kisangateway-test/pages/base_page.py\", line 38, in click\n    el: WebElement = self.wait.until(\n                     ^^^^^^^^^^^^^^^^\n  File \"/home/runner/work/kisangateway-test/kisangateway-test/.venv/lib/python3.11/site-packages/selenium/webdriver/support/wait.py\", line 95, in until\n    raise TimeoutException(message, screen, stacktrace)\n","steps":[],"attachments":[],"parameters":[],"shouldDisplayMessage":true,"stepsCount":0,"attachmentsCount":0,"hasContent":true,"attachmentStep":false}],"attachments":[{"uid":"39ad6d06f43c8007","name":"public ip address","source":"39ad6d06f43c8007.txt","type":"text/plain","size":12},{"uid":"ff6f6c1887a1f68d","name":"Cookies","source":"ff6f6c1887a1f68d.json","type":"application/json","size":527},{"uid":"4c248aa41be257eb","name":"Session Storage","source":"4c248aa41be257eb.json","type":"application/json","size":2},{"uid":"51607f428ce09ee4","name":"Local Storage","source":"51607f428ce09ee4.json","type":"application/json","size":77},{"uid":"ffe09676346a394a","name":"Console Logs","source":"ffe09676346a394a.json","type":"application/json","size":310},{"uid":"1218bd690f086578","name":"Full Page Screenshot","source":"1218bd690f086578.png","type":"image/png","size":2477717},{"uid":"206269a727e3059","name":"URL","source":"206269a727e3059.uri","type":"text/uri-list","size":25},{"uid":"752d3753be598d3f","name":"Network Logs","source":"752d3753be598d3f.json","type":"application/json","size":1315331}],"parameters":[],"shouldDisplayMessage":true,"stepsCount":1,"attachmentsCount":8,"hasContent":true,"attachmentStep":false},"afterStages":[],"labels":[{"name":"subSuite","value":"Custom sub suite"},{"name":"story","value":"Forgot Password Feature's Functionality"},{"name":"suite","value":"Custom suite"},{"name":"parentSuite","value":"Custom parent suite"},{"name":"epic","value":"Security"},{"name":"severity","value":"critical"},{"name":"tag","value":"security"},{"name":"host","value":"fv-az523-865"},{"name":"thread","value":"2229-MainThread"},{"name":"framework","value":"pytest"},{"name":"language","value":"cpython3"},{"name":"package","value":"tests.test_forgot_password"},{"name":"resultFormat","value":"allure2"}],"parameters":[],"links":[{"name":"TESTCASE-2","url":"https://github.com/allure-examples/allure-examples/issues/2","type":"tms"},{"name":"ISSUE-1","url":"https://github.com/allure-examples/allure-examples/issues/1","type":"issue"},{"name":"Allure Examples","url":"https://github.com/allure-examples/","type":"link"}],"hidden":false,"retry":false,"extra":{"severity":"critical","retries":[],"categories":[{"name":"Test defects","matchedStatuses":[],"flaky":false}],"tags":["security"]},"source":"dddf23dc0b7d59c.json","parameterValues":[]}