{"uid":"f0557a89d078c32e","name":"Forgot Password with valid email test","fullName":"tests.test_forgot_password.TestForgotPassword#test_valid_email","historyId":"7ff7e178fd4f5b4b8deb31c8fc69c6a9","time":{"start":1711501399915,"stop":1711501410088,"duration":10173},"description":"Forgot password with a valid email address","descriptionHtml":"<p>Forgot password with a valid email address</p>\n","status":"broken","statusMessage":"selenium.common.exceptions.TimeoutException: Message: \nStacktrace:\n#0 0x560f708bbf33 <unknown>\n#1 0x560f705b3ce6 <unknown>\n#2 0x560f705fee48 <unknown>\n#3 0x560f705fef01 <unknown>\n#4 0x560f706423f4 <unknown>\n#5 0x560f70620edd <unknown>\n#6 0x560f7063f899 <unknown>\n#7 0x560f70620c53 <unknown>\n#8 0x560f705f1db3 <unknown>\n#9 0x560f705f277e <unknown>\n#10 0x560f7088186b <unknown>\n#11 0x560f70885885 <unknown>\n#12 0x560f7086f181 <unknown>\n#13 0x560f70886412 <unknown>\n#14 0x560f7085325f <unknown>\n#15 0x560f708aa528 <unknown>\n#16 0x560f708aa723 <unknown>\n#17 0x560f708bb0e4 <unknown>\n#18 0x7fcc0b894ac3 <unknown>","statusTrace":"self = <tests.test_forgot_password.TestForgotPassword object at 0x7f3c38b72090>\njson_data = {'forgot_password': {'error_message': \"We can't find a user with that e-mail address.\", 'success_message': 'A reset li...you page', 'name': 'test', 'new_name': 'another test', 'no_project_found_msg': 'No project matches the criteria', ...}}\nsecret_data = {'email': '', 'password': ''}\n\n    @allure.description(\"Forgot password with a valid email address\")\n    @allure.title(\"Forgot Password with valid email test\")\n    def test_valid_email(self, json_data: dict, secret_data: dict):\n>       self.about_page.click_login_link()\n\ntests/test_forgot_password.py:19: \n_ _ _ _ _ _ _ _ _ _ _ _ _ _ _ _ _ _ _ _ _ _ _ _ _ _ _ _ _ _ _ _ _ _ _ _ _ _ _ _ \npages/about_page.py:20: in click_login_link\n    self.click(self.LOGIN_LINK)\npages/base_page.py:38: in click\n    el: WebElement = self.wait.until(\n_ _ _ _ _ _ _ _ _ _ _ _ _ _ _ _ _ _ _ _ _ _ _ _ _ _ _ _ _ _ _ _ _ _ _ _ _ _ _ _ \n\nself = <selenium.webdriver.support.wait.WebDriverWait (session=\"9c63d1c9ddd7f11171abcaa7c278f922\")>\nmethod = <function element_to_be_clickable.<locals>._predicate at 0x7f3c388a7d80>\nmessage = ''\n\n    def until(self, method, message: str = \"\"):\n        \"\"\"Calls the method provided with the driver as an argument until the \\\n        return value does not evaluate to ``False``.\n    \n        :param method: callable(WebDriver)\n        :param message: optional message for :exc:`TimeoutException`\n        :returns: the result of the last call to `method`\n        :raises: :exc:`selenium.common.exceptions.TimeoutException` if timeout occurs\n        \"\"\"\n        screen = None\n        stacktrace = None\n    \n        end_time = time.monotonic() + self._timeout\n        while True:\n            try:\n                value = method(self._driver)\n                if value:\n                    return value\n            except self._ignored_exceptions as exc:\n                screen = getattr(exc, \"screen\", None)\n                stacktrace = getattr(exc, \"stacktrace\", None)\n            time.sleep(self._poll)\n            if time.monotonic() > end_time:\n                break\n>       raise TimeoutException(message, screen, stacktrace)\nE       selenium.common.exceptions.TimeoutException: Message: \nE       Stacktrace:\nE       #0 0x560f708bbf33 <unknown>\nE       #1 0x560f705b3ce6 <unknown>\nE       #2 0x560f705fee48 <unknown>\nE       #3 0x560f705fef01 <unknown>\nE       #4 0x560f706423f4 <unknown>\nE       #5 0x560f70620edd <unknown>\nE       #6 0x560f7063f899 <unknown>\nE       #7 0x560f70620c53 <unknown>\nE       #8 0x560f705f1db3 <unknown>\nE       #9 0x560f705f277e <unknown>\nE       #10 0x560f7088186b <unknown>\nE       #11 0x560f70885885 <unknown>\nE       #12 0x560f7086f181 <unknown>\nE       #13 0x560f70886412 <unknown>\nE       #14 0x560f7085325f <unknown>\nE       #15 0x560f708aa528 <unknown>\nE       #16 0x560f708aa723 <unknown>\nE       #17 0x560f708bb0e4 <unknown>\nE       #18 0x7fcc0b894ac3 <unknown>\n\n.venv/lib/python3.11/site-packages/selenium/webdriver/support/wait.py:95: TimeoutException","flaky":false,"newFailed":false,"newBroken":false,"newPassed":false,"retriesCount":0,"retriesStatusChange":false,"beforeStages":[{"name":"_verify_url","time":{"start":1711501233748,"stop":1711501233748,"duration":0},"status":"passed","steps":[],"attachments":[],"parameters":[],"shouldDisplayMessage":false,"stepsCount":0,"attachmentsCount":0,"hasContent":false,"attachmentStep":false},{"name":"json_data","time":{"start":1711501233748,"stop":1711501233749,"duration":1},"status":"passed","steps":[],"attachments":[],"parameters":[],"shouldDisplayMessage":false,"stepsCount":0,"attachmentsCount":0,"hasContent":false,"attachmentStep":false},{"name":"secret_data","time":{"start":1711501233748,"stop":1711501233748,"duration":0},"status":"passed","steps":[],"attachments":[],"parameters":[],"shouldDisplayMessage":false,"stepsCount":0,"attachmentsCount":0,"hasContent":false,"attachmentStep":false},{"name":"base_url","time":{"start":1711501233748,"stop":1711501233748,"duration":0},"status":"passed","steps":[],"attachments":[],"parameters":[],"shouldDisplayMessage":false,"stepsCount":0,"attachmentsCount":0,"hasContent":false,"attachmentStep":false}],"testStage":{"description":"Forgot password with a valid email address","status":"broken","statusMessage":"selenium.common.exceptions.TimeoutException: Message: \nStacktrace:\n#0 0x560f708bbf33 <unknown>\n#1 0x560f705b3ce6 <unknown>\n#2 0x560f705fee48 <unknown>\n#3 0x560f705fef01 <unknown>\n#4 0x560f706423f4 <unknown>\n#5 0x560f70620edd <unknown>\n#6 0x560f7063f899 <unknown>\n#7 0x560f70620c53 <unknown>\n#8 0x560f705f1db3 <unknown>\n#9 0x560f705f277e <unknown>\n#10 0x560f7088186b <unknown>\n#11 0x560f70885885 <unknown>\n#12 0x560f7086f181 <unknown>\n#13 0x560f70886412 <unknown>\n#14 0x560f7085325f <unknown>\n#15 0x560f708aa528 <unknown>\n#16 0x560f708aa723 <unknown>\n#17 0x560f708bb0e4 <unknown>\n#18 0x7fcc0b894ac3 <unknown>","statusTrace":"self = <tests.test_forgot_password.TestForgotPassword object at 0x7f3c38b72090>\njson_data = {'forgot_password': {'error_message': \"We can't find a user with that e-mail address.\", 'success_message': 'A reset li...you page', 'name': 'test', 'new_name': 'another test', 'no_project_found_msg': 'No project matches the criteria', ...}}\nsecret_data = {'email': '', 'password': ''}\n\n    @allure.description(\"Forgot password with a valid email address\")\n    @allure.title(\"Forgot Password with valid email test\")\n    def test_valid_email(self, json_data: dict, secret_data: dict):\n>       self.about_page.click_login_link()\n\ntests/test_forgot_password.py:19: \n_ _ _ _ _ _ _ _ _ _ _ _ _ _ _ _ _ _ _ _ _ _ _ _ _ _ _ _ _ _ _ _ _ _ _ _ _ _ _ _ \npages/about_page.py:20: in click_login_link\n    self.click(self.LOGIN_LINK)\npages/base_page.py:38: in click\n    el: WebElement = self.wait.until(\n_ _ _ _ _ _ _ _ _ _ _ _ _ _ _ _ _ _ _ _ _ _ _ _ _ _ _ _ _ _ _ _ _ _ _ _ _ _ _ _ \n\nself = <selenium.webdriver.support.wait.WebDriverWait (session=\"9c63d1c9ddd7f11171abcaa7c278f922\")>\nmethod = <function element_to_be_clickable.<locals>._predicate at 0x7f3c388a7d80>\nmessage = ''\n\n    def until(self, method, message: str = \"\"):\n        \"\"\"Calls the method provided with the driver as an argument until the \\\n        return value does not evaluate to ``False``.\n    \n        :param method: callable(WebDriver)\n        :param message: optional message for :exc:`TimeoutException`\n        :returns: the result of the last call to `method`\n        :raises: :exc:`selenium.common.exceptions.TimeoutException` if timeout occurs\n        \"\"\"\n        screen = None\n        stacktrace = None\n    \n        end_time = time.monotonic() + self._timeout\n        while True:\n            try:\n                value = method(self._driver)\n                if value:\n                    return value\n            except self._ignored_exceptions as exc:\n                screen = getattr(exc, \"screen\", None)\n                stacktrace = getattr(exc, \"stacktrace\", None)\n            time.sleep(self._poll)\n            if time.monotonic() > end_time:\n                break\n>       raise TimeoutException(message, screen, stacktrace)\nE       selenium.common.exceptions.TimeoutException: Message: \nE       Stacktrace:\nE       #0 0x560f708bbf33 <unknown>\nE       #1 0x560f705b3ce6 <unknown>\nE       #2 0x560f705fee48 <unknown>\nE       #3 0x560f705fef01 <unknown>\nE       #4 0x560f706423f4 <unknown>\nE       #5 0x560f70620edd <unknown>\nE       #6 0x560f7063f899 <unknown>\nE       #7 0x560f70620c53 <unknown>\nE       #8 0x560f705f1db3 <unknown>\nE       #9 0x560f705f277e <unknown>\nE       #10 0x560f7088186b <unknown>\nE       #11 0x560f70885885 <unknown>\nE       #12 0x560f7086f181 <unknown>\nE       #13 0x560f70886412 <unknown>\nE       #14 0x560f7085325f <unknown>\nE       #15 0x560f708aa528 <unknown>\nE       #16 0x560f708aa723 <unknown>\nE       #17 0x560f708bb0e4 <unknown>\nE       #18 0x7fcc0b894ac3 <unknown>\n\n.venv/lib/python3.11/site-packages/selenium/webdriver/support/wait.py:95: TimeoutException","steps":[{"name":"Click Login link","time":{"start":1711501399915,"stop":1711501410088,"duration":10173},"status":"broken","statusMessage":"selenium.common.exceptions.TimeoutException: Message: \nStacktrace:\n#0 0x560f708bbf33 <unknown>\n#1 0x560f705b3ce6 <unknown>\n#2 0x560f705fee48 <unknown>\n#3 0x560f705fef01 <unknown>\n#4 0x560f706423f4 <unknown>\n#5 0x560f70620edd <unknown>\n#6 0x560f7063f899 <unknown>\n#7 0x560f70620c53 <unknown>\n#8 0x560f705f1db3 <unknown>\n#9 0x560f705f277e <unknown>\n#10 0x560f7088186b <unknown>\n#11 0x560f70885885 <unknown>\n#12 0x560f7086f181 <unknown>\n#13 0x560f70886412 <unknown>\n#14 0x560f7085325f <unknown>\n#15 0x560f708aa528 <unknown>\n#16 0x560f708aa723 <unknown>\n#17 0x560f708bb0e4 <unknown>\n#18 0x7fcc0b894ac3 <unknown>\n\n","statusTrace":"  File \"/home/runner/work/kisangateway-test/kisangateway-test/.venv/lib/python3.11/site-packages/allure_commons/_allure.py\", line 192, in impl\n    return func(*a, **kw)\n           ^^^^^^^^^^^^^^\n  File \"/home/runner/work/kisangateway-test/kisangateway-test/pages/about_page.py\", line 20, in click_login_link\n    self.click(self.LOGIN_LINK)\n  File \"/home/runner/work/kisangateway-test/kisangateway-test/pages/base_page.py\", line 38, in click\n    el: WebElement = self.wait.until(\n                     ^^^^^^^^^^^^^^^^\n  File \"/home/runner/work/kisangateway-test/kisangateway-test/.venv/lib/python3.11/site-packages/selenium/webdriver/support/wait.py\", line 95, in until\n    raise TimeoutException(message, screen, stacktrace)\n","steps":[],"attachments":[],"parameters":[],"shouldDisplayMessage":true,"stepsCount":0,"attachmentsCount":0,"hasContent":true,"attachmentStep":false}],"attachments":[{"uid":"d4145d0a603bf155","name":"public ip address","source":"d4145d0a603bf155.txt","type":"text/plain","size":12},{"uid":"a426acc10909614f","name":"Cookies","source":"a426acc10909614f.json","type":"application/json","size":527},{"uid":"7c2611a14522c4b7","name":"Session Storage","source":"7c2611a14522c4b7.json","type":"application/json","size":2},{"uid":"da630b503e7cabac","name":"Local Storage","source":"da630b503e7cabac.json","type":"application/json","size":77},{"uid":"4ac5cce09fa9b67f","name":"Console Logs","source":"4ac5cce09fa9b67f.json","type":"application/json","size":310},{"uid":"c36e571d9ad38ae8","name":"Full Page Screenshot","source":"c36e571d9ad38ae8.png","type":"image/png","size":2477717},{"uid":"23c8a83fe0f9a153","name":"URL","source":"23c8a83fe0f9a153.uri","type":"text/uri-list","size":25},{"uid":"96942d19492a9fad","name":"Network Logs","source":"96942d19492a9fad.json","type":"application/json","size":1315305}],"parameters":[],"shouldDisplayMessage":true,"stepsCount":1,"attachmentsCount":8,"hasContent":true,"attachmentStep":false},"afterStages":[],"labels":[{"name":"subSuite","value":"Custom sub suite"},{"name":"story","value":"Forgot Password Feature's Functionality"},{"name":"suite","value":"Custom suite"},{"name":"parentSuite","value":"Custom parent suite"},{"name":"epic","value":"Security"},{"name":"severity","value":"critical"},{"name":"tag","value":"security"},{"name":"host","value":"fv-az523-865"},{"name":"thread","value":"2229-MainThread"},{"name":"framework","value":"pytest"},{"name":"language","value":"cpython3"},{"name":"package","value":"tests.test_forgot_password"},{"name":"resultFormat","value":"allure2"}],"parameters":[],"links":[],"hidden":false,"retry":false,"extra":{"severity":"critical","retries":[],"categories":[{"name":"Test defects","matchedStatuses":[],"flaky":false}],"tags":["security"]},"source":"f0557a89d078c32e.json","parameterValues":[]}