{"uid":"a1647cd69c6143cc","name":"Forgot Password with valid email test","fullName":"tests.test_forgot_password.TestForgotPassword#test_valid_email","historyId":"7ff7e178fd4f5b4b8deb31c8fc69c6a9","time":{"start":1698714253029,"stop":1698714263313,"duration":10284},"description":"Forgot password with a valid email address","descriptionHtml":"<p>Forgot password with a valid email address</p>\n","status":"broken","statusMessage":"selenium.common.exceptions.TimeoutException: Message: \nStacktrace:\n#0 0x5635722fefb3 <unknown>\n#1 0x563571fd24a7 <unknown>\n#2 0x563572019dd6 <unknown>\n#3 0x563572019ec1 <unknown>\n#4 0x563572057354 <unknown>\n#5 0x56357203b96d <unknown>\n#6 0x563572054c02 <unknown>\n#7 0x56357203b713 <unknown>\n#8 0x56357200e18b <unknown>\n#9 0x56357200ef7e <unknown>\n#10 0x5635722c48d8 <unknown>\n#11 0x5635722c8800 <unknown>\n#12 0x5635722d2cfc <unknown>\n#13 0x5635722c9418 <unknown>\n#14 0x56357229642f <unknown>\n#15 0x5635722ed4e8 <unknown>\n#16 0x5635722ed6b4 <unknown>\n#17 0x5635722fe143 <unknown>\n#18 0x7f4693894ac3 <unknown>","statusTrace":"self = <tests.test_forgot_password.TestForgotPassword object at 0x7f8010fb65d0>\njson_data = {'forgot_password': {'error_message': \"We can't find a user with that e-mail address.\", 'success_message': 'A reset li...you page', 'name': 'test', 'new_name': 'another test', 'no_project_found_msg': 'No project matches the criteria', ...}}\nsecret_data = {'email': '', 'password': ''}\n\n    @allure.description(\"Forgot password with a valid email address\")\n    @allure.title(\"Forgot Password with valid email test\")\n    def test_valid_email(self, json_data: dict, secret_data: dict):\n>       self.about_page.click_login_link()\n\ntests/test_forgot_password.py:19: \n_ _ _ _ _ _ _ _ _ _ _ _ _ _ _ _ _ _ _ _ _ _ _ _ _ _ _ _ _ _ _ _ _ _ _ _ _ _ _ _ \npages/about_page.py:20: in click_login_link\n    self.click(self.LOGIN_LINK)\npages/base_page.py:38: in click\n    el: WebElement = self.wait.until(\n_ _ _ _ _ _ _ _ _ _ _ _ _ _ _ _ _ _ _ _ _ _ _ _ _ _ _ _ _ _ _ _ _ _ _ _ _ _ _ _ \n\nself = <selenium.webdriver.support.wait.WebDriverWait (session=\"df76c6a4b57ead0fefdb3ce923e4795d\")>\nmethod = <function element_to_be_clickable.<locals>._predicate at 0x7f80105bf1a0>\nmessage = ''\n\n    def until(self, method, message: str = \"\"):\n        \"\"\"Calls the method provided with the driver as an argument until the \\\n        return value does not evaluate to ``False``.\n    \n        :param method: callable(WebDriver)\n        :param message: optional message for :exc:`TimeoutException`\n        :returns: the result of the last call to `method`\n        :raises: :exc:`selenium.common.exceptions.TimeoutException` if timeout occurs\n        \"\"\"\n        screen = None\n        stacktrace = None\n    \n        end_time = time.monotonic() + self._timeout\n        while True:\n            try:\n                value = method(self._driver)\n                if value:\n                    return value\n            except self._ignored_exceptions as exc:\n                screen = getattr(exc, \"screen\", None)\n                stacktrace = getattr(exc, \"stacktrace\", None)\n            time.sleep(self._poll)\n            if time.monotonic() > end_time:\n                break\n>       raise TimeoutException(message, screen, stacktrace)\nE       selenium.common.exceptions.TimeoutException: Message: \nE       Stacktrace:\nE       #0 0x5635722fefb3 <unknown>\nE       #1 0x563571fd24a7 <unknown>\nE       #2 0x563572019dd6 <unknown>\nE       #3 0x563572019ec1 <unknown>\nE       #4 0x563572057354 <unknown>\nE       #5 0x56357203b96d <unknown>\nE       #6 0x563572054c02 <unknown>\nE       #7 0x56357203b713 <unknown>\nE       #8 0x56357200e18b <unknown>\nE       #9 0x56357200ef7e <unknown>\nE       #10 0x5635722c48d8 <unknown>\nE       #11 0x5635722c8800 <unknown>\nE       #12 0x5635722d2cfc <unknown>\nE       #13 0x5635722c9418 <unknown>\nE       #14 0x56357229642f <unknown>\nE       #15 0x5635722ed4e8 <unknown>\nE       #16 0x5635722ed6b4 <unknown>\nE       #17 0x5635722fe143 <unknown>\nE       #18 0x7f4693894ac3 <unknown>\n\n.venv/lib/python3.11/site-packages/selenium/webdriver/support/wait.py:95: TimeoutException","flaky":false,"newFailed":false,"newBroken":false,"newPassed":false,"retriesCount":0,"retriesStatusChange":false,"beforeStages":[{"name":"base_url","time":{"start":1698714086030,"stop":1698714086031,"duration":1},"status":"passed","steps":[],"attachments":[],"parameters":[],"shouldDisplayMessage":false,"stepsCount":0,"attachmentsCount":0,"hasContent":false},{"name":"_verify_url","time":{"start":1698714086031,"stop":1698714086031,"duration":0},"status":"passed","steps":[],"attachments":[],"parameters":[],"shouldDisplayMessage":false,"stepsCount":0,"attachmentsCount":0,"hasContent":false},{"name":"secret_data","time":{"start":1698714086031,"stop":1698714086031,"duration":0},"status":"passed","steps":[],"attachments":[],"parameters":[],"shouldDisplayMessage":false,"stepsCount":0,"attachmentsCount":0,"hasContent":false},{"name":"json_data","time":{"start":1698714086031,"stop":1698714086031,"duration":0},"status":"passed","steps":[],"attachments":[],"parameters":[],"shouldDisplayMessage":false,"stepsCount":0,"attachmentsCount":0,"hasContent":false}],"testStage":{"description":"Forgot password with a valid email address","status":"broken","statusMessage":"selenium.common.exceptions.TimeoutException: Message: \nStacktrace:\n#0 0x5635722fefb3 <unknown>\n#1 0x563571fd24a7 <unknown>\n#2 0x563572019dd6 <unknown>\n#3 0x563572019ec1 <unknown>\n#4 0x563572057354 <unknown>\n#5 0x56357203b96d <unknown>\n#6 0x563572054c02 <unknown>\n#7 0x56357203b713 <unknown>\n#8 0x56357200e18b <unknown>\n#9 0x56357200ef7e <unknown>\n#10 0x5635722c48d8 <unknown>\n#11 0x5635722c8800 <unknown>\n#12 0x5635722d2cfc <unknown>\n#13 0x5635722c9418 <unknown>\n#14 0x56357229642f <unknown>\n#15 0x5635722ed4e8 <unknown>\n#16 0x5635722ed6b4 <unknown>\n#17 0x5635722fe143 <unknown>\n#18 0x7f4693894ac3 <unknown>","statusTrace":"self = <tests.test_forgot_password.TestForgotPassword object at 0x7f8010fb65d0>\njson_data = {'forgot_password': {'error_message': \"We can't find a user with that e-mail address.\", 'success_message': 'A reset li...you page', 'name': 'test', 'new_name': 'another test', 'no_project_found_msg': 'No project matches the criteria', ...}}\nsecret_data = {'email': '', 'password': ''}\n\n    @allure.description(\"Forgot password with a valid email address\")\n    @allure.title(\"Forgot Password with valid email test\")\n    def test_valid_email(self, json_data: dict, secret_data: dict):\n>       self.about_page.click_login_link()\n\ntests/test_forgot_password.py:19: \n_ _ _ _ _ _ _ _ _ _ _ _ _ _ _ _ _ _ _ _ _ _ _ _ _ _ _ _ _ _ _ _ _ _ _ _ _ _ _ _ \npages/about_page.py:20: in click_login_link\n    self.click(self.LOGIN_LINK)\npages/base_page.py:38: in click\n    el: WebElement = self.wait.until(\n_ _ _ _ _ _ _ _ _ _ _ _ _ _ _ _ _ _ _ _ _ _ _ _ _ _ _ _ _ _ _ _ _ _ _ _ _ _ _ _ \n\nself = <selenium.webdriver.support.wait.WebDriverWait (session=\"df76c6a4b57ead0fefdb3ce923e4795d\")>\nmethod = <function element_to_be_clickable.<locals>._predicate at 0x7f80105bf1a0>\nmessage = ''\n\n    def until(self, method, message: str = \"\"):\n        \"\"\"Calls the method provided with the driver as an argument until the \\\n        return value does not evaluate to ``False``.\n    \n        :param method: callable(WebDriver)\n        :param message: optional message for :exc:`TimeoutException`\n        :returns: the result of the last call to `method`\n        :raises: :exc:`selenium.common.exceptions.TimeoutException` if timeout occurs\n        \"\"\"\n        screen = None\n        stacktrace = None\n    \n        end_time = time.monotonic() + self._timeout\n        while True:\n            try:\n                value = method(self._driver)\n                if value:\n                    return value\n            except self._ignored_exceptions as exc:\n                screen = getattr(exc, \"screen\", None)\n                stacktrace = getattr(exc, \"stacktrace\", None)\n            time.sleep(self._poll)\n            if time.monotonic() > end_time:\n                break\n>       raise TimeoutException(message, screen, stacktrace)\nE       selenium.common.exceptions.TimeoutException: Message: \nE       Stacktrace:\nE       #0 0x5635722fefb3 <unknown>\nE       #1 0x563571fd24a7 <unknown>\nE       #2 0x563572019dd6 <unknown>\nE       #3 0x563572019ec1 <unknown>\nE       #4 0x563572057354 <unknown>\nE       #5 0x56357203b96d <unknown>\nE       #6 0x563572054c02 <unknown>\nE       #7 0x56357203b713 <unknown>\nE       #8 0x56357200e18b <unknown>\nE       #9 0x56357200ef7e <unknown>\nE       #10 0x5635722c48d8 <unknown>\nE       #11 0x5635722c8800 <unknown>\nE       #12 0x5635722d2cfc <unknown>\nE       #13 0x5635722c9418 <unknown>\nE       #14 0x56357229642f <unknown>\nE       #15 0x5635722ed4e8 <unknown>\nE       #16 0x5635722ed6b4 <unknown>\nE       #17 0x5635722fe143 <unknown>\nE       #18 0x7f4693894ac3 <unknown>\n\n.venv/lib/python3.11/site-packages/selenium/webdriver/support/wait.py:95: TimeoutException","steps":[{"name":"Click Login link","time":{"start":1698714253030,"stop":1698714263313,"duration":10283},"status":"broken","statusMessage":"selenium.common.exceptions.TimeoutException: Message: \nStacktrace:\n#0 0x5635722fefb3 <unknown>\n#1 0x563571fd24a7 <unknown>\n#2 0x563572019dd6 <unknown>\n#3 0x563572019ec1 <unknown>\n#4 0x563572057354 <unknown>\n#5 0x56357203b96d <unknown>\n#6 0x563572054c02 <unknown>\n#7 0x56357203b713 <unknown>\n#8 0x56357200e18b <unknown>\n#9 0x56357200ef7e <unknown>\n#10 0x5635722c48d8 <unknown>\n#11 0x5635722c8800 <unknown>\n#12 0x5635722d2cfc <unknown>\n#13 0x5635722c9418 <unknown>\n#14 0x56357229642f <unknown>\n#15 0x5635722ed4e8 <unknown>\n#16 0x5635722ed6b4 <unknown>\n#17 0x5635722fe143 <unknown>\n#18 0x7f4693894ac3 <unknown>\n\n","statusTrace":"  File \"/home/runner/work/kisangateway-test/kisangateway-test/.venv/lib/python3.11/site-packages/allure_commons/_allure.py\", line 192, in impl\n    return func(*a, **kw)\n           ^^^^^^^^^^^^^^\n  File \"/home/runner/work/kisangateway-test/kisangateway-test/pages/about_page.py\", line 20, in click_login_link\n    self.click(self.LOGIN_LINK)\n  File \"/home/runner/work/kisangateway-test/kisangateway-test/pages/base_page.py\", line 38, in click\n    el: WebElement = self.wait.until(\n                     ^^^^^^^^^^^^^^^^\n  File \"/home/runner/work/kisangateway-test/kisangateway-test/.venv/lib/python3.11/site-packages/selenium/webdriver/support/wait.py\", line 95, in until\n    raise TimeoutException(message, screen, stacktrace)\n","steps":[],"attachments":[],"parameters":[],"shouldDisplayMessage":true,"stepsCount":0,"attachmentsCount":0,"hasContent":true}],"attachments":[{"uid":"3af4fcb242681f87","name":"public ip address","source":"3af4fcb242681f87.txt","type":"text/plain","size":15},{"uid":"ddd4abc873b746d7","name":"Cookies","source":"ddd4abc873b746d7.json","type":"application/json","size":2},{"uid":"edcedce29803aaf5","name":"Session Storage","source":"edcedce29803aaf5.json","type":"application/json","size":2},{"uid":"4e84ed847d4e11c2","name":"Local Storage","source":"4e84ed847d4e11c2.json","type":"application/json","size":2},{"uid":"b4ba1745dd66d934","name":"Console Logs","source":"b4ba1745dd66d934.json","type":"application/json","size":2},{"uid":"57180bf5aa6ca4de","name":"Full Page Screenshot","source":"57180bf5aa6ca4de.png","type":"image/png","size":1496512},{"uid":"d1323384bdc50297","name":"URL","source":"d1323384bdc50297.uri","type":"text/uri-list","size":25},{"uid":"ce9471cac852a156","name":"Network Logs","source":"ce9471cac852a156.json","type":"application/json","size":13956}],"parameters":[],"shouldDisplayMessage":true,"stepsCount":1,"attachmentsCount":8,"hasContent":true},"afterStages":[],"labels":[{"name":"severity","value":"critical"},{"name":"subSuite","value":"Custom sub suite"},{"name":"suite","value":"Custom suite"},{"name":"story","value":"Forgot Password Feature's Functionality"},{"name":"epic","value":"Security"},{"name":"parentSuite","value":"Custom parent suite"},{"name":"tag","value":"security"},{"name":"host","value":"fv-az404-388"},{"name":"thread","value":"2254-MainThread"},{"name":"framework","value":"pytest"},{"name":"language","value":"cpython3"},{"name":"package","value":"tests.test_forgot_password"},{"name":"resultFormat","value":"allure2"}],"parameters":[],"links":[],"hidden":false,"retry":false,"extra":{"severity":"critical","retries":[],"categories":[{"name":"Test defects","matchedStatuses":[],"flaky":false}],"tags":["security"]},"source":"a1647cd69c6143cc.json","parameterValues":[]}