{"uid":"fe22eede067ab724","name":"Delete existing project","fullName":"tests.test_workspaces.TestWorkspaces#test_delete_project","historyId":"ec4959b9902b11e4378ec1736393f0f6","time":{"start":1698714238992,"stop":1698714238992,"duration":0},"description":"Deleting an existing project from workspace","descriptionHtml":"<p>Deleting an existing project from workspace</p>\n","status":"broken","statusMessage":"selenium.common.exceptions.TimeoutException: Message: \nStacktrace:\n#0 0x55c0265a3fb3 <unknown>\n#1 0x55c0262774a7 <unknown>\n#2 0x55c0262bedd6 <unknown>\n#3 0x55c0262beec1 <unknown>\n#4 0x55c0262fc354 <unknown>\n#5 0x55c0262e096d <unknown>\n#6 0x55c0262f9c02 <unknown>\n#7 0x55c0262e0713 <unknown>\n#8 0x55c0262b318b <unknown>\n#9 0x55c0262b3f7e <unknown>\n#10 0x55c0265698d8 <unknown>\n#11 0x55c02656d800 <unknown>\n#12 0x55c026577cfc <unknown>\n#13 0x55c02656e418 <unknown>\n#14 0x55c02653b42f <unknown>\n#15 0x55c0265924e8 <unknown>\n#16 0x55c0265926b4 <unknown>\n#17 0x55c0265a3143 <unknown>\n#18 0x7f7c40694ac3 <unknown>","statusTrace":"self = <tests.test_workspaces.TestWorkspaces object at 0x7f8010b5b090>\nsecret_data = {'email': '', 'password': ''}\n\n    @pytest.fixture(autouse=True)\n    def setup_method_fixture(self, secret_data: dict):\n>       login(secret_data, self.about_page, self.login_page)\n\ntests/test_workspaces.py:23: \n_ _ _ _ _ _ _ _ _ _ _ _ _ _ _ _ _ _ _ _ _ _ _ _ _ _ _ _ _ _ _ _ _ _ _ _ _ _ _ _ \ntests/test_workspaces.py:13: in login\n    about_page.click_login_link()\npages/about_page.py:20: in click_login_link\n    self.click(self.LOGIN_LINK)\npages/base_page.py:38: in click\n    el: WebElement = self.wait.until(\n_ _ _ _ _ _ _ _ _ _ _ _ _ _ _ _ _ _ _ _ _ _ _ _ _ _ _ _ _ _ _ _ _ _ _ _ _ _ _ _ \n\nself = <selenium.webdriver.support.wait.WebDriverWait (session=\"937a01ed66c64aefc4f24541fae1149c\")>\nmethod = <function element_to_be_clickable.<locals>._predicate at 0x7f80105be7a0>\nmessage = ''\n\n    def until(self, method, message: str = \"\"):\n        \"\"\"Calls the method provided with the driver as an argument until the \\\n        return value does not evaluate to ``False``.\n    \n        :param method: callable(WebDriver)\n        :param message: optional message for :exc:`TimeoutException`\n        :returns: the result of the last call to `method`\n        :raises: :exc:`selenium.common.exceptions.TimeoutException` if timeout occurs\n        \"\"\"\n        screen = None\n        stacktrace = None\n    \n        end_time = time.monotonic() + self._timeout\n        while True:\n            try:\n                value = method(self._driver)\n                if value:\n                    return value\n            except self._ignored_exceptions as exc:\n                screen = getattr(exc, \"screen\", None)\n                stacktrace = getattr(exc, \"stacktrace\", None)\n            time.sleep(self._poll)\n            if time.monotonic() > end_time:\n                break\n>       raise TimeoutException(message, screen, stacktrace)\nE       selenium.common.exceptions.TimeoutException: Message: \nE       Stacktrace:\nE       #0 0x55c0265a3fb3 <unknown>\nE       #1 0x55c0262774a7 <unknown>\nE       #2 0x55c0262bedd6 <unknown>\nE       #3 0x55c0262beec1 <unknown>\nE       #4 0x55c0262fc354 <unknown>\nE       #5 0x55c0262e096d <unknown>\nE       #6 0x55c0262f9c02 <unknown>\nE       #7 0x55c0262e0713 <unknown>\nE       #8 0x55c0262b318b <unknown>\nE       #9 0x55c0262b3f7e <unknown>\nE       #10 0x55c0265698d8 <unknown>\nE       #11 0x55c02656d800 <unknown>\nE       #12 0x55c026577cfc <unknown>\nE       #13 0x55c02656e418 <unknown>\nE       #14 0x55c02653b42f <unknown>\nE       #15 0x55c0265924e8 <unknown>\nE       #16 0x55c0265926b4 <unknown>\nE       #17 0x55c0265a3143 <unknown>\nE       #18 0x7f7c40694ac3 <unknown>\n\n.venv/lib/python3.11/site-packages/selenium/webdriver/support/wait.py:95: TimeoutException","flaky":false,"newFailed":false,"newBroken":false,"newPassed":false,"retriesCount":0,"retriesStatusChange":false,"beforeStages":[{"name":"base_url","time":{"start":1698714086030,"stop":1698714086031,"duration":1},"status":"passed","steps":[],"attachments":[],"parameters":[],"shouldDisplayMessage":false,"stepsCount":0,"attachmentsCount":0,"hasContent":false},{"name":"_verify_url","time":{"start":1698714086031,"stop":1698714086031,"duration":0},"status":"passed","steps":[],"attachments":[],"parameters":[],"shouldDisplayMessage":false,"stepsCount":0,"attachmentsCount":0,"hasContent":false},{"name":"secret_data","time":{"start":1698714086031,"stop":1698714086031,"duration":0},"status":"passed","steps":[],"attachments":[],"parameters":[],"shouldDisplayMessage":false,"stepsCount":0,"attachmentsCount":0,"hasContent":false},{"name":"json_data","time":{"start":1698714086031,"stop":1698714086031,"duration":0},"status":"passed","steps":[],"attachments":[],"parameters":[],"shouldDisplayMessage":false,"stepsCount":0,"attachmentsCount":0,"hasContent":false},{"name":"setup_method_fixture","time":{"start":1698714240310,"stop":1698714250605,"duration":10295},"status":"broken","statusMessage":"selenium.common.exceptions.TimeoutException: Message: \nStacktrace:\n#0 0x55c0265a3fb3 <unknown>\n#1 0x55c0262774a7 <unknown>\n#2 0x55c0262bedd6 <unknown>\n#3 0x55c0262beec1 <unknown>\n#4 0x55c0262fc354 <unknown>\n#5 0x55c0262e096d <unknown>\n#6 0x55c0262f9c02 <unknown>\n#7 0x55c0262e0713 <unknown>\n#8 0x55c0262b318b <unknown>\n#9 0x55c0262b3f7e <unknown>\n#10 0x55c0265698d8 <unknown>\n#11 0x55c02656d800 <unknown>\n#12 0x55c026577cfc <unknown>\n#13 0x55c02656e418 <unknown>\n#14 0x55c02653b42f <unknown>\n#15 0x55c0265924e8 <unknown>\n#16 0x55c0265926b4 <unknown>\n#17 0x55c0265a3143 <unknown>\n#18 0x7f7c40694ac3 <unknown>\n\n","statusTrace":"  File \"/home/runner/work/kisangateway-test/kisangateway-test/.venv/lib/python3.11/site-packages/pluggy/_callers.py\", line 80, in _multicall\n    res = hook_impl.function(*args)\n          ^^^^^^^^^^^^^^^^^^^^^^^^^\n  File \"/home/runner/work/kisangateway-test/kisangateway-test/.venv/lib/python3.11/site-packages/_pytest/fixtures.py\", line 1123, in pytest_fixture_setup\n    result = call_fixture_func(fixturefunc, request, kwargs)\n             ^^^^^^^^^^^^^^^^^^^^^^^^^^^^^^^^^^^^^^^^^^^^^^^\n  File \"/home/runner/work/kisangateway-test/kisangateway-test/.venv/lib/python3.11/site-packages/_pytest/fixtures.py\", line 902, in call_fixture_func\n    fixture_result = fixturefunc(**kwargs)\n                     ^^^^^^^^^^^^^^^^^^^^^\n  File \"/home/runner/work/kisangateway-test/kisangateway-test/tests/test_workspaces.py\", line 23, in setup_method_fixture\n    login(secret_data, self.about_page, self.login_page)\n  File \"/home/runner/work/kisangateway-test/kisangateway-test/tests/test_workspaces.py\", line 13, in login\n    about_page.click_login_link()\n  File \"/home/runner/work/kisangateway-test/kisangateway-test/.venv/lib/python3.11/site-packages/allure_commons/_allure.py\", line 192, in impl\n    return func(*a, **kw)\n           ^^^^^^^^^^^^^^\n  File \"/home/runner/work/kisangateway-test/kisangateway-test/pages/about_page.py\", line 20, in click_login_link\n    self.click(self.LOGIN_LINK)\n  File \"/home/runner/work/kisangateway-test/kisangateway-test/pages/base_page.py\", line 38, in click\n    el: WebElement = self.wait.until(\n                     ^^^^^^^^^^^^^^^^\n  File \"/home/runner/work/kisangateway-test/kisangateway-test/.venv/lib/python3.11/site-packages/selenium/webdriver/support/wait.py\", line 95, in until\n    raise TimeoutException(message, screen, stacktrace)\n","steps":[{"name":"Click Login link","time":{"start":1698714240311,"stop":1698714250604,"duration":10293},"status":"broken","statusMessage":"selenium.common.exceptions.TimeoutException: Message: \nStacktrace:\n#0 0x55c0265a3fb3 <unknown>\n#1 0x55c0262774a7 <unknown>\n#2 0x55c0262bedd6 <unknown>\n#3 0x55c0262beec1 <unknown>\n#4 0x55c0262fc354 <unknown>\n#5 0x55c0262e096d <unknown>\n#6 0x55c0262f9c02 <unknown>\n#7 0x55c0262e0713 <unknown>\n#8 0x55c0262b318b <unknown>\n#9 0x55c0262b3f7e <unknown>\n#10 0x55c0265698d8 <unknown>\n#11 0x55c02656d800 <unknown>\n#12 0x55c026577cfc <unknown>\n#13 0x55c02656e418 <unknown>\n#14 0x55c02653b42f <unknown>\n#15 0x55c0265924e8 <unknown>\n#16 0x55c0265926b4 <unknown>\n#17 0x55c0265a3143 <unknown>\n#18 0x7f7c40694ac3 <unknown>\n\n","statusTrace":"  File \"/home/runner/work/kisangateway-test/kisangateway-test/.venv/lib/python3.11/site-packages/allure_commons/_allure.py\", line 192, in impl\n    return func(*a, **kw)\n           ^^^^^^^^^^^^^^\n  File \"/home/runner/work/kisangateway-test/kisangateway-test/pages/about_page.py\", line 20, in click_login_link\n    self.click(self.LOGIN_LINK)\n  File \"/home/runner/work/kisangateway-test/kisangateway-test/pages/base_page.py\", line 38, in click\n    el: WebElement = self.wait.until(\n                     ^^^^^^^^^^^^^^^^\n  File \"/home/runner/work/kisangateway-test/kisangateway-test/.venv/lib/python3.11/site-packages/selenium/webdriver/support/wait.py\", line 95, in until\n    raise TimeoutException(message, screen, stacktrace)\n","steps":[],"attachments":[],"parameters":[],"shouldDisplayMessage":true,"stepsCount":0,"attachmentsCount":0,"hasContent":true}],"attachments":[],"parameters":[],"shouldDisplayMessage":false,"stepsCount":1,"attachmentsCount":0,"hasContent":true}],"testStage":{"description":"Deleting an existing project from workspace","status":"broken","statusMessage":"selenium.common.exceptions.TimeoutException: Message: \nStacktrace:\n#0 0x55c0265a3fb3 <unknown>\n#1 0x55c0262774a7 <unknown>\n#2 0x55c0262bedd6 <unknown>\n#3 0x55c0262beec1 <unknown>\n#4 0x55c0262fc354 <unknown>\n#5 0x55c0262e096d <unknown>\n#6 0x55c0262f9c02 <unknown>\n#7 0x55c0262e0713 <unknown>\n#8 0x55c0262b318b <unknown>\n#9 0x55c0262b3f7e <unknown>\n#10 0x55c0265698d8 <unknown>\n#11 0x55c02656d800 <unknown>\n#12 0x55c026577cfc <unknown>\n#13 0x55c02656e418 <unknown>\n#14 0x55c02653b42f <unknown>\n#15 0x55c0265924e8 <unknown>\n#16 0x55c0265926b4 <unknown>\n#17 0x55c0265a3143 <unknown>\n#18 0x7f7c40694ac3 <unknown>","statusTrace":"self = <tests.test_workspaces.TestWorkspaces object at 0x7f8010b5b090>\nsecret_data = {'email': '', 'password': ''}\n\n    @pytest.fixture(autouse=True)\n    def setup_method_fixture(self, secret_data: dict):\n>       login(secret_data, self.about_page, self.login_page)\n\ntests/test_workspaces.py:23: \n_ _ _ _ _ _ _ _ _ _ _ _ _ _ _ _ _ _ _ _ _ _ _ _ _ _ _ _ _ _ _ _ _ _ _ _ _ _ _ _ \ntests/test_workspaces.py:13: in login\n    about_page.click_login_link()\npages/about_page.py:20: in click_login_link\n    self.click(self.LOGIN_LINK)\npages/base_page.py:38: in click\n    el: WebElement = self.wait.until(\n_ _ _ _ _ _ _ _ _ _ _ _ _ _ _ _ _ _ _ _ _ _ _ _ _ _ _ _ _ _ _ _ _ _ _ _ _ _ _ _ \n\nself = <selenium.webdriver.support.wait.WebDriverWait (session=\"937a01ed66c64aefc4f24541fae1149c\")>\nmethod = <function element_to_be_clickable.<locals>._predicate at 0x7f80105be7a0>\nmessage = ''\n\n    def until(self, method, message: str = \"\"):\n        \"\"\"Calls the method provided with the driver as an argument until the \\\n        return value does not evaluate to ``False``.\n    \n        :param method: callable(WebDriver)\n        :param message: optional message for :exc:`TimeoutException`\n        :returns: the result of the last call to `method`\n        :raises: :exc:`selenium.common.exceptions.TimeoutException` if timeout occurs\n        \"\"\"\n        screen = None\n        stacktrace = None\n    \n        end_time = time.monotonic() + self._timeout\n        while True:\n            try:\n                value = method(self._driver)\n                if value:\n                    return value\n            except self._ignored_exceptions as exc:\n                screen = getattr(exc, \"screen\", None)\n                stacktrace = getattr(exc, \"stacktrace\", None)\n            time.sleep(self._poll)\n            if time.monotonic() > end_time:\n                break\n>       raise TimeoutException(message, screen, stacktrace)\nE       selenium.common.exceptions.TimeoutException: Message: \nE       Stacktrace:\nE       #0 0x55c0265a3fb3 <unknown>\nE       #1 0x55c0262774a7 <unknown>\nE       #2 0x55c0262bedd6 <unknown>\nE       #3 0x55c0262beec1 <unknown>\nE       #4 0x55c0262fc354 <unknown>\nE       #5 0x55c0262e096d <unknown>\nE       #6 0x55c0262f9c02 <unknown>\nE       #7 0x55c0262e0713 <unknown>\nE       #8 0x55c0262b318b <unknown>\nE       #9 0x55c0262b3f7e <unknown>\nE       #10 0x55c0265698d8 <unknown>\nE       #11 0x55c02656d800 <unknown>\nE       #12 0x55c026577cfc <unknown>\nE       #13 0x55c02656e418 <unknown>\nE       #14 0x55c02653b42f <unknown>\nE       #15 0x55c0265924e8 <unknown>\nE       #16 0x55c0265926b4 <unknown>\nE       #17 0x55c0265a3143 <unknown>\nE       #18 0x7f7c40694ac3 <unknown>\n\n.venv/lib/python3.11/site-packages/selenium/webdriver/support/wait.py:95: TimeoutException","steps":[],"attachments":[{"uid":"8880346424036401","name":"public ip address","source":"8880346424036401.txt","type":"text/plain","size":15},{"uid":"4ca656e1fb2c78a2","name":"Cookies","source":"4ca656e1fb2c78a2.json","type":"application/json","size":2},{"uid":"281b804fb4ae6b46","name":"Session Storage","source":"281b804fb4ae6b46.json","type":"application/json","size":2},{"uid":"530233ea7fbaeea6","name":"Local Storage","source":"530233ea7fbaeea6.json","type":"application/json","size":2},{"uid":"36ebfe1bab527e33","name":"Console Logs","source":"36ebfe1bab527e33.json","type":"application/json","size":2},{"uid":"82af117eed7e86a7","name":"Full Page Screenshot","source":"82af117eed7e86a7.png","type":"image/png","size":1496512},{"uid":"8500caad245152","name":"URL","source":"8500caad245152.uri","type":"text/uri-list","size":25},{"uid":"bd758d782c9429f8","name":"Network Logs","source":"bd758d782c9429f8.json","type":"application/json","size":14002}],"parameters":[],"shouldDisplayMessage":true,"stepsCount":0,"attachmentsCount":8,"hasContent":true},"afterStages":[],"labels":[{"name":"story","value":"WorkSpaces Creation and Editing Functionality"},{"name":"epic","value":"Workspaces"},{"name":"severity","value":"normal"},{"name":"tag","value":"run(order=9)"},{"name":"parentSuite","value":"tests"},{"name":"suite","value":"test_workspaces"},{"name":"subSuite","value":"TestWorkspaces"},{"name":"host","value":"fv-az404-388"},{"name":"thread","value":"2254-MainThread"},{"name":"framework","value":"pytest"},{"name":"language","value":"cpython3"},{"name":"package","value":"tests.test_workspaces"},{"name":"resultFormat","value":"allure2"}],"parameters":[],"links":[],"hidden":false,"retry":false,"extra":{"severity":"normal","retries":[],"categories":[{"name":"Test defects","matchedStatuses":[],"flaky":false}],"tags":["run(order=9)"]},"source":"fe22eede067ab724.json","parameterValues":[]}