{"uid":"2d9a4c2951b29d92","name":"Forgot Password with invalid email test","fullName":"tests.test_forgot_password.TestForgotPassword#test_invalid_email","historyId":"3743e16c5d15da2a1434ee4e2dd39a43","time":{"start":1706490325530,"stop":1706490335838,"duration":10308},"description":"Forgot Password with invalid email address","descriptionHtml":"<p>Forgot Password with invalid email address</p>\n","status":"broken","statusMessage":"selenium.common.exceptions.TimeoutException: Message: \nStacktrace:\n#0 0x5630230c3f83 <unknown>\n#1 0x563022d7ccf7 <unknown>\n#2 0x563022dcc99e <unknown>\n#3 0x563022dccaa1 <unknown>\n#4 0x563022e17d64 <unknown>\n#5 0x563022df60dd <unknown>\n#6 0x563022e15006 <unknown>\n#7 0x563022df5e53 <unknown>\n#8 0x563022dbddd4 <unknown>\n#9 0x563022dbf1de <unknown>\n#10 0x563023088531 <unknown>\n#11 0x56302308c455 <unknown>\n#12 0x563023074f55 <unknown>\n#13 0x56302308d0ef <unknown>\n#14 0x56302305899f <unknown>\n#15 0x5630230b1008 <unknown>\n#16 0x5630230b11d7 <unknown>\n#17 0x5630230c3124 <unknown>\n#18 0x7f16c0e94ac3 <unknown>","statusTrace":"self = <tests.test_forgot_password.TestForgotPassword object at 0x7fcc430cdc50>\nexcel_reader = <utils.excel_parser.ExcelParser object at 0x7fcc42dfc990>\njson_data = {'forgot_password': {'error_message': \"We can't find a user with that e-mail address.\", 'success_message': 'A reset li...you page', 'name': 'test', 'new_name': 'another test', 'no_project_found_msg': 'No project matches the criteria', ...}}\n\n    @allure.description(\"Forgot Password with invalid email address\")\n    @allure.title(\"Forgot Password with invalid email test\")\n    def test_invalid_email(self, excel_reader, json_data: dict):\n        emails = excel_reader.read_from_excel(\"Emails\")\n>       self.about_page.click_login_link()\n\ntests/test_forgot_password.py:31: \n_ _ _ _ _ _ _ _ _ _ _ _ _ _ _ _ _ _ _ _ _ _ _ _ _ _ _ _ _ _ _ _ _ _ _ _ _ _ _ _ \npages/about_page.py:20: in click_login_link\n    self.click(self.LOGIN_LINK)\npages/base_page.py:38: in click\n    el: WebElement = self.wait.until(\n_ _ _ _ _ _ _ _ _ _ _ _ _ _ _ _ _ _ _ _ _ _ _ _ _ _ _ _ _ _ _ _ _ _ _ _ _ _ _ _ \n\nself = <selenium.webdriver.support.wait.WebDriverWait (session=\"6989410c9fbfeb758579ae842a7d18e2\")>\nmethod = <function element_to_be_clickable.<locals>._predicate at 0x7fcc42de1a80>\nmessage = ''\n\n    def until(self, method, message: str = \"\"):\n        \"\"\"Calls the method provided with the driver as an argument until the \\\n        return value does not evaluate to ``False``.\n    \n        :param method: callable(WebDriver)\n        :param message: optional message for :exc:`TimeoutException`\n        :returns: the result of the last call to `method`\n        :raises: :exc:`selenium.common.exceptions.TimeoutException` if timeout occurs\n        \"\"\"\n        screen = None\n        stacktrace = None\n    \n        end_time = time.monotonic() + self._timeout\n        while True:\n            try:\n                value = method(self._driver)\n                if value:\n                    return value\n            except self._ignored_exceptions as exc:\n                screen = getattr(exc, \"screen\", None)\n                stacktrace = getattr(exc, \"stacktrace\", None)\n            time.sleep(self._poll)\n            if time.monotonic() > end_time:\n                break\n>       raise TimeoutException(message, screen, stacktrace)\nE       selenium.common.exceptions.TimeoutException: Message: \nE       Stacktrace:\nE       #0 0x5630230c3f83 <unknown>\nE       #1 0x563022d7ccf7 <unknown>\nE       #2 0x563022dcc99e <unknown>\nE       #3 0x563022dccaa1 <unknown>\nE       #4 0x563022e17d64 <unknown>\nE       #5 0x563022df60dd <unknown>\nE       #6 0x563022e15006 <unknown>\nE       #7 0x563022df5e53 <unknown>\nE       #8 0x563022dbddd4 <unknown>\nE       #9 0x563022dbf1de <unknown>\nE       #10 0x563023088531 <unknown>\nE       #11 0x56302308c455 <unknown>\nE       #12 0x563023074f55 <unknown>\nE       #13 0x56302308d0ef <unknown>\nE       #14 0x56302305899f <unknown>\nE       #15 0x5630230b1008 <unknown>\nE       #16 0x5630230b11d7 <unknown>\nE       #17 0x5630230c3124 <unknown>\nE       #18 0x7f16c0e94ac3 <unknown>\n\n.venv/lib/python3.11/site-packages/selenium/webdriver/support/wait.py:95: TimeoutException","flaky":false,"newFailed":false,"newBroken":false,"newPassed":false,"retriesCount":0,"retriesStatusChange":false,"beforeStages":[{"name":"base_url","time":{"start":1706490147836,"stop":1706490147836,"duration":0},"status":"passed","steps":[],"attachments":[],"parameters":[],"shouldDisplayMessage":false,"stepsCount":0,"attachmentsCount":0,"hasContent":false,"attachmentStep":false},{"name":"_verify_url","time":{"start":1706490147836,"stop":1706490147836,"duration":0},"status":"passed","steps":[],"attachments":[],"parameters":[],"shouldDisplayMessage":false,"stepsCount":0,"attachmentsCount":0,"hasContent":false,"attachmentStep":false},{"name":"json_data","time":{"start":1706490147837,"stop":1706490147837,"duration":0},"status":"passed","steps":[],"attachments":[],"parameters":[],"shouldDisplayMessage":false,"stepsCount":0,"attachmentsCount":0,"hasContent":false,"attachmentStep":false},{"name":"excel_reader","time":{"start":1706490325529,"stop":1706490325529,"duration":0},"status":"passed","steps":[],"attachments":[],"parameters":[],"shouldDisplayMessage":false,"stepsCount":0,"attachmentsCount":0,"hasContent":false,"attachmentStep":false}],"testStage":{"description":"Forgot Password with invalid email address","status":"broken","statusMessage":"selenium.common.exceptions.TimeoutException: Message: \nStacktrace:\n#0 0x5630230c3f83 <unknown>\n#1 0x563022d7ccf7 <unknown>\n#2 0x563022dcc99e <unknown>\n#3 0x563022dccaa1 <unknown>\n#4 0x563022e17d64 <unknown>\n#5 0x563022df60dd <unknown>\n#6 0x563022e15006 <unknown>\n#7 0x563022df5e53 <unknown>\n#8 0x563022dbddd4 <unknown>\n#9 0x563022dbf1de <unknown>\n#10 0x563023088531 <unknown>\n#11 0x56302308c455 <unknown>\n#12 0x563023074f55 <unknown>\n#13 0x56302308d0ef <unknown>\n#14 0x56302305899f <unknown>\n#15 0x5630230b1008 <unknown>\n#16 0x5630230b11d7 <unknown>\n#17 0x5630230c3124 <unknown>\n#18 0x7f16c0e94ac3 <unknown>","statusTrace":"self = <tests.test_forgot_password.TestForgotPassword object at 0x7fcc430cdc50>\nexcel_reader = <utils.excel_parser.ExcelParser object at 0x7fcc42dfc990>\njson_data = {'forgot_password': {'error_message': \"We can't find a user with that e-mail address.\", 'success_message': 'A reset li...you page', 'name': 'test', 'new_name': 'another test', 'no_project_found_msg': 'No project matches the criteria', ...}}\n\n    @allure.description(\"Forgot Password with invalid email address\")\n    @allure.title(\"Forgot Password with invalid email test\")\n    def test_invalid_email(self, excel_reader, json_data: dict):\n        emails = excel_reader.read_from_excel(\"Emails\")\n>       self.about_page.click_login_link()\n\ntests/test_forgot_password.py:31: \n_ _ _ _ _ _ _ _ _ _ _ _ _ _ _ _ _ _ _ _ _ _ _ _ _ _ _ _ _ _ _ _ _ _ _ _ _ _ _ _ \npages/about_page.py:20: in click_login_link\n    self.click(self.LOGIN_LINK)\npages/base_page.py:38: in click\n    el: WebElement = self.wait.until(\n_ _ _ _ _ _ _ _ _ _ _ _ _ _ _ _ _ _ _ _ _ _ _ _ _ _ _ _ _ _ _ _ _ _ _ _ _ _ _ _ \n\nself = <selenium.webdriver.support.wait.WebDriverWait (session=\"6989410c9fbfeb758579ae842a7d18e2\")>\nmethod = <function element_to_be_clickable.<locals>._predicate at 0x7fcc42de1a80>\nmessage = ''\n\n    def until(self, method, message: str = \"\"):\n        \"\"\"Calls the method provided with the driver as an argument until the \\\n        return value does not evaluate to ``False``.\n    \n        :param method: callable(WebDriver)\n        :param message: optional message for :exc:`TimeoutException`\n        :returns: the result of the last call to `method`\n        :raises: :exc:`selenium.common.exceptions.TimeoutException` if timeout occurs\n        \"\"\"\n        screen = None\n        stacktrace = None\n    \n        end_time = time.monotonic() + self._timeout\n        while True:\n            try:\n                value = method(self._driver)\n                if value:\n                    return value\n            except self._ignored_exceptions as exc:\n                screen = getattr(exc, \"screen\", None)\n                stacktrace = getattr(exc, \"stacktrace\", None)\n            time.sleep(self._poll)\n            if time.monotonic() > end_time:\n                break\n>       raise TimeoutException(message, screen, stacktrace)\nE       selenium.common.exceptions.TimeoutException: Message: \nE       Stacktrace:\nE       #0 0x5630230c3f83 <unknown>\nE       #1 0x563022d7ccf7 <unknown>\nE       #2 0x563022dcc99e <unknown>\nE       #3 0x563022dccaa1 <unknown>\nE       #4 0x563022e17d64 <unknown>\nE       #5 0x563022df60dd <unknown>\nE       #6 0x563022e15006 <unknown>\nE       #7 0x563022df5e53 <unknown>\nE       #8 0x563022dbddd4 <unknown>\nE       #9 0x563022dbf1de <unknown>\nE       #10 0x563023088531 <unknown>\nE       #11 0x56302308c455 <unknown>\nE       #12 0x563023074f55 <unknown>\nE       #13 0x56302308d0ef <unknown>\nE       #14 0x56302305899f <unknown>\nE       #15 0x5630230b1008 <unknown>\nE       #16 0x5630230b11d7 <unknown>\nE       #17 0x5630230c3124 <unknown>\nE       #18 0x7f16c0e94ac3 <unknown>\n\n.venv/lib/python3.11/site-packages/selenium/webdriver/support/wait.py:95: TimeoutException","steps":[{"name":"Click Login link","time":{"start":1706490325641,"stop":1706490335837,"duration":10196},"status":"broken","statusMessage":"selenium.common.exceptions.TimeoutException: Message: \nStacktrace:\n#0 0x5630230c3f83 <unknown>\n#1 0x563022d7ccf7 <unknown>\n#2 0x563022dcc99e <unknown>\n#3 0x563022dccaa1 <unknown>\n#4 0x563022e17d64 <unknown>\n#5 0x563022df60dd <unknown>\n#6 0x563022e15006 <unknown>\n#7 0x563022df5e53 <unknown>\n#8 0x563022dbddd4 <unknown>\n#9 0x563022dbf1de <unknown>\n#10 0x563023088531 <unknown>\n#11 0x56302308c455 <unknown>\n#12 0x563023074f55 <unknown>\n#13 0x56302308d0ef <unknown>\n#14 0x56302305899f <unknown>\n#15 0x5630230b1008 <unknown>\n#16 0x5630230b11d7 <unknown>\n#17 0x5630230c3124 <unknown>\n#18 0x7f16c0e94ac3 <unknown>\n\n","statusTrace":"  File \"/home/runner/work/kisangateway-test/kisangateway-test/.venv/lib/python3.11/site-packages/allure_commons/_allure.py\", line 192, in impl\n    return func(*a, **kw)\n           ^^^^^^^^^^^^^^\n  File \"/home/runner/work/kisangateway-test/kisangateway-test/pages/about_page.py\", line 20, in click_login_link\n    self.click(self.LOGIN_LINK)\n  File \"/home/runner/work/kisangateway-test/kisangateway-test/pages/base_page.py\", line 38, in click\n    el: WebElement = self.wait.until(\n                     ^^^^^^^^^^^^^^^^\n  File \"/home/runner/work/kisangateway-test/kisangateway-test/.venv/lib/python3.11/site-packages/selenium/webdriver/support/wait.py\", line 95, in until\n    raise TimeoutException(message, screen, stacktrace)\n","steps":[],"attachments":[],"parameters":[],"shouldDisplayMessage":true,"stepsCount":0,"attachmentsCount":0,"hasContent":true,"attachmentStep":false}],"attachments":[{"uid":"3727d0afccb9b469","name":"public ip address","source":"3727d0afccb9b469.txt","type":"text/plain","size":12},{"uid":"127362c8d923e13d","name":"Cookies","source":"127362c8d923e13d.json","type":"application/json","size":2},{"uid":"f1e6df13671ebdc3","name":"Session Storage","source":"f1e6df13671ebdc3.json","type":"application/json","size":2},{"uid":"56e0a444e62503e8","name":"Local Storage","source":"56e0a444e62503e8.json","type":"application/json","size":77},{"uid":"1dc17d9f8254d57e","name":"Console Logs","source":"1dc17d9f8254d57e.json","type":"application/json","size":599},{"uid":"ab9b7d7d26f0f2d6","name":"Full Page Screenshot","source":"ab9b7d7d26f0f2d6.png","type":"image/png","size":2647721},{"uid":"b4e357c3397cf199","name":"URL","source":"b4e357c3397cf199.uri","type":"text/uri-list","size":25},{"uid":"8773d74bf467fdef","name":"Network Logs","source":"8773d74bf467fdef.json","type":"application/json","size":1273761}],"parameters":[],"shouldDisplayMessage":true,"stepsCount":1,"attachmentsCount":8,"hasContent":true,"attachmentStep":false},"afterStages":[],"labels":[{"name":"parentSuite","value":"Custom parent suite"},{"name":"story","value":"Forgot Password Feature's Functionality"},{"name":"suite","value":"Custom suite"},{"name":"subSuite","value":"Custom sub suite"},{"name":"epic","value":"Security"},{"name":"severity","value":"critical"},{"name":"tag","value":"security"},{"name":"host","value":"fv-az773-638"},{"name":"thread","value":"2200-MainThread"},{"name":"framework","value":"pytest"},{"name":"language","value":"cpython3"},{"name":"package","value":"tests.test_forgot_password"},{"name":"resultFormat","value":"allure2"}],"parameters":[],"links":[],"hidden":false,"retry":false,"extra":{"severity":"critical","retries":[],"categories":[{"name":"Test defects","matchedStatuses":[],"flaky":false}],"tags":["security"]},"source":"2d9a4c2951b29d92.json","parameterValues":[]}