{"uid":"99a85bf6d978df8f","name":"Number of projects displayed in page test","fullName":"tests.test_workspaces.TestWorkspaces#test_number_of_existing_projects","historyId":"ff3981f856ce65274378063348b0abd4","time":{"start":1706490235570,"stop":1706490235570,"duration":0},"description":"Compare between the actual number of projects seen on page and the number shown in workspaces block","descriptionHtml":"<p>Compare between the actual number of projects seen on page and the number shown in workspaces block</p>\n","status":"broken","statusMessage":"selenium.common.exceptions.TimeoutException: Message: \nStacktrace:\n#0 0x556363c32f83 <unknown>\n#1 0x5563638ebcf7 <unknown>\n#2 0x55636393b99e <unknown>\n#3 0x55636393baa1 <unknown>\n#4 0x556363986d64 <unknown>\n#5 0x5563639650dd <unknown>\n#6 0x556363984006 <unknown>\n#7 0x556363964e53 <unknown>\n#8 0x55636392cdd4 <unknown>\n#9 0x55636392e1de <unknown>\n#10 0x556363bf7531 <unknown>\n#11 0x556363bfb455 <unknown>\n#12 0x556363be3f55 <unknown>\n#13 0x556363bfc0ef <unknown>\n#14 0x556363bc799f <unknown>\n#15 0x556363c20008 <unknown>\n#16 0x556363c201d7 <unknown>\n#17 0x556363c32124 <unknown>\n#18 0x7f34a5494ac3 <unknown>","statusTrace":"self = <tests.test_workspaces.TestWorkspaces object at 0x7fcc43240f50>\nsecret_data = {'email': '', 'password': ''}\n\n    @pytest.fixture(autouse=True)\n    def setup_method_fixture(self, secret_data: dict):\n>       login(secret_data, self.about_page, self.login_page)\n\ntests/test_workspaces.py:23: \n_ _ _ _ _ _ _ _ _ _ _ _ _ _ _ _ _ _ _ _ _ _ _ _ _ _ _ _ _ _ _ _ _ _ _ _ _ _ _ _ \ntests/test_workspaces.py:13: in login\n    about_page.click_login_link()\npages/about_page.py:20: in click_login_link\n    self.click(self.LOGIN_LINK)\npages/base_page.py:38: in click\n    el: WebElement = self.wait.until(\n_ _ _ _ _ _ _ _ _ _ _ _ _ _ _ _ _ _ _ _ _ _ _ _ _ _ _ _ _ _ _ _ _ _ _ _ _ _ _ _ \n\nself = <selenium.webdriver.support.wait.WebDriverWait (session=\"b167693198e878bc83ba6830857cd4e2\")>\nmethod = <function element_to_be_clickable.<locals>._predicate at 0x7fcc42ec71a0>\nmessage = ''\n\n    def until(self, method, message: str = \"\"):\n        \"\"\"Calls the method provided with the driver as an argument until the \\\n        return value does not evaluate to ``False``.\n    \n        :param method: callable(WebDriver)\n        :param message: optional message for :exc:`TimeoutException`\n        :returns: the result of the last call to `method`\n        :raises: :exc:`selenium.common.exceptions.TimeoutException` if timeout occurs\n        \"\"\"\n        screen = None\n        stacktrace = None\n    \n        end_time = time.monotonic() + self._timeout\n        while True:\n            try:\n                value = method(self._driver)\n                if value:\n                    return value\n            except self._ignored_exceptions as exc:\n                screen = getattr(exc, \"screen\", None)\n                stacktrace = getattr(exc, \"stacktrace\", None)\n            time.sleep(self._poll)\n            if time.monotonic() > end_time:\n                break\n>       raise TimeoutException(message, screen, stacktrace)\nE       selenium.common.exceptions.TimeoutException: Message: \nE       Stacktrace:\nE       #0 0x556363c32f83 <unknown>\nE       #1 0x5563638ebcf7 <unknown>\nE       #2 0x55636393b99e <unknown>\nE       #3 0x55636393baa1 <unknown>\nE       #4 0x556363986d64 <unknown>\nE       #5 0x5563639650dd <unknown>\nE       #6 0x556363984006 <unknown>\nE       #7 0x556363964e53 <unknown>\nE       #8 0x55636392cdd4 <unknown>\nE       #9 0x55636392e1de <unknown>\nE       #10 0x556363bf7531 <unknown>\nE       #11 0x556363bfb455 <unknown>\nE       #12 0x556363be3f55 <unknown>\nE       #13 0x556363bfc0ef <unknown>\nE       #14 0x556363bc799f <unknown>\nE       #15 0x556363c20008 <unknown>\nE       #16 0x556363c201d7 <unknown>\nE       #17 0x556363c32124 <unknown>\nE       #18 0x7f34a5494ac3 <unknown>\n\n.venv/lib/python3.11/site-packages/selenium/webdriver/support/wait.py:95: TimeoutException","flaky":false,"newFailed":false,"newBroken":false,"newPassed":false,"retriesCount":0,"retriesStatusChange":false,"beforeStages":[{"name":"base_url","time":{"start":1706490147836,"stop":1706490147836,"duration":0},"status":"passed","steps":[],"attachments":[],"parameters":[],"shouldDisplayMessage":false,"stepsCount":0,"attachmentsCount":0,"hasContent":false,"attachmentStep":false},{"name":"_verify_url","time":{"start":1706490147836,"stop":1706490147836,"duration":0},"status":"passed","steps":[],"attachments":[],"parameters":[],"shouldDisplayMessage":false,"stepsCount":0,"attachmentsCount":0,"hasContent":false,"attachmentStep":false},{"name":"secret_data","time":{"start":1706490147837,"stop":1706490147837,"duration":0},"status":"passed","steps":[],"attachments":[],"parameters":[],"shouldDisplayMessage":false,"stepsCount":0,"attachmentsCount":0,"hasContent":false,"attachmentStep":false},{"name":"setup_method_fixture","time":{"start":1706490236676,"stop":1706490246883,"duration":10207},"status":"broken","statusMessage":"selenium.common.exceptions.TimeoutException: Message: \nStacktrace:\n#0 0x556363c32f83 <unknown>\n#1 0x5563638ebcf7 <unknown>\n#2 0x55636393b99e <unknown>\n#3 0x55636393baa1 <unknown>\n#4 0x556363986d64 <unknown>\n#5 0x5563639650dd <unknown>\n#6 0x556363984006 <unknown>\n#7 0x556363964e53 <unknown>\n#8 0x55636392cdd4 <unknown>\n#9 0x55636392e1de <unknown>\n#10 0x556363bf7531 <unknown>\n#11 0x556363bfb455 <unknown>\n#12 0x556363be3f55 <unknown>\n#13 0x556363bfc0ef <unknown>\n#14 0x556363bc799f <unknown>\n#15 0x556363c20008 <unknown>\n#16 0x556363c201d7 <unknown>\n#17 0x556363c32124 <unknown>\n#18 0x7f34a5494ac3 <unknown>\n\n","statusTrace":"  File \"/home/runner/work/kisangateway-test/kisangateway-test/.venv/lib/python3.11/site-packages/pluggy/_callers.py\", line 80, in _multicall\n    res = hook_impl.function(*args)\n          ^^^^^^^^^^^^^^^^^^^^^^^^^\n  File \"/home/runner/work/kisangateway-test/kisangateway-test/.venv/lib/python3.11/site-packages/_pytest/fixtures.py\", line 1123, in pytest_fixture_setup\n    result = call_fixture_func(fixturefunc, request, kwargs)\n             ^^^^^^^^^^^^^^^^^^^^^^^^^^^^^^^^^^^^^^^^^^^^^^^\n  File \"/home/runner/work/kisangateway-test/kisangateway-test/.venv/lib/python3.11/site-packages/_pytest/fixtures.py\", line 902, in call_fixture_func\n    fixture_result = fixturefunc(**kwargs)\n                     ^^^^^^^^^^^^^^^^^^^^^\n  File \"/home/runner/work/kisangateway-test/kisangateway-test/tests/test_workspaces.py\", line 23, in setup_method_fixture\n    login(secret_data, self.about_page, self.login_page)\n  File \"/home/runner/work/kisangateway-test/kisangateway-test/tests/test_workspaces.py\", line 13, in login\n    about_page.click_login_link()\n  File \"/home/runner/work/kisangateway-test/kisangateway-test/.venv/lib/python3.11/site-packages/allure_commons/_allure.py\", line 192, in impl\n    return func(*a, **kw)\n           ^^^^^^^^^^^^^^\n  File \"/home/runner/work/kisangateway-test/kisangateway-test/pages/about_page.py\", line 20, in click_login_link\n    self.click(self.LOGIN_LINK)\n  File \"/home/runner/work/kisangateway-test/kisangateway-test/pages/base_page.py\", line 38, in click\n    el: WebElement = self.wait.until(\n                     ^^^^^^^^^^^^^^^^\n  File \"/home/runner/work/kisangateway-test/kisangateway-test/.venv/lib/python3.11/site-packages/selenium/webdriver/support/wait.py\", line 95, in until\n    raise TimeoutException(message, screen, stacktrace)\n","steps":[{"name":"Click Login link","time":{"start":1706490236676,"stop":1706490246883,"duration":10207},"status":"broken","statusMessage":"selenium.common.exceptions.TimeoutException: Message: \nStacktrace:\n#0 0x556363c32f83 <unknown>\n#1 0x5563638ebcf7 <unknown>\n#2 0x55636393b99e <unknown>\n#3 0x55636393baa1 <unknown>\n#4 0x556363986d64 <unknown>\n#5 0x5563639650dd <unknown>\n#6 0x556363984006 <unknown>\n#7 0x556363964e53 <unknown>\n#8 0x55636392cdd4 <unknown>\n#9 0x55636392e1de <unknown>\n#10 0x556363bf7531 <unknown>\n#11 0x556363bfb455 <unknown>\n#12 0x556363be3f55 <unknown>\n#13 0x556363bfc0ef <unknown>\n#14 0x556363bc799f <unknown>\n#15 0x556363c20008 <unknown>\n#16 0x556363c201d7 <unknown>\n#17 0x556363c32124 <unknown>\n#18 0x7f34a5494ac3 <unknown>\n\n","statusTrace":"  File \"/home/runner/work/kisangateway-test/kisangateway-test/.venv/lib/python3.11/site-packages/allure_commons/_allure.py\", line 192, in impl\n    return func(*a, **kw)\n           ^^^^^^^^^^^^^^\n  File \"/home/runner/work/kisangateway-test/kisangateway-test/pages/about_page.py\", line 20, in click_login_link\n    self.click(self.LOGIN_LINK)\n  File \"/home/runner/work/kisangateway-test/kisangateway-test/pages/base_page.py\", line 38, in click\n    el: WebElement = self.wait.until(\n                     ^^^^^^^^^^^^^^^^\n  File \"/home/runner/work/kisangateway-test/kisangateway-test/.venv/lib/python3.11/site-packages/selenium/webdriver/support/wait.py\", line 95, in until\n    raise TimeoutException(message, screen, stacktrace)\n","steps":[],"attachments":[],"parameters":[],"shouldDisplayMessage":true,"stepsCount":0,"attachmentsCount":0,"hasContent":true,"attachmentStep":false}],"attachments":[],"parameters":[],"shouldDisplayMessage":false,"stepsCount":1,"attachmentsCount":0,"hasContent":true,"attachmentStep":false}],"testStage":{"description":"Compare between the actual number of projects seen on page and the number shown in workspaces block","status":"broken","statusMessage":"selenium.common.exceptions.TimeoutException: Message: \nStacktrace:\n#0 0x556363c32f83 <unknown>\n#1 0x5563638ebcf7 <unknown>\n#2 0x55636393b99e <unknown>\n#3 0x55636393baa1 <unknown>\n#4 0x556363986d64 <unknown>\n#5 0x5563639650dd <unknown>\n#6 0x556363984006 <unknown>\n#7 0x556363964e53 <unknown>\n#8 0x55636392cdd4 <unknown>\n#9 0x55636392e1de <unknown>\n#10 0x556363bf7531 <unknown>\n#11 0x556363bfb455 <unknown>\n#12 0x556363be3f55 <unknown>\n#13 0x556363bfc0ef <unknown>\n#14 0x556363bc799f <unknown>\n#15 0x556363c20008 <unknown>\n#16 0x556363c201d7 <unknown>\n#17 0x556363c32124 <unknown>\n#18 0x7f34a5494ac3 <unknown>","statusTrace":"self = <tests.test_workspaces.TestWorkspaces object at 0x7fcc43240f50>\nsecret_data = {'email': '', 'password': ''}\n\n    @pytest.fixture(autouse=True)\n    def setup_method_fixture(self, secret_data: dict):\n>       login(secret_data, self.about_page, self.login_page)\n\ntests/test_workspaces.py:23: \n_ _ _ _ _ _ _ _ _ _ _ _ _ _ _ _ _ _ _ _ _ _ _ _ _ _ _ _ _ _ _ _ _ _ _ _ _ _ _ _ \ntests/test_workspaces.py:13: in login\n    about_page.click_login_link()\npages/about_page.py:20: in click_login_link\n    self.click(self.LOGIN_LINK)\npages/base_page.py:38: in click\n    el: WebElement = self.wait.until(\n_ _ _ _ _ _ _ _ _ _ _ _ _ _ _ _ _ _ _ _ _ _ _ _ _ _ _ _ _ _ _ _ _ _ _ _ _ _ _ _ \n\nself = <selenium.webdriver.support.wait.WebDriverWait (session=\"b167693198e878bc83ba6830857cd4e2\")>\nmethod = <function element_to_be_clickable.<locals>._predicate at 0x7fcc42ec71a0>\nmessage = ''\n\n    def until(self, method, message: str = \"\"):\n        \"\"\"Calls the method provided with the driver as an argument until the \\\n        return value does not evaluate to ``False``.\n    \n        :param method: callable(WebDriver)\n        :param message: optional message for :exc:`TimeoutException`\n        :returns: the result of the last call to `method`\n        :raises: :exc:`selenium.common.exceptions.TimeoutException` if timeout occurs\n        \"\"\"\n        screen = None\n        stacktrace = None\n    \n        end_time = time.monotonic() + self._timeout\n        while True:\n            try:\n                value = method(self._driver)\n                if value:\n                    return value\n            except self._ignored_exceptions as exc:\n                screen = getattr(exc, \"screen\", None)\n                stacktrace = getattr(exc, \"stacktrace\", None)\n            time.sleep(self._poll)\n            if time.monotonic() > end_time:\n                break\n>       raise TimeoutException(message, screen, stacktrace)\nE       selenium.common.exceptions.TimeoutException: Message: \nE       Stacktrace:\nE       #0 0x556363c32f83 <unknown>\nE       #1 0x5563638ebcf7 <unknown>\nE       #2 0x55636393b99e <unknown>\nE       #3 0x55636393baa1 <unknown>\nE       #4 0x556363986d64 <unknown>\nE       #5 0x5563639650dd <unknown>\nE       #6 0x556363984006 <unknown>\nE       #7 0x556363964e53 <unknown>\nE       #8 0x55636392cdd4 <unknown>\nE       #9 0x55636392e1de <unknown>\nE       #10 0x556363bf7531 <unknown>\nE       #11 0x556363bfb455 <unknown>\nE       #12 0x556363be3f55 <unknown>\nE       #13 0x556363bfc0ef <unknown>\nE       #14 0x556363bc799f <unknown>\nE       #15 0x556363c20008 <unknown>\nE       #16 0x556363c201d7 <unknown>\nE       #17 0x556363c32124 <unknown>\nE       #18 0x7f34a5494ac3 <unknown>\n\n.venv/lib/python3.11/site-packages/selenium/webdriver/support/wait.py:95: TimeoutException","steps":[],"attachments":[{"uid":"affd677505fa451a","name":"public ip address","source":"affd677505fa451a.txt","type":"text/plain","size":12},{"uid":"639d80e91dbfe718","name":"Cookies","source":"639d80e91dbfe718.json","type":"application/json","size":2},{"uid":"ea1dca862471aa00","name":"Session Storage","source":"ea1dca862471aa00.json","type":"application/json","size":2},{"uid":"8df28a3c907d08d8","name":"Local Storage","source":"8df28a3c907d08d8.json","type":"application/json","size":77},{"uid":"779f7d3fb28233c6","name":"Console Logs","source":"779f7d3fb28233c6.json","type":"application/json","size":599},{"uid":"d0905d5cccc9160c","name":"Full Page Screenshot","source":"d0905d5cccc9160c.png","type":"image/png","size":2647721},{"uid":"4dec5f6eab2788e4","name":"URL","source":"4dec5f6eab2788e4.uri","type":"text/uri-list","size":25},{"uid":"5214c59f59e54d37","name":"Network Logs","source":"5214c59f59e54d37.json","type":"application/json","size":1273763}],"parameters":[],"shouldDisplayMessage":true,"stepsCount":0,"attachmentsCount":8,"hasContent":true,"attachmentStep":false},"afterStages":[],"labels":[{"name":"epic","value":"Workspaces"},{"name":"severity","value":"normal"},{"name":"story","value":"WorkSpaces Creation and Editing Functionality"},{"name":"tag","value":"run(order=4)"},{"name":"parentSuite","value":"tests"},{"name":"suite","value":"test_workspaces"},{"name":"subSuite","value":"TestWorkspaces"},{"name":"host","value":"fv-az773-638"},{"name":"thread","value":"2200-MainThread"},{"name":"framework","value":"pytest"},{"name":"language","value":"cpython3"},{"name":"package","value":"tests.test_workspaces"},{"name":"resultFormat","value":"allure2"}],"parameters":[],"links":[],"hidden":false,"retry":false,"extra":{"severity":"normal","retries":[],"categories":[{"name":"Test defects","matchedStatuses":[],"flaky":false}],"tags":["run(order=4)"]},"source":"99a85bf6d978df8f.json","parameterValues":[]}