{"uid":"1a03662c665e0036","name":"Number of projects displayed in page test","fullName":"tests.test_workspaces.TestWorkspaces#test_number_of_existing_projects","historyId":"ff3981f856ce65274378063348b0abd4","time":{"start":1709255229620,"stop":1709255229620,"duration":0},"description":"Compare between the actual number of projects seen on page and the number shown in workspaces block","descriptionHtml":"<p>Compare between the actual number of projects seen on page and the number shown in workspaces block</p>\n","status":"broken","statusMessage":"selenium.common.exceptions.TimeoutException: Message: \nStacktrace:\n#0 0x55aae6505793 <unknown>\n#1 0x55aae61f91c6 <unknown>\n#2 0x55aae6244358 <unknown>\n#3 0x55aae6244411 <unknown>\n#4 0x55aae6287934 <unknown>\n#5 0x55aae62663fd <unknown>\n#6 0x55aae6284dd9 <unknown>\n#7 0x55aae6266173 <unknown>\n#8 0x55aae62372d3 <unknown>\n#9 0x55aae6237c9e <unknown>\n#10 0x55aae64c98cb <unknown>\n#11 0x55aae64cd745 <unknown>\n#12 0x55aae64b62e1 <unknown>\n#13 0x55aae64ce2d2 <unknown>\n#14 0x55aae649a17f <unknown>\n#15 0x55aae64f3dc8 <unknown>\n#16 0x55aae64f3fc3 <unknown>\n#17 0x55aae6504944 <unknown>\n#18 0x7ff54bc94ac3 <unknown>","statusTrace":"self = <tests.test_workspaces.TestWorkspaces object at 0x7fbdbbb586d0>\nsecret_data = {'email': '', 'password': ''}\n\n    @pytest.fixture(autouse=True)\n    def setup_method_fixture(self, secret_data: dict):\n>       login(secret_data, self.about_page, self.login_page)\n\ntests/test_workspaces.py:23: \n_ _ _ _ _ _ _ _ _ _ _ _ _ _ _ _ _ _ _ _ _ _ _ _ _ _ _ _ _ _ _ _ _ _ _ _ _ _ _ _ \ntests/test_workspaces.py:13: in login\n    about_page.click_login_link()\npages/about_page.py:20: in click_login_link\n    self.click(self.LOGIN_LINK)\npages/base_page.py:38: in click\n    el: WebElement = self.wait.until(\n_ _ _ _ _ _ _ _ _ _ _ _ _ _ _ _ _ _ _ _ _ _ _ _ _ _ _ _ _ _ _ _ _ _ _ _ _ _ _ _ \n\nself = <selenium.webdriver.support.wait.WebDriverWait (session=\"b56f1d70ffe638f1b2d8a4c465c8002d\")>\nmethod = <function element_to_be_clickable.<locals>._predicate at 0x7fbdbb9be8e0>\nmessage = ''\n\n    def until(self, method, message: str = \"\"):\n        \"\"\"Calls the method provided with the driver as an argument until the \\\n        return value does not evaluate to ``False``.\n    \n        :param method: callable(WebDriver)\n        :param message: optional message for :exc:`TimeoutException`\n        :returns: the result of the last call to `method`\n        :raises: :exc:`selenium.common.exceptions.TimeoutException` if timeout occurs\n        \"\"\"\n        screen = None\n        stacktrace = None\n    \n        end_time = time.monotonic() + self._timeout\n        while True:\n            try:\n                value = method(self._driver)\n                if value:\n                    return value\n            except self._ignored_exceptions as exc:\n                screen = getattr(exc, \"screen\", None)\n                stacktrace = getattr(exc, \"stacktrace\", None)\n            time.sleep(self._poll)\n            if time.monotonic() > end_time:\n                break\n>       raise TimeoutException(message, screen, stacktrace)\nE       selenium.common.exceptions.TimeoutException: Message: \nE       Stacktrace:\nE       #0 0x55aae6505793 <unknown>\nE       #1 0x55aae61f91c6 <unknown>\nE       #2 0x55aae6244358 <unknown>\nE       #3 0x55aae6244411 <unknown>\nE       #4 0x55aae6287934 <unknown>\nE       #5 0x55aae62663fd <unknown>\nE       #6 0x55aae6284dd9 <unknown>\nE       #7 0x55aae6266173 <unknown>\nE       #8 0x55aae62372d3 <unknown>\nE       #9 0x55aae6237c9e <unknown>\nE       #10 0x55aae64c98cb <unknown>\nE       #11 0x55aae64cd745 <unknown>\nE       #12 0x55aae64b62e1 <unknown>\nE       #13 0x55aae64ce2d2 <unknown>\nE       #14 0x55aae649a17f <unknown>\nE       #15 0x55aae64f3dc8 <unknown>\nE       #16 0x55aae64f3fc3 <unknown>\nE       #17 0x55aae6504944 <unknown>\nE       #18 0x7ff54bc94ac3 <unknown>\n\n.venv/lib/python3.11/site-packages/selenium/webdriver/support/wait.py:95: TimeoutException","flaky":false,"newFailed":false,"newBroken":false,"newPassed":false,"retriesCount":0,"retriesStatusChange":false,"beforeStages":[{"name":"base_url","time":{"start":1709255134616,"stop":1709255134616,"duration":0},"status":"passed","steps":[],"attachments":[],"parameters":[],"shouldDisplayMessage":false,"stepsCount":0,"attachmentsCount":0,"hasContent":false,"attachmentStep":false},{"name":"secret_data","time":{"start":1709255134616,"stop":1709255134616,"duration":0},"status":"passed","steps":[],"attachments":[],"parameters":[],"shouldDisplayMessage":false,"stepsCount":0,"attachmentsCount":0,"hasContent":false,"attachmentStep":false},{"name":"_verify_url","time":{"start":1709255134616,"stop":1709255134616,"duration":0},"status":"passed","steps":[],"attachments":[],"parameters":[],"shouldDisplayMessage":false,"stepsCount":0,"attachmentsCount":0,"hasContent":false,"attachmentStep":false},{"name":"setup_method_fixture","time":{"start":1709255233710,"stop":1709255243881,"duration":10171},"status":"broken","statusMessage":"selenium.common.exceptions.TimeoutException: Message: \nStacktrace:\n#0 0x55aae6505793 <unknown>\n#1 0x55aae61f91c6 <unknown>\n#2 0x55aae6244358 <unknown>\n#3 0x55aae6244411 <unknown>\n#4 0x55aae6287934 <unknown>\n#5 0x55aae62663fd <unknown>\n#6 0x55aae6284dd9 <unknown>\n#7 0x55aae6266173 <unknown>\n#8 0x55aae62372d3 <unknown>\n#9 0x55aae6237c9e <unknown>\n#10 0x55aae64c98cb <unknown>\n#11 0x55aae64cd745 <unknown>\n#12 0x55aae64b62e1 <unknown>\n#13 0x55aae64ce2d2 <unknown>\n#14 0x55aae649a17f <unknown>\n#15 0x55aae64f3dc8 <unknown>\n#16 0x55aae64f3fc3 <unknown>\n#17 0x55aae6504944 <unknown>\n#18 0x7ff54bc94ac3 <unknown>\n\n","statusTrace":"  File \"/home/runner/work/kisangateway-test/kisangateway-test/.venv/lib/python3.11/site-packages/pluggy/_callers.py\", line 80, in _multicall\n    res = hook_impl.function(*args)\n          ^^^^^^^^^^^^^^^^^^^^^^^^^\n  File \"/home/runner/work/kisangateway-test/kisangateway-test/.venv/lib/python3.11/site-packages/_pytest/fixtures.py\", line 1123, in pytest_fixture_setup\n    result = call_fixture_func(fixturefunc, request, kwargs)\n             ^^^^^^^^^^^^^^^^^^^^^^^^^^^^^^^^^^^^^^^^^^^^^^^\n  File \"/home/runner/work/kisangateway-test/kisangateway-test/.venv/lib/python3.11/site-packages/_pytest/fixtures.py\", line 902, in call_fixture_func\n    fixture_result = fixturefunc(**kwargs)\n                     ^^^^^^^^^^^^^^^^^^^^^\n  File \"/home/runner/work/kisangateway-test/kisangateway-test/tests/test_workspaces.py\", line 23, in setup_method_fixture\n    login(secret_data, self.about_page, self.login_page)\n  File \"/home/runner/work/kisangateway-test/kisangateway-test/tests/test_workspaces.py\", line 13, in login\n    about_page.click_login_link()\n  File \"/home/runner/work/kisangateway-test/kisangateway-test/.venv/lib/python3.11/site-packages/allure_commons/_allure.py\", line 192, in impl\n    return func(*a, **kw)\n           ^^^^^^^^^^^^^^\n  File \"/home/runner/work/kisangateway-test/kisangateway-test/pages/about_page.py\", line 20, in click_login_link\n    self.click(self.LOGIN_LINK)\n  File \"/home/runner/work/kisangateway-test/kisangateway-test/pages/base_page.py\", line 38, in click\n    el: WebElement = self.wait.until(\n                     ^^^^^^^^^^^^^^^^\n  File \"/home/runner/work/kisangateway-test/kisangateway-test/.venv/lib/python3.11/site-packages/selenium/webdriver/support/wait.py\", line 95, in until\n    raise TimeoutException(message, screen, stacktrace)\n","steps":[{"name":"Click Login link","time":{"start":1709255233710,"stop":1709255243880,"duration":10170},"status":"broken","statusMessage":"selenium.common.exceptions.TimeoutException: Message: \nStacktrace:\n#0 0x55aae6505793 <unknown>\n#1 0x55aae61f91c6 <unknown>\n#2 0x55aae6244358 <unknown>\n#3 0x55aae6244411 <unknown>\n#4 0x55aae6287934 <unknown>\n#5 0x55aae62663fd <unknown>\n#6 0x55aae6284dd9 <unknown>\n#7 0x55aae6266173 <unknown>\n#8 0x55aae62372d3 <unknown>\n#9 0x55aae6237c9e <unknown>\n#10 0x55aae64c98cb <unknown>\n#11 0x55aae64cd745 <unknown>\n#12 0x55aae64b62e1 <unknown>\n#13 0x55aae64ce2d2 <unknown>\n#14 0x55aae649a17f <unknown>\n#15 0x55aae64f3dc8 <unknown>\n#16 0x55aae64f3fc3 <unknown>\n#17 0x55aae6504944 <unknown>\n#18 0x7ff54bc94ac3 <unknown>\n\n","statusTrace":"  File \"/home/runner/work/kisangateway-test/kisangateway-test/.venv/lib/python3.11/site-packages/allure_commons/_allure.py\", line 192, in impl\n    return func(*a, **kw)\n           ^^^^^^^^^^^^^^\n  File \"/home/runner/work/kisangateway-test/kisangateway-test/pages/about_page.py\", line 20, in click_login_link\n    self.click(self.LOGIN_LINK)\n  File \"/home/runner/work/kisangateway-test/kisangateway-test/pages/base_page.py\", line 38, in click\n    el: WebElement = self.wait.until(\n                     ^^^^^^^^^^^^^^^^\n  File \"/home/runner/work/kisangateway-test/kisangateway-test/.venv/lib/python3.11/site-packages/selenium/webdriver/support/wait.py\", line 95, in until\n    raise TimeoutException(message, screen, stacktrace)\n","steps":[],"attachments":[],"parameters":[],"shouldDisplayMessage":true,"stepsCount":0,"attachmentsCount":0,"hasContent":true,"attachmentStep":false}],"attachments":[],"parameters":[],"shouldDisplayMessage":false,"stepsCount":1,"attachmentsCount":0,"hasContent":true,"attachmentStep":false}],"testStage":{"description":"Compare between the actual number of projects seen on page and the number shown in workspaces block","status":"broken","statusMessage":"selenium.common.exceptions.TimeoutException: Message: \nStacktrace:\n#0 0x55aae6505793 <unknown>\n#1 0x55aae61f91c6 <unknown>\n#2 0x55aae6244358 <unknown>\n#3 0x55aae6244411 <unknown>\n#4 0x55aae6287934 <unknown>\n#5 0x55aae62663fd <unknown>\n#6 0x55aae6284dd9 <unknown>\n#7 0x55aae6266173 <unknown>\n#8 0x55aae62372d3 <unknown>\n#9 0x55aae6237c9e <unknown>\n#10 0x55aae64c98cb <unknown>\n#11 0x55aae64cd745 <unknown>\n#12 0x55aae64b62e1 <unknown>\n#13 0x55aae64ce2d2 <unknown>\n#14 0x55aae649a17f <unknown>\n#15 0x55aae64f3dc8 <unknown>\n#16 0x55aae64f3fc3 <unknown>\n#17 0x55aae6504944 <unknown>\n#18 0x7ff54bc94ac3 <unknown>","statusTrace":"self = <tests.test_workspaces.TestWorkspaces object at 0x7fbdbbb586d0>\nsecret_data = {'email': '', 'password': ''}\n\n    @pytest.fixture(autouse=True)\n    def setup_method_fixture(self, secret_data: dict):\n>       login(secret_data, self.about_page, self.login_page)\n\ntests/test_workspaces.py:23: \n_ _ _ _ _ _ _ _ _ _ _ _ _ _ _ _ _ _ _ _ _ _ _ _ _ _ _ _ _ _ _ _ _ _ _ _ _ _ _ _ \ntests/test_workspaces.py:13: in login\n    about_page.click_login_link()\npages/about_page.py:20: in click_login_link\n    self.click(self.LOGIN_LINK)\npages/base_page.py:38: in click\n    el: WebElement = self.wait.until(\n_ _ _ _ _ _ _ _ _ _ _ _ _ _ _ _ _ _ _ _ _ _ _ _ _ _ _ _ _ _ _ _ _ _ _ _ _ _ _ _ \n\nself = <selenium.webdriver.support.wait.WebDriverWait (session=\"b56f1d70ffe638f1b2d8a4c465c8002d\")>\nmethod = <function element_to_be_clickable.<locals>._predicate at 0x7fbdbb9be8e0>\nmessage = ''\n\n    def until(self, method, message: str = \"\"):\n        \"\"\"Calls the method provided with the driver as an argument until the \\\n        return value does not evaluate to ``False``.\n    \n        :param method: callable(WebDriver)\n        :param message: optional message for :exc:`TimeoutException`\n        :returns: the result of the last call to `method`\n        :raises: :exc:`selenium.common.exceptions.TimeoutException` if timeout occurs\n        \"\"\"\n        screen = None\n        stacktrace = None\n    \n        end_time = time.monotonic() + self._timeout\n        while True:\n            try:\n                value = method(self._driver)\n                if value:\n                    return value\n            except self._ignored_exceptions as exc:\n                screen = getattr(exc, \"screen\", None)\n                stacktrace = getattr(exc, \"stacktrace\", None)\n            time.sleep(self._poll)\n            if time.monotonic() > end_time:\n                break\n>       raise TimeoutException(message, screen, stacktrace)\nE       selenium.common.exceptions.TimeoutException: Message: \nE       Stacktrace:\nE       #0 0x55aae6505793 <unknown>\nE       #1 0x55aae61f91c6 <unknown>\nE       #2 0x55aae6244358 <unknown>\nE       #3 0x55aae6244411 <unknown>\nE       #4 0x55aae6287934 <unknown>\nE       #5 0x55aae62663fd <unknown>\nE       #6 0x55aae6284dd9 <unknown>\nE       #7 0x55aae6266173 <unknown>\nE       #8 0x55aae62372d3 <unknown>\nE       #9 0x55aae6237c9e <unknown>\nE       #10 0x55aae64c98cb <unknown>\nE       #11 0x55aae64cd745 <unknown>\nE       #12 0x55aae64b62e1 <unknown>\nE       #13 0x55aae64ce2d2 <unknown>\nE       #14 0x55aae649a17f <unknown>\nE       #15 0x55aae64f3dc8 <unknown>\nE       #16 0x55aae64f3fc3 <unknown>\nE       #17 0x55aae6504944 <unknown>\nE       #18 0x7ff54bc94ac3 <unknown>\n\n.venv/lib/python3.11/site-packages/selenium/webdriver/support/wait.py:95: TimeoutException","steps":[],"attachments":[{"uid":"ac1e78f4961a38d9","name":"public ip address","source":"ac1e78f4961a38d9.txt","type":"text/plain","size":12},{"uid":"2a9b7fa02fcd5e30","name":"Cookies","source":"2a9b7fa02fcd5e30.json","type":"application/json","size":527},{"uid":"21f14f93b7f25225","name":"Session Storage","source":"21f14f93b7f25225.json","type":"application/json","size":2},{"uid":"b52a44aa9ae3082","name":"Local Storage","source":"b52a44aa9ae3082.json","type":"application/json","size":77},{"uid":"6ad90994d037ba6","name":"Console Logs","source":"6ad90994d037ba6.json","type":"application/json","size":310},{"uid":"d4d5f3334df3fda8","name":"Full Page Screenshot","source":"d4d5f3334df3fda8.png","type":"image/png","size":2707537},{"uid":"cc7d11e0ebcdd2b6","name":"URL","source":"cc7d11e0ebcdd2b6.uri","type":"text/uri-list","size":25},{"uid":"81a109b9422286dd","name":"Network Logs","source":"81a109b9422286dd.json","type":"application/json","size":1285239}],"parameters":[],"shouldDisplayMessage":true,"stepsCount":0,"attachmentsCount":8,"hasContent":true,"attachmentStep":false},"afterStages":[],"labels":[{"name":"story","value":"WorkSpaces Creation and Editing Functionality"},{"name":"epic","value":"Workspaces"},{"name":"severity","value":"normal"},{"name":"tag","value":"run(order=4)"},{"name":"parentSuite","value":"tests"},{"name":"suite","value":"test_workspaces"},{"name":"subSuite","value":"TestWorkspaces"},{"name":"host","value":"fv-az659-319"},{"name":"thread","value":"2280-MainThread"},{"name":"framework","value":"pytest"},{"name":"language","value":"cpython3"},{"name":"package","value":"tests.test_workspaces"},{"name":"resultFormat","value":"allure2"}],"parameters":[],"links":[],"hidden":false,"retry":false,"extra":{"severity":"normal","retries":[],"categories":[{"name":"Test defects","matchedStatuses":[],"flaky":false}],"tags":["run(order=4)"]},"source":"1a03662c665e0036.json","parameterValues":[]}