{"uid":"9df5eb81f3a095a6","name":"Rename an existing workspace test","fullName":"tests.test_workspaces.TestWorkspaces#test_rename_workspace","historyId":"d49362deb707221678019bdc76bcec08","time":{"start":1698627783130,"stop":1698627783130,"duration":0},"description":"Rename an existing workspace","descriptionHtml":"<p>Rename an existing workspace</p>\n","status":"broken","statusMessage":"selenium.common.exceptions.TimeoutException: Message: \nStacktrace:\n#0 0x556c2b908fb3 <unknown>\n#1 0x556c2b5dc4a7 <unknown>\n#2 0x556c2b623dd6 <unknown>\n#3 0x556c2b623ec1 <unknown>\n#4 0x556c2b661354 <unknown>\n#5 0x556c2b64596d <unknown>\n#6 0x556c2b65ec02 <unknown>\n#7 0x556c2b645713 <unknown>\n#8 0x556c2b61818b <unknown>\n#9 0x556c2b618f7e <unknown>\n#10 0x556c2b8ce8d8 <unknown>\n#11 0x556c2b8d2800 <unknown>\n#12 0x556c2b8dccfc <unknown>\n#13 0x556c2b8d3418 <unknown>\n#14 0x556c2b8a042f <unknown>\n#15 0x556c2b8f74e8 <unknown>\n#16 0x556c2b8f76b4 <unknown>\n#17 0x556c2b908143 <unknown>\n#18 0x7fe0d8e94ac3 <unknown>","statusTrace":"self = <tests.test_workspaces.TestWorkspaces object at 0x7f4259db7390>\nsecret_data = {'email': '', 'password': ''}\n\n    @pytest.fixture(autouse=True)\n    def setup_method_fixture(self, secret_data: dict):\n>       login(secret_data, self.about_page, self.login_page)\n\ntests/test_workspaces.py:23: \n_ _ _ _ _ _ _ _ _ _ _ _ _ _ _ _ _ _ _ _ _ _ _ _ _ _ _ _ _ _ _ _ _ _ _ _ _ _ _ _ \ntests/test_workspaces.py:13: in login\n    about_page.click_login_link()\npages/about_page.py:20: in click_login_link\n    self.click(self.LOGIN_LINK)\npages/base_page.py:38: in click\n    el: WebElement = self.wait.until(\n_ _ _ _ _ _ _ _ _ _ _ _ _ _ _ _ _ _ _ _ _ _ _ _ _ _ _ _ _ _ _ _ _ _ _ _ _ _ _ _ \n\nself = <selenium.webdriver.support.wait.WebDriverWait (session=\"e6f79675e5c0bb67a7add08ef172b454\")>\nmethod = <function element_to_be_clickable.<locals>._predicate at 0x7f4259c18e00>\nmessage = ''\n\n    def until(self, method, message: str = \"\"):\n        \"\"\"Calls the method provided with the driver as an argument until the \\\n        return value does not evaluate to ``False``.\n    \n        :param method: callable(WebDriver)\n        :param message: optional message for :exc:`TimeoutException`\n        :returns: the result of the last call to `method`\n        :raises: :exc:`selenium.common.exceptions.TimeoutException` if timeout occurs\n        \"\"\"\n        screen = None\n        stacktrace = None\n    \n        end_time = time.monotonic() + self._timeout\n        while True:\n            try:\n                value = method(self._driver)\n                if value:\n                    return value\n            except self._ignored_exceptions as exc:\n                screen = getattr(exc, \"screen\", None)\n                stacktrace = getattr(exc, \"stacktrace\", None)\n            time.sleep(self._poll)\n            if time.monotonic() > end_time:\n                break\n>       raise TimeoutException(message, screen, stacktrace)\nE       selenium.common.exceptions.TimeoutException: Message: \nE       Stacktrace:\nE       #0 0x556c2b908fb3 <unknown>\nE       #1 0x556c2b5dc4a7 <unknown>\nE       #2 0x556c2b623dd6 <unknown>\nE       #3 0x556c2b623ec1 <unknown>\nE       #4 0x556c2b661354 <unknown>\nE       #5 0x556c2b64596d <unknown>\nE       #6 0x556c2b65ec02 <unknown>\nE       #7 0x556c2b645713 <unknown>\nE       #8 0x556c2b61818b <unknown>\nE       #9 0x556c2b618f7e <unknown>\nE       #10 0x556c2b8ce8d8 <unknown>\nE       #11 0x556c2b8d2800 <unknown>\nE       #12 0x556c2b8dccfc <unknown>\nE       #13 0x556c2b8d3418 <unknown>\nE       #14 0x556c2b8a042f <unknown>\nE       #15 0x556c2b8f74e8 <unknown>\nE       #16 0x556c2b8f76b4 <unknown>\nE       #17 0x556c2b908143 <unknown>\nE       #18 0x7fe0d8e94ac3 <unknown>\n\n.venv/lib/python3.11/site-packages/selenium/webdriver/support/wait.py:95: TimeoutException","flaky":false,"newFailed":false,"newBroken":false,"newPassed":false,"retriesCount":0,"retriesStatusChange":false,"beforeStages":[{"name":"base_url","time":{"start":1698627744566,"stop":1698627744566,"duration":0},"status":"passed","steps":[],"attachments":[],"parameters":[],"shouldDisplayMessage":false,"stepsCount":0,"attachmentsCount":0,"hasContent":false},{"name":"_verify_url","time":{"start":1698627744566,"stop":1698627744567,"duration":1},"status":"passed","steps":[],"attachments":[],"parameters":[],"shouldDisplayMessage":false,"stepsCount":0,"attachmentsCount":0,"hasContent":false},{"name":"secret_data","time":{"start":1698627744567,"stop":1698627744568,"duration":1},"status":"passed","steps":[],"attachments":[],"parameters":[],"shouldDisplayMessage":false,"stepsCount":0,"attachmentsCount":0,"hasContent":false},{"name":"json_data","time":{"start":1698627744568,"stop":1698627744568,"duration":0},"status":"passed","steps":[],"attachments":[],"parameters":[],"shouldDisplayMessage":false,"stepsCount":0,"attachmentsCount":0,"hasContent":false},{"name":"setup_method_fixture","time":{"start":1698627784671,"stop":1698627795006,"duration":10335},"status":"broken","statusMessage":"selenium.common.exceptions.TimeoutException: Message: \nStacktrace:\n#0 0x556c2b908fb3 <unknown>\n#1 0x556c2b5dc4a7 <unknown>\n#2 0x556c2b623dd6 <unknown>\n#3 0x556c2b623ec1 <unknown>\n#4 0x556c2b661354 <unknown>\n#5 0x556c2b64596d <unknown>\n#6 0x556c2b65ec02 <unknown>\n#7 0x556c2b645713 <unknown>\n#8 0x556c2b61818b <unknown>\n#9 0x556c2b618f7e <unknown>\n#10 0x556c2b8ce8d8 <unknown>\n#11 0x556c2b8d2800 <unknown>\n#12 0x556c2b8dccfc <unknown>\n#13 0x556c2b8d3418 <unknown>\n#14 0x556c2b8a042f <unknown>\n#15 0x556c2b8f74e8 <unknown>\n#16 0x556c2b8f76b4 <unknown>\n#17 0x556c2b908143 <unknown>\n#18 0x7fe0d8e94ac3 <unknown>\n\n","statusTrace":"  File \"/home/runner/work/kisangateway-test/kisangateway-test/.venv/lib/python3.11/site-packages/pluggy/_callers.py\", line 80, in _multicall\n    res = hook_impl.function(*args)\n          ^^^^^^^^^^^^^^^^^^^^^^^^^\n  File \"/home/runner/work/kisangateway-test/kisangateway-test/.venv/lib/python3.11/site-packages/_pytest/fixtures.py\", line 1123, in pytest_fixture_setup\n    result = call_fixture_func(fixturefunc, request, kwargs)\n             ^^^^^^^^^^^^^^^^^^^^^^^^^^^^^^^^^^^^^^^^^^^^^^^\n  File \"/home/runner/work/kisangateway-test/kisangateway-test/.venv/lib/python3.11/site-packages/_pytest/fixtures.py\", line 902, in call_fixture_func\n    fixture_result = fixturefunc(**kwargs)\n                     ^^^^^^^^^^^^^^^^^^^^^\n  File \"/home/runner/work/kisangateway-test/kisangateway-test/tests/test_workspaces.py\", line 23, in setup_method_fixture\n    login(secret_data, self.about_page, self.login_page)\n  File \"/home/runner/work/kisangateway-test/kisangateway-test/tests/test_workspaces.py\", line 13, in login\n    about_page.click_login_link()\n  File \"/home/runner/work/kisangateway-test/kisangateway-test/.venv/lib/python3.11/site-packages/allure_commons/_allure.py\", line 192, in impl\n    return func(*a, **kw)\n           ^^^^^^^^^^^^^^\n  File \"/home/runner/work/kisangateway-test/kisangateway-test/pages/about_page.py\", line 20, in click_login_link\n    self.click(self.LOGIN_LINK)\n  File \"/home/runner/work/kisangateway-test/kisangateway-test/pages/base_page.py\", line 38, in click\n    el: WebElement = self.wait.until(\n                     ^^^^^^^^^^^^^^^^\n  File \"/home/runner/work/kisangateway-test/kisangateway-test/.venv/lib/python3.11/site-packages/selenium/webdriver/support/wait.py\", line 95, in until\n    raise TimeoutException(message, screen, stacktrace)\n","steps":[{"name":"Click Login link","time":{"start":1698627784671,"stop":1698627795005,"duration":10334},"status":"broken","statusMessage":"selenium.common.exceptions.TimeoutException: Message: \nStacktrace:\n#0 0x556c2b908fb3 <unknown>\n#1 0x556c2b5dc4a7 <unknown>\n#2 0x556c2b623dd6 <unknown>\n#3 0x556c2b623ec1 <unknown>\n#4 0x556c2b661354 <unknown>\n#5 0x556c2b64596d <unknown>\n#6 0x556c2b65ec02 <unknown>\n#7 0x556c2b645713 <unknown>\n#8 0x556c2b61818b <unknown>\n#9 0x556c2b618f7e <unknown>\n#10 0x556c2b8ce8d8 <unknown>\n#11 0x556c2b8d2800 <unknown>\n#12 0x556c2b8dccfc <unknown>\n#13 0x556c2b8d3418 <unknown>\n#14 0x556c2b8a042f <unknown>\n#15 0x556c2b8f74e8 <unknown>\n#16 0x556c2b8f76b4 <unknown>\n#17 0x556c2b908143 <unknown>\n#18 0x7fe0d8e94ac3 <unknown>\n\n","statusTrace":"  File \"/home/runner/work/kisangateway-test/kisangateway-test/.venv/lib/python3.11/site-packages/allure_commons/_allure.py\", line 192, in impl\n    return func(*a, **kw)\n           ^^^^^^^^^^^^^^\n  File \"/home/runner/work/kisangateway-test/kisangateway-test/pages/about_page.py\", line 20, in click_login_link\n    self.click(self.LOGIN_LINK)\n  File \"/home/runner/work/kisangateway-test/kisangateway-test/pages/base_page.py\", line 38, in click\n    el: WebElement = self.wait.until(\n                     ^^^^^^^^^^^^^^^^\n  File \"/home/runner/work/kisangateway-test/kisangateway-test/.venv/lib/python3.11/site-packages/selenium/webdriver/support/wait.py\", line 95, in until\n    raise TimeoutException(message, screen, stacktrace)\n","steps":[],"attachments":[],"parameters":[],"shouldDisplayMessage":true,"stepsCount":0,"attachmentsCount":0,"hasContent":true}],"attachments":[],"parameters":[],"shouldDisplayMessage":false,"stepsCount":1,"attachmentsCount":0,"hasContent":true}],"testStage":{"description":"Rename an existing workspace","status":"broken","statusMessage":"selenium.common.exceptions.TimeoutException: Message: \nStacktrace:\n#0 0x556c2b908fb3 <unknown>\n#1 0x556c2b5dc4a7 <unknown>\n#2 0x556c2b623dd6 <unknown>\n#3 0x556c2b623ec1 <unknown>\n#4 0x556c2b661354 <unknown>\n#5 0x556c2b64596d <unknown>\n#6 0x556c2b65ec02 <unknown>\n#7 0x556c2b645713 <unknown>\n#8 0x556c2b61818b <unknown>\n#9 0x556c2b618f7e <unknown>\n#10 0x556c2b8ce8d8 <unknown>\n#11 0x556c2b8d2800 <unknown>\n#12 0x556c2b8dccfc <unknown>\n#13 0x556c2b8d3418 <unknown>\n#14 0x556c2b8a042f <unknown>\n#15 0x556c2b8f74e8 <unknown>\n#16 0x556c2b8f76b4 <unknown>\n#17 0x556c2b908143 <unknown>\n#18 0x7fe0d8e94ac3 <unknown>","statusTrace":"self = <tests.test_workspaces.TestWorkspaces object at 0x7f4259db7390>\nsecret_data = {'email': '', 'password': ''}\n\n    @pytest.fixture(autouse=True)\n    def setup_method_fixture(self, secret_data: dict):\n>       login(secret_data, self.about_page, self.login_page)\n\ntests/test_workspaces.py:23: \n_ _ _ _ _ _ _ _ _ _ _ _ _ _ _ _ _ _ _ _ _ _ _ _ _ _ _ _ _ _ _ _ _ _ _ _ _ _ _ _ \ntests/test_workspaces.py:13: in login\n    about_page.click_login_link()\npages/about_page.py:20: in click_login_link\n    self.click(self.LOGIN_LINK)\npages/base_page.py:38: in click\n    el: WebElement = self.wait.until(\n_ _ _ _ _ _ _ _ _ _ _ _ _ _ _ _ _ _ _ _ _ _ _ _ _ _ _ _ _ _ _ _ _ _ _ _ _ _ _ _ \n\nself = <selenium.webdriver.support.wait.WebDriverWait (session=\"e6f79675e5c0bb67a7add08ef172b454\")>\nmethod = <function element_to_be_clickable.<locals>._predicate at 0x7f4259c18e00>\nmessage = ''\n\n    def until(self, method, message: str = \"\"):\n        \"\"\"Calls the method provided with the driver as an argument until the \\\n        return value does not evaluate to ``False``.\n    \n        :param method: callable(WebDriver)\n        :param message: optional message for :exc:`TimeoutException`\n        :returns: the result of the last call to `method`\n        :raises: :exc:`selenium.common.exceptions.TimeoutException` if timeout occurs\n        \"\"\"\n        screen = None\n        stacktrace = None\n    \n        end_time = time.monotonic() + self._timeout\n        while True:\n            try:\n                value = method(self._driver)\n                if value:\n                    return value\n            except self._ignored_exceptions as exc:\n                screen = getattr(exc, \"screen\", None)\n                stacktrace = getattr(exc, \"stacktrace\", None)\n            time.sleep(self._poll)\n            if time.monotonic() > end_time:\n                break\n>       raise TimeoutException(message, screen, stacktrace)\nE       selenium.common.exceptions.TimeoutException: Message: \nE       Stacktrace:\nE       #0 0x556c2b908fb3 <unknown>\nE       #1 0x556c2b5dc4a7 <unknown>\nE       #2 0x556c2b623dd6 <unknown>\nE       #3 0x556c2b623ec1 <unknown>\nE       #4 0x556c2b661354 <unknown>\nE       #5 0x556c2b64596d <unknown>\nE       #6 0x556c2b65ec02 <unknown>\nE       #7 0x556c2b645713 <unknown>\nE       #8 0x556c2b61818b <unknown>\nE       #9 0x556c2b618f7e <unknown>\nE       #10 0x556c2b8ce8d8 <unknown>\nE       #11 0x556c2b8d2800 <unknown>\nE       #12 0x556c2b8dccfc <unknown>\nE       #13 0x556c2b8d3418 <unknown>\nE       #14 0x556c2b8a042f <unknown>\nE       #15 0x556c2b8f74e8 <unknown>\nE       #16 0x556c2b8f76b4 <unknown>\nE       #17 0x556c2b908143 <unknown>\nE       #18 0x7fe0d8e94ac3 <unknown>\n\n.venv/lib/python3.11/site-packages/selenium/webdriver/support/wait.py:95: TimeoutException","steps":[],"attachments":[{"uid":"f54ace9863adc339","name":"public ip address","source":"f54ace9863adc339.txt","type":"text/plain","size":14},{"uid":"bf1bffcb1977a2b","name":"Cookies","source":"bf1bffcb1977a2b.json","type":"application/json","size":2},{"uid":"81a2dbd30a76ba60","name":"Session Storage","source":"81a2dbd30a76ba60.json","type":"application/json","size":2},{"uid":"786eb207a15a8b9c","name":"Local Storage","source":"786eb207a15a8b9c.json","type":"application/json","size":2},{"uid":"1839f4d007e30729","name":"Console Logs","source":"1839f4d007e30729.json","type":"application/json","size":2},{"uid":"1f2454c840e41747","name":"Full Page Screenshot","source":"1f2454c840e41747.png","type":"image/png","size":1496512},{"uid":"16c9e04f12444ee1","name":"URL","source":"16c9e04f12444ee1.uri","type":"text/uri-list","size":25},{"uid":"3873af97d39604e3","name":"Network Logs","source":"3873af97d39604e3.json","type":"application/json","size":13952}],"parameters":[],"shouldDisplayMessage":true,"stepsCount":0,"attachmentsCount":8,"hasContent":true},"afterStages":[],"labels":[{"name":"story","value":"WorkSpaces Creation and Editing Functionality"},{"name":"severity","value":"normal"},{"name":"epic","value":"Workspaces"},{"name":"tag","value":"run(order=2)"},{"name":"parentSuite","value":"tests"},{"name":"suite","value":"test_workspaces"},{"name":"subSuite","value":"TestWorkspaces"},{"name":"host","value":"fv-az615-359"},{"name":"thread","value":"2223-MainThread"},{"name":"framework","value":"pytest"},{"name":"language","value":"cpython3"},{"name":"package","value":"tests.test_workspaces"},{"name":"resultFormat","value":"allure2"}],"parameters":[],"links":[],"hidden":false,"retry":false,"extra":{"severity":"normal","retries":[],"categories":[{"name":"Test defects","matchedStatuses":[],"flaky":false}],"tags":["run(order=2)"]},"source":"9df5eb81f3a095a6.json","parameterValues":[]}