{"uid":"aab2b481be7b71c6","name":"Number of projects displayed in page test","fullName":"tests.test_workspaces.TestWorkspaces#test_number_of_existing_projects","historyId":"ff3981f856ce65274378063348b0abd4","time":{"start":1698627837390,"stop":1698627837390,"duration":0},"description":"Compare between the actual number of projects seen on page and the number shown in workspaces block","descriptionHtml":"<p>Compare between the actual number of projects seen on page and the number shown in workspaces block</p>\n","status":"broken","statusMessage":"selenium.common.exceptions.TimeoutException: Message: \nStacktrace:\n#0 0x559c956b8fb3 <unknown>\n#1 0x559c9538c4a7 <unknown>\n#2 0x559c953d3dd6 <unknown>\n#3 0x559c953d3ec1 <unknown>\n#4 0x559c95411354 <unknown>\n#5 0x559c953f596d <unknown>\n#6 0x559c9540ec02 <unknown>\n#7 0x559c953f5713 <unknown>\n#8 0x559c953c818b <unknown>\n#9 0x559c953c8f7e <unknown>\n#10 0x559c9567e8d8 <unknown>\n#11 0x559c95682800 <unknown>\n#12 0x559c9568ccfc <unknown>\n#13 0x559c95683418 <unknown>\n#14 0x559c9565042f <unknown>\n#15 0x559c956a74e8 <unknown>\n#16 0x559c956a76b4 <unknown>\n#17 0x559c956b8143 <unknown>\n#18 0x7f5aed894ac3 <unknown>","statusTrace":"self = <tests.test_workspaces.TestWorkspaces object at 0x7f4259d65250>\nsecret_data = {'email': '', 'password': ''}\n\n    @pytest.fixture(autouse=True)\n    def setup_method_fixture(self, secret_data: dict):\n>       login(secret_data, self.about_page, self.login_page)\n\ntests/test_workspaces.py:23: \n_ _ _ _ _ _ _ _ _ _ _ _ _ _ _ _ _ _ _ _ _ _ _ _ _ _ _ _ _ _ _ _ _ _ _ _ _ _ _ _ \ntests/test_workspaces.py:13: in login\n    about_page.click_login_link()\npages/about_page.py:20: in click_login_link\n    self.click(self.LOGIN_LINK)\npages/base_page.py:38: in click\n    el: WebElement = self.wait.until(\n_ _ _ _ _ _ _ _ _ _ _ _ _ _ _ _ _ _ _ _ _ _ _ _ _ _ _ _ _ _ _ _ _ _ _ _ _ _ _ _ \n\nself = <selenium.webdriver.support.wait.WebDriverWait (session=\"e45e0ec4b8f4fc39323388848a3dede9\")>\nmethod = <function element_to_be_clickable.<locals>._predicate at 0x7f4259c199e0>\nmessage = ''\n\n    def until(self, method, message: str = \"\"):\n        \"\"\"Calls the method provided with the driver as an argument until the \\\n        return value does not evaluate to ``False``.\n    \n        :param method: callable(WebDriver)\n        :param message: optional message for :exc:`TimeoutException`\n        :returns: the result of the last call to `method`\n        :raises: :exc:`selenium.common.exceptions.TimeoutException` if timeout occurs\n        \"\"\"\n        screen = None\n        stacktrace = None\n    \n        end_time = time.monotonic() + self._timeout\n        while True:\n            try:\n                value = method(self._driver)\n                if value:\n                    return value\n            except self._ignored_exceptions as exc:\n                screen = getattr(exc, \"screen\", None)\n                stacktrace = getattr(exc, \"stacktrace\", None)\n            time.sleep(self._poll)\n            if time.monotonic() > end_time:\n                break\n>       raise TimeoutException(message, screen, stacktrace)\nE       selenium.common.exceptions.TimeoutException: Message: \nE       Stacktrace:\nE       #0 0x559c956b8fb3 <unknown>\nE       #1 0x559c9538c4a7 <unknown>\nE       #2 0x559c953d3dd6 <unknown>\nE       #3 0x559c953d3ec1 <unknown>\nE       #4 0x559c95411354 <unknown>\nE       #5 0x559c953f596d <unknown>\nE       #6 0x559c9540ec02 <unknown>\nE       #7 0x559c953f5713 <unknown>\nE       #8 0x559c953c818b <unknown>\nE       #9 0x559c953c8f7e <unknown>\nE       #10 0x559c9567e8d8 <unknown>\nE       #11 0x559c95682800 <unknown>\nE       #12 0x559c9568ccfc <unknown>\nE       #13 0x559c95683418 <unknown>\nE       #14 0x559c9565042f <unknown>\nE       #15 0x559c956a74e8 <unknown>\nE       #16 0x559c956a76b4 <unknown>\nE       #17 0x559c956b8143 <unknown>\nE       #18 0x7f5aed894ac3 <unknown>\n\n.venv/lib/python3.11/site-packages/selenium/webdriver/support/wait.py:95: TimeoutException","flaky":false,"newFailed":false,"newBroken":false,"newPassed":false,"retriesCount":0,"retriesStatusChange":false,"beforeStages":[{"name":"base_url","time":{"start":1698627744566,"stop":1698627744566,"duration":0},"status":"passed","steps":[],"attachments":[],"parameters":[],"shouldDisplayMessage":false,"stepsCount":0,"attachmentsCount":0,"hasContent":false},{"name":"_verify_url","time":{"start":1698627744566,"stop":1698627744567,"duration":1},"status":"passed","steps":[],"attachments":[],"parameters":[],"shouldDisplayMessage":false,"stepsCount":0,"attachmentsCount":0,"hasContent":false},{"name":"secret_data","time":{"start":1698627744567,"stop":1698627744568,"duration":1},"status":"passed","steps":[],"attachments":[],"parameters":[],"shouldDisplayMessage":false,"stepsCount":0,"attachmentsCount":0,"hasContent":false},{"name":"setup_method_fixture","time":{"start":1698627838987,"stop":1698627849329,"duration":10342},"status":"broken","statusMessage":"selenium.common.exceptions.TimeoutException: Message: \nStacktrace:\n#0 0x559c956b8fb3 <unknown>\n#1 0x559c9538c4a7 <unknown>\n#2 0x559c953d3dd6 <unknown>\n#3 0x559c953d3ec1 <unknown>\n#4 0x559c95411354 <unknown>\n#5 0x559c953f596d <unknown>\n#6 0x559c9540ec02 <unknown>\n#7 0x559c953f5713 <unknown>\n#8 0x559c953c818b <unknown>\n#9 0x559c953c8f7e <unknown>\n#10 0x559c9567e8d8 <unknown>\n#11 0x559c95682800 <unknown>\n#12 0x559c9568ccfc <unknown>\n#13 0x559c95683418 <unknown>\n#14 0x559c9565042f <unknown>\n#15 0x559c956a74e8 <unknown>\n#16 0x559c956a76b4 <unknown>\n#17 0x559c956b8143 <unknown>\n#18 0x7f5aed894ac3 <unknown>\n\n","statusTrace":"  File \"/home/runner/work/kisangateway-test/kisangateway-test/.venv/lib/python3.11/site-packages/pluggy/_callers.py\", line 80, in _multicall\n    res = hook_impl.function(*args)\n          ^^^^^^^^^^^^^^^^^^^^^^^^^\n  File \"/home/runner/work/kisangateway-test/kisangateway-test/.venv/lib/python3.11/site-packages/_pytest/fixtures.py\", line 1123, in pytest_fixture_setup\n    result = call_fixture_func(fixturefunc, request, kwargs)\n             ^^^^^^^^^^^^^^^^^^^^^^^^^^^^^^^^^^^^^^^^^^^^^^^\n  File \"/home/runner/work/kisangateway-test/kisangateway-test/.venv/lib/python3.11/site-packages/_pytest/fixtures.py\", line 902, in call_fixture_func\n    fixture_result = fixturefunc(**kwargs)\n                     ^^^^^^^^^^^^^^^^^^^^^\n  File \"/home/runner/work/kisangateway-test/kisangateway-test/tests/test_workspaces.py\", line 23, in setup_method_fixture\n    login(secret_data, self.about_page, self.login_page)\n  File \"/home/runner/work/kisangateway-test/kisangateway-test/tests/test_workspaces.py\", line 13, in login\n    about_page.click_login_link()\n  File \"/home/runner/work/kisangateway-test/kisangateway-test/.venv/lib/python3.11/site-packages/allure_commons/_allure.py\", line 192, in impl\n    return func(*a, **kw)\n           ^^^^^^^^^^^^^^\n  File \"/home/runner/work/kisangateway-test/kisangateway-test/pages/about_page.py\", line 20, in click_login_link\n    self.click(self.LOGIN_LINK)\n  File \"/home/runner/work/kisangateway-test/kisangateway-test/pages/base_page.py\", line 38, in click\n    el: WebElement = self.wait.until(\n                     ^^^^^^^^^^^^^^^^\n  File \"/home/runner/work/kisangateway-test/kisangateway-test/.venv/lib/python3.11/site-packages/selenium/webdriver/support/wait.py\", line 95, in until\n    raise TimeoutException(message, screen, stacktrace)\n","steps":[{"name":"Click Login link","time":{"start":1698627838987,"stop":1698627849328,"duration":10341},"status":"broken","statusMessage":"selenium.common.exceptions.TimeoutException: Message: \nStacktrace:\n#0 0x559c956b8fb3 <unknown>\n#1 0x559c9538c4a7 <unknown>\n#2 0x559c953d3dd6 <unknown>\n#3 0x559c953d3ec1 <unknown>\n#4 0x559c95411354 <unknown>\n#5 0x559c953f596d <unknown>\n#6 0x559c9540ec02 <unknown>\n#7 0x559c953f5713 <unknown>\n#8 0x559c953c818b <unknown>\n#9 0x559c953c8f7e <unknown>\n#10 0x559c9567e8d8 <unknown>\n#11 0x559c95682800 <unknown>\n#12 0x559c9568ccfc <unknown>\n#13 0x559c95683418 <unknown>\n#14 0x559c9565042f <unknown>\n#15 0x559c956a74e8 <unknown>\n#16 0x559c956a76b4 <unknown>\n#17 0x559c956b8143 <unknown>\n#18 0x7f5aed894ac3 <unknown>\n\n","statusTrace":"  File \"/home/runner/work/kisangateway-test/kisangateway-test/.venv/lib/python3.11/site-packages/allure_commons/_allure.py\", line 192, in impl\n    return func(*a, **kw)\n           ^^^^^^^^^^^^^^\n  File \"/home/runner/work/kisangateway-test/kisangateway-test/pages/about_page.py\", line 20, in click_login_link\n    self.click(self.LOGIN_LINK)\n  File \"/home/runner/work/kisangateway-test/kisangateway-test/pages/base_page.py\", line 38, in click\n    el: WebElement = self.wait.until(\n                     ^^^^^^^^^^^^^^^^\n  File \"/home/runner/work/kisangateway-test/kisangateway-test/.venv/lib/python3.11/site-packages/selenium/webdriver/support/wait.py\", line 95, in until\n    raise TimeoutException(message, screen, stacktrace)\n","steps":[],"attachments":[],"parameters":[],"shouldDisplayMessage":true,"stepsCount":0,"attachmentsCount":0,"hasContent":true}],"attachments":[],"parameters":[],"shouldDisplayMessage":false,"stepsCount":1,"attachmentsCount":0,"hasContent":true}],"testStage":{"description":"Compare between the actual number of projects seen on page and the number shown in workspaces block","status":"broken","statusMessage":"selenium.common.exceptions.TimeoutException: Message: \nStacktrace:\n#0 0x559c956b8fb3 <unknown>\n#1 0x559c9538c4a7 <unknown>\n#2 0x559c953d3dd6 <unknown>\n#3 0x559c953d3ec1 <unknown>\n#4 0x559c95411354 <unknown>\n#5 0x559c953f596d <unknown>\n#6 0x559c9540ec02 <unknown>\n#7 0x559c953f5713 <unknown>\n#8 0x559c953c818b <unknown>\n#9 0x559c953c8f7e <unknown>\n#10 0x559c9567e8d8 <unknown>\n#11 0x559c95682800 <unknown>\n#12 0x559c9568ccfc <unknown>\n#13 0x559c95683418 <unknown>\n#14 0x559c9565042f <unknown>\n#15 0x559c956a74e8 <unknown>\n#16 0x559c956a76b4 <unknown>\n#17 0x559c956b8143 <unknown>\n#18 0x7f5aed894ac3 <unknown>","statusTrace":"self = <tests.test_workspaces.TestWorkspaces object at 0x7f4259d65250>\nsecret_data = {'email': '', 'password': ''}\n\n    @pytest.fixture(autouse=True)\n    def setup_method_fixture(self, secret_data: dict):\n>       login(secret_data, self.about_page, self.login_page)\n\ntests/test_workspaces.py:23: \n_ _ _ _ _ _ _ _ _ _ _ _ _ _ _ _ _ _ _ _ _ _ _ _ _ _ _ _ _ _ _ _ _ _ _ _ _ _ _ _ \ntests/test_workspaces.py:13: in login\n    about_page.click_login_link()\npages/about_page.py:20: in click_login_link\n    self.click(self.LOGIN_LINK)\npages/base_page.py:38: in click\n    el: WebElement = self.wait.until(\n_ _ _ _ _ _ _ _ _ _ _ _ _ _ _ _ _ _ _ _ _ _ _ _ _ _ _ _ _ _ _ _ _ _ _ _ _ _ _ _ \n\nself = <selenium.webdriver.support.wait.WebDriverWait (session=\"e45e0ec4b8f4fc39323388848a3dede9\")>\nmethod = <function element_to_be_clickable.<locals>._predicate at 0x7f4259c199e0>\nmessage = ''\n\n    def until(self, method, message: str = \"\"):\n        \"\"\"Calls the method provided with the driver as an argument until the \\\n        return value does not evaluate to ``False``.\n    \n        :param method: callable(WebDriver)\n        :param message: optional message for :exc:`TimeoutException`\n        :returns: the result of the last call to `method`\n        :raises: :exc:`selenium.common.exceptions.TimeoutException` if timeout occurs\n        \"\"\"\n        screen = None\n        stacktrace = None\n    \n        end_time = time.monotonic() + self._timeout\n        while True:\n            try:\n                value = method(self._driver)\n                if value:\n                    return value\n            except self._ignored_exceptions as exc:\n                screen = getattr(exc, \"screen\", None)\n                stacktrace = getattr(exc, \"stacktrace\", None)\n            time.sleep(self._poll)\n            if time.monotonic() > end_time:\n                break\n>       raise TimeoutException(message, screen, stacktrace)\nE       selenium.common.exceptions.TimeoutException: Message: \nE       Stacktrace:\nE       #0 0x559c956b8fb3 <unknown>\nE       #1 0x559c9538c4a7 <unknown>\nE       #2 0x559c953d3dd6 <unknown>\nE       #3 0x559c953d3ec1 <unknown>\nE       #4 0x559c95411354 <unknown>\nE       #5 0x559c953f596d <unknown>\nE       #6 0x559c9540ec02 <unknown>\nE       #7 0x559c953f5713 <unknown>\nE       #8 0x559c953c818b <unknown>\nE       #9 0x559c953c8f7e <unknown>\nE       #10 0x559c9567e8d8 <unknown>\nE       #11 0x559c95682800 <unknown>\nE       #12 0x559c9568ccfc <unknown>\nE       #13 0x559c95683418 <unknown>\nE       #14 0x559c9565042f <unknown>\nE       #15 0x559c956a74e8 <unknown>\nE       #16 0x559c956a76b4 <unknown>\nE       #17 0x559c956b8143 <unknown>\nE       #18 0x7f5aed894ac3 <unknown>\n\n.venv/lib/python3.11/site-packages/selenium/webdriver/support/wait.py:95: TimeoutException","steps":[],"attachments":[{"uid":"354b6b4e8299f715","name":"public ip address","source":"354b6b4e8299f715.txt","type":"text/plain","size":14},{"uid":"a9f539e5669bd14c","name":"Cookies","source":"a9f539e5669bd14c.json","type":"application/json","size":2},{"uid":"372e546075a06652","name":"Session Storage","source":"372e546075a06652.json","type":"application/json","size":2},{"uid":"5e36eb606c191be2","name":"Local Storage","source":"5e36eb606c191be2.json","type":"application/json","size":2},{"uid":"be4ce5a9df7bb041","name":"Console Logs","source":"be4ce5a9df7bb041.json","type":"application/json","size":2},{"uid":"ae6ad0958c39af13","name":"Full Page Screenshot","source":"ae6ad0958c39af13.png","type":"image/png","size":1496512},{"uid":"9cca113e787a6fb1","name":"URL","source":"9cca113e787a6fb1.uri","type":"text/uri-list","size":25},{"uid":"a589cba192ae1c43","name":"Network Logs","source":"a589cba192ae1c43.json","type":"application/json","size":14003}],"parameters":[],"shouldDisplayMessage":true,"stepsCount":0,"attachmentsCount":8,"hasContent":true},"afterStages":[],"labels":[{"name":"story","value":"WorkSpaces Creation and Editing Functionality"},{"name":"severity","value":"normal"},{"name":"epic","value":"Workspaces"},{"name":"tag","value":"run(order=4)"},{"name":"parentSuite","value":"tests"},{"name":"suite","value":"test_workspaces"},{"name":"subSuite","value":"TestWorkspaces"},{"name":"host","value":"fv-az615-359"},{"name":"thread","value":"2223-MainThread"},{"name":"framework","value":"pytest"},{"name":"language","value":"cpython3"},{"name":"package","value":"tests.test_workspaces"},{"name":"resultFormat","value":"allure2"}],"parameters":[],"links":[],"hidden":false,"retry":false,"extra":{"severity":"normal","retries":[],"categories":[{"name":"Test defects","matchedStatuses":[],"flaky":false}],"tags":["run(order=4)"]},"source":"aab2b481be7b71c6.json","parameterValues":[]}