{"uid":"981253f9961853fb","name":"Number of projects displayed in page test","fullName":"tests.test_workspaces.TestWorkspaces#test_number_of_existing_projects","historyId":"ff3981f856ce65274378063348b0abd4","time":{"start":1704243900967,"stop":1704243900967,"duration":0},"description":"Compare between the actual number of projects seen on page and the number shown in workspaces block","descriptionHtml":"<p>Compare between the actual number of projects seen on page and the number shown in workspaces block</p>\n","status":"broken","statusMessage":"selenium.common.exceptions.TimeoutException: Message: \nStacktrace:\n#0 0x55b1ef384d33 <unknown>\n#1 0x55b1ef041f87 <unknown>\n#2 0x55b1ef091c0e <unknown>\n#3 0x55b1ef091d11 <unknown>\n#4 0x55b1ef0dd004 <unknown>\n#5 0x55b1ef0bb36d <unknown>\n#6 0x55b1ef0da297 <unknown>\n#7 0x55b1ef0bb0e3 <unknown>\n#8 0x55b1ef083044 <unknown>\n#9 0x55b1ef08444e <unknown>\n#10 0x55b1ef349861 <unknown>\n#11 0x55b1ef34d785 <unknown>\n#12 0x55b1ef337285 <unknown>\n#13 0x55b1ef34e41f <unknown>\n#14 0x55b1ef31b20f <unknown>\n#15 0x55b1ef372028 <unknown>\n#16 0x55b1ef3721f7 <unknown>\n#17 0x55b1ef383ed4 <unknown>\n#18 0x7f142b094ac3 <unknown>","statusTrace":"self = <tests.test_workspaces.TestWorkspaces object at 0x7f4b88d5b8d0>\nsecret_data = {'email': '', 'password': ''}\n\n    @pytest.fixture(autouse=True)\n    def setup_method_fixture(self, secret_data: dict):\n>       login(secret_data, self.about_page, self.login_page)\n\ntests/test_workspaces.py:23: \n_ _ _ _ _ _ _ _ _ _ _ _ _ _ _ _ _ _ _ _ _ _ _ _ _ _ _ _ _ _ _ _ _ _ _ _ _ _ _ _ \ntests/test_workspaces.py:13: in login\n    about_page.click_login_link()\npages/about_page.py:20: in click_login_link\n    self.click(self.LOGIN_LINK)\npages/base_page.py:38: in click\n    el: WebElement = self.wait.until(\n_ _ _ _ _ _ _ _ _ _ _ _ _ _ _ _ _ _ _ _ _ _ _ _ _ _ _ _ _ _ _ _ _ _ _ _ _ _ _ _ \n\nself = <selenium.webdriver.support.wait.WebDriverWait (session=\"6a3d8b2c347e8630964c40f27b43be5e\")>\nmethod = <function element_to_be_clickable.<locals>._predicate at 0x7f4b887a0d60>\nmessage = ''\n\n    def until(self, method, message: str = \"\"):\n        \"\"\"Calls the method provided with the driver as an argument until the \\\n        return value does not evaluate to ``False``.\n    \n        :param method: callable(WebDriver)\n        :param message: optional message for :exc:`TimeoutException`\n        :returns: the result of the last call to `method`\n        :raises: :exc:`selenium.common.exceptions.TimeoutException` if timeout occurs\n        \"\"\"\n        screen = None\n        stacktrace = None\n    \n        end_time = time.monotonic() + self._timeout\n        while True:\n            try:\n                value = method(self._driver)\n                if value:\n                    return value\n            except self._ignored_exceptions as exc:\n                screen = getattr(exc, \"screen\", None)\n                stacktrace = getattr(exc, \"stacktrace\", None)\n            time.sleep(self._poll)\n            if time.monotonic() > end_time:\n                break\n>       raise TimeoutException(message, screen, stacktrace)\nE       selenium.common.exceptions.TimeoutException: Message: \nE       Stacktrace:\nE       #0 0x55b1ef384d33 <unknown>\nE       #1 0x55b1ef041f87 <unknown>\nE       #2 0x55b1ef091c0e <unknown>\nE       #3 0x55b1ef091d11 <unknown>\nE       #4 0x55b1ef0dd004 <unknown>\nE       #5 0x55b1ef0bb36d <unknown>\nE       #6 0x55b1ef0da297 <unknown>\nE       #7 0x55b1ef0bb0e3 <unknown>\nE       #8 0x55b1ef083044 <unknown>\nE       #9 0x55b1ef08444e <unknown>\nE       #10 0x55b1ef349861 <unknown>\nE       #11 0x55b1ef34d785 <unknown>\nE       #12 0x55b1ef337285 <unknown>\nE       #13 0x55b1ef34e41f <unknown>\nE       #14 0x55b1ef31b20f <unknown>\nE       #15 0x55b1ef372028 <unknown>\nE       #16 0x55b1ef3721f7 <unknown>\nE       #17 0x55b1ef383ed4 <unknown>\nE       #18 0x7f142b094ac3 <unknown>\n\n.venv/lib/python3.11/site-packages/selenium/webdriver/support/wait.py:95: TimeoutException","flaky":false,"newFailed":false,"newBroken":false,"newPassed":false,"retriesCount":0,"retriesStatusChange":false,"beforeStages":[{"name":"secret_data","time":{"start":1704243814573,"stop":1704243814573,"duration":0},"status":"passed","steps":[],"attachments":[],"parameters":[],"shouldDisplayMessage":false,"stepsCount":0,"attachmentsCount":0,"hasContent":false,"attachmentStep":false},{"name":"_verify_url","time":{"start":1704243814573,"stop":1704243814573,"duration":0},"status":"passed","steps":[],"attachments":[],"parameters":[],"shouldDisplayMessage":false,"stepsCount":0,"attachmentsCount":0,"hasContent":false,"attachmentStep":false},{"name":"base_url","time":{"start":1704243814573,"stop":1704243814573,"duration":0},"status":"passed","steps":[],"attachments":[],"parameters":[],"shouldDisplayMessage":false,"stepsCount":0,"attachmentsCount":0,"hasContent":false,"attachmentStep":false},{"name":"setup_method_fixture","time":{"start":1704243902083,"stop":1704243912249,"duration":10166},"status":"broken","statusMessage":"selenium.common.exceptions.TimeoutException: Message: \nStacktrace:\n#0 0x55b1ef384d33 <unknown>\n#1 0x55b1ef041f87 <unknown>\n#2 0x55b1ef091c0e <unknown>\n#3 0x55b1ef091d11 <unknown>\n#4 0x55b1ef0dd004 <unknown>\n#5 0x55b1ef0bb36d <unknown>\n#6 0x55b1ef0da297 <unknown>\n#7 0x55b1ef0bb0e3 <unknown>\n#8 0x55b1ef083044 <unknown>\n#9 0x55b1ef08444e <unknown>\n#10 0x55b1ef349861 <unknown>\n#11 0x55b1ef34d785 <unknown>\n#12 0x55b1ef337285 <unknown>\n#13 0x55b1ef34e41f <unknown>\n#14 0x55b1ef31b20f <unknown>\n#15 0x55b1ef372028 <unknown>\n#16 0x55b1ef3721f7 <unknown>\n#17 0x55b1ef383ed4 <unknown>\n#18 0x7f142b094ac3 <unknown>\n\n","statusTrace":"  File \"/home/runner/work/kisangateway-test/kisangateway-test/.venv/lib/python3.11/site-packages/pluggy/_callers.py\", line 80, in _multicall\n    res = hook_impl.function(*args)\n          ^^^^^^^^^^^^^^^^^^^^^^^^^\n  File \"/home/runner/work/kisangateway-test/kisangateway-test/.venv/lib/python3.11/site-packages/_pytest/fixtures.py\", line 1123, in pytest_fixture_setup\n    result = call_fixture_func(fixturefunc, request, kwargs)\n             ^^^^^^^^^^^^^^^^^^^^^^^^^^^^^^^^^^^^^^^^^^^^^^^\n  File \"/home/runner/work/kisangateway-test/kisangateway-test/.venv/lib/python3.11/site-packages/_pytest/fixtures.py\", line 902, in call_fixture_func\n    fixture_result = fixturefunc(**kwargs)\n                     ^^^^^^^^^^^^^^^^^^^^^\n  File \"/home/runner/work/kisangateway-test/kisangateway-test/tests/test_workspaces.py\", line 23, in setup_method_fixture\n    login(secret_data, self.about_page, self.login_page)\n  File \"/home/runner/work/kisangateway-test/kisangateway-test/tests/test_workspaces.py\", line 13, in login\n    about_page.click_login_link()\n  File \"/home/runner/work/kisangateway-test/kisangateway-test/.venv/lib/python3.11/site-packages/allure_commons/_allure.py\", line 192, in impl\n    return func(*a, **kw)\n           ^^^^^^^^^^^^^^\n  File \"/home/runner/work/kisangateway-test/kisangateway-test/pages/about_page.py\", line 20, in click_login_link\n    self.click(self.LOGIN_LINK)\n  File \"/home/runner/work/kisangateway-test/kisangateway-test/pages/base_page.py\", line 38, in click\n    el: WebElement = self.wait.until(\n                     ^^^^^^^^^^^^^^^^\n  File \"/home/runner/work/kisangateway-test/kisangateway-test/.venv/lib/python3.11/site-packages/selenium/webdriver/support/wait.py\", line 95, in until\n    raise TimeoutException(message, screen, stacktrace)\n","steps":[{"name":"Click Login link","time":{"start":1704243902083,"stop":1704243912248,"duration":10165},"status":"broken","statusMessage":"selenium.common.exceptions.TimeoutException: Message: \nStacktrace:\n#0 0x55b1ef384d33 <unknown>\n#1 0x55b1ef041f87 <unknown>\n#2 0x55b1ef091c0e <unknown>\n#3 0x55b1ef091d11 <unknown>\n#4 0x55b1ef0dd004 <unknown>\n#5 0x55b1ef0bb36d <unknown>\n#6 0x55b1ef0da297 <unknown>\n#7 0x55b1ef0bb0e3 <unknown>\n#8 0x55b1ef083044 <unknown>\n#9 0x55b1ef08444e <unknown>\n#10 0x55b1ef349861 <unknown>\n#11 0x55b1ef34d785 <unknown>\n#12 0x55b1ef337285 <unknown>\n#13 0x55b1ef34e41f <unknown>\n#14 0x55b1ef31b20f <unknown>\n#15 0x55b1ef372028 <unknown>\n#16 0x55b1ef3721f7 <unknown>\n#17 0x55b1ef383ed4 <unknown>\n#18 0x7f142b094ac3 <unknown>\n\n","statusTrace":"  File \"/home/runner/work/kisangateway-test/kisangateway-test/.venv/lib/python3.11/site-packages/allure_commons/_allure.py\", line 192, in impl\n    return func(*a, **kw)\n           ^^^^^^^^^^^^^^\n  File \"/home/runner/work/kisangateway-test/kisangateway-test/pages/about_page.py\", line 20, in click_login_link\n    self.click(self.LOGIN_LINK)\n  File \"/home/runner/work/kisangateway-test/kisangateway-test/pages/base_page.py\", line 38, in click\n    el: WebElement = self.wait.until(\n                     ^^^^^^^^^^^^^^^^\n  File \"/home/runner/work/kisangateway-test/kisangateway-test/.venv/lib/python3.11/site-packages/selenium/webdriver/support/wait.py\", line 95, in until\n    raise TimeoutException(message, screen, stacktrace)\n","steps":[],"attachments":[],"parameters":[],"shouldDisplayMessage":true,"stepsCount":0,"attachmentsCount":0,"hasContent":true,"attachmentStep":false}],"attachments":[],"parameters":[],"shouldDisplayMessage":false,"stepsCount":1,"attachmentsCount":0,"hasContent":true,"attachmentStep":false}],"testStage":{"description":"Compare between the actual number of projects seen on page and the number shown in workspaces block","status":"broken","statusMessage":"selenium.common.exceptions.TimeoutException: Message: \nStacktrace:\n#0 0x55b1ef384d33 <unknown>\n#1 0x55b1ef041f87 <unknown>\n#2 0x55b1ef091c0e <unknown>\n#3 0x55b1ef091d11 <unknown>\n#4 0x55b1ef0dd004 <unknown>\n#5 0x55b1ef0bb36d <unknown>\n#6 0x55b1ef0da297 <unknown>\n#7 0x55b1ef0bb0e3 <unknown>\n#8 0x55b1ef083044 <unknown>\n#9 0x55b1ef08444e <unknown>\n#10 0x55b1ef349861 <unknown>\n#11 0x55b1ef34d785 <unknown>\n#12 0x55b1ef337285 <unknown>\n#13 0x55b1ef34e41f <unknown>\n#14 0x55b1ef31b20f <unknown>\n#15 0x55b1ef372028 <unknown>\n#16 0x55b1ef3721f7 <unknown>\n#17 0x55b1ef383ed4 <unknown>\n#18 0x7f142b094ac3 <unknown>","statusTrace":"self = <tests.test_workspaces.TestWorkspaces object at 0x7f4b88d5b8d0>\nsecret_data = {'email': '', 'password': ''}\n\n    @pytest.fixture(autouse=True)\n    def setup_method_fixture(self, secret_data: dict):\n>       login(secret_data, self.about_page, self.login_page)\n\ntests/test_workspaces.py:23: \n_ _ _ _ _ _ _ _ _ _ _ _ _ _ _ _ _ _ _ _ _ _ _ _ _ _ _ _ _ _ _ _ _ _ _ _ _ _ _ _ \ntests/test_workspaces.py:13: in login\n    about_page.click_login_link()\npages/about_page.py:20: in click_login_link\n    self.click(self.LOGIN_LINK)\npages/base_page.py:38: in click\n    el: WebElement = self.wait.until(\n_ _ _ _ _ _ _ _ _ _ _ _ _ _ _ _ _ _ _ _ _ _ _ _ _ _ _ _ _ _ _ _ _ _ _ _ _ _ _ _ \n\nself = <selenium.webdriver.support.wait.WebDriverWait (session=\"6a3d8b2c347e8630964c40f27b43be5e\")>\nmethod = <function element_to_be_clickable.<locals>._predicate at 0x7f4b887a0d60>\nmessage = ''\n\n    def until(self, method, message: str = \"\"):\n        \"\"\"Calls the method provided with the driver as an argument until the \\\n        return value does not evaluate to ``False``.\n    \n        :param method: callable(WebDriver)\n        :param message: optional message for :exc:`TimeoutException`\n        :returns: the result of the last call to `method`\n        :raises: :exc:`selenium.common.exceptions.TimeoutException` if timeout occurs\n        \"\"\"\n        screen = None\n        stacktrace = None\n    \n        end_time = time.monotonic() + self._timeout\n        while True:\n            try:\n                value = method(self._driver)\n                if value:\n                    return value\n            except self._ignored_exceptions as exc:\n                screen = getattr(exc, \"screen\", None)\n                stacktrace = getattr(exc, \"stacktrace\", None)\n            time.sleep(self._poll)\n            if time.monotonic() > end_time:\n                break\n>       raise TimeoutException(message, screen, stacktrace)\nE       selenium.common.exceptions.TimeoutException: Message: \nE       Stacktrace:\nE       #0 0x55b1ef384d33 <unknown>\nE       #1 0x55b1ef041f87 <unknown>\nE       #2 0x55b1ef091c0e <unknown>\nE       #3 0x55b1ef091d11 <unknown>\nE       #4 0x55b1ef0dd004 <unknown>\nE       #5 0x55b1ef0bb36d <unknown>\nE       #6 0x55b1ef0da297 <unknown>\nE       #7 0x55b1ef0bb0e3 <unknown>\nE       #8 0x55b1ef083044 <unknown>\nE       #9 0x55b1ef08444e <unknown>\nE       #10 0x55b1ef349861 <unknown>\nE       #11 0x55b1ef34d785 <unknown>\nE       #12 0x55b1ef337285 <unknown>\nE       #13 0x55b1ef34e41f <unknown>\nE       #14 0x55b1ef31b20f <unknown>\nE       #15 0x55b1ef372028 <unknown>\nE       #16 0x55b1ef3721f7 <unknown>\nE       #17 0x55b1ef383ed4 <unknown>\nE       #18 0x7f142b094ac3 <unknown>\n\n.venv/lib/python3.11/site-packages/selenium/webdriver/support/wait.py:95: TimeoutException","steps":[],"attachments":[{"uid":"fcc3fede584b8510","name":"public ip address","source":"fcc3fede584b8510.txt","type":"text/plain","size":11},{"uid":"bc27f9feb7c1b18e","name":"Cookies","source":"bc27f9feb7c1b18e.json","type":"application/json","size":2},{"uid":"f09d77eb92727c99","name":"Session Storage","source":"f09d77eb92727c99.json","type":"application/json","size":2},{"uid":"c3e1f1702465678e","name":"Local Storage","source":"c3e1f1702465678e.json","type":"application/json","size":2},{"uid":"786281831c33f7b9","name":"Console Logs","source":"786281831c33f7b9.json","type":"application/json","size":2},{"uid":"cc0711a92aa64a96","name":"Full Page Screenshot","source":"cc0711a92aa64a96.png","type":"image/png","size":2655641},{"uid":"ee065d489932db52","name":"URL","source":"ee065d489932db52.uri","type":"text/uri-list","size":25},{"uid":"8610db3fb4b675c0","name":"Network Logs","source":"8610db3fb4b675c0.json","type":"application/json","size":14526}],"parameters":[],"shouldDisplayMessage":true,"stepsCount":0,"attachmentsCount":8,"hasContent":true,"attachmentStep":false},"afterStages":[],"labels":[{"name":"severity","value":"normal"},{"name":"epic","value":"Workspaces"},{"name":"story","value":"WorkSpaces Creation and Editing Functionality"},{"name":"tag","value":"run(order=4)"},{"name":"parentSuite","value":"tests"},{"name":"suite","value":"test_workspaces"},{"name":"subSuite","value":"TestWorkspaces"},{"name":"host","value":"fv-az711-922"},{"name":"thread","value":"2234-MainThread"},{"name":"framework","value":"pytest"},{"name":"language","value":"cpython3"},{"name":"package","value":"tests.test_workspaces"},{"name":"resultFormat","value":"allure2"}],"parameters":[],"links":[],"hidden":false,"retry":false,"extra":{"severity":"normal","retries":[],"categories":[{"name":"Test defects","matchedStatuses":[],"flaky":false}],"tags":["run(order=4)"]},"source":"981253f9961853fb.json","parameterValues":[]}