{"uid":"fe0b88e6f76534a4","name":"Cancel a project deletion","fullName":"tests.test_workspaces.TestWorkspaces#test_cancel_project_deletion","historyId":"73e48f11612b8be9a40ce0a427a468f9","time":{"start":1704243950774,"stop":1704243950774,"duration":0},"description":"Cancel project deletion","descriptionHtml":"<p>Cancel project deletion</p>\n","status":"broken","statusMessage":"selenium.common.exceptions.TimeoutException: Message: \nStacktrace:\n#0 0x5637ce031d33 <unknown>\n#1 0x5637cdceef87 <unknown>\n#2 0x5637cdd3ec0e <unknown>\n#3 0x5637cdd3ed11 <unknown>\n#4 0x5637cdd8a004 <unknown>\n#5 0x5637cdd6836d <unknown>\n#6 0x5637cdd87297 <unknown>\n#7 0x5637cdd680e3 <unknown>\n#8 0x5637cdd30044 <unknown>\n#9 0x5637cdd3144e <unknown>\n#10 0x5637cdff6861 <unknown>\n#11 0x5637cdffa785 <unknown>\n#12 0x5637cdfe4285 <unknown>\n#13 0x5637cdffb41f <unknown>\n#14 0x5637cdfc820f <unknown>\n#15 0x5637ce01f028 <unknown>\n#16 0x5637ce01f1f7 <unknown>\n#17 0x5637ce030ed4 <unknown>\n#18 0x7fe1fe294ac3 <unknown>","statusTrace":"self = <tests.test_workspaces.TestWorkspaces object at 0x7f4b88b04a50>\nsecret_data = {'email': '', 'password': ''}\n\n    @pytest.fixture(autouse=True)\n    def setup_method_fixture(self, secret_data: dict):\n>       login(secret_data, self.about_page, self.login_page)\n\ntests/test_workspaces.py:23: \n_ _ _ _ _ _ _ _ _ _ _ _ _ _ _ _ _ _ _ _ _ _ _ _ _ _ _ _ _ _ _ _ _ _ _ _ _ _ _ _ \ntests/test_workspaces.py:13: in login\n    about_page.click_login_link()\npages/about_page.py:20: in click_login_link\n    self.click(self.LOGIN_LINK)\npages/base_page.py:38: in click\n    el: WebElement = self.wait.until(\n_ _ _ _ _ _ _ _ _ _ _ _ _ _ _ _ _ _ _ _ _ _ _ _ _ _ _ _ _ _ _ _ _ _ _ _ _ _ _ _ \n\nself = <selenium.webdriver.support.wait.WebDriverWait (session=\"2ff1bd9425ff7d0b7db8c72ea997d702\")>\nmethod = <function element_to_be_clickable.<locals>._predicate at 0x7f4b887a23e0>\nmessage = ''\n\n    def until(self, method, message: str = \"\"):\n        \"\"\"Calls the method provided with the driver as an argument until the \\\n        return value does not evaluate to ``False``.\n    \n        :param method: callable(WebDriver)\n        :param message: optional message for :exc:`TimeoutException`\n        :returns: the result of the last call to `method`\n        :raises: :exc:`selenium.common.exceptions.TimeoutException` if timeout occurs\n        \"\"\"\n        screen = None\n        stacktrace = None\n    \n        end_time = time.monotonic() + self._timeout\n        while True:\n            try:\n                value = method(self._driver)\n                if value:\n                    return value\n            except self._ignored_exceptions as exc:\n                screen = getattr(exc, \"screen\", None)\n                stacktrace = getattr(exc, \"stacktrace\", None)\n            time.sleep(self._poll)\n            if time.monotonic() > end_time:\n                break\n>       raise TimeoutException(message, screen, stacktrace)\nE       selenium.common.exceptions.TimeoutException: Message: \nE       Stacktrace:\nE       #0 0x5637ce031d33 <unknown>\nE       #1 0x5637cdceef87 <unknown>\nE       #2 0x5637cdd3ec0e <unknown>\nE       #3 0x5637cdd3ed11 <unknown>\nE       #4 0x5637cdd8a004 <unknown>\nE       #5 0x5637cdd6836d <unknown>\nE       #6 0x5637cdd87297 <unknown>\nE       #7 0x5637cdd680e3 <unknown>\nE       #8 0x5637cdd30044 <unknown>\nE       #9 0x5637cdd3144e <unknown>\nE       #10 0x5637cdff6861 <unknown>\nE       #11 0x5637cdffa785 <unknown>\nE       #12 0x5637cdfe4285 <unknown>\nE       #13 0x5637cdffb41f <unknown>\nE       #14 0x5637cdfc820f <unknown>\nE       #15 0x5637ce01f028 <unknown>\nE       #16 0x5637ce01f1f7 <unknown>\nE       #17 0x5637ce030ed4 <unknown>\nE       #18 0x7fe1fe294ac3 <unknown>\n\n.venv/lib/python3.11/site-packages/selenium/webdriver/support/wait.py:95: TimeoutException","flaky":false,"newFailed":false,"newBroken":false,"newPassed":false,"retriesCount":0,"retriesStatusChange":false,"beforeStages":[{"name":"secret_data","time":{"start":1704243814573,"stop":1704243814573,"duration":0},"status":"passed","steps":[],"attachments":[],"parameters":[],"shouldDisplayMessage":false,"stepsCount":0,"attachmentsCount":0,"hasContent":false,"attachmentStep":false},{"name":"_verify_url","time":{"start":1704243814573,"stop":1704243814573,"duration":0},"status":"passed","steps":[],"attachments":[],"parameters":[],"shouldDisplayMessage":false,"stepsCount":0,"attachmentsCount":0,"hasContent":false,"attachmentStep":false},{"name":"json_data","time":{"start":1704243814573,"stop":1704243814573,"duration":0},"status":"passed","steps":[],"attachments":[],"parameters":[],"shouldDisplayMessage":false,"stepsCount":0,"attachmentsCount":0,"hasContent":false,"attachmentStep":false},{"name":"base_url","time":{"start":1704243814573,"stop":1704243814573,"duration":0},"status":"passed","steps":[],"attachments":[],"parameters":[],"shouldDisplayMessage":false,"stepsCount":0,"attachmentsCount":0,"hasContent":false,"attachmentStep":false},{"name":"setup_method_fixture","time":{"start":1704243951897,"stop":1704243962061,"duration":10164},"status":"broken","statusMessage":"selenium.common.exceptions.TimeoutException: Message: \nStacktrace:\n#0 0x5637ce031d33 <unknown>\n#1 0x5637cdceef87 <unknown>\n#2 0x5637cdd3ec0e <unknown>\n#3 0x5637cdd3ed11 <unknown>\n#4 0x5637cdd8a004 <unknown>\n#5 0x5637cdd6836d <unknown>\n#6 0x5637cdd87297 <unknown>\n#7 0x5637cdd680e3 <unknown>\n#8 0x5637cdd30044 <unknown>\n#9 0x5637cdd3144e <unknown>\n#10 0x5637cdff6861 <unknown>\n#11 0x5637cdffa785 <unknown>\n#12 0x5637cdfe4285 <unknown>\n#13 0x5637cdffb41f <unknown>\n#14 0x5637cdfc820f <unknown>\n#15 0x5637ce01f028 <unknown>\n#16 0x5637ce01f1f7 <unknown>\n#17 0x5637ce030ed4 <unknown>\n#18 0x7fe1fe294ac3 <unknown>\n\n","statusTrace":"  File \"/home/runner/work/kisangateway-test/kisangateway-test/.venv/lib/python3.11/site-packages/pluggy/_callers.py\", line 80, in _multicall\n    res = hook_impl.function(*args)\n          ^^^^^^^^^^^^^^^^^^^^^^^^^\n  File \"/home/runner/work/kisangateway-test/kisangateway-test/.venv/lib/python3.11/site-packages/_pytest/fixtures.py\", line 1123, in pytest_fixture_setup\n    result = call_fixture_func(fixturefunc, request, kwargs)\n             ^^^^^^^^^^^^^^^^^^^^^^^^^^^^^^^^^^^^^^^^^^^^^^^\n  File \"/home/runner/work/kisangateway-test/kisangateway-test/.venv/lib/python3.11/site-packages/_pytest/fixtures.py\", line 902, in call_fixture_func\n    fixture_result = fixturefunc(**kwargs)\n                     ^^^^^^^^^^^^^^^^^^^^^\n  File \"/home/runner/work/kisangateway-test/kisangateway-test/tests/test_workspaces.py\", line 23, in setup_method_fixture\n    login(secret_data, self.about_page, self.login_page)\n  File \"/home/runner/work/kisangateway-test/kisangateway-test/tests/test_workspaces.py\", line 13, in login\n    about_page.click_login_link()\n  File \"/home/runner/work/kisangateway-test/kisangateway-test/.venv/lib/python3.11/site-packages/allure_commons/_allure.py\", line 192, in impl\n    return func(*a, **kw)\n           ^^^^^^^^^^^^^^\n  File \"/home/runner/work/kisangateway-test/kisangateway-test/pages/about_page.py\", line 20, in click_login_link\n    self.click(self.LOGIN_LINK)\n  File \"/home/runner/work/kisangateway-test/kisangateway-test/pages/base_page.py\", line 38, in click\n    el: WebElement = self.wait.until(\n                     ^^^^^^^^^^^^^^^^\n  File \"/home/runner/work/kisangateway-test/kisangateway-test/.venv/lib/python3.11/site-packages/selenium/webdriver/support/wait.py\", line 95, in until\n    raise TimeoutException(message, screen, stacktrace)\n","steps":[{"name":"Click Login link","time":{"start":1704243951897,"stop":1704243962061,"duration":10164},"status":"broken","statusMessage":"selenium.common.exceptions.TimeoutException: Message: \nStacktrace:\n#0 0x5637ce031d33 <unknown>\n#1 0x5637cdceef87 <unknown>\n#2 0x5637cdd3ec0e <unknown>\n#3 0x5637cdd3ed11 <unknown>\n#4 0x5637cdd8a004 <unknown>\n#5 0x5637cdd6836d <unknown>\n#6 0x5637cdd87297 <unknown>\n#7 0x5637cdd680e3 <unknown>\n#8 0x5637cdd30044 <unknown>\n#9 0x5637cdd3144e <unknown>\n#10 0x5637cdff6861 <unknown>\n#11 0x5637cdffa785 <unknown>\n#12 0x5637cdfe4285 <unknown>\n#13 0x5637cdffb41f <unknown>\n#14 0x5637cdfc820f <unknown>\n#15 0x5637ce01f028 <unknown>\n#16 0x5637ce01f1f7 <unknown>\n#17 0x5637ce030ed4 <unknown>\n#18 0x7fe1fe294ac3 <unknown>\n\n","statusTrace":"  File \"/home/runner/work/kisangateway-test/kisangateway-test/.venv/lib/python3.11/site-packages/allure_commons/_allure.py\", line 192, in impl\n    return func(*a, **kw)\n           ^^^^^^^^^^^^^^\n  File \"/home/runner/work/kisangateway-test/kisangateway-test/pages/about_page.py\", line 20, in click_login_link\n    self.click(self.LOGIN_LINK)\n  File \"/home/runner/work/kisangateway-test/kisangateway-test/pages/base_page.py\", line 38, in click\n    el: WebElement = self.wait.until(\n                     ^^^^^^^^^^^^^^^^\n  File \"/home/runner/work/kisangateway-test/kisangateway-test/.venv/lib/python3.11/site-packages/selenium/webdriver/support/wait.py\", line 95, in until\n    raise TimeoutException(message, screen, stacktrace)\n","steps":[],"attachments":[],"parameters":[],"shouldDisplayMessage":true,"stepsCount":0,"attachmentsCount":0,"hasContent":true,"attachmentStep":false}],"attachments":[],"parameters":[],"shouldDisplayMessage":false,"stepsCount":1,"attachmentsCount":0,"hasContent":true,"attachmentStep":false}],"testStage":{"description":"Cancel project deletion","status":"broken","statusMessage":"selenium.common.exceptions.TimeoutException: Message: \nStacktrace:\n#0 0x5637ce031d33 <unknown>\n#1 0x5637cdceef87 <unknown>\n#2 0x5637cdd3ec0e <unknown>\n#3 0x5637cdd3ed11 <unknown>\n#4 0x5637cdd8a004 <unknown>\n#5 0x5637cdd6836d <unknown>\n#6 0x5637cdd87297 <unknown>\n#7 0x5637cdd680e3 <unknown>\n#8 0x5637cdd30044 <unknown>\n#9 0x5637cdd3144e <unknown>\n#10 0x5637cdff6861 <unknown>\n#11 0x5637cdffa785 <unknown>\n#12 0x5637cdfe4285 <unknown>\n#13 0x5637cdffb41f <unknown>\n#14 0x5637cdfc820f <unknown>\n#15 0x5637ce01f028 <unknown>\n#16 0x5637ce01f1f7 <unknown>\n#17 0x5637ce030ed4 <unknown>\n#18 0x7fe1fe294ac3 <unknown>","statusTrace":"self = <tests.test_workspaces.TestWorkspaces object at 0x7f4b88b04a50>\nsecret_data = {'email': '', 'password': ''}\n\n    @pytest.fixture(autouse=True)\n    def setup_method_fixture(self, secret_data: dict):\n>       login(secret_data, self.about_page, self.login_page)\n\ntests/test_workspaces.py:23: \n_ _ _ _ _ _ _ _ _ _ _ _ _ _ _ _ _ _ _ _ _ _ _ _ _ _ _ _ _ _ _ _ _ _ _ _ _ _ _ _ \ntests/test_workspaces.py:13: in login\n    about_page.click_login_link()\npages/about_page.py:20: in click_login_link\n    self.click(self.LOGIN_LINK)\npages/base_page.py:38: in click\n    el: WebElement = self.wait.until(\n_ _ _ _ _ _ _ _ _ _ _ _ _ _ _ _ _ _ _ _ _ _ _ _ _ _ _ _ _ _ _ _ _ _ _ _ _ _ _ _ \n\nself = <selenium.webdriver.support.wait.WebDriverWait (session=\"2ff1bd9425ff7d0b7db8c72ea997d702\")>\nmethod = <function element_to_be_clickable.<locals>._predicate at 0x7f4b887a23e0>\nmessage = ''\n\n    def until(self, method, message: str = \"\"):\n        \"\"\"Calls the method provided with the driver as an argument until the \\\n        return value does not evaluate to ``False``.\n    \n        :param method: callable(WebDriver)\n        :param message: optional message for :exc:`TimeoutException`\n        :returns: the result of the last call to `method`\n        :raises: :exc:`selenium.common.exceptions.TimeoutException` if timeout occurs\n        \"\"\"\n        screen = None\n        stacktrace = None\n    \n        end_time = time.monotonic() + self._timeout\n        while True:\n            try:\n                value = method(self._driver)\n                if value:\n                    return value\n            except self._ignored_exceptions as exc:\n                screen = getattr(exc, \"screen\", None)\n                stacktrace = getattr(exc, \"stacktrace\", None)\n            time.sleep(self._poll)\n            if time.monotonic() > end_time:\n                break\n>       raise TimeoutException(message, screen, stacktrace)\nE       selenium.common.exceptions.TimeoutException: Message: \nE       Stacktrace:\nE       #0 0x5637ce031d33 <unknown>\nE       #1 0x5637cdceef87 <unknown>\nE       #2 0x5637cdd3ec0e <unknown>\nE       #3 0x5637cdd3ed11 <unknown>\nE       #4 0x5637cdd8a004 <unknown>\nE       #5 0x5637cdd6836d <unknown>\nE       #6 0x5637cdd87297 <unknown>\nE       #7 0x5637cdd680e3 <unknown>\nE       #8 0x5637cdd30044 <unknown>\nE       #9 0x5637cdd3144e <unknown>\nE       #10 0x5637cdff6861 <unknown>\nE       #11 0x5637cdffa785 <unknown>\nE       #12 0x5637cdfe4285 <unknown>\nE       #13 0x5637cdffb41f <unknown>\nE       #14 0x5637cdfc820f <unknown>\nE       #15 0x5637ce01f028 <unknown>\nE       #16 0x5637ce01f1f7 <unknown>\nE       #17 0x5637ce030ed4 <unknown>\nE       #18 0x7fe1fe294ac3 <unknown>\n\n.venv/lib/python3.11/site-packages/selenium/webdriver/support/wait.py:95: TimeoutException","steps":[],"attachments":[{"uid":"405b3c163388495e","name":"public ip address","source":"405b3c163388495e.txt","type":"text/plain","size":11},{"uid":"da8c5a4ff7ddd475","name":"Cookies","source":"da8c5a4ff7ddd475.json","type":"application/json","size":2},{"uid":"16fa17253fff153d","name":"Session Storage","source":"16fa17253fff153d.json","type":"application/json","size":2},{"uid":"79cb3642ed47bc10","name":"Local Storage","source":"79cb3642ed47bc10.json","type":"application/json","size":2},{"uid":"4c40bbd1215c36f6","name":"Console Logs","source":"4c40bbd1215c36f6.json","type":"application/json","size":2},{"uid":"978c9ae4aa4cd24c","name":"Full Page Screenshot","source":"978c9ae4aa4cd24c.png","type":"image/png","size":2655641},{"uid":"7f9c56eb843ebb87","name":"URL","source":"7f9c56eb843ebb87.uri","type":"text/uri-list","size":25},{"uid":"aedc219813278c26","name":"Network Logs","source":"aedc219813278c26.json","type":"application/json","size":14524}],"parameters":[],"shouldDisplayMessage":true,"stepsCount":0,"attachmentsCount":8,"hasContent":true,"attachmentStep":false},"afterStages":[],"labels":[{"name":"severity","value":"normal"},{"name":"epic","value":"Workspaces"},{"name":"story","value":"WorkSpaces Creation and Editing Functionality"},{"name":"tag","value":"run(order=8)"},{"name":"parentSuite","value":"tests"},{"name":"suite","value":"test_workspaces"},{"name":"subSuite","value":"TestWorkspaces"},{"name":"host","value":"fv-az711-922"},{"name":"thread","value":"2234-MainThread"},{"name":"framework","value":"pytest"},{"name":"language","value":"cpython3"},{"name":"package","value":"tests.test_workspaces"},{"name":"resultFormat","value":"allure2"}],"parameters":[],"links":[],"hidden":false,"retry":false,"extra":{"severity":"normal","retries":[],"categories":[{"name":"Test defects","matchedStatuses":[],"flaky":false}],"tags":["run(order=8)"]},"source":"fe0b88e6f76534a4.json","parameterValues":[]}