{"uid":"a9ee5c5aa231dbb8","name":"Login with valid credentials test","fullName":"tests.test_login.TestLogin#test_valid_login","historyId":"e7f254b9bfd5f2bc8d4a1ffa6dc7aebb","time":{"start":1707958833158,"stop":1707958843225,"duration":10067},"description":"valid login","descriptionHtml":"<p>valid login</p>\n","status":"broken","statusMessage":"selenium.common.exceptions.TimeoutException: Message: \nStacktrace:\n#0 0x557c65c4dd93 <unknown>\n#1 0x557c65931337 <unknown>\n#2 0x557c6597cd60 <unknown>\n#3 0x557c6597ce51 <unknown>\n#4 0x557c659c0bc4 <unknown>\n#5 0x557c6599f46d <unknown>\n#6 0x557c659be12d <unknown>\n#7 0x557c6599f1e3 <unknown>\n#8 0x557c6596f135 <unknown>\n#9 0x557c6597013e <unknown>\n#10 0x557c65c11e4b <unknown>\n#11 0x557c65c15dfa <unknown>\n#12 0x557c65bfe6d5 <unknown>\n#13 0x557c65c16a6f <unknown>\n#14 0x557c65be269f <unknown>\n#15 0x557c65c3b098 <unknown>\n#16 0x557c65c3b262 <unknown>\n#17 0x557c65c4cf34 <unknown>\n#18 0x7f4feb894ac3 <unknown>","statusTrace":"self = <tests.test_login.TestLogin object at 0x7efd53dac690>\nsecret_data = {'email': '', 'password': ''}\njson_data = {'forgot_password': {'error_message': \"We can't find a user with that e-mail address.\", 'success_message': 'A reset li...you page', 'name': 'test', 'new_name': 'another test', 'no_project_found_msg': 'No project matches the criteria', ...}}\n\n    @allure.description(\"valid login\")\n    @allure.title(\"Login with valid credentials test\")\n    @allure.tag(\"Tagged test\")\n    @pytest.mark.run(order=1)\n    def test_valid_login(self, secret_data: dict, json_data: dict):\n>       self.about_page.click_login_link()\n\ntests/test_login.py:39: \n_ _ _ _ _ _ _ _ _ _ _ _ _ _ _ _ _ _ _ _ _ _ _ _ _ _ _ _ _ _ _ _ _ _ _ _ _ _ _ _ \npages/about_page.py:20: in click_login_link\n    self.click(self.LOGIN_LINK)\npages/base_page.py:38: in click\n    el: WebElement = self.wait.until(\n_ _ _ _ _ _ _ _ _ _ _ _ _ _ _ _ _ _ _ _ _ _ _ _ _ _ _ _ _ _ _ _ _ _ _ _ _ _ _ _ \n\nself = <selenium.webdriver.support.wait.WebDriverWait (session=\"04f5b2a940681f7c70a7bb3cdb2c939a\")>\nmethod = <function element_to_be_clickable.<locals>._predicate at 0x7efd53d40900>\nmessage = ''\n\n    def until(self, method, message: str = \"\"):\n        \"\"\"Calls the method provided with the driver as an argument until the \\\n        return value does not evaluate to ``False``.\n    \n        :param method: callable(WebDriver)\n        :param message: optional message for :exc:`TimeoutException`\n        :returns: the result of the last call to `method`\n        :raises: :exc:`selenium.common.exceptions.TimeoutException` if timeout occurs\n        \"\"\"\n        screen = None\n        stacktrace = None\n    \n        end_time = time.monotonic() + self._timeout\n        while True:\n            try:\n                value = method(self._driver)\n                if value:\n                    return value\n            except self._ignored_exceptions as exc:\n                screen = getattr(exc, \"screen\", None)\n                stacktrace = getattr(exc, \"stacktrace\", None)\n            time.sleep(self._poll)\n            if time.monotonic() > end_time:\n                break\n>       raise TimeoutException(message, screen, stacktrace)\nE       selenium.common.exceptions.TimeoutException: Message: \nE       Stacktrace:\nE       #0 0x557c65c4dd93 <unknown>\nE       #1 0x557c65931337 <unknown>\nE       #2 0x557c6597cd60 <unknown>\nE       #3 0x557c6597ce51 <unknown>\nE       #4 0x557c659c0bc4 <unknown>\nE       #5 0x557c6599f46d <unknown>\nE       #6 0x557c659be12d <unknown>\nE       #7 0x557c6599f1e3 <unknown>\nE       #8 0x557c6596f135 <unknown>\nE       #9 0x557c6597013e <unknown>\nE       #10 0x557c65c11e4b <unknown>\nE       #11 0x557c65c15dfa <unknown>\nE       #12 0x557c65bfe6d5 <unknown>\nE       #13 0x557c65c16a6f <unknown>\nE       #14 0x557c65be269f <unknown>\nE       #15 0x557c65c3b098 <unknown>\nE       #16 0x557c65c3b262 <unknown>\nE       #17 0x557c65c4cf34 <unknown>\nE       #18 0x7f4feb894ac3 <unknown>\n\n.venv/lib/python3.11/site-packages/selenium/webdriver/support/wait.py:95: TimeoutException","flaky":false,"newFailed":false,"newBroken":false,"newPassed":false,"retriesCount":0,"retriesStatusChange":false,"beforeStages":[{"name":"json_data","time":{"start":1707958833157,"stop":1707958833157,"duration":0},"status":"passed","steps":[],"attachments":[],"parameters":[],"shouldDisplayMessage":false,"stepsCount":0,"attachmentsCount":0,"hasContent":false,"attachmentStep":false},{"name":"_verify_url","time":{"start":1707958833157,"stop":1707958833157,"duration":0},"status":"passed","steps":[],"attachments":[],"parameters":[],"shouldDisplayMessage":false,"stepsCount":0,"attachmentsCount":0,"hasContent":false,"attachmentStep":false},{"name":"secret_data","time":{"start":1707958833157,"stop":1707958833157,"duration":0},"status":"passed","steps":[],"attachments":[],"parameters":[],"shouldDisplayMessage":false,"stepsCount":0,"attachmentsCount":0,"hasContent":false,"attachmentStep":false},{"name":"base_url","time":{"start":1707958833157,"stop":1707958833157,"duration":0},"status":"passed","steps":[],"attachments":[],"parameters":[],"shouldDisplayMessage":false,"stepsCount":0,"attachmentsCount":0,"hasContent":false,"attachmentStep":false}],"testStage":{"description":"valid login","status":"broken","statusMessage":"selenium.common.exceptions.TimeoutException: Message: \nStacktrace:\n#0 0x557c65c4dd93 <unknown>\n#1 0x557c65931337 <unknown>\n#2 0x557c6597cd60 <unknown>\n#3 0x557c6597ce51 <unknown>\n#4 0x557c659c0bc4 <unknown>\n#5 0x557c6599f46d <unknown>\n#6 0x557c659be12d <unknown>\n#7 0x557c6599f1e3 <unknown>\n#8 0x557c6596f135 <unknown>\n#9 0x557c6597013e <unknown>\n#10 0x557c65c11e4b <unknown>\n#11 0x557c65c15dfa <unknown>\n#12 0x557c65bfe6d5 <unknown>\n#13 0x557c65c16a6f <unknown>\n#14 0x557c65be269f <unknown>\n#15 0x557c65c3b098 <unknown>\n#16 0x557c65c3b262 <unknown>\n#17 0x557c65c4cf34 <unknown>\n#18 0x7f4feb894ac3 <unknown>","statusTrace":"self = <tests.test_login.TestLogin object at 0x7efd53dac690>\nsecret_data = {'email': '', 'password': ''}\njson_data = {'forgot_password': {'error_message': \"We can't find a user with that e-mail address.\", 'success_message': 'A reset li...you page', 'name': 'test', 'new_name': 'another test', 'no_project_found_msg': 'No project matches the criteria', ...}}\n\n    @allure.description(\"valid login\")\n    @allure.title(\"Login with valid credentials test\")\n    @allure.tag(\"Tagged test\")\n    @pytest.mark.run(order=1)\n    def test_valid_login(self, secret_data: dict, json_data: dict):\n>       self.about_page.click_login_link()\n\ntests/test_login.py:39: \n_ _ _ _ _ _ _ _ _ _ _ _ _ _ _ _ _ _ _ _ _ _ _ _ _ _ _ _ _ _ _ _ _ _ _ _ _ _ _ _ \npages/about_page.py:20: in click_login_link\n    self.click(self.LOGIN_LINK)\npages/base_page.py:38: in click\n    el: WebElement = self.wait.until(\n_ _ _ _ _ _ _ _ _ _ _ _ _ _ _ _ _ _ _ _ _ _ _ _ _ _ _ _ _ _ _ _ _ _ _ _ _ _ _ _ \n\nself = <selenium.webdriver.support.wait.WebDriverWait (session=\"04f5b2a940681f7c70a7bb3cdb2c939a\")>\nmethod = <function element_to_be_clickable.<locals>._predicate at 0x7efd53d40900>\nmessage = ''\n\n    def until(self, method, message: str = \"\"):\n        \"\"\"Calls the method provided with the driver as an argument until the \\\n        return value does not evaluate to ``False``.\n    \n        :param method: callable(WebDriver)\n        :param message: optional message for :exc:`TimeoutException`\n        :returns: the result of the last call to `method`\n        :raises: :exc:`selenium.common.exceptions.TimeoutException` if timeout occurs\n        \"\"\"\n        screen = None\n        stacktrace = None\n    \n        end_time = time.monotonic() + self._timeout\n        while True:\n            try:\n                value = method(self._driver)\n                if value:\n                    return value\n            except self._ignored_exceptions as exc:\n                screen = getattr(exc, \"screen\", None)\n                stacktrace = getattr(exc, \"stacktrace\", None)\n            time.sleep(self._poll)\n            if time.monotonic() > end_time:\n                break\n>       raise TimeoutException(message, screen, stacktrace)\nE       selenium.common.exceptions.TimeoutException: Message: \nE       Stacktrace:\nE       #0 0x557c65c4dd93 <unknown>\nE       #1 0x557c65931337 <unknown>\nE       #2 0x557c6597cd60 <unknown>\nE       #3 0x557c6597ce51 <unknown>\nE       #4 0x557c659c0bc4 <unknown>\nE       #5 0x557c6599f46d <unknown>\nE       #6 0x557c659be12d <unknown>\nE       #7 0x557c6599f1e3 <unknown>\nE       #8 0x557c6596f135 <unknown>\nE       #9 0x557c6597013e <unknown>\nE       #10 0x557c65c11e4b <unknown>\nE       #11 0x557c65c15dfa <unknown>\nE       #12 0x557c65bfe6d5 <unknown>\nE       #13 0x557c65c16a6f <unknown>\nE       #14 0x557c65be269f <unknown>\nE       #15 0x557c65c3b098 <unknown>\nE       #16 0x557c65c3b262 <unknown>\nE       #17 0x557c65c4cf34 <unknown>\nE       #18 0x7f4feb894ac3 <unknown>\n\n.venv/lib/python3.11/site-packages/selenium/webdriver/support/wait.py:95: TimeoutException","steps":[{"name":"Click Login link","time":{"start":1707958833158,"stop":1707958843224,"duration":10066},"status":"broken","statusMessage":"selenium.common.exceptions.TimeoutException: Message: \nStacktrace:\n#0 0x557c65c4dd93 <unknown>\n#1 0x557c65931337 <unknown>\n#2 0x557c6597cd60 <unknown>\n#3 0x557c6597ce51 <unknown>\n#4 0x557c659c0bc4 <unknown>\n#5 0x557c6599f46d <unknown>\n#6 0x557c659be12d <unknown>\n#7 0x557c6599f1e3 <unknown>\n#8 0x557c6596f135 <unknown>\n#9 0x557c6597013e <unknown>\n#10 0x557c65c11e4b <unknown>\n#11 0x557c65c15dfa <unknown>\n#12 0x557c65bfe6d5 <unknown>\n#13 0x557c65c16a6f <unknown>\n#14 0x557c65be269f <unknown>\n#15 0x557c65c3b098 <unknown>\n#16 0x557c65c3b262 <unknown>\n#17 0x557c65c4cf34 <unknown>\n#18 0x7f4feb894ac3 <unknown>\n\n","statusTrace":"  File \"/home/runner/work/kisangateway-test/kisangateway-test/.venv/lib/python3.11/site-packages/allure_commons/_allure.py\", line 192, in impl\n    return func(*a, **kw)\n           ^^^^^^^^^^^^^^\n  File \"/home/runner/work/kisangateway-test/kisangateway-test/pages/about_page.py\", line 20, in click_login_link\n    self.click(self.LOGIN_LINK)\n  File \"/home/runner/work/kisangateway-test/kisangateway-test/pages/base_page.py\", line 38, in click\n    el: WebElement = self.wait.until(\n                     ^^^^^^^^^^^^^^^^\n  File \"/home/runner/work/kisangateway-test/kisangateway-test/.venv/lib/python3.11/site-packages/selenium/webdriver/support/wait.py\", line 95, in until\n    raise TimeoutException(message, screen, stacktrace)\n","steps":[],"attachments":[],"parameters":[],"shouldDisplayMessage":true,"stepsCount":0,"attachmentsCount":0,"hasContent":true,"attachmentStep":false}],"attachments":[{"uid":"8760cefe7e3f1071","name":"public ip address","source":"8760cefe7e3f1071.txt","type":"text/plain","size":14},{"uid":"90d50c56e92ce24c","name":"Cookies","source":"90d50c56e92ce24c.json","type":"application/json","size":2},{"uid":"37321952528ac373","name":"Session Storage","source":"37321952528ac373.json","type":"application/json","size":2},{"uid":"d861202097ee780","name":"Local Storage","source":"d861202097ee780.json","type":"application/json","size":77},{"uid":"778856fa8f95e8ea","name":"Console Logs","source":"778856fa8f95e8ea.json","type":"application/json","size":599},{"uid":"4539e454afb0e9f4","name":"Full Page Screenshot","source":"4539e454afb0e9f4.png","type":"image/png","size":2477011},{"uid":"71ad15299942f178","name":"URL","source":"71ad15299942f178.uri","type":"text/uri-list","size":25},{"uid":"d6d444bca362de71","name":"Network Logs","source":"d6d444bca362de71.json","type":"application/json","size":1283784}],"parameters":[],"shouldDisplayMessage":true,"stepsCount":1,"attachmentsCount":8,"hasContent":true,"attachmentStep":false},"afterStages":[],"labels":[{"name":"epic","value":"Security"},{"name":"feature","value":"Login"},{"name":"severity","value":"blocker"},{"name":"tag","value":"Tagged test"},{"name":"tag","value":"run(order=1)"},{"name":"tag","value":"security"},{"name":"parentSuite","value":"tests"},{"name":"suite","value":"test_login"},{"name":"subSuite","value":"TestLogin"},{"name":"host","value":"fv-az1240-3"},{"name":"thread","value":"2192-MainThread"},{"name":"framework","value":"pytest"},{"name":"language","value":"cpython3"},{"name":"package","value":"tests.test_login"},{"name":"resultFormat","value":"allure2"}],"parameters":[],"links":[],"hidden":false,"retry":false,"extra":{"severity":"blocker","retries":[],"categories":[{"name":"Test defects","matchedStatuses":[],"flaky":false}],"tags":["security","Tagged test","run(order=1)"]},"source":"a9ee5c5aa231dbb8.json","parameterValues":[]}