{"uid":"ccca229f89108d79","name":"Search for non existing project","fullName":"tests.test_workspaces.TestWorkspaces#test_search_for_non_existing_project","historyId":"fd02db7e15fbde7f94675ef36547cabe","time":{"start":1707958958173,"stop":1707958958173,"duration":0},"description":"Search for a non existing project","descriptionHtml":"<p>Search for a non existing project</p>\n","status":"broken","statusMessage":"selenium.common.exceptions.TimeoutException: Message: \nStacktrace:\n#0 0x55be61ff9d93 <unknown>\n#1 0x55be61cdd337 <unknown>\n#2 0x55be61d28d60 <unknown>\n#3 0x55be61d28e51 <unknown>\n#4 0x55be61d6cbc4 <unknown>\n#5 0x55be61d4b46d <unknown>\n#6 0x55be61d6a12d <unknown>\n#7 0x55be61d4b1e3 <unknown>\n#8 0x55be61d1b135 <unknown>\n#9 0x55be61d1c13e <unknown>\n#10 0x55be61fbde4b <unknown>\n#11 0x55be61fc1dfa <unknown>\n#12 0x55be61faa6d5 <unknown>\n#13 0x55be61fc2a6f <unknown>\n#14 0x55be61f8e69f <unknown>\n#15 0x55be61fe7098 <unknown>\n#16 0x55be61fe7262 <unknown>\n#17 0x55be61ff8f34 <unknown>\n#18 0x7f641ee94ac3 <unknown>","statusTrace":"self = <tests.test_workspaces.TestWorkspaces object at 0x7efd53e39590>\nsecret_data = {'email': '', 'password': ''}\n\n    @pytest.fixture(autouse=True)\n    def setup_method_fixture(self, secret_data: dict):\n>       login(secret_data, self.about_page, self.login_page)\n\ntests/test_workspaces.py:23: \n_ _ _ _ _ _ _ _ _ _ _ _ _ _ _ _ _ _ _ _ _ _ _ _ _ _ _ _ _ _ _ _ _ _ _ _ _ _ _ _ \ntests/test_workspaces.py:13: in login\n    about_page.click_login_link()\npages/about_page.py:20: in click_login_link\n    self.click(self.LOGIN_LINK)\npages/base_page.py:38: in click\n    el: WebElement = self.wait.until(\n_ _ _ _ _ _ _ _ _ _ _ _ _ _ _ _ _ _ _ _ _ _ _ _ _ _ _ _ _ _ _ _ _ _ _ _ _ _ _ _ \n\nself = <selenium.webdriver.support.wait.WebDriverWait (session=\"5963fc628647cf65aaba0cdccb5daeba\")>\nmethod = <function element_to_be_clickable.<locals>._predicate at 0x7efd53d1e840>\nmessage = ''\n\n    def until(self, method, message: str = \"\"):\n        \"\"\"Calls the method provided with the driver as an argument until the \\\n        return value does not evaluate to ``False``.\n    \n        :param method: callable(WebDriver)\n        :param message: optional message for :exc:`TimeoutException`\n        :returns: the result of the last call to `method`\n        :raises: :exc:`selenium.common.exceptions.TimeoutException` if timeout occurs\n        \"\"\"\n        screen = None\n        stacktrace = None\n    \n        end_time = time.monotonic() + self._timeout\n        while True:\n            try:\n                value = method(self._driver)\n                if value:\n                    return value\n            except self._ignored_exceptions as exc:\n                screen = getattr(exc, \"screen\", None)\n                stacktrace = getattr(exc, \"stacktrace\", None)\n            time.sleep(self._poll)\n            if time.monotonic() > end_time:\n                break\n>       raise TimeoutException(message, screen, stacktrace)\nE       selenium.common.exceptions.TimeoutException: Message: \nE       Stacktrace:\nE       #0 0x55be61ff9d93 <unknown>\nE       #1 0x55be61cdd337 <unknown>\nE       #2 0x55be61d28d60 <unknown>\nE       #3 0x55be61d28e51 <unknown>\nE       #4 0x55be61d6cbc4 <unknown>\nE       #5 0x55be61d4b46d <unknown>\nE       #6 0x55be61d6a12d <unknown>\nE       #7 0x55be61d4b1e3 <unknown>\nE       #8 0x55be61d1b135 <unknown>\nE       #9 0x55be61d1c13e <unknown>\nE       #10 0x55be61fbde4b <unknown>\nE       #11 0x55be61fc1dfa <unknown>\nE       #12 0x55be61faa6d5 <unknown>\nE       #13 0x55be61fc2a6f <unknown>\nE       #14 0x55be61f8e69f <unknown>\nE       #15 0x55be61fe7098 <unknown>\nE       #16 0x55be61fe7262 <unknown>\nE       #17 0x55be61ff8f34 <unknown>\nE       #18 0x7f641ee94ac3 <unknown>\n\n.venv/lib/python3.11/site-packages/selenium/webdriver/support/wait.py:95: TimeoutException","flaky":false,"newFailed":false,"newBroken":false,"newPassed":false,"retriesCount":0,"retriesStatusChange":false,"beforeStages":[{"name":"json_data","time":{"start":1707958833157,"stop":1707958833157,"duration":0},"status":"passed","steps":[],"attachments":[],"parameters":[],"shouldDisplayMessage":false,"stepsCount":0,"attachmentsCount":0,"hasContent":false,"attachmentStep":false},{"name":"_verify_url","time":{"start":1707958833157,"stop":1707958833157,"duration":0},"status":"passed","steps":[],"attachments":[],"parameters":[],"shouldDisplayMessage":false,"stepsCount":0,"attachmentsCount":0,"hasContent":false,"attachmentStep":false},{"name":"secret_data","time":{"start":1707958833157,"stop":1707958833157,"duration":0},"status":"passed","steps":[],"attachments":[],"parameters":[],"shouldDisplayMessage":false,"stepsCount":0,"attachmentsCount":0,"hasContent":false,"attachmentStep":false},{"name":"base_url","time":{"start":1707958833157,"stop":1707958833157,"duration":0},"status":"passed","steps":[],"attachments":[],"parameters":[],"shouldDisplayMessage":false,"stepsCount":0,"attachmentsCount":0,"hasContent":false,"attachmentStep":false},{"name":"setup_method_fixture","time":{"start":1707958960762,"stop":1707958970951,"duration":10189},"status":"broken","statusMessage":"selenium.common.exceptions.TimeoutException: Message: \nStacktrace:\n#0 0x55be61ff9d93 <unknown>\n#1 0x55be61cdd337 <unknown>\n#2 0x55be61d28d60 <unknown>\n#3 0x55be61d28e51 <unknown>\n#4 0x55be61d6cbc4 <unknown>\n#5 0x55be61d4b46d <unknown>\n#6 0x55be61d6a12d <unknown>\n#7 0x55be61d4b1e3 <unknown>\n#8 0x55be61d1b135 <unknown>\n#9 0x55be61d1c13e <unknown>\n#10 0x55be61fbde4b <unknown>\n#11 0x55be61fc1dfa <unknown>\n#12 0x55be61faa6d5 <unknown>\n#13 0x55be61fc2a6f <unknown>\n#14 0x55be61f8e69f <unknown>\n#15 0x55be61fe7098 <unknown>\n#16 0x55be61fe7262 <unknown>\n#17 0x55be61ff8f34 <unknown>\n#18 0x7f641ee94ac3 <unknown>\n\n","statusTrace":"  File \"/home/runner/work/kisangateway-test/kisangateway-test/.venv/lib/python3.11/site-packages/pluggy/_callers.py\", line 80, in _multicall\n    res = hook_impl.function(*args)\n          ^^^^^^^^^^^^^^^^^^^^^^^^^\n  File \"/home/runner/work/kisangateway-test/kisangateway-test/.venv/lib/python3.11/site-packages/_pytest/fixtures.py\", line 1123, in pytest_fixture_setup\n    result = call_fixture_func(fixturefunc, request, kwargs)\n             ^^^^^^^^^^^^^^^^^^^^^^^^^^^^^^^^^^^^^^^^^^^^^^^\n  File \"/home/runner/work/kisangateway-test/kisangateway-test/.venv/lib/python3.11/site-packages/_pytest/fixtures.py\", line 902, in call_fixture_func\n    fixture_result = fixturefunc(**kwargs)\n                     ^^^^^^^^^^^^^^^^^^^^^\n  File \"/home/runner/work/kisangateway-test/kisangateway-test/tests/test_workspaces.py\", line 23, in setup_method_fixture\n    login(secret_data, self.about_page, self.login_page)\n  File \"/home/runner/work/kisangateway-test/kisangateway-test/tests/test_workspaces.py\", line 13, in login\n    about_page.click_login_link()\n  File \"/home/runner/work/kisangateway-test/kisangateway-test/.venv/lib/python3.11/site-packages/allure_commons/_allure.py\", line 192, in impl\n    return func(*a, **kw)\n           ^^^^^^^^^^^^^^\n  File \"/home/runner/work/kisangateway-test/kisangateway-test/pages/about_page.py\", line 20, in click_login_link\n    self.click(self.LOGIN_LINK)\n  File \"/home/runner/work/kisangateway-test/kisangateway-test/pages/base_page.py\", line 38, in click\n    el: WebElement = self.wait.until(\n                     ^^^^^^^^^^^^^^^^\n  File \"/home/runner/work/kisangateway-test/kisangateway-test/.venv/lib/python3.11/site-packages/selenium/webdriver/support/wait.py\", line 95, in until\n    raise TimeoutException(message, screen, stacktrace)\n","steps":[{"name":"Click Login link","time":{"start":1707958960763,"stop":1707958970951,"duration":10188},"status":"broken","statusMessage":"selenium.common.exceptions.TimeoutException: Message: \nStacktrace:\n#0 0x55be61ff9d93 <unknown>\n#1 0x55be61cdd337 <unknown>\n#2 0x55be61d28d60 <unknown>\n#3 0x55be61d28e51 <unknown>\n#4 0x55be61d6cbc4 <unknown>\n#5 0x55be61d4b46d <unknown>\n#6 0x55be61d6a12d <unknown>\n#7 0x55be61d4b1e3 <unknown>\n#8 0x55be61d1b135 <unknown>\n#9 0x55be61d1c13e <unknown>\n#10 0x55be61fbde4b <unknown>\n#11 0x55be61fc1dfa <unknown>\n#12 0x55be61faa6d5 <unknown>\n#13 0x55be61fc2a6f <unknown>\n#14 0x55be61f8e69f <unknown>\n#15 0x55be61fe7098 <unknown>\n#16 0x55be61fe7262 <unknown>\n#17 0x55be61ff8f34 <unknown>\n#18 0x7f641ee94ac3 <unknown>\n\n","statusTrace":"  File \"/home/runner/work/kisangateway-test/kisangateway-test/.venv/lib/python3.11/site-packages/allure_commons/_allure.py\", line 192, in impl\n    return func(*a, **kw)\n           ^^^^^^^^^^^^^^\n  File \"/home/runner/work/kisangateway-test/kisangateway-test/pages/about_page.py\", line 20, in click_login_link\n    self.click(self.LOGIN_LINK)\n  File \"/home/runner/work/kisangateway-test/kisangateway-test/pages/base_page.py\", line 38, in click\n    el: WebElement = self.wait.until(\n                     ^^^^^^^^^^^^^^^^\n  File \"/home/runner/work/kisangateway-test/kisangateway-test/.venv/lib/python3.11/site-packages/selenium/webdriver/support/wait.py\", line 95, in until\n    raise TimeoutException(message, screen, stacktrace)\n","steps":[],"attachments":[],"parameters":[],"shouldDisplayMessage":true,"stepsCount":0,"attachmentsCount":0,"hasContent":true,"attachmentStep":false}],"attachments":[],"parameters":[],"shouldDisplayMessage":false,"stepsCount":1,"attachmentsCount":0,"hasContent":true,"attachmentStep":false}],"testStage":{"description":"Search for a non existing project","status":"broken","statusMessage":"selenium.common.exceptions.TimeoutException: Message: \nStacktrace:\n#0 0x55be61ff9d93 <unknown>\n#1 0x55be61cdd337 <unknown>\n#2 0x55be61d28d60 <unknown>\n#3 0x55be61d28e51 <unknown>\n#4 0x55be61d6cbc4 <unknown>\n#5 0x55be61d4b46d <unknown>\n#6 0x55be61d6a12d <unknown>\n#7 0x55be61d4b1e3 <unknown>\n#8 0x55be61d1b135 <unknown>\n#9 0x55be61d1c13e <unknown>\n#10 0x55be61fbde4b <unknown>\n#11 0x55be61fc1dfa <unknown>\n#12 0x55be61faa6d5 <unknown>\n#13 0x55be61fc2a6f <unknown>\n#14 0x55be61f8e69f <unknown>\n#15 0x55be61fe7098 <unknown>\n#16 0x55be61fe7262 <unknown>\n#17 0x55be61ff8f34 <unknown>\n#18 0x7f641ee94ac3 <unknown>","statusTrace":"self = <tests.test_workspaces.TestWorkspaces object at 0x7efd53e39590>\nsecret_data = {'email': '', 'password': ''}\n\n    @pytest.fixture(autouse=True)\n    def setup_method_fixture(self, secret_data: dict):\n>       login(secret_data, self.about_page, self.login_page)\n\ntests/test_workspaces.py:23: \n_ _ _ _ _ _ _ _ _ _ _ _ _ _ _ _ _ _ _ _ _ _ _ _ _ _ _ _ _ _ _ _ _ _ _ _ _ _ _ _ \ntests/test_workspaces.py:13: in login\n    about_page.click_login_link()\npages/about_page.py:20: in click_login_link\n    self.click(self.LOGIN_LINK)\npages/base_page.py:38: in click\n    el: WebElement = self.wait.until(\n_ _ _ _ _ _ _ _ _ _ _ _ _ _ _ _ _ _ _ _ _ _ _ _ _ _ _ _ _ _ _ _ _ _ _ _ _ _ _ _ \n\nself = <selenium.webdriver.support.wait.WebDriverWait (session=\"5963fc628647cf65aaba0cdccb5daeba\")>\nmethod = <function element_to_be_clickable.<locals>._predicate at 0x7efd53d1e840>\nmessage = ''\n\n    def until(self, method, message: str = \"\"):\n        \"\"\"Calls the method provided with the driver as an argument until the \\\n        return value does not evaluate to ``False``.\n    \n        :param method: callable(WebDriver)\n        :param message: optional message for :exc:`TimeoutException`\n        :returns: the result of the last call to `method`\n        :raises: :exc:`selenium.common.exceptions.TimeoutException` if timeout occurs\n        \"\"\"\n        screen = None\n        stacktrace = None\n    \n        end_time = time.monotonic() + self._timeout\n        while True:\n            try:\n                value = method(self._driver)\n                if value:\n                    return value\n            except self._ignored_exceptions as exc:\n                screen = getattr(exc, \"screen\", None)\n                stacktrace = getattr(exc, \"stacktrace\", None)\n            time.sleep(self._poll)\n            if time.monotonic() > end_time:\n                break\n>       raise TimeoutException(message, screen, stacktrace)\nE       selenium.common.exceptions.TimeoutException: Message: \nE       Stacktrace:\nE       #0 0x55be61ff9d93 <unknown>\nE       #1 0x55be61cdd337 <unknown>\nE       #2 0x55be61d28d60 <unknown>\nE       #3 0x55be61d28e51 <unknown>\nE       #4 0x55be61d6cbc4 <unknown>\nE       #5 0x55be61d4b46d <unknown>\nE       #6 0x55be61d6a12d <unknown>\nE       #7 0x55be61d4b1e3 <unknown>\nE       #8 0x55be61d1b135 <unknown>\nE       #9 0x55be61d1c13e <unknown>\nE       #10 0x55be61fbde4b <unknown>\nE       #11 0x55be61fc1dfa <unknown>\nE       #12 0x55be61faa6d5 <unknown>\nE       #13 0x55be61fc2a6f <unknown>\nE       #14 0x55be61f8e69f <unknown>\nE       #15 0x55be61fe7098 <unknown>\nE       #16 0x55be61fe7262 <unknown>\nE       #17 0x55be61ff8f34 <unknown>\nE       #18 0x7f641ee94ac3 <unknown>\n\n.venv/lib/python3.11/site-packages/selenium/webdriver/support/wait.py:95: TimeoutException","steps":[],"attachments":[{"uid":"bb4dcff9c6873057","name":"public ip address","source":"bb4dcff9c6873057.txt","type":"text/plain","size":14},{"uid":"4f4e9eb308c380f","name":"Cookies","source":"4f4e9eb308c380f.json","type":"application/json","size":2},{"uid":"e397ae5a4a5f9a50","name":"Session Storage","source":"e397ae5a4a5f9a50.json","type":"application/json","size":2},{"uid":"661c7638054cb434","name":"Local Storage","source":"661c7638054cb434.json","type":"application/json","size":77},{"uid":"7b1fd8989d0250fd","name":"Console Logs","source":"7b1fd8989d0250fd.json","type":"application/json","size":599},{"uid":"fd464a53dbe95fc5","name":"Full Page Screenshot","source":"fd464a53dbe95fc5.png","type":"image/png","size":2477042},{"uid":"4da55b98b65e35f2","name":"URL","source":"4da55b98b65e35f2.uri","type":"text/uri-list","size":25},{"uid":"7b6fe91455561a09","name":"Network Logs","source":"7b6fe91455561a09.json","type":"application/json","size":1283788}],"parameters":[],"shouldDisplayMessage":true,"stepsCount":0,"attachmentsCount":8,"hasContent":true,"attachmentStep":false},"afterStages":[],"labels":[{"name":"epic","value":"Workspaces"},{"name":"severity","value":"normal"},{"name":"story","value":"WorkSpaces Creation and Editing Functionality"},{"name":"tag","value":"run(order=7)"},{"name":"parentSuite","value":"tests"},{"name":"suite","value":"test_workspaces"},{"name":"subSuite","value":"TestWorkspaces"},{"name":"host","value":"fv-az1240-3"},{"name":"thread","value":"2192-MainThread"},{"name":"framework","value":"pytest"},{"name":"language","value":"cpython3"},{"name":"package","value":"tests.test_workspaces"},{"name":"resultFormat","value":"allure2"}],"parameters":[],"links":[],"hidden":false,"retry":false,"extra":{"severity":"normal","retries":[],"categories":[{"name":"Test defects","matchedStatuses":[],"flaky":false}],"tags":["run(order=7)"]},"source":"ccca229f89108d79.json","parameterValues":[]}