{"uid":"d21fb3e0c2d17588","name":"Rename an existing workspace test","fullName":"tests.test_workspaces.TestWorkspaces#test_rename_workspace","historyId":"d49362deb707221678019bdc76bcec08","time":{"start":1707958869803,"stop":1707958869803,"duration":0},"description":"Rename an existing workspace","descriptionHtml":"<p>Rename an existing workspace</p>\n","status":"broken","statusMessage":"selenium.common.exceptions.TimeoutException: Message: \nStacktrace:\n#0 0x561869ccbd93 <unknown>\n#1 0x5618699af337 <unknown>\n#2 0x5618699fad60 <unknown>\n#3 0x5618699fae51 <unknown>\n#4 0x561869a3ebc4 <unknown>\n#5 0x561869a1d46d <unknown>\n#6 0x561869a3c12d <unknown>\n#7 0x561869a1d1e3 <unknown>\n#8 0x5618699ed135 <unknown>\n#9 0x5618699ee13e <unknown>\n#10 0x561869c8fe4b <unknown>\n#11 0x561869c93dfa <unknown>\n#12 0x561869c7c6d5 <unknown>\n#13 0x561869c94a6f <unknown>\n#14 0x561869c6069f <unknown>\n#15 0x561869cb9098 <unknown>\n#16 0x561869cb9262 <unknown>\n#17 0x561869ccaf34 <unknown>\n#18 0x7f5556694ac3 <unknown>","statusTrace":"self = <tests.test_workspaces.TestWorkspaces object at 0x7efd53e38d10>\nsecret_data = {'email': '', 'password': ''}\n\n    @pytest.fixture(autouse=True)\n    def setup_method_fixture(self, secret_data: dict):\n>       login(secret_data, self.about_page, self.login_page)\n\ntests/test_workspaces.py:23: \n_ _ _ _ _ _ _ _ _ _ _ _ _ _ _ _ _ _ _ _ _ _ _ _ _ _ _ _ _ _ _ _ _ _ _ _ _ _ _ _ \ntests/test_workspaces.py:13: in login\n    about_page.click_login_link()\npages/about_page.py:20: in click_login_link\n    self.click(self.LOGIN_LINK)\npages/base_page.py:38: in click\n    el: WebElement = self.wait.until(\n_ _ _ _ _ _ _ _ _ _ _ _ _ _ _ _ _ _ _ _ _ _ _ _ _ _ _ _ _ _ _ _ _ _ _ _ _ _ _ _ \n\nself = <selenium.webdriver.support.wait.WebDriverWait (session=\"e492dd378a3530eadd37ebb494963650\")>\nmethod = <function element_to_be_clickable.<locals>._predicate at 0x7efd53b18900>\nmessage = ''\n\n    def until(self, method, message: str = \"\"):\n        \"\"\"Calls the method provided with the driver as an argument until the \\\n        return value does not evaluate to ``False``.\n    \n        :param method: callable(WebDriver)\n        :param message: optional message for :exc:`TimeoutException`\n        :returns: the result of the last call to `method`\n        :raises: :exc:`selenium.common.exceptions.TimeoutException` if timeout occurs\n        \"\"\"\n        screen = None\n        stacktrace = None\n    \n        end_time = time.monotonic() + self._timeout\n        while True:\n            try:\n                value = method(self._driver)\n                if value:\n                    return value\n            except self._ignored_exceptions as exc:\n                screen = getattr(exc, \"screen\", None)\n                stacktrace = getattr(exc, \"stacktrace\", None)\n            time.sleep(self._poll)\n            if time.monotonic() > end_time:\n                break\n>       raise TimeoutException(message, screen, stacktrace)\nE       selenium.common.exceptions.TimeoutException: Message: \nE       Stacktrace:\nE       #0 0x561869ccbd93 <unknown>\nE       #1 0x5618699af337 <unknown>\nE       #2 0x5618699fad60 <unknown>\nE       #3 0x5618699fae51 <unknown>\nE       #4 0x561869a3ebc4 <unknown>\nE       #5 0x561869a1d46d <unknown>\nE       #6 0x561869a3c12d <unknown>\nE       #7 0x561869a1d1e3 <unknown>\nE       #8 0x5618699ed135 <unknown>\nE       #9 0x5618699ee13e <unknown>\nE       #10 0x561869c8fe4b <unknown>\nE       #11 0x561869c93dfa <unknown>\nE       #12 0x561869c7c6d5 <unknown>\nE       #13 0x561869c94a6f <unknown>\nE       #14 0x561869c6069f <unknown>\nE       #15 0x561869cb9098 <unknown>\nE       #16 0x561869cb9262 <unknown>\nE       #17 0x561869ccaf34 <unknown>\nE       #18 0x7f5556694ac3 <unknown>\n\n.venv/lib/python3.11/site-packages/selenium/webdriver/support/wait.py:95: TimeoutException","flaky":false,"newFailed":false,"newBroken":false,"newPassed":false,"retriesCount":0,"retriesStatusChange":false,"beforeStages":[{"name":"json_data","time":{"start":1707958833157,"stop":1707958833157,"duration":0},"status":"passed","steps":[],"attachments":[],"parameters":[],"shouldDisplayMessage":false,"stepsCount":0,"attachmentsCount":0,"hasContent":false,"attachmentStep":false},{"name":"_verify_url","time":{"start":1707958833157,"stop":1707958833157,"duration":0},"status":"passed","steps":[],"attachments":[],"parameters":[],"shouldDisplayMessage":false,"stepsCount":0,"attachmentsCount":0,"hasContent":false,"attachmentStep":false},{"name":"secret_data","time":{"start":1707958833157,"stop":1707958833157,"duration":0},"status":"passed","steps":[],"attachments":[],"parameters":[],"shouldDisplayMessage":false,"stepsCount":0,"attachmentsCount":0,"hasContent":false,"attachmentStep":false},{"name":"base_url","time":{"start":1707958833157,"stop":1707958833157,"duration":0},"status":"passed","steps":[],"attachments":[],"parameters":[],"shouldDisplayMessage":false,"stepsCount":0,"attachmentsCount":0,"hasContent":false,"attachmentStep":false},{"name":"setup_method_fixture","time":{"start":1707958871116,"stop":1707958881297,"duration":10181},"status":"broken","statusMessage":"selenium.common.exceptions.TimeoutException: Message: \nStacktrace:\n#0 0x561869ccbd93 <unknown>\n#1 0x5618699af337 <unknown>\n#2 0x5618699fad60 <unknown>\n#3 0x5618699fae51 <unknown>\n#4 0x561869a3ebc4 <unknown>\n#5 0x561869a1d46d <unknown>\n#6 0x561869a3c12d <unknown>\n#7 0x561869a1d1e3 <unknown>\n#8 0x5618699ed135 <unknown>\n#9 0x5618699ee13e <unknown>\n#10 0x561869c8fe4b <unknown>\n#11 0x561869c93dfa <unknown>\n#12 0x561869c7c6d5 <unknown>\n#13 0x561869c94a6f <unknown>\n#14 0x561869c6069f <unknown>\n#15 0x561869cb9098 <unknown>\n#16 0x561869cb9262 <unknown>\n#17 0x561869ccaf34 <unknown>\n#18 0x7f5556694ac3 <unknown>\n\n","statusTrace":"  File \"/home/runner/work/kisangateway-test/kisangateway-test/.venv/lib/python3.11/site-packages/pluggy/_callers.py\", line 80, in _multicall\n    res = hook_impl.function(*args)\n          ^^^^^^^^^^^^^^^^^^^^^^^^^\n  File \"/home/runner/work/kisangateway-test/kisangateway-test/.venv/lib/python3.11/site-packages/_pytest/fixtures.py\", line 1123, in pytest_fixture_setup\n    result = call_fixture_func(fixturefunc, request, kwargs)\n             ^^^^^^^^^^^^^^^^^^^^^^^^^^^^^^^^^^^^^^^^^^^^^^^\n  File \"/home/runner/work/kisangateway-test/kisangateway-test/.venv/lib/python3.11/site-packages/_pytest/fixtures.py\", line 902, in call_fixture_func\n    fixture_result = fixturefunc(**kwargs)\n                     ^^^^^^^^^^^^^^^^^^^^^\n  File \"/home/runner/work/kisangateway-test/kisangateway-test/tests/test_workspaces.py\", line 23, in setup_method_fixture\n    login(secret_data, self.about_page, self.login_page)\n  File \"/home/runner/work/kisangateway-test/kisangateway-test/tests/test_workspaces.py\", line 13, in login\n    about_page.click_login_link()\n  File \"/home/runner/work/kisangateway-test/kisangateway-test/.venv/lib/python3.11/site-packages/allure_commons/_allure.py\", line 192, in impl\n    return func(*a, **kw)\n           ^^^^^^^^^^^^^^\n  File \"/home/runner/work/kisangateway-test/kisangateway-test/pages/about_page.py\", line 20, in click_login_link\n    self.click(self.LOGIN_LINK)\n  File \"/home/runner/work/kisangateway-test/kisangateway-test/pages/base_page.py\", line 38, in click\n    el: WebElement = self.wait.until(\n                     ^^^^^^^^^^^^^^^^\n  File \"/home/runner/work/kisangateway-test/kisangateway-test/.venv/lib/python3.11/site-packages/selenium/webdriver/support/wait.py\", line 95, in until\n    raise TimeoutException(message, screen, stacktrace)\n","steps":[{"name":"Click Login link","time":{"start":1707958871116,"stop":1707958881296,"duration":10180},"status":"broken","statusMessage":"selenium.common.exceptions.TimeoutException: Message: \nStacktrace:\n#0 0x561869ccbd93 <unknown>\n#1 0x5618699af337 <unknown>\n#2 0x5618699fad60 <unknown>\n#3 0x5618699fae51 <unknown>\n#4 0x561869a3ebc4 <unknown>\n#5 0x561869a1d46d <unknown>\n#6 0x561869a3c12d <unknown>\n#7 0x561869a1d1e3 <unknown>\n#8 0x5618699ed135 <unknown>\n#9 0x5618699ee13e <unknown>\n#10 0x561869c8fe4b <unknown>\n#11 0x561869c93dfa <unknown>\n#12 0x561869c7c6d5 <unknown>\n#13 0x561869c94a6f <unknown>\n#14 0x561869c6069f <unknown>\n#15 0x561869cb9098 <unknown>\n#16 0x561869cb9262 <unknown>\n#17 0x561869ccaf34 <unknown>\n#18 0x7f5556694ac3 <unknown>\n\n","statusTrace":"  File \"/home/runner/work/kisangateway-test/kisangateway-test/.venv/lib/python3.11/site-packages/allure_commons/_allure.py\", line 192, in impl\n    return func(*a, **kw)\n           ^^^^^^^^^^^^^^\n  File \"/home/runner/work/kisangateway-test/kisangateway-test/pages/about_page.py\", line 20, in click_login_link\n    self.click(self.LOGIN_LINK)\n  File \"/home/runner/work/kisangateway-test/kisangateway-test/pages/base_page.py\", line 38, in click\n    el: WebElement = self.wait.until(\n                     ^^^^^^^^^^^^^^^^\n  File \"/home/runner/work/kisangateway-test/kisangateway-test/.venv/lib/python3.11/site-packages/selenium/webdriver/support/wait.py\", line 95, in until\n    raise TimeoutException(message, screen, stacktrace)\n","steps":[],"attachments":[],"parameters":[],"shouldDisplayMessage":true,"stepsCount":0,"attachmentsCount":0,"hasContent":true,"attachmentStep":false}],"attachments":[],"parameters":[],"shouldDisplayMessage":false,"stepsCount":1,"attachmentsCount":0,"hasContent":true,"attachmentStep":false}],"testStage":{"description":"Rename an existing workspace","status":"broken","statusMessage":"selenium.common.exceptions.TimeoutException: Message: \nStacktrace:\n#0 0x561869ccbd93 <unknown>\n#1 0x5618699af337 <unknown>\n#2 0x5618699fad60 <unknown>\n#3 0x5618699fae51 <unknown>\n#4 0x561869a3ebc4 <unknown>\n#5 0x561869a1d46d <unknown>\n#6 0x561869a3c12d <unknown>\n#7 0x561869a1d1e3 <unknown>\n#8 0x5618699ed135 <unknown>\n#9 0x5618699ee13e <unknown>\n#10 0x561869c8fe4b <unknown>\n#11 0x561869c93dfa <unknown>\n#12 0x561869c7c6d5 <unknown>\n#13 0x561869c94a6f <unknown>\n#14 0x561869c6069f <unknown>\n#15 0x561869cb9098 <unknown>\n#16 0x561869cb9262 <unknown>\n#17 0x561869ccaf34 <unknown>\n#18 0x7f5556694ac3 <unknown>","statusTrace":"self = <tests.test_workspaces.TestWorkspaces object at 0x7efd53e38d10>\nsecret_data = {'email': '', 'password': ''}\n\n    @pytest.fixture(autouse=True)\n    def setup_method_fixture(self, secret_data: dict):\n>       login(secret_data, self.about_page, self.login_page)\n\ntests/test_workspaces.py:23: \n_ _ _ _ _ _ _ _ _ _ _ _ _ _ _ _ _ _ _ _ _ _ _ _ _ _ _ _ _ _ _ _ _ _ _ _ _ _ _ _ \ntests/test_workspaces.py:13: in login\n    about_page.click_login_link()\npages/about_page.py:20: in click_login_link\n    self.click(self.LOGIN_LINK)\npages/base_page.py:38: in click\n    el: WebElement = self.wait.until(\n_ _ _ _ _ _ _ _ _ _ _ _ _ _ _ _ _ _ _ _ _ _ _ _ _ _ _ _ _ _ _ _ _ _ _ _ _ _ _ _ \n\nself = <selenium.webdriver.support.wait.WebDriverWait (session=\"e492dd378a3530eadd37ebb494963650\")>\nmethod = <function element_to_be_clickable.<locals>._predicate at 0x7efd53b18900>\nmessage = ''\n\n    def until(self, method, message: str = \"\"):\n        \"\"\"Calls the method provided with the driver as an argument until the \\\n        return value does not evaluate to ``False``.\n    \n        :param method: callable(WebDriver)\n        :param message: optional message for :exc:`TimeoutException`\n        :returns: the result of the last call to `method`\n        :raises: :exc:`selenium.common.exceptions.TimeoutException` if timeout occurs\n        \"\"\"\n        screen = None\n        stacktrace = None\n    \n        end_time = time.monotonic() + self._timeout\n        while True:\n            try:\n                value = method(self._driver)\n                if value:\n                    return value\n            except self._ignored_exceptions as exc:\n                screen = getattr(exc, \"screen\", None)\n                stacktrace = getattr(exc, \"stacktrace\", None)\n            time.sleep(self._poll)\n            if time.monotonic() > end_time:\n                break\n>       raise TimeoutException(message, screen, stacktrace)\nE       selenium.common.exceptions.TimeoutException: Message: \nE       Stacktrace:\nE       #0 0x561869ccbd93 <unknown>\nE       #1 0x5618699af337 <unknown>\nE       #2 0x5618699fad60 <unknown>\nE       #3 0x5618699fae51 <unknown>\nE       #4 0x561869a3ebc4 <unknown>\nE       #5 0x561869a1d46d <unknown>\nE       #6 0x561869a3c12d <unknown>\nE       #7 0x561869a1d1e3 <unknown>\nE       #8 0x5618699ed135 <unknown>\nE       #9 0x5618699ee13e <unknown>\nE       #10 0x561869c8fe4b <unknown>\nE       #11 0x561869c93dfa <unknown>\nE       #12 0x561869c7c6d5 <unknown>\nE       #13 0x561869c94a6f <unknown>\nE       #14 0x561869c6069f <unknown>\nE       #15 0x561869cb9098 <unknown>\nE       #16 0x561869cb9262 <unknown>\nE       #17 0x561869ccaf34 <unknown>\nE       #18 0x7f5556694ac3 <unknown>\n\n.venv/lib/python3.11/site-packages/selenium/webdriver/support/wait.py:95: TimeoutException","steps":[],"attachments":[{"uid":"d0ed971d04c89ffc","name":"public ip address","source":"d0ed971d04c89ffc.txt","type":"text/plain","size":14},{"uid":"c3909377f1b9a6d3","name":"Cookies","source":"c3909377f1b9a6d3.json","type":"application/json","size":2},{"uid":"6bec03cd543673f5","name":"Session Storage","source":"6bec03cd543673f5.json","type":"application/json","size":2},{"uid":"ba864968301d8c09","name":"Local Storage","source":"ba864968301d8c09.json","type":"application/json","size":77},{"uid":"ee2b2d7c8db14a8f","name":"Console Logs","source":"ee2b2d7c8db14a8f.json","type":"application/json","size":599},{"uid":"d9eb5a81bd8c649c","name":"Full Page Screenshot","source":"d9eb5a81bd8c649c.png","type":"image/png","size":2477011},{"uid":"100e88c9e1cef91f","name":"URL","source":"100e88c9e1cef91f.uri","type":"text/uri-list","size":25},{"uid":"e67027318c3f5256","name":"Network Logs","source":"e67027318c3f5256.json","type":"application/json","size":1283735}],"parameters":[],"shouldDisplayMessage":true,"stepsCount":0,"attachmentsCount":8,"hasContent":true,"attachmentStep":false},"afterStages":[],"labels":[{"name":"epic","value":"Workspaces"},{"name":"severity","value":"normal"},{"name":"story","value":"WorkSpaces Creation and Editing Functionality"},{"name":"tag","value":"run(order=2)"},{"name":"parentSuite","value":"tests"},{"name":"suite","value":"test_workspaces"},{"name":"subSuite","value":"TestWorkspaces"},{"name":"host","value":"fv-az1240-3"},{"name":"thread","value":"2192-MainThread"},{"name":"framework","value":"pytest"},{"name":"language","value":"cpython3"},{"name":"package","value":"tests.test_workspaces"},{"name":"resultFormat","value":"allure2"}],"parameters":[],"links":[],"hidden":false,"retry":false,"extra":{"severity":"normal","retries":[],"categories":[{"name":"Test defects","matchedStatuses":[],"flaky":false}],"tags":["run(order=2)"]},"source":"d21fb3e0c2d17588.json","parameterValues":[]}