{"uid":"cceea7c2e43a183f","name":"Create new workspace test","fullName":"tests.test_workspaces.TestWorkspaces#test_create_new_workspace","historyId":"e6e849a753ae10f50b3b38fac5a7fa8e","time":{"start":1703206982186,"stop":1703206982186,"duration":0},"description":"Create new Workspace","descriptionHtml":"<p>Create new Workspace</p>\n","status":"broken","statusMessage":"selenium.common.exceptions.TimeoutException: Message: \nStacktrace:\n#0 0x55e44455bd33 <unknown>\n#1 0x55e444218f87 <unknown>\n#2 0x55e444268c0e <unknown>\n#3 0x55e444268d11 <unknown>\n#4 0x55e4442b4004 <unknown>\n#5 0x55e44429236d <unknown>\n#6 0x55e4442b1297 <unknown>\n#7 0x55e4442920e3 <unknown>\n#8 0x55e44425a044 <unknown>\n#9 0x55e44425b44e <unknown>\n#10 0x55e444520861 <unknown>\n#11 0x55e444524785 <unknown>\n#12 0x55e44450e285 <unknown>\n#13 0x55e44452541f <unknown>\n#14 0x55e4444f220f <unknown>\n#15 0x55e444549028 <unknown>\n#16 0x55e4445491f7 <unknown>\n#17 0x55e44455aed4 <unknown>\n#18 0x7f31fde94ac3 <unknown>","statusTrace":"self = <tests.test_workspaces.TestWorkspaces object at 0x7fce8793c5d0>\nsecret_data = {'email': '', 'password': ''}\n\n    @pytest.fixture(autouse=True)\n    def setup_method_fixture(self, secret_data: dict):\n>       login(secret_data, self.about_page, self.login_page)\n\ntests/test_workspaces.py:23: \n_ _ _ _ _ _ _ _ _ _ _ _ _ _ _ _ _ _ _ _ _ _ _ _ _ _ _ _ _ _ _ _ _ _ _ _ _ _ _ _ \ntests/test_workspaces.py:13: in login\n    about_page.click_login_link()\npages/about_page.py:20: in click_login_link\n    self.click(self.LOGIN_LINK)\npages/base_page.py:38: in click\n    el: WebElement = self.wait.until(\n_ _ _ _ _ _ _ _ _ _ _ _ _ _ _ _ _ _ _ _ _ _ _ _ _ _ _ _ _ _ _ _ _ _ _ _ _ _ _ _ \n\nself = <selenium.webdriver.support.wait.WebDriverWait (session=\"abc4db583667e24dcf87af73643ea5a6\")>\nmethod = <function element_to_be_clickable.<locals>._predicate at 0x7fce87814fe0>\nmessage = ''\n\n    def until(self, method, message: str = \"\"):\n        \"\"\"Calls the method provided with the driver as an argument until the \\\n        return value does not evaluate to ``False``.\n    \n        :param method: callable(WebDriver)\n        :param message: optional message for :exc:`TimeoutException`\n        :returns: the result of the last call to `method`\n        :raises: :exc:`selenium.common.exceptions.TimeoutException` if timeout occurs\n        \"\"\"\n        screen = None\n        stacktrace = None\n    \n        end_time = time.monotonic() + self._timeout\n        while True:\n            try:\n                value = method(self._driver)\n                if value:\n                    return value\n            except self._ignored_exceptions as exc:\n                screen = getattr(exc, \"screen\", None)\n                stacktrace = getattr(exc, \"stacktrace\", None)\n            time.sleep(self._poll)\n            if time.monotonic() > end_time:\n                break\n>       raise TimeoutException(message, screen, stacktrace)\nE       selenium.common.exceptions.TimeoutException: Message: \nE       Stacktrace:\nE       #0 0x55e44455bd33 <unknown>\nE       #1 0x55e444218f87 <unknown>\nE       #2 0x55e444268c0e <unknown>\nE       #3 0x55e444268d11 <unknown>\nE       #4 0x55e4442b4004 <unknown>\nE       #5 0x55e44429236d <unknown>\nE       #6 0x55e4442b1297 <unknown>\nE       #7 0x55e4442920e3 <unknown>\nE       #8 0x55e44425a044 <unknown>\nE       #9 0x55e44425b44e <unknown>\nE       #10 0x55e444520861 <unknown>\nE       #11 0x55e444524785 <unknown>\nE       #12 0x55e44450e285 <unknown>\nE       #13 0x55e44452541f <unknown>\nE       #14 0x55e4444f220f <unknown>\nE       #15 0x55e444549028 <unknown>\nE       #16 0x55e4445491f7 <unknown>\nE       #17 0x55e44455aed4 <unknown>\nE       #18 0x7f31fde94ac3 <unknown>\n\n.venv/lib/python3.11/site-packages/selenium/webdriver/support/wait.py:95: TimeoutException","flaky":false,"newFailed":false,"newBroken":false,"newPassed":false,"retriesCount":0,"retriesStatusChange":false,"beforeStages":[{"name":"secret_data","time":{"start":1703206970118,"stop":1703206970118,"duration":0},"status":"passed","steps":[],"attachments":[],"parameters":[],"shouldDisplayMessage":false,"stepsCount":0,"attachmentsCount":0,"hasContent":false,"attachmentStep":false},{"name":"json_data","time":{"start":1703206970118,"stop":1703206970119,"duration":1},"status":"passed","steps":[],"attachments":[],"parameters":[],"shouldDisplayMessage":false,"stepsCount":0,"attachmentsCount":0,"hasContent":false,"attachmentStep":false},{"name":"base_url","time":{"start":1703206970118,"stop":1703206970118,"duration":0},"status":"passed","steps":[],"attachments":[],"parameters":[],"shouldDisplayMessage":false,"stepsCount":0,"attachmentsCount":0,"hasContent":false,"attachmentStep":false},{"name":"_verify_url","time":{"start":1703206970118,"stop":1703206970118,"duration":0},"status":"passed","steps":[],"attachments":[],"parameters":[],"shouldDisplayMessage":false,"stepsCount":0,"attachmentsCount":0,"hasContent":false,"attachmentStep":false},{"name":"setup_method_fixture","time":{"start":1703206983292,"stop":1703206993485,"duration":10193},"status":"broken","statusMessage":"selenium.common.exceptions.TimeoutException: Message: \nStacktrace:\n#0 0x55e44455bd33 <unknown>\n#1 0x55e444218f87 <unknown>\n#2 0x55e444268c0e <unknown>\n#3 0x55e444268d11 <unknown>\n#4 0x55e4442b4004 <unknown>\n#5 0x55e44429236d <unknown>\n#6 0x55e4442b1297 <unknown>\n#7 0x55e4442920e3 <unknown>\n#8 0x55e44425a044 <unknown>\n#9 0x55e44425b44e <unknown>\n#10 0x55e444520861 <unknown>\n#11 0x55e444524785 <unknown>\n#12 0x55e44450e285 <unknown>\n#13 0x55e44452541f <unknown>\n#14 0x55e4444f220f <unknown>\n#15 0x55e444549028 <unknown>\n#16 0x55e4445491f7 <unknown>\n#17 0x55e44455aed4 <unknown>\n#18 0x7f31fde94ac3 <unknown>\n\n","statusTrace":"  File \"/home/runner/work/kisangateway-test/kisangateway-test/.venv/lib/python3.11/site-packages/pluggy/_callers.py\", line 80, in _multicall\n    res = hook_impl.function(*args)\n          ^^^^^^^^^^^^^^^^^^^^^^^^^\n  File \"/home/runner/work/kisangateway-test/kisangateway-test/.venv/lib/python3.11/site-packages/_pytest/fixtures.py\", line 1123, in pytest_fixture_setup\n    result = call_fixture_func(fixturefunc, request, kwargs)\n             ^^^^^^^^^^^^^^^^^^^^^^^^^^^^^^^^^^^^^^^^^^^^^^^\n  File \"/home/runner/work/kisangateway-test/kisangateway-test/.venv/lib/python3.11/site-packages/_pytest/fixtures.py\", line 902, in call_fixture_func\n    fixture_result = fixturefunc(**kwargs)\n                     ^^^^^^^^^^^^^^^^^^^^^\n  File \"/home/runner/work/kisangateway-test/kisangateway-test/tests/test_workspaces.py\", line 23, in setup_method_fixture\n    login(secret_data, self.about_page, self.login_page)\n  File \"/home/runner/work/kisangateway-test/kisangateway-test/tests/test_workspaces.py\", line 13, in login\n    about_page.click_login_link()\n  File \"/home/runner/work/kisangateway-test/kisangateway-test/.venv/lib/python3.11/site-packages/allure_commons/_allure.py\", line 192, in impl\n    return func(*a, **kw)\n           ^^^^^^^^^^^^^^\n  File \"/home/runner/work/kisangateway-test/kisangateway-test/pages/about_page.py\", line 20, in click_login_link\n    self.click(self.LOGIN_LINK)\n  File \"/home/runner/work/kisangateway-test/kisangateway-test/pages/base_page.py\", line 38, in click\n    el: WebElement = self.wait.until(\n                     ^^^^^^^^^^^^^^^^\n  File \"/home/runner/work/kisangateway-test/kisangateway-test/.venv/lib/python3.11/site-packages/selenium/webdriver/support/wait.py\", line 95, in until\n    raise TimeoutException(message, screen, stacktrace)\n","steps":[{"name":"Click Login link","time":{"start":1703206983292,"stop":1703206993485,"duration":10193},"status":"broken","statusMessage":"selenium.common.exceptions.TimeoutException: Message: \nStacktrace:\n#0 0x55e44455bd33 <unknown>\n#1 0x55e444218f87 <unknown>\n#2 0x55e444268c0e <unknown>\n#3 0x55e444268d11 <unknown>\n#4 0x55e4442b4004 <unknown>\n#5 0x55e44429236d <unknown>\n#6 0x55e4442b1297 <unknown>\n#7 0x55e4442920e3 <unknown>\n#8 0x55e44425a044 <unknown>\n#9 0x55e44425b44e <unknown>\n#10 0x55e444520861 <unknown>\n#11 0x55e444524785 <unknown>\n#12 0x55e44450e285 <unknown>\n#13 0x55e44452541f <unknown>\n#14 0x55e4444f220f <unknown>\n#15 0x55e444549028 <unknown>\n#16 0x55e4445491f7 <unknown>\n#17 0x55e44455aed4 <unknown>\n#18 0x7f31fde94ac3 <unknown>\n\n","statusTrace":"  File \"/home/runner/work/kisangateway-test/kisangateway-test/.venv/lib/python3.11/site-packages/allure_commons/_allure.py\", line 192, in impl\n    return func(*a, **kw)\n           ^^^^^^^^^^^^^^\n  File \"/home/runner/work/kisangateway-test/kisangateway-test/pages/about_page.py\", line 20, in click_login_link\n    self.click(self.LOGIN_LINK)\n  File \"/home/runner/work/kisangateway-test/kisangateway-test/pages/base_page.py\", line 38, in click\n    el: WebElement = self.wait.until(\n                     ^^^^^^^^^^^^^^^^\n  File \"/home/runner/work/kisangateway-test/kisangateway-test/.venv/lib/python3.11/site-packages/selenium/webdriver/support/wait.py\", line 95, in until\n    raise TimeoutException(message, screen, stacktrace)\n","steps":[],"attachments":[],"parameters":[],"shouldDisplayMessage":true,"stepsCount":0,"attachmentsCount":0,"hasContent":true,"attachmentStep":false}],"attachments":[],"parameters":[],"shouldDisplayMessage":false,"stepsCount":1,"attachmentsCount":0,"hasContent":true,"attachmentStep":false}],"testStage":{"description":"Create new Workspace","status":"broken","statusMessage":"selenium.common.exceptions.TimeoutException: Message: \nStacktrace:\n#0 0x55e44455bd33 <unknown>\n#1 0x55e444218f87 <unknown>\n#2 0x55e444268c0e <unknown>\n#3 0x55e444268d11 <unknown>\n#4 0x55e4442b4004 <unknown>\n#5 0x55e44429236d <unknown>\n#6 0x55e4442b1297 <unknown>\n#7 0x55e4442920e3 <unknown>\n#8 0x55e44425a044 <unknown>\n#9 0x55e44425b44e <unknown>\n#10 0x55e444520861 <unknown>\n#11 0x55e444524785 <unknown>\n#12 0x55e44450e285 <unknown>\n#13 0x55e44452541f <unknown>\n#14 0x55e4444f220f <unknown>\n#15 0x55e444549028 <unknown>\n#16 0x55e4445491f7 <unknown>\n#17 0x55e44455aed4 <unknown>\n#18 0x7f31fde94ac3 <unknown>","statusTrace":"self = <tests.test_workspaces.TestWorkspaces object at 0x7fce8793c5d0>\nsecret_data = {'email': '', 'password': ''}\n\n    @pytest.fixture(autouse=True)\n    def setup_method_fixture(self, secret_data: dict):\n>       login(secret_data, self.about_page, self.login_page)\n\ntests/test_workspaces.py:23: \n_ _ _ _ _ _ _ _ _ _ _ _ _ _ _ _ _ _ _ _ _ _ _ _ _ _ _ _ _ _ _ _ _ _ _ _ _ _ _ _ \ntests/test_workspaces.py:13: in login\n    about_page.click_login_link()\npages/about_page.py:20: in click_login_link\n    self.click(self.LOGIN_LINK)\npages/base_page.py:38: in click\n    el: WebElement = self.wait.until(\n_ _ _ _ _ _ _ _ _ _ _ _ _ _ _ _ _ _ _ _ _ _ _ _ _ _ _ _ _ _ _ _ _ _ _ _ _ _ _ _ \n\nself = <selenium.webdriver.support.wait.WebDriverWait (session=\"abc4db583667e24dcf87af73643ea5a6\")>\nmethod = <function element_to_be_clickable.<locals>._predicate at 0x7fce87814fe0>\nmessage = ''\n\n    def until(self, method, message: str = \"\"):\n        \"\"\"Calls the method provided with the driver as an argument until the \\\n        return value does not evaluate to ``False``.\n    \n        :param method: callable(WebDriver)\n        :param message: optional message for :exc:`TimeoutException`\n        :returns: the result of the last call to `method`\n        :raises: :exc:`selenium.common.exceptions.TimeoutException` if timeout occurs\n        \"\"\"\n        screen = None\n        stacktrace = None\n    \n        end_time = time.monotonic() + self._timeout\n        while True:\n            try:\n                value = method(self._driver)\n                if value:\n                    return value\n            except self._ignored_exceptions as exc:\n                screen = getattr(exc, \"screen\", None)\n                stacktrace = getattr(exc, \"stacktrace\", None)\n            time.sleep(self._poll)\n            if time.monotonic() > end_time:\n                break\n>       raise TimeoutException(message, screen, stacktrace)\nE       selenium.common.exceptions.TimeoutException: Message: \nE       Stacktrace:\nE       #0 0x55e44455bd33 <unknown>\nE       #1 0x55e444218f87 <unknown>\nE       #2 0x55e444268c0e <unknown>\nE       #3 0x55e444268d11 <unknown>\nE       #4 0x55e4442b4004 <unknown>\nE       #5 0x55e44429236d <unknown>\nE       #6 0x55e4442b1297 <unknown>\nE       #7 0x55e4442920e3 <unknown>\nE       #8 0x55e44425a044 <unknown>\nE       #9 0x55e44425b44e <unknown>\nE       #10 0x55e444520861 <unknown>\nE       #11 0x55e444524785 <unknown>\nE       #12 0x55e44450e285 <unknown>\nE       #13 0x55e44452541f <unknown>\nE       #14 0x55e4444f220f <unknown>\nE       #15 0x55e444549028 <unknown>\nE       #16 0x55e4445491f7 <unknown>\nE       #17 0x55e44455aed4 <unknown>\nE       #18 0x7f31fde94ac3 <unknown>\n\n.venv/lib/python3.11/site-packages/selenium/webdriver/support/wait.py:95: TimeoutException","steps":[],"attachments":[{"uid":"d4d5f5e291499045","name":"public ip address","source":"d4d5f5e291499045.txt","type":"text/plain","size":14},{"uid":"8821d88d81f5dbd4","name":"Cookies","source":"8821d88d81f5dbd4.json","type":"application/json","size":2},{"uid":"48d7553461d2b33c","name":"Session Storage","source":"48d7553461d2b33c.json","type":"application/json","size":2},{"uid":"cf9af1cd9bfca16c","name":"Local Storage","source":"cf9af1cd9bfca16c.json","type":"application/json","size":2},{"uid":"54f64ede01a2240b","name":"Console Logs","source":"54f64ede01a2240b.json","type":"application/json","size":2},{"uid":"85e8a42ab82cf1ae","name":"Full Page Screenshot","source":"85e8a42ab82cf1ae.png","type":"image/png","size":2655641},{"uid":"a7ae9b9518b83eaf","name":"URL","source":"a7ae9b9518b83eaf.uri","type":"text/uri-list","size":25},{"uid":"41759d22e01f129a","name":"Network Logs","source":"41759d22e01f129a.json","type":"application/json","size":14027}],"parameters":[],"shouldDisplayMessage":true,"stepsCount":0,"attachmentsCount":8,"hasContent":true,"attachmentStep":false},"afterStages":[],"labels":[{"name":"epic","value":"Workspaces"},{"name":"severity","value":"normal"},{"name":"story","value":"WorkSpaces Creation and Editing Functionality"},{"name":"tag","value":"run(order=1)"},{"name":"parentSuite","value":"tests"},{"name":"suite","value":"test_workspaces"},{"name":"subSuite","value":"TestWorkspaces"},{"name":"host","value":"fv-az973-512"},{"name":"thread","value":"2147-MainThread"},{"name":"framework","value":"pytest"},{"name":"language","value":"cpython3"},{"name":"package","value":"tests.test_workspaces"},{"name":"resultFormat","value":"allure2"}],"parameters":[],"links":[],"hidden":false,"retry":false,"extra":{"severity":"normal","retries":[],"categories":[{"name":"Test defects","matchedStatuses":[],"flaky":false}],"tags":["run(order=1)"]},"source":"cceea7c2e43a183f.json","parameterValues":[]}