{"uid":"3078f16d7ab5b09b","name":"Forgot Password with valid email test","fullName":"tests.test_forgot_password.TestForgotPassword#test_valid_email","historyId":"7ff7e178fd4f5b4b8deb31c8fc69c6a9","time":{"start":1699664635908,"stop":1699664646256,"duration":10348},"description":"Forgot password with a valid email address","descriptionHtml":"<p>Forgot password with a valid email address</p>\n","status":"broken","statusMessage":"selenium.common.exceptions.TimeoutException: Message: \nStacktrace:\n#0 0x56261fabbfb3 <unknown>\n#1 0x56261f78f4a7 <unknown>\n#2 0x56261f7d6dd6 <unknown>\n#3 0x56261f7d6ec1 <unknown>\n#4 0x56261f814354 <unknown>\n#5 0x56261f7f896d <unknown>\n#6 0x56261f811c02 <unknown>\n#7 0x56261f7f8713 <unknown>\n#8 0x56261f7cb18b <unknown>\n#9 0x56261f7cbf7e <unknown>\n#10 0x56261fa818d8 <unknown>\n#11 0x56261fa85800 <unknown>\n#12 0x56261fa8fcfc <unknown>\n#13 0x56261fa86418 <unknown>\n#14 0x56261fa5342f <unknown>\n#15 0x56261faaa4e8 <unknown>\n#16 0x56261faaa6b4 <unknown>\n#17 0x56261fabb143 <unknown>\n#18 0x7fa7ba494ac3 <unknown>","statusTrace":"self = <tests.test_forgot_password.TestForgotPassword object at 0x7f8b9b6f1ed0>\njson_data = {'forgot_password': {'error_message': \"We can't find a user with that e-mail address.\", 'success_message': 'A reset li...you page', 'name': 'test', 'new_name': 'another test', 'no_project_found_msg': 'No project matches the criteria', ...}}\nsecret_data = {'email': '', 'password': ''}\n\n    @allure.description(\"Forgot password with a valid email address\")\n    @allure.title(\"Forgot Password with valid email test\")\n    def test_valid_email(self, json_data: dict, secret_data: dict):\n>       self.about_page.click_login_link()\n\ntests/test_forgot_password.py:19: \n_ _ _ _ _ _ _ _ _ _ _ _ _ _ _ _ _ _ _ _ _ _ _ _ _ _ _ _ _ _ _ _ _ _ _ _ _ _ _ _ \npages/about_page.py:20: in click_login_link\n    self.click(self.LOGIN_LINK)\npages/base_page.py:38: in click\n    el: WebElement = self.wait.until(\n_ _ _ _ _ _ _ _ _ _ _ _ _ _ _ _ _ _ _ _ _ _ _ _ _ _ _ _ _ _ _ _ _ _ _ _ _ _ _ _ \n\nself = <selenium.webdriver.support.wait.WebDriverWait (session=\"0c435104b976713283bf23847c70927f\")>\nmethod = <function element_to_be_clickable.<locals>._predicate at 0x7f8b9b3c31a0>\nmessage = ''\n\n    def until(self, method, message: str = \"\"):\n        \"\"\"Calls the method provided with the driver as an argument until the \\\n        return value does not evaluate to ``False``.\n    \n        :param method: callable(WebDriver)\n        :param message: optional message for :exc:`TimeoutException`\n        :returns: the result of the last call to `method`\n        :raises: :exc:`selenium.common.exceptions.TimeoutException` if timeout occurs\n        \"\"\"\n        screen = None\n        stacktrace = None\n    \n        end_time = time.monotonic() + self._timeout\n        while True:\n            try:\n                value = method(self._driver)\n                if value:\n                    return value\n            except self._ignored_exceptions as exc:\n                screen = getattr(exc, \"screen\", None)\n                stacktrace = getattr(exc, \"stacktrace\", None)\n            time.sleep(self._poll)\n            if time.monotonic() > end_time:\n                break\n>       raise TimeoutException(message, screen, stacktrace)\nE       selenium.common.exceptions.TimeoutException: Message: \nE       Stacktrace:\nE       #0 0x56261fabbfb3 <unknown>\nE       #1 0x56261f78f4a7 <unknown>\nE       #2 0x56261f7d6dd6 <unknown>\nE       #3 0x56261f7d6ec1 <unknown>\nE       #4 0x56261f814354 <unknown>\nE       #5 0x56261f7f896d <unknown>\nE       #6 0x56261f811c02 <unknown>\nE       #7 0x56261f7f8713 <unknown>\nE       #8 0x56261f7cb18b <unknown>\nE       #9 0x56261f7cbf7e <unknown>\nE       #10 0x56261fa818d8 <unknown>\nE       #11 0x56261fa85800 <unknown>\nE       #12 0x56261fa8fcfc <unknown>\nE       #13 0x56261fa86418 <unknown>\nE       #14 0x56261fa5342f <unknown>\nE       #15 0x56261faaa4e8 <unknown>\nE       #16 0x56261faaa6b4 <unknown>\nE       #17 0x56261fabb143 <unknown>\nE       #18 0x7fa7ba494ac3 <unknown>\n\n.venv/lib/python3.11/site-packages/selenium/webdriver/support/wait.py:95: TimeoutException","flaky":false,"newFailed":false,"newBroken":false,"newPassed":false,"retriesCount":0,"retriesStatusChange":false,"beforeStages":[{"name":"_verify_url","time":{"start":1699664459726,"stop":1699664459727,"duration":1},"status":"passed","steps":[],"attachments":[],"parameters":[],"shouldDisplayMessage":false,"stepsCount":0,"attachmentsCount":0,"hasContent":false},{"name":"base_url","time":{"start":1699664459726,"stop":1699664459726,"duration":0},"status":"passed","steps":[],"attachments":[],"parameters":[],"shouldDisplayMessage":false,"stepsCount":0,"attachmentsCount":0,"hasContent":false},{"name":"secret_data","time":{"start":1699664459727,"stop":1699664459727,"duration":0},"status":"passed","steps":[],"attachments":[],"parameters":[],"shouldDisplayMessage":false,"stepsCount":0,"attachmentsCount":0,"hasContent":false},{"name":"json_data","time":{"start":1699664459727,"stop":1699664459727,"duration":0},"status":"passed","steps":[],"attachments":[],"parameters":[],"shouldDisplayMessage":false,"stepsCount":0,"attachmentsCount":0,"hasContent":false}],"testStage":{"description":"Forgot password with a valid email address","status":"broken","statusMessage":"selenium.common.exceptions.TimeoutException: Message: \nStacktrace:\n#0 0x56261fabbfb3 <unknown>\n#1 0x56261f78f4a7 <unknown>\n#2 0x56261f7d6dd6 <unknown>\n#3 0x56261f7d6ec1 <unknown>\n#4 0x56261f814354 <unknown>\n#5 0x56261f7f896d <unknown>\n#6 0x56261f811c02 <unknown>\n#7 0x56261f7f8713 <unknown>\n#8 0x56261f7cb18b <unknown>\n#9 0x56261f7cbf7e <unknown>\n#10 0x56261fa818d8 <unknown>\n#11 0x56261fa85800 <unknown>\n#12 0x56261fa8fcfc <unknown>\n#13 0x56261fa86418 <unknown>\n#14 0x56261fa5342f <unknown>\n#15 0x56261faaa4e8 <unknown>\n#16 0x56261faaa6b4 <unknown>\n#17 0x56261fabb143 <unknown>\n#18 0x7fa7ba494ac3 <unknown>","statusTrace":"self = <tests.test_forgot_password.TestForgotPassword object at 0x7f8b9b6f1ed0>\njson_data = {'forgot_password': {'error_message': \"We can't find a user with that e-mail address.\", 'success_message': 'A reset li...you page', 'name': 'test', 'new_name': 'another test', 'no_project_found_msg': 'No project matches the criteria', ...}}\nsecret_data = {'email': '', 'password': ''}\n\n    @allure.description(\"Forgot password with a valid email address\")\n    @allure.title(\"Forgot Password with valid email test\")\n    def test_valid_email(self, json_data: dict, secret_data: dict):\n>       self.about_page.click_login_link()\n\ntests/test_forgot_password.py:19: \n_ _ _ _ _ _ _ _ _ _ _ _ _ _ _ _ _ _ _ _ _ _ _ _ _ _ _ _ _ _ _ _ _ _ _ _ _ _ _ _ \npages/about_page.py:20: in click_login_link\n    self.click(self.LOGIN_LINK)\npages/base_page.py:38: in click\n    el: WebElement = self.wait.until(\n_ _ _ _ _ _ _ _ _ _ _ _ _ _ _ _ _ _ _ _ _ _ _ _ _ _ _ _ _ _ _ _ _ _ _ _ _ _ _ _ \n\nself = <selenium.webdriver.support.wait.WebDriverWait (session=\"0c435104b976713283bf23847c70927f\")>\nmethod = <function element_to_be_clickable.<locals>._predicate at 0x7f8b9b3c31a0>\nmessage = ''\n\n    def until(self, method, message: str = \"\"):\n        \"\"\"Calls the method provided with the driver as an argument until the \\\n        return value does not evaluate to ``False``.\n    \n        :param method: callable(WebDriver)\n        :param message: optional message for :exc:`TimeoutException`\n        :returns: the result of the last call to `method`\n        :raises: :exc:`selenium.common.exceptions.TimeoutException` if timeout occurs\n        \"\"\"\n        screen = None\n        stacktrace = None\n    \n        end_time = time.monotonic() + self._timeout\n        while True:\n            try:\n                value = method(self._driver)\n                if value:\n                    return value\n            except self._ignored_exceptions as exc:\n                screen = getattr(exc, \"screen\", None)\n                stacktrace = getattr(exc, \"stacktrace\", None)\n            time.sleep(self._poll)\n            if time.monotonic() > end_time:\n                break\n>       raise TimeoutException(message, screen, stacktrace)\nE       selenium.common.exceptions.TimeoutException: Message: \nE       Stacktrace:\nE       #0 0x56261fabbfb3 <unknown>\nE       #1 0x56261f78f4a7 <unknown>\nE       #2 0x56261f7d6dd6 <unknown>\nE       #3 0x56261f7d6ec1 <unknown>\nE       #4 0x56261f814354 <unknown>\nE       #5 0x56261f7f896d <unknown>\nE       #6 0x56261f811c02 <unknown>\nE       #7 0x56261f7f8713 <unknown>\nE       #8 0x56261f7cb18b <unknown>\nE       #9 0x56261f7cbf7e <unknown>\nE       #10 0x56261fa818d8 <unknown>\nE       #11 0x56261fa85800 <unknown>\nE       #12 0x56261fa8fcfc <unknown>\nE       #13 0x56261fa86418 <unknown>\nE       #14 0x56261fa5342f <unknown>\nE       #15 0x56261faaa4e8 <unknown>\nE       #16 0x56261faaa6b4 <unknown>\nE       #17 0x56261fabb143 <unknown>\nE       #18 0x7fa7ba494ac3 <unknown>\n\n.venv/lib/python3.11/site-packages/selenium/webdriver/support/wait.py:95: TimeoutException","steps":[{"name":"Click Login link","time":{"start":1699664635908,"stop":1699664646255,"duration":10347},"status":"broken","statusMessage":"selenium.common.exceptions.TimeoutException: Message: \nStacktrace:\n#0 0x56261fabbfb3 <unknown>\n#1 0x56261f78f4a7 <unknown>\n#2 0x56261f7d6dd6 <unknown>\n#3 0x56261f7d6ec1 <unknown>\n#4 0x56261f814354 <unknown>\n#5 0x56261f7f896d <unknown>\n#6 0x56261f811c02 <unknown>\n#7 0x56261f7f8713 <unknown>\n#8 0x56261f7cb18b <unknown>\n#9 0x56261f7cbf7e <unknown>\n#10 0x56261fa818d8 <unknown>\n#11 0x56261fa85800 <unknown>\n#12 0x56261fa8fcfc <unknown>\n#13 0x56261fa86418 <unknown>\n#14 0x56261fa5342f <unknown>\n#15 0x56261faaa4e8 <unknown>\n#16 0x56261faaa6b4 <unknown>\n#17 0x56261fabb143 <unknown>\n#18 0x7fa7ba494ac3 <unknown>\n\n","statusTrace":"  File \"/home/runner/work/kisangateway-test/kisangateway-test/.venv/lib/python3.11/site-packages/allure_commons/_allure.py\", line 192, in impl\n    return func(*a, **kw)\n           ^^^^^^^^^^^^^^\n  File \"/home/runner/work/kisangateway-test/kisangateway-test/pages/about_page.py\", line 20, in click_login_link\n    self.click(self.LOGIN_LINK)\n  File \"/home/runner/work/kisangateway-test/kisangateway-test/pages/base_page.py\", line 38, in click\n    el: WebElement = self.wait.until(\n                     ^^^^^^^^^^^^^^^^\n  File \"/home/runner/work/kisangateway-test/kisangateway-test/.venv/lib/python3.11/site-packages/selenium/webdriver/support/wait.py\", line 95, in until\n    raise TimeoutException(message, screen, stacktrace)\n","steps":[],"attachments":[],"parameters":[],"shouldDisplayMessage":true,"stepsCount":0,"attachmentsCount":0,"hasContent":true}],"attachments":[{"uid":"cf399529a05290b3","name":"public ip address","source":"cf399529a05290b3.txt","type":"text/plain","size":13},{"uid":"9743cf23439842b9","name":"Cookies","source":"9743cf23439842b9.json","type":"application/json","size":2},{"uid":"99ce31ce87a492fc","name":"Session Storage","source":"99ce31ce87a492fc.json","type":"application/json","size":2},{"uid":"50d2047105344a6f","name":"Local Storage","source":"50d2047105344a6f.json","type":"application/json","size":2},{"uid":"368fd419475f8b55","name":"Console Logs","source":"368fd419475f8b55.json","type":"application/json","size":2},{"uid":"68b7806181425714","name":"Full Page Screenshot","source":"68b7806181425714.png","type":"image/png","size":1496512},{"uid":"391e0ee7cf56863","name":"URL","source":"391e0ee7cf56863.uri","type":"text/uri-list","size":25},{"uid":"1c8fd829f67b8114","name":"Network Logs","source":"1c8fd829f67b8114.json","type":"application/json","size":14028}],"parameters":[],"shouldDisplayMessage":true,"stepsCount":1,"attachmentsCount":8,"hasContent":true},"afterStages":[],"labels":[{"name":"parentSuite","value":"Custom parent suite"},{"name":"epic","value":"Security"},{"name":"suite","value":"Custom suite"},{"name":"story","value":"Forgot Password Feature's Functionality"},{"name":"subSuite","value":"Custom sub suite"},{"name":"severity","value":"critical"},{"name":"tag","value":"security"},{"name":"host","value":"fv-az221-772"},{"name":"thread","value":"2162-MainThread"},{"name":"framework","value":"pytest"},{"name":"language","value":"cpython3"},{"name":"package","value":"tests.test_forgot_password"},{"name":"resultFormat","value":"allure2"}],"parameters":[],"links":[],"hidden":false,"retry":false,"extra":{"severity":"critical","retries":[],"categories":[{"name":"Test defects","matchedStatuses":[],"flaky":false}],"tags":["security"]},"source":"3078f16d7ab5b09b.json","parameterValues":[]}