{"uid":"6720ce8f646acd3f","name":"Login with valid credentials test","fullName":"tests.test_login.TestLogin#test_valid_login","historyId":"e7f254b9bfd5f2bc8d4a1ffa6dc7aebb","time":{"start":1699664459729,"stop":1699664470058,"duration":10329},"description":"valid login","descriptionHtml":"<p>valid login</p>\n","status":"broken","statusMessage":"selenium.common.exceptions.TimeoutException: Message: \nStacktrace:\n#0 0x561590fb5fb3 <unknown>\n#1 0x561590c894a7 <unknown>\n#2 0x561590cd0dd6 <unknown>\n#3 0x561590cd0ec1 <unknown>\n#4 0x561590d0e354 <unknown>\n#5 0x561590cf296d <unknown>\n#6 0x561590d0bc02 <unknown>\n#7 0x561590cf2713 <unknown>\n#8 0x561590cc518b <unknown>\n#9 0x561590cc5f7e <unknown>\n#10 0x561590f7b8d8 <unknown>\n#11 0x561590f7f800 <unknown>\n#12 0x561590f89cfc <unknown>\n#13 0x561590f80418 <unknown>\n#14 0x561590f4d42f <unknown>\n#15 0x561590fa44e8 <unknown>\n#16 0x561590fa46b4 <unknown>\n#17 0x561590fb5143 <unknown>\n#18 0x7f2fe4294ac3 <unknown>","statusTrace":"self = <tests.test_login.TestLogin object at 0x7f8b9b6ee310>\nsecret_data = {'email': '', 'password': ''}\njson_data = {'forgot_password': {'error_message': \"We can't find a user with that e-mail address.\", 'success_message': 'A reset li...you page', 'name': 'test', 'new_name': 'another test', 'no_project_found_msg': 'No project matches the criteria', ...}}\n\n    @allure.description(\"valid login\")\n    @allure.title(\"Login with valid credentials test\")\n    @allure.tag(\"Tagged test\")\n    @pytest.mark.run(order=1)\n    def test_valid_login(self, secret_data: dict, json_data: dict):\n>       self.about_page.click_login_link()\n\ntests/test_login.py:39: \n_ _ _ _ _ _ _ _ _ _ _ _ _ _ _ _ _ _ _ _ _ _ _ _ _ _ _ _ _ _ _ _ _ _ _ _ _ _ _ _ \npages/about_page.py:20: in click_login_link\n    self.click(self.LOGIN_LINK)\npages/base_page.py:38: in click\n    el: WebElement = self.wait.until(\n_ _ _ _ _ _ _ _ _ _ _ _ _ _ _ _ _ _ _ _ _ _ _ _ _ _ _ _ _ _ _ _ _ _ _ _ _ _ _ _ \n\nself = <selenium.webdriver.support.wait.WebDriverWait (session=\"05423f9f362c9be6a1747e8be48ebee9\")>\nmethod = <function element_to_be_clickable.<locals>._predicate at 0x7f8b9b5d8220>\nmessage = ''\n\n    def until(self, method, message: str = \"\"):\n        \"\"\"Calls the method provided with the driver as an argument until the \\\n        return value does not evaluate to ``False``.\n    \n        :param method: callable(WebDriver)\n        :param message: optional message for :exc:`TimeoutException`\n        :returns: the result of the last call to `method`\n        :raises: :exc:`selenium.common.exceptions.TimeoutException` if timeout occurs\n        \"\"\"\n        screen = None\n        stacktrace = None\n    \n        end_time = time.monotonic() + self._timeout\n        while True:\n            try:\n                value = method(self._driver)\n                if value:\n                    return value\n            except self._ignored_exceptions as exc:\n                screen = getattr(exc, \"screen\", None)\n                stacktrace = getattr(exc, \"stacktrace\", None)\n            time.sleep(self._poll)\n            if time.monotonic() > end_time:\n                break\n>       raise TimeoutException(message, screen, stacktrace)\nE       selenium.common.exceptions.TimeoutException: Message: \nE       Stacktrace:\nE       #0 0x561590fb5fb3 <unknown>\nE       #1 0x561590c894a7 <unknown>\nE       #2 0x561590cd0dd6 <unknown>\nE       #3 0x561590cd0ec1 <unknown>\nE       #4 0x561590d0e354 <unknown>\nE       #5 0x561590cf296d <unknown>\nE       #6 0x561590d0bc02 <unknown>\nE       #7 0x561590cf2713 <unknown>\nE       #8 0x561590cc518b <unknown>\nE       #9 0x561590cc5f7e <unknown>\nE       #10 0x561590f7b8d8 <unknown>\nE       #11 0x561590f7f800 <unknown>\nE       #12 0x561590f89cfc <unknown>\nE       #13 0x561590f80418 <unknown>\nE       #14 0x561590f4d42f <unknown>\nE       #15 0x561590fa44e8 <unknown>\nE       #16 0x561590fa46b4 <unknown>\nE       #17 0x561590fb5143 <unknown>\nE       #18 0x7f2fe4294ac3 <unknown>\n\n.venv/lib/python3.11/site-packages/selenium/webdriver/support/wait.py:95: TimeoutException","flaky":false,"newFailed":false,"newBroken":false,"newPassed":false,"retriesCount":0,"retriesStatusChange":false,"beforeStages":[{"name":"_verify_url","time":{"start":1699664459726,"stop":1699664459727,"duration":1},"status":"passed","steps":[],"attachments":[],"parameters":[],"shouldDisplayMessage":false,"stepsCount":0,"attachmentsCount":0,"hasContent":false},{"name":"base_url","time":{"start":1699664459726,"stop":1699664459726,"duration":0},"status":"passed","steps":[],"attachments":[],"parameters":[],"shouldDisplayMessage":false,"stepsCount":0,"attachmentsCount":0,"hasContent":false},{"name":"secret_data","time":{"start":1699664459727,"stop":1699664459727,"duration":0},"status":"passed","steps":[],"attachments":[],"parameters":[],"shouldDisplayMessage":false,"stepsCount":0,"attachmentsCount":0,"hasContent":false},{"name":"json_data","time":{"start":1699664459727,"stop":1699664459727,"duration":0},"status":"passed","steps":[],"attachments":[],"parameters":[],"shouldDisplayMessage":false,"stepsCount":0,"attachmentsCount":0,"hasContent":false}],"testStage":{"description":"valid login","status":"broken","statusMessage":"selenium.common.exceptions.TimeoutException: Message: \nStacktrace:\n#0 0x561590fb5fb3 <unknown>\n#1 0x561590c894a7 <unknown>\n#2 0x561590cd0dd6 <unknown>\n#3 0x561590cd0ec1 <unknown>\n#4 0x561590d0e354 <unknown>\n#5 0x561590cf296d <unknown>\n#6 0x561590d0bc02 <unknown>\n#7 0x561590cf2713 <unknown>\n#8 0x561590cc518b <unknown>\n#9 0x561590cc5f7e <unknown>\n#10 0x561590f7b8d8 <unknown>\n#11 0x561590f7f800 <unknown>\n#12 0x561590f89cfc <unknown>\n#13 0x561590f80418 <unknown>\n#14 0x561590f4d42f <unknown>\n#15 0x561590fa44e8 <unknown>\n#16 0x561590fa46b4 <unknown>\n#17 0x561590fb5143 <unknown>\n#18 0x7f2fe4294ac3 <unknown>","statusTrace":"self = <tests.test_login.TestLogin object at 0x7f8b9b6ee310>\nsecret_data = {'email': '', 'password': ''}\njson_data = {'forgot_password': {'error_message': \"We can't find a user with that e-mail address.\", 'success_message': 'A reset li...you page', 'name': 'test', 'new_name': 'another test', 'no_project_found_msg': 'No project matches the criteria', ...}}\n\n    @allure.description(\"valid login\")\n    @allure.title(\"Login with valid credentials test\")\n    @allure.tag(\"Tagged test\")\n    @pytest.mark.run(order=1)\n    def test_valid_login(self, secret_data: dict, json_data: dict):\n>       self.about_page.click_login_link()\n\ntests/test_login.py:39: \n_ _ _ _ _ _ _ _ _ _ _ _ _ _ _ _ _ _ _ _ _ _ _ _ _ _ _ _ _ _ _ _ _ _ _ _ _ _ _ _ \npages/about_page.py:20: in click_login_link\n    self.click(self.LOGIN_LINK)\npages/base_page.py:38: in click\n    el: WebElement = self.wait.until(\n_ _ _ _ _ _ _ _ _ _ _ _ _ _ _ _ _ _ _ _ _ _ _ _ _ _ _ _ _ _ _ _ _ _ _ _ _ _ _ _ \n\nself = <selenium.webdriver.support.wait.WebDriverWait (session=\"05423f9f362c9be6a1747e8be48ebee9\")>\nmethod = <function element_to_be_clickable.<locals>._predicate at 0x7f8b9b5d8220>\nmessage = ''\n\n    def until(self, method, message: str = \"\"):\n        \"\"\"Calls the method provided with the driver as an argument until the \\\n        return value does not evaluate to ``False``.\n    \n        :param method: callable(WebDriver)\n        :param message: optional message for :exc:`TimeoutException`\n        :returns: the result of the last call to `method`\n        :raises: :exc:`selenium.common.exceptions.TimeoutException` if timeout occurs\n        \"\"\"\n        screen = None\n        stacktrace = None\n    \n        end_time = time.monotonic() + self._timeout\n        while True:\n            try:\n                value = method(self._driver)\n                if value:\n                    return value\n            except self._ignored_exceptions as exc:\n                screen = getattr(exc, \"screen\", None)\n                stacktrace = getattr(exc, \"stacktrace\", None)\n            time.sleep(self._poll)\n            if time.monotonic() > end_time:\n                break\n>       raise TimeoutException(message, screen, stacktrace)\nE       selenium.common.exceptions.TimeoutException: Message: \nE       Stacktrace:\nE       #0 0x561590fb5fb3 <unknown>\nE       #1 0x561590c894a7 <unknown>\nE       #2 0x561590cd0dd6 <unknown>\nE       #3 0x561590cd0ec1 <unknown>\nE       #4 0x561590d0e354 <unknown>\nE       #5 0x561590cf296d <unknown>\nE       #6 0x561590d0bc02 <unknown>\nE       #7 0x561590cf2713 <unknown>\nE       #8 0x561590cc518b <unknown>\nE       #9 0x561590cc5f7e <unknown>\nE       #10 0x561590f7b8d8 <unknown>\nE       #11 0x561590f7f800 <unknown>\nE       #12 0x561590f89cfc <unknown>\nE       #13 0x561590f80418 <unknown>\nE       #14 0x561590f4d42f <unknown>\nE       #15 0x561590fa44e8 <unknown>\nE       #16 0x561590fa46b4 <unknown>\nE       #17 0x561590fb5143 <unknown>\nE       #18 0x7f2fe4294ac3 <unknown>\n\n.venv/lib/python3.11/site-packages/selenium/webdriver/support/wait.py:95: TimeoutException","steps":[{"name":"Click Login link","time":{"start":1699664459729,"stop":1699664470056,"duration":10327},"status":"broken","statusMessage":"selenium.common.exceptions.TimeoutException: Message: \nStacktrace:\n#0 0x561590fb5fb3 <unknown>\n#1 0x561590c894a7 <unknown>\n#2 0x561590cd0dd6 <unknown>\n#3 0x561590cd0ec1 <unknown>\n#4 0x561590d0e354 <unknown>\n#5 0x561590cf296d <unknown>\n#6 0x561590d0bc02 <unknown>\n#7 0x561590cf2713 <unknown>\n#8 0x561590cc518b <unknown>\n#9 0x561590cc5f7e <unknown>\n#10 0x561590f7b8d8 <unknown>\n#11 0x561590f7f800 <unknown>\n#12 0x561590f89cfc <unknown>\n#13 0x561590f80418 <unknown>\n#14 0x561590f4d42f <unknown>\n#15 0x561590fa44e8 <unknown>\n#16 0x561590fa46b4 <unknown>\n#17 0x561590fb5143 <unknown>\n#18 0x7f2fe4294ac3 <unknown>\n\n","statusTrace":"  File \"/home/runner/work/kisangateway-test/kisangateway-test/.venv/lib/python3.11/site-packages/allure_commons/_allure.py\", line 192, in impl\n    return func(*a, **kw)\n           ^^^^^^^^^^^^^^\n  File \"/home/runner/work/kisangateway-test/kisangateway-test/pages/about_page.py\", line 20, in click_login_link\n    self.click(self.LOGIN_LINK)\n  File \"/home/runner/work/kisangateway-test/kisangateway-test/pages/base_page.py\", line 38, in click\n    el: WebElement = self.wait.until(\n                     ^^^^^^^^^^^^^^^^\n  File \"/home/runner/work/kisangateway-test/kisangateway-test/.venv/lib/python3.11/site-packages/selenium/webdriver/support/wait.py\", line 95, in until\n    raise TimeoutException(message, screen, stacktrace)\n","steps":[],"attachments":[],"parameters":[],"shouldDisplayMessage":true,"stepsCount":0,"attachmentsCount":0,"hasContent":true}],"attachments":[{"uid":"e7f0af0d65f6791d","name":"public ip address","source":"e7f0af0d65f6791d.txt","type":"text/plain","size":13},{"uid":"9d5735e0f21a2a76","name":"Cookies","source":"9d5735e0f21a2a76.json","type":"application/json","size":2},{"uid":"f0a7c0a45cecf0fa","name":"Session Storage","source":"f0a7c0a45cecf0fa.json","type":"application/json","size":2},{"uid":"5e0b029d8e387081","name":"Local Storage","source":"5e0b029d8e387081.json","type":"application/json","size":2},{"uid":"76dcc103dae18122","name":"Console Logs","source":"76dcc103dae18122.json","type":"application/json","size":2},{"uid":"130086fb08ae562b","name":"Full Page Screenshot","source":"130086fb08ae562b.png","type":"image/png","size":1496512},{"uid":"f680ba4a6d11a971","name":"URL","source":"f680ba4a6d11a971.uri","type":"text/uri-list","size":25},{"uid":"aea049aeb8cfcb78","name":"Network Logs","source":"aea049aeb8cfcb78.json","type":"application/json","size":14033}],"parameters":[],"shouldDisplayMessage":true,"stepsCount":1,"attachmentsCount":8,"hasContent":true},"afterStages":[],"labels":[{"name":"epic","value":"Security"},{"name":"severity","value":"blocker"},{"name":"tag","value":"Tagged test"},{"name":"feature","value":"Login"},{"name":"tag","value":"run(order=1)"},{"name":"tag","value":"security"},{"name":"parentSuite","value":"tests"},{"name":"suite","value":"test_login"},{"name":"subSuite","value":"TestLogin"},{"name":"host","value":"fv-az221-772"},{"name":"thread","value":"2162-MainThread"},{"name":"framework","value":"pytest"},{"name":"language","value":"cpython3"},{"name":"package","value":"tests.test_login"},{"name":"resultFormat","value":"allure2"}],"parameters":[],"links":[],"hidden":false,"retry":false,"extra":{"severity":"blocker","retries":[],"categories":[{"name":"Test defects","matchedStatuses":[],"flaky":false}],"tags":["security","Tagged test","run(order=1)"]},"source":"6720ce8f646acd3f.json","parameterValues":[]}