{"uid":"8d2ed162f19047fd","name":"Login with valid credentials test","fullName":"tests.test_login.TestLogin#test_valid_login","historyId":"e7f254b9bfd5f2bc8d4a1ffa6dc7aebb","time":{"start":1702429471785,"stop":1702429481961,"duration":10176},"description":"valid login","descriptionHtml":"<p>valid login</p>\n","status":"broken","statusMessage":"selenium.common.exceptions.TimeoutException: Message: \nStacktrace:\n#0 0x556b1ce765e3 <unknown>\n#1 0x556b1cb390b7 <unknown>\n#2 0x556b1cb86f53 <unknown>\n#3 0x556b1cb87051 <unknown>\n#4 0x556b1cbcc9c4 <unknown>\n#5 0x556b1cbadf1d <unknown>\n#6 0x556b1cbc9b3d <unknown>\n#7 0x556b1cbadcc3 <unknown>\n#8 0x556b1cb790e4 <unknown>\n#9 0x556b1cb7a0ae <unknown>\n#10 0x556b1ce3cce1 <unknown>\n#11 0x556b1ce40b7e <unknown>\n#12 0x556b1ce2a4b5 <unknown>\n#13 0x556b1ce417d6 <unknown>\n#14 0x556b1ce0ddbf <unknown>\n#15 0x556b1ce64748 <unknown>\n#16 0x556b1ce64917 <unknown>\n#17 0x556b1ce75773 <unknown>\n#18 0x7f4b17c94ac3 <unknown>","statusTrace":"self = <tests.test_login.TestLogin object at 0x7f982cc89410>\nsecret_data = {'email': '', 'password': ''}\njson_data = {'forgot_password': {'error_message': \"We can't find a user with that e-mail address.\", 'success_message': 'A reset li...you page', 'name': 'test', 'new_name': 'another test', 'no_project_found_msg': 'No project matches the criteria', ...}}\n\n    @allure.description(\"valid login\")\n    @allure.title(\"Login with valid credentials test\")\n    @allure.tag(\"Tagged test\")\n    @pytest.mark.run(order=1)\n    def test_valid_login(self, secret_data: dict, json_data: dict):\n>       self.about_page.click_login_link()\n\ntests/test_login.py:39: \n_ _ _ _ _ _ _ _ _ _ _ _ _ _ _ _ _ _ _ _ _ _ _ _ _ _ _ _ _ _ _ _ _ _ _ _ _ _ _ _ \npages/about_page.py:20: in click_login_link\n    self.click(self.LOGIN_LINK)\npages/base_page.py:38: in click\n    el: WebElement = self.wait.until(\n_ _ _ _ _ _ _ _ _ _ _ _ _ _ _ _ _ _ _ _ _ _ _ _ _ _ _ _ _ _ _ _ _ _ _ _ _ _ _ _ \n\nself = <selenium.webdriver.support.wait.WebDriverWait (session=\"c4f74a70fc92444a1528b4b38b9595bc\")>\nmethod = <function element_to_be_clickable.<locals>._predicate at 0x7f982cbf8860>\nmessage = ''\n\n    def until(self, method, message: str = \"\"):\n        \"\"\"Calls the method provided with the driver as an argument until the \\\n        return value does not evaluate to ``False``.\n    \n        :param method: callable(WebDriver)\n        :param message: optional message for :exc:`TimeoutException`\n        :returns: the result of the last call to `method`\n        :raises: :exc:`selenium.common.exceptions.TimeoutException` if timeout occurs\n        \"\"\"\n        screen = None\n        stacktrace = None\n    \n        end_time = time.monotonic() + self._timeout\n        while True:\n            try:\n                value = method(self._driver)\n                if value:\n                    return value\n            except self._ignored_exceptions as exc:\n                screen = getattr(exc, \"screen\", None)\n                stacktrace = getattr(exc, \"stacktrace\", None)\n            time.sleep(self._poll)\n            if time.monotonic() > end_time:\n                break\n>       raise TimeoutException(message, screen, stacktrace)\nE       selenium.common.exceptions.TimeoutException: Message: \nE       Stacktrace:\nE       #0 0x556b1ce765e3 <unknown>\nE       #1 0x556b1cb390b7 <unknown>\nE       #2 0x556b1cb86f53 <unknown>\nE       #3 0x556b1cb87051 <unknown>\nE       #4 0x556b1cbcc9c4 <unknown>\nE       #5 0x556b1cbadf1d <unknown>\nE       #6 0x556b1cbc9b3d <unknown>\nE       #7 0x556b1cbadcc3 <unknown>\nE       #8 0x556b1cb790e4 <unknown>\nE       #9 0x556b1cb7a0ae <unknown>\nE       #10 0x556b1ce3cce1 <unknown>\nE       #11 0x556b1ce40b7e <unknown>\nE       #12 0x556b1ce2a4b5 <unknown>\nE       #13 0x556b1ce417d6 <unknown>\nE       #14 0x556b1ce0ddbf <unknown>\nE       #15 0x556b1ce64748 <unknown>\nE       #16 0x556b1ce64917 <unknown>\nE       #17 0x556b1ce75773 <unknown>\nE       #18 0x7f4b17c94ac3 <unknown>\n\n.venv/lib/python3.11/site-packages/selenium/webdriver/support/wait.py:95: TimeoutException","flaky":false,"newFailed":false,"newBroken":false,"newPassed":false,"retriesCount":0,"retriesStatusChange":false,"beforeStages":[{"name":"_verify_url","time":{"start":1702429471784,"stop":1702429471784,"duration":0},"status":"passed","steps":[],"attachments":[],"parameters":[],"stepsCount":0,"attachmentsCount":0,"hasContent":false,"attachmentStep":false,"shouldDisplayMessage":false},{"name":"base_url","time":{"start":1702429471784,"stop":1702429471784,"duration":0},"status":"passed","steps":[],"attachments":[],"parameters":[],"stepsCount":0,"attachmentsCount":0,"hasContent":false,"attachmentStep":false,"shouldDisplayMessage":false},{"name":"json_data","time":{"start":1702429471785,"stop":1702429471785,"duration":0},"status":"passed","steps":[],"attachments":[],"parameters":[],"stepsCount":0,"attachmentsCount":0,"hasContent":false,"attachmentStep":false,"shouldDisplayMessage":false},{"name":"secret_data","time":{"start":1702429471785,"stop":1702429471785,"duration":0},"status":"passed","steps":[],"attachments":[],"parameters":[],"stepsCount":0,"attachmentsCount":0,"hasContent":false,"attachmentStep":false,"shouldDisplayMessage":false}],"testStage":{"description":"valid login","status":"broken","statusMessage":"selenium.common.exceptions.TimeoutException: Message: \nStacktrace:\n#0 0x556b1ce765e3 <unknown>\n#1 0x556b1cb390b7 <unknown>\n#2 0x556b1cb86f53 <unknown>\n#3 0x556b1cb87051 <unknown>\n#4 0x556b1cbcc9c4 <unknown>\n#5 0x556b1cbadf1d <unknown>\n#6 0x556b1cbc9b3d <unknown>\n#7 0x556b1cbadcc3 <unknown>\n#8 0x556b1cb790e4 <unknown>\n#9 0x556b1cb7a0ae <unknown>\n#10 0x556b1ce3cce1 <unknown>\n#11 0x556b1ce40b7e <unknown>\n#12 0x556b1ce2a4b5 <unknown>\n#13 0x556b1ce417d6 <unknown>\n#14 0x556b1ce0ddbf <unknown>\n#15 0x556b1ce64748 <unknown>\n#16 0x556b1ce64917 <unknown>\n#17 0x556b1ce75773 <unknown>\n#18 0x7f4b17c94ac3 <unknown>","statusTrace":"self = <tests.test_login.TestLogin object at 0x7f982cc89410>\nsecret_data = {'email': '', 'password': ''}\njson_data = {'forgot_password': {'error_message': \"We can't find a user with that e-mail address.\", 'success_message': 'A reset li...you page', 'name': 'test', 'new_name': 'another test', 'no_project_found_msg': 'No project matches the criteria', ...}}\n\n    @allure.description(\"valid login\")\n    @allure.title(\"Login with valid credentials test\")\n    @allure.tag(\"Tagged test\")\n    @pytest.mark.run(order=1)\n    def test_valid_login(self, secret_data: dict, json_data: dict):\n>       self.about_page.click_login_link()\n\ntests/test_login.py:39: \n_ _ _ _ _ _ _ _ _ _ _ _ _ _ _ _ _ _ _ _ _ _ _ _ _ _ _ _ _ _ _ _ _ _ _ _ _ _ _ _ \npages/about_page.py:20: in click_login_link\n    self.click(self.LOGIN_LINK)\npages/base_page.py:38: in click\n    el: WebElement = self.wait.until(\n_ _ _ _ _ _ _ _ _ _ _ _ _ _ _ _ _ _ _ _ _ _ _ _ _ _ _ _ _ _ _ _ _ _ _ _ _ _ _ _ \n\nself = <selenium.webdriver.support.wait.WebDriverWait (session=\"c4f74a70fc92444a1528b4b38b9595bc\")>\nmethod = <function element_to_be_clickable.<locals>._predicate at 0x7f982cbf8860>\nmessage = ''\n\n    def until(self, method, message: str = \"\"):\n        \"\"\"Calls the method provided with the driver as an argument until the \\\n        return value does not evaluate to ``False``.\n    \n        :param method: callable(WebDriver)\n        :param message: optional message for :exc:`TimeoutException`\n        :returns: the result of the last call to `method`\n        :raises: :exc:`selenium.common.exceptions.TimeoutException` if timeout occurs\n        \"\"\"\n        screen = None\n        stacktrace = None\n    \n        end_time = time.monotonic() + self._timeout\n        while True:\n            try:\n                value = method(self._driver)\n                if value:\n                    return value\n            except self._ignored_exceptions as exc:\n                screen = getattr(exc, \"screen\", None)\n                stacktrace = getattr(exc, \"stacktrace\", None)\n            time.sleep(self._poll)\n            if time.monotonic() > end_time:\n                break\n>       raise TimeoutException(message, screen, stacktrace)\nE       selenium.common.exceptions.TimeoutException: Message: \nE       Stacktrace:\nE       #0 0x556b1ce765e3 <unknown>\nE       #1 0x556b1cb390b7 <unknown>\nE       #2 0x556b1cb86f53 <unknown>\nE       #3 0x556b1cb87051 <unknown>\nE       #4 0x556b1cbcc9c4 <unknown>\nE       #5 0x556b1cbadf1d <unknown>\nE       #6 0x556b1cbc9b3d <unknown>\nE       #7 0x556b1cbadcc3 <unknown>\nE       #8 0x556b1cb790e4 <unknown>\nE       #9 0x556b1cb7a0ae <unknown>\nE       #10 0x556b1ce3cce1 <unknown>\nE       #11 0x556b1ce40b7e <unknown>\nE       #12 0x556b1ce2a4b5 <unknown>\nE       #13 0x556b1ce417d6 <unknown>\nE       #14 0x556b1ce0ddbf <unknown>\nE       #15 0x556b1ce64748 <unknown>\nE       #16 0x556b1ce64917 <unknown>\nE       #17 0x556b1ce75773 <unknown>\nE       #18 0x7f4b17c94ac3 <unknown>\n\n.venv/lib/python3.11/site-packages/selenium/webdriver/support/wait.py:95: TimeoutException","steps":[{"name":"Click Login link","time":{"start":1702429471785,"stop":1702429481961,"duration":10176},"status":"broken","statusMessage":"selenium.common.exceptions.TimeoutException: Message: \nStacktrace:\n#0 0x556b1ce765e3 <unknown>\n#1 0x556b1cb390b7 <unknown>\n#2 0x556b1cb86f53 <unknown>\n#3 0x556b1cb87051 <unknown>\n#4 0x556b1cbcc9c4 <unknown>\n#5 0x556b1cbadf1d <unknown>\n#6 0x556b1cbc9b3d <unknown>\n#7 0x556b1cbadcc3 <unknown>\n#8 0x556b1cb790e4 <unknown>\n#9 0x556b1cb7a0ae <unknown>\n#10 0x556b1ce3cce1 <unknown>\n#11 0x556b1ce40b7e <unknown>\n#12 0x556b1ce2a4b5 <unknown>\n#13 0x556b1ce417d6 <unknown>\n#14 0x556b1ce0ddbf <unknown>\n#15 0x556b1ce64748 <unknown>\n#16 0x556b1ce64917 <unknown>\n#17 0x556b1ce75773 <unknown>\n#18 0x7f4b17c94ac3 <unknown>\n\n","statusTrace":"  File \"/home/runner/work/kisangateway-test/kisangateway-test/.venv/lib/python3.11/site-packages/allure_commons/_allure.py\", line 192, in impl\n    return func(*a, **kw)\n           ^^^^^^^^^^^^^^\n  File \"/home/runner/work/kisangateway-test/kisangateway-test/pages/about_page.py\", line 20, in click_login_link\n    self.click(self.LOGIN_LINK)\n  File \"/home/runner/work/kisangateway-test/kisangateway-test/pages/base_page.py\", line 38, in click\n    el: WebElement = self.wait.until(\n                     ^^^^^^^^^^^^^^^^\n  File \"/home/runner/work/kisangateway-test/kisangateway-test/.venv/lib/python3.11/site-packages/selenium/webdriver/support/wait.py\", line 95, in until\n    raise TimeoutException(message, screen, stacktrace)\n","steps":[],"attachments":[],"parameters":[],"stepsCount":0,"attachmentsCount":0,"hasContent":true,"attachmentStep":false,"shouldDisplayMessage":true}],"attachments":[{"uid":"bbd8b1af3a33bb7","name":"public ip address","source":"bbd8b1af3a33bb7.txt","type":"text/plain","size":11},{"uid":"c5f1def80d047cf0","name":"Cookies","source":"c5f1def80d047cf0.json","type":"application/json","size":2},{"uid":"6ca78617869a6f7","name":"Session Storage","source":"6ca78617869a6f7.json","type":"application/json","size":2},{"uid":"b5dd600a319460f8","name":"Local Storage","source":"b5dd600a319460f8.json","type":"application/json","size":2},{"uid":"49a6ddd289bf718a","name":"Console Logs","source":"49a6ddd289bf718a.json","type":"application/json","size":2},{"uid":"c33d57297f76d4ff","name":"Full Page Screenshot","source":"c33d57297f76d4ff.png","type":"image/png","size":2931296},{"uid":"ed627f4bbee2a4c9","name":"URL","source":"ed627f4bbee2a4c9.uri","type":"text/uri-list","size":25},{"uid":"53a8c82dd450cb96","name":"Network Logs","source":"53a8c82dd450cb96.json","type":"application/json","size":14023}],"parameters":[],"stepsCount":1,"attachmentsCount":8,"hasContent":true,"attachmentStep":false,"shouldDisplayMessage":true},"afterStages":[],"labels":[{"name":"severity","value":"blocker"},{"name":"tag","value":"Tagged test"},{"name":"feature","value":"Login"},{"name":"epic","value":"Security"},{"name":"tag","value":"run(order=1)"},{"name":"tag","value":"security"},{"name":"parentSuite","value":"tests"},{"name":"suite","value":"test_login"},{"name":"subSuite","value":"TestLogin"},{"name":"host","value":"fv-az711-428"},{"name":"thread","value":"2284-MainThread"},{"name":"framework","value":"pytest"},{"name":"language","value":"cpython3"},{"name":"package","value":"tests.test_login"},{"name":"resultFormat","value":"allure2"}],"parameters":[],"links":[],"hidden":false,"retry":false,"extra":{"severity":"blocker","retries":[],"categories":[{"name":"Test defects","matchedStatuses":[],"flaky":false}],"tags":["security","Tagged test","run(order=1)"]},"source":"8d2ed162f19047fd.json","parameterValues":[]}