{"uid":"19dae28bad9a5689","name":"Delete existing workspace","fullName":"tests.test_workspaces.TestWorkspaces#test_delete_workspace","historyId":"426122535a758ca0ac1fcc53a87d9a4f","time":{"start":1701133551615,"stop":1701133551615,"duration":0},"description":"Delete an existing workspace","descriptionHtml":"<p>Delete an existing workspace</p>\n","status":"broken","statusMessage":"selenium.common.exceptions.TimeoutException: Message: \nStacktrace:\n#0 0x556ed887c5e3 <unknown>\n#1 0x556ed853f0b7 <unknown>\n#2 0x556ed858cf53 <unknown>\n#3 0x556ed858d051 <unknown>\n#4 0x556ed85d29c4 <unknown>\n#5 0x556ed85b3f1d <unknown>\n#6 0x556ed85cfb3d <unknown>\n#7 0x556ed85b3cc3 <unknown>\n#8 0x556ed857f0e4 <unknown>\n#9 0x556ed85800ae <unknown>\n#10 0x556ed8842ce1 <unknown>\n#11 0x556ed8846b7e <unknown>\n#12 0x556ed88304b5 <unknown>\n#13 0x556ed88477d6 <unknown>\n#14 0x556ed8813dbf <unknown>\n#15 0x556ed886a748 <unknown>\n#16 0x556ed886a917 <unknown>\n#17 0x556ed887b773 <unknown>\n#18 0x7f8de4e94ac3 <unknown>","statusTrace":"self = <tests.test_workspaces.TestWorkspaces object at 0x7f50f52c3510>\nsecret_data = {'email': '', 'password': ''}\n\n    @pytest.fixture(autouse=True)\n    def setup_method_fixture(self, secret_data: dict):\n>       login(secret_data, self.about_page, self.login_page)\n\ntests/test_workspaces.py:23: \n_ _ _ _ _ _ _ _ _ _ _ _ _ _ _ _ _ _ _ _ _ _ _ _ _ _ _ _ _ _ _ _ _ _ _ _ _ _ _ _ \ntests/test_workspaces.py:13: in login\n    about_page.click_login_link()\npages/about_page.py:20: in click_login_link\n    self.click(self.LOGIN_LINK)\npages/base_page.py:38: in click\n    el: WebElement = self.wait.until(\n_ _ _ _ _ _ _ _ _ _ _ _ _ _ _ _ _ _ _ _ _ _ _ _ _ _ _ _ _ _ _ _ _ _ _ _ _ _ _ _ \n\nself = <selenium.webdriver.support.wait.WebDriverWait (session=\"4211ca7473038a2eed55d78220314386\")>\nmethod = <function element_to_be_clickable.<locals>._predicate at 0x7f50f4fd8540>\nmessage = ''\n\n    def until(self, method, message: str = \"\"):\n        \"\"\"Calls the method provided with the driver as an argument until the \\\n        return value does not evaluate to ``False``.\n    \n        :param method: callable(WebDriver)\n        :param message: optional message for :exc:`TimeoutException`\n        :returns: the result of the last call to `method`\n        :raises: :exc:`selenium.common.exceptions.TimeoutException` if timeout occurs\n        \"\"\"\n        screen = None\n        stacktrace = None\n    \n        end_time = time.monotonic() + self._timeout\n        while True:\n            try:\n                value = method(self._driver)\n                if value:\n                    return value\n            except self._ignored_exceptions as exc:\n                screen = getattr(exc, \"screen\", None)\n                stacktrace = getattr(exc, \"stacktrace\", None)\n            time.sleep(self._poll)\n            if time.monotonic() > end_time:\n                break\n>       raise TimeoutException(message, screen, stacktrace)\nE       selenium.common.exceptions.TimeoutException: Message: \nE       Stacktrace:\nE       #0 0x556ed887c5e3 <unknown>\nE       #1 0x556ed853f0b7 <unknown>\nE       #2 0x556ed858cf53 <unknown>\nE       #3 0x556ed858d051 <unknown>\nE       #4 0x556ed85d29c4 <unknown>\nE       #5 0x556ed85b3f1d <unknown>\nE       #6 0x556ed85cfb3d <unknown>\nE       #7 0x556ed85b3cc3 <unknown>\nE       #8 0x556ed857f0e4 <unknown>\nE       #9 0x556ed85800ae <unknown>\nE       #10 0x556ed8842ce1 <unknown>\nE       #11 0x556ed8846b7e <unknown>\nE       #12 0x556ed88304b5 <unknown>\nE       #13 0x556ed88477d6 <unknown>\nE       #14 0x556ed8813dbf <unknown>\nE       #15 0x556ed886a748 <unknown>\nE       #16 0x556ed886a917 <unknown>\nE       #17 0x556ed887b773 <unknown>\nE       #18 0x7f8de4e94ac3 <unknown>\n\n.venv/lib/python3.11/site-packages/selenium/webdriver/support/wait.py:95: TimeoutException","flaky":false,"newFailed":false,"newBroken":false,"newPassed":false,"retriesCount":0,"retriesStatusChange":false,"beforeStages":[{"name":"secret_data","time":{"start":1701133477365,"stop":1701133477365,"duration":0},"status":"passed","steps":[],"attachments":[],"parameters":[],"stepsCount":0,"attachmentsCount":0,"hasContent":false,"shouldDisplayMessage":false},{"name":"_verify_url","time":{"start":1701133477365,"stop":1701133477365,"duration":0},"status":"passed","steps":[],"attachments":[],"parameters":[],"stepsCount":0,"attachmentsCount":0,"hasContent":false,"shouldDisplayMessage":false},{"name":"base_url","time":{"start":1701133477365,"stop":1701133477365,"duration":0},"status":"passed","steps":[],"attachments":[],"parameters":[],"stepsCount":0,"attachmentsCount":0,"hasContent":false,"shouldDisplayMessage":false},{"name":"setup_method_fixture","time":{"start":1701133552753,"stop":1701133562932,"duration":10179},"status":"broken","statusMessage":"selenium.common.exceptions.TimeoutException: Message: \nStacktrace:\n#0 0x556ed887c5e3 <unknown>\n#1 0x556ed853f0b7 <unknown>\n#2 0x556ed858cf53 <unknown>\n#3 0x556ed858d051 <unknown>\n#4 0x556ed85d29c4 <unknown>\n#5 0x556ed85b3f1d <unknown>\n#6 0x556ed85cfb3d <unknown>\n#7 0x556ed85b3cc3 <unknown>\n#8 0x556ed857f0e4 <unknown>\n#9 0x556ed85800ae <unknown>\n#10 0x556ed8842ce1 <unknown>\n#11 0x556ed8846b7e <unknown>\n#12 0x556ed88304b5 <unknown>\n#13 0x556ed88477d6 <unknown>\n#14 0x556ed8813dbf <unknown>\n#15 0x556ed886a748 <unknown>\n#16 0x556ed886a917 <unknown>\n#17 0x556ed887b773 <unknown>\n#18 0x7f8de4e94ac3 <unknown>\n\n","statusTrace":"  File \"/home/runner/work/kisangateway-test/kisangateway-test/.venv/lib/python3.11/site-packages/pluggy/_callers.py\", line 80, in _multicall\n    res = hook_impl.function(*args)\n          ^^^^^^^^^^^^^^^^^^^^^^^^^\n  File \"/home/runner/work/kisangateway-test/kisangateway-test/.venv/lib/python3.11/site-packages/_pytest/fixtures.py\", line 1123, in pytest_fixture_setup\n    result = call_fixture_func(fixturefunc, request, kwargs)\n             ^^^^^^^^^^^^^^^^^^^^^^^^^^^^^^^^^^^^^^^^^^^^^^^\n  File \"/home/runner/work/kisangateway-test/kisangateway-test/.venv/lib/python3.11/site-packages/_pytest/fixtures.py\", line 902, in call_fixture_func\n    fixture_result = fixturefunc(**kwargs)\n                     ^^^^^^^^^^^^^^^^^^^^^\n  File \"/home/runner/work/kisangateway-test/kisangateway-test/tests/test_workspaces.py\", line 23, in setup_method_fixture\n    login(secret_data, self.about_page, self.login_page)\n  File \"/home/runner/work/kisangateway-test/kisangateway-test/tests/test_workspaces.py\", line 13, in login\n    about_page.click_login_link()\n  File \"/home/runner/work/kisangateway-test/kisangateway-test/.venv/lib/python3.11/site-packages/allure_commons/_allure.py\", line 192, in impl\n    return func(*a, **kw)\n           ^^^^^^^^^^^^^^\n  File \"/home/runner/work/kisangateway-test/kisangateway-test/pages/about_page.py\", line 20, in click_login_link\n    self.click(self.LOGIN_LINK)\n  File \"/home/runner/work/kisangateway-test/kisangateway-test/pages/base_page.py\", line 38, in click\n    el: WebElement = self.wait.until(\n                     ^^^^^^^^^^^^^^^^\n  File \"/home/runner/work/kisangateway-test/kisangateway-test/.venv/lib/python3.11/site-packages/selenium/webdriver/support/wait.py\", line 95, in until\n    raise TimeoutException(message, screen, stacktrace)\n","steps":[{"name":"Click Login link","time":{"start":1701133552753,"stop":1701133562932,"duration":10179},"status":"broken","statusMessage":"selenium.common.exceptions.TimeoutException: Message: \nStacktrace:\n#0 0x556ed887c5e3 <unknown>\n#1 0x556ed853f0b7 <unknown>\n#2 0x556ed858cf53 <unknown>\n#3 0x556ed858d051 <unknown>\n#4 0x556ed85d29c4 <unknown>\n#5 0x556ed85b3f1d <unknown>\n#6 0x556ed85cfb3d <unknown>\n#7 0x556ed85b3cc3 <unknown>\n#8 0x556ed857f0e4 <unknown>\n#9 0x556ed85800ae <unknown>\n#10 0x556ed8842ce1 <unknown>\n#11 0x556ed8846b7e <unknown>\n#12 0x556ed88304b5 <unknown>\n#13 0x556ed88477d6 <unknown>\n#14 0x556ed8813dbf <unknown>\n#15 0x556ed886a748 <unknown>\n#16 0x556ed886a917 <unknown>\n#17 0x556ed887b773 <unknown>\n#18 0x7f8de4e94ac3 <unknown>\n\n","statusTrace":"  File \"/home/runner/work/kisangateway-test/kisangateway-test/.venv/lib/python3.11/site-packages/allure_commons/_allure.py\", line 192, in impl\n    return func(*a, **kw)\n           ^^^^^^^^^^^^^^\n  File \"/home/runner/work/kisangateway-test/kisangateway-test/pages/about_page.py\", line 20, in click_login_link\n    self.click(self.LOGIN_LINK)\n  File \"/home/runner/work/kisangateway-test/kisangateway-test/pages/base_page.py\", line 38, in click\n    el: WebElement = self.wait.until(\n                     ^^^^^^^^^^^^^^^^\n  File \"/home/runner/work/kisangateway-test/kisangateway-test/.venv/lib/python3.11/site-packages/selenium/webdriver/support/wait.py\", line 95, in until\n    raise TimeoutException(message, screen, stacktrace)\n","steps":[],"attachments":[],"parameters":[],"stepsCount":0,"attachmentsCount":0,"hasContent":true,"shouldDisplayMessage":true}],"attachments":[],"parameters":[],"stepsCount":1,"attachmentsCount":0,"hasContent":true,"shouldDisplayMessage":false}],"testStage":{"description":"Delete an existing workspace","status":"broken","statusMessage":"selenium.common.exceptions.TimeoutException: Message: \nStacktrace:\n#0 0x556ed887c5e3 <unknown>\n#1 0x556ed853f0b7 <unknown>\n#2 0x556ed858cf53 <unknown>\n#3 0x556ed858d051 <unknown>\n#4 0x556ed85d29c4 <unknown>\n#5 0x556ed85b3f1d <unknown>\n#6 0x556ed85cfb3d <unknown>\n#7 0x556ed85b3cc3 <unknown>\n#8 0x556ed857f0e4 <unknown>\n#9 0x556ed85800ae <unknown>\n#10 0x556ed8842ce1 <unknown>\n#11 0x556ed8846b7e <unknown>\n#12 0x556ed88304b5 <unknown>\n#13 0x556ed88477d6 <unknown>\n#14 0x556ed8813dbf <unknown>\n#15 0x556ed886a748 <unknown>\n#16 0x556ed886a917 <unknown>\n#17 0x556ed887b773 <unknown>\n#18 0x7f8de4e94ac3 <unknown>","statusTrace":"self = <tests.test_workspaces.TestWorkspaces object at 0x7f50f52c3510>\nsecret_data = {'email': '', 'password': ''}\n\n    @pytest.fixture(autouse=True)\n    def setup_method_fixture(self, secret_data: dict):\n>       login(secret_data, self.about_page, self.login_page)\n\ntests/test_workspaces.py:23: \n_ _ _ _ _ _ _ _ _ _ _ _ _ _ _ _ _ _ _ _ _ _ _ _ _ _ _ _ _ _ _ _ _ _ _ _ _ _ _ _ \ntests/test_workspaces.py:13: in login\n    about_page.click_login_link()\npages/about_page.py:20: in click_login_link\n    self.click(self.LOGIN_LINK)\npages/base_page.py:38: in click\n    el: WebElement = self.wait.until(\n_ _ _ _ _ _ _ _ _ _ _ _ _ _ _ _ _ _ _ _ _ _ _ _ _ _ _ _ _ _ _ _ _ _ _ _ _ _ _ _ \n\nself = <selenium.webdriver.support.wait.WebDriverWait (session=\"4211ca7473038a2eed55d78220314386\")>\nmethod = <function element_to_be_clickable.<locals>._predicate at 0x7f50f4fd8540>\nmessage = ''\n\n    def until(self, method, message: str = \"\"):\n        \"\"\"Calls the method provided with the driver as an argument until the \\\n        return value does not evaluate to ``False``.\n    \n        :param method: callable(WebDriver)\n        :param message: optional message for :exc:`TimeoutException`\n        :returns: the result of the last call to `method`\n        :raises: :exc:`selenium.common.exceptions.TimeoutException` if timeout occurs\n        \"\"\"\n        screen = None\n        stacktrace = None\n    \n        end_time = time.monotonic() + self._timeout\n        while True:\n            try:\n                value = method(self._driver)\n                if value:\n                    return value\n            except self._ignored_exceptions as exc:\n                screen = getattr(exc, \"screen\", None)\n                stacktrace = getattr(exc, \"stacktrace\", None)\n            time.sleep(self._poll)\n            if time.monotonic() > end_time:\n                break\n>       raise TimeoutException(message, screen, stacktrace)\nE       selenium.common.exceptions.TimeoutException: Message: \nE       Stacktrace:\nE       #0 0x556ed887c5e3 <unknown>\nE       #1 0x556ed853f0b7 <unknown>\nE       #2 0x556ed858cf53 <unknown>\nE       #3 0x556ed858d051 <unknown>\nE       #4 0x556ed85d29c4 <unknown>\nE       #5 0x556ed85b3f1d <unknown>\nE       #6 0x556ed85cfb3d <unknown>\nE       #7 0x556ed85b3cc3 <unknown>\nE       #8 0x556ed857f0e4 <unknown>\nE       #9 0x556ed85800ae <unknown>\nE       #10 0x556ed8842ce1 <unknown>\nE       #11 0x556ed8846b7e <unknown>\nE       #12 0x556ed88304b5 <unknown>\nE       #13 0x556ed88477d6 <unknown>\nE       #14 0x556ed8813dbf <unknown>\nE       #15 0x556ed886a748 <unknown>\nE       #16 0x556ed886a917 <unknown>\nE       #17 0x556ed887b773 <unknown>\nE       #18 0x7f8de4e94ac3 <unknown>\n\n.venv/lib/python3.11/site-packages/selenium/webdriver/support/wait.py:95: TimeoutException","steps":[],"attachments":[{"uid":"b6a34b8880aa0765","name":"public ip address","source":"b6a34b8880aa0765.txt","type":"text/plain","size":13},{"uid":"d4d27fcca4843d4","name":"Cookies","source":"d4d27fcca4843d4.json","type":"application/json","size":2},{"uid":"94e3a22b182a1964","name":"Session Storage","source":"94e3a22b182a1964.json","type":"application/json","size":2},{"uid":"694749eb1debdc53","name":"Local Storage","source":"694749eb1debdc53.json","type":"application/json","size":2},{"uid":"297e53cb399341de","name":"Console Logs","source":"297e53cb399341de.json","type":"application/json","size":2},{"uid":"864bc65e735b301f","name":"Full Page Screenshot","source":"864bc65e735b301f.png","type":"image/png","size":2669391},{"uid":"5f733a054407cff8","name":"URL","source":"5f733a054407cff8.uri","type":"text/uri-list","size":25},{"uid":"82bb2c3b6518eb01","name":"Network Logs","source":"82bb2c3b6518eb01.json","type":"application/json","size":13977}],"parameters":[],"stepsCount":0,"attachmentsCount":8,"hasContent":true,"shouldDisplayMessage":true},"afterStages":[],"labels":[{"name":"severity","value":"normal"},{"name":"epic","value":"Workspaces"},{"name":"story","value":"WorkSpaces Creation and Editing Functionality"},{"name":"tag","value":"run(order=3)"},{"name":"parentSuite","value":"tests"},{"name":"suite","value":"test_workspaces"},{"name":"subSuite","value":"TestWorkspaces"},{"name":"host","value":"fv-az1435-663"},{"name":"thread","value":"2315-MainThread"},{"name":"framework","value":"pytest"},{"name":"language","value":"cpython3"},{"name":"package","value":"tests.test_workspaces"},{"name":"resultFormat","value":"allure2"}],"parameters":[],"links":[],"hidden":false,"retry":false,"extra":{"severity":"normal","retries":[],"categories":[{"name":"Test defects","matchedStatuses":[],"flaky":false}],"tags":["run(order=3)"]},"source":"19dae28bad9a5689.json","parameterValues":[]}